============================================================
   Tang Dynasty, V5.6.69102
      Copyright (c) 2012-2023 Anlogic Inc.
   Executable = C:/Anlogic/TD5.6.6910.2/bin/td.exe
   Built at =   20:14:16 Feb 16 2023
   Run by =     shaka
   Run Date =   Fri Mar 10 15:55:50 2023

   Run on =     BR007
============================================================
RUN-1002 : start command "open_project adc.prj"
RUN-1001 : Print Global Property
RUN-1001 : ---------------------------------------------------------------
RUN-1001 :        Parameters        |  Settings  |  Default Values  |  Note  
RUN-1001 : ---------------------------------------------------------------
RUN-1001 :          message         |  standard  |     standard     |        
RUN-1001 :   mixed_pack_place_flow  |     on     |        on        |        
RUN-1001 :        qor_monitor       |    off     |       off        |        
RUN-1001 :        syn_ip_flow       |    off     |       off        |        
RUN-1001 :          thread          |    auto    |       auto       |        
RUN-1001 : ---------------------------------------------------------------
RUN-1001 : Print Design Property
RUN-1001 : --------------------------------------------------------------
RUN-1001 :        Parameters       |  Settings  |  Default Values  |  Note  
RUN-1001 : --------------------------------------------------------------
RUN-1001 :   default_reg_initial   |    auto    |       auto       |        
RUN-1001 :        infer_add        |     on     |        on        |        
RUN-1001 :        infer_fsm        |    off     |       off        |        
RUN-1001 :        infer_mult       |     on     |        on        |        
RUN-1001 :        infer_ram        |     on     |        on        |        
RUN-1001 :        infer_reg        |     on     |        on        |        
RUN-1001 :   infer_reg_init_value  |     on     |        on        |        
RUN-1001 :        infer_rom        |     on     |        on        |        
RUN-1001 :      infer_shifter      |     on     |        on        |        
RUN-1001 : --------------------------------------------------------------
RUN-1001 : Print Rtl Property
RUN-1001 : --------------------------------------------------------------
RUN-1001 :        Parameters       |  Settings  |  Default Values  |  Note  
RUN-1001 : --------------------------------------------------------------
RUN-1001 :       compress_add      |   ripple   |      ripple      |        
RUN-1001 :        elf_sload        |    off     |       off        |        
RUN-1001 :       fix_undriven      |     0      |        0         |        
RUN-1001 :         flatten         |    off     |       off        |        
RUN-1001 :       gate_sharing      |     on     |        on        |        
RUN-1001 :    hdl_warning_level    |   normal   |      normal      |        
RUN-1001 :   impl_internal_tribuf  |     on     |        on        |        
RUN-1001 :      impl_set_reset     |     on     |        on        |        
RUN-1001 :        infer_gsr        |    off     |       off        |        
RUN-1001 :      keep_hierarchy     |    auto    |       auto       |        
RUN-1001 :        max_fanout       |    9999    |       9999       |        
RUN-1001 :      max_oh2bin_len     |     10     |        10        |        
RUN-1001 :       merge_equal       |     on     |        on        |        
RUN-1001 :       merge_equiv       |     on     |        on        |        
RUN-1001 :        merge_mux        |    off     |       off        |        
RUN-1001 :     min_control_set     |     8      |        8         |        
RUN-1001 :      min_ripple_len     |    auto    |       auto       |        
RUN-1001 :       oh2bin_ratio      |    0.08    |       0.08       |        
RUN-1001 :     opt_adder_fanout    |     on     |        on        |        
RUN-1001 :        opt_arith        |     on     |        on        |        
RUN-1001 :       opt_big_gate      |    off     |       off        |        
RUN-1001 :        opt_const        |     on     |        on        |        
RUN-1001 :      opt_const_mult     |     on     |        on        |        
RUN-1001 :       opt_lessthan      |     on     |        on        |        
RUN-1001 :         opt_mux         |    off     |       off        |        
RUN-1001 :         opt_ram         |    high    |       high       |        
RUN-1001 :      rtl_sim_model      |    off     |       off        |        
RUN-1001 :         seq_syn         |     on     |        on        |        
RUN-1001 : --------------------------------------------------------------
HDL-1007 : analyze verilog file ../../../Core/fifo.v
HDL-1007 : analyze verilog file ../../al_ip/pll.v
HDL-1007 : undeclared symbol 'open', assumed default net type 'wire' in ../../al_ip/pll.v(78)
HDL-1007 : analyze verilog file ../../../Src/top.v
HDL-1007 : undeclared symbol 'clk', assumed default net type 'wire' in ../../../Src/top.v(58)
HDL-1007 : undeclared symbol 'valid', assumed default net type 'wire' in ../../../Src/top.v(70)
HDL-1007 : undeclared symbol 'data_vld', assumed default net type 'wire' in ../../../Src/top.v(81)
HDL-1007 : undeclared symbol 'adc_en', assumed default net type 'wire' in ../../../Src/top.v(91)
HDL-1007 : undeclared symbol 'data_en', assumed default net type 'wire' in ../../../Src/top.v(98)
HDL-1007 : undeclared symbol 'fifo_working', assumed default net type 'wire' in ../../../Src/top.v(115)
HDL-1007 : undeclared symbol 'key', assumed default net type 'wire' in ../../../Src/top.v(125)
HDL-1007 : undeclared symbol 'condition', assumed default net type 'wire' in ../../../Src/top.v(129)
HDL-1007 : analyze verilog file ../../../Src/uart_rx.v
HDL-1007 : analyze verilog file ../../../Src/uart_tx.v
HDL-1007 : analyze verilog file ../../../Src/adc_ctrl.v
HDL-1007 : analyze verilog file ../../../Src/type_choice.v
HDL-1007 : analyze verilog file ../../../Src/fifo_ctrl.v
HDL-1007 : undeclared symbol 'empty_flag', assumed default net type 'wire' in ../../../Src/fifo_ctrl.v(177)
HDL-1007 : analyze verilog file ../../../Src/anjian.v
RUN-1001 : Project manager successfully analyzed 9 source files.
RUN-1002 : start command "import_device eagle_s20.db -package EG4S20NG88"
ARC-1001 : Device Initialization.
ARC-1001 : ---------------------------------------------------------------
ARC-1001 :            OPTION            |        IO         |   SETTING   
ARC-1001 : ---------------------------------------------------------------
ARC-1001 :   cso_b/cclk/mosi/miso/dout  |  P69/P82/P81/P80  |    gpio    
ARC-1001 :             done             |        P8         |    gpio    
ARC-1001 :           program_b          |        P67        |  dedicate  
ARC-1001 :        tdi/tms/tck/tdo       |  P25/P22/P26/P21  |  dedicate  
ARC-1001 : ---------------------------------------------------------------
ARC-1004 : Device setting, marked 5 dedicate IOs in total.
RUN-1002 : start command "import_db ../syn_1/adc_gate.db"
RUN-1001 : Importing database generated by Tang Dynasty, V5.6.69102.
RUN-1001 : Database version number 46146.
RUN-1001 : Import flow parameters
RUN-1001 : Import IO constraints
RUN-1001 : Import Inst constraints
RUN-1001 : Import design success TD_VERSION=5.6.69102 , DB_VERSION=46146
RUN-1002 : start command "place"
RUN-1001 : Open license file C:/Anlogic/TD5.6.6910.2/license/Anlogic.lic
RUN-1001 : Print Global Property
RUN-1001 : ---------------------------------------------------------------
RUN-1001 :        Parameters        |  Settings  |  Default Values  |  Note  
RUN-1001 : ---------------------------------------------------------------
RUN-1001 :          message         |  standard  |     standard     |        
RUN-1001 :   mixed_pack_place_flow  |     on     |        on        |        
RUN-1001 :        qor_monitor       |    off     |       off        |        
RUN-1001 :        syn_ip_flow       |    off     |       off        |        
RUN-1001 :          thread          |    auto    |       auto       |        
RUN-1001 : ---------------------------------------------------------------
RUN-1001 : Print Place Property
RUN-1001 : --------------------------------------------------------------
RUN-1001 :        Parameters       |  Settings  |  Default Values  |  Note  
RUN-1001 : --------------------------------------------------------------
RUN-1001 :      detailed_place     |     on     |        on        |        
RUN-1001 :          effort         |   medium   |      medium      |        
RUN-1001 :         fix_hold        |    off     |       off        |        
RUN-1001 :       legalization      |    ori     |       ori        |        
RUN-1001 :      new_spreading      |     on     |        on        |        
RUN-1001 :        opt_timing       |   medium   |      medium      |        
RUN-1001 :   post_clock_route_opt  |    off     |       off        |        
RUN-1001 :       pr_strategy       |     1      |        1         |        
RUN-1001 :        relaxation       |    1.00    |       1.00       |        
RUN-1001 :         retiming        |    off     |       off        |        
RUN-1001 : --------------------------------------------------------------
PHY-3001 : Placer runs in 16 thread(s).
RUN-1002 : start command "legalize_phy_inst"
SYN-1011 : Flatten model top
SYN-4036 : The kept net data_in[7]_dup_3 is useless
SYN-4036 : The kept net data_in[6]_dup_3 is useless
SYN-4036 : The kept net data_in[5]_dup_3 is useless
SYN-4036 : The kept net data_in[4]_dup_3 is useless
SYN-4036 : The kept net data_in[3]_dup_3 is useless
SYN-4036 : The kept net data_in[2]_dup_3 is useless
SYN-4036 : The kept net data_in[1]_dup_3 is useless
SYN-4036 : The kept net data_in[0]_dup_3 is useless
SYN-5055 WARNING: The kept net type/reset_n will be merged to another kept net type_reset_n
SYN-5055 WARNING: The kept net fifo_list/fifo_list/re will be merged to another kept net fifo_list/re
SYN-5055 WARNING: The kept net fifo_list/fifo_list/we will be merged to another kept net fifo_list/we
SYN-5055 WARNING: The kept net fifo_list/fifo_list/wr_addr_diff[13] will be merged to another kept net fifo_list/wrusedw[13]
SYN-5055 WARNING: The kept net fifo_list/fifo_list/wr_addr_diff[12] will be merged to another kept net fifo_list/wrusedw[12]
SYN-5055 WARNING: The kept net fifo_list/fifo_list/wr_addr_diff[11] will be merged to another kept net fifo_list/wrusedw[11]
SYN-5055 WARNING: The kept net fifo_list/fifo_list/wr_addr_diff[10] will be merged to another kept net fifo_list/wrusedw[10]
SYN-5055 WARNING: The kept net fifo_list/fifo_list/wr_addr_diff[9] will be merged to another kept net fifo_list/wrusedw[9]
SYN-5055 WARNING: The kept net fifo_list/fifo_list/wr_addr_diff[8] will be merged to another kept net fifo_list/wrusedw[8]
SYN-5055 WARNING: The kept net fifo_list/fifo_list/wr_addr_diff[7] will be merged to another kept net fifo_list/wrusedw[7]
SYN-5055 Similar messages will be suppressed.
RUN-1002 : start command "phys_opt -simplify_lut"
SYN-4016 : Net pll_list/clk0_out driven by BUFG (0 clock/control pins, 1 other pins).
SYN-4027 : Net fifo_list/fifo_list/ram_inst/clkb is clkc2 of pll pll_list/pll_inst.
SYN-4019 : Net clk_in_dup_3 is refclk of pll pll_list/pll_inst.
SYN-4020 : Net clk_in_dup_3 is fbclk of pll pll_list/pll_inst.
SYN-4024 : Net "adc/clk_adc" drives clk pins.
SYN-4025 : Tag rtl::Net adc/clk_adc as clock net
SYN-4025 : Tag rtl::Net clk_in_dup_3 as clock net
SYN-4025 : Tag rtl::Net fifo_list/fifo_list/ram_inst/clkb as clock net
SYN-4025 : Tag rtl::Net pll_list/clk0_out as clock net
SYN-4026 : Tagged 4 rtl::Net as clock net
SYN-4015 : Create BUFG instance for clk Net adc/clk_adc to drive 9 clock pins.
PHY-1001 : Populate physical database on model top.
RUN-1001 : There are total 602 instances
RUN-0007 : 278 luts, 218 seqs, 52 mslices, 26 lslices, 18 pads, 4 brams, 0 dsps
RUN-1001 : There are total 801 nets
RUN-6004 WARNING: There are 8 nets with only 1 pin.
RUN-1001 : 501 nets have 2 pins
RUN-1001 : 218 nets have [3 - 5] pins
RUN-1001 : 52 nets have [6 - 10] pins
RUN-1001 : 12 nets have [11 - 20] pins
RUN-1001 : 7 nets have [21 - 99] pins
RUN-1001 : 3 nets have 100+ pins
RUN-1001 : Report Control nets information:
RUN-1001 : DFF Distribution
RUN-1001 : ----------------------------------
RUN-1001 :   CE   |  SSR  |  ASR  |  DFF Count  
RUN-1001 : ----------------------------------
RUN-1001 :   No   |  No   |  No   |      6      
RUN-1001 :   No   |  No   |  Yes  |     159     
RUN-1001 :   No   |  Yes  |  No   |      0      
RUN-1001 :   Yes  |  No   |  No   |      0      
RUN-1001 :   Yes  |  No   |  Yes  |     53      
RUN-1001 :   Yes  |  Yes  |  No   |      0      
RUN-1001 : ----------------------------------
RUN-0007 : Control Group Statistic
RUN-0007 : ---------------------------
RUN-0007 :   #CLK  |  #CE  |  #SSR/ASR  
RUN-0007 : ---------------------------
RUN-0007 :    3    |   4   |     4      
RUN-0007 : ---------------------------
RUN-0007 : Control Set = 9
PHY-3001 : Initial placement ...
PHY-3001 : design contains 600 instances, 278 luts, 218 seqs, 78 slices, 11 macros(78 instances: 52 mslices 26 lslices)
PHY-0007 : Cell area utilization is 2%
PHY-3001 : Global placement ...
PHY-3001 : Initial: Len = 184051
PHY-3001 : Clustering ...
PHY-3001 : Level 0 #clusters 600.
PHY-3001 : End clustering;  0.000018s wall, 0.000000s user + 0.000000s system = 0.000000s CPU (n/a%)

PHY-3001 : Run with size of 4
PHY-3001 : Cell area utilization is 2%
PHY-3001 : :::0::: Try harder cell spreading with beta_ = 0
PHY-3002 : Step(1): len = 112901, overlap = 18
PHY-3002 : Step(2): len = 82388.8, overlap = 18
PHY-3002 : Step(3): len = 60727.9, overlap = 18
PHY-3002 : Step(4): len = 50360.8, overlap = 18
PHY-3002 : Step(5): len = 44050.7, overlap = 18
PHY-3002 : Step(6): len = 36924.1, overlap = 18
PHY-3002 : Step(7): len = 34888.2, overlap = 18
PHY-3002 : Step(8): len = 31046.2, overlap = 18
PHY-3002 : Step(9): len = 30320.8, overlap = 18
PHY-3002 : Step(10): len = 27457.4, overlap = 18
PHY-3002 : Step(11): len = 26273.4, overlap = 18
PHY-3002 : Step(12): len = 24516.5, overlap = 18
PHY-3002 : Step(13): len = 24517.7, overlap = 18
PHY-3002 : Step(14): len = 23851, overlap = 18
PHY-3001 : :::1::: Try harder cell spreading with beta_ = 8.78754e-06
PHY-3002 : Step(15): len = 24711.5, overlap = 18
PHY-3002 : Step(16): len = 24896.4, overlap = 18
PHY-3002 : Step(17): len = 25264.9, overlap = 18
PHY-3002 : Step(18): len = 24773.6, overlap = 18
PHY-3002 : Step(19): len = 23882.7, overlap = 18
PHY-3002 : Step(20): len = 23736.4, overlap = 18
PHY-3002 : Step(21): len = 24145.2, overlap = 18
PHY-3002 : Step(22): len = 24176.7, overlap = 18
PHY-3002 : Step(23): len = 23113.2, overlap = 18
PHY-3002 : Step(24): len = 22778.8, overlap = 18
PHY-3002 : Step(25): len = 22719.2, overlap = 18
PHY-3002 : Step(26): len = 22891.4, overlap = 18
PHY-3002 : Step(27): len = 23076.8, overlap = 18
PHY-3002 : Step(28): len = 23009.9, overlap = 18
PHY-3002 : Step(29): len = 21909.8, overlap = 18
PHY-3002 : Step(30): len = 21586.7, overlap = 19.25
PHY-3002 : Step(31): len = 22206.6, overlap = 19
PHY-3002 : Step(32): len = 21732.8, overlap = 18.75
PHY-3002 : Step(33): len = 21439.3, overlap = 19
PHY-3002 : Step(34): len = 20882.5, overlap = 19.5
PHY-3002 : Step(35): len = 20956, overlap = 19.75
PHY-3002 : Step(36): len = 20921.8, overlap = 19.5
PHY-3002 : Step(37): len = 20824.9, overlap = 19.5
PHY-3002 : Step(38): len = 20493.1, overlap = 19.5
PHY-3001 : :::2::: Try harder cell spreading with beta_ = 1.75751e-05
PHY-3002 : Step(39): len = 21820.7, overlap = 19.5
PHY-3002 : Step(40): len = 21981.5, overlap = 19.5
PHY-3002 : Step(41): len = 21988.9, overlap = 19.5
PHY-3001 : :::3::: Try harder cell spreading with beta_ = 3.51501e-05
PHY-3002 : Step(42): len = 22846.9, overlap = 19.75
PHY-3002 : Step(43): len = 22897.6, overlap = 19.75
PHY-3002 : Step(44): len = 23052.6, overlap = 19.75
PHY-3001 : Legalization ...
PHY-3001 : End legalization;  0.008972s wall, 0.000000s user + 0.000000s system = 0.000000s CPU (n/a%)

PHY-3001 : Run with size of 4
PHY-3001 : Cell area utilization is 2%
PHY-3001 : :::0::: Try harder cell spreading with beta_ = 0
PHY-3002 : Step(45): len = 38704, overlap = 2.15625
PHY-3002 : Step(46): len = 38819.1, overlap = 1.0625
PHY-3002 : Step(47): len = 36198, overlap = 1.125
PHY-3002 : Step(48): len = 36314.8, overlap = 1.25
PHY-3002 : Step(49): len = 34515.2, overlap = 2.75
PHY-3002 : Step(50): len = 34597.1, overlap = 1.25
PHY-3002 : Step(51): len = 33971.3, overlap = 0.875
PHY-3002 : Step(52): len = 33351.7, overlap = 1.03125
PHY-3002 : Step(53): len = 32838.3, overlap = 1.25
PHY-3002 : Step(54): len = 30879.8, overlap = 1
PHY-3002 : Step(55): len = 30302.9, overlap = 1.25
PHY-3002 : Step(56): len = 30099, overlap = 1.25
PHY-3002 : Step(57): len = 30205.2, overlap = 0.625
PHY-3002 : Step(58): len = 29259.6, overlap = 0.25
PHY-3002 : Step(59): len = 29066.3, overlap = 0
PHY-3002 : Step(60): len = 28838.2, overlap = 0.25
PHY-3002 : Step(61): len = 28306.2, overlap = 0.75
PHY-3002 : Step(62): len = 27884.3, overlap = 0
PHY-3002 : Step(63): len = 27794.4, overlap = 0
PHY-3002 : Step(64): len = 27733.1, overlap = 0
PHY-3002 : Step(65): len = 27538, overlap = 3
PHY-3002 : Step(66): len = 27347.4, overlap = 3.0625
PHY-3002 : Step(67): len = 27186.9, overlap = 4.3125
PHY-3002 : Step(68): len = 27183.1, overlap = 2.625
PHY-3002 : Step(69): len = 27249.7, overlap = 1.9375
PHY-3002 : Step(70): len = 26716.2, overlap = 1.5625
PHY-3002 : Step(71): len = 26861.1, overlap = 2.5625
PHY-3002 : Step(72): len = 26884.4, overlap = 1.75
PHY-3002 : Step(73): len = 26193.4, overlap = 2
PHY-3002 : Step(74): len = 26108.5, overlap = 2.5
PHY-3002 : Step(75): len = 25822, overlap = 2.75
PHY-3002 : Step(76): len = 25900.7, overlap = 2.9375
PHY-3002 : Step(77): len = 25548.2, overlap = 2.75
PHY-3002 : Step(78): len = 25245.9, overlap = 2.625
PHY-3002 : Step(79): len = 25357.6, overlap = 2.4375
PHY-3002 : Step(80): len = 25426.1, overlap = 2.4375
PHY-3002 : Step(81): len = 25279.5, overlap = 2.0625
PHY-3002 : Step(82): len = 25357.1, overlap = 1.25
PHY-3002 : Step(83): len = 25184.7, overlap = 1.5
PHY-3002 : Step(84): len = 25124.6, overlap = 1.25
PHY-3002 : Step(85): len = 25422.5, overlap = 0.5
PHY-3002 : Step(86): len = 25237.9, overlap = 0.25
PHY-3002 : Step(87): len = 24924, overlap = 0.3125
PHY-3002 : Step(88): len = 25097.4, overlap = 0.25
PHY-3002 : Step(89): len = 24846.6, overlap = 0.5
PHY-3002 : Step(90): len = 24849.2, overlap = 1
PHY-3002 : Step(91): len = 24464.7, overlap = 1
PHY-3002 : Step(92): len = 24614.6, overlap = 1
PHY-3002 : Step(93): len = 24715.2, overlap = 1
PHY-3002 : Step(94): len = 24672, overlap = 2.25
PHY-3002 : Step(95): len = 24558.8, overlap = 2
PHY-3002 : Step(96): len = 24456.1, overlap = 1.75
PHY-3002 : Step(97): len = 24376.3, overlap = 1.25
PHY-3002 : Step(98): len = 24404.1, overlap = 3.375
PHY-3002 : Step(99): len = 24316.1, overlap = 3.25
PHY-3002 : Step(100): len = 24000.8, overlap = 3.0625
PHY-3002 : Step(101): len = 24031, overlap = 3.1875
PHY-3002 : Step(102): len = 23789.4, overlap = 3
PHY-3002 : Step(103): len = 23849.9, overlap = 3.0625
PHY-3002 : Step(104): len = 23563.5, overlap = 5.25
PHY-3002 : Step(105): len = 23565.5, overlap = 5.84375
PHY-3002 : Step(106): len = 23586.3, overlap = 7
PHY-3002 : Step(107): len = 23510.1, overlap = 8.1875
PHY-3002 : Step(108): len = 23471.4, overlap = 8.84375
PHY-3002 : Step(109): len = 23392.7, overlap = 9.5
PHY-3002 : Step(110): len = 23372, overlap = 11.0938
PHY-3002 : Step(111): len = 23156.2, overlap = 11.2188
PHY-3002 : Step(112): len = 23192.7, overlap = 11.0938
PHY-3002 : Step(113): len = 23227.7, overlap = 11.2188
PHY-3002 : Step(114): len = 23236.7, overlap = 12.0312
PHY-3002 : Step(115): len = 23133.2, overlap = 11.625
PHY-3002 : Step(116): len = 23169, overlap = 11.6875
PHY-3002 : Step(117): len = 23169.5, overlap = 11.375
PHY-3001 : Run with size of 2
PHY-3001 : Cell area utilization is 2%
PHY-3001 : :::0::: Try harder cell spreading with beta_ = 5.85408e-05
PHY-3002 : Step(118): len = 23420.2, overlap = 18.0625
PHY-3002 : Step(119): len = 23466.7, overlap = 18.125
PHY-3002 : Step(120): len = 23596.1, overlap = 18.2812
PHY-3001 : :::1::: Try harder cell spreading with beta_ = 0.000117082
PHY-3002 : Step(121): len = 23374.8, overlap = 16.25
PHY-3002 : Step(122): len = 23393.6, overlap = 15.4688
PHY-3002 : Step(123): len = 23393.6, overlap = 15.4688
PHY-3001 : :::2::: Try harder cell spreading with beta_ = 0.000234163
PHY-3002 : Step(124): len = 23608.1, overlap = 16.3438
PHY-3002 : Step(125): len = 23661.8, overlap = 16.625
PHY-3002 : Step(126): len = 23753.3, overlap = 15.6875
OPT-1001 : Start physical optimization ...
OPT-1001 : Total overflow 34.75 peak overflow 2.72
OPT-1001 : Start high-fanout net optimization ...
OPT-1001 : Update timing in global mode
PHY-1001 : Start incremental global routing, caller is place ...
RUN-1001 : Generating global routing grids ...
RUN-1001 : Building simple global routing graph ...
PHY-1001 : Generate routing nets ...
PHY-1001 : Reuse net number 0/801.
PHY-1001 : Global iterations in 16 thread ...
PHY-1002 : len = 26888, over cnt = 55(0%), over = 173, worst = 9
PHY-1001 : End global iterations;  0.048870s wall, 0.000000s user + 0.000000s system = 0.000000s CPU (n/a%)

PHY-1001 : Congestion index: top1 = 22.84, top5 = 10.66, top10 = 6.23, top15 = 4.38.
PHY-1001 : End incremental global routing;  0.108402s wall, 0.000000s user + 0.000000s system = 0.000000s CPU (n/a%)

RUN-1002 : start command "start_timer -report"
TMR-5001 WARNING: No sdc constraints found while initiating timer.
TMR-2505 : Start building timing graph for model top.
TMR-2506 : Build timing graph completely. Port num: 11, tpin num: 2907, tnet num: 799, tinst num: 600, tnode num: 3752, tedge num: 4749.
TMR-2508 : Levelizing timing graph completed, there are 27 levels in total.
TMR-2501 : Timing graph initialized successfully.
OPT-1001 : End timing update;  0.176300s wall, 0.109375s user + 0.000000s system = 0.109375s CPU (62.0%)

OPT-1001 : 0 high-fanout net processed.
OPT-1001 : End high-fanout net optimization;  0.295471s wall, 0.125000s user + 0.000000s system = 0.125000s CPU (42.3%)

OPT-1001 : Current memory(MB): used = 180, reserve = 150, peak = 180.
OPT-1001 : End physical optimization;  0.304648s wall, 0.125000s user + 0.000000s system = 0.125000s CPU (41.0%)

PHY-3001 : Start packing ...
SYN-4007 : Packing 0 MUX to BLE ...
SYN-4008 : Packed 0 MUX and 0 SEQ to BLE.
SYN-4007 : Packing 278 LUT to BLE ...
SYN-4008 : Packed 278 LUT and 159 SEQ to BLE.
SYN-4003 : Packing 59 remaining SEQ's ...
SYN-4005 : Packed 35 SEQ with LUT/SLICE
SYN-4006 : 89 single LUT's are left
SYN-4006 : 24 single SEQ's are left
SYN-4011 : Packing model "top" (AL_USER_NORMAL) with 302/550 primitive instances ...
PHY-3001 : End packing;  0.021956s wall, 0.031250s user + 0.000000s system = 0.031250s CPU (142.3%)

PHY-1001 : Populate physical database on model top.
RUN-1001 : There are total 277 instances
RUN-1001 : 124 mslices, 125 lslices, 18 pads, 4 brams, 0 dsps
RUN-1001 : There are total 646 nets
RUN-6004 WARNING: There are 8 nets with only 1 pin.
RUN-1001 : 338 nets have 2 pins
RUN-1001 : 224 nets have [3 - 5] pins
RUN-1001 : 54 nets have [6 - 10] pins
RUN-1001 : 14 nets have [11 - 20] pins
RUN-1001 : 6 nets have [21 - 99] pins
RUN-1001 : 2 nets have 100+ pins
PHY-3001 : design contains 275 instances, 249 slices, 11 macros(78 instances: 52 mslices 26 lslices)
PHY-3001 : Cell area utilization is 3%
PHY-3001 : After packing: Len = 23605, Over = 19.75
PHY-3001 : Run with size of 2
PHY-3001 : Cell area utilization is 3%
PHY-3001 : :::0::: Try harder cell spreading with beta_ = 1.96276e-05
PHY-3002 : Step(127): len = 23385.1, overlap = 22.25
PHY-3002 : Step(128): len = 23458.5, overlap = 21.5
PHY-3002 : Step(129): len = 23507.9, overlap = 20.5
PHY-3001 : :::1::: Try harder cell spreading with beta_ = 3.92551e-05
PHY-3002 : Step(130): len = 23388.8, overlap = 20
PHY-3002 : Step(131): len = 23388.8, overlap = 20
PHY-3002 : Step(132): len = 23385.6, overlap = 20.5
PHY-3001 : :::2::: Try harder cell spreading with beta_ = 7.85103e-05
PHY-3002 : Step(133): len = 23614.9, overlap = 19.75
PHY-3002 : Step(134): len = 23614.9, overlap = 19.75
PHY-3001 : Legalization ...
PHY-3001 : End legalization;  0.104333s wall, 0.000000s user + 0.031250s system = 0.031250s CPU (30.0%)

PHY-3001 : Trial Legalized: Len = 30037
PHY-3001 : Run with size of 2
PHY-3001 : Cell area utilization is 3%
PHY-3001 : :::0::: Try harder cell spreading with beta_ = 0
PHY-3002 : Step(135): len = 26153.1, overlap = 5.75
PHY-3002 : Step(136): len = 24780.9, overlap = 6.5
PHY-3002 : Step(137): len = 24100.4, overlap = 7.75
PHY-3002 : Step(138): len = 23934.4, overlap = 8.75
PHY-3002 : Step(139): len = 23880.6, overlap = 9
PHY-3001 : :::1::: Try harder cell spreading with beta_ = 7.76563e-05
PHY-3002 : Step(140): len = 23754.6, overlap = 8
PHY-3002 : Step(141): len = 23826.1, overlap = 7.5
PHY-3002 : Step(142): len = 23875.3, overlap = 7.5
PHY-3001 : :::2::: Try harder cell spreading with beta_ = 0.000155313
PHY-3002 : Step(143): len = 23845.8, overlap = 8
PHY-3002 : Step(144): len = 23845.8, overlap = 8
PHY-3001 : Legalization ...
PHY-3001 : End legalization;  0.004827s wall, 0.000000s user + 0.000000s system = 0.000000s CPU (n/a%)

PHY-3001 : Legalized: Len = 26708.7, Over = 0
PHY-3001 : Spreading special nets. 2 overflows in 2952 tiles.
PHY-3001 : End spreading;  0.003639s wall, 0.000000s user + 0.000000s system = 0.000000s CPU (n/a%)

PHY-3001 : 3 instances has been re-located, deltaX = 0, deltaY = 3, maxDist = 1.
PHY-3001 : Final: Len = 26750.7, Over = 0
OPT-1001 : Start physical optimization ...
OPT-1001 : Total overflow 0.00 peak overflow 0.00
OPT-1001 : Start high-fanout net optimization ...
OPT-1001 : Update timing in global mode
PHY-1001 : Start incremental global routing, caller is place ...
RUN-1001 : Generating global routing grids ...
PHY-1001 : Generate routing nets ...
PHY-1001 : Reuse net number 45/646.
PHY-1001 : Global iterations in 16 thread ...
PHY-1002 : len = 31272, over cnt = 49(0%), over = 73, worst = 4
PHY-1002 : len = 31632, over cnt = 20(0%), over = 24, worst = 3
PHY-1002 : len = 31928, over cnt = 3(0%), over = 3, worst = 1
PHY-1002 : len = 31976, over cnt = 0(0%), over = 0, worst = 0
PHY-1001 : End global iterations;  0.097926s wall, 0.015625s user + 0.000000s system = 0.015625s CPU (16.0%)

PHY-1001 : Congestion index: top1 = 21.64, top5 = 12.69, top10 = 7.87, top15 = 5.64.
PHY-1001 : End incremental global routing;  0.156273s wall, 0.031250s user + 0.000000s system = 0.031250s CPU (20.0%)

RUN-1002 : start command "start_timer -report"
TMR-5001 WARNING: No sdc constraints found while initiating timer.
TMR-2505 : Start building timing graph for model top.
TMR-2506 : Build timing graph completely. Port num: 11, tpin num: 2443, tnet num: 644, tinst num: 275, tnode num: 3106, tedge num: 4227.
TMR-2508 : Levelizing timing graph completed, there are 27 levels in total.
TMR-2501 : Timing graph initialized successfully.
OPT-1001 : End timing update;  0.152552s wall, 0.140625s user + 0.000000s system = 0.140625s CPU (92.2%)

OPT-1001 : 0 high-fanout net processed.
OPT-1001 : End high-fanout net optimization;  0.318649s wall, 0.187500s user + 0.000000s system = 0.187500s CPU (58.8%)

OPT-1001 : Current memory(MB): used = 182, reserve = 152, peak = 182.
OPT-1001 : Update timing in Manhattan mode
OPT-1001 : End timing update;  0.000789s wall, 0.000000s user + 0.000000s system = 0.000000s CPU (n/a%)

OPT-1001 : Start pin optimization...
OPT-1001 : skip pin optimization...
RUN-1001 : Generating global routing grids ...
PHY-1001 : Generate routing nets ...
PHY-1001 : Reuse net number 514/646.
PHY-1001 : Global iterations in 16 thread ...
PHY-1002 : len = 31976, over cnt = 0(0%), over = 0, worst = 0
PHY-1001 : End global iterations;  0.005483s wall, 0.015625s user + 0.000000s system = 0.015625s CPU (285.0%)

PHY-1001 : Congestion index: top1 = 21.64, top5 = 12.69, top10 = 7.87, top15 = 5.64.
OPT-1001 : Update timing in Manhattan mode
OPT-1001 : End timing update;  0.001004s wall, 0.000000s user + 0.000000s system = 0.000000s CPU (n/a%)

RUN-1001 : QoR Analysis:
OPT-0007 :   WNS 2147483647 TNS 0 NUM_FEPS 0
RUN-1001 :   No local congestion issue, and most congested 1% tile average routing util is 21.206897
RUN-1001 :   Top critical paths
OPT-1001 : End physical optimization;  0.386389s wall, 0.250000s user + 0.000000s system = 0.250000s CPU (64.7%)

RUN-1003 : finish command "place" in  5.287751s wall, 0.765625s user + 0.500000s system = 1.265625s CPU (23.9%)

RUN-1004 : used memory is 166 MB, reserved memory is 137 MB, peak memory is 183 MB
RUN-1002 : start command "export_db adc_place.db"
RUN-1001 : Exported /
RUN-1001 : Exported flow parameters
RUN-1001 : Exported libs
RUN-1001 : Exported entities
RUN-1001 : Exported ports
RUN-1001 : Exported pins
RUN-1001 : Exported instances
RUN-1001 : Exported nets
RUN-1001 : Exported buses
RUN-1001 : Exported models
RUN-1001 : Exported congestions
RUN-1001 : Exported violations
RUN-1001 : Exported IO constraints
RUN-1001 : Exported Inst constraints
RUN-1002 : start command "route"
RUN-1001 : Open license file C:/Anlogic/TD5.6.6910.2/license/Anlogic.lic
RUN-1001 : Print Global Property
RUN-1001 : ---------------------------------------------------------------
RUN-1001 :        Parameters        |  Settings  |  Default Values  |  Note  
RUN-1001 : ---------------------------------------------------------------
RUN-1001 :          message         |  standard  |     standard     |        
RUN-1001 :   mixed_pack_place_flow  |     on     |        on        |        
RUN-1001 :        qor_monitor       |    off     |       off        |        
RUN-1001 :        syn_ip_flow       |    off     |       off        |        
RUN-1001 :          thread          |    auto    |       auto       |        
RUN-1001 : ---------------------------------------------------------------
RUN-1001 : Print Route Property
RUN-1001 : -------------------------------------------------------
RUN-1001 :    Parameters    |  Settings  |  Default Values  |  Note  
RUN-1001 : -------------------------------------------------------
RUN-1001 :      effort      |   medium   |      medium      |        
RUN-1001 :     fix_hold     |    off     |       off        |        
RUN-1001 :    opt_timing    |   medium   |      medium      |        
RUN-1001 :   phy_sim_model  |    off     |       off        |        
RUN-1001 :     priority     |   timing   |      timing      |        
RUN-1001 :     swap_pin     |     on     |        on        |        
RUN-1001 : -------------------------------------------------------
PHY-1001 : Route runs in 16 thread(s)
RUN-1001 : There are total 277 instances
RUN-1001 : 124 mslices, 125 lslices, 18 pads, 4 brams, 0 dsps
RUN-1001 : There are total 646 nets
RUN-6004 WARNING: There are 8 nets with only 1 pin.
RUN-1001 : 338 nets have 2 pins
RUN-1001 : 224 nets have [3 - 5] pins
RUN-1001 : 54 nets have [6 - 10] pins
RUN-1001 : 14 nets have [11 - 20] pins
RUN-1001 : 6 nets have [21 - 99] pins
RUN-1001 : 2 nets have 100+ pins
RUN-1002 : start command "start_timer -report"
TMR-5001 WARNING: No sdc constraints found while initiating timer.
TMR-2505 : Start building timing graph for model top.
TMR-2506 : Build timing graph completely. Port num: 11, tpin num: 2443, tnet num: 644, tinst num: 275, tnode num: 3106, tedge num: 4227.
TMR-2508 : Levelizing timing graph completed, there are 27 levels in total.
TMR-2501 : Timing graph initialized successfully.
PHY-1001 : 124 mslices, 125 lslices, 18 pads, 4 brams, 0 dsps
TMR-2503 : Start to update net delay, extr mode = 3.
TMR-2504 : Update delay of 644 nets completely.
TMR-2502 : Annotate delay completely, extr mode = 3.
TMR-3002 : No user constraint, initiate default constraint.
TMR-1501 : Assign derive clock DeriveClock to 346 clock pins, and constraint 663 relative nodes.
TMR-3003 : Constraints initiated successfully.
TMR-3501 : Forward propagation: start to calculate arrival time...
TMR-3502 : Backward propagation: start to calculate required time...
TMR-3503 : Timing propagation completes.
PHY-1001 : Start global routing, caller is route ...
RUN-1001 : Generating global routing grids ...
PHY-1001 : Generate routing nets ...
PHY-1001 : Global iterations in 16 thread ...
PHY-1002 : len = 31032, over cnt = 51(0%), over = 69, worst = 4
PHY-1002 : len = 31400, over cnt = 20(0%), over = 24, worst = 3
PHY-1002 : len = 31632, over cnt = 4(0%), over = 4, worst = 1
PHY-1002 : len = 31696, over cnt = 0(0%), over = 0, worst = 0
PHY-1001 : End global iterations;  0.103756s wall, 0.015625s user + 0.015625s system = 0.031250s CPU (30.1%)

PHY-1001 : Congestion index: top1 = 21.47, top5 = 12.65, top10 = 7.79, top15 = 5.52.
PHY-1001 : End global routing;  0.160109s wall, 0.031250s user + 0.031250s system = 0.062500s CPU (39.0%)

PHY-1001 : Start detail routing ...
PHY-1001 : Current memory(MB): used = 206, reserve = 177, peak = 221.
PHY-1001 : Detailed router is running in normal mode.
PHY-1001 : Generate detailed routing grids ...
PHY-1001 : Generate nets ...
PHY-1001 : net clk_in_dup_3 will be routed on clock mesh
PHY-5010 WARNING: Net data_in[7]_dup_3 is skipped due to 0 input or output
PHY-5010 WARNING: Net data_in[6]_dup_3 is skipped due to 0 input or output
PHY-5010 WARNING: Net data_in[5]_dup_3 is skipped due to 0 input or output
PHY-5010 WARNING: Net data_in[4]_dup_3 is skipped due to 0 input or output
PHY-5010 WARNING: Net data_in[3]_dup_3 is skipped due to 0 input or output
PHY-5010 WARNING: Net data_in[2]_dup_3 is skipped due to 0 input or output
PHY-5010 WARNING: Net data_in[1]_dup_3 is skipped due to 0 input or output
PHY-5010 WARNING: Net data_in[0]_dup_3 is skipped due to 0 input or output
PHY-1001 : clock net adc/clk_adc_syn_4 will be merged with clock adc/clk_adc
PHY-1001 : net fifo_list/fifo_list/ram_inst/clkb will be routed on clock mesh
PHY-1001 : clock net pll_list/clk0_out will be merged with clock pll_list/clk0_buf
PHY-5010 WARNING: Net data_in[7]_dup_3 is skipped due to 0 input or output
PHY-5010 WARNING: Net data_in[6]_dup_3 is skipped due to 0 input or output
PHY-5010 Similar messages will be suppressed.
PHY-1001 : Current memory(MB): used = 474, reserve = 449, peak = 474.
PHY-1001 : End build detailed router design. 3.998788s wall, 3.343750s user + 0.031250s system = 3.375000s CPU (84.4%)

PHY-1001 : Detail Route ...
PHY-1001 : ===== Detail Route Phase 1 =====
PHY-1001 : Clock net routing.....
PHY-1001 : Routed 0% nets.
PHY-1022 : len = 14592, over cnt = 0(0%), over = 0, worst = 0, crit = 0
PHY-1001 : End initial clock net routed; 1.048907s wall, 0.875000s user + 0.062500s system = 0.937500s CPU (89.4%)

PHY-1001 : Current memory(MB): used = 506, reserve = 482, peak = 506.
PHY-1001 : End phase 1; 1.061288s wall, 0.875000s user + 0.062500s system = 0.937500s CPU (88.3%)

PHY-1001 : ===== Detail Route Phase 2 =====
PHY-1001 : Initial routing.....
PHY-1001 : Routed 33% nets.
PHY-1001 : Routed 41% nets.
PHY-1001 : Routed 50% nets.
PHY-1001 : Routed 64% nets.
PHY-1001 : Routed 84% nets.
PHY-1022 : len = 92552, over cnt = 15(0%), over = 15, worst = 1, crit = 0
PHY-1001 : Current memory(MB): used = 507, reserve = 482, peak = 507.
PHY-1001 : End initial routed; 3.594324s wall, 2.312500s user + 0.031250s system = 2.343750s CPU (65.2%)

PHY-1001 : Current memory(MB): used = 507, reserve = 482, peak = 507.
PHY-1001 : End phase 2; 3.594397s wall, 2.312500s user + 0.031250s system = 2.343750s CPU (65.2%)

PHY-1001 : ===== Detail Route Phase 3 =====
PHY-1001 : Ripup-reroute.....
PHY-1001 : ===== DR Iter 1 =====
PHY-1022 : len = 92496, over cnt = 4(0%), over = 4, worst = 1, crit = 0
PHY-1001 : End DR Iter 1; 0.031027s wall, 0.015625s user + 0.000000s system = 0.015625s CPU (50.4%)

PHY-1001 : ===== DR Iter 2 =====
PHY-1022 : len = 92544, over cnt = 0(0%), over = 0, worst = 0, crit = 0
PHY-1001 : End DR Iter 2; 0.022732s wall, 0.000000s user + 0.000000s system = 0.000000s CPU (n/a%)

PHY-1001 : Commit to database.....
PHY-1001 : 2 feed throughs used by 2 nets
PHY-1001 : End commit to database; 0.085227s wall, 0.046875s user + 0.000000s system = 0.046875s CPU (55.0%)

PHY-1001 : Current memory(MB): used = 518, reserve = 493, peak = 518.
PHY-1001 : End phase 3; 0.260491s wall, 0.125000s user + 0.000000s system = 0.125000s CPU (48.0%)

PHY-1003 : Routed, final wirelength = 92544
PHY-1001 : Current memory(MB): used = 518, reserve = 493, peak = 518.
PHY-1001 : End export database. 0.012735s wall, 0.000000s user + 0.000000s system = 0.000000s CPU (n/a%)

PHY-1001 : End detail routing;  9.183290s wall, 6.890625s user + 0.140625s system = 7.031250s CPU (76.6%)

RUN-1003 : finish command "route" in  9.587715s wall, 7.093750s user + 0.171875s system = 7.265625s CPU (75.8%)

RUN-1004 : used memory is 458 MB, reserved memory is 433 MB, peak memory is 518 MB
RUN-1002 : start command "report_area -io_info -file adc_phy.area"
RUN-1001 : standard
***Report Model: top Device: EG4S20NG88***

IO Statistics
#IO                        18
  #input                   13
  #output                   5
  #inout                    0

Utilization Statistics
#lut                      442   out of  19600    2.26%
#reg                      237   out of  19600    1.21%
#le                       466
  #lut only               229   out of    466   49.14%
  #reg only                24   out of    466    5.15%
  #lut&reg                213   out of    466   45.71%
#dsp                        0   out of     29    0.00%
#bram                       0   out of     64    0.00%
  #bram9k                   0
  #fifo9k                   0
#bram32k                    4   out of     16   25.00%
#pad                       18   out of     66   27.27%
  #ireg                    10
  #oreg                     5
  #treg                     0
#pll                        1   out of      4   25.00%
#gclk                       2   out of     16   12.50%

Clock Resource Statistics
Index     ClockNet                             Type               DriverType         Driver                      Fanout
#1        fifo_list/fifo_list/ram_inst/clkb    GCLK               pll                pll_list/pll_inst.clkc2     149
#2        clk_in_dup_3                         GCLK               io                 clk_in_syn_4.di             17
#3        adc/clk_adc                          GCLK               lslice             adc/clk_adc_reg_syn_5.q1    8
#4        pll_list/clk0_buf                    GCLK               pll                pll_list/pll_inst.clkc0     0


Detailed IO Report

     Name       Direction    Location    IOStandard    DriveStrength    PullType    PackReg  
    clk_in        INPUT        P34        LVCMOS25          N/A          PULLUP      NONE    
  data_in[7]      INPUT         P2        LVCMOS25          N/A          PULLUP      IREG    
  data_in[6]      INPUT         P3        LVCMOS25          N/A          PULLUP      IREG    
  data_in[5]      INPUT         P4        LVCMOS25          N/A          PULLUP      IREG    
  data_in[4]      INPUT         P5        LVCMOS25          N/A          PULLUP      IREG    
  data_in[3]      INPUT        P10        LVCMOS25          N/A          PULLUP      IREG    
  data_in[2]      INPUT        P11        LVCMOS25          N/A          PULLUP      IREG    
  data_in[1]      INPUT        P12        LVCMOS25          N/A          PULLUP      IREG    
  data_in[0]      INPUT        P13        LVCMOS25          N/A          PULLUP      IREG    
     eoc          INPUT        P60        LVCMOS25          N/A          PULLUP      NONE    
    key_in        INPUT        P50        LVCMOS25          N/A          PULLUP      IREG    
   reset_n        INPUT        P19        LVCMOS25          N/A           N/A        NONE    
   uart_rxd       INPUT        P54        LVCMOS25          N/A          PULLUP      IREG    
   adc_clk       OUTPUT        P57        LVCMOS25           8            NONE       OREG    
     ale         OUTPUT        P23        LVCMOS25           8            N/A        OREG    
      oe         OUTPUT        P86        LVCMOS25           8            NONE       OREG    
    start        OUTPUT        P59        LVCMOS25           8            NONE       OREG    
   uart_txd      OUTPUT        P52        LVCMOS25           8            NONE       OREG    

Report Hierarchy Area:
+------------------------------------------------------------------------------------+
|Instance       |Module         |le     |lut     |ripple  |seq     |bram    |dsp     |
+------------------------------------------------------------------------------------+
|top            |top            |466    |364     |78      |252     |4       |0       |
|  adc          |adc_ctrl       |36     |30      |6       |19      |0       |0       |
|  anjian_list  |anjian         |42     |34      |6       |23      |0       |0       |
|  fifo_list    |fifo_ctrl      |145    |88      |44      |62      |4       |0       |
|    fifo_list  |fifo           |111    |62      |36      |47      |4       |0       |
|      ram_inst |ram_infer_fifo |0      |0       |0       |0       |4       |0       |
|  pll_list     |pll            |0      |0       |0       |0       |0       |0       |
|  rx           |uart_rx        |56     |50      |6       |34      |0       |0       |
|  tx           |uart_tx        |72     |55      |8       |35      |0       |0       |
|  type         |type_choice    |114    |106     |8       |63      |0       |0       |
+------------------------------------------------------------------------------------+


DataNet Average Fanout:

   Index     Fanout    Nets  
    #1         1       319   
    #2         2       167   
    #3         3        30   
    #4         4        27   
    #5        5-10      57   
    #6       11-50      13   
    #7       51-100     1    
  Average     2.58           

RUN-1002 : start command "export_db adc_pr.db"
RUN-1001 : Exported /
RUN-1001 : Exported flow parameters
RUN-1001 : Exported libs
RUN-1001 : Exported entities
RUN-1001 : Exported ports
RUN-1001 : Exported pins
RUN-1001 : Exported instances
RUN-1001 : Exported nets
RUN-1001 : Exported buses
RUN-1001 : Exported models
RUN-1001 : Exported congestions
RUN-1001 : Exported violations
RUN-1001 : Exported IO constraints
RUN-1001 : Exported Inst constraints
RUN-1002 : start command "export_bid adc_inst.bid"
PRG-1000 : <!-- HMAC is: 4e18a74e95229f4ace2f7cb8045a3d17dbd7d10503a66d0d331cc44b1fef5f8e -->
RUN-1002 : start command "bitgen -bit adc.bit"
BIT-1003 : Start to generate bitstream. 
BIT-1002 : Init instances with 16 threads.
BIT-1002 : Init instances completely, inst num: 275
BIT-1002 : Init pips with 16 threads.
BIT-1002 : Init pips completely, net num: 646, pip num: 5843
BIT-1002 : Init feedthrough completely, num: 2
BIT-1003 : Multithreading accelaration with 16 threads.
BIT-1003 : Generate bitstream completely, there are 968 valid insts, and 16369 bits set as '1'.
BIT-1004 : the usercode register value: 00000000111111100000000000000000
BIT-1004 : PLL setting string = 0001
BIT-1004 : Generate bits file adc.bit.
RUN-1003 : finish command "bitgen -bit adc.bit" in  2.383190s wall, 7.875000s user + 0.171875s system = 8.046875s CPU (337.7%)

RUN-1004 : used memory is 473 MB, reserved memory is 447 MB, peak memory is 657 MB
RUN-1002 : start command "backup_run_log run.log ../.logs/phy_1/td_20230310_155550.log"
