============================================================
   Tang Dynasty, V5.6.56362
   Copyright (c) 2012-2022 Anlogic
   Executable = C:/Anlogic/TD5.6.56362/bin/td.exe
   Built at =   19:51:00 Jul 25 2022
   Run by =     shaka
   Run Date =   Sun Mar  5 13:01:29 2023

   Run on =     BR007
============================================================
RUN-1002 : start command "open_project adc.prj"
RUN-1001 : Print Global Property
RUN-1001 : ---------------------------------------------------------------
RUN-1001 :        Parameters        |  Settings  |  Default Values  |  Note  
RUN-1001 : ---------------------------------------------------------------
RUN-1001 :          message         |  standard  |     standard     |        
RUN-1001 :   mixed_pack_place_flow  |     on     |        on        |        
RUN-1001 :        syn_ip_flow       |    off     |       off        |        
RUN-1001 :          thread          |    auto    |       auto       |        
RUN-1001 : ---------------------------------------------------------------
RUN-1001 : Print Design Property
RUN-1001 : --------------------------------------------------------------
RUN-1001 :        Parameters       |  Settings  |  Default Values  |  Note  
RUN-1001 : --------------------------------------------------------------
RUN-1001 :   default_reg_initial   |    auto    |       auto       |        
RUN-1001 :        infer_add        |     on     |        on        |        
RUN-1001 :        infer_fsm        |    off     |       off        |        
RUN-1001 :        infer_mult       |     on     |        on        |        
RUN-1001 :        infer_ram        |     on     |        on        |        
RUN-1001 :        infer_reg        |     on     |        on        |        
RUN-1001 :   infer_reg_init_value  |     on     |        on        |        
RUN-1001 :        infer_rom        |     on     |        on        |        
RUN-1001 :      infer_shifter      |     on     |        on        |        
RUN-1001 : --------------------------------------------------------------
RUN-1001 : Print Rtl Property
RUN-1001 : --------------------------------------------------------------
RUN-1001 :        Parameters       |  Settings  |  Default Values  |  Note  
RUN-1001 : --------------------------------------------------------------
RUN-1001 :       compress_add      |   ripple   |      ripple      |        
RUN-1001 :        elf_sload        |    off     |       off        |        
RUN-1001 :       fix_undriven      |     0      |        0         |        
RUN-1001 :         flatten         |    off     |       off        |        
RUN-1001 :       gate_sharing      |     on     |        on        |        
RUN-1001 :    hdl_warning_level    |   normal   |      normal      |        
RUN-1001 :   impl_internal_tribuf  |     on     |        on        |        
RUN-1001 :      impl_set_reset     |     on     |        on        |        
RUN-1001 :        infer_gsr        |    off     |       off        |        
RUN-1001 :      keep_hierarchy     |    auto    |       auto       |        
RUN-1001 :        max_fanout       |    9999    |       9999       |        
RUN-1001 :      max_oh2bin_len     |     10     |        10        |        
RUN-1001 :       merge_equal       |     on     |        on        |        
RUN-1001 :       merge_equiv       |     on     |        on        |        
RUN-1001 :        merge_mux        |    off     |       off        |        
RUN-1001 :     min_control_set     |     8      |        8         |        
RUN-1001 :      min_ripple_len     |    auto    |       auto       |        
RUN-1001 :       oh2bin_ratio      |    0.08    |       0.08       |        
RUN-1001 :     opt_adder_fanout    |     on     |        on        |        
RUN-1001 :        opt_arith        |     on     |        on        |        
RUN-1001 :       opt_big_gate      |    off     |       off        |        
RUN-1001 :        opt_const        |     on     |        on        |        
RUN-1001 :      opt_const_mult     |     on     |        on        |        
RUN-1001 :       opt_lessthan      |     on     |        on        |        
RUN-1001 :         opt_mux         |    off     |       off        |        
RUN-1001 :         opt_ram         |    high    |       high       |        
RUN-1001 :      rtl_sim_model      |    off     |       off        |        
RUN-1001 :         seq_syn         |     on     |        on        |        
RUN-1001 : --------------------------------------------------------------
HDL-1007 : analyze verilog file ../../../Testbench/adc.v
RUN-1001 : Project manager successfully analyzed 1 source files.
RUN-1002 : start command "import_device eagle_s20.db -package EG4S20NG88"
ARC-1001 : Device Initialization.
ARC-1001 : ---------------------------------------------------------------
ARC-1001 :            OPTION            |        IO         |   SETTING   
ARC-1001 : ---------------------------------------------------------------
ARC-1001 :   cso_b/cclk/mosi/miso/dout  |  P69/P82/P81/P80  |    gpio    
ARC-1001 :             done             |        P8         |    gpio    
ARC-1001 :           program_b          |        P67        |  dedicate  
ARC-1001 :        tdi/tms/tck/tdo       |  P25/P22/P26/P21  |  dedicate  
ARC-1001 : ---------------------------------------------------------------
ARC-1004 : Device setting, marked 5 dedicate IOs in total.
RUN-1002 : start command "import_db ../syn_1/adc_gate.db"
RUN-1001 : Importing database generated by Tang Dynasty, V5.6.56362.
RUN-1001 : Database version number 46140.
RUN-1001 : Import flow parameters
RUN-1001 : Import timing constraints
RUN-1001 : Import IO constraints
RUN-1001 : Import Inst constraints
RUN-1001 : Import design success TD_VERSION=5.6.56362 , DB_VERSION=46140
RUN-1002 : start command "read_sdc"
USR-1002 : read_sdc file_name -help -h -eco
USR-1009 : NO module with IP_SDC ...
RUN-1104 : Import SDC file  finished, there are 0 nets kept by constraints.
RUN-1002 : start command "config_chipwatcher ../../../Testbench/aa.cwc -dir "
RUN-1002 : start command "legalize_phy_inst"
SYN-1011 : Flatten model adc0809_control
KIT-1004 : ChipWatcher: import watcher inst auto_chipwatcher_0 completed, there are 5 view nodes, 14 trigger nets, 14 data nets.
KIT-1004 : Chipwatcher code = 0110011110101111
RUN-1002 : start command "compile_watcher"
RUN-1002 : start command "read_verilog -no_sch -dir C:/Anlogic/TD5.6.56362/cw/ -file adc_watcherInst.sv -lib cw -top CW_TOP_WRAPPER"
HDL-1007 : analyze verilog file C:/Anlogic/TD5.6.56362/cw\bus_det.v
HDL-1007 : analyze verilog file C:/Anlogic/TD5.6.56362/cw\bus_top.sv
HDL-1007 : analyze verilog file C:/Anlogic/TD5.6.56362/cw\cfg_int.v
HDL-1007 : analyze verilog file C:/Anlogic/TD5.6.56362/cw\cwc_cfg_int.v
HDL-1007 : analyze verilog file C:/Anlogic/TD5.6.56362/cw\cwc_top.sv
HDL-1007 : analyze verilog file C:/Anlogic/TD5.6.56362/cw\detect_bus.v
HDL-1007 : analyze verilog file C:/Anlogic/TD5.6.56362/cw\detect_non_bus.v
HDL-1007 : analyze verilog file C:/Anlogic/TD5.6.56362/cw\emb_ctrl.v
HDL-1007 : analyze verilog file C:/Anlogic/TD5.6.56362/cw\register.v
HDL-1007 : analyze verilog file C:/Anlogic/TD5.6.56362/cw\tap.v
HDL-1007 : analyze verilog file C:/Anlogic/TD5.6.56362/cw\trigger.sv
HDL-1007 : analyze verilog file adc_watcherInst.sv
HDL-1007 : elaborate module CW_TOP_WRAPPER in adc_watcherInst.sv(1)
HDL-1007 : elaborate module cwc_top(BUS_NUM=5,BUS_DIN_NUM=14,BUS_CTRL_NUM=48,BUS_WIDTH='{32'sb011,32'sb01,32'sb01,32'sb01,32'sb01000},BUS_DIN_POS='{32'sb0,32'sb011,32'sb0100,32'sb0101,32'sb0110},BUS_CTRL_POS='{32'sb0,32'sb01010,32'sb010000,32'sb010110,32'sb011100}) in C:/Anlogic/TD5.6.56362/cw\cwc_top.sv(21)
HDL-1007 : elaborate module cwc_cfg_int(CTRL_REG_LEN=70) in C:/Anlogic/TD5.6.56362/cw\cwc_cfg_int.v(21)
HDL-1007 : elaborate module register(CTRL_REG_LEN=70) in C:/Anlogic/TD5.6.56362/cw\register.v(21)
HDL-1007 : elaborate module tap in C:/Anlogic/TD5.6.56362/cw\tap.v(21)
HDL-1007 : elaborate module trigger(BUS_NUM=5,BUS_DIN_NUM=14,BUS_CTRL_NUM=48,BUS_WIDTH='{32'sb011,32'sb01,32'sb01,32'sb01,32'sb01000},BUS_DIN_POS='{32'sb0,32'sb011,32'sb0100,32'sb0101,32'sb0110},BUS_CTRL_POS='{32'sb0,32'sb01010,32'sb010000,32'sb010110,32'sb011100}) in C:/Anlogic/TD5.6.56362/cw\trigger.sv(21)
HDL-1007 : elaborate module bus_top(BUS_NODE_NUM=5,BUS_DIN_NUM=14,BUS_CTRL_NUM=48,BUS_WIDTH='{32'sb011,32'sb01,32'sb01,32'sb01,32'sb01000},BUS_DIN_POS='{32'sb0,32'sb011,32'sb0100,32'sb0101,32'sb0110},BUS_CTRL_POS='{32'sb0,32'sb01010,32'sb010000,32'sb010110,32'sb011100}) in C:/Anlogic/TD5.6.56362/cw\bus_top.sv(22)
HDL-1007 : elaborate module bus_det(BUS_WIDTH=32'sb011) in C:/Anlogic/TD5.6.56362/cw\bus_det.v(21)
HDL-1007 : elaborate module bus_det(BUS_WIDTH=32'sb01) in C:/Anlogic/TD5.6.56362/cw\bus_det.v(21)
HDL-1007 : elaborate module bus_det(BUS_WIDTH=32'sb01000) in C:/Anlogic/TD5.6.56362/cw\bus_det.v(21)
HDL-1007 : elaborate module emb_ctrl in C:/Anlogic/TD5.6.56362/cw\emb_ctrl.v(21)
HDL-1200 : Current top model is CW_TOP_WRAPPER
HDL-1100 : Inferred 0 RAMs.
RUN-1002 : start command "force_keep -a auto_chipwatcher_0_logicbram"
RUN-1002 : start command "optimize_rtl -no_sch"
RUN-1001 : Open license file C:/Anlogic/TD5.6.56362/license/Anlogic.lic
RUN-1001 : Print Global Property
RUN-1001 : ---------------------------------------------------------------
RUN-1001 :        Parameters        |  Settings  |  Default Values  |  Note  
RUN-1001 : ---------------------------------------------------------------
RUN-1001 :          message         |  standard  |     standard     |        
RUN-1001 :   mixed_pack_place_flow  |     on     |        on        |        
RUN-1001 :        syn_ip_flow       |    off     |       off        |        
RUN-1001 :          thread          |    auto    |       auto       |        
RUN-1001 : ---------------------------------------------------------------
RUN-1001 : Print Rtl Property
RUN-1001 : --------------------------------------------------------------
RUN-1001 :        Parameters       |  Settings  |  Default Values  |  Note  
RUN-1001 : --------------------------------------------------------------
RUN-1001 :       compress_add      |   ripple   |      ripple      |        
RUN-1001 :        elf_sload        |    off     |       off        |        
RUN-1001 :       fix_undriven      |     0      |        0         |        
RUN-1001 :         flatten         |    off     |       off        |        
RUN-1001 :       gate_sharing      |     on     |        on        |        
RUN-1001 :    hdl_warning_level    |   normal   |      normal      |        
RUN-1001 :   impl_internal_tribuf  |     on     |        on        |        
RUN-1001 :      impl_set_reset     |     on     |        on        |        
RUN-1001 :        infer_gsr        |    off     |       off        |        
RUN-1001 :      keep_hierarchy     |    auto    |       auto       |        
RUN-1001 :        max_fanout       |    9999    |       9999       |        
RUN-1001 :      max_oh2bin_len     |     10     |        10        |        
RUN-1001 :       merge_equal       |     on     |        on        |        
RUN-1001 :       merge_equiv       |     on     |        on        |        
RUN-1001 :        merge_mux        |    off     |       off        |        
RUN-1001 :     min_control_set     |     8      |        8         |        
RUN-1001 :      min_ripple_len     |    auto    |       auto       |        
RUN-1001 :       oh2bin_ratio      |    0.08    |       0.08       |        
RUN-1001 :     opt_adder_fanout    |     on     |        on        |        
RUN-1001 :        opt_arith        |     on     |        on        |        
RUN-1001 :       opt_big_gate      |    off     |       off        |        
RUN-1001 :        opt_const        |     on     |        on        |        
RUN-1001 :      opt_const_mult     |     on     |        on        |        
RUN-1001 :       opt_lessthan      |     on     |        on        |        
RUN-1001 :         opt_mux         |    off     |       off        |        
RUN-1001 :         opt_ram         |    high    |       high       |        
RUN-1001 :      rtl_sim_model      |    off     |       off        |        
RUN-1001 :         seq_syn         |     on     |        on        |        
RUN-1001 : --------------------------------------------------------------
SYN-1012 : SanityCheck: Model "adc0809_control"
SYN-1012 : SanityCheck: Model "CW_TOP_WRAPPER"
SYN-1012 : SanityCheck: Model "cwc_top(BUS_NUM=5,BUS_DIN_NUM=14,BUS_CTRL_NUM=48,BUS_WIDTH='{32'sb011,32'sb01,32'sb01,32'sb01,32'sb01000},BUS_DIN_POS='{32'sb0,32'sb011,32'sb0100,32'sb0101,32'sb0110},BUS_CTRL_POS='{32'sb0,32'sb01010,32'sb010000,32'sb010110,32'sb011100})"
SYN-1012 : SanityCheck: Model "cwc_cfg_int(CTRL_REG_LEN=70)"
SYN-1012 : SanityCheck: Model "register(CTRL_REG_LEN=70)"
SYN-1012 : SanityCheck: Model "tap"
SYN-1012 : SanityCheck: Model "trigger(BUS_NUM=5,BUS_DIN_NUM=14,BUS_CTRL_NUM=48,BUS_WIDTH='{32'sb011,32'sb01,32'sb01,32'sb01,32'sb01000},BUS_DIN_POS='{32'sb0,32'sb011,32'sb0100,32'sb0101,32'sb0110},BUS_CTRL_POS='{32'sb0,32'sb01010,32'sb010000,32'sb010110,32'sb011100})"
SYN-1012 : SanityCheck: Model "bus_top(BUS_NODE_NUM=5,BUS_DIN_NUM=14,BUS_CTRL_NUM=48,BUS_WIDTH='{32'sb011,32'sb01,32'sb01,32'sb01,32'sb01000},BUS_DIN_POS='{32'sb0,32'sb011,32'sb0100,32'sb0101,32'sb0110},BUS_CTRL_POS='{32'sb0,32'sb01010,32'sb010000,32'sb010110,32'sb011100})"
SYN-1012 : SanityCheck: Model "bus_det(BUS_WIDTH=32'sb011)"
SYN-1012 : SanityCheck: Model "bus_det(BUS_WIDTH=32'sb01)"
SYN-1012 : SanityCheck: Model "bus_det(BUS_WIDTH=32'sb01000)"
SYN-1012 : SanityCheck: Model "emb_ctrl"
SYN-1011 : Flatten model adc0809_control
SYN-1032 : 1110/21 useful/useless nets, 476/6 useful/useless insts
SYN-1016 : Merged 28 instances.
SYN-1032 : 907/6 useful/useless nets, 775/6 useful/useless insts
SYN-1014 : Optimize round 1
SYN-1032 : 891/16 useful/useless nets, 763/12 useful/useless insts
SYN-1021 : Optimized 2 onehot mux instances.
SYN-1020 : Optimized 1 distributor mux.
SYN-1019 : Optimized 2 mux instances.
SYN-1015 : Optimize round 1, 284 better
SYN-1014 : Optimize round 2
SYN-1032 : 701/30 useful/useless nets, 573/32 useful/useless insts
SYN-1015 : Optimize round 2, 64 better
SYN-1014 : Optimize round 3
SYN-1015 : Optimize round 3, 0 better
RUN-1002 : start command "optimize_gate -no_sch"
RUN-1001 : Open license file C:/Anlogic/TD5.6.56362/license/Anlogic.lic
RUN-1001 : Print Global Property
RUN-1001 : ---------------------------------------------------------------
RUN-1001 :        Parameters        |  Settings  |  Default Values  |  Note  
RUN-1001 : ---------------------------------------------------------------
RUN-1001 :          message         |  standard  |     standard     |        
RUN-1001 :   mixed_pack_place_flow  |     on     |        on        |        
RUN-1001 :        syn_ip_flow       |    off     |       off        |        
RUN-1001 :          thread          |    auto    |       auto       |        
RUN-1001 : ---------------------------------------------------------------
RUN-1001 : Print Gate Property
RUN-1001 : ------------------------------------------------------------------
RUN-1001 :          Parameters         |  Settings  |  Default Values  |  Note  
RUN-1001 : ------------------------------------------------------------------
RUN-1001 :         cascade_dsp         |    off     |       off        |        
RUN-1001 :         cascade_eram        |    off     |       off        |        
RUN-1001 :        gate_sim_model       |    off     |       off        |        
RUN-1001 :        map_sim_model        |    off     |       off        |        
RUN-1001 :         map_strategy        |     1      |        1         |        
RUN-1001 :           opt_area          |   medium   |      medium      |        
RUN-1001 :          opt_timing         |    auto    |       auto       |        
RUN-1001 :         pack_effort         |   medium   |      medium      |        
RUN-1001 :      pack_lslice_ripple     |     on     |        on        |        
RUN-1001 :   pack_lslice_ripple_ratio  |    0.5     |       0.5        |        
RUN-1001 :        pack_seq_in_io       |    auto    |       auto       |        
RUN-1001 :        ph1_mux_ratio        |    1.0     |       1.0        |        
RUN-1001 :            report           |  standard  |     standard     |        
RUN-1001 :           retiming          |    off     |       off        |        
RUN-1001 : ------------------------------------------------------------------
SYN-2001 : Map 26 IOs to PADs
RUN-1002 : start command "update_pll_param -module adc0809_control"
SYN-2501 : Processed 0 LOGIC_BUF instances.
SYN-2512 : LOGIC BRAM "auto_chipwatcher_0_logicbram"
SYN-2571 : Optimize after map_dsp, round 1
SYN-2571 : Optimize after map_dsp, round 1, 0 better
SYN-1001 : Throwback 3 control mux instances
SYN-2501 : Optimize round 1
SYN-1016 : Merged 11 instances.
SYN-2501 : Optimize round 1, 24 better
SYN-2501 : Optimize round 2
SYN-2501 : Optimize round 2, 0 better
SYN-2501 : Map 14 macro adder
SYN-1019 : Optimized 9 mux instances.
SYN-1016 : Merged 10 instances.
SYN-1032 : 1049/11 useful/useless nets, 927/1 useful/useless insts
RUN-1002 : start command "start_timer -prepack"
TMR-2505 : Start building timing graph for model adc0809_control.
TMR-2506 : Build timing graph completely. Port num: 10, tpin num: 3616, tnet num: 1049, tinst num: 926, tnode num: 4385, tedge num: 5093.
TMR-2508 : Levelizing timing graph completed, there are 51 levels in total.
TMR-2501 : Timing graph initialized successfully.
TMR-2503 : Start to update net delay, extr mode = 2.
TMR-2504 : Update delay of 1049 nets completely.
TMR-2502 : Annotate delay completely, extr mode = 2.
TMR-3001 : Initiate 0 clocks from SDC.
TMR-3004 : Map sdc constraints, there are 0 constraints in total.
TMR-3003 : Constraints initiated successfully.
TMR-3501 : Forward propagation: start to calculate arrival time...
TMR-3502 : Backward propagation: start to calculate required time...
TMR-3503 : Timing propagation completes.
SYN-3001 : Running gate level optimization.
SYN-2581 : Mapping with K=5, #lut = 150 (3.83), #lev = 6 (2.18)
SYN-2551 : Post LUT mapping optimization.
SYN-2581 : Mapping with K=5, #lut = 150 (3.83), #lev = 6 (2.18)
SYN-3001 : Logic optimization runtime opt =   0.04 sec, map =   0.00 sec
SYN-3001 : Mapper mapped 397 instances into 150 LUTs, name keeping = 76%.
SYN-1001 : Packing model "adc0809_control" ...
SYN-4010 : Pack lib has 58 rtl pack models with 25 top pack blocks
SYN-1014 : Optimize round 1
SYN-1015 : Optimize round 1, 0 better
SYN-4002 : Packing 251 DFF/LATCH to SEQ ...
SYN-4009 : Pack 6 carry chain into lslice
SYN-4007 : Packing 99 adder to BLE ...
SYN-4008 : Packed 99 adder and 0 SEQ to BLE.
SYN-4007 : Packing 0 gate4 to BLE ...
SYN-4008 : Packed 0 gate4 and 0 SEQ to BLE.
SYN-4012 : Packed 0 FxMUX
RUN-1002 : start command "legalize_phy_inst"
SYN-1011 : Flatten model adc0809_control
KIT-1004 : Compile Chipwatcher: Clear obsolete physical data.
RUN-1003 : finish command "compile_watcher" in  1.815894s wall, 1.484375s user + 0.171875s system = 1.656250s CPU (91.2%)

RUN-1004 : used memory is 111 MB, reserved memory is 74 MB, peak memory is 120 MB
RUN-1002 : start command "place"
RUN-1001 : Open license file C:/Anlogic/TD5.6.56362/license/Anlogic.lic
RUN-1001 : Print Global Property
RUN-1001 : ---------------------------------------------------------------
RUN-1001 :        Parameters        |  Settings  |  Default Values  |  Note  
RUN-1001 : ---------------------------------------------------------------
RUN-1001 :          message         |  standard  |     standard     |        
RUN-1001 :   mixed_pack_place_flow  |     on     |        on        |        
RUN-1001 :        syn_ip_flow       |    off     |       off        |        
RUN-1001 :          thread          |    auto    |       auto       |        
RUN-1001 : ---------------------------------------------------------------
RUN-1001 : Print Place Property
RUN-1001 : --------------------------------------------------------------
RUN-1001 :        Parameters       |  Settings  |  Default Values  |  Note  
RUN-1001 : --------------------------------------------------------------
RUN-1001 :      detailed_place     |     on     |        on        |        
RUN-1001 :          effort         |   medium   |      medium      |        
RUN-1001 :         fix_hold        |    off     |       off        |        
RUN-1001 :       legalization      |    ori     |       ori        |        
RUN-1001 :      new_spreading      |     on     |        on        |        
RUN-1001 :        opt_timing       |   medium   |      medium      |        
RUN-1001 :   post_clock_route_opt  |    off     |       off        |        
RUN-1001 :       pr_strategy       |     1      |        1         |        
RUN-1001 :        relaxation       |    1.00    |       1.00       |        
RUN-1001 :         retiming        |    off     |       off        |        
RUN-1001 : --------------------------------------------------------------
PHY-3001 : Placer runs in 16 thread(s).
RUN-1002 : start command "legalize_phy_inst"
SYN-1011 : Flatten model adc0809_control
RUN-1002 : start command "phys_opt -simplify_lut"
SYN-4016 : Net config_inst_syn_10 driven by BUFG (158 clock/control pins, 0 other pins).
SYN-4024 : Net "sys_clk_dup_1" drives clk pins.
SYN-4024 : Net "clk_adc_dup_3" drives clk pins.
SYN-4025 : Tag rtl::Net clk_adc_dup_3 as clock net
SYN-4025 : Tag rtl::Net config_inst_syn_10 as clock net
SYN-4025 : Tag rtl::Net sys_clk_dup_1 as clock net
SYN-4026 : Tagged 3 rtl::Net as clock net
SYN-4015 : Create BUFG instance for clk Net clk_adc_dup_3 to drive 14 clock pins.
PHY-1001 : Populate physical database on model adc0809_control.
RUN-1001 : There are total 554 instances
RUN-0007 : 164 luts, 271 seqs, 51 mslices, 30 lslices, 26 pads, 7 brams, 0 dsps
RUN-1001 : There are total 683 nets
RUN-1001 : 394 nets have 2 pins
RUN-1001 : 232 nets have [3 - 5] pins
RUN-1001 : 25 nets have [6 - 10] pins
RUN-1001 : 21 nets have [11 - 20] pins
RUN-1001 : 7 nets have [21 - 99] pins
RUN-1001 : 4 nets have 100+ pins
RUN-1001 : Report Control nets information:
RUN-1001 : DFF Distribution
RUN-1001 : ----------------------------------
RUN-1001 :   CE   |  SSR  |  ASR  |  DFF Count  
RUN-1001 : ----------------------------------
RUN-1001 :   No   |  No   |  No   |      2      
RUN-1001 :   No   |  No   |  Yes  |     107     
RUN-1001 :   No   |  Yes  |  No   |      0      
RUN-1001 :   Yes  |  No   |  No   |      0      
RUN-1001 :   Yes  |  No   |  Yes  |     162     
RUN-1001 :   Yes  |  Yes  |  No   |      0      
RUN-1001 : ----------------------------------
RUN-0007 : Control Group Statistic
RUN-0007 : ---------------------------
RUN-0007 :   #CLK  |  #CE  |  #SSR/ASR  
RUN-0007 : ---------------------------
RUN-0007 :    3    |   5   |     5      
RUN-0007 : ---------------------------
RUN-0007 : Control Set = 10
PHY-3001 : Initial placement ...
PHY-3001 : design contains 552 instances, 164 luts, 271 seqs, 81 slices, 14 macros(81 instances: 51 mslices 30 lslices)
PHY-0007 : Cell area utilization is 1%
PHY-3001 : Start timing update ...
RUN-1002 : start command "start_timer -report"
TMR-2505 : Start building timing graph for model adc0809_control.
TMR-2506 : Build timing graph completely. Port num: 10, tpin num: 2785, tnet num: 681, tinst num: 552, tnode num: 3791, tedge num: 4632.
TMR-2508 : Levelizing timing graph completed, there are 29 levels in total.
TMR-2501 : Timing graph initialized successfully.
TMR-2503 : Start to update net delay, extr mode = 2.
TMR-2504 : Update delay of 681 nets completely.
TMR-2502 : Annotate delay completely, extr mode = 2.
TMR-3001 : Initiate 0 clocks from SDC.
TMR-3004 : Map sdc constraints, there are 0 constraints in total.
TMR-3003 : Constraints initiated successfully.
TMR-3501 : Forward propagation: start to calculate arrival time...
TMR-3502 : Backward propagation: start to calculate required time...
TMR-3503 : Timing propagation completes.
PHY-3001 : End timing update;  0.378304s wall, 0.359375s user + 0.000000s system = 0.359375s CPU (95.0%)

PHY-3001 : Global placement ...
PHY-3001 : Initial: Len = 190923
PHY-3001 : Clustering ...
PHY-3001 : Level 0 #clusters 552.
PHY-3001 : End clustering;  0.000027s wall, 0.000000s user + 0.000000s system = 0.000000s CPU (n/a%)

PHY-3001 : Run with size of 4
PHY-3001 : Cell area utilization is 1%
PHY-3001 : :::0::: Try harder cell spreading with beta_ = 0
PHY-3002 : Step(1): len = 117350, overlap = 15.75
PHY-3002 : Step(2): len = 83879.9, overlap = 15.75
PHY-3002 : Step(3): len = 56632.2, overlap = 15.75
PHY-3002 : Step(4): len = 48158.9, overlap = 15.75
PHY-3002 : Step(5): len = 39637, overlap = 15.75
PHY-3002 : Step(6): len = 34614.6, overlap = 15.75
PHY-3002 : Step(7): len = 30121.4, overlap = 15.75
PHY-3002 : Step(8): len = 27217.2, overlap = 15.75
PHY-3002 : Step(9): len = 24879.6, overlap = 15.75
PHY-3002 : Step(10): len = 23359.6, overlap = 15.75
PHY-3002 : Step(11): len = 21089.3, overlap = 15.75
PHY-3002 : Step(12): len = 19908.5, overlap = 15.75
PHY-3002 : Step(13): len = 19664.8, overlap = 15.75
PHY-3002 : Step(14): len = 17590.6, overlap = 15.75
PHY-3002 : Step(15): len = 17105.9, overlap = 15.75
PHY-3002 : Step(16): len = 16871.5, overlap = 16.125
PHY-3001 : :::1::: Try harder cell spreading with beta_ = 9.06231e-06
PHY-3002 : Step(17): len = 16930.3, overlap = 9.4375
PHY-3002 : Step(18): len = 16947.5, overlap = 16.125
PHY-3002 : Step(19): len = 16993, overlap = 16.125
PHY-3002 : Step(20): len = 16199.2, overlap = 11.625
PHY-3002 : Step(21): len = 16101.5, overlap = 11.625
PHY-3002 : Step(22): len = 15735.7, overlap = 11.75
PHY-3002 : Step(23): len = 15770.4, overlap = 9.5
PHY-3002 : Step(24): len = 15865, overlap = 9.5
PHY-3002 : Step(25): len = 15855, overlap = 9.5
PHY-3002 : Step(26): len = 15805.2, overlap = 9.5
PHY-3001 : :::2::: Try harder cell spreading with beta_ = 1.81246e-05
PHY-3002 : Step(27): len = 15545.1, overlap = 11.8125
PHY-3002 : Step(28): len = 15545.1, overlap = 11.8125
PHY-3002 : Step(29): len = 15616.9, overlap = 9.5625
PHY-3001 : :::3::: Try harder cell spreading with beta_ = 3.62492e-05
PHY-3002 : Step(30): len = 15655.6, overlap = 7.3125
PHY-3002 : Step(31): len = 15652.1, overlap = 7.3125
PHY-3001 : Legalization ...
PHY-3001 : End legalization;  0.021328s wall, 0.000000s user + 0.000000s system = 0.000000s CPU (n/a%)

PHY-3001 : Run with size of 4
PHY-3001 : Cell area utilization is 2%
PHY-3001 : Update timing in Manhattan mode ...
TMR-2503 : Start to update net delay, extr mode = 3.
TMR-2504 : Update delay of 681 nets completely.
TMR-2502 : Annotate delay completely, extr mode = 3.
TMR-3501 : Forward propagation: start to calculate arrival time...
TMR-3502 : Backward propagation: start to calculate required time...
TMR-3503 : Timing propagation completes.
PHY-3001 : End timing update;  0.020722s wall, 0.000000s user + 0.000000s system = 0.000000s CPU (n/a%)

PHY-3001 : :::0::: Try harder cell spreading with beta_ = 0
PHY-3002 : Step(32): len = 17582.4, overlap = 6.5625
PHY-3002 : Step(33): len = 17582.4, overlap = 6.5625
PHY-3002 : Step(34): len = 17072.1, overlap = 6.71875
PHY-3002 : Step(35): len = 17072.1, overlap = 6.71875
PHY-3002 : Step(36): len = 16994.5, overlap = 6.375
PHY-3002 : Step(37): len = 17045.7, overlap = 6.375
PHY-3002 : Step(38): len = 17120.8, overlap = 6.21875
PHY-3001 : Run with size of 2
PHY-3001 : Cell area utilization is 2%
PHY-3001 : Update timing in Manhattan mode ...
TMR-2503 : Start to update net delay, extr mode = 3.
TMR-2504 : Update delay of 681 nets completely.
TMR-2502 : Annotate delay completely, extr mode = 3.
TMR-3501 : Forward propagation: start to calculate arrival time...
TMR-3502 : Backward propagation: start to calculate required time...
TMR-3503 : Timing propagation completes.
PHY-3001 : End timing update;  0.020129s wall, 0.000000s user + 0.000000s system = 0.000000s CPU (n/a%)

PHY-3001 : :::0::: Try harder cell spreading with beta_ = 1.60365e-05
PHY-3002 : Step(39): len = 17759.9, overlap = 23.7188
PHY-3002 : Step(40): len = 17958.6, overlap = 22.9062
PHY-3002 : Step(41): len = 18547.9, overlap = 21.5625
PHY-3001 : :::1::: Try harder cell spreading with beta_ = 3.2073e-05
PHY-3002 : Step(42): len = 18179.2, overlap = 20.5
PHY-3002 : Step(43): len = 18212.9, overlap = 20.9375
PHY-3002 : Step(44): len = 18548.8, overlap = 18.125
PHY-3002 : Step(45): len = 18688.9, overlap = 16.6875
PHY-3002 : Step(46): len = 18785.5, overlap = 15.4062
PHY-3001 : :::2::: Try harder cell spreading with beta_ = 6.4146e-05
PHY-3002 : Step(47): len = 18513, overlap = 16.7188
PHY-3002 : Step(48): len = 18513, overlap = 16.7188
PHY-3002 : Step(49): len = 18724.7, overlap = 17.0625
OPT-1001 : Start physical optimization ...
RUN-1002 : start command "start_timer -report"
TMR-2505 : Start building timing graph for model adc0809_control.
TMR-2506 : Build timing graph completely. Port num: 10, tpin num: 2785, tnet num: 681, tinst num: 552, tnode num: 3791, tedge num: 4632.
TMR-2508 : Levelizing timing graph completed, there are 29 levels in total.
TMR-2501 : Timing graph initialized successfully.
OPT-1001 : Total overflow 34.53 peak overflow 2.03
OPT-1001 : Start high-fanout net optimization ...
OPT-1001 : Update timing in global mode
PHY-1001 : Start incremental global routing, caller is place ...
RUN-1001 : Generating global routing grids ...
RUN-1001 : Building simple global routing graph ...
PHY-1001 : Generate routing nets ...
PHY-1001 : Reuse net number 0/683.
PHY-1001 : Global iterations in 16 thread ...
PHY-1002 : len = 22200, over cnt = 69(0%), over = 273, worst = 16
PHY-1001 : End global iterations;  0.094172s wall, 0.015625s user + 0.000000s system = 0.015625s CPU (16.6%)

PHY-1001 : Congestion index: top1 = 26.55, top5 = 10.32, top10 = 5.87, top15 = 4.03.
PHY-1001 : End incremental global routing;  0.246665s wall, 0.093750s user + 0.078125s system = 0.171875s CPU (69.7%)

TMR-2503 : Start to update net delay, extr mode = 5.
TMR-2504 : Update delay of 681 nets completely.
TMR-2502 : Annotate delay completely, extr mode = 5.
TMR-3001 : Initiate 0 clocks from SDC.
TMR-3004 : Map sdc constraints, there are 0 constraints in total.
TMR-3003 : Constraints initiated successfully.
TMR-3501 : Forward propagation: start to calculate arrival time...
TMR-3502 : Backward propagation: start to calculate required time...
TMR-3503 : Timing propagation completes.
OPT-1001 : End timing update;  0.026786s wall, 0.031250s user + 0.000000s system = 0.031250s CPU (116.7%)

OPT-1001 : 0 high-fanout net processed.
OPT-1001 : End high-fanout net optimization;  0.291206s wall, 0.140625s user + 0.078125s system = 0.218750s CPU (75.1%)

OPT-1001 : Current memory(MB): used = 157, reserve = 120, peak = 157.
OPT-1001 : Start global optimization ...
OPT-1001 : Start congestion update ...
RUN-1001 : Generating global routing grids ...
PHY-1001 : Generate routing nets ...
PHY-1001 : Reuse net number 418/683.
PHY-1001 : Global iterations in 16 thread ...
PHY-1002 : len = 22200, over cnt = 69(0%), over = 273, worst = 16
PHY-1002 : len = 24624, over cnt = 35(0%), over = 63, worst = 7
PHY-1002 : len = 24800, over cnt = 14(0%), over = 16, worst = 2
PHY-1002 : len = 24944, over cnt = 2(0%), over = 2, worst = 1
PHY-1001 : End global iterations;  0.111730s wall, 0.062500s user + 0.000000s system = 0.062500s CPU (55.9%)

PHY-1001 : Congestion index: top1 = 25.26, top5 = 11.24, top10 = 6.40, top15 = 4.44.
OPT-1001 : End congestion update;  0.185166s wall, 0.140625s user + 0.000000s system = 0.140625s CPU (75.9%)

OPT-1001 : Update timing in Manhattan mode
TMR-2503 : Start to update net delay, extr mode = 3.
TMR-2504 : Update delay of 681 nets completely.
TMR-2502 : Annotate delay completely, extr mode = 3.
TMR-3501 : Forward propagation: start to calculate arrival time...
TMR-3502 : Backward propagation: start to calculate required time...
TMR-3503 : Timing propagation completes.
OPT-1001 : End timing update;  0.020544s wall, 0.015625s user + 0.000000s system = 0.015625s CPU (76.1%)

OPT-0007 : Start: WNS 2147483647 TNS 0 NUM_FEPS 0
OPT-1001 : End global optimization;  0.205886s wall, 0.156250s user + 0.000000s system = 0.156250s CPU (75.9%)

OPT-1001 : Current memory(MB): used = 157, reserve = 121, peak = 157.
OPT-1001 : End physical optimization;  0.816067s wall, 0.562500s user + 0.078125s system = 0.640625s CPU (78.5%)

PHY-3001 : Start packing ...
SYN-4007 : Packing 0 MUX to BLE ...
SYN-4008 : Packed 0 MUX and 0 SEQ to BLE.
SYN-4007 : Packing 164 LUT to BLE ...
SYN-4008 : Packed 164 LUT and 71 SEQ to BLE.
SYN-4003 : Packing 200 remaining SEQ's ...
SYN-4005 : Packed 110 SEQ with LUT/SLICE
SYN-4006 : 2 single LUT's are left
SYN-4006 : 90 single SEQ's are left
SYN-4011 : Packing model "adc0809_control" (AL_USER_NORMAL) with 254/373 primitive instances ...
PHY-3001 : End packing;  0.031016s wall, 0.031250s user + 0.000000s system = 0.031250s CPU (100.8%)

PHY-1001 : Populate physical database on model adc0809_control.
RUN-1001 : There are total 265 instances
RUN-1001 : 113 mslices, 114 lslices, 26 pads, 7 brams, 0 dsps
RUN-1001 : There are total 613 nets
RUN-1001 : 324 nets have 2 pins
RUN-1001 : 230 nets have [3 - 5] pins
RUN-1001 : 28 nets have [6 - 10] pins
RUN-1001 : 21 nets have [11 - 20] pins
RUN-1001 : 9 nets have [21 - 99] pins
RUN-1001 : 1 nets have 100+ pins
PHY-3001 : design contains 263 instances, 227 slices, 14 macros(81 instances: 51 mslices 30 lslices)
PHY-3001 : Cell area utilization is 3%
PHY-3001 : After packing: Len = 19091, Over = 22.75
PHY-3001 : Run with size of 2
PHY-3001 : Cell area utilization is 3%
PHY-3001 : Update timing in Manhattan mode ...
RUN-1002 : start command "start_timer -report"
TMR-2505 : Start building timing graph for model adc0809_control.
TMR-2506 : Build timing graph completely. Port num: 10, tpin num: 2356, tnet num: 611, tinst num: 263, tnode num: 3062, tedge num: 4032.
TMR-2508 : Levelizing timing graph completed, there are 29 levels in total.
TMR-2501 : Timing graph initialized successfully.
TMR-2503 : Start to update net delay, extr mode = 3.
TMR-2504 : Update delay of 611 nets completely.
TMR-2502 : Annotate delay completely, extr mode = 3.
TMR-3001 : Initiate 0 clocks from SDC.
TMR-3004 : Map sdc constraints, there are 0 constraints in total.
TMR-3003 : Constraints initiated successfully.
TMR-3501 : Forward propagation: start to calculate arrival time...
TMR-3502 : Backward propagation: start to calculate required time...
TMR-3503 : Timing propagation completes.
PHY-3001 : End timing update;  0.337766s wall, 0.265625s user + 0.000000s system = 0.265625s CPU (78.6%)

PHY-3001 : :::0::: Try harder cell spreading with beta_ = 9.20885e-06
PHY-3002 : Step(50): len = 18585.6, overlap = 24.25
PHY-3002 : Step(51): len = 18595.5, overlap = 24.5
PHY-3002 : Step(52): len = 18539.2, overlap = 24.75
PHY-3002 : Step(53): len = 18559.5, overlap = 25.25
PHY-3002 : Step(54): len = 18412.7, overlap = 23.5
PHY-3001 : :::1::: Try harder cell spreading with beta_ = 1.84177e-05
PHY-3002 : Step(55): len = 18693.3, overlap = 23.25
PHY-3002 : Step(56): len = 18693.3, overlap = 23.25
PHY-3002 : Step(57): len = 18614.3, overlap = 23.5
PHY-3001 : :::2::: Try harder cell spreading with beta_ = 3.44933e-05
PHY-3002 : Step(58): len = 19337.2, overlap = 18.75
PHY-3002 : Step(59): len = 19487.4, overlap = 17.75
PHY-3002 : Step(60): len = 19537.2, overlap = 18.5
PHY-3001 : Legalization ...
PHY-3001 : End legalization;  0.104573s wall, 0.000000s user + 0.000000s system = 0.000000s CPU (n/a%)

PHY-3001 : Trial Legalized: Len = 25076
PHY-3001 : Run with size of 2
PHY-3001 : Cell area utilization is 3%
PHY-3001 : Update timing in Manhattan mode ...
TMR-2503 : Start to update net delay, extr mode = 3.
TMR-2504 : Update delay of 611 nets completely.
TMR-2502 : Annotate delay completely, extr mode = 3.
TMR-3501 : Forward propagation: start to calculate arrival time...
TMR-3502 : Backward propagation: start to calculate required time...
TMR-3503 : Timing propagation completes.
PHY-3001 : End timing update;  0.014638s wall, 0.000000s user + 0.000000s system = 0.000000s CPU (n/a%)

PHY-3001 : :::0::: Try harder cell spreading with beta_ = 0.000386607
PHY-3002 : Step(61): len = 22434.8, overlap = 4.75
PHY-3002 : Step(62): len = 21833.3, overlap = 6.5
PHY-3002 : Step(63): len = 21378, overlap = 6.25
PHY-3002 : Step(64): len = 20934, overlap = 8.25
PHY-3002 : Step(65): len = 20898.5, overlap = 7.75
PHY-3002 : Step(66): len = 20797.8, overlap = 7.75
PHY-3001 : :::1::: Try harder cell spreading with beta_ = 0.000773214
PHY-3002 : Step(67): len = 20921, overlap = 7.5
PHY-3002 : Step(68): len = 20949, overlap = 7.25
PHY-3001 : :::2::: Try harder cell spreading with beta_ = 0.00154643
PHY-3002 : Step(69): len = 20927.9, overlap = 7
PHY-3002 : Step(70): len = 20926.6, overlap = 7
PHY-3001 : Legalization ...
PHY-3001 : End legalization;  0.006222s wall, 0.000000s user + 0.000000s system = 0.000000s CPU (n/a%)

PHY-3001 : Legalized: Len = 22909, Over = 0
PHY-3001 : Spreading special nets. 4 overflows in 2952 tiles.
PHY-3001 : End spreading;  0.005261s wall, 0.000000s user + 0.000000s system = 0.000000s CPU (n/a%)

PHY-3001 : 5 instances has been re-located, deltaX = 1, deltaY = 5, maxDist = 2.
PHY-3001 : Final: Len = 23085, Over = 0
OPT-1001 : Start physical optimization ...
RUN-1002 : start command "start_timer -report"
TMR-2505 : Start building timing graph for model adc0809_control.
TMR-2506 : Build timing graph completely. Port num: 10, tpin num: 2356, tnet num: 611, tinst num: 263, tnode num: 3062, tedge num: 4032.
TMR-2508 : Levelizing timing graph completed, there are 29 levels in total.
TMR-2501 : Timing graph initialized successfully.
OPT-1001 : Total overflow 0.00 peak overflow 0.00
OPT-1001 : Start high-fanout net optimization ...
OPT-1001 : Update timing in global mode
PHY-1001 : Start incremental global routing, caller is place ...
RUN-1001 : Generating global routing grids ...
PHY-1001 : Generate routing nets ...
PHY-1001 : Reuse net number 30/613.
PHY-1001 : Global iterations in 16 thread ...
PHY-1002 : len = 27304, over cnt = 61(0%), over = 101, worst = 4
PHY-1002 : len = 27888, over cnt = 21(0%), over = 24, worst = 3
PHY-1002 : len = 28184, over cnt = 0(0%), over = 0, worst = 0
PHY-1001 : End global iterations;  0.124187s wall, 0.062500s user + 0.000000s system = 0.062500s CPU (50.3%)

PHY-1001 : Congestion index: top1 = 25.15, top5 = 13.39, top10 = 7.72, top15 = 5.35.
PHY-1001 : End incremental global routing;  0.183999s wall, 0.078125s user + 0.000000s system = 0.078125s CPU (42.5%)

TMR-2503 : Start to update net delay, extr mode = 5.
TMR-2504 : Update delay of 611 nets completely.
TMR-2502 : Annotate delay completely, extr mode = 5.
TMR-3001 : Initiate 0 clocks from SDC.
TMR-3004 : Map sdc constraints, there are 0 constraints in total.
TMR-3003 : Constraints initiated successfully.
TMR-3501 : Forward propagation: start to calculate arrival time...
TMR-3502 : Backward propagation: start to calculate required time...
TMR-3503 : Timing propagation completes.
OPT-1001 : End timing update;  0.017931s wall, 0.015625s user + 0.000000s system = 0.015625s CPU (87.1%)

OPT-1001 : 0 high-fanout net processed.
OPT-1001 : End high-fanout net optimization;  0.213374s wall, 0.109375s user + 0.000000s system = 0.109375s CPU (51.3%)

OPT-1001 : Current memory(MB): used = 158, reserve = 122, peak = 159.
OPT-1001 : Start path based optimization ...
OPT-1001 : Start congestion update ...
RUN-1001 : Generating global routing grids ...
PHY-1001 : Generate routing nets ...
PHY-1001 : Reuse net number 506/613.
PHY-1001 : Global iterations in 16 thread ...
PHY-1002 : len = 28184, over cnt = 0(0%), over = 0, worst = 0
PHY-1001 : End global iterations;  0.005092s wall, 0.000000s user + 0.000000s system = 0.000000s CPU (n/a%)

PHY-1001 : Congestion index: top1 = 25.15, top5 = 13.39, top10 = 7.72, top15 = 5.35.
OPT-1001 : End congestion update;  0.061919s wall, 0.062500s user + 0.000000s system = 0.062500s CPU (100.9%)

OPT-1001 : Update timing in Manhattan mode
TMR-2503 : Start to update net delay, extr mode = 3.
TMR-2504 : Update delay of 611 nets completely.
TMR-2502 : Annotate delay completely, extr mode = 3.
TMR-3501 : Forward propagation: start to calculate arrival time...
TMR-3502 : Backward propagation: start to calculate required time...
TMR-3503 : Timing propagation completes.
OPT-1001 : End timing update;  0.011430s wall, 0.015625s user + 0.000000s system = 0.015625s CPU (136.7%)

OPT-0007 : Start: WNS 2147483647 TNS 0 NUM_FEPS 0
OPT-1001 : End path based optimization;  0.073445s wall, 0.078125s user + 0.000000s system = 0.078125s CPU (106.4%)

OPT-1001 : Current memory(MB): used = 158, reserve = 122, peak = 159.
OPT-1001 : Update timing in Manhattan mode
TMR-2503 : Start to update net delay, extr mode = 3.
TMR-2504 : Update delay of 611 nets completely.
TMR-2502 : Annotate delay completely, extr mode = 3.
TMR-3501 : Forward propagation: start to calculate arrival time...
TMR-3502 : Backward propagation: start to calculate required time...
TMR-3503 : Timing propagation completes.
OPT-1001 : End timing update;  0.010825s wall, 0.000000s user + 0.000000s system = 0.000000s CPU (n/a%)

OPT-1001 : Start pin optimization...
OPT-1001 : skip pin optimization...
OPT-1001 : Update timing in global mode
PHY-1001 : Start incremental global routing, caller is place ...
RUN-1001 : Generating global routing grids ...
PHY-1001 : Generate routing nets ...
PHY-1001 : Reuse net number 506/613.
PHY-1001 : Global iterations in 16 thread ...
PHY-1002 : len = 28184, over cnt = 0(0%), over = 0, worst = 0
PHY-1001 : End global iterations;  0.005930s wall, 0.000000s user + 0.000000s system = 0.000000s CPU (n/a%)

PHY-1001 : Congestion index: top1 = 25.15, top5 = 13.39, top10 = 7.72, top15 = 5.35.
PHY-1001 : End incremental global routing;  0.062137s wall, 0.046875s user + 0.015625s system = 0.062500s CPU (100.6%)

TMR-2503 : Start to update net delay, extr mode = 5.
TMR-2504 : Update delay of 611 nets completely.
TMR-2502 : Annotate delay completely, extr mode = 5.
TMR-3501 : Forward propagation: start to calculate arrival time...
TMR-3502 : Backward propagation: start to calculate required time...
TMR-3503 : Timing propagation completes.
OPT-1001 : End timing update;  0.015953s wall, 0.015625s user + 0.000000s system = 0.015625s CPU (97.9%)

RUN-1001 : Generating global routing grids ...
PHY-1001 : Generate routing nets ...
PHY-1001 : Reuse net number 506/613.
PHY-1001 : Global iterations in 16 thread ...
PHY-1002 : len = 28184, over cnt = 0(0%), over = 0, worst = 0
PHY-1001 : End global iterations;  0.005886s wall, 0.000000s user + 0.000000s system = 0.000000s CPU (n/a%)

PHY-1001 : Congestion index: top1 = 25.15, top5 = 13.39, top10 = 7.72, top15 = 5.35.
OPT-1001 : Update timing in Manhattan mode
TMR-2503 : Start to update net delay, extr mode = 3.
TMR-2504 : Update delay of 611 nets completely.
TMR-2502 : Annotate delay completely, extr mode = 3.
TMR-3501 : Forward propagation: start to calculate arrival time...
TMR-3502 : Backward propagation: start to calculate required time...
TMR-3503 : Timing propagation completes.
OPT-1001 : End timing update;  0.010819s wall, 0.015625s user + 0.000000s system = 0.015625s CPU (144.4%)

RUN-1001 : QoR Analysis:
OPT-0007 :   WNS 2147483647 TNS 0 NUM_FEPS 0
RUN-1001 :   No local congestion issue, and most congested 1% tile average routing util is 24.655172
RUN-1001 :   Top critical paths
OPT-1001 : End physical optimization;  0.789397s wall, 0.640625s user + 0.015625s system = 0.656250s CPU (83.1%)

RUN-1003 : finish command "place" in  5.983698s wall, 2.406250s user + 0.546875s system = 2.953125s CPU (49.4%)

RUN-1004 : used memory is 141 MB, reserved memory is 105 MB, peak memory is 159 MB
RUN-1002 : start command "export_db adc_place.db"
RUN-1001 : Exported /
RUN-1001 : Exported flow parameters
RUN-1001 : Exported libs
RUN-1001 : Exported entities
RUN-1001 : Exported ports
RUN-1001 : Exported pins
RUN-1001 : Exported instances
RUN-1001 : Exported nets
RUN-1001 : Exported buses
RUN-1001 : Exported models
RUN-1001 : Exported congestions
RUN-1001 : Exported violations
RUN-1001 : Exported timing constraints
RUN-1001 : Exported IO constraints
RUN-1001 : Exported Inst constraints
RUN-1001 : Exported ChipWatcher
RUN-1002 : start command "route"
RUN-1001 : Open license file C:/Anlogic/TD5.6.56362/license/Anlogic.lic
RUN-1001 : Print Global Property
RUN-1001 : ---------------------------------------------------------------
RUN-1001 :        Parameters        |  Settings  |  Default Values  |  Note  
RUN-1001 : ---------------------------------------------------------------
RUN-1001 :          message         |  standard  |     standard     |        
RUN-1001 :   mixed_pack_place_flow  |     on     |        on        |        
RUN-1001 :        syn_ip_flow       |    off     |       off        |        
RUN-1001 :          thread          |    auto    |       auto       |        
RUN-1001 : ---------------------------------------------------------------
RUN-1001 : Print Route Property
RUN-1001 : -------------------------------------------------------
RUN-1001 :    Parameters    |  Settings  |  Default Values  |  Note  
RUN-1001 : -------------------------------------------------------
RUN-1001 :      effort      |   medium   |      medium      |        
RUN-1001 :     fix_hold     |    off     |       off        |        
RUN-1001 :    opt_timing    |   medium   |      medium      |        
RUN-1001 :   phy_sim_model  |    off     |       off        |        
RUN-1001 :     priority     |   timing   |      timing      |        
RUN-1001 :     swap_pin     |     on     |        on        |        
RUN-1001 : -------------------------------------------------------
PHY-1001 : Route runs in 16 thread(s)
RUN-1001 : There are total 265 instances
RUN-1001 : 113 mslices, 114 lslices, 26 pads, 7 brams, 0 dsps
RUN-1001 : There are total 613 nets
RUN-1001 : 324 nets have 2 pins
RUN-1001 : 230 nets have [3 - 5] pins
RUN-1001 : 28 nets have [6 - 10] pins
RUN-1001 : 21 nets have [11 - 20] pins
RUN-1001 : 9 nets have [21 - 99] pins
RUN-1001 : 1 nets have 100+ pins
RUN-1002 : start command "start_timer -report"
TMR-2505 : Start building timing graph for model adc0809_control.
TMR-2506 : Build timing graph completely. Port num: 10, tpin num: 2356, tnet num: 611, tinst num: 263, tnode num: 3062, tedge num: 4032.
TMR-2508 : Levelizing timing graph completed, there are 29 levels in total.
TMR-2501 : Timing graph initialized successfully.
PHY-1001 : 113 mslices, 114 lslices, 26 pads, 7 brams, 0 dsps
TMR-2503 : Start to update net delay, extr mode = 3.
TMR-2504 : Update delay of 611 nets completely.
TMR-2502 : Annotate delay completely, extr mode = 3.
TMR-3001 : Initiate 0 clocks from SDC.
TMR-3004 : Map sdc constraints, there are 0 constraints in total.
TMR-3003 : Constraints initiated successfully.
TMR-3501 : Forward propagation: start to calculate arrival time...
TMR-3502 : Backward propagation: start to calculate required time...
TMR-3503 : Timing propagation completes.
PHY-1001 : Start global routing, caller is route ...
RUN-1001 : Generating global routing grids ...
PHY-1001 : Generate routing nets ...
PHY-1001 : Global iterations in 16 thread ...
PHY-1002 : len = 26512, over cnt = 64(0%), over = 106, worst = 4
PHY-1002 : len = 27192, over cnt = 20(0%), over = 24, worst = 3
PHY-1002 : len = 27464, over cnt = 0(0%), over = 0, worst = 0
PHY-1001 : End global iterations;  0.157077s wall, 0.046875s user + 0.000000s system = 0.046875s CPU (29.8%)

PHY-1001 : Congestion index: top1 = 24.57, top5 = 13.09, top10 = 7.55, top15 = 5.21.
PHY-1001 : End global routing;  0.223015s wall, 0.125000s user + 0.000000s system = 0.125000s CPU (56.1%)

PHY-1001 : Start detail routing ...
PHY-1001 : Current memory(MB): used = 181, reserve = 145, peak = 194.
PHY-1001 : Detailed router is running in normal mode.
PHY-1001 : Generate detailed routing grids ...
PHY-1001 : Generate nets ...
PHY-1001 : clock net clk_adc_syn_6 will be merged with clock clk_adc_dup_3
PHY-1001 : net sys_clk_dup_1 will be routed on clock mesh
PHY-1001 : clock net config_inst_syn_10 will be merged with clock config_inst_syn_9
PHY-1001 : Current memory(MB): used = 445, reserve = 415, peak = 445.
PHY-1001 : End build detailed router design. 4.758807s wall, 4.265625s user + 0.296875s system = 4.562500s CPU (95.9%)

PHY-1001 : Detail Route ...
PHY-1001 : ===== Detail Route Phase 1 =====
PHY-1001 : Clock net routing.....
PHY-1001 : Routed 0% nets.
PHY-1022 : len = 17256, over cnt = 0(0%), over = 0, worst = 0, crit = 0
PHY-1001 : End initial clock net routed; 1.474991s wall, 1.375000s user + 0.046875s system = 1.421875s CPU (96.4%)

PHY-1001 : Current memory(MB): used = 476, reserve = 447, peak = 476.
PHY-1001 : End phase 1; 1.486662s wall, 1.375000s user + 0.046875s system = 1.421875s CPU (95.6%)

PHY-1001 : ===== Detail Route Phase 2 =====
PHY-1001 : Initial routing.....
PHY-1001 : Routed 9% nets.
PHY-1001 : Routed 27% nets.
PHY-1001 : Routed 27% nets.
PHY-1001 : Routed 27% nets.
PHY-1001 : Routed 28% nets.
PHY-1001 : Patch 341 net; 1.730704s wall, 1.562500s user + 0.015625s system = 1.578125s CPU (91.2%)

PHY-1022 : len = 69688, over cnt = 41(0%), over = 41, worst = 1, crit = 0
PHY-1001 : Current memory(MB): used = 476, reserve = 448, peak = 477.
PHY-1001 : End initial routed; 2.640126s wall, 2.343750s user + 0.031250s system = 2.375000s CPU (90.0%)

PHY-1001 : Update timing.....
PHY-1001 : 0/518(0%) critical/total net(s).
RUN-1001 : ------------------------------------------
RUN-1001 :   Type   |    WNS(ns)    |  TNS(ns)  |  FEP  
RUN-1001 : ------------------------------------------
RUN-1001 :   Setup  |  2147483.647  |   0.000   |   0   
RUN-1001 :   Hold   |  2147483.647  |   0.000   |   0   
RUN-1001 : ------------------------------------------
PHY-1001 : End update timing; 0.302178s wall, 0.218750s user + 0.000000s system = 0.218750s CPU (72.4%)

PHY-1001 : Current memory(MB): used = 478, reserve = 448, peak = 478.
PHY-1001 : End phase 2; 2.942413s wall, 2.562500s user + 0.031250s system = 2.593750s CPU (88.2%)

PHY-1001 : ===== Detail Route Phase 3 =====
PHY-1001 : Optimize timing.....
PHY-1022 : len = 69688, over cnt = 41(0%), over = 41, worst = 1, crit = 0
PHY-1001 : End optimize timing; 0.009064s wall, 0.000000s user + 0.000000s system = 0.000000s CPU (n/a%)

PHY-1001 : Ripup-reroute.....
PHY-1001 : ===== DR Iter 1 =====
PHY-1022 : len = 69704, over cnt = 3(0%), over = 3, worst = 1, crit = 0
PHY-1001 : End DR Iter 1; 0.078342s wall, 0.031250s user + 0.000000s system = 0.031250s CPU (39.9%)

PHY-1001 : ===== DR Iter 2 =====
PHY-1022 : len = 69712, over cnt = 0(0%), over = 0, worst = 0, crit = 0
PHY-1001 : End DR Iter 2; 0.022228s wall, 0.000000s user + 0.000000s system = 0.000000s CPU (n/a%)

PHY-1001 : Update timing.....
PHY-1001 : 0/518(0%) critical/total net(s).
RUN-1001 : ------------------------------------------
RUN-1001 :   Type   |    WNS(ns)    |  TNS(ns)  |  FEP  
RUN-1001 : ------------------------------------------
RUN-1001 :   Setup  |  2147483.647  |   0.000   |   0   
RUN-1001 :   Hold   |  2147483.647  |   0.000   |   0   
RUN-1001 : ------------------------------------------
PHY-1001 : End update timing; 0.261821s wall, 0.250000s user + 0.000000s system = 0.250000s CPU (95.5%)

PHY-1001 : Commit to database.....
PHY-1001 : 11 feed throughs used by 9 nets
PHY-1001 : End commit to database; 0.092906s wall, 0.093750s user + 0.015625s system = 0.109375s CPU (117.7%)

PHY-1001 : Current memory(MB): used = 488, reserve = 458, peak = 488.
PHY-1001 : End phase 3; 0.613245s wall, 0.468750s user + 0.015625s system = 0.484375s CPU (79.0%)

PHY-1003 : Routed, final wirelength = 69712
PHY-1001 : Current memory(MB): used = 488, reserve = 458, peak = 488.
PHY-1001 : End export database. 0.016342s wall, 0.015625s user + 0.000000s system = 0.015625s CPU (95.6%)

PHY-1001 : End detail routing;  10.184529s wall, 8.953125s user + 0.468750s system = 9.421875s CPU (92.5%)

RUN-1003 : finish command "route" in  10.808847s wall, 9.390625s user + 0.468750s system = 9.859375s CPU (91.2%)

RUN-1004 : used memory is 438 MB, reserved memory is 408 MB, peak memory is 488 MB
RUN-1002 : start command "report_area -io_info -file adc_phy.area"
RUN-1001 : standard
***Report Model: adc0809_control Device: EG4S20NG88***

IO Statistics
#IO                        26
  #input                   11
  #output                  15
  #inout                    0

Utilization Statistics
#lut                      329   out of  19600    1.68%
#reg                      271   out of  19600    1.38%
#le                       419
  #lut only               148   out of    419   35.32%
  #reg only                90   out of    419   21.48%
  #lut&reg                181   out of    419   43.20%
#dsp                        0   out of     29    0.00%
#bram                       7   out of     64   10.94%
  #bram9k                   7
  #fifo9k                   0
#bram32k                    0   out of     16    0.00%
#pad                       26   out of     66   39.39%
  #ireg                     0
  #oreg                     0
  #treg                     0
#pll                        0   out of      4    0.00%
#gclk                       3   out of     16   18.75%

Clock Resource Statistics
Index     ClockNet             Type               DriverType         Driver                  Fanout
#1        config_inst_syn_9    GCLK               config             config_inst.jtck        89
#2        sys_clk_dup_1        GCLK               io                 sys_clk_syn_2.di        62
#3        clk_adc_dup_3        GCLK               lslice             clk_adc_reg_syn_9.q0    11


Detailed IO Report

     Name        Direction    Location    IOStandard    DriveStrength    PullType    PackReg  
    data[7]        INPUT         P2        LVCMOS25          N/A          PULLUP      NONE    
    data[6]        INPUT         P3        LVCMOS25          N/A          PULLUP      NONE    
    data[5]        INPUT         P4        LVCMOS25          N/A          PULLUP      NONE    
    data[4]        INPUT         P5        LVCMOS25          N/A          PULLUP      NONE    
    data[3]        INPUT        P10        LVCMOS25          N/A          PULLUP      NONE    
    data[2]        INPUT        P11        LVCMOS25          N/A          PULLUP      NONE    
    data[1]        INPUT        P12        LVCMOS25          N/A          PULLUP      NONE    
    data[0]        INPUT        P13        LVCMOS25          N/A          PULLUP      NONE    
      eoc          INPUT        P60        LVCMOS25          N/A          PULLUP      NONE    
     rst_n         INPUT        P37        LVCMOS25          N/A           N/A        NONE    
    sys_clk        INPUT        P34        LVCMOS25          N/A          PULLUP      NONE    
  address[2]      OUTPUT        P23        LVCMOS25           8            N/A        NONE    
  address[1]      OUTPUT        P38        LVCMOS25           8            N/A        NONE    
  address[0]      OUTPUT         P8        LVCMOS25           8            N/A        NONE    
      ale         OUTPUT        P76        LVCMOS25           8            N/A        NONE    
    clk_adc       OUTPUT        P54        LVCMOS25           8            N/A        NONE    
      oe          OUTPUT        P86        LVCMOS25           8            NONE       NONE    
  seg_data[7]     OUTPUT        P74        LVCMOS25           8            N/A        NONE    
  seg_data[6]     OUTPUT        P31        LVCMOS25           8            N/A        NONE    
  seg_data[5]     OUTPUT        P87        LVCMOS25           8            N/A        NONE    
  seg_data[4]     OUTPUT        P29        LVCMOS25           8            N/A        NONE    
  seg_data[3]     OUTPUT        P84        LVCMOS25           8            N/A        NONE    
  seg_data[2]     OUTPUT        P77        LVCMOS25           8            N/A        NONE    
  seg_data[1]     OUTPUT        P82        LVCMOS25           8            N/A        NONE    
  seg_data[0]     OUTPUT        P75        LVCMOS25           8            N/A        NONE    
     start        OUTPUT        P59        LVCMOS25           8            NONE       NONE    

Report Hierarchy Area:
+----------------------------------------------------------------------------------------------------------+
|Instance                            |Module          |le     |lut     |ripple  |seq     |bram    |dsp     |
+----------------------------------------------------------------------------------------------------------+
|top                                 |adc0809_control |419    |248     |81      |271     |7       |0       |
|  cw_top                            |CW_TOP_WRAPPER  |394    |230     |81      |251     |0       |0       |
|    wrapper_cwc_top                 |cwc_top         |394    |230     |81      |251     |0       |0       |
|      cfg_int_inst                  |cwc_cfg_int     |145    |78      |0       |145     |0       |0       |
|        reg_inst                    |register        |142    |75      |0       |142     |0       |0       |
|        tap_inst                    |tap             |3      |3       |0       |3       |0       |0       |
|      trigger_inst                  |trigger         |249    |152     |81      |106     |0       |0       |
|        bus_inst                    |bus_top         |47     |29      |16      |22      |0       |0       |
|          BUS_DETECTOR[0]$bus_nodes |bus_det         |14     |8       |6       |5       |0       |0       |
|          BUS_DETECTOR[1]$bus_nodes |bus_det         |2      |2       |0       |2       |0       |0       |
|          BUS_DETECTOR[3]$bus_nodes |bus_det         |2      |2       |0       |2       |0       |0       |
|          BUS_DETECTOR[4]$bus_nodes |bus_det         |29     |17      |10      |13      |0       |0       |
|        emb_ctrl_inst               |emb_ctrl        |115    |82      |33      |56      |0       |0       |
+----------------------------------------------------------------------------------------------------------+


DataNet Average Fanout:

   Index     Fanout    Nets  
    #1         1       298   
    #2         2       160   
    #3         3        66   
    #4         4        4    
    #5        5-10      28   
    #6       11-50      25   
    #7       51-100     1    
  Average     2.68           

RUN-1002 : start command "export_db adc_pr.db"
RUN-1001 : Exported /
RUN-1001 : Exported flow parameters
RUN-1001 : Exported libs
RUN-1001 : Exported entities
RUN-1001 : Exported ports
RUN-1001 : Exported pins
RUN-1001 : Exported instances
RUN-1001 : Exported nets
RUN-1001 : Exported buses
RUN-1001 : Exported models
RUN-1001 : Exported congestions
RUN-1001 : Exported violations
RUN-1001 : Exported timing constraints
RUN-1001 : Exported IO constraints
RUN-1001 : Exported Inst constraints
RUN-1001 : Exported ChipWatcher
RUN-1002 : start command "export_bid adc_inst.bid"
RUN-1002 : start command "bitgen -bit adc.bit"
BIT-1003 : Start to generate bitstream. 
BIT-1002 : Init instances with 16 threads.
BIT-1002 : Init instances completely, inst num: 263
BIT-1002 : Init pips with 16 threads.
BIT-1002 : Init pips completely, net num: 613, pip num: 5221
BIT-1002 : Init feedthrough with 16 threads.
BIT-1002 : Init feedthrough completely, num: 11
BIT-1003 : Multithreading accelaration with 16 threads.
BIT-1003 : Generate bitstream completely, there are 797 valid insts, and 14304 bits set as '1'.
BIT-1004 : the usercode register value: 00000000001110010110011110101111
BIT-1004 : PLL setting string = 0000
BIT-1004 : Generate bits file adc.bit.
RUN-1003 : finish command "bitgen -bit adc.bit" in  2.270165s wall, 10.562500s user + 0.078125s system = 10.640625s CPU (468.7%)

RUN-1004 : used memory is 439 MB, reserved memory is 408 MB, peak memory is 632 MB
RUN-1002 : start command "backup_run_log run.log ../.logs/phy_1/td_20230305_130129.log"
