============================================================
   Tang Dynasty, V5.6.69102
      Copyright (c) 2012-2023 Anlogic Inc.
   Executable = C:/Anlogic/TD5.6.6910.2/bin/td.exe
   Built at =   20:14:16 Feb 16 2023
   Run by =     shaka
   Run Date =   Thu Mar  2 20:18:12 2023

   Run on =     BR007
============================================================
RUN-1002 : start command "open_project adc.prj"
RUN-1001 : Print Global Property
RUN-1001 : ---------------------------------------------------------------
RUN-1001 :        Parameters        |  Settings  |  Default Values  |  Note  
RUN-1001 : ---------------------------------------------------------------
RUN-1001 :          message         |  standard  |     standard     |        
RUN-1001 :   mixed_pack_place_flow  |     on     |        on        |        
RUN-1001 :        qor_monitor       |    off     |       off        |        
RUN-1001 :        syn_ip_flow       |    off     |       off        |        
RUN-1001 :          thread          |    auto    |       auto       |        
RUN-1001 : ---------------------------------------------------------------
RUN-1001 : Print Design Property
RUN-1001 : --------------------------------------------------------------
RUN-1001 :        Parameters       |  Settings  |  Default Values  |  Note  
RUN-1001 : --------------------------------------------------------------
RUN-1001 :   default_reg_initial   |    auto    |       auto       |        
RUN-1001 :        infer_add        |     on     |        on        |        
RUN-1001 :        infer_fsm        |    off     |       off        |        
RUN-1001 :        infer_mult       |     on     |        on        |        
RUN-1001 :        infer_ram        |     on     |        on        |        
RUN-1001 :        infer_reg        |     on     |        on        |        
RUN-1001 :   infer_reg_init_value  |     on     |        on        |        
RUN-1001 :        infer_rom        |     on     |        on        |        
RUN-1001 :      infer_shifter      |     on     |        on        |        
RUN-1001 : --------------------------------------------------------------
RUN-1001 : Print Rtl Property
RUN-1001 : --------------------------------------------------------------
RUN-1001 :        Parameters       |  Settings  |  Default Values  |  Note  
RUN-1001 : --------------------------------------------------------------
RUN-1001 :       compress_add      |   ripple   |      ripple      |        
RUN-1001 :        elf_sload        |    off     |       off        |        
RUN-1001 :       fix_undriven      |     0      |        0         |        
RUN-1001 :         flatten         |    off     |       off        |        
RUN-1001 :       gate_sharing      |     on     |        on        |        
RUN-1001 :    hdl_warning_level    |   normal   |      normal      |        
RUN-1001 :   impl_internal_tribuf  |     on     |        on        |        
RUN-1001 :      impl_set_reset     |     on     |        on        |        
RUN-1001 :        infer_gsr        |    off     |       off        |        
RUN-1001 :      keep_hierarchy     |    auto    |       auto       |        
RUN-1001 :        max_fanout       |    9999    |       9999       |        
RUN-1001 :      max_oh2bin_len     |     10     |        10        |        
RUN-1001 :       merge_equal       |     on     |        on        |        
RUN-1001 :       merge_equiv       |     on     |        on        |        
RUN-1001 :        merge_mux        |    off     |       off        |        
RUN-1001 :     min_control_set     |     8      |        8         |        
RUN-1001 :      min_ripple_len     |    auto    |       auto       |        
RUN-1001 :       oh2bin_ratio      |    0.08    |       0.08       |        
RUN-1001 :     opt_adder_fanout    |     on     |        on        |        
RUN-1001 :        opt_arith        |     on     |        on        |        
RUN-1001 :       opt_big_gate      |    off     |       off        |        
RUN-1001 :        opt_const        |     on     |        on        |        
RUN-1001 :      opt_const_mult     |     on     |        on        |        
RUN-1001 :       opt_lessthan      |     on     |        on        |        
RUN-1001 :         opt_mux         |    off     |       off        |        
RUN-1001 :         opt_ram         |    high    |       high       |        
RUN-1001 :      rtl_sim_model      |    off     |       off        |        
RUN-1001 :         seq_syn         |     on     |        on        |        
RUN-1001 : --------------------------------------------------------------
HDL-1007 : analyze verilog file ../../../Src/top.v
HDL-1007 : undeclared symbol 'uart_data', assumed default net type 'wire' in ../../../Src/top.v(33)
HDL-1007 : undeclared symbol 'valid', assumed default net type 'wire' in ../../../Src/top.v(34)
HDL-1007 : undeclared symbol 'adc_clk', assumed default net type 'wire' in ../../../Src/top.v(45)
HDL-1007 : undeclared symbol 'adc_en', assumed default net type 'wire' in ../../../Src/top.v(47)
HDL-1007 : undeclared symbol 'data', assumed default net type 'wire' in ../../../Src/top.v(53)
HDL-1007 : undeclared symbol 'data_en', assumed default net type 'wire' in ../../../Src/top.v(54)
HDL-1007 : undeclared symbol 'depth', assumed default net type 'wire' in ../../../Src/top.v(80)
HDL-1007 : undeclared symbol 'condition', assumed default net type 'wire' in ../../../Src/top.v(82)
HDL-1007 : undeclared symbol 'fifo_working', assumed default net type 'wire' in ../../../Src/top.v(84)
HDL-1007 : analyze verilog file ../../../Src/uart_rx.v
HDL-1007 : analyze verilog file ../../../Src/adc_ctrl.v
HDL-1007 : analyze verilog file ../../../Src/type_choice.v
RUN-1001 : Project manager successfully analyzed 4 source files.
RUN-1002 : start command "import_device eagle_s20.db -package EG4S20NG88"
ARC-1001 : Device Initialization.
ARC-1001 : ---------------------------------------------------------------
ARC-1001 :            OPTION            |        IO         |   SETTING   
ARC-1001 : ---------------------------------------------------------------
ARC-1001 :   cso_b/cclk/mosi/miso/dout  |  P69/P82/P81/P80  |    gpio    
ARC-1001 :             done             |        P8         |    gpio    
ARC-1001 :           program_b          |        P67        |  dedicate  
ARC-1001 :        tdi/tms/tck/tdo       |  P25/P22/P26/P21  |  dedicate  
ARC-1001 : ---------------------------------------------------------------
ARC-1004 : Device setting, marked 5 dedicate IOs in total.
RUN-1002 : start command "import_db ../syn_1/adc_gate.db"
RUN-1001 : Importing database generated by Tang Dynasty, V5.6.69102.
RUN-1001 : Database version number 46146.
RUN-1001 : Import flow parameters
RUN-1001 : Import IO constraints
RUN-1001 : Import Inst constraints
RUN-1001 : Import design success TD_VERSION=5.6.69102 , DB_VERSION=46146
RUN-1002 : start command "config_chipwatcher ../../../Debug/adc.cwc -dir "
RUN-1002 : start command "legalize_phy_inst"
SYN-1011 : Flatten model top
KIT-1004 : ChipWatcher: import watcher inst auto_chipwatcher_0 completed, there are 7 view nodes, 21 trigger nets, 21 data nets.
KIT-1004 : Chipwatcher code = 0101011000101000
RUN-1002 : start command "compile_watcher"
RUN-1002 : start command "read_verilog -no_sch -dir C:/Anlogic/TD5.6.6910.2/cw/ -file adc_watcherInst.sv -lib cw -top CW_TOP_WRAPPER"
HDL-1007 : analyze verilog file C:/Anlogic/TD5.6.6910.2/cw\bus_det.v
HDL-1007 : analyze verilog file C:/Anlogic/TD5.6.6910.2/cw\bus_top.sv
HDL-1007 : analyze verilog file C:/Anlogic/TD5.6.6910.2/cw\cfg_int.v
HDL-1007 : analyze verilog file C:/Anlogic/TD5.6.6910.2/cw\cwc_cfg_int.v
HDL-1007 : analyze verilog file C:/Anlogic/TD5.6.6910.2/cw\cwc_top.sv
HDL-1007 : analyze verilog file C:/Anlogic/TD5.6.6910.2/cw\detect_bus.v
HDL-1007 : analyze verilog file C:/Anlogic/TD5.6.6910.2/cw\detect_non_bus.v
HDL-1007 : analyze verilog file C:/Anlogic/TD5.6.6910.2/cw\emb_ctrl.v
HDL-1007 : analyze verilog file C:/Anlogic/TD5.6.6910.2/cw\register.v
HDL-1007 : analyze verilog file C:/Anlogic/TD5.6.6910.2/cw\tap.v
HDL-1007 : analyze verilog file C:/Anlogic/TD5.6.6910.2/cw\trigger.sv
HDL-1007 : analyze verilog file adc_watcherInst.sv
HDL-1007 : elaborate module CW_TOP_WRAPPER in adc_watcherInst.sv(1)
HDL-1007 : elaborate module cwc_top(BUS_NUM=7,BUS_DIN_NUM=21,BUS_CTRL_NUM=70,BUS_WIDTH='{32'sb01,32'sb01000,32'sb01,32'sb01,32'sb01,32'sb01000,32'sb01},BUS_DIN_POS='{32'sb0,32'sb01,32'sb01001,32'sb01010,32'sb01011,32'sb01100,32'sb010100},BUS_CTRL_POS='{32'sb0,32'sb0110,32'sb011010,32'sb0100000,32'sb0100110,32'sb0101100,32'sb01000000}) in C:/Anlogic/TD5.6.6910.2/cw\cwc_top.sv(21)
HDL-1007 : elaborate module cwc_cfg_int(CTRL_REG_LEN=92) in C:/Anlogic/TD5.6.6910.2/cw\cwc_cfg_int.v(21)
HDL-1007 : elaborate module register in C:/Anlogic/TD5.6.6910.2/cw\register.v(21)
HDL-1007 : elaborate module tap in C:/Anlogic/TD5.6.6910.2/cw\tap.v(21)
HDL-1007 : elaborate module trigger(BUS_NUM=7,BUS_DIN_NUM=21,BUS_CTRL_NUM=70,BUS_WIDTH='{32'sb01,32'sb01000,32'sb01,32'sb01,32'sb01,32'sb01000,32'sb01},BUS_DIN_POS='{32'sb0,32'sb01,32'sb01001,32'sb01010,32'sb01011,32'sb01100,32'sb010100},BUS_CTRL_POS='{32'sb0,32'sb0110,32'sb011010,32'sb0100000,32'sb0100110,32'sb0101100,32'sb01000000}) in C:/Anlogic/TD5.6.6910.2/cw\trigger.sv(21)
HDL-1007 : elaborate module bus_top(BUS_NODE_NUM=7,BUS_DIN_NUM=21,BUS_CTRL_NUM=70,BUS_WIDTH='{32'sb01,32'sb01000,32'sb01,32'sb01,32'sb01,32'sb01000,32'sb01},BUS_DIN_POS='{32'sb0,32'sb01,32'sb01001,32'sb01010,32'sb01011,32'sb01100,32'sb010100},BUS_CTRL_POS='{32'sb0,32'sb0110,32'sb011010,32'sb0100000,32'sb0100110,32'sb0101100,32'sb01000000}) in C:/Anlogic/TD5.6.6910.2/cw\bus_top.sv(22)
HDL-1007 : elaborate module bus_det(BUS_WIDTH=32'sb01) in C:/Anlogic/TD5.6.6910.2/cw\bus_det.v(21)
HDL-1007 : elaborate module bus_det(BUS_WIDTH=32'sb01000) in C:/Anlogic/TD5.6.6910.2/cw\bus_det.v(21)
HDL-1007 : elaborate module emb_ctrl in C:/Anlogic/TD5.6.6910.2/cw\emb_ctrl.v(21)
HDL-1200 : Current top model is CW_TOP_WRAPPER
HDL-1100 : Inferred 0 RAMs.
RUN-1002 : start command "force_keep -a auto_chipwatcher_0_logicbram"
RUN-1002 : start command "optimize_rtl -no_sch"
RUN-1001 : Open license file C:/Anlogic/TD5.6.6910.2/license/Anlogic.lic
RUN-1001 : Print Global Property
RUN-1001 : ---------------------------------------------------------------
RUN-1001 :        Parameters        |  Settings  |  Default Values  |  Note  
RUN-1001 : ---------------------------------------------------------------
RUN-1001 :          message         |  standard  |     standard     |        
RUN-1001 :   mixed_pack_place_flow  |     on     |        on        |        
RUN-1001 :        qor_monitor       |    off     |       off        |        
RUN-1001 :        syn_ip_flow       |    off     |       off        |        
RUN-1001 :          thread          |    auto    |       auto       |        
RUN-1001 : ---------------------------------------------------------------
RUN-1001 : Print Rtl Property
RUN-1001 : --------------------------------------------------------------
RUN-1001 :        Parameters       |  Settings  |  Default Values  |  Note  
RUN-1001 : --------------------------------------------------------------
RUN-1001 :       compress_add      |   ripple   |      ripple      |        
RUN-1001 :        elf_sload        |    off     |       off        |        
RUN-1001 :       fix_undriven      |     0      |        0         |        
RUN-1001 :         flatten         |    off     |       off        |        
RUN-1001 :       gate_sharing      |     on     |        on        |        
RUN-1001 :    hdl_warning_level    |   normal   |      normal      |        
RUN-1001 :   impl_internal_tribuf  |     on     |        on        |        
RUN-1001 :      impl_set_reset     |     on     |        on        |        
RUN-1001 :        infer_gsr        |    off     |       off        |        
RUN-1001 :      keep_hierarchy     |    auto    |       auto       |        
RUN-1001 :        max_fanout       |    9999    |       9999       |        
RUN-1001 :      max_oh2bin_len     |     10     |        10        |        
RUN-1001 :       merge_equal       |     on     |        on        |        
RUN-1001 :       merge_equiv       |     on     |        on        |        
RUN-1001 :        merge_mux        |    off     |       off        |        
RUN-1001 :     min_control_set     |     8      |        8         |        
RUN-1001 :      min_ripple_len     |    auto    |       auto       |        
RUN-1001 :       oh2bin_ratio      |    0.08    |       0.08       |        
RUN-1001 :     opt_adder_fanout    |     on     |        on        |        
RUN-1001 :        opt_arith        |     on     |        on        |        
RUN-1001 :       opt_big_gate      |    off     |       off        |        
RUN-1001 :        opt_const        |     on     |        on        |        
RUN-1001 :      opt_const_mult     |     on     |        on        |        
RUN-1001 :       opt_lessthan      |     on     |        on        |        
RUN-1001 :         opt_mux         |    off     |       off        |        
RUN-1001 :         opt_ram         |    high    |       high       |        
RUN-1001 :      rtl_sim_model      |    off     |       off        |        
RUN-1001 :         seq_syn         |     on     |        on        |        
RUN-1001 : --------------------------------------------------------------
SYN-1012 : SanityCheck: Model "top"
SYN-1012 : SanityCheck: Model "CW_TOP_WRAPPER"
SYN-1012 : SanityCheck: Model "cwc_top(BUS_NUM=7,BUS_DIN_NUM=21,BUS_CTRL_NUM=70,BUS_WIDTH='{32'sb01,32'sb01000,32'sb01,32'sb01,32'sb01,32'sb01000,32'sb01},BUS_DIN_POS='{32'sb0,32'sb01,32'sb01001,32'sb01010,32'sb01011,32'sb01100,32'sb010100},BUS_CTRL_POS='{32'sb0,32'sb0110,32'sb011010,32'sb0100000,32'sb0100110,32'sb0101100,32'sb01000000})"
SYN-1012 : SanityCheck: Model "cwc_cfg_int(CTRL_REG_LEN=92)"
SYN-1012 : SanityCheck: Model "register"
SYN-1012 : SanityCheck: Model "tap"
SYN-1012 : SanityCheck: Model "trigger(BUS_NUM=7,BUS_DIN_NUM=21,BUS_CTRL_NUM=70,BUS_WIDTH='{32'sb01,32'sb01000,32'sb01,32'sb01,32'sb01,32'sb01000,32'sb01},BUS_DIN_POS='{32'sb0,32'sb01,32'sb01001,32'sb01010,32'sb01011,32'sb01100,32'sb010100},BUS_CTRL_POS='{32'sb0,32'sb0110,32'sb011010,32'sb0100000,32'sb0100110,32'sb0101100,32'sb01000000})"
SYN-1012 : SanityCheck: Model "bus_top(BUS_NODE_NUM=7,BUS_DIN_NUM=21,BUS_CTRL_NUM=70,BUS_WIDTH='{32'sb01,32'sb01000,32'sb01,32'sb01,32'sb01,32'sb01000,32'sb01},BUS_DIN_POS='{32'sb0,32'sb01,32'sb01001,32'sb01010,32'sb01011,32'sb01100,32'sb010100},BUS_CTRL_POS='{32'sb0,32'sb0110,32'sb011010,32'sb0100000,32'sb0100110,32'sb0101100,32'sb01000000})"
SYN-1012 : SanityCheck: Model "bus_det(BUS_WIDTH=32'sb01)"
SYN-1012 : SanityCheck: Model "bus_det(BUS_WIDTH=32'sb01000)"
SYN-1012 : SanityCheck: Model "emb_ctrl"
SYN-1011 : Flatten model top
SYN-1032 : 1294/27 useful/useless nets, 567/19 useful/useless insts
SYN-1016 : Merged 36 instances.
SYN-1032 : 1039/10 useful/useless nets, 909/10 useful/useless insts
SYN-1014 : Optimize round 1
SYN-1032 : 1023/16 useful/useless nets, 897/12 useful/useless insts
SYN-1021 : Optimized 2 onehot mux instances.
SYN-1020 : Optimized 1 distributor mux.
SYN-1019 : Optimized 2 mux instances.
SYN-1015 : Optimize round 1, 337 better
SYN-1014 : Optimize round 2
SYN-1032 : 791/30 useful/useless nets, 665/32 useful/useless insts
SYN-1015 : Optimize round 2, 64 better
SYN-1014 : Optimize round 1
SYN-1015 : Optimize round 1, 0 better
RUN-1002 : start command "optimize_gate -no_sch"
RUN-1001 : Open license file C:/Anlogic/TD5.6.6910.2/license/Anlogic.lic
RUN-1001 : Print Global Property
RUN-1001 : ---------------------------------------------------------------
RUN-1001 :        Parameters        |  Settings  |  Default Values  |  Note  
RUN-1001 : ---------------------------------------------------------------
RUN-1001 :          message         |  standard  |     standard     |        
RUN-1001 :   mixed_pack_place_flow  |     on     |        on        |        
RUN-1001 :        qor_monitor       |    off     |       off        |        
RUN-1001 :        syn_ip_flow       |    off     |       off        |        
RUN-1001 :          thread          |    auto    |       auto       |        
RUN-1001 : ---------------------------------------------------------------
RUN-1001 : Print Gate Property
RUN-1001 : ------------------------------------------------------------------
RUN-1001 :          Parameters         |  Settings  |  Default Values  |  Note  
RUN-1001 : ------------------------------------------------------------------
RUN-1001 :         cascade_dsp         |    off     |       off        |        
RUN-1001 :         cascade_eram        |    off     |       off        |        
RUN-1001 :        gate_sim_model       |    off     |       off        |        
RUN-1001 :        map_sim_model        |    off     |       off        |        
RUN-1001 :         map_strategy        |     1      |        1         |        
RUN-1001 :           opt_area          |   medium   |      medium      |        
RUN-1001 :          opt_timing         |    auto    |       auto       |        
RUN-1001 :         pack_effort         |   medium   |      medium      |        
RUN-1001 :      pack_lslice_ripple     |     on     |        on        |        
RUN-1001 :   pack_lslice_ripple_ratio  |    0.5     |       0.5        |        
RUN-1001 :        pack_seq_in_io       |    auto    |       auto       |        
RUN-1001 :        ph1_mux_ratio        |    1.0     |       1.0        |        
RUN-1001 :            report           |  standard  |     standard     |        
RUN-1001 :           retiming          |    off     |       off        |        
RUN-1001 : ------------------------------------------------------------------
SYN-2001 : Map 18 IOs to PADs
RUN-1002 : start command "update_pll_param -module top"
SYN-2501 : Processed 0 LOGIC_BUF instances.
SYN-2512 : LOGIC BRAM "auto_chipwatcher_0_logicbram"
SYN-2571 : Optimize after map_dsp, round 1
SYN-1032 : 793/42 useful/useless nets, 671/24 useful/useless insts
SYN-1016 : Merged 1 instances.
SYN-2571 : Optimize after map_dsp, round 1, 67 better
SYN-2571 : Optimize after map_dsp, round 2
SYN-2571 : Optimize after map_dsp, round 2, 0 better
SYN-1001 : Throwback 3 control mux instances
SYN-2501 : Optimize round 1
SYN-1016 : Merged 16 instances.
SYN-2501 : Optimize round 1, 34 better
SYN-2501 : Optimize round 2
SYN-2501 : Optimize round 2, 0 better
SYN-2501 : Map 14 macro adder
SYN-1019 : Optimized 9 mux instances.
SYN-1016 : Merged 10 instances.
SYN-1032 : 1176/3 useful/useless nets, 1054/2 useful/useless insts
SYN-3001 : Running gate level optimization.
SYN-2581 : Mapping with K=5, #lut = 174 (3.81), #lev = 5 (2.09)
SYN-2551 : Post LUT mapping optimization.
SYN-2581 : Mapping with K=5, #lut = 178 (3.88), #lev = 4 (1.89)
SYN-3001 : Logic optimization runtime opt =   0.03 sec, map =   0.00 sec
SYN-3001 : Mapper mapped 472 instances into 178 LUTs, name keeping = 76%.
SYN-1001 : Packing model "top" ...
SYN-4010 : Pack lib has 58 rtl pack models with 25 top pack blocks
SYN-1014 : Optimize round 1
SYN-1015 : Optimize round 1, 0 better
SYN-4002 : Packing 304 DFF/LATCH to SEQ ...
SYN-4009 : Pack 7 carry chain into lslice
SYN-4007 : Packing 92 adder to BLE ...
SYN-4008 : Packed 92 adder and 0 SEQ to BLE.
SYN-4007 : Packing 0 gate4 to BLE ...
SYN-4008 : Packed 0 gate4 and 0 SEQ to BLE.
SYN-4012 : Packed 0 FxMUX
RUN-1002 : start command "legalize_phy_inst"
SYN-1011 : Flatten model top
KIT-1004 : Compile Chipwatcher: Clear obsolete physical data.
RUN-1003 : finish command "compile_watcher" in  1.096816s wall, 0.750000s user + 0.031250s system = 0.781250s CPU (71.2%)

RUN-1004 : used memory is 109 MB, reserved memory is 74 MB, peak memory is 113 MB
RUN-1002 : start command "place"
RUN-1001 : Open license file C:/Anlogic/TD5.6.6910.2/license/Anlogic.lic
RUN-1001 : Print Global Property
RUN-1001 : ---------------------------------------------------------------
RUN-1001 :        Parameters        |  Settings  |  Default Values  |  Note  
RUN-1001 : ---------------------------------------------------------------
RUN-1001 :          message         |  standard  |     standard     |        
RUN-1001 :   mixed_pack_place_flow  |     on     |        on        |        
RUN-1001 :        qor_monitor       |    off     |       off        |        
RUN-1001 :        syn_ip_flow       |    off     |       off        |        
RUN-1001 :          thread          |    auto    |       auto       |        
RUN-1001 : ---------------------------------------------------------------
RUN-1001 : Print Place Property
RUN-1001 : --------------------------------------------------------------
RUN-1001 :        Parameters       |  Settings  |  Default Values  |  Note  
RUN-1001 : --------------------------------------------------------------
RUN-1001 :      detailed_place     |     on     |        on        |        
RUN-1001 :          effort         |   medium   |      medium      |        
RUN-1001 :         fix_hold        |    off     |       off        |        
RUN-1001 :       legalization      |    ori     |       ori        |        
RUN-1001 :      new_spreading      |     on     |        on        |        
RUN-1001 :        opt_timing       |   medium   |      medium      |        
RUN-1001 :   post_clock_route_opt  |    off     |       off        |        
RUN-1001 :       pr_strategy       |     1      |        1         |        
RUN-1001 :        relaxation       |    1.00    |       1.00       |        
RUN-1001 :         retiming        |    off     |       off        |        
RUN-1001 : --------------------------------------------------------------
PHY-3001 : Placer runs in 16 thread(s).
RUN-1002 : start command "legalize_phy_inst"
SYN-1011 : Flatten model top
SYN-5055 WARNING: The kept net rx/uart_data_b[7] will be merged to another kept net rx/uart_data[7]
SYN-5055 WARNING: The kept net rx/uart_data_b[6] will be merged to another kept net rx/uart_data[6]
SYN-5055 WARNING: The kept net rx/uart_data_b[5] will be merged to another kept net rx/uart_data[5]
SYN-5055 WARNING: The kept net rx/uart_data_b[4] will be merged to another kept net rx/uart_data[4]
SYN-5055 WARNING: The kept net rx/uart_data_b[3] will be merged to another kept net rx/uart_data[3]
SYN-5055 WARNING: The kept net rx/uart_data_b[2] will be merged to another kept net rx/uart_data[2]
SYN-5055 WARNING: The kept net rx/uart_data_b[1] will be merged to another kept net rx/uart_data[1]
SYN-5055 WARNING: The kept net type/uart_data[0] will be merged to another kept net rx/uart_data[0]
RUN-1002 : start command "phys_opt -simplify_lut"
SYN-4016 : Net config_inst_syn_10 driven by BUFG (200 clock/control pins, 0 other pins).
SYN-4024 : Net "clk_dup_3" drives clk pins.
SYN-4025 : Tag rtl::Net clk_dup_3 as clock net
SYN-4025 : Tag rtl::Net config_inst_syn_10 as clock net
SYN-4026 : Tagged 2 rtl::Net as clock net
PHY-1001 : Populate physical database on model top.
RUN-1001 : There are total 598 instances
RUN-0007 : 178 luts, 312 seqs, 46 mslices, 35 lslices, 18 pads, 5 brams, 0 dsps
RUN-1001 : There are total 732 nets
RUN-1001 : 367 nets have 2 pins
RUN-1001 : 314 nets have [3 - 5] pins
RUN-1001 : 21 nets have [6 - 10] pins
RUN-1001 : 20 nets have [11 - 20] pins
RUN-1001 : 5 nets have [21 - 99] pins
RUN-1001 : 5 nets have 100+ pins
RUN-1001 : Report Control nets information:
RUN-1001 : DFF Distribution
RUN-1001 : ----------------------------------
RUN-1001 :   CE   |  SSR  |  ASR  |  DFF Count  
RUN-1001 : ----------------------------------
RUN-1001 :   No   |  No   |  No   |      2      
RUN-1001 :   No   |  No   |  Yes  |     114     
RUN-1001 :   No   |  Yes  |  No   |      0      
RUN-1001 :   Yes  |  No   |  No   |      0      
RUN-1001 :   Yes  |  No   |  Yes  |     196     
RUN-1001 :   Yes  |  Yes  |  No   |      0      
RUN-1001 : ----------------------------------
RUN-0007 : Control Group Statistic
RUN-0007 : ---------------------------
RUN-0007 :   #CLK  |  #CE  |  #SSR/ASR  
RUN-0007 : ---------------------------
RUN-0007 :    2    |   4   |     5      
RUN-0007 : ---------------------------
RUN-0007 : Control Set = 8
PHY-3001 : Initial placement ...
PHY-3001 : design contains 596 instances, 178 luts, 312 seqs, 81 slices, 14 macros(81 instances: 46 mslices 35 lslices)
PHY-0007 : Cell area utilization is 1%
PHY-3001 : Global placement ...
PHY-3001 : Initial: Len = 232174
PHY-3001 : Clustering ...
PHY-3001 : Level 0 #clusters 596.
PHY-3001 : End clustering;  0.000018s wall, 0.000000s user + 0.000000s system = 0.000000s CPU (n/a%)

PHY-3001 : Run with size of 4
PHY-3001 : Cell area utilization is 1%
PHY-3001 : :::0::: Try harder cell spreading with beta_ = 0
PHY-3002 : Step(1): len = 140302, overlap = 9
PHY-3002 : Step(2): len = 88814, overlap = 11.25
PHY-3002 : Step(3): len = 60941.7, overlap = 9
PHY-3002 : Step(4): len = 45255.8, overlap = 11.25
PHY-3002 : Step(5): len = 39672.2, overlap = 11.25
PHY-3002 : Step(6): len = 34627.6, overlap = 11.25
PHY-3002 : Step(7): len = 28053, overlap = 11.25
PHY-3002 : Step(8): len = 25778.6, overlap = 11.25
PHY-3002 : Step(9): len = 21645.8, overlap = 11.25
PHY-3002 : Step(10): len = 19965.8, overlap = 11.25
PHY-3002 : Step(11): len = 18175, overlap = 11.25
PHY-3002 : Step(12): len = 17412, overlap = 11.25
PHY-3002 : Step(13): len = 15240.3, overlap = 11.3125
PHY-3002 : Step(14): len = 14598.8, overlap = 11.25
PHY-3002 : Step(15): len = 14555, overlap = 11.25
PHY-3001 : :::1::: Try harder cell spreading with beta_ = 1.70008e-05
PHY-3002 : Step(16): len = 14559.7, overlap = 6.75
PHY-3002 : Step(17): len = 14103.4, overlap = 6.75
PHY-3002 : Step(18): len = 13829.4, overlap = 6.75
PHY-3002 : Step(19): len = 13290.4, overlap = 6.75
PHY-3002 : Step(20): len = 13166.5, overlap = 6.75
PHY-3002 : Step(21): len = 13127.3, overlap = 11.25
PHY-3001 : :::2::: Try harder cell spreading with beta_ = 3.40015e-05
PHY-3002 : Step(22): len = 13324.6, overlap = 6.75
PHY-3002 : Step(23): len = 13364.7, overlap = 6.75
PHY-3002 : Step(24): len = 13496.5, overlap = 6.75
PHY-3001 : :::3::: Try harder cell spreading with beta_ = 6.80031e-05
PHY-3002 : Step(25): len = 13532.6, overlap = 2.25
PHY-3002 : Step(26): len = 13483.9, overlap = 2.25
PHY-3002 : Step(27): len = 13403.2, overlap = 4.5
PHY-3001 : :::4::: Try harder cell spreading with beta_ = 0.000136006
PHY-3002 : Step(28): len = 13115.6, overlap = 6.75
PHY-3002 : Step(29): len = 13088.8, overlap = 6.75
PHY-3002 : Step(30): len = 13071.1, overlap = 6.75
PHY-3001 : :::5::: Try harder cell spreading with beta_ = 0.000272012
PHY-3002 : Step(31): len = 13111.2, overlap = 4.5
PHY-3002 : Step(32): len = 13089.9, overlap = 4.5
PHY-3002 : Step(33): len = 13074.9, overlap = 4.5
PHY-3001 : Legalization ...
PHY-3001 : End legalization;  0.011167s wall, 0.000000s user + 0.000000s system = 0.000000s CPU (n/a%)

PHY-3001 : Run with size of 4
PHY-3001 : Cell area utilization is 2%
PHY-3001 : :::0::: Try harder cell spreading with beta_ = 0
PHY-3002 : Step(34): len = 13839.5, overlap = 15.5625
PHY-3002 : Step(35): len = 13839.5, overlap = 15.5625
PHY-3002 : Step(36): len = 13164.8, overlap = 16.9062
PHY-3002 : Step(37): len = 13289.4, overlap = 17.0938
PHY-3002 : Step(38): len = 13423.3, overlap = 18.4062
PHY-3001 : Run with size of 2
PHY-3001 : Cell area utilization is 2%
PHY-3001 : :::0::: Try harder cell spreading with beta_ = 1.48214e-05
PHY-3002 : Step(39): len = 13812.1, overlap = 32.5
PHY-3002 : Step(40): len = 14203.9, overlap = 30.375
PHY-3002 : Step(41): len = 14881.9, overlap = 25.5312
PHY-3001 : :::1::: Try harder cell spreading with beta_ = 2.96428e-05
PHY-3002 : Step(42): len = 14355.6, overlap = 25.75
PHY-3002 : Step(43): len = 14697.9, overlap = 25.4375
PHY-3002 : Step(44): len = 15379.7, overlap = 20.7812
PHY-3002 : Step(45): len = 15579.1, overlap = 23.5625
PHY-3002 : Step(46): len = 14534.7, overlap = 22.4688
PHY-3002 : Step(47): len = 14543.2, overlap = 20.1562
PHY-3002 : Step(48): len = 14592.7, overlap = 22.0625
PHY-3001 : :::2::: Try harder cell spreading with beta_ = 5.92857e-05
PHY-3002 : Step(49): len = 14511.2, overlap = 21.8125
PHY-3002 : Step(50): len = 14572.1, overlap = 21.8125
PHY-3002 : Step(51): len = 14653.1, overlap = 20.375
PHY-3001 : :::3::: Try harder cell spreading with beta_ = 0.000118571
PHY-3002 : Step(52): len = 14499.1, overlap = 16.5312
PHY-3002 : Step(53): len = 14602.5, overlap = 16.4688
PHY-3002 : Step(54): len = 14938, overlap = 16.375
PHY-3001 : :::4::: Try harder cell spreading with beta_ = 0.000237143
PHY-3002 : Step(55): len = 14962.4, overlap = 16.9375
PHY-3002 : Step(56): len = 14969.6, overlap = 16.8125
PHY-3001 : :::5::: Try harder cell spreading with beta_ = 0.000474285
PHY-3002 : Step(57): len = 15050.6, overlap = 15.0625
PHY-3002 : Step(58): len = 15092.3, overlap = 15.125
OPT-1001 : Start physical optimization ...
OPT-1001 : Total overflow 37.34 peak overflow 3.75
OPT-1001 : Start high-fanout net optimization ...
OPT-1001 : Update timing in global mode
PHY-1001 : Start incremental global routing, caller is place ...
RUN-1001 : Generating global routing grids ...
RUN-1001 : Building simple global routing graph ...
PHY-1001 : Generate routing nets ...
PHY-1001 : Reuse net number 0/732.
PHY-1001 : Global iterations in 16 thread ...
PHY-1002 : len = 16920, over cnt = 75(0%), over = 265, worst = 12
PHY-1001 : End global iterations;  0.070126s wall, 0.015625s user + 0.015625s system = 0.031250s CPU (44.6%)

PHY-1001 : Congestion index: top1 = 24.18, top5 = 10.56, top10 = 5.61, top15 = 3.74.
PHY-1001 : End incremental global routing;  0.154713s wall, 0.015625s user + 0.015625s system = 0.031250s CPU (20.2%)

RUN-1002 : start command "start_timer -report"
TMR-5001 WARNING: No sdc constraints found while initiating timer.
TMR-2505 : Start building timing graph for model top.
TMR-2506 : Build timing graph completely. Port num: 11, tpin num: 3038, tnet num: 730, tinst num: 596, tnode num: 4195, tedge num: 5076.
TMR-2508 : Levelizing timing graph completed, there are 29 levels in total.
TMR-2501 : Timing graph initialized successfully.
OPT-1001 : End timing update;  0.145342s wall, 0.140625s user + 0.000000s system = 0.140625s CPU (96.8%)

OPT-1001 : 0 high-fanout net processed.
OPT-1001 : End high-fanout net optimization;  0.314322s wall, 0.171875s user + 0.015625s system = 0.187500s CPU (59.7%)

OPT-1001 : Current memory(MB): used = 159, reserve = 123, peak = 159.
OPT-1001 : End physical optimization;  0.325044s wall, 0.171875s user + 0.015625s system = 0.187500s CPU (57.7%)

PHY-3001 : Start packing ...
SYN-4007 : Packing 0 MUX to BLE ...
SYN-4008 : Packed 0 MUX and 0 SEQ to BLE.
SYN-4007 : Packing 178 LUT to BLE ...
SYN-4008 : Packed 178 LUT and 61 SEQ to BLE.
SYN-4003 : Packing 251 remaining SEQ's ...
SYN-4005 : Packed 133 SEQ with LUT/SLICE
SYN-4006 : 5 single LUT's are left
SYN-4006 : 118 single SEQ's are left
SYN-4011 : Packing model "top" (AL_USER_NORMAL) with 296/448 primitive instances ...
PHY-3001 : End packing;  0.025772s wall, 0.015625s user + 0.000000s system = 0.015625s CPU (60.6%)

PHY-1001 : Populate physical database on model top.
RUN-1001 : There are total 279 instances
RUN-1001 : 126 mslices, 126 lslices, 18 pads, 5 brams, 0 dsps
RUN-1001 : There are total 672 nets
RUN-1001 : 275 nets have 2 pins
RUN-1001 : 347 nets have [3 - 5] pins
RUN-1001 : 21 nets have [6 - 10] pins
RUN-1001 : 14 nets have [11 - 20] pins
RUN-1001 : 12 nets have [21 - 99] pins
RUN-1001 : 3 nets have 100+ pins
PHY-3001 : design contains 277 instances, 252 slices, 14 macros(81 instances: 46 mslices 35 lslices)
PHY-3001 : Cell area utilization is 3%
PHY-3001 : After packing: Len = 15613.6, Over = 21.25
PHY-3001 : Run with size of 2
PHY-3001 : Cell area utilization is 3%
PHY-3001 : :::0::: Try harder cell spreading with beta_ = 1.24607e-05
PHY-3002 : Step(59): len = 15073.4, overlap = 21
PHY-3002 : Step(60): len = 15116, overlap = 22
PHY-3002 : Step(61): len = 15181.9, overlap = 21
PHY-3001 : :::1::: Try harder cell spreading with beta_ = 2.49215e-05
PHY-3002 : Step(62): len = 15064.3, overlap = 21.5
PHY-3002 : Step(63): len = 15172.4, overlap = 21.25
PHY-3002 : Step(64): len = 15351, overlap = 20
PHY-3001 : :::2::: Try harder cell spreading with beta_ = 4.9843e-05
PHY-3002 : Step(65): len = 15950.5, overlap = 16
PHY-3002 : Step(66): len = 16129, overlap = 16
PHY-3002 : Step(67): len = 16393.3, overlap = 19
PHY-3002 : Step(68): len = 16402.3, overlap = 17.75
PHY-3002 : Step(69): len = 16335.2, overlap = 17.25
PHY-3001 : Legalization ...
PHY-3001 : End legalization;  0.080434s wall, 0.000000s user + 0.031250s system = 0.031250s CPU (38.9%)

PHY-3001 : Trial Legalized: Len = 22330.2
PHY-3001 : Run with size of 2
PHY-3001 : Cell area utilization is 3%
PHY-3001 : :::0::: Try harder cell spreading with beta_ = 0.00106969
PHY-3002 : Step(70): len = 20285.4, overlap = 2.5
PHY-3002 : Step(71): len = 19149.9, overlap = 4.5
PHY-3002 : Step(72): len = 18832.1, overlap = 5.25
PHY-3002 : Step(73): len = 18128.3, overlap = 4.75
PHY-3002 : Step(74): len = 17900.2, overlap = 5.25
PHY-3002 : Step(75): len = 17891, overlap = 5.25
PHY-3002 : Step(76): len = 17862.2, overlap = 5.5
PHY-3002 : Step(77): len = 17828.9, overlap = 5.5
PHY-3001 : :::1::: Try harder cell spreading with beta_ = 0.00213939
PHY-3002 : Step(78): len = 17781.1, overlap = 5.75
PHY-3002 : Step(79): len = 17762.8, overlap = 5.5
PHY-3001 : :::2::: Try harder cell spreading with beta_ = 0.00427877
PHY-3002 : Step(80): len = 17807.1, overlap = 5.5
PHY-3002 : Step(81): len = 17815.9, overlap = 5.25
PHY-3001 : Legalization ...
PHY-3001 : End legalization;  0.005294s wall, 0.000000s user + 0.000000s system = 0.000000s CPU (n/a%)

PHY-3001 : Legalized: Len = 20030.2, Over = 0
PHY-3001 : End spreading;  0.003733s wall, 0.000000s user + 0.000000s system = 0.000000s CPU (n/a%)

PHY-3001 : Final: Len = 20030.2, Over = 0
OPT-1001 : Start physical optimization ...
OPT-1001 : Total overflow 0.00 peak overflow 0.00
OPT-1001 : Start high-fanout net optimization ...
OPT-1001 : Update timing in global mode
PHY-1001 : Start incremental global routing, caller is place ...
RUN-1001 : Generating global routing grids ...
PHY-1001 : Generate routing nets ...
PHY-1001 : Reuse net number 37/672.
PHY-1001 : Global iterations in 16 thread ...
PHY-1002 : len = 23232, over cnt = 76(0%), over = 110, worst = 5
PHY-1002 : len = 23672, over cnt = 40(0%), over = 49, worst = 3
PHY-1002 : len = 24352, over cnt = 2(0%), over = 2, worst = 1
PHY-1002 : len = 24392, over cnt = 0(0%), over = 0, worst = 0
PHY-1001 : End global iterations;  0.165391s wall, 0.062500s user + 0.015625s system = 0.078125s CPU (47.2%)

PHY-1001 : Congestion index: top1 = 24.70, top5 = 14.37, top10 = 8.17, top15 = 5.45.
PHY-1001 : End incremental global routing;  0.232950s wall, 0.109375s user + 0.015625s system = 0.125000s CPU (53.7%)

RUN-1002 : start command "start_timer -report"
TMR-5001 WARNING: No sdc constraints found while initiating timer.
TMR-2505 : Start building timing graph for model top.
TMR-2506 : Build timing graph completely. Port num: 11, tpin num: 2654, tnet num: 670, tinst num: 277, tnode num: 3456, tedge num: 4562.
TMR-2508 : Levelizing timing graph completed, there are 29 levels in total.
TMR-2501 : Timing graph initialized successfully.
OPT-1001 : End timing update;  0.162457s wall, 0.125000s user + 0.000000s system = 0.125000s CPU (76.9%)

OPT-1001 : 0 high-fanout net processed.
OPT-1001 : End high-fanout net optimization;  0.410732s wall, 0.250000s user + 0.015625s system = 0.265625s CPU (64.7%)

OPT-1001 : Current memory(MB): used = 160, reserve = 124, peak = 160.
OPT-1001 : Update timing in Manhattan mode
OPT-1001 : End timing update;  0.001397s wall, 0.000000s user + 0.000000s system = 0.000000s CPU (n/a%)

OPT-1001 : Start pin optimization...
OPT-1001 : skip pin optimization...
RUN-1001 : Generating global routing grids ...
PHY-1001 : Generate routing nets ...
PHY-1001 : Reuse net number 584/672.
PHY-1001 : Global iterations in 16 thread ...
PHY-1002 : len = 24392, over cnt = 0(0%), over = 0, worst = 0
PHY-1001 : End global iterations;  0.006401s wall, 0.000000s user + 0.000000s system = 0.000000s CPU (n/a%)

PHY-1001 : Congestion index: top1 = 24.70, top5 = 14.37, top10 = 8.17, top15 = 5.45.
OPT-1001 : Update timing in Manhattan mode
OPT-1001 : End timing update;  0.001549s wall, 0.015625s user + 0.000000s system = 0.015625s CPU (1008.9%)

RUN-1001 : QoR Analysis:
OPT-0007 :   WNS 2147483647 TNS 0 NUM_FEPS 0
RUN-1001 :   No local congestion issue, and most congested 1% tile average routing util is 24.172414
RUN-1001 :   Top critical paths
OPT-1001 : End physical optimization;  0.491496s wall, 0.296875s user + 0.015625s system = 0.312500s CPU (63.6%)

RUN-1003 : finish command "place" in  4.303637s wall, 0.921875s user + 0.703125s system = 1.625000s CPU (37.8%)

RUN-1004 : used memory is 144 MB, reserved memory is 108 MB, peak memory is 160 MB
RUN-1002 : start command "export_db adc_place.db"
RUN-1001 : Exported /
RUN-1001 : Exported flow parameters
RUN-1001 : Exported libs
RUN-1001 : Exported entities
RUN-1001 : Exported ports
RUN-1001 : Exported pins
RUN-1001 : Exported instances
RUN-1001 : Exported nets
RUN-1001 : Exported buses
RUN-1001 : Exported models
RUN-1001 : Exported congestions
RUN-1001 : Exported violations
RUN-1001 : Exported IO constraints
RUN-1001 : Exported Inst constraints
RUN-1001 : Exported ChipWatcher
RUN-1002 : start command "route"
RUN-1001 : Open license file C:/Anlogic/TD5.6.6910.2/license/Anlogic.lic
RUN-1001 : Print Global Property
RUN-1001 : ---------------------------------------------------------------
RUN-1001 :        Parameters        |  Settings  |  Default Values  |  Note  
RUN-1001 : ---------------------------------------------------------------
RUN-1001 :          message         |  standard  |     standard     |        
RUN-1001 :   mixed_pack_place_flow  |     on     |        on        |        
RUN-1001 :        qor_monitor       |    off     |       off        |        
RUN-1001 :        syn_ip_flow       |    off     |       off        |        
RUN-1001 :          thread          |    auto    |       auto       |        
RUN-1001 : ---------------------------------------------------------------
RUN-1001 : Print Route Property
RUN-1001 : -------------------------------------------------------
RUN-1001 :    Parameters    |  Settings  |  Default Values  |  Note  
RUN-1001 : -------------------------------------------------------
RUN-1001 :      effort      |   medium   |      medium      |        
RUN-1001 :     fix_hold     |    off     |       off        |        
RUN-1001 :    opt_timing    |   medium   |      medium      |        
RUN-1001 :   phy_sim_model  |    off     |       off        |        
RUN-1001 :     priority     |   timing   |      timing      |        
RUN-1001 :     swap_pin     |     on     |        on        |        
RUN-1001 : -------------------------------------------------------
PHY-1001 : Route runs in 16 thread(s)
RUN-1001 : There are total 279 instances
RUN-1001 : 126 mslices, 126 lslices, 18 pads, 5 brams, 0 dsps
RUN-1001 : There are total 672 nets
RUN-1001 : 275 nets have 2 pins
RUN-1001 : 347 nets have [3 - 5] pins
RUN-1001 : 21 nets have [6 - 10] pins
RUN-1001 : 14 nets have [11 - 20] pins
RUN-1001 : 12 nets have [21 - 99] pins
RUN-1001 : 3 nets have 100+ pins
RUN-1002 : start command "start_timer -report"
TMR-5001 WARNING: No sdc constraints found while initiating timer.
TMR-2505 : Start building timing graph for model top.
TMR-2506 : Build timing graph completely. Port num: 11, tpin num: 2654, tnet num: 670, tinst num: 277, tnode num: 3456, tedge num: 4562.
TMR-2508 : Levelizing timing graph completed, there are 29 levels in total.
TMR-2501 : Timing graph initialized successfully.
PHY-1001 : 126 mslices, 126 lslices, 18 pads, 5 brams, 0 dsps
TMR-2503 : Start to update net delay, extr mode = 3.
TMR-2504 : Update delay of 670 nets completely.
TMR-2502 : Annotate delay completely, extr mode = 3.
TMR-3002 : No user constraint, initiate default constraint.
TMR-1501 : Assign derive clock DeriveClock to 370 clock pins, and constraint 801 relative nodes.
TMR-3003 : Constraints initiated successfully.
TMR-3501 : Forward propagation: start to calculate arrival time...
TMR-3502 : Backward propagation: start to calculate required time...
TMR-3503 : Timing propagation completes.
PHY-1001 : Start global routing, caller is route ...
RUN-1001 : Generating global routing grids ...
PHY-1001 : Generate routing nets ...
PHY-1001 : Global iterations in 16 thread ...
PHY-1002 : len = 23040, over cnt = 69(0%), over = 103, worst = 5
PHY-1002 : len = 23424, over cnt = 40(0%), over = 53, worst = 3
PHY-1002 : len = 24144, over cnt = 1(0%), over = 1, worst = 1
PHY-1002 : len = 24168, over cnt = 0(0%), over = 0, worst = 0
PHY-1001 : End global iterations;  0.163164s wall, 0.046875s user + 0.000000s system = 0.046875s CPU (28.7%)

PHY-1001 : Congestion index: top1 = 24.53, top5 = 14.14, top10 = 8.05, top15 = 5.37.
PHY-1001 : End global routing;  0.242403s wall, 0.109375s user + 0.015625s system = 0.125000s CPU (51.6%)

PHY-1001 : Start detail routing ...
PHY-1001 : Current memory(MB): used = 185, reserve = 149, peak = 200.
PHY-1001 : Detailed router is running in normal mode.
PHY-1001 : Generate detailed routing grids ...
PHY-1001 : Generate nets ...
PHY-1001 : net clk_dup_3 will be routed on clock mesh
PHY-1001 : clock net config_inst_syn_10 will be merged with clock config_inst_syn_9
PHY-1001 : Current memory(MB): used = 453, reserve = 422, peak = 453.
PHY-1001 : End build detailed router design. 4.705811s wall, 3.765625s user + 0.359375s system = 4.125000s CPU (87.7%)

PHY-1001 : Detail Route ...
PHY-1001 : ===== Detail Route Phase 1 =====
PHY-1001 : Clock net routing.....
PHY-1001 : Routed 0% nets.
PHY-1022 : len = 19256, over cnt = 0(0%), over = 0, worst = 0, crit = 0
PHY-1001 : End initial clock net routed; 1.029585s wall, 0.609375s user + 0.093750s system = 0.703125s CPU (68.3%)

PHY-1001 : Current memory(MB): used = 484, reserve = 453, peak = 484.
PHY-1001 : End phase 1; 1.042410s wall, 0.625000s user + 0.093750s system = 0.718750s CPU (69.0%)

PHY-1001 : ===== Detail Route Phase 2 =====
PHY-1001 : Initial routing.....
PHY-1001 : Routed 34% nets.
PHY-1001 : Routed 40% nets.
PHY-1001 : Routed 51% nets.
PHY-1001 : Routed 66% nets.
PHY-1001 : Routed 86% nets.
PHY-1022 : len = 97880, over cnt = 13(0%), over = 13, worst = 1, crit = 0
PHY-1001 : Current memory(MB): used = 484, reserve = 453, peak = 484.
PHY-1001 : End initial routed; 2.176806s wall, 1.015625s user + 0.031250s system = 1.046875s CPU (48.1%)

PHY-1001 : Current memory(MB): used = 484, reserve = 453, peak = 484.
PHY-1001 : End phase 2; 2.176869s wall, 1.015625s user + 0.031250s system = 1.046875s CPU (48.1%)

PHY-1001 : ===== Detail Route Phase 3 =====
PHY-1001 : Ripup-reroute.....
PHY-1001 : ===== DR Iter 1 =====
PHY-1022 : len = 97856, over cnt = 1(0%), over = 1, worst = 1, crit = 0
PHY-1001 : End DR Iter 1; 0.025931s wall, 0.031250s user + 0.000000s system = 0.031250s CPU (120.5%)

PHY-1001 : ===== DR Iter 2 =====
PHY-1022 : len = 97872, over cnt = 0(0%), over = 0, worst = 0, crit = 0
PHY-1001 : End DR Iter 2; 0.023051s wall, 0.015625s user + 0.000000s system = 0.015625s CPU (67.8%)

PHY-1001 : Commit to database.....
PHY-1001 : 0 feed throughs used by 0 nets
PHY-1001 : End commit to database; 0.106259s wall, 0.093750s user + 0.000000s system = 0.093750s CPU (88.2%)

PHY-1001 : Current memory(MB): used = 495, reserve = 464, peak = 495.
PHY-1001 : End phase 3; 0.293006s wall, 0.234375s user + 0.000000s system = 0.234375s CPU (80.0%)

PHY-1003 : Routed, final wirelength = 97872
PHY-1001 : Current memory(MB): used = 495, reserve = 464, peak = 495.
PHY-1001 : End export database. 0.021253s wall, 0.015625s user + 0.000000s system = 0.015625s CPU (73.5%)

PHY-1001 : End detail routing;  8.550332s wall, 5.796875s user + 0.546875s system = 6.343750s CPU (74.2%)

RUN-1003 : finish command "route" in  9.049425s wall, 6.093750s user + 0.562500s system = 6.656250s CPU (73.6%)

RUN-1004 : used memory is 434 MB, reserved memory is 403 MB, peak memory is 495 MB
RUN-1002 : start command "report_area -io_info -file adc_phy.area"
RUN-1001 : standard
***Report Model: top Device: EG4S20NG88***

IO Statistics
#IO                        18
  #input                   14
  #output                   4
  #inout                    0

Utilization Statistics
#lut                      363   out of  19600    1.85%
#reg                      312   out of  19600    1.59%
#le                       481
  #lut only               169   out of    481   35.14%
  #reg only               118   out of    481   24.53%
  #lut&reg                194   out of    481   40.33%
#dsp                        0   out of     29    0.00%
#bram                       5   out of     64    7.81%
  #bram9k                   5
  #fifo9k                   0
#bram32k                    0   out of     16    0.00%
#pad                       18   out of     66   27.27%
  #ireg                     0
  #oreg                     0
  #treg                     0
#pll                        0   out of      4    0.00%
#gclk                       1   out of     16    6.25%

Clock Resource Statistics
Index     ClockNet             Type               DriverType         Driver              Fanout
#1        config_inst_syn_9    GCLK               config             config_inst.jtck    113
#2        clk_dup_3            GCLK               io                 clk_syn_4.di        72


Detailed IO Report

     Name       Direction    Location    IOStandard    DriveStrength    PullType    PackReg  
     clk          INPUT        P34        LVCMOS25          N/A          PULLUP      NONE    
  data_in[7]      INPUT         P2        LVCMOS25          N/A          PULLUP      NONE    
  data_in[6]      INPUT         P3        LVCMOS25          N/A          PULLUP      NONE    
  data_in[5]      INPUT         P4        LVCMOS25          N/A          PULLUP      NONE    
  data_in[4]      INPUT         P5        LVCMOS25          N/A          PULLUP      NONE    
  data_in[3]      INPUT        P10        LVCMOS25          N/A          PULLUP      NONE    
  data_in[2]      INPUT        P11        LVCMOS25          N/A          PULLUP      NONE    
  data_in[1]      INPUT        P12        LVCMOS25          N/A          PULLUP      NONE    
  data_in[0]      INPUT        P13        LVCMOS25          N/A          PULLUP      NONE    
     eoc          INPUT        P60        LVCMOS25          N/A          PULLUP      NONE    
     key1         INPUT        P50        LVCMOS25          N/A          PULLUP      NONE    
     key2         INPUT        P28        LVCMOS25          N/A           N/A        NONE    
   reset_n        INPUT        P55        LVCMOS25          N/A          PULLUP      NONE    
   uart_rxd       INPUT        P54        LVCMOS25          N/A          PULLUP      NONE    
     ale         OUTPUT        P23        LVCMOS25           8            N/A        NONE    
      oe         OUTPUT        P86        LVCMOS25           8            NONE       NONE    
    start        OUTPUT        P59        LVCMOS25           8            NONE       NONE    
   uart_txd      OUTPUT        P52        LVCMOS25           8            NONE       NONE    

Report Hierarchy Area:
+---------------------------------------------------------------------------------------------------------+
|Instance                            |Module         |le     |lut     |ripple  |seq     |bram    |dsp     |
+---------------------------------------------------------------------------------------------------------+
|top                                 |top            |481    |282     |81      |312     |5       |0       |
|  rx                                |uart_rx        |8      |0       |0       |8       |0       |0       |
|  cw_top                            |CW_TOP_WRAPPER |470    |279     |81      |303     |0       |0       |
|    wrapper_cwc_top                 |cwc_top        |470    |279     |81      |303     |0       |0       |
|      cfg_int_inst                  |cwc_cfg_int    |194    |108     |0       |185     |0       |0       |
|        reg_inst                    |register       |192    |106     |0       |183     |0       |0       |
|        tap_inst                    |tap            |2      |2       |0       |2       |0       |0       |
|      trigger_inst                  |trigger        |276    |171     |81      |118     |0       |0       |
|        bus_inst                    |bus_top        |60     |31      |20      |28      |0       |0       |
|          BUS_DETECTOR[0]$bus_nodes |bus_det        |3      |2       |0       |3       |0       |0       |
|          BUS_DETECTOR[1]$bus_nodes |bus_det        |25     |15      |10      |9       |0       |0       |
|          BUS_DETECTOR[2]$bus_nodes |bus_det        |2      |2       |0       |2       |0       |0       |
|          BUS_DETECTOR[5]$bus_nodes |bus_det        |28     |10      |10      |12      |0       |0       |
|          BUS_DETECTOR[6]$bus_nodes |bus_det        |2      |2       |0       |2       |0       |0       |
|        emb_ctrl_inst               |emb_ctrl       |121    |92      |29      |56      |0       |0       |
+---------------------------------------------------------------------------------------------------------+


DataNet Average Fanout:

   Index     Fanout     Nets  
    #1          1       257   
    #2          2       269   
    #3          3        49   
    #4          4        29   
    #5        5-10       32   
    #6        11-50      12   
    #7       51-100      1    
    #8       101-500     1    
  Average     2.74            

RUN-1002 : start command "export_db adc_pr.db"
RUN-1001 : Exported /
RUN-1001 : Exported flow parameters
RUN-1001 : Exported libs
RUN-1001 : Exported entities
RUN-1001 : Exported ports
RUN-1001 : Exported pins
RUN-1001 : Exported instances
RUN-1001 : Exported nets
RUN-1001 : Exported buses
RUN-1001 : Exported models
RUN-1001 : Exported congestions
RUN-1001 : Exported violations
RUN-1001 : Exported IO constraints
RUN-1001 : Exported Inst constraints
RUN-1001 : Exported ChipWatcher
RUN-1002 : start command "export_bid adc_inst.bid"
PRG-1000 : <!-- HMAC is: 494d02e698ab5b3d4a7ab34bf9121697466a02f11d5237dd59369adef407eb5a -->
RUN-1002 : start command "bitgen -bit adc.bit"
BIT-1003 : Start to generate bitstream. 
BIT-1002 : Init instances with 16 threads.
BIT-1002 : Init instances completely, inst num: 277
BIT-1002 : Init pips with 16 threads.
BIT-1002 : Init pips completely, net num: 672, pip num: 6272
BIT-1003 : Multithreading accelaration with 16 threads.
BIT-1003 : Generate bitstream completely, there are 799 valid insts, and 16371 bits set as '1'.
BIT-1004 : the usercode register value: 00000000111110110101011000101000
BIT-1004 : PLL setting string = 0000
BIT-1004 : Generate bits file adc.bit.
RUN-1003 : finish command "bitgen -bit adc.bit" in  2.026105s wall, 5.687500s user + 0.015625s system = 5.703125s CPU (281.5%)

RUN-1004 : used memory is 439 MB, reserved memory is 413 MB, peak memory is 634 MB
RUN-1002 : start command "backup_run_log run.log ../.logs/phy_1/td_20230302_201812.log"
