============================================================
   Tang Dynasty, V5.6.56362
   Copyright (c) 2012-2022 Anlogic
   Executable = C:/Anlogic/TD5.6.56362/bin/td.exe
   Built at =   19:51:00 Jul 25 2022
   Run by =     shaka
   Run Date =   Sun Mar  5 12:20:55 2023

   Run on =     BR007
============================================================
RUN-1002 : start command "open_project adc.prj"
RUN-1001 : Print Global Property
RUN-1001 : ---------------------------------------------------------------
RUN-1001 :        Parameters        |  Settings  |  Default Values  |  Note  
RUN-1001 : ---------------------------------------------------------------
RUN-1001 :          message         |  standard  |     standard     |        
RUN-1001 :   mixed_pack_place_flow  |     on     |        on        |        
RUN-1001 :        syn_ip_flow       |    off     |       off        |        
RUN-1001 :          thread          |    auto    |       auto       |        
RUN-1001 : ---------------------------------------------------------------
RUN-1001 : Print Design Property
RUN-1001 : --------------------------------------------------------------
RUN-1001 :        Parameters       |  Settings  |  Default Values  |  Note  
RUN-1001 : --------------------------------------------------------------
RUN-1001 :   default_reg_initial   |    auto    |       auto       |        
RUN-1001 :        infer_add        |     on     |        on        |        
RUN-1001 :        infer_fsm        |    off     |       off        |        
RUN-1001 :        infer_mult       |     on     |        on        |        
RUN-1001 :        infer_ram        |     on     |        on        |        
RUN-1001 :        infer_reg        |     on     |        on        |        
RUN-1001 :   infer_reg_init_value  |     on     |        on        |        
RUN-1001 :        infer_rom        |     on     |        on        |        
RUN-1001 :      infer_shifter      |     on     |        on        |        
RUN-1001 : --------------------------------------------------------------
RUN-1001 : Print Rtl Property
RUN-1001 : --------------------------------------------------------------
RUN-1001 :        Parameters       |  Settings  |  Default Values  |  Note  
RUN-1001 : --------------------------------------------------------------
RUN-1001 :       compress_add      |   ripple   |      ripple      |        
RUN-1001 :        elf_sload        |    off     |       off        |        
RUN-1001 :       fix_undriven      |     0      |        0         |        
RUN-1001 :         flatten         |    off     |       off        |        
RUN-1001 :       gate_sharing      |     on     |        on        |        
RUN-1001 :    hdl_warning_level    |   normal   |      normal      |        
RUN-1001 :   impl_internal_tribuf  |     on     |        on        |        
RUN-1001 :      impl_set_reset     |     on     |        on        |        
RUN-1001 :        infer_gsr        |    off     |       off        |        
RUN-1001 :      keep_hierarchy     |    auto    |       auto       |        
RUN-1001 :        max_fanout       |    9999    |       9999       |        
RUN-1001 :      max_oh2bin_len     |     10     |        10        |        
RUN-1001 :       merge_equal       |     on     |        on        |        
RUN-1001 :       merge_equiv       |     on     |        on        |        
RUN-1001 :        merge_mux        |    off     |       off        |        
RUN-1001 :     min_control_set     |     8      |        8         |        
RUN-1001 :      min_ripple_len     |    auto    |       auto       |        
RUN-1001 :       oh2bin_ratio      |    0.08    |       0.08       |        
RUN-1001 :     opt_adder_fanout    |     on     |        on        |        
RUN-1001 :        opt_arith        |     on     |        on        |        
RUN-1001 :       opt_big_gate      |    off     |       off        |        
RUN-1001 :        opt_const        |     on     |        on        |        
RUN-1001 :      opt_const_mult     |     on     |        on        |        
RUN-1001 :       opt_lessthan      |     on     |        on        |        
RUN-1001 :         opt_mux         |    off     |       off        |        
RUN-1001 :         opt_ram         |    high    |       high       |        
RUN-1001 :      rtl_sim_model      |    off     |       off        |        
RUN-1001 :         seq_syn         |     on     |        on        |        
RUN-1001 : --------------------------------------------------------------
HDL-1007 : analyze verilog file ../../../Core/fifo.v
HDL-1007 : analyze verilog file ../../../Src/top.v
HDL-1007 : undeclared symbol 'valid', assumed default net type 'wire' in ../../../Src/top.v(37)
HDL-1007 : undeclared symbol 'fifo_out', assumed default net type 'wire' in ../../../Src/top.v(47)
HDL-1007 : undeclared symbol 'data_vld', assumed default net type 'wire' in ../../../Src/top.v(48)
HDL-1007 : undeclared symbol 'out_en', assumed default net type 'wire' in ../../../Src/top.v(49)
HDL-1007 : undeclared symbol 'adc_en', assumed default net type 'wire' in ../../../Src/top.v(57)
HDL-1007 : undeclared symbol 'data', assumed default net type 'wire' in ../../../Src/top.v(63)
HDL-1007 : undeclared symbol 'data_en', assumed default net type 'wire' in ../../../Src/top.v(64)
HDL-1007 : undeclared symbol 'depth', assumed default net type 'wire' in ../../../Src/top.v(77)
HDL-1007 : undeclared symbol 'over', assumed default net type 'wire' in ../../../Src/top.v(79)
HDL-1007 : undeclared symbol 'fifo_working', assumed default net type 'wire' in ../../../Src/top.v(80)
HDL-1007 : undeclared symbol 'condition', assumed default net type 'wire' in ../../../Src/top.v(95)
HDL-1007 : analyze verilog file ../../../Src/uart_rx.v
HDL-1007 : analyze verilog file ../../../Src/uart_tx.v
HDL-1007 : analyze verilog file ../../../Src/adc_ctrl.v
HDL-1007 : analyze verilog file ../../../Src/type_choice.v
HDL-1007 : analyze verilog file ../../../Src/fifo_ctrl.v
HDL-1007 : undeclared symbol 'data_in', assumed default net type 'wire' in ../../../Src/fifo_ctrl.v(124)
HDL-1007 : undeclared symbol 'data_out', assumed default net type 'wire' in ../../../Src/fifo_ctrl.v(125)
HDL-1007 : undeclared symbol 'empty_flag', assumed default net type 'wire' in ../../../Src/fifo_ctrl.v(129)
HDL-1007 : undeclared symbol 'wrusedw', assumed default net type 'wire' in ../../../Src/fifo_ctrl.v(130)
RUN-1001 : Project manager successfully analyzed 7 source files.
RUN-1002 : start command "import_device eagle_s20.db -package EG4S20NG88"
ARC-1001 : Device Initialization.
ARC-1001 : ---------------------------------------------------------------
ARC-1001 :            OPTION            |        IO         |   SETTING   
ARC-1001 : ---------------------------------------------------------------
ARC-1001 :   cso_b/cclk/mosi/miso/dout  |  P69/P82/P81/P80  |    gpio    
ARC-1001 :             done             |        P8         |    gpio    
ARC-1001 :           program_b          |        P67        |  dedicate  
ARC-1001 :        tdi/tms/tck/tdo       |  P25/P22/P26/P21  |  dedicate  
ARC-1001 : ---------------------------------------------------------------
ARC-1004 : Device setting, marked 5 dedicate IOs in total.
RUN-1002 : start command "import_db ../syn_1/adc_gate.db"
RUN-1001 : Importing database generated by Tang Dynasty, V5.6.56362.
RUN-1001 : Database version number 46140.
RUN-1001 : Import flow parameters
RUN-1001 : Import timing constraints
RUN-1001 : Import IO constraints
RUN-1001 : Import Inst constraints
RUN-1001 : Import design success TD_VERSION=5.6.56362 , DB_VERSION=46140
RUN-1002 : start command "read_sdc"
USR-1002 : read_sdc file_name -help -h -eco
USR-1009 : NO module with IP_SDC ...
RUN-1104 : Import SDC file  finished, there are 0 nets kept by constraints.
RUN-1002 : start command "config_chipwatcher ../../../Debug/adc.cwc -dir "
RUN-1002 : start command "legalize_phy_inst"
SYN-1011 : Flatten model top
KIT-1004 : ChipWatcher: import watcher inst auto_chipwatcher_0 completed, there are 4 view nodes, 11 trigger nets, 11 data nets.
KIT-1004 : Chipwatcher code = 1111010101110100
RUN-1002 : start command "compile_watcher"
RUN-1002 : start command "read_verilog -no_sch -dir C:/Anlogic/TD5.6.56362/cw/ -file adc_watcherInst.sv -lib cw -top CW_TOP_WRAPPER"
HDL-1007 : analyze verilog file C:/Anlogic/TD5.6.56362/cw\bus_det.v
HDL-1007 : analyze verilog file C:/Anlogic/TD5.6.56362/cw\bus_top.sv
HDL-1007 : analyze verilog file C:/Anlogic/TD5.6.56362/cw\cfg_int.v
HDL-1007 : analyze verilog file C:/Anlogic/TD5.6.56362/cw\cwc_cfg_int.v
HDL-1007 : analyze verilog file C:/Anlogic/TD5.6.56362/cw\cwc_top.sv
HDL-1007 : analyze verilog file C:/Anlogic/TD5.6.56362/cw\detect_bus.v
HDL-1007 : analyze verilog file C:/Anlogic/TD5.6.56362/cw\detect_non_bus.v
HDL-1007 : analyze verilog file C:/Anlogic/TD5.6.56362/cw\emb_ctrl.v
HDL-1007 : analyze verilog file C:/Anlogic/TD5.6.56362/cw\register.v
HDL-1007 : analyze verilog file C:/Anlogic/TD5.6.56362/cw\tap.v
HDL-1007 : analyze verilog file C:/Anlogic/TD5.6.56362/cw\trigger.sv
HDL-1007 : analyze verilog file adc_watcherInst.sv
HDL-1007 : elaborate module CW_TOP_WRAPPER in adc_watcherInst.sv(1)
HDL-1007 : elaborate module cwc_top(BUS_NUM=4,BUS_DIN_NUM=11,BUS_CTRL_NUM=38,BUS_WIDTH='{32'sb01,32'sb01,32'sb01,32'sb01000},BUS_DIN_POS='{32'sb0,32'sb01,32'sb010,32'sb011},BUS_CTRL_POS='{32'sb0,32'sb0110,32'sb01100,32'sb010010}) in C:/Anlogic/TD5.6.56362/cw\cwc_top.sv(21)
HDL-1007 : elaborate module cwc_cfg_int(CTRL_REG_LEN=60) in C:/Anlogic/TD5.6.56362/cw\cwc_cfg_int.v(21)
HDL-1007 : elaborate module register(CTRL_REG_LEN=60) in C:/Anlogic/TD5.6.56362/cw\register.v(21)
HDL-1007 : elaborate module tap in C:/Anlogic/TD5.6.56362/cw\tap.v(21)
HDL-1007 : elaborate module trigger(BUS_NUM=4,BUS_DIN_NUM=11,BUS_CTRL_NUM=38,BUS_WIDTH='{32'sb01,32'sb01,32'sb01,32'sb01000},BUS_DIN_POS='{32'sb0,32'sb01,32'sb010,32'sb011},BUS_CTRL_POS='{32'sb0,32'sb0110,32'sb01100,32'sb010010}) in C:/Anlogic/TD5.6.56362/cw\trigger.sv(21)
HDL-1007 : elaborate module bus_top(BUS_NODE_NUM=4,BUS_DIN_NUM=11,BUS_CTRL_NUM=38,BUS_WIDTH='{32'sb01,32'sb01,32'sb01,32'sb01000},BUS_DIN_POS='{32'sb0,32'sb01,32'sb010,32'sb011},BUS_CTRL_POS='{32'sb0,32'sb0110,32'sb01100,32'sb010010}) in C:/Anlogic/TD5.6.56362/cw\bus_top.sv(22)
HDL-1007 : elaborate module bus_det(BUS_WIDTH=32'sb01) in C:/Anlogic/TD5.6.56362/cw\bus_det.v(21)
HDL-1007 : elaborate module bus_det(BUS_WIDTH=32'sb01000) in C:/Anlogic/TD5.6.56362/cw\bus_det.v(21)
HDL-1007 : elaborate module emb_ctrl in C:/Anlogic/TD5.6.56362/cw\emb_ctrl.v(21)
HDL-1200 : Current top model is CW_TOP_WRAPPER
HDL-1100 : Inferred 0 RAMs.
RUN-1002 : start command "force_keep -a auto_chipwatcher_0_logicbram"
RUN-1002 : start command "optimize_rtl -no_sch"
RUN-1001 : Open license file C:/Anlogic/TD5.6.56362/license/Anlogic.lic
RUN-1001 : Print Global Property
RUN-1001 : ---------------------------------------------------------------
RUN-1001 :        Parameters        |  Settings  |  Default Values  |  Note  
RUN-1001 : ---------------------------------------------------------------
RUN-1001 :          message         |  standard  |     standard     |        
RUN-1001 :   mixed_pack_place_flow  |     on     |        on        |        
RUN-1001 :        syn_ip_flow       |    off     |       off        |        
RUN-1001 :          thread          |    auto    |       auto       |        
RUN-1001 : ---------------------------------------------------------------
RUN-1001 : Print Rtl Property
RUN-1001 : --------------------------------------------------------------
RUN-1001 :        Parameters       |  Settings  |  Default Values  |  Note  
RUN-1001 : --------------------------------------------------------------
RUN-1001 :       compress_add      |   ripple   |      ripple      |        
RUN-1001 :        elf_sload        |    off     |       off        |        
RUN-1001 :       fix_undriven      |     0      |        0         |        
RUN-1001 :         flatten         |    off     |       off        |        
RUN-1001 :       gate_sharing      |     on     |        on        |        
RUN-1001 :    hdl_warning_level    |   normal   |      normal      |        
RUN-1001 :   impl_internal_tribuf  |     on     |        on        |        
RUN-1001 :      impl_set_reset     |     on     |        on        |        
RUN-1001 :        infer_gsr        |    off     |       off        |        
RUN-1001 :      keep_hierarchy     |    auto    |       auto       |        
RUN-1001 :        max_fanout       |    9999    |       9999       |        
RUN-1001 :      max_oh2bin_len     |     10     |        10        |        
RUN-1001 :       merge_equal       |     on     |        on        |        
RUN-1001 :       merge_equiv       |     on     |        on        |        
RUN-1001 :        merge_mux        |    off     |       off        |        
RUN-1001 :     min_control_set     |     8      |        8         |        
RUN-1001 :      min_ripple_len     |    auto    |       auto       |        
RUN-1001 :       oh2bin_ratio      |    0.08    |       0.08       |        
RUN-1001 :     opt_adder_fanout    |     on     |        on        |        
RUN-1001 :        opt_arith        |     on     |        on        |        
RUN-1001 :       opt_big_gate      |    off     |       off        |        
RUN-1001 :        opt_const        |     on     |        on        |        
RUN-1001 :      opt_const_mult     |     on     |        on        |        
RUN-1001 :       opt_lessthan      |     on     |        on        |        
RUN-1001 :         opt_mux         |    off     |       off        |        
RUN-1001 :         opt_ram         |    high    |       high       |        
RUN-1001 :      rtl_sim_model      |    off     |       off        |        
RUN-1001 :         seq_syn         |     on     |        on        |        
RUN-1001 : --------------------------------------------------------------
SYN-1012 : SanityCheck: Model "top"
SYN-1012 : SanityCheck: Model "CW_TOP_WRAPPER"
SYN-1012 : SanityCheck: Model "cwc_top(BUS_NUM=4,BUS_DIN_NUM=11,BUS_CTRL_NUM=38,BUS_WIDTH='{32'sb01,32'sb01,32'sb01,32'sb01000},BUS_DIN_POS='{32'sb0,32'sb01,32'sb010,32'sb011},BUS_CTRL_POS='{32'sb0,32'sb0110,32'sb01100,32'sb010010})"
SYN-1012 : SanityCheck: Model "cwc_cfg_int(CTRL_REG_LEN=60)"
SYN-1012 : SanityCheck: Model "register(CTRL_REG_LEN=60)"
SYN-1012 : SanityCheck: Model "tap"
SYN-1012 : SanityCheck: Model "trigger(BUS_NUM=4,BUS_DIN_NUM=11,BUS_CTRL_NUM=38,BUS_WIDTH='{32'sb01,32'sb01,32'sb01,32'sb01000},BUS_DIN_POS='{32'sb0,32'sb01,32'sb010,32'sb011},BUS_CTRL_POS='{32'sb0,32'sb0110,32'sb01100,32'sb010010})"
SYN-1012 : SanityCheck: Model "bus_top(BUS_NODE_NUM=4,BUS_DIN_NUM=11,BUS_CTRL_NUM=38,BUS_WIDTH='{32'sb01,32'sb01,32'sb01,32'sb01000},BUS_DIN_POS='{32'sb0,32'sb01,32'sb010,32'sb011},BUS_CTRL_POS='{32'sb0,32'sb0110,32'sb01100,32'sb010010})"
SYN-1012 : SanityCheck: Model "bus_det(BUS_WIDTH=32'sb01)"
SYN-1012 : SanityCheck: Model "bus_det(BUS_WIDTH=32'sb01000)"
SYN-1012 : SanityCheck: Model "emb_ctrl"
SYN-1011 : Flatten model top
SYN-1032 : 1591/16 useful/useless nets, 914/6 useful/useless insts
SYN-1016 : Merged 24 instances.
SYN-1032 : 1412/6 useful/useless nets, 1194/6 useful/useless insts
SYN-1014 : Optimize round 1
SYN-1032 : 1396/16 useful/useless nets, 1182/12 useful/useless insts
SYN-1021 : Optimized 1 onehot mux instances.
SYN-1020 : Optimized 1 distributor mux.
SYN-1019 : Optimized 1 mux instances.
SYN-1015 : Optimize round 1, 258 better
SYN-1014 : Optimize round 2
SYN-1032 : 1243/15 useful/useless nets, 1029/16 useful/useless insts
SYN-1015 : Optimize round 2, 32 better
SYN-1014 : Optimize round 3
SYN-1015 : Optimize round 3, 0 better
RUN-1002 : start command "optimize_gate -no_sch"
RUN-1001 : Open license file C:/Anlogic/TD5.6.56362/license/Anlogic.lic
RUN-1001 : Print Global Property
RUN-1001 : ---------------------------------------------------------------
RUN-1001 :        Parameters        |  Settings  |  Default Values  |  Note  
RUN-1001 : ---------------------------------------------------------------
RUN-1001 :          message         |  standard  |     standard     |        
RUN-1001 :   mixed_pack_place_flow  |     on     |        on        |        
RUN-1001 :        syn_ip_flow       |    off     |       off        |        
RUN-1001 :          thread          |    auto    |       auto       |        
RUN-1001 : ---------------------------------------------------------------
RUN-1001 : Print Gate Property
RUN-1001 : ------------------------------------------------------------------
RUN-1001 :          Parameters         |  Settings  |  Default Values  |  Note  
RUN-1001 : ------------------------------------------------------------------
RUN-1001 :         cascade_dsp         |    off     |       off        |        
RUN-1001 :         cascade_eram        |    off     |       off        |        
RUN-1001 :        gate_sim_model       |    off     |       off        |        
RUN-1001 :        map_sim_model        |    off     |       off        |        
RUN-1001 :         map_strategy        |     1      |        1         |        
RUN-1001 :           opt_area          |   medium   |      medium      |        
RUN-1001 :          opt_timing         |    auto    |       auto       |        
RUN-1001 :         pack_effort         |   medium   |      medium      |        
RUN-1001 :      pack_lslice_ripple     |     on     |        on        |        
RUN-1001 :   pack_lslice_ripple_ratio  |    0.5     |       0.5        |        
RUN-1001 :        pack_seq_in_io       |    auto    |       auto       |        
RUN-1001 :        ph1_mux_ratio        |    1.0     |       1.0        |        
RUN-1001 :            report           |  standard  |     standard     |        
RUN-1001 :           retiming          |    off     |       off        |        
RUN-1001 : ------------------------------------------------------------------
SYN-2001 : Map 19 IOs to PADs
RUN-1002 : start command "update_pll_param -module top"
SYN-2501 : Processed 0 LOGIC_BUF instances.
SYN-2512 : LOGIC BRAM "auto_chipwatcher_0_logicbram"
SYN-2571 : Optimize after map_dsp, round 1
SYN-1032 : 1255/79 useful/useless nets, 1050/16 useful/useless insts
SYN-1016 : Merged 9 instances.
SYN-2571 : Optimize after map_dsp, round 1, 104 better
SYN-2571 : Optimize after map_dsp, round 2
SYN-2571 : Optimize after map_dsp, round 2, 0 better
SYN-1001 : Throwback 3 control mux instances
SYN-2501 : Optimize round 1
SYN-1016 : Merged 8 instances.
SYN-2501 : Optimize round 1, 18 better
SYN-2501 : Optimize round 2
SYN-2501 : Optimize round 2, 0 better
SYN-2501 : Map 12 macro adder
SYN-1019 : Optimized 5 mux instances.
SYN-1016 : Merged 9 instances.
SYN-1032 : 1567/10 useful/useless nets, 1362/4 useful/useless insts
RUN-1002 : start command "start_timer -prepack"
TMR-2505 : Start building timing graph for model top.
TMR-2506 : Build timing graph completely. Port num: 12, tpin num: 5591, tnet num: 1567, tinst num: 1361, tnode num: 7102, tedge num: 8534.
TMR-2508 : Levelizing timing graph completed, there are 51 levels in total.
TMR-2501 : Timing graph initialized successfully.
TMR-2503 : Start to update net delay, extr mode = 2.
TMR-2504 : Update delay of 1567 nets completely.
TMR-2502 : Annotate delay completely, extr mode = 2.
TMR-3001 : Initiate 0 clocks from SDC.
TMR-3004 : Map sdc constraints, there are 0 constraints in total.
TMR-3003 : Constraints initiated successfully.
TMR-3501 : Forward propagation: start to calculate arrival time...
TMR-3502 : Backward propagation: start to calculate required time...
TMR-3503 : Timing propagation completes.
SYN-3001 : Running gate level optimization.
SYN-2581 : Mapping with K=5, #lut = 137 (3.88), #lev = 6 (2.23)
SYN-2551 : Post LUT mapping optimization.
SYN-2581 : Mapping with K=5, #lut = 134 (3.96), #lev = 6 (2.20)
SYN-3001 : Logic optimization runtime opt =   0.03 sec, map =   0.00 sec
SYN-3001 : Mapper mapped 365 instances into 134 LUTs, name keeping = 78%.
SYN-1001 : Packing model "top" ...
SYN-4010 : Pack lib has 58 rtl pack models with 25 top pack blocks
SYN-1014 : Optimize round 1
SYN-1015 : Optimize round 1, 0 better
SYN-4002 : Packing 227 DFF/LATCH to SEQ ...
SYN-4009 : Pack 6 carry chain into lslice
SYN-4007 : Packing 89 adder to BLE ...
SYN-4008 : Packed 89 adder and 0 SEQ to BLE.
SYN-4007 : Packing 0 gate4 to BLE ...
SYN-4008 : Packed 0 gate4 and 0 SEQ to BLE.
SYN-4012 : Packed 0 FxMUX
RUN-1002 : start command "legalize_phy_inst"
SYN-1011 : Flatten model top
KIT-1004 : Compile Chipwatcher: Clear obsolete physical data.
RUN-1003 : finish command "compile_watcher" in  1.772428s wall, 1.515625s user + 0.031250s system = 1.546875s CPU (87.3%)

RUN-1004 : used memory is 146 MB, reserved memory is 111 MB, peak memory is 156 MB
RUN-1002 : start command "place"
RUN-1001 : Open license file C:/Anlogic/TD5.6.56362/license/Anlogic.lic
RUN-1001 : Print Global Property
RUN-1001 : ---------------------------------------------------------------
RUN-1001 :        Parameters        |  Settings  |  Default Values  |  Note  
RUN-1001 : ---------------------------------------------------------------
RUN-1001 :          message         |  standard  |     standard     |        
RUN-1001 :   mixed_pack_place_flow  |     on     |        on        |        
RUN-1001 :        syn_ip_flow       |    off     |       off        |        
RUN-1001 :          thread          |    auto    |       auto       |        
RUN-1001 : ---------------------------------------------------------------
RUN-1001 : Print Place Property
RUN-1001 : --------------------------------------------------------------
RUN-1001 :        Parameters       |  Settings  |  Default Values  |  Note  
RUN-1001 : --------------------------------------------------------------
RUN-1001 :      detailed_place     |     on     |        on        |        
RUN-1001 :          effort         |   medium   |      medium      |        
RUN-1001 :         fix_hold        |    off     |       off        |        
RUN-1001 :       legalization      |    ori     |       ori        |        
RUN-1001 :      new_spreading      |     on     |        on        |        
RUN-1001 :        opt_timing       |   medium   |      medium      |        
RUN-1001 :   post_clock_route_opt  |    off     |       off        |        
RUN-1001 :       pr_strategy       |     1      |        1         |        
RUN-1001 :        relaxation       |    1.00    |       1.00       |        
RUN-1001 :         retiming        |    off     |       off        |        
RUN-1001 : --------------------------------------------------------------
PHY-3001 : Placer runs in 16 thread(s).
RUN-1002 : start command "legalize_phy_inst"
SYN-1011 : Flatten model top
SYN-4036 : The kept net key1_dup_3 is useless
SYN-5055 WARNING: The kept net type/uart_data[7] will be merged to another kept net rx/data_rx[7]
SYN-5055 WARNING: The kept net type/uart_data[6] will be merged to another kept net rx/data_rx[6]
SYN-5055 WARNING: The kept net type/uart_data[5] will be merged to another kept net rx/data_rx[5]
SYN-5055 WARNING: The kept net type/uart_data[4] will be merged to another kept net rx/data_rx[4]
SYN-5055 WARNING: The kept net type/uart_data[3] will be merged to another kept net rx/data_rx[3]
SYN-5055 WARNING: The kept net type/uart_data[2] will be merged to another kept net rx/data_rx[2]
SYN-5055 WARNING: The kept net type/uart_data[1] will be merged to another kept net rx/data_rx[1]
SYN-5055 WARNING: The kept net type/uart_data[0] will be merged to another kept net rx/data_rx[0]
SYN-5055 WARNING: The kept net type/valid will be merged to another kept net rx/data_valid
RUN-1002 : start command "phys_opt -simplify_lut"
SYN-4016 : Net config_inst_syn_10 driven by BUFG (138 clock/control pins, 0 other pins).
SYN-4024 : Net "clk_dup_3" drives clk pins.
SYN-4024 : Net "adc_clk_dup_3" drives clk pins.
SYN-4025 : Tag rtl::Net adc_clk_dup_3 as clock net
SYN-4025 : Tag rtl::Net clk_dup_3 as clock net
SYN-4025 : Tag rtl::Net config_inst_syn_10 as clock net
SYN-4026 : Tagged 3 rtl::Net as clock net
SYN-4015 : Create BUFG instance for clk Net adc_clk_dup_3 to drive 13 clock pins.
PHY-1001 : Populate physical database on model top.
RUN-1001 : There are total 895 instances
RUN-0007 : 343 luts, 399 seqs, 73 mslices, 46 lslices, 19 pads, 10 brams, 0 dsps
RUN-1001 : There are total 1114 nets
RUN-6004 WARNING: There are 1 nets with only 1 pin.
RUN-1001 : 656 nets have 2 pins
RUN-1001 : 359 nets have [3 - 5] pins
RUN-1001 : 52 nets have [6 - 10] pins
RUN-1001 : 30 nets have [11 - 20] pins
RUN-1001 : 11 nets have [21 - 99] pins
RUN-1001 : 5 nets have 100+ pins
RUN-1001 : Report Control nets information:
RUN-1001 : DFF Distribution
RUN-1001 : ----------------------------------
RUN-1001 :   CE   |  SSR  |  ASR  |  DFF Count  
RUN-1001 : ----------------------------------
RUN-1001 :   No   |  No   |  No   |      9      
RUN-1001 :   No   |  No   |  Yes  |     215     
RUN-1001 :   No   |  Yes  |  No   |      0      
RUN-1001 :   Yes  |  No   |  No   |      0      
RUN-1001 :   Yes  |  No   |  Yes  |     175     
RUN-1001 :   Yes  |  Yes  |  No   |      0      
RUN-1001 : ----------------------------------
RUN-0007 : Control Group Statistic
RUN-0007 : ---------------------------
RUN-0007 :   #CLK  |  #CE  |  #SSR/ASR  
RUN-0007 : ---------------------------
RUN-0007 :    3    |   7   |     6      
RUN-0007 : ---------------------------
RUN-0007 : Control Set = 14
PHY-3001 : Initial placement ...
PHY-3001 : design contains 893 instances, 343 luts, 399 seqs, 119 slices, 18 macros(119 instances: 73 mslices 46 lslices)
PHY-0007 : Cell area utilization is 2%
PHY-3001 : Start timing update ...
RUN-1002 : start command "start_timer -report"
TMR-2505 : Start building timing graph for model top.
TMR-2506 : Build timing graph completely. Port num: 12, tpin num: 4579, tnet num: 1112, tinst num: 893, tnode num: 6075, tedge num: 7650.
TMR-2508 : Levelizing timing graph completed, there are 29 levels in total.
TMR-2501 : Timing graph initialized successfully.
TMR-2503 : Start to update net delay, extr mode = 2.
TMR-2504 : Update delay of 1112 nets completely.
TMR-2502 : Annotate delay completely, extr mode = 2.
TMR-3001 : Initiate 0 clocks from SDC.
TMR-3004 : Map sdc constraints, there are 0 constraints in total.
TMR-3003 : Constraints initiated successfully.
TMR-3501 : Forward propagation: start to calculate arrival time...
TMR-3502 : Backward propagation: start to calculate required time...
TMR-3503 : Timing propagation completes.
PHY-3001 : End timing update;  0.297272s wall, 0.140625s user + 0.015625s system = 0.156250s CPU (52.6%)

PHY-3001 : Global placement ...
PHY-3001 : Initial: Len = 289757
PHY-3001 : Clustering ...
PHY-3001 : Level 0 #clusters 893.
PHY-3001 : End clustering;  0.000028s wall, 0.000000s user + 0.000000s system = 0.000000s CPU (n/a%)

PHY-3001 : Run with size of 4
PHY-3001 : Cell area utilization is 2%
PHY-3001 : :::0::: Try harder cell spreading with beta_ = 0
PHY-3002 : Step(1): len = 172508, overlap = 22.5
PHY-3002 : Step(2): len = 94014.5, overlap = 22.5
PHY-3002 : Step(3): len = 65440.1, overlap = 22.5
PHY-3002 : Step(4): len = 46638.6, overlap = 22.5
PHY-3002 : Step(5): len = 37524.2, overlap = 22.5
PHY-3002 : Step(6): len = 33409, overlap = 22.5
PHY-3002 : Step(7): len = 30741.6, overlap = 22.5
PHY-3002 : Step(8): len = 24866.6, overlap = 22.5
PHY-3002 : Step(9): len = 23255, overlap = 22.5
PHY-3002 : Step(10): len = 23342.5, overlap = 22.5
PHY-3002 : Step(11): len = 20148.7, overlap = 22.5
PHY-3002 : Step(12): len = 19190.1, overlap = 22.5
PHY-3002 : Step(13): len = 19563.6, overlap = 22.5
PHY-3001 : :::1::: Try harder cell spreading with beta_ = 7.40137e-06
PHY-3002 : Step(14): len = 20329.1, overlap = 20.25
PHY-3002 : Step(15): len = 20600.3, overlap = 20.25
PHY-3002 : Step(16): len = 19424.3, overlap = 22.5
PHY-3002 : Step(17): len = 19392, overlap = 22.5
PHY-3002 : Step(18): len = 19392, overlap = 22.5
PHY-3001 : :::2::: Try harder cell spreading with beta_ = 1.48027e-05
PHY-3002 : Step(19): len = 19515.3, overlap = 18
PHY-3002 : Step(20): len = 19523.2, overlap = 18
PHY-3002 : Step(21): len = 19578, overlap = 13.5
PHY-3001 : :::3::: Try harder cell spreading with beta_ = 2.96055e-05
PHY-3002 : Step(22): len = 19501.5, overlap = 13.5
PHY-3002 : Step(23): len = 19502.6, overlap = 13.5
PHY-3002 : Step(24): len = 19594.4, overlap = 13.5
PHY-3002 : Step(25): len = 19609.6, overlap = 13.5
PHY-3002 : Step(26): len = 19699.4, overlap = 13.5
PHY-3001 : Legalization ...
PHY-3001 : End legalization;  0.009272s wall, 0.000000s user + 0.000000s system = 0.000000s CPU (n/a%)

PHY-3001 : Run with size of 4
PHY-3001 : Cell area utilization is 3%
PHY-3001 : Update timing in Manhattan mode ...
TMR-2503 : Start to update net delay, extr mode = 3.
TMR-2504 : Update delay of 1112 nets completely.
TMR-2502 : Annotate delay completely, extr mode = 3.
TMR-3501 : Forward propagation: start to calculate arrival time...
TMR-3502 : Backward propagation: start to calculate required time...
TMR-3503 : Timing propagation completes.
PHY-3001 : End timing update;  0.039646s wall, 0.031250s user + 0.000000s system = 0.031250s CPU (78.8%)

PHY-3001 : :::0::: Try harder cell spreading with beta_ = 0
PHY-3002 : Step(27): len = 21744.3, overlap = 4.15625
PHY-3002 : Step(28): len = 21933.5, overlap = 4.40625
PHY-3002 : Step(29): len = 20244.8, overlap = 7.0625
PHY-3002 : Step(30): len = 20338.9, overlap = 7.875
PHY-3002 : Step(31): len = 20540.6, overlap = 8.5625
PHY-3002 : Step(32): len = 19904.6, overlap = 9.6875
PHY-3002 : Step(33): len = 20395.7, overlap = 14.5
PHY-3002 : Step(34): len = 18960.9, overlap = 12.6875
PHY-3002 : Step(35): len = 18768.8, overlap = 12.1562
PHY-3002 : Step(36): len = 18557.2, overlap = 14.125
PHY-3002 : Step(37): len = 18405.8, overlap = 14.1875
PHY-3002 : Step(38): len = 17902.7, overlap = 11.4375
PHY-3002 : Step(39): len = 17985.1, overlap = 11.75
PHY-3002 : Step(40): len = 18172.4, overlap = 11.9062
PHY-3002 : Step(41): len = 18194.7, overlap = 12.5312
PHY-3002 : Step(42): len = 17611.3, overlap = 16.375
PHY-3002 : Step(43): len = 17786.1, overlap = 17.4688
PHY-3002 : Step(44): len = 17897.2, overlap = 20.4062
PHY-3002 : Step(45): len = 17284.8, overlap = 20.9375
PHY-3002 : Step(46): len = 17587.8, overlap = 20.375
PHY-3002 : Step(47): len = 17398.8, overlap = 18.8125
PHY-3002 : Step(48): len = 17404.2, overlap = 18.1875
PHY-3002 : Step(49): len = 16772.5, overlap = 19.0625
PHY-3002 : Step(50): len = 16844.5, overlap = 19.0312
PHY-3002 : Step(51): len = 16406, overlap = 18.3438
PHY-3002 : Step(52): len = 16503.4, overlap = 18.0312
PHY-3002 : Step(53): len = 16068.8, overlap = 18.4375
PHY-3002 : Step(54): len = 16131.9, overlap = 18.0625
PHY-3002 : Step(55): len = 16131.9, overlap = 18.0625
PHY-3001 : Run with size of 2
PHY-3001 : Cell area utilization is 3%
PHY-3001 : Update timing in Manhattan mode ...
TMR-2503 : Start to update net delay, extr mode = 3.
TMR-2504 : Update delay of 1112 nets completely.
TMR-2502 : Annotate delay completely, extr mode = 3.
TMR-3501 : Forward propagation: start to calculate arrival time...
TMR-3502 : Backward propagation: start to calculate required time...
TMR-3503 : Timing propagation completes.
PHY-3001 : End timing update;  0.027318s wall, 0.000000s user + 0.000000s system = 0.000000s CPU (n/a%)

PHY-3001 : :::0::: Try harder cell spreading with beta_ = 1.24793e-05
PHY-3002 : Step(56): len = 16117.5, overlap = 45.5
PHY-3002 : Step(57): len = 16285.3, overlap = 44.2188
PHY-3001 : :::1::: Try harder cell spreading with beta_ = 2.49586e-05
PHY-3002 : Step(58): len = 17270.9, overlap = 40.0625
PHY-3002 : Step(59): len = 17495.4, overlap = 39.7812
PHY-3002 : Step(60): len = 18238.1, overlap = 32.7188
PHY-3002 : Step(61): len = 18222, overlap = 28.375
PHY-3002 : Step(62): len = 17280.2, overlap = 32.0625
PHY-3002 : Step(63): len = 17043.9, overlap = 31.0625
PHY-3002 : Step(64): len = 16853.3, overlap = 30.4375
PHY-3001 : :::2::: Try harder cell spreading with beta_ = 4.99172e-05
PHY-3002 : Step(65): len = 17368.1, overlap = 30.5
PHY-3002 : Step(66): len = 17368.1, overlap = 30.5
PHY-3002 : Step(67): len = 17163.1, overlap = 27.7812
PHY-3001 : :::3::: Try harder cell spreading with beta_ = 9.63818e-05
PHY-3002 : Step(68): len = 17781.9, overlap = 30
PHY-3002 : Step(69): len = 17885.1, overlap = 29.375
PHY-3002 : Step(70): len = 18248.2, overlap = 26.8438
PHY-3001 : :::4::: Try harder cell spreading with beta_ = 0.000192764
PHY-3002 : Step(71): len = 17885.2, overlap = 26.625
PHY-3002 : Step(72): len = 17885.2, overlap = 26.625
PHY-3001 : :::5::: Try harder cell spreading with beta_ = 0.000348882
PHY-3002 : Step(73): len = 18340.4, overlap = 25.75
PHY-3002 : Step(74): len = 18370.2, overlap = 25.0312
PHY-3001 : :::6::: Try harder cell spreading with beta_ = 0.000697764
PHY-3002 : Step(75): len = 18634.6, overlap = 20.125
PHY-3002 : Step(76): len = 18801, overlap = 19.0312
OPT-1001 : Start physical optimization ...
RUN-1002 : start command "start_timer -report"
TMR-2505 : Start building timing graph for model top.
TMR-2506 : Build timing graph completely. Port num: 12, tpin num: 4579, tnet num: 1112, tinst num: 893, tnode num: 6075, tedge num: 7650.
TMR-2508 : Levelizing timing graph completed, there are 29 levels in total.
TMR-2501 : Timing graph initialized successfully.
OPT-1001 : Total overflow 53.53 peak overflow 2.81
OPT-1001 : Start high-fanout net optimization ...
OPT-1001 : Update timing in global mode
PHY-1001 : Start incremental global routing, caller is place ...
RUN-1001 : Generating global routing grids ...
RUN-1001 : Building simple global routing graph ...
PHY-1001 : Generate routing nets ...
PHY-1001 : Reuse net number 0/1114.
PHY-1001 : Global iterations in 16 thread ...
PHY-1002 : len = 21592, over cnt = 93(0%), over = 317, worst = 17
PHY-1001 : End global iterations;  0.071331s wall, 0.015625s user + 0.000000s system = 0.015625s CPU (21.9%)

PHY-1001 : Congestion index: top1 = 25.99, top5 = 12.26, top10 = 7.08, top15 = 4.76.
PHY-1001 : End incremental global routing;  0.137290s wall, 0.078125s user + 0.000000s system = 0.078125s CPU (56.9%)

TMR-2503 : Start to update net delay, extr mode = 5.
TMR-2504 : Update delay of 1112 nets completely.
TMR-2502 : Annotate delay completely, extr mode = 5.
TMR-3001 : Initiate 0 clocks from SDC.
TMR-3004 : Map sdc constraints, there are 0 constraints in total.
TMR-3003 : Constraints initiated successfully.
TMR-3501 : Forward propagation: start to calculate arrival time...
TMR-3502 : Backward propagation: start to calculate required time...
TMR-3503 : Timing propagation completes.
OPT-1001 : End timing update;  0.029640s wall, 0.000000s user + 0.000000s system = 0.000000s CPU (n/a%)

OPT-1001 : 0 high-fanout net processed.
OPT-1001 : End high-fanout net optimization;  0.186879s wall, 0.078125s user + 0.000000s system = 0.078125s CPU (41.8%)

OPT-1001 : Current memory(MB): used = 194, reserve = 158, peak = 194.
OPT-1001 : Start global optimization ...
OPT-1001 : Start congestion update ...
RUN-1001 : Generating global routing grids ...
PHY-1001 : Generate routing nets ...
PHY-1001 : Reuse net number 605/1114.
PHY-1001 : Global iterations in 16 thread ...
PHY-1002 : len = 21592, over cnt = 93(0%), over = 317, worst = 17
PHY-1002 : len = 24032, over cnt = 56(0%), over = 99, worst = 7
PHY-1002 : len = 25344, over cnt = 12(0%), over = 15, worst = 3
PHY-1002 : len = 25560, over cnt = 1(0%), over = 1, worst = 1
PHY-1002 : len = 25592, over cnt = 0(0%), over = 0, worst = 0
PHY-1001 : End global iterations;  0.098776s wall, 0.031250s user + 0.000000s system = 0.031250s CPU (31.6%)

PHY-1001 : Congestion index: top1 = 25.30, top5 = 13.45, top10 = 7.99, top15 = 5.46.
OPT-1001 : End congestion update;  0.158899s wall, 0.062500s user + 0.031250s system = 0.093750s CPU (59.0%)

OPT-1001 : Update timing in Manhattan mode
TMR-2503 : Start to update net delay, extr mode = 3.
TMR-2504 : Update delay of 1112 nets completely.
TMR-2502 : Annotate delay completely, extr mode = 3.
TMR-3501 : Forward propagation: start to calculate arrival time...
TMR-3502 : Backward propagation: start to calculate required time...
TMR-3503 : Timing propagation completes.
OPT-1001 : End timing update;  0.026460s wall, 0.015625s user + 0.000000s system = 0.015625s CPU (59.1%)

OPT-0007 : Start: WNS 2147483647 TNS 0 NUM_FEPS 0
OPT-1001 : End global optimization;  0.185483s wall, 0.078125s user + 0.031250s system = 0.109375s CPU (59.0%)

OPT-1001 : Current memory(MB): used = 195, reserve = 160, peak = 195.
OPT-1001 : End physical optimization;  0.562658s wall, 0.328125s user + 0.031250s system = 0.359375s CPU (63.9%)

PHY-3001 : Start packing ...
SYN-4007 : Packing 0 MUX to BLE ...
SYN-4008 : Packed 0 MUX and 0 SEQ to BLE.
SYN-4007 : Packing 343 LUT to BLE ...
SYN-4008 : Packed 343 LUT and 185 SEQ to BLE.
SYN-4003 : Packing 214 remaining SEQ's ...
SYN-4005 : Packed 106 SEQ with LUT/SLICE
SYN-4006 : 64 single LUT's are left
SYN-4006 : 108 single SEQ's are left
SYN-4011 : Packing model "top" (AL_USER_NORMAL) with 451/734 primitive instances ...
PHY-3001 : End packing;  0.038635s wall, 0.046875s user + 0.000000s system = 0.046875s CPU (121.3%)

PHY-1001 : Populate physical database on model top.
RUN-1001 : There are total 406 instances
RUN-1001 : 186 mslices, 186 lslices, 19 pads, 10 brams, 0 dsps
RUN-1001 : There are total 930 nets
RUN-6004 WARNING: There are 1 nets with only 1 pin.
RUN-1001 : 461 nets have 2 pins
RUN-1001 : 365 nets have [3 - 5] pins
RUN-1001 : 58 nets have [6 - 10] pins
RUN-1001 : 29 nets have [11 - 20] pins
RUN-1001 : 13 nets have [21 - 99] pins
RUN-1001 : 3 nets have 100+ pins
PHY-3001 : design contains 404 instances, 372 slices, 18 macros(119 instances: 73 mslices 46 lslices)
PHY-3001 : Cell area utilization is 4%
PHY-3001 : After packing: Len = 19013, Over = 33.25
PHY-3001 : Run with size of 2
PHY-3001 : Cell area utilization is 4%
PHY-3001 : Update timing in Manhattan mode ...
RUN-1002 : start command "start_timer -report"
TMR-2505 : Start building timing graph for model top.
TMR-2506 : Build timing graph completely. Port num: 12, tpin num: 3899, tnet num: 928, tinst num: 404, tnode num: 4988, tedge num: 6823.
TMR-2508 : Levelizing timing graph completed, there are 29 levels in total.
TMR-2501 : Timing graph initialized successfully.
TMR-2503 : Start to update net delay, extr mode = 3.
TMR-2504 : Update delay of 928 nets completely.
TMR-2502 : Annotate delay completely, extr mode = 3.
TMR-3001 : Initiate 0 clocks from SDC.
TMR-3004 : Map sdc constraints, there are 0 constraints in total.
TMR-3003 : Constraints initiated successfully.
TMR-3501 : Forward propagation: start to calculate arrival time...
TMR-3502 : Backward propagation: start to calculate required time...
TMR-3503 : Timing propagation completes.
PHY-3001 : End timing update;  0.208075s wall, 0.203125s user + 0.000000s system = 0.203125s CPU (97.6%)

PHY-3001 : :::0::: Try harder cell spreading with beta_ = 1.36472e-05
PHY-3002 : Step(77): len = 18340.9, overlap = 32
PHY-3002 : Step(78): len = 18371.4, overlap = 31.25
PHY-3002 : Step(79): len = 18161.8, overlap = 31
PHY-3002 : Step(80): len = 18135, overlap = 32
PHY-3002 : Step(81): len = 18176.2, overlap = 31.75
PHY-3001 : :::1::: Try harder cell spreading with beta_ = 2.72944e-05
PHY-3002 : Step(82): len = 18308, overlap = 32.25
PHY-3002 : Step(83): len = 18415, overlap = 32.25
PHY-3002 : Step(84): len = 18769.6, overlap = 30.75
PHY-3001 : :::2::: Try harder cell spreading with beta_ = 5.45889e-05
PHY-3002 : Step(85): len = 19014.7, overlap = 29
PHY-3002 : Step(86): len = 19014.7, overlap = 29
PHY-3002 : Step(87): len = 19054.6, overlap = 28
PHY-3001 : Legalization ...
PHY-3001 : End legalization;  0.127518s wall, 0.000000s user + 0.015625s system = 0.015625s CPU (12.3%)

PHY-3001 : Trial Legalized: Len = 28151
PHY-3001 : Run with size of 2
PHY-3001 : Cell area utilization is 4%
PHY-3001 : Update timing in Manhattan mode ...
TMR-2503 : Start to update net delay, extr mode = 3.
TMR-2504 : Update delay of 928 nets completely.
TMR-2502 : Annotate delay completely, extr mode = 3.
TMR-3501 : Forward propagation: start to calculate arrival time...
TMR-3502 : Backward propagation: start to calculate required time...
TMR-3503 : Timing propagation completes.
PHY-3001 : End timing update;  0.023671s wall, 0.000000s user + 0.000000s system = 0.000000s CPU (n/a%)

PHY-3001 : :::0::: Try harder cell spreading with beta_ = 0.000362288
PHY-3002 : Step(88): len = 24364, overlap = 7.5
PHY-3002 : Step(89): len = 23465.4, overlap = 12.25
PHY-3002 : Step(90): len = 22554.5, overlap = 13.25
PHY-3002 : Step(91): len = 21891.5, overlap = 14.5
PHY-3002 : Step(92): len = 21541.5, overlap = 14
PHY-3002 : Step(93): len = 21476.5, overlap = 14.25
PHY-3001 : :::1::: Try harder cell spreading with beta_ = 0.000709728
PHY-3002 : Step(94): len = 21576.1, overlap = 14.5
PHY-3002 : Step(95): len = 21580.1, overlap = 13.75
PHY-3002 : Step(96): len = 21565.3, overlap = 13.75
PHY-3001 : :::2::: Try harder cell spreading with beta_ = 0.00141946
PHY-3002 : Step(97): len = 21564.1, overlap = 13.5
PHY-3002 : Step(98): len = 21564.1, overlap = 13.5
PHY-3001 : Legalization ...
PHY-3001 : End legalization;  0.006861s wall, 0.000000s user + 0.000000s system = 0.000000s CPU (n/a%)

PHY-3001 : Legalized: Len = 26203, Over = 0
PHY-3001 : Spreading special nets. 5 overflows in 2952 tiles.
PHY-3001 : End spreading;  0.005329s wall, 0.000000s user + 0.000000s system = 0.000000s CPU (n/a%)

PHY-3001 : 9 instances has been re-located, deltaX = 2, deltaY = 7, maxDist = 1.
PHY-3001 : Final: Len = 26291, Over = 0
OPT-1001 : Start physical optimization ...
RUN-1002 : start command "start_timer -report"
TMR-2505 : Start building timing graph for model top.
TMR-2506 : Build timing graph completely. Port num: 12, tpin num: 3899, tnet num: 928, tinst num: 404, tnode num: 4988, tedge num: 6823.
TMR-2508 : Levelizing timing graph completed, there are 29 levels in total.
TMR-2501 : Timing graph initialized successfully.
OPT-1001 : Total overflow 0.00 peak overflow 0.00
OPT-1001 : Start high-fanout net optimization ...
OPT-1001 : Update timing in global mode
PHY-1001 : Start incremental global routing, caller is place ...
RUN-1001 : Generating global routing grids ...
PHY-1001 : Generate routing nets ...
PHY-1001 : Reuse net number 41/930.
PHY-1001 : Global iterations in 16 thread ...
PHY-1002 : len = 31792, over cnt = 95(0%), over = 132, worst = 4
PHY-1002 : len = 32216, over cnt = 43(0%), over = 55, worst = 4
PHY-1002 : len = 32760, over cnt = 9(0%), over = 12, worst = 2
PHY-1002 : len = 32944, over cnt = 0(0%), over = 0, worst = 0
PHY-1001 : End global iterations;  0.158280s wall, 0.046875s user + 0.000000s system = 0.046875s CPU (29.6%)

PHY-1001 : Congestion index: top1 = 24.53, top5 = 16.25, top10 = 10.60, top15 = 7.41.
PHY-1001 : End incremental global routing;  0.223779s wall, 0.046875s user + 0.000000s system = 0.046875s CPU (20.9%)

TMR-2503 : Start to update net delay, extr mode = 5.
TMR-2504 : Update delay of 928 nets completely.
TMR-2502 : Annotate delay completely, extr mode = 5.
TMR-3001 : Initiate 0 clocks from SDC.
TMR-3004 : Map sdc constraints, there are 0 constraints in total.
TMR-3003 : Constraints initiated successfully.
TMR-3501 : Forward propagation: start to calculate arrival time...
TMR-3502 : Backward propagation: start to calculate required time...
TMR-3503 : Timing propagation completes.
OPT-1001 : End timing update;  0.026469s wall, 0.046875s user + 0.000000s system = 0.046875s CPU (177.1%)

OPT-1001 : 0 high-fanout net processed.
OPT-1001 : End high-fanout net optimization;  0.270163s wall, 0.093750s user + 0.000000s system = 0.093750s CPU (34.7%)

OPT-1001 : Current memory(MB): used = 198, reserve = 163, peak = 198.
OPT-1001 : Start path based optimization ...
OPT-1001 : Start congestion update ...
RUN-1001 : Generating global routing grids ...
PHY-1001 : Generate routing nets ...
PHY-1001 : Reuse net number 775/930.
PHY-1001 : Global iterations in 16 thread ...
PHY-1002 : len = 32944, over cnt = 0(0%), over = 0, worst = 0
PHY-1001 : End global iterations;  0.006433s wall, 0.000000s user + 0.000000s system = 0.000000s CPU (n/a%)

PHY-1001 : Congestion index: top1 = 24.53, top5 = 16.25, top10 = 10.60, top15 = 7.41.
OPT-1001 : End congestion update;  0.072649s wall, 0.062500s user + 0.000000s system = 0.062500s CPU (86.0%)

OPT-1001 : Update timing in Manhattan mode
TMR-2503 : Start to update net delay, extr mode = 3.
TMR-2504 : Update delay of 928 nets completely.
TMR-2502 : Annotate delay completely, extr mode = 3.
TMR-3501 : Forward propagation: start to calculate arrival time...
TMR-3502 : Backward propagation: start to calculate required time...
TMR-3503 : Timing propagation completes.
OPT-1001 : End timing update;  0.021791s wall, 0.031250s user + 0.000000s system = 0.031250s CPU (143.4%)

OPT-0007 : Start: WNS 2147483647 TNS 0 NUM_FEPS 0
OPT-1001 : End path based optimization;  0.094606s wall, 0.093750s user + 0.000000s system = 0.093750s CPU (99.1%)

OPT-1001 : Current memory(MB): used = 199, reserve = 164, peak = 199.
OPT-1001 : Update timing in Manhattan mode
TMR-2503 : Start to update net delay, extr mode = 3.
TMR-2504 : Update delay of 928 nets completely.
TMR-2502 : Annotate delay completely, extr mode = 3.
TMR-3501 : Forward propagation: start to calculate arrival time...
TMR-3502 : Backward propagation: start to calculate required time...
TMR-3503 : Timing propagation completes.
OPT-1001 : End timing update;  0.019388s wall, 0.015625s user + 0.000000s system = 0.015625s CPU (80.6%)

OPT-1001 : Start pin optimization...
OPT-1001 : skip pin optimization...
OPT-1001 : Update timing in global mode
PHY-1001 : Start incremental global routing, caller is place ...
RUN-1001 : Generating global routing grids ...
PHY-1001 : Generate routing nets ...
PHY-1001 : Reuse net number 775/930.
PHY-1001 : Global iterations in 16 thread ...
PHY-1002 : len = 32944, over cnt = 0(0%), over = 0, worst = 0
PHY-1001 : End global iterations;  0.006154s wall, 0.000000s user + 0.000000s system = 0.000000s CPU (n/a%)

PHY-1001 : Congestion index: top1 = 24.53, top5 = 16.25, top10 = 10.60, top15 = 7.41.
PHY-1001 : End incremental global routing;  0.063969s wall, 0.046875s user + 0.000000s system = 0.046875s CPU (73.3%)

TMR-2503 : Start to update net delay, extr mode = 5.
TMR-2504 : Update delay of 928 nets completely.
TMR-2502 : Annotate delay completely, extr mode = 5.
TMR-3501 : Forward propagation: start to calculate arrival time...
TMR-3502 : Backward propagation: start to calculate required time...
TMR-3503 : Timing propagation completes.
OPT-1001 : End timing update;  0.025180s wall, 0.015625s user + 0.000000s system = 0.015625s CPU (62.1%)

RUN-1001 : Generating global routing grids ...
PHY-1001 : Generate routing nets ...
PHY-1001 : Reuse net number 775/930.
PHY-1001 : Global iterations in 16 thread ...
PHY-1002 : len = 32944, over cnt = 0(0%), over = 0, worst = 0
PHY-1001 : End global iterations;  0.013782s wall, 0.000000s user + 0.000000s system = 0.000000s CPU (n/a%)

PHY-1001 : Congestion index: top1 = 24.53, top5 = 16.25, top10 = 10.60, top15 = 7.41.
OPT-1001 : Update timing in Manhattan mode
TMR-2503 : Start to update net delay, extr mode = 3.
TMR-2504 : Update delay of 928 nets completely.
TMR-2502 : Annotate delay completely, extr mode = 3.
TMR-3501 : Forward propagation: start to calculate arrival time...
TMR-3502 : Backward propagation: start to calculate required time...
TMR-3503 : Timing propagation completes.
OPT-1001 : End timing update;  0.019363s wall, 0.015625s user + 0.000000s system = 0.015625s CPU (80.7%)

RUN-1001 : QoR Analysis:
OPT-0007 :   WNS 2147483647 TNS 0 NUM_FEPS 0
RUN-1001 :   No local congestion issue, and most congested 1% tile average routing util is 24.172414
RUN-1001 :   Top critical paths
OPT-1001 : End physical optimization;  0.801250s wall, 0.531250s user + 0.000000s system = 0.531250s CPU (66.3%)

RUN-1003 : finish command "place" in  6.405189s wall, 2.093750s user + 0.625000s system = 2.718750s CPU (42.4%)

RUN-1004 : used memory is 184 MB, reserved memory is 149 MB, peak memory is 199 MB
RUN-1002 : start command "export_db adc_place.db"
RUN-1001 : Exported /
RUN-1001 : Exported flow parameters
RUN-1001 : Exported libs
RUN-1001 : Exported entities
RUN-1001 : Exported ports
RUN-1001 : Exported pins
RUN-1001 : Exported instances
RUN-1001 : Exported nets
RUN-1001 : Exported buses
RUN-1001 : Exported models
RUN-1001 : Exported congestions
RUN-1001 : Exported violations
RUN-1001 : Exported timing constraints
RUN-1001 : Exported IO constraints
RUN-1001 : Exported Inst constraints
RUN-1001 : Exported ChipWatcher
RUN-1002 : start command "route"
RUN-1001 : Open license file C:/Anlogic/TD5.6.56362/license/Anlogic.lic
RUN-1001 : Print Global Property
RUN-1001 : ---------------------------------------------------------------
RUN-1001 :        Parameters        |  Settings  |  Default Values  |  Note  
RUN-1001 : ---------------------------------------------------------------
RUN-1001 :          message         |  standard  |     standard     |        
RUN-1001 :   mixed_pack_place_flow  |     on     |        on        |        
RUN-1001 :        syn_ip_flow       |    off     |       off        |        
RUN-1001 :          thread          |    auto    |       auto       |        
RUN-1001 : ---------------------------------------------------------------
RUN-1001 : Print Route Property
RUN-1001 : -------------------------------------------------------
RUN-1001 :    Parameters    |  Settings  |  Default Values  |  Note  
RUN-1001 : -------------------------------------------------------
RUN-1001 :      effort      |   medium   |      medium      |        
RUN-1001 :     fix_hold     |    off     |       off        |        
RUN-1001 :    opt_timing    |   medium   |      medium      |        
RUN-1001 :   phy_sim_model  |    off     |       off        |        
RUN-1001 :     priority     |   timing   |      timing      |        
RUN-1001 :     swap_pin     |     on     |        on        |        
RUN-1001 : -------------------------------------------------------
PHY-1001 : Route runs in 16 thread(s)
RUN-1001 : There are total 406 instances
RUN-1001 : 186 mslices, 186 lslices, 19 pads, 10 brams, 0 dsps
RUN-1001 : There are total 930 nets
RUN-6004 WARNING: There are 1 nets with only 1 pin.
RUN-1001 : 461 nets have 2 pins
RUN-1001 : 365 nets have [3 - 5] pins
RUN-1001 : 58 nets have [6 - 10] pins
RUN-1001 : 29 nets have [11 - 20] pins
RUN-1001 : 13 nets have [21 - 99] pins
RUN-1001 : 3 nets have 100+ pins
RUN-1002 : start command "start_timer -report"
TMR-2505 : Start building timing graph for model top.
TMR-2506 : Build timing graph completely. Port num: 12, tpin num: 3899, tnet num: 928, tinst num: 404, tnode num: 4988, tedge num: 6823.
TMR-2508 : Levelizing timing graph completed, there are 29 levels in total.
TMR-2501 : Timing graph initialized successfully.
PHY-1001 : 186 mslices, 186 lslices, 19 pads, 10 brams, 0 dsps
TMR-2503 : Start to update net delay, extr mode = 3.
TMR-2504 : Update delay of 928 nets completely.
TMR-2502 : Annotate delay completely, extr mode = 3.
TMR-3001 : Initiate 0 clocks from SDC.
TMR-3004 : Map sdc constraints, there are 0 constraints in total.
TMR-3003 : Constraints initiated successfully.
TMR-3501 : Forward propagation: start to calculate arrival time...
TMR-3502 : Backward propagation: start to calculate required time...
TMR-3503 : Timing propagation completes.
PHY-1001 : Start global routing, caller is route ...
RUN-1001 : Generating global routing grids ...
PHY-1001 : Generate routing nets ...
PHY-1001 : Global iterations in 16 thread ...
PHY-1002 : len = 31184, over cnt = 94(0%), over = 137, worst = 4
PHY-1002 : len = 31728, over cnt = 39(0%), over = 48, worst = 4
PHY-1002 : len = 32392, over cnt = 1(0%), over = 1, worst = 1
PHY-1002 : len = 32408, over cnt = 0(0%), over = 0, worst = 0
PHY-1001 : End global iterations;  0.159958s wall, 0.015625s user + 0.000000s system = 0.015625s CPU (9.8%)

PHY-1001 : Congestion index: top1 = 24.78, top5 = 16.25, top10 = 10.47, top15 = 7.26.
PHY-1001 : End global routing;  0.221767s wall, 0.062500s user + 0.000000s system = 0.062500s CPU (28.2%)

PHY-1001 : Start detail routing ...
PHY-1001 : Current memory(MB): used = 221, reserve = 187, peak = 236.
PHY-1001 : Detailed router is running in normal mode.
PHY-1001 : Generate detailed routing grids ...
PHY-1001 : Generate nets ...
PHY-1001 : clock net adc_clk_syn_6 will be merged with clock adc_clk_dup_3
PHY-1001 : net clk_dup_3 will be routed on clock mesh
PHY-5010 WARNING: Net key1_dup_3 is skipped due to 0 input or output
PHY-1001 : clock net config_inst_syn_10 will be merged with clock config_inst_syn_9
PHY-5010 WARNING: Net key1_dup_3 is skipped due to 0 input or output
PHY-1001 : Current memory(MB): used = 487, reserve = 458, peak = 487.
PHY-1001 : End build detailed router design. 4.275711s wall, 3.375000s user + 0.046875s system = 3.421875s CPU (80.0%)

PHY-1001 : Detail Route ...
PHY-1001 : ===== Detail Route Phase 1 =====
PHY-1001 : Clock net routing.....
PHY-1001 : Routed 0% nets.
PHY-1022 : len = 10112, over cnt = 0(0%), over = 0, worst = 0, crit = 0
PHY-1001 : End initial clock net routed; 1.488993s wall, 1.281250s user + 0.031250s system = 1.312500s CPU (88.1%)

PHY-1001 : Current memory(MB): used = 518, reserve = 489, peak = 518.
PHY-1001 : End phase 1; 1.501189s wall, 1.296875s user + 0.031250s system = 1.328125s CPU (88.5%)

PHY-1001 : ===== Detail Route Phase 2 =====
PHY-1001 : Initial routing.....
PHY-1001 : Routed 7% nets.
PHY-1001 : Routed 15% nets.
PHY-1001 : Routed 23% nets.
PHY-1001 : Routed 24% nets.
PHY-1001 : Routed 24% nets.
PHY-1001 : Patch 579 net; 1.200857s wall, 1.109375s user + 0.000000s system = 1.109375s CPU (92.4%)

PHY-1022 : len = 62936, over cnt = 61(0%), over = 61, worst = 1, crit = 0
PHY-1001 : Current memory(MB): used = 519, reserve = 490, peak = 519.
PHY-1001 : End initial routed; 1.507807s wall, 1.312500s user + 0.000000s system = 1.312500s CPU (87.0%)

PHY-1001 : Update timing.....
PHY-1001 : 0/807(0%) critical/total net(s).
RUN-1001 : ------------------------------------------
RUN-1001 :   Type   |    WNS(ns)    |  TNS(ns)  |  FEP  
RUN-1001 : ------------------------------------------
RUN-1001 :   Setup  |  2147483.647  |   0.000   |   0   
RUN-1001 :   Hold   |  2147483.647  |   0.000   |   0   
RUN-1001 : ------------------------------------------
PHY-1001 : End update timing; 0.245159s wall, 0.250000s user + 0.000000s system = 0.250000s CPU (102.0%)

PHY-1001 : Current memory(MB): used = 520, reserve = 491, peak = 520.
PHY-1001 : End phase 2; 1.753169s wall, 1.562500s user + 0.000000s system = 1.562500s CPU (89.1%)

PHY-1001 : ===== Detail Route Phase 3 =====
PHY-1001 : Optimize timing.....
PHY-1022 : len = 62936, over cnt = 61(0%), over = 61, worst = 1, crit = 0
PHY-1001 : End optimize timing; 0.009745s wall, 0.015625s user + 0.000000s system = 0.015625s CPU (160.3%)

PHY-1001 : Ripup-reroute.....
PHY-1001 : ===== DR Iter 1 =====
PHY-1022 : len = 63032, over cnt = 10(0%), over = 10, worst = 1, crit = 0
PHY-1001 : End DR Iter 1; 0.083322s wall, 0.031250s user + 0.000000s system = 0.031250s CPU (37.5%)

PHY-1001 : ===== DR Iter 2 =====
PHY-1022 : len = 63120, over cnt = 2(0%), over = 2, worst = 1, crit = 0
PHY-1001 : End DR Iter 2; 0.031479s wall, 0.000000s user + 0.000000s system = 0.000000s CPU (n/a%)

PHY-1001 : ===== DR Iter 3 =====
PHY-1022 : len = 63160, over cnt = 0(0%), over = 0, worst = 0, crit = 0
PHY-1001 : End DR Iter 3; 0.023324s wall, 0.015625s user + 0.000000s system = 0.015625s CPU (67.0%)

PHY-1001 : Update timing.....
PHY-1001 : 0/807(0%) critical/total net(s).
RUN-1001 : ------------------------------------------
RUN-1001 :   Type   |    WNS(ns)    |  TNS(ns)  |  FEP  
RUN-1001 : ------------------------------------------
RUN-1001 :   Setup  |  2147483.647  |   0.000   |   0   
RUN-1001 :   Hold   |  2147483.647  |   0.000   |   0   
RUN-1001 : ------------------------------------------
PHY-1001 : End update timing; 0.244221s wall, 0.250000s user + 0.000000s system = 0.250000s CPU (102.4%)

PHY-1001 : Commit to database.....
PHY-1001 : 21 feed throughs used by 14 nets
PHY-1001 : End commit to database; 0.106802s wall, 0.078125s user + 0.000000s system = 0.078125s CPU (73.1%)

PHY-1001 : Current memory(MB): used = 531, reserve = 502, peak = 531.
PHY-1001 : End phase 3; 0.641151s wall, 0.500000s user + 0.015625s system = 0.515625s CPU (80.4%)

PHY-1003 : Routed, final wirelength = 63160
PHY-1001 : Current memory(MB): used = 531, reserve = 502, peak = 531.
PHY-1001 : End export database. 0.013415s wall, 0.015625s user + 0.000000s system = 0.015625s CPU (116.5%)

PHY-1001 : End detail routing;  8.462619s wall, 6.875000s user + 0.109375s system = 6.984375s CPU (82.5%)

RUN-1003 : finish command "route" in  8.999235s wall, 7.062500s user + 0.109375s system = 7.171875s CPU (79.7%)

RUN-1004 : used memory is 477 MB, reserved memory is 448 MB, peak memory is 531 MB
RUN-1002 : start command "report_area -io_info -file adc_phy.area"
RUN-1001 : standard
***Report Model: top Device: EG4S20NG88***

IO Statistics
#IO                        19
  #input                   14
  #output                   5
  #inout                    0

Utilization Statistics
#lut                      605   out of  19600    3.09%
#reg                      427   out of  19600    2.18%
#le                       713
  #lut only               286   out of    713   40.11%
  #reg only               108   out of    713   15.15%
  #lut&reg                319   out of    713   44.74%
#dsp                        0   out of     29    0.00%
#bram                      10   out of     64   15.62%
  #bram9k                  10
  #fifo9k                   0
#bram32k                    0   out of     16    0.00%
#pad                       19   out of     66   28.79%
  #ireg                     0
  #oreg                     0
  #treg                     0
#pll                        0   out of      4    0.00%
#gclk                       3   out of     16   18.75%

Clock Resource Statistics
Index     ClockNet             Type               DriverType         Driver               Fanout
#1        clk_dup_3            GCLK               io                 clk_syn_4.di         171
#2        config_inst_syn_9    GCLK               config             config_inst.jtck     81
#3        adc_clk_dup_3        GCLK               lslice             rx/reg5_syn_41.q0    11


Detailed IO Report

     Name       Direction    Location    IOStandard    DriveStrength    PullType    PackReg  
     clk          INPUT        P34        LVCMOS25          N/A          PULLUP      NONE    
  data_in[7]      INPUT         P2        LVCMOS25          N/A          PULLUP      NONE    
  data_in[6]      INPUT         P3        LVCMOS25          N/A          PULLUP      NONE    
  data_in[5]      INPUT         P4        LVCMOS25          N/A          PULLUP      NONE    
  data_in[4]      INPUT         P5        LVCMOS25          N/A          PULLUP      NONE    
  data_in[3]      INPUT        P10        LVCMOS25          N/A          PULLUP      NONE    
  data_in[2]      INPUT        P11        LVCMOS25          N/A          PULLUP      NONE    
  data_in[1]      INPUT        P12        LVCMOS25          N/A          PULLUP      NONE    
  data_in[0]      INPUT        P13        LVCMOS25          N/A          PULLUP      NONE    
     eoc          INPUT        P60        LVCMOS25          N/A          PULLUP      NONE    
     key1         INPUT        P50        LVCMOS25          N/A          PULLUP      NONE    
     key2         INPUT        P19        LVCMOS25          N/A           N/A        NONE    
   reset_n        INPUT        P55        LVCMOS25          N/A          PULLUP      NONE    
   uart_rxd       INPUT        P54        LVCMOS25          N/A          PULLUP      NONE    
   adc_clk       OUTPUT        P87        LVCMOS25           8            NONE       NONE    
     ale         OUTPUT        P23        LVCMOS25           8            N/A        NONE    
      oe         OUTPUT        P86        LVCMOS25           8            NONE       NONE    
    start        OUTPUT        P59        LVCMOS25           8            NONE       NONE    
   uart_txd      OUTPUT        P52        LVCMOS25           8            NONE       NONE    

Report Hierarchy Area:
+---------------------------------------------------------------------------------------------------------+
|Instance                            |Module         |le     |lut     |ripple  |seq     |bram    |dsp     |
+---------------------------------------------------------------------------------------------------------+
|top                                 |top            |713    |486     |119     |427     |10      |0       |
|  adc                               |adc_ctrl       |28     |22      |6       |16      |0       |0       |
|  fifo_list                         |fifo_ctrl      |48     |22      |16      |32      |0       |0       |
|    fifo_list                       |fifo           |46     |20      |16      |30      |0       |0       |
|  rx                                |uart_rx        |63     |57      |6       |40      |0       |0       |
|  tx                                |uart_tx        |51     |34      |8       |37      |0       |0       |
|  type                              |type_choice    |133    |125     |8       |75      |0       |0       |
|  cw_top                            |CW_TOP_WRAPPER |389    |225     |75      |227     |0       |0       |
|    wrapper_cwc_top                 |cwc_top        |389    |225     |75      |227     |0       |0       |
|      cfg_int_inst                  |cwc_cfg_int    |150    |74      |0       |135     |0       |0       |
|        reg_inst                    |register       |147    |71      |0       |132     |0       |0       |
|        tap_inst                    |tap            |3      |3       |0       |3       |0       |0       |
|      trigger_inst                  |trigger        |239    |151     |75      |92      |0       |0       |
|        bus_inst                    |bus_top        |30     |20      |10      |13      |0       |0       |
|          BUS_DETECTOR[1]$bus_nodes |bus_det        |2      |2       |0       |2       |0       |0       |
|          BUS_DETECTOR[3]$bus_nodes |bus_det        |28     |18      |10      |11      |0       |0       |
|        emb_ctrl_inst               |emb_ctrl       |122    |89      |33      |52      |0       |0       |
+---------------------------------------------------------------------------------------------------------+


DataNet Average Fanout:

   Index     Fanout     Nets  
    #1          1       442   
    #2          2       207   
    #3          3       113   
    #4          4        45   
    #5        5-10       60   
    #6        11-50      36   
    #7       51-100      1    
    #8       101-500     1    
  Average     2.97            

RUN-1002 : start command "export_db adc_pr.db"
RUN-1001 : Exported /
RUN-1001 : Exported flow parameters
RUN-1001 : Exported libs
RUN-1001 : Exported entities
RUN-1001 : Exported ports
RUN-1001 : Exported pins
RUN-1001 : Exported instances
RUN-1001 : Exported nets
RUN-1001 : Exported buses
RUN-1001 : Exported models
RUN-1001 : Exported congestions
RUN-1001 : Exported violations
RUN-1001 : Exported timing constraints
RUN-1001 : Exported IO constraints
RUN-1001 : Exported Inst constraints
RUN-1001 : Exported ChipWatcher
RUN-1002 : start command "export_bid adc_inst.bid"
RUN-1002 : start command "bitgen -bit adc.bit"
BIT-1003 : Start to generate bitstream. 
BIT-1002 : Init instances with 16 threads.
BIT-1002 : Init instances completely, inst num: 404
BIT-1002 : Init pips with 16 threads.
BIT-1002 : Init pips completely, net num: 930, pip num: 7778
BIT-1002 : Init feedthrough with 16 threads.
BIT-1002 : Init feedthrough completely, num: 21
BIT-1003 : Multithreading accelaration with 16 threads.
BIT-1003 : Generate bitstream completely, there are 647 valid insts, and 22509 bits set as '1'.
BIT-1004 : the usercode register value: 00000000011100011111010101110100
BIT-1004 : PLL setting string = 0000
BIT-1004 : Generate bits file adc.bit.
RUN-1003 : finish command "bitgen -bit adc.bit" in  2.164475s wall, 7.156250s user + 0.078125s system = 7.234375s CPU (334.2%)

RUN-1004 : used memory is 488 MB, reserved memory is 458 MB, peak memory is 673 MB
RUN-1002 : start command "backup_run_log run.log ../.logs/phy_1/td_20230305_122055.log"
