============================================================
   Tang Dynasty, V5.6.69102
      Copyright (c) 2012-2023 Anlogic Inc.
   Executable = C:/Anlogic/TD5.6.6910.2/bin/td.exe
   Built at =   20:14:16 Feb 16 2023
   Run by =     shaka
   Run Date =   Fri Mar 10 17:27:43 2023

   Run on =     BR007
============================================================
RUN-1002 : start command "open_project adc.prj"
RUN-1001 : Print Global Property
RUN-1001 : ---------------------------------------------------------------
RUN-1001 :        Parameters        |  Settings  |  Default Values  |  Note  
RUN-1001 : ---------------------------------------------------------------
RUN-1001 :          message         |  standard  |     standard     |        
RUN-1001 :   mixed_pack_place_flow  |     on     |        on        |        
RUN-1001 :        qor_monitor       |    off     |       off        |        
RUN-1001 :        syn_ip_flow       |    off     |       off        |        
RUN-1001 :          thread          |    auto    |       auto       |        
RUN-1001 : ---------------------------------------------------------------
RUN-1001 : Print Design Property
RUN-1001 : --------------------------------------------------------------
RUN-1001 :        Parameters       |  Settings  |  Default Values  |  Note  
RUN-1001 : --------------------------------------------------------------
RUN-1001 :   default_reg_initial   |    auto    |       auto       |        
RUN-1001 :        infer_add        |     on     |        on        |        
RUN-1001 :        infer_fsm        |    off     |       off        |        
RUN-1001 :        infer_mult       |     on     |        on        |        
RUN-1001 :        infer_ram        |     on     |        on        |        
RUN-1001 :        infer_reg        |     on     |        on        |        
RUN-1001 :   infer_reg_init_value  |     on     |        on        |        
RUN-1001 :        infer_rom        |     on     |        on        |        
RUN-1001 :      infer_shifter      |     on     |        on        |        
RUN-1001 : --------------------------------------------------------------
RUN-1001 : Print Rtl Property
RUN-1001 : --------------------------------------------------------------
RUN-1001 :        Parameters       |  Settings  |  Default Values  |  Note  
RUN-1001 : --------------------------------------------------------------
RUN-1001 :       compress_add      |   ripple   |      ripple      |        
RUN-1001 :        elf_sload        |    off     |       off        |        
RUN-1001 :       fix_undriven      |     0      |        0         |        
RUN-1001 :         flatten         |    off     |       off        |        
RUN-1001 :       gate_sharing      |     on     |        on        |        
RUN-1001 :    hdl_warning_level    |   normal   |      normal      |        
RUN-1001 :   impl_internal_tribuf  |     on     |        on        |        
RUN-1001 :      impl_set_reset     |     on     |        on        |        
RUN-1001 :        infer_gsr        |    off     |       off        |        
RUN-1001 :      keep_hierarchy     |    auto    |       auto       |        
RUN-1001 :        max_fanout       |    9999    |       9999       |        
RUN-1001 :      max_oh2bin_len     |     10     |        10        |        
RUN-1001 :       merge_equal       |     on     |        on        |        
RUN-1001 :       merge_equiv       |     on     |        on        |        
RUN-1001 :        merge_mux        |    off     |       off        |        
RUN-1001 :     min_control_set     |     8      |        8         |        
RUN-1001 :      min_ripple_len     |    auto    |       auto       |        
RUN-1001 :       oh2bin_ratio      |    0.08    |       0.08       |        
RUN-1001 :     opt_adder_fanout    |     on     |        on        |        
RUN-1001 :        opt_arith        |     on     |        on        |        
RUN-1001 :       opt_big_gate      |    off     |       off        |        
RUN-1001 :        opt_const        |     on     |        on        |        
RUN-1001 :      opt_const_mult     |     on     |        on        |        
RUN-1001 :       opt_lessthan      |     on     |        on        |        
RUN-1001 :         opt_mux         |    off     |       off        |        
RUN-1001 :         opt_ram         |    high    |       high       |        
RUN-1001 :      rtl_sim_model      |    off     |       off        |        
RUN-1001 :         seq_syn         |     on     |        on        |        
RUN-1001 : --------------------------------------------------------------
HDL-1007 : analyze verilog file ../../../Core/fifo.v
HDL-1007 : analyze verilog file ../../al_ip/pll.v
HDL-1007 : undeclared symbol 'open', assumed default net type 'wire' in ../../al_ip/pll.v(78)
HDL-1007 : analyze verilog file ../../../Src/top.v
HDL-1007 : undeclared symbol 'clk', assumed default net type 'wire' in ../../../Src/top.v(58)
HDL-1007 : undeclared symbol 'valid', assumed default net type 'wire' in ../../../Src/top.v(70)
HDL-1007 : undeclared symbol 'data_vld', assumed default net type 'wire' in ../../../Src/top.v(81)
HDL-1007 : undeclared symbol 'adc_en', assumed default net type 'wire' in ../../../Src/top.v(91)
HDL-1007 : undeclared symbol 'data_en', assumed default net type 'wire' in ../../../Src/top.v(98)
HDL-1007 : undeclared symbol 'fifo_working', assumed default net type 'wire' in ../../../Src/top.v(115)
HDL-1007 : undeclared symbol 'key', assumed default net type 'wire' in ../../../Src/top.v(125)
HDL-1007 : undeclared symbol 'condition', assumed default net type 'wire' in ../../../Src/top.v(129)
HDL-1007 : analyze verilog file ../../../Src/uart_rx.v
HDL-1007 : analyze verilog file ../../../Src/uart_tx.v
HDL-1007 : analyze verilog file ../../../Src/adc_ctrl.v
HDL-1007 : analyze verilog file ../../../Src/type_choice.v
HDL-1007 : analyze verilog file ../../../Src/fifo_ctrl.v
HDL-1007 : undeclared symbol 'empty_flag', assumed default net type 'wire' in ../../../Src/fifo_ctrl.v(177)
HDL-1007 : analyze verilog file ../../../Src/anjian.v
RUN-1001 : Project manager successfully analyzed 9 source files.
RUN-1002 : start command "import_device eagle_s20.db -package EG4S20NG88"
ARC-1001 : Device Initialization.
ARC-1001 : ---------------------------------------------------------------
ARC-1001 :            OPTION            |        IO         |   SETTING   
ARC-1001 : ---------------------------------------------------------------
ARC-1001 :   cso_b/cclk/mosi/miso/dout  |  P69/P82/P81/P80  |    gpio    
ARC-1001 :             done             |        P8         |    gpio    
ARC-1001 :           program_b          |        P67        |  dedicate  
ARC-1001 :        tdi/tms/tck/tdo       |  P25/P22/P26/P21  |  dedicate  
ARC-1001 : ---------------------------------------------------------------
ARC-1004 : Device setting, marked 5 dedicate IOs in total.
RUN-1002 : start command "import_db ../syn_1/adc_gate.db"
RUN-1001 : Importing database generated by Tang Dynasty, V5.6.69102.
RUN-1001 : Database version number 46146.
RUN-1001 : Import flow parameters
RUN-1001 : Import IO constraints
RUN-1001 : Import Inst constraints
RUN-1001 : Import design success TD_VERSION=5.6.69102 , DB_VERSION=46146
RUN-1002 : start command "config_chipwatcher ../../../Debug/adc.cwc -dir "
RUN-1002 : start command "legalize_phy_inst"
SYN-1011 : Flatten model top
KIT-1004 : ChipWatcher: import watcher inst auto_chipwatcher_0 completed, there are 1 view nodes, 4 trigger nets, 4 data nets.
KIT-1004 : Chipwatcher code = 1001110100011100
RUN-1002 : start command "compile_watcher"
RUN-1002 : start command "read_verilog -no_sch -dir C:/Anlogic/TD5.6.6910.2/cw/ -file adc_watcherInst.sv -lib cw -top CW_TOP_WRAPPER"
HDL-1007 : analyze verilog file C:/Anlogic/TD5.6.6910.2/cw\bus_det.v
HDL-1007 : analyze verilog file C:/Anlogic/TD5.6.6910.2/cw\bus_top.sv
HDL-1007 : analyze verilog file C:/Anlogic/TD5.6.6910.2/cw\cfg_int.v
HDL-1007 : analyze verilog file C:/Anlogic/TD5.6.6910.2/cw\cwc_cfg_int.v
HDL-1007 : analyze verilog file C:/Anlogic/TD5.6.6910.2/cw\cwc_top.sv
HDL-1007 : analyze verilog file C:/Anlogic/TD5.6.6910.2/cw\detect_bus.v
HDL-1007 : analyze verilog file C:/Anlogic/TD5.6.6910.2/cw\detect_non_bus.v
HDL-1007 : analyze verilog file C:/Anlogic/TD5.6.6910.2/cw\emb_ctrl.v
HDL-1007 : analyze verilog file C:/Anlogic/TD5.6.6910.2/cw\register.v
HDL-1007 : analyze verilog file C:/Anlogic/TD5.6.6910.2/cw\tap.v
HDL-1007 : analyze verilog file C:/Anlogic/TD5.6.6910.2/cw\trigger.sv
HDL-1007 : analyze verilog file adc_watcherInst.sv
HDL-1007 : elaborate module CW_TOP_WRAPPER in adc_watcherInst.sv(1)
HDL-1007 : elaborate module cwc_top(BUS_NUM=1,BUS_DIN_NUM=4,BUS_CTRL_NUM=12,BUS_WIDTH='{32'sb0100},BUS_DIN_POS='{32'sb0},BUS_CTRL_POS='{32'sb0}) in C:/Anlogic/TD5.6.6910.2/cw\cwc_top.sv(21)
HDL-1007 : elaborate module cwc_cfg_int(CTRL_REG_LEN=34) in C:/Anlogic/TD5.6.6910.2/cw\cwc_cfg_int.v(21)
HDL-1007 : elaborate module register(CTRL_REG_LEN=34) in C:/Anlogic/TD5.6.6910.2/cw\register.v(21)
HDL-1007 : elaborate module tap in C:/Anlogic/TD5.6.6910.2/cw\tap.v(21)
HDL-1007 : elaborate module trigger(BUS_NUM=1,BUS_DIN_NUM=4,BUS_CTRL_NUM=12,BUS_WIDTH='{32'sb0100},BUS_DIN_POS='{32'sb0},BUS_CTRL_POS='{32'sb0}) in C:/Anlogic/TD5.6.6910.2/cw\trigger.sv(21)
HDL-1007 : elaborate module bus_top(BUS_NODE_NUM=1,BUS_DIN_NUM=4,BUS_CTRL_NUM=12,BUS_WIDTH='{32'sb0100},BUS_DIN_POS='{32'sb0},BUS_CTRL_POS='{32'sb0}) in C:/Anlogic/TD5.6.6910.2/cw\bus_top.sv(22)
HDL-1007 : elaborate module bus_det(BUS_WIDTH=32'sb0100) in C:/Anlogic/TD5.6.6910.2/cw\bus_det.v(21)
HDL-1007 : elaborate module emb_ctrl in C:/Anlogic/TD5.6.6910.2/cw\emb_ctrl.v(21)
HDL-1200 : Current top model is CW_TOP_WRAPPER
HDL-1100 : Inferred 0 RAMs.
RUN-1002 : start command "force_keep -a auto_chipwatcher_0_logicbram"
RUN-1002 : start command "optimize_rtl -no_sch"
RUN-1001 : Open license file C:/Anlogic/TD5.6.6910.2/license/Anlogic.lic
RUN-1001 : Print Global Property
RUN-1001 : ---------------------------------------------------------------
RUN-1001 :        Parameters        |  Settings  |  Default Values  |  Note  
RUN-1001 : ---------------------------------------------------------------
RUN-1001 :          message         |  standard  |     standard     |        
RUN-1001 :   mixed_pack_place_flow  |     on     |        on        |        
RUN-1001 :        qor_monitor       |    off     |       off        |        
RUN-1001 :        syn_ip_flow       |    off     |       off        |        
RUN-1001 :          thread          |    auto    |       auto       |        
RUN-1001 : ---------------------------------------------------------------
RUN-1001 : Print Rtl Property
RUN-1001 : --------------------------------------------------------------
RUN-1001 :        Parameters       |  Settings  |  Default Values  |  Note  
RUN-1001 : --------------------------------------------------------------
RUN-1001 :       compress_add      |   ripple   |      ripple      |        
RUN-1001 :        elf_sload        |    off     |       off        |        
RUN-1001 :       fix_undriven      |     0      |        0         |        
RUN-1001 :         flatten         |    off     |       off        |        
RUN-1001 :       gate_sharing      |     on     |        on        |        
RUN-1001 :    hdl_warning_level    |   normal   |      normal      |        
RUN-1001 :   impl_internal_tribuf  |     on     |        on        |        
RUN-1001 :      impl_set_reset     |     on     |        on        |        
RUN-1001 :        infer_gsr        |    off     |       off        |        
RUN-1001 :      keep_hierarchy     |    auto    |       auto       |        
RUN-1001 :        max_fanout       |    9999    |       9999       |        
RUN-1001 :      max_oh2bin_len     |     10     |        10        |        
RUN-1001 :       merge_equal       |     on     |        on        |        
RUN-1001 :       merge_equiv       |     on     |        on        |        
RUN-1001 :        merge_mux        |    off     |       off        |        
RUN-1001 :     min_control_set     |     8      |        8         |        
RUN-1001 :      min_ripple_len     |    auto    |       auto       |        
RUN-1001 :       oh2bin_ratio      |    0.08    |       0.08       |        
RUN-1001 :     opt_adder_fanout    |     on     |        on        |        
RUN-1001 :        opt_arith        |     on     |        on        |        
RUN-1001 :       opt_big_gate      |    off     |       off        |        
RUN-1001 :        opt_const        |     on     |        on        |        
RUN-1001 :      opt_const_mult     |     on     |        on        |        
RUN-1001 :       opt_lessthan      |     on     |        on        |        
RUN-1001 :         opt_mux         |    off     |       off        |        
RUN-1001 :         opt_ram         |    high    |       high       |        
RUN-1001 :      rtl_sim_model      |    off     |       off        |        
RUN-1001 :         seq_syn         |     on     |        on        |        
RUN-1001 : --------------------------------------------------------------
SYN-1012 : SanityCheck: Model "top"
SYN-1012 : SanityCheck: Model "CW_TOP_WRAPPER"
SYN-1012 : SanityCheck: Model "cwc_top(BUS_NUM=1,BUS_DIN_NUM=4,BUS_CTRL_NUM=12,BUS_WIDTH='{32'sb0100},BUS_DIN_POS='{32'sb0},BUS_CTRL_POS='{32'sb0})"
SYN-1012 : SanityCheck: Model "cwc_cfg_int(CTRL_REG_LEN=34)"
SYN-1012 : SanityCheck: Model "register(CTRL_REG_LEN=34)"
SYN-1012 : SanityCheck: Model "tap"
SYN-1012 : SanityCheck: Model "trigger(BUS_NUM=1,BUS_DIN_NUM=4,BUS_CTRL_NUM=12,BUS_WIDTH='{32'sb0100},BUS_DIN_POS='{32'sb0},BUS_CTRL_POS='{32'sb0})"
SYN-1012 : SanityCheck: Model "bus_top(BUS_NODE_NUM=1,BUS_DIN_NUM=4,BUS_CTRL_NUM=12,BUS_WIDTH='{32'sb0100},BUS_DIN_POS='{32'sb0},BUS_CTRL_POS='{32'sb0})"
SYN-1012 : SanityCheck: Model "bus_det(BUS_WIDTH=32'sb0100)"
SYN-1012 : SanityCheck: Model "emb_ctrl"
SYN-1011 : Flatten model top
SYN-1032 : 1631/7 useful/useless nets, 954/2 useful/useless insts
SYN-1016 : Merged 12 instances.
SYN-1032 : 1512/2 useful/useless nets, 835/2 useful/useless insts
SYN-1032 : 1492/20 useful/useless nets, 1167/16 useful/useless insts
SYN-1014 : Optimize round 1
SYN-1021 : Optimized 1 onehot mux instances.
SYN-1020 : Optimized 1 distributor mux.
SYN-1019 : Optimized 1 mux instances.
SYN-1015 : Optimize round 1, 166 better
SYN-1014 : Optimize round 2
SYN-1032 : 1390/15 useful/useless nets, 1065/16 useful/useless insts
SYN-1015 : Optimize round 2, 32 better
SYN-1014 : Optimize round 1
SYN-1015 : Optimize round 1, 0 better
RUN-1002 : start command "optimize_gate -no_sch"
RUN-1001 : Open license file C:/Anlogic/TD5.6.6910.2/license/Anlogic.lic
RUN-1001 : Print Global Property
RUN-1001 : ---------------------------------------------------------------
RUN-1001 :        Parameters        |  Settings  |  Default Values  |  Note  
RUN-1001 : ---------------------------------------------------------------
RUN-1001 :          message         |  standard  |     standard     |        
RUN-1001 :   mixed_pack_place_flow  |     on     |        on        |        
RUN-1001 :        qor_monitor       |    off     |       off        |        
RUN-1001 :        syn_ip_flow       |    off     |       off        |        
RUN-1001 :          thread          |    auto    |       auto       |        
RUN-1001 : ---------------------------------------------------------------
RUN-1001 : Print Gate Property
RUN-1001 : ------------------------------------------------------------------
RUN-1001 :          Parameters         |  Settings  |  Default Values  |  Note  
RUN-1001 : ------------------------------------------------------------------
RUN-1001 :         cascade_dsp         |    off     |       off        |        
RUN-1001 :         cascade_eram        |    off     |       off        |        
RUN-1001 :        gate_sim_model       |    off     |       off        |        
RUN-1001 :        map_sim_model        |    off     |       off        |        
RUN-1001 :         map_strategy        |     1      |        1         |        
RUN-1001 :           opt_area          |   medium   |      medium      |        
RUN-1001 :          opt_timing         |    auto    |       auto       |        
RUN-1001 :         pack_effort         |   medium   |      medium      |        
RUN-1001 :      pack_lslice_ripple     |     on     |        on        |        
RUN-1001 :   pack_lslice_ripple_ratio  |    0.5     |       0.5        |        
RUN-1001 :        pack_seq_in_io       |    auto    |       auto       |        
RUN-1001 :        ph1_mux_ratio        |    1.0     |       1.0        |        
RUN-1001 :            report           |  standard  |     standard     |        
RUN-1001 :           retiming          |    off     |       off        |        
RUN-1001 : ------------------------------------------------------------------
SYN-2001 : Map 18 IOs to PADs
RUN-1002 : start command "update_pll_param -module top"
SYN-2501 : Processed 0 LOGIC_BUF instances.
SYN-2512 : LOGIC BRAM "auto_chipwatcher_0_logicbram"
SYN-2571 : Optimize after map_dsp, round 1
SYN-2571 : Optimize after map_dsp, round 1, 0 better
SYN-1001 : Throwback 3 control mux instances
SYN-2501 : Optimize round 1
SYN-1016 : Merged 4 instances.
SYN-2501 : Optimize round 1, 8 better
SYN-2501 : Optimize round 2
SYN-2501 : Optimize round 2, 0 better
SYN-2501 : Map 12 macro adder
SYN-1019 : Optimized 5 mux instances.
SYN-1016 : Merged 9 instances.
SYN-1032 : 1674/2 useful/useless nets, 1352/1 useful/useless insts
SYN-3001 : Running gate level optimization.
SYN-2581 : Mapping with K=5, #lut = 109 (4.07), #lev = 5 (2.08)
SYN-2551 : Post LUT mapping optimization.
SYN-2581 : Mapping with K=5, #lut = 132 (3.99), #lev = 4 (2.07)
SYN-3001 : Logic optimization runtime opt =   0.02 sec, map =   0.00 sec
SYN-3001 : Mapper mapped 266 instances into 132 LUTs, name keeping = 75%.
SYN-1001 : Packing model "top" ...
SYN-4010 : Pack lib has 58 rtl pack models with 25 top pack blocks
SYN-1014 : Optimize round 1
SYN-1015 : Optimize round 1, 0 better
SYN-4002 : Packing 163 DFF/LATCH to SEQ ...
SYN-4009 : Pack 6 carry chain into lslice
SYN-4007 : Packing 81 adder to BLE ...
SYN-4008 : Packed 81 adder and 0 SEQ to BLE.
SYN-4007 : Packing 0 gate4 to BLE ...
SYN-4008 : Packed 0 gate4 and 0 SEQ to BLE.
SYN-4012 : Packed 0 FxMUX
RUN-1002 : start command "legalize_phy_inst"
SYN-1011 : Flatten model top
KIT-1004 : Compile Chipwatcher: Clear obsolete physical data.
RUN-1002 : start command "place"
RUN-1001 : Open license file C:/Anlogic/TD5.6.6910.2/license/Anlogic.lic
RUN-1001 : Print Global Property
RUN-1001 : ---------------------------------------------------------------
RUN-1001 :        Parameters        |  Settings  |  Default Values  |  Note  
RUN-1001 : ---------------------------------------------------------------
RUN-1001 :          message         |  standard  |     standard     |        
RUN-1001 :   mixed_pack_place_flow  |     on     |        on        |        
RUN-1001 :        qor_monitor       |    off     |       off        |        
RUN-1001 :        syn_ip_flow       |    off     |       off        |        
RUN-1001 :          thread          |    auto    |       auto       |        
RUN-1001 : ---------------------------------------------------------------
RUN-1001 : Print Place Property
RUN-1001 : --------------------------------------------------------------
RUN-1001 :        Parameters       |  Settings  |  Default Values  |  Note  
RUN-1001 : --------------------------------------------------------------
RUN-1001 :      detailed_place     |     on     |        on        |        
RUN-1001 :          effort         |   medium   |      medium      |        
RUN-1001 :         fix_hold        |    off     |       off        |        
RUN-1001 :       legalization      |    ori     |       ori        |        
RUN-1001 :      new_spreading      |     on     |        on        |        
RUN-1001 :        opt_timing       |   medium   |      medium      |        
RUN-1001 :   post_clock_route_opt  |    off     |       off        |        
RUN-1001 :       pr_strategy       |     1      |        1         |        
RUN-1001 :        relaxation       |    1.00    |       1.00       |        
RUN-1001 :         retiming        |    off     |       off        |        
RUN-1001 : --------------------------------------------------------------
PHY-3001 : Placer runs in 16 thread(s).
RUN-1002 : start command "legalize_phy_inst"
SYN-1011 : Flatten model top
SYN-4036 : The kept net data_in[7]_dup_3 is useless
SYN-4036 : The kept net data_in[6]_dup_3 is useless
SYN-4036 : The kept net data_in[5]_dup_3 is useless
SYN-4036 : The kept net data_in[4]_dup_3 is useless
SYN-4036 : The kept net data_in[3]_dup_3 is useless
SYN-4036 : The kept net data_in[2]_dup_3 is useless
SYN-4036 : The kept net data_in[1]_dup_3 is useless
SYN-4036 : The kept net data_in[0]_dup_3 is useless
SYN-5055 WARNING: The kept net type/reset_n will be merged to another kept net type_reset_n
SYN-5055 WARNING: The kept net fifo_list/fifo_list/re will be merged to another kept net fifo_list/re
SYN-5055 WARNING: The kept net fifo_list/fifo_list/we will be merged to another kept net fifo_list/we
SYN-5055 WARNING: The kept net fifo_list/fifo_list/wr_addr_diff[13] will be merged to another kept net fifo_list/wrusedw[13]
SYN-5055 WARNING: The kept net fifo_list/fifo_list/wr_addr_diff[12] will be merged to another kept net fifo_list/wrusedw[12]
SYN-5055 WARNING: The kept net fifo_list/fifo_list/wr_addr_diff[11] will be merged to another kept net fifo_list/wrusedw[11]
SYN-5055 WARNING: The kept net fifo_list/fifo_list/wr_addr_diff[10] will be merged to another kept net fifo_list/wrusedw[10]
SYN-5055 WARNING: The kept net fifo_list/fifo_list/wr_addr_diff[9] will be merged to another kept net fifo_list/wrusedw[9]
SYN-5055 WARNING: The kept net fifo_list/fifo_list/wr_addr_diff[8] will be merged to another kept net fifo_list/wrusedw[8]
SYN-5055 WARNING: The kept net fifo_list/fifo_list/wr_addr_diff[7] will be merged to another kept net fifo_list/wrusedw[7]
SYN-5055 Similar messages will be suppressed.
RUN-1002 : start command "phys_opt -simplify_lut"
SYN-4016 : Net pll_list/clk0_out driven by BUFG (0 clock/control pins, 1 other pins).
SYN-4016 : Net config_inst_syn_10 driven by BUFG (87 clock/control pins, 0 other pins).
SYN-4027 : Net fifo_list/fifo_list/ram_inst/clkb is clkc2 of pll pll_list/pll_inst.
SYN-4019 : Net clk_in_dup_3 is refclk of pll pll_list/pll_inst.
SYN-4020 : Net clk_in_dup_3 is fbclk of pll pll_list/pll_inst.
SYN-4024 : Net "adc/clk_adc" drives clk pins.
SYN-4025 : Tag rtl::Net adc/clk_adc as clock net
SYN-4025 : Tag rtl::Net clk_in_dup_3 as clock net
SYN-4025 : Tag rtl::Net config_inst_syn_10 as clock net
SYN-4025 : Tag rtl::Net fifo_list/fifo_list/ram_inst/clkb as clock net
SYN-4025 : Tag rtl::Net pll_list/clk0_out as clock net
SYN-4026 : Tagged 5 rtl::Net as clock net
SYN-4015 : Create BUFG instance for clk Net adc/clk_adc to drive 9 clock pins.
PHY-1001 : Populate physical database on model top.
RUN-1001 : There are total 974 instances
RUN-0007 : 400 luts, 392 seqs, 93 mslices, 56 lslices, 18 pads, 8 brams, 0 dsps
RUN-1001 : There are total 1306 nets
RUN-6004 WARNING: There are 8 nets with only 1 pin.
RUN-1001 : 803 nets have 2 pins
RUN-1001 : 384 nets have [3 - 5] pins
RUN-1001 : 68 nets have [6 - 10] pins
RUN-1001 : 27 nets have [11 - 20] pins
RUN-1001 : 13 nets have [21 - 99] pins
RUN-1001 : 3 nets have 100+ pins
RUN-1001 : Report Control nets information:
RUN-1001 : DFF Distribution
RUN-1001 : ----------------------------------
RUN-1001 :   CE   |  SSR  |  ASR  |  DFF Count  
RUN-1001 : ----------------------------------
RUN-1001 :   No   |  No   |  No   |      7      
RUN-1001 :   No   |  No   |  Yes  |     249     
RUN-1001 :   No   |  Yes  |  No   |      0      
RUN-1001 :   Yes  |  No   |  No   |      0      
RUN-1001 :   Yes  |  No   |  Yes  |     136     
RUN-1001 :   Yes  |  Yes  |  No   |      0      
RUN-1001 : ----------------------------------
RUN-0007 : Control Group Statistic
RUN-0007 : ---------------------------
RUN-0007 :   #CLK  |  #CE  |  #SSR/ASR  
RUN-0007 : ---------------------------
RUN-0007 :    4    |   7   |     7      
RUN-0007 : ---------------------------
RUN-0007 : Control Set = 15
PHY-3001 : Initial placement ...
PHY-3001 : design contains 972 instances, 400 luts, 392 seqs, 149 slices, 23 macros(149 instances: 93 mslices 56 lslices)
PHY-0007 : Cell area utilization is 3%
PHY-3001 : Global placement ...
PHY-3001 : Initial: Len = 268425
PHY-3001 : Clustering ...
PHY-3001 : Level 0 #clusters 972.
PHY-3001 : End clustering;  0.000040s wall, 0.000000s user + 0.000000s system = 0.000000s CPU (n/a%)

PHY-3001 : Run with size of 4
PHY-3001 : Cell area utilization is 3%
PHY-3001 : :::0::: Try harder cell spreading with beta_ = 0
PHY-3002 : Step(1): len = 165561, overlap = 27
PHY-3002 : Step(2): len = 110134, overlap = 27
PHY-3002 : Step(3): len = 78223, overlap = 24.75
PHY-3002 : Step(4): len = 65877.5, overlap = 22.5
PHY-3002 : Step(5): len = 56496.9, overlap = 22.5
PHY-3002 : Step(6): len = 53071.9, overlap = 22.5
PHY-3002 : Step(7): len = 47099.8, overlap = 24.75
PHY-3002 : Step(8): len = 44490.6, overlap = 24.75
PHY-3002 : Step(9): len = 41719.5, overlap = 22.5
PHY-3002 : Step(10): len = 39138.6, overlap = 22.5
PHY-3002 : Step(11): len = 38412.6, overlap = 22.5
PHY-3002 : Step(12): len = 35864.5, overlap = 22.5
PHY-3002 : Step(13): len = 35705.2, overlap = 22.5
PHY-3002 : Step(14): len = 33882.6, overlap = 22.5
PHY-3001 : :::1::: Try harder cell spreading with beta_ = 1.09938e-05
PHY-3002 : Step(15): len = 36953.2, overlap = 22.5
PHY-3002 : Step(16): len = 37111.8, overlap = 22.5
PHY-3002 : Step(17): len = 37579, overlap = 22.5
PHY-3002 : Step(18): len = 37783.8, overlap = 22.5
PHY-3002 : Step(19): len = 36599.6, overlap = 22.5
PHY-3002 : Step(20): len = 36346.3, overlap = 22.5
PHY-3002 : Step(21): len = 36803.8, overlap = 22.5
PHY-3002 : Step(22): len = 36947.8, overlap = 22.5
PHY-3002 : Step(23): len = 36591.9, overlap = 22.5
PHY-3002 : Step(24): len = 34796.7, overlap = 22.5
PHY-3002 : Step(25): len = 35385, overlap = 22.5
PHY-3002 : Step(26): len = 35630.8, overlap = 22.5
PHY-3002 : Step(27): len = 35073.4, overlap = 22.5
PHY-3002 : Step(28): len = 33131.5, overlap = 18
PHY-3002 : Step(29): len = 33444.6, overlap = 18
PHY-3002 : Step(30): len = 32617.9, overlap = 22.6875
PHY-3002 : Step(31): len = 31255.5, overlap = 22.8438
PHY-3002 : Step(32): len = 30701.9, overlap = 18.4375
PHY-3002 : Step(33): len = 30699.9, overlap = 18.4375
PHY-3002 : Step(34): len = 30211.4, overlap = 18.6875
PHY-3002 : Step(35): len = 30117.3, overlap = 19.125
PHY-3002 : Step(36): len = 29728.6, overlap = 19.1875
PHY-3002 : Step(37): len = 29125.7, overlap = 19.5625
PHY-3002 : Step(38): len = 28555.8, overlap = 19.7812
PHY-3002 : Step(39): len = 28609.7, overlap = 19.7812
PHY-3002 : Step(40): len = 27925.9, overlap = 20.5625
PHY-3002 : Step(41): len = 27851.2, overlap = 20.3125
PHY-3002 : Step(42): len = 28335.9, overlap = 20.8438
PHY-3002 : Step(43): len = 28242.5, overlap = 16.5938
PHY-3002 : Step(44): len = 28028.2, overlap = 21.7188
PHY-3002 : Step(45): len = 27427.3, overlap = 21.5938
PHY-3002 : Step(46): len = 27034.7, overlap = 21.9688
PHY-3002 : Step(47): len = 27149.8, overlap = 22.7188
PHY-3002 : Step(48): len = 27158.2, overlap = 22.8438
PHY-3001 : :::2::: Try harder cell spreading with beta_ = 2.19876e-05
PHY-3002 : Step(49): len = 27452.3, overlap = 18.0938
PHY-3002 : Step(50): len = 27537, overlap = 18.125
PHY-3001 : :::3::: Try harder cell spreading with beta_ = 4.39753e-05
PHY-3002 : Step(51): len = 27932.7, overlap = 18.2188
PHY-3002 : Step(52): len = 28005.7, overlap = 18.3438
PHY-3002 : Step(53): len = 29055, overlap = 18.7188
PHY-3002 : Step(54): len = 29503.6, overlap = 18.4062
PHY-3002 : Step(55): len = 29238.8, overlap = 18.4062
PHY-3002 : Step(56): len = 28915.3, overlap = 18.1875
PHY-3002 : Step(57): len = 28802.6, overlap = 18.1875
PHY-3002 : Step(58): len = 28936, overlap = 18.2812
PHY-3002 : Step(59): len = 29018.5, overlap = 18.1875
PHY-3002 : Step(60): len = 29109.9, overlap = 22.6875
PHY-3001 : :::4::: Try harder cell spreading with beta_ = 8.79505e-05
PHY-3002 : Step(61): len = 29103.2, overlap = 18
PHY-3002 : Step(62): len = 29117.8, overlap = 17.6875
PHY-3002 : Step(63): len = 29196.6, overlap = 17.5625
PHY-3001 : :::5::: Try harder cell spreading with beta_ = 0.000175901
PHY-3002 : Step(64): len = 29325.7, overlap = 22.0625
PHY-3002 : Step(65): len = 29366, overlap = 21.0625
PHY-3002 : Step(66): len = 29396.2, overlap = 20.8438
PHY-3001 : Legalization ...
PHY-3001 : End legalization;  0.015662s wall, 0.000000s user + 0.000000s system = 0.000000s CPU (n/a%)

PHY-3001 : Run with size of 4
PHY-3001 : Cell area utilization is 4%
PHY-3001 : :::0::: Try harder cell spreading with beta_ = 0
PHY-3002 : Step(67): len = 30300, overlap = 8.125
PHY-3002 : Step(68): len = 30439.4, overlap = 6.875
PHY-3002 : Step(69): len = 29928.5, overlap = 8.34375
PHY-3002 : Step(70): len = 30185.1, overlap = 8.96875
PHY-3002 : Step(71): len = 29718.1, overlap = 7.5
PHY-3002 : Step(72): len = 29798.2, overlap = 13.5312
PHY-3002 : Step(73): len = 28929.4, overlap = 14.2812
PHY-3002 : Step(74): len = 28995.5, overlap = 14.7188
PHY-3002 : Step(75): len = 28199.9, overlap = 15.0312
PHY-3002 : Step(76): len = 28165.5, overlap = 15.3438
PHY-3002 : Step(77): len = 27506.7, overlap = 16.3438
PHY-3002 : Step(78): len = 27629.6, overlap = 16.3438
PHY-3002 : Step(79): len = 27507.4, overlap = 16.6562
PHY-3001 : :::1::: Try harder cell spreading with beta_ = 0.00046833
PHY-3002 : Step(80): len = 27536.5, overlap = 11.2812
PHY-3002 : Step(81): len = 27388, overlap = 8.71875
PHY-3002 : Step(82): len = 27297.3, overlap = 8.625
PHY-3001 : Run with size of 2
PHY-3001 : Cell area utilization is 4%
PHY-3001 : :::0::: Try harder cell spreading with beta_ = 1.90923e-05
PHY-3002 : Step(83): len = 28908.4, overlap = 40.9375
PHY-3002 : Step(84): len = 29165.3, overlap = 40.875
PHY-3002 : Step(85): len = 29439, overlap = 36.5312
PHY-3002 : Step(86): len = 29631.6, overlap = 35.8125
PHY-3002 : Step(87): len = 29204.6, overlap = 29.75
PHY-3002 : Step(88): len = 29494.3, overlap = 29.25
PHY-3002 : Step(89): len = 29709.6, overlap = 28.3125
PHY-3001 : :::1::: Try harder cell spreading with beta_ = 3.81846e-05
PHY-3002 : Step(90): len = 29509.7, overlap = 27.1875
PHY-3002 : Step(91): len = 29776.2, overlap = 27.8438
PHY-3002 : Step(92): len = 29996.2, overlap = 27.8438
PHY-3001 : :::2::: Try harder cell spreading with beta_ = 7.63692e-05
PHY-3002 : Step(93): len = 29797.8, overlap = 27.8438
PHY-3002 : Step(94): len = 29797.8, overlap = 27.8438
PHY-3002 : Step(95): len = 29680.7, overlap = 27.5312
PHY-3001 : :::3::: Try harder cell spreading with beta_ = 0.000152738
PHY-3002 : Step(96): len = 30102.8, overlap = 22.875
PHY-3002 : Step(97): len = 30102.8, overlap = 22.875
PHY-3001 : :::4::: Try harder cell spreading with beta_ = 0.000305477
PHY-3002 : Step(98): len = 30482, overlap = 24.0938
PHY-3002 : Step(99): len = 30532.6, overlap = 23.9688
PHY-3002 : Step(100): len = 30505.9, overlap = 24.4688
PHY-3001 : :::5::: Try harder cell spreading with beta_ = 0.000610954
PHY-3002 : Step(101): len = 30494.8, overlap = 23.9375
PHY-3002 : Step(102): len = 30478.7, overlap = 23.0625
PHY-3001 : :::6::: Try harder cell spreading with beta_ = 0.00122191
PHY-3002 : Step(103): len = 30514.6, overlap = 23.5625
PHY-3002 : Step(104): len = 30514.6, overlap = 23.5625
PHY-3001 : :::7::: Try harder cell spreading with beta_ = 0.00244381
PHY-3002 : Step(105): len = 30595.1, overlap = 23.5
PHY-3002 : Step(106): len = 30550.5, overlap = 23.5938
PHY-3001 : :::8::: Try harder cell spreading with beta_ = 0.00488763
PHY-3002 : Step(107): len = 30606.8, overlap = 23.7812
PHY-3002 : Step(108): len = 30602.4, overlap = 23.7812
PHY-3001 : :::9::: Try harder cell spreading with beta_ = 0.00977526
PHY-3002 : Step(109): len = 30604.5, overlap = 23.5
PHY-3002 : Step(110): len = 30604.5, overlap = 23.5
OPT-1001 : Start physical optimization ...
OPT-1001 : Total overflow 58.50 peak overflow 3.44
OPT-1001 : Start high-fanout net optimization ...
OPT-1001 : Update timing in global mode
PHY-1001 : Start incremental global routing, caller is place ...
RUN-1001 : Generating global routing grids ...
RUN-1001 : Building simple global routing graph ...
PHY-1001 : Generate routing nets ...
PHY-1001 : Reuse net number 0/1306.
PHY-1001 : Global iterations in 16 thread ...
PHY-1002 : len = 33512, over cnt = 110(0%), over = 486, worst = 17
PHY-1001 : End global iterations;  0.082875s wall, 0.062500s user + 0.000000s system = 0.062500s CPU (75.4%)

PHY-1001 : Congestion index: top1 = 33.51, top5 = 15.57, top10 = 9.54, top15 = 6.83.
PHY-1001 : End incremental global routing;  0.146282s wall, 0.093750s user + 0.000000s system = 0.093750s CPU (64.1%)

RUN-1002 : start command "start_timer -report"
TMR-5001 WARNING: No sdc constraints found while initiating timer.
TMR-2505 : Start building timing graph for model top.
TMR-2506 : Build timing graph completely. Port num: 11, tpin num: 4886, tnet num: 1304, tinst num: 972, tnode num: 6340, tedge num: 8173.
TMR-2508 : Levelizing timing graph completed, there are 43 levels in total.
TMR-2501 : Timing graph initialized successfully.
OPT-1001 : End timing update;  0.161853s wall, 0.140625s user + 0.000000s system = 0.140625s CPU (86.9%)

OPT-1001 : 0 high-fanout net processed.
OPT-1001 : End high-fanout net optimization;  0.327319s wall, 0.250000s user + 0.000000s system = 0.250000s CPU (76.4%)

OPT-1001 : Current memory(MB): used = 197, reserve = 160, peak = 197.
OPT-1001 : End physical optimization;  0.340246s wall, 0.265625s user + 0.000000s system = 0.265625s CPU (78.1%)

PHY-3001 : Start packing ...
SYN-4007 : Packing 0 MUX to BLE ...
SYN-4008 : Packed 0 MUX and 0 SEQ to BLE.
SYN-4007 : Packing 400 LUT to BLE ...
SYN-4008 : Packed 400 LUT and 221 SEQ to BLE.
SYN-4003 : Packing 171 remaining SEQ's ...
SYN-4005 : Packed 102 SEQ with LUT/SLICE
SYN-4006 : 93 single LUT's are left
SYN-4006 : 69 single SEQ's are left
SYN-4011 : Packing model "top" (AL_USER_NORMAL) with 469/793 primitive instances ...
PHY-3001 : End packing;  0.040741s wall, 0.031250s user + 0.000000s system = 0.031250s CPU (76.7%)

PHY-1001 : Populate physical database on model top.
RUN-1001 : There are total 453 instances
RUN-1001 : 210 mslices, 210 lslices, 18 pads, 8 brams, 0 dsps
RUN-1001 : There are total 1091 nets
RUN-6004 WARNING: There are 8 nets with only 1 pin.
RUN-1001 : 586 nets have 2 pins
RUN-1001 : 384 nets have [3 - 5] pins
RUN-1001 : 70 nets have [6 - 10] pins
RUN-1001 : 27 nets have [11 - 20] pins
RUN-1001 : 13 nets have [21 - 99] pins
RUN-1001 : 3 nets have 100+ pins
PHY-3001 : design contains 451 instances, 420 slices, 23 macros(149 instances: 93 mslices 56 lslices)
PHY-3001 : Cell area utilization is 5%
PHY-3001 : After packing: Len = 30899, Over = 30.75
PHY-3001 : Run with size of 2
PHY-3001 : Cell area utilization is 5%
PHY-3001 : :::0::: Try harder cell spreading with beta_ = 4.03144e-05
PHY-3002 : Step(111): len = 30105.9, overlap = 27.5
PHY-3002 : Step(112): len = 30215.7, overlap = 26
PHY-3002 : Step(113): len = 30070.1, overlap = 27.25
PHY-3001 : :::1::: Try harder cell spreading with beta_ = 8.06287e-05
PHY-3002 : Step(114): len = 30092.3, overlap = 28.75
PHY-3002 : Step(115): len = 30174.8, overlap = 28
PHY-3002 : Step(116): len = 30238.3, overlap = 27
PHY-3001 : :::2::: Try harder cell spreading with beta_ = 0.000161257
PHY-3002 : Step(117): len = 30313.2, overlap = 27
PHY-3002 : Step(118): len = 30313.2, overlap = 27
PHY-3001 : Legalization ...
PHY-3001 : End legalization;  0.174138s wall, 0.046875s user + 0.031250s system = 0.078125s CPU (44.9%)

PHY-3001 : Trial Legalized: Len = 41082.8
PHY-3001 : Run with size of 2
PHY-3001 : Cell area utilization is 5%
PHY-3001 : :::0::: Try harder cell spreading with beta_ = 0.00128875
PHY-3002 : Step(119): len = 38230, overlap = 2.25
PHY-3002 : Step(120): len = 34777.3, overlap = 9.25
PHY-3002 : Step(121): len = 33009.8, overlap = 12.5
PHY-3002 : Step(122): len = 32630.3, overlap = 13
PHY-3002 : Step(123): len = 32312.4, overlap = 13.75
PHY-3002 : Step(124): len = 32064.5, overlap = 14
PHY-3002 : Step(125): len = 31731.5, overlap = 14.5
PHY-3001 : :::1::: Try harder cell spreading with beta_ = 0.00257751
PHY-3002 : Step(126): len = 31728.9, overlap = 15
PHY-3002 : Step(127): len = 31680.9, overlap = 15.25
PHY-3001 : :::2::: Try harder cell spreading with beta_ = 0.00515502
PHY-3002 : Step(128): len = 31491.7, overlap = 15
PHY-3002 : Step(129): len = 31464.4, overlap = 15
PHY-3001 : Legalization ...
PHY-3001 : End legalization;  0.005028s wall, 0.000000s user + 0.000000s system = 0.000000s CPU (n/a%)

PHY-3001 : Legalized: Len = 36067.5, Over = 0
PHY-3001 : Spreading special nets. 1 overflows in 2952 tiles.
PHY-3001 : End spreading;  0.004672s wall, 0.000000s user + 0.000000s system = 0.000000s CPU (n/a%)

PHY-3001 : 1 instances has been re-located, deltaX = 0, deltaY = 1, maxDist = 1.
PHY-3001 : Final: Len = 36143.5, Over = 0
OPT-1001 : Start physical optimization ...
OPT-1001 : Total overflow 0.00 peak overflow 0.00
OPT-1001 : Start high-fanout net optimization ...
OPT-1001 : Update timing in global mode
PHY-1001 : Start incremental global routing, caller is place ...
RUN-1001 : Generating global routing grids ...
PHY-1001 : Generate routing nets ...
PHY-1001 : Reuse net number 106/1091.
PHY-1001 : Global iterations in 16 thread ...
PHY-1002 : len = 41928, over cnt = 106(0%), over = 168, worst = 5
PHY-1002 : len = 43024, over cnt = 28(0%), over = 36, worst = 4
PHY-1002 : len = 43328, over cnt = 3(0%), over = 3, worst = 1
PHY-1002 : len = 43360, over cnt = 1(0%), over = 1, worst = 1
PHY-1002 : len = 43376, over cnt = 0(0%), over = 0, worst = 0
PHY-1001 : End global iterations;  0.144038s wall, 0.062500s user + 0.000000s system = 0.062500s CPU (43.4%)

PHY-1001 : Congestion index: top1 = 27.97, top5 = 17.43, top10 = 11.65, top15 = 8.49.
PHY-1001 : End incremental global routing;  0.211660s wall, 0.078125s user + 0.015625s system = 0.093750s CPU (44.3%)

RUN-1002 : start command "start_timer -report"
TMR-5001 WARNING: No sdc constraints found while initiating timer.
TMR-2505 : Start building timing graph for model top.
TMR-2506 : Build timing graph completely. Port num: 11, tpin num: 4156, tnet num: 1089, tinst num: 451, tnode num: 5248, tedge num: 7318.
TMR-2508 : Levelizing timing graph completed, there are 43 levels in total.
TMR-2501 : Timing graph initialized successfully.
OPT-1001 : End timing update;  0.202406s wall, 0.156250s user + 0.000000s system = 0.156250s CPU (77.2%)

OPT-1001 : 0 high-fanout net processed.
OPT-1001 : End high-fanout net optimization;  0.432783s wall, 0.234375s user + 0.015625s system = 0.250000s CPU (57.8%)

OPT-1001 : Current memory(MB): used = 199, reserve = 163, peak = 199.
OPT-1001 : Update timing in Manhattan mode
OPT-1001 : End timing update;  0.002249s wall, 0.031250s user + 0.000000s system = 0.031250s CPU (1389.6%)

OPT-1001 : Start pin optimization...
OPT-1001 : skip pin optimization...
RUN-1001 : Generating global routing grids ...
PHY-1001 : Generate routing nets ...
PHY-1001 : Reuse net number 917/1091.
PHY-1001 : Global iterations in 16 thread ...
PHY-1002 : len = 43376, over cnt = 0(0%), over = 0, worst = 0
PHY-1001 : End global iterations;  0.007167s wall, 0.000000s user + 0.000000s system = 0.000000s CPU (n/a%)

PHY-1001 : Congestion index: top1 = 27.97, top5 = 17.43, top10 = 11.65, top15 = 8.49.
OPT-1001 : Update timing in Manhattan mode
OPT-1001 : End timing update;  0.002009s wall, 0.000000s user + 0.000000s system = 0.000000s CPU (n/a%)

RUN-1001 : QoR Analysis:
OPT-0007 :   WNS 2147483647 TNS 0 NUM_FEPS 0
RUN-1001 :   No local congestion issue, and most congested 1% tile average routing util is 27.551724
RUN-1001 :   Top critical paths
OPT-1001 : End physical optimization;  0.513513s wall, 0.328125s user + 0.015625s system = 0.343750s CPU (66.9%)

RUN-1003 : finish command "place" in  5.956768s wall, 1.687500s user + 0.828125s system = 2.515625s CPU (42.2%)

RUN-1004 : used memory is 180 MB, reserved memory is 145 MB, peak memory is 200 MB
RUN-1002 : start command "export_db adc_place.db"
RUN-1001 : Exported /
RUN-1001 : Exported flow parameters
RUN-1001 : Exported libs
RUN-1001 : Exported entities
RUN-1001 : Exported ports
RUN-1001 : Exported pins
RUN-1001 : Exported instances
RUN-1001 : Exported nets
RUN-1001 : Exported buses
RUN-1001 : Exported models
RUN-1001 : Exported congestions
RUN-1001 : Exported violations
RUN-1001 : Exported IO constraints
RUN-1001 : Exported Inst constraints
RUN-1001 : Exported ChipWatcher
RUN-1002 : start command "route"
RUN-1001 : Open license file C:/Anlogic/TD5.6.6910.2/license/Anlogic.lic
RUN-1001 : Print Global Property
RUN-1001 : ---------------------------------------------------------------
RUN-1001 :        Parameters        |  Settings  |  Default Values  |  Note  
RUN-1001 : ---------------------------------------------------------------
RUN-1001 :          message         |  standard  |     standard     |        
RUN-1001 :   mixed_pack_place_flow  |     on     |        on        |        
RUN-1001 :        qor_monitor       |    off     |       off        |        
RUN-1001 :        syn_ip_flow       |    off     |       off        |        
RUN-1001 :          thread          |    auto    |       auto       |        
RUN-1001 : ---------------------------------------------------------------
RUN-1001 : Print Route Property
RUN-1001 : -------------------------------------------------------
RUN-1001 :    Parameters    |  Settings  |  Default Values  |  Note  
RUN-1001 : -------------------------------------------------------
RUN-1001 :      effort      |   medium   |      medium      |        
RUN-1001 :     fix_hold     |    off     |       off        |        
RUN-1001 :    opt_timing    |   medium   |      medium      |        
RUN-1001 :   phy_sim_model  |    off     |       off        |        
RUN-1001 :     priority     |   timing   |      timing      |        
RUN-1001 :     swap_pin     |     on     |        on        |        
RUN-1001 : -------------------------------------------------------
PHY-1001 : Route runs in 16 thread(s)
RUN-1001 : There are total 453 instances
RUN-1001 : 210 mslices, 210 lslices, 18 pads, 8 brams, 0 dsps
RUN-1001 : There are total 1091 nets
RUN-6004 WARNING: There are 8 nets with only 1 pin.
RUN-1001 : 586 nets have 2 pins
RUN-1001 : 384 nets have [3 - 5] pins
RUN-1001 : 70 nets have [6 - 10] pins
RUN-1001 : 27 nets have [11 - 20] pins
RUN-1001 : 13 nets have [21 - 99] pins
RUN-1001 : 3 nets have 100+ pins
RUN-1002 : start command "start_timer -report"
TMR-5001 WARNING: No sdc constraints found while initiating timer.
TMR-2505 : Start building timing graph for model top.
TMR-2506 : Build timing graph completely. Port num: 11, tpin num: 4156, tnet num: 1089, tinst num: 451, tnode num: 5248, tedge num: 7318.
TMR-2508 : Levelizing timing graph completed, there are 43 levels in total.
TMR-2501 : Timing graph initialized successfully.
PHY-1001 : 210 mslices, 210 lslices, 18 pads, 8 brams, 0 dsps
TMR-2503 : Start to update net delay, extr mode = 3.
TMR-2504 : Update delay of 1089 nets completely.
TMR-2502 : Annotate delay completely, extr mode = 3.
TMR-3002 : No user constraint, initiate default constraint.
TMR-1501 : Assign derive clock DeriveClock to 552 clock pins, and constraint 1091 relative nodes.
TMR-3003 : Constraints initiated successfully.
TMR-3501 : Forward propagation: start to calculate arrival time...
TMR-3502 : Backward propagation: start to calculate required time...
TMR-3503 : Timing propagation completes.
PHY-1001 : Start global routing, caller is route ...
RUN-1001 : Generating global routing grids ...
PHY-1001 : Generate routing nets ...
PHY-1001 : Global iterations in 16 thread ...
PHY-1002 : len = 41608, over cnt = 109(0%), over = 164, worst = 5
PHY-1002 : len = 42616, over cnt = 28(0%), over = 36, worst = 4
PHY-1002 : len = 43048, over cnt = 2(0%), over = 2, worst = 1
PHY-1002 : len = 43080, over cnt = 0(0%), over = 0, worst = 0
PHY-1001 : End global iterations;  0.147535s wall, 0.093750s user + 0.000000s system = 0.093750s CPU (63.5%)

PHY-1001 : Congestion index: top1 = 27.69, top5 = 17.30, top10 = 11.58, top15 = 8.43.
PHY-1001 : End global routing;  0.211162s wall, 0.140625s user + 0.015625s system = 0.156250s CPU (74.0%)

PHY-1001 : Start detail routing ...
PHY-1001 : Current memory(MB): used = 229, reserve = 193, peak = 241.
PHY-1001 : Detailed router is running in normal mode.
PHY-1001 : Generate detailed routing grids ...
PHY-1001 : Generate nets ...
PHY-1001 : net clk_in_dup_3 will be routed on clock mesh
PHY-5010 WARNING: Net data_in[7]_dup_3 is skipped due to 0 input or output
PHY-5010 WARNING: Net data_in[6]_dup_3 is skipped due to 0 input or output
PHY-5010 WARNING: Net data_in[5]_dup_3 is skipped due to 0 input or output
PHY-5010 WARNING: Net data_in[4]_dup_3 is skipped due to 0 input or output
PHY-5010 WARNING: Net data_in[3]_dup_3 is skipped due to 0 input or output
PHY-5010 WARNING: Net data_in[2]_dup_3 is skipped due to 0 input or output
PHY-5010 WARNING: Net data_in[1]_dup_3 is skipped due to 0 input or output
PHY-5010 WARNING: Net data_in[0]_dup_3 is skipped due to 0 input or output
PHY-1001 : clock net adc/clk_adc_syn_4 will be merged with clock adc/clk_adc
PHY-1001 : net fifo_list/fifo_list/ram_inst/clkb will be routed on clock mesh
PHY-1001 : clock net pll_list/clk0_out will be merged with clock pll_list/clk0_buf
PHY-1001 : clock net config_inst_syn_10 will be merged with clock config_inst_syn_9
PHY-5010 WARNING: Net data_in[7]_dup_3 is skipped due to 0 input or output
PHY-5010 WARNING: Net data_in[6]_dup_3 is skipped due to 0 input or output
PHY-5010 Similar messages will be suppressed.
PHY-1001 : Current memory(MB): used = 495, reserve = 464, peak = 495.
PHY-1001 : End build detailed router design. 4.119909s wall, 3.515625s user + 0.062500s system = 3.578125s CPU (86.8%)

PHY-1001 : Detail Route ...
PHY-1001 : ===== Detail Route Phase 1 =====
PHY-1001 : Clock net routing.....
PHY-1001 : Routed 0% nets.
PHY-1022 : len = 18520, over cnt = 0(0%), over = 0, worst = 0, crit = 0
PHY-1001 : End initial clock net routed; 1.636221s wall, 1.421875s user + 0.015625s system = 1.437500s CPU (87.9%)

PHY-1001 : Current memory(MB): used = 527, reserve = 498, peak = 527.
PHY-1001 : End phase 1; 1.648902s wall, 1.437500s user + 0.015625s system = 1.453125s CPU (88.1%)

PHY-1001 : ===== Detail Route Phase 2 =====
PHY-1001 : Initial routing.....
PHY-1001 : Routed 33% nets.
PHY-1001 : Routed 39% nets.
PHY-1001 : Routed 49% nets.
PHY-1001 : Routed 62% nets.
PHY-1001 : Routed 85% nets.
PHY-1022 : len = 126368, over cnt = 22(0%), over = 22, worst = 1, crit = 0
PHY-1001 : Current memory(MB): used = 528, reserve = 498, peak = 528.
PHY-1001 : End initial routed; 2.335048s wall, 1.734375s user + 0.078125s system = 1.812500s CPU (77.6%)

PHY-1001 : Current memory(MB): used = 528, reserve = 498, peak = 528.
PHY-1001 : End phase 2; 2.335115s wall, 1.734375s user + 0.078125s system = 1.812500s CPU (77.6%)

PHY-1001 : ===== Detail Route Phase 3 =====
PHY-1001 : Ripup-reroute.....
PHY-1001 : ===== DR Iter 1 =====
PHY-1022 : len = 126224, over cnt = 2(0%), over = 2, worst = 1, crit = 0
PHY-1001 : End DR Iter 1; 0.031186s wall, 0.031250s user + 0.000000s system = 0.031250s CPU (100.2%)

PHY-1001 : ===== DR Iter 2 =====
PHY-1022 : len = 126216, over cnt = 0(0%), over = 0, worst = 0, crit = 0
PHY-1001 : End DR Iter 2; 0.025082s wall, 0.015625s user + 0.000000s system = 0.015625s CPU (62.3%)

PHY-1001 : Commit to database.....
PHY-1001 : 7 feed throughs used by 7 nets
PHY-1001 : End commit to database; 0.143592s wall, 0.078125s user + 0.000000s system = 0.078125s CPU (54.4%)

PHY-1001 : Current memory(MB): used = 539, reserve = 508, peak = 539.
PHY-1001 : End phase 3; 0.326647s wall, 0.234375s user + 0.000000s system = 0.234375s CPU (71.8%)

PHY-1003 : Routed, final wirelength = 126216
PHY-1001 : Current memory(MB): used = 539, reserve = 508, peak = 539.
PHY-1001 : End export database. 0.015502s wall, 0.015625s user + 0.000000s system = 0.015625s CPU (100.8%)

PHY-1001 : End detail routing;  8.701257s wall, 7.140625s user + 0.156250s system = 7.296875s CPU (83.9%)

RUN-1003 : finish command "route" in  9.210584s wall, 7.515625s user + 0.218750s system = 7.734375s CPU (84.0%)

RUN-1004 : used memory is 471 MB, reserved memory is 440 MB, peak memory is 539 MB
RUN-1002 : start command "report_area -io_info -file adc_phy.area"
RUN-1001 : standard
***Report Model: top Device: EG4S20NG88***

IO Statistics
#IO                        18
  #input                   13
  #output                   5
  #inout                    0

Utilization Statistics
#lut                      715   out of  19600    3.65%
#reg                      408   out of  19600    2.08%
#le                       784
  #lut only               376   out of    784   47.96%
  #reg only                69   out of    784    8.80%
  #lut&reg                339   out of    784   43.24%
#dsp                        0   out of     29    0.00%
#bram                       4   out of     64    6.25%
  #bram9k                   4
  #fifo9k                   0
#bram32k                    4   out of     16   25.00%
#pad                       18   out of     66   27.27%
  #ireg                    10
  #oreg                     5
  #treg                     1
#pll                        1   out of      4   25.00%
#gclk                       3   out of     16   18.75%

Clock Resource Statistics
Index     ClockNet                             Type               DriverType         Driver                      Fanout
#1        fifo_list/fifo_list/ram_inst/clkb    GCLK               pll                pll_list/pll_inst.clkc2     198
#2        config_inst_syn_9                    GCLK               config             config_inst.jtck            55
#3        clk_in_dup_3                         GCLK               io                 clk_in_syn_4.di             16
#4        adc/clk_adc                          GCLK               mslice             adc/clk_adc_reg_syn_5.q0    8
#5        pll_list/clk0_buf                    GCLK               pll                pll_list/pll_inst.clkc0     0


Detailed IO Report

     Name       Direction    Location    IOStandard    DriveStrength    PullType     PackReg   
    clk_in        INPUT        P34        LVCMOS25          N/A          PULLUP       NONE     
  data_in[7]      INPUT         P2        LVCMOS25          N/A          PULLUP       IREG     
  data_in[6]      INPUT         P3        LVCMOS25          N/A          PULLUP       IREG     
  data_in[5]      INPUT         P4        LVCMOS25          N/A          PULLUP       IREG     
  data_in[4]      INPUT         P5        LVCMOS25          N/A          PULLUP       IREG     
  data_in[3]      INPUT        P10        LVCMOS25          N/A          PULLUP       IREG     
  data_in[2]      INPUT        P11        LVCMOS25          N/A          PULLUP       IREG     
  data_in[1]      INPUT        P12        LVCMOS25          N/A          PULLUP       IREG     
  data_in[0]      INPUT        P13        LVCMOS25          N/A          PULLUP       IREG     
     eoc          INPUT        P60        LVCMOS25          N/A          PULLUP       NONE     
    key_in        INPUT        P50        LVCMOS25          N/A          PULLUP       IREG     
   reset_n        INPUT        P19        LVCMOS25          N/A           N/A         NONE     
   uart_rxd       INPUT        P54        LVCMOS25          N/A          PULLUP       IREG     
   adc_clk       OUTPUT        P57        LVCMOS25           8            NONE        OREG     
     ale         OUTPUT        P23        LVCMOS25           8            N/A         OREG     
      oe         OUTPUT        P86        LVCMOS25           8            NONE        OREG     
    start        OUTPUT        P59        LVCMOS25           8            NONE        OREG     
   uart_txd      OUTPUT        P52        LVCMOS25           8            NONE      OREG;TREG  

Report Hierarchy Area:
+---------------------------------------------------------------------------------------------------------+
|Instance                            |Module         |le     |lut     |ripple  |seq     |bram    |dsp     |
+---------------------------------------------------------------------------------------------------------+
|top                                 |top            |784    |566     |149     |424     |8       |0       |
|  adc                               |adc_ctrl       |34     |28      |6       |18      |0       |0       |
|  anjian_list                       |anjian         |41     |33      |6       |23      |0       |0       |
|  fifo_list                         |fifo_ctrl      |146    |91      |44      |68      |4       |0       |
|    fifo_list                       |fifo           |114    |67      |36      |55      |4       |0       |
|      ram_inst                      |ram_infer_fifo |10     |10      |0       |10      |4       |0       |
|  pll_list                          |pll            |0      |0       |0       |0       |0       |0       |
|  rx                                |uart_rx        |51     |43      |6       |35      |0       |0       |
|  tx                                |uart_tx        |62     |50      |8       |37      |0       |0       |
|  type                              |type_choice    |117    |109     |8       |63      |0       |0       |
|  cw_top                            |CW_TOP_WRAPPER |332    |211     |71      |163     |0       |0       |
|    wrapper_cwc_top                 |cwc_top        |332    |211     |71      |163     |0       |0       |
|      cfg_int_inst                  |cwc_cfg_int    |86     |48      |0       |79      |0       |0       |
|        reg_inst                    |register       |83     |45      |0       |76      |0       |0       |
|        tap_inst                    |tap            |3      |3       |0       |3       |0       |0       |
|      trigger_inst                  |trigger        |246    |163     |71      |84      |0       |0       |
|        bus_inst                    |bus_top        |22     |14      |6       |6       |0       |0       |
|          BUS_DETECTOR[0]$bus_nodes |bus_det        |22     |14      |6       |6       |0       |0       |
|        emb_ctrl_inst               |emb_ctrl       |141    |108     |33      |51      |0       |0       |
+---------------------------------------------------------------------------------------------------------+


DataNet Average Fanout:

   Index     Fanout    Nets  
    #1         1       567   
    #2         2       245   
    #3         3        88   
    #4         4        51   
    #5        5-10      77   
    #6       11-50      28   
    #7       51-100     2    
  Average     2.60           

RUN-1002 : start command "export_db adc_pr.db"
RUN-1001 : Exported /
RUN-1001 : Exported flow parameters
RUN-1001 : Exported libs
RUN-1001 : Exported entities
RUN-1001 : Exported ports
RUN-1001 : Exported pins
RUN-1001 : Exported instances
RUN-1001 : Exported nets
RUN-1001 : Exported buses
RUN-1001 : Exported models
RUN-1001 : Exported congestions
RUN-1001 : Exported violations
RUN-1001 : Exported IO constraints
RUN-1001 : Exported Inst constraints
RUN-1001 : Exported ChipWatcher
RUN-1002 : start command "export_bid adc_inst.bid"
PRG-1000 : <!-- HMAC is: 527f0c7729cdf9137214fba7d7e00c3d34d3af680039e63dc0d7d9aa6b5a949c -->
RUN-1002 : start command "bitgen -bit adc.bit"
BIT-1003 : Start to generate bitstream. 
BIT-1002 : Init instances with 16 threads.
BIT-1002 : Init instances completely, inst num: 451
BIT-1002 : Init pips with 16 threads.
BIT-1002 : Init pips completely, net num: 1091, pip num: 9557
BIT-1002 : Init feedthrough completely, num: 7
BIT-1003 : Multithreading accelaration with 16 threads.
BIT-1003 : Generate bitstream completely, there are 1219 valid insts, and 27118 bits set as '1'.
BIT-1004 : the usercode register value: 00000000011000001001110100011100
BIT-1004 : PLL setting string = 0001
BIT-1004 : Generate bits file adc.bit.
RUN-1003 : finish command "bitgen -bit adc.bit" in  2.628250s wall, 12.703125s user + 0.156250s system = 12.859375s CPU (489.3%)

RUN-1004 : used memory is 475 MB, reserved memory is 446 MB, peak memory is 674 MB
RUN-1002 : start command "backup_run_log run.log ../.logs/phy_1/td_20230310_172743.log"
