============================================================
   Tang Dynasty, V5.6.69102
      Copyright (c) 2012-2023 Anlogic Inc.
   Executable = C:/Anlogic/TD5.6.6910.2/bin/td.exe
   Built at =   20:14:16 Feb 16 2023
   Run by =     shaka
   Run Date =   Sat Mar  4 14:06:48 2023

   Run on =     BR007
============================================================
RUN-1002 : start command "open_project adc.prj"
RUN-1001 : Print Global Property
RUN-1001 : ---------------------------------------------------------------
RUN-1001 :        Parameters        |  Settings  |  Default Values  |  Note  
RUN-1001 : ---------------------------------------------------------------
RUN-1001 :          message         |  standard  |     standard     |        
RUN-1001 :   mixed_pack_place_flow  |     on     |        on        |        
RUN-1001 :        qor_monitor       |    off     |       off        |        
RUN-1001 :        syn_ip_flow       |    off     |       off        |        
RUN-1001 :          thread          |    auto    |       auto       |        
RUN-1001 : ---------------------------------------------------------------
RUN-1001 : Print Design Property
RUN-1001 : --------------------------------------------------------------
RUN-1001 :        Parameters       |  Settings  |  Default Values  |  Note  
RUN-1001 : --------------------------------------------------------------
RUN-1001 :   default_reg_initial   |    auto    |       auto       |        
RUN-1001 :        infer_add        |     on     |        on        |        
RUN-1001 :        infer_fsm        |    off     |       off        |        
RUN-1001 :        infer_mult       |     on     |        on        |        
RUN-1001 :        infer_ram        |     on     |        on        |        
RUN-1001 :        infer_reg        |     on     |        on        |        
RUN-1001 :   infer_reg_init_value  |     on     |        on        |        
RUN-1001 :        infer_rom        |     on     |        on        |        
RUN-1001 :      infer_shifter      |     on     |        on        |        
RUN-1001 : --------------------------------------------------------------
RUN-1001 : Print Rtl Property
RUN-1001 : --------------------------------------------------------------
RUN-1001 :        Parameters       |  Settings  |  Default Values  |  Note  
RUN-1001 : --------------------------------------------------------------
RUN-1001 :       compress_add      |   ripple   |      ripple      |        
RUN-1001 :        elf_sload        |    off     |       off        |        
RUN-1001 :       fix_undriven      |     0      |        0         |        
RUN-1001 :         flatten         |    off     |       off        |        
RUN-1001 :       gate_sharing      |     on     |        on        |        
RUN-1001 :    hdl_warning_level    |   normal   |      normal      |        
RUN-1001 :   impl_internal_tribuf  |     on     |        on        |        
RUN-1001 :      impl_set_reset     |     on     |        on        |        
RUN-1001 :        infer_gsr        |    off     |       off        |        
RUN-1001 :      keep_hierarchy     |    auto    |       auto       |        
RUN-1001 :        max_fanout       |    9999    |       9999       |        
RUN-1001 :      max_oh2bin_len     |     10     |        10        |        
RUN-1001 :       merge_equal       |     on     |        on        |        
RUN-1001 :       merge_equiv       |     on     |        on        |        
RUN-1001 :        merge_mux        |    off     |       off        |        
RUN-1001 :     min_control_set     |     8      |        8         |        
RUN-1001 :      min_ripple_len     |    auto    |       auto       |        
RUN-1001 :       oh2bin_ratio      |    0.08    |       0.08       |        
RUN-1001 :     opt_adder_fanout    |     on     |        on        |        
RUN-1001 :        opt_arith        |     on     |        on        |        
RUN-1001 :       opt_big_gate      |    off     |       off        |        
RUN-1001 :        opt_const        |     on     |        on        |        
RUN-1001 :      opt_const_mult     |     on     |        on        |        
RUN-1001 :       opt_lessthan      |     on     |        on        |        
RUN-1001 :         opt_mux         |    off     |       off        |        
RUN-1001 :         opt_ram         |    high    |       high       |        
RUN-1001 :      rtl_sim_model      |    off     |       off        |        
RUN-1001 :         seq_syn         |     on     |        on        |        
RUN-1001 : --------------------------------------------------------------
HDL-1007 : analyze verilog file ../../../Core/fifo.v
HDL-1007 : analyze verilog file ../../../Src/top.v
HDL-1007 : undeclared symbol 'uart_data', assumed default net type 'wire' in ../../../Src/top.v(33)
HDL-1007 : undeclared symbol 'valid', assumed default net type 'wire' in ../../../Src/top.v(34)
HDL-1007 : undeclared symbol 'fifo_out', assumed default net type 'wire' in ../../../Src/top.v(44)
HDL-1007 : undeclared symbol 'out_en', assumed default net type 'wire' in ../../../Src/top.v(45)
HDL-1007 : undeclared symbol 'adc_clk', assumed default net type 'wire' in ../../../Src/top.v(51)
HDL-1007 : undeclared symbol 'adc_en', assumed default net type 'wire' in ../../../Src/top.v(53)
HDL-1007 : undeclared symbol 'data', assumed default net type 'wire' in ../../../Src/top.v(59)
HDL-1007 : undeclared symbol 'data_en', assumed default net type 'wire' in ../../../Src/top.v(60)
HDL-1007 : undeclared symbol 'depth', assumed default net type 'wire' in ../../../Src/top.v(72)
HDL-1007 : undeclared symbol 'fifo_working', assumed default net type 'wire' in ../../../Src/top.v(73)
HDL-1007 : undeclared symbol 'condition', assumed default net type 'wire' in ../../../Src/top.v(88)
HDL-1007 : analyze verilog file ../../../Src/uart_rx.v
HDL-1007 : analyze verilog file ../../../Src/uart_tx.v
HDL-1007 : analyze verilog file ../../../Src/adc_ctrl.v
HDL-1007 : analyze verilog file ../../../Src/type_choice.v
HDL-1007 : analyze verilog file ../../../Src/fifo_ctrl.v
RUN-1001 : Project manager successfully analyzed 7 source files.
RUN-1002 : start command "import_device eagle_s20.db -package EG4S20NG88"
ARC-1001 : Device Initialization.
ARC-1001 : ---------------------------------------------------------------
ARC-1001 :            OPTION            |        IO         |   SETTING   
ARC-1001 : ---------------------------------------------------------------
ARC-1001 :   cso_b/cclk/mosi/miso/dout  |  P69/P82/P81/P80  |    gpio    
ARC-1001 :             done             |        P8         |    gpio    
ARC-1001 :           program_b          |        P67        |  dedicate  
ARC-1001 :        tdi/tms/tck/tdo       |  P25/P22/P26/P21  |  dedicate  
ARC-1001 : ---------------------------------------------------------------
ARC-1004 : Device setting, marked 5 dedicate IOs in total.
RUN-1002 : start command "import_db ../syn_1/adc_gate.db"
RUN-1001 : Importing database generated by Tang Dynasty, V5.6.69102.
RUN-1001 : Database version number 46146.
RUN-1001 : Import flow parameters
RUN-1001 : Import IO constraints
RUN-1001 : Import Inst constraints
RUN-1001 : Import design success TD_VERSION=5.6.69102 , DB_VERSION=46146
RUN-1002 : start command "place"
RUN-1001 : Open license file C:/Anlogic/TD5.6.6910.2/license/Anlogic.lic
RUN-1001 : Print Global Property
RUN-1001 : ---------------------------------------------------------------
RUN-1001 :        Parameters        |  Settings  |  Default Values  |  Note  
RUN-1001 : ---------------------------------------------------------------
RUN-1001 :          message         |  standard  |     standard     |        
RUN-1001 :   mixed_pack_place_flow  |     on     |        on        |        
RUN-1001 :        qor_monitor       |    off     |       off        |        
RUN-1001 :        syn_ip_flow       |    off     |       off        |        
RUN-1001 :          thread          |    auto    |       auto       |        
RUN-1001 : ---------------------------------------------------------------
RUN-1001 : Print Place Property
RUN-1001 : --------------------------------------------------------------
RUN-1001 :        Parameters       |  Settings  |  Default Values  |  Note  
RUN-1001 : --------------------------------------------------------------
RUN-1001 :      detailed_place     |     on     |        on        |        
RUN-1001 :          effort         |   medium   |      medium      |        
RUN-1001 :         fix_hold        |    off     |       off        |        
RUN-1001 :       legalization      |    ori     |       ori        |        
RUN-1001 :      new_spreading      |     on     |        on        |        
RUN-1001 :        opt_timing       |   medium   |      medium      |        
RUN-1001 :   post_clock_route_opt  |    off     |       off        |        
RUN-1001 :       pr_strategy       |     1      |        1         |        
RUN-1001 :        relaxation       |    1.00    |       1.00       |        
RUN-1001 :         retiming        |    off     |       off        |        
RUN-1001 : --------------------------------------------------------------
PHY-3001 : Placer runs in 16 thread(s).
RUN-1002 : start command "legalize_phy_inst"
SYN-1011 : Flatten model top
SYN-4036 : The kept net data_in[7]_dup_3 is useless
SYN-4036 : The kept net data_in[6]_dup_3 is useless
SYN-4036 : The kept net data_in[5]_dup_3 is useless
SYN-4036 : The kept net data_in[4]_dup_3 is useless
SYN-4036 : The kept net data_in[3]_dup_3 is useless
SYN-4036 : The kept net data_in[2]_dup_3 is useless
SYN-4036 : The kept net data_in[1]_dup_3 is useless
SYN-4036 : The kept net data_in[0]_dup_3 is useless
SYN-4036 : The kept net eoc_dup_3 is useless
SYN-4036 : The kept net key1_dup_3 is useless
SYN-4036 : The kept net key2_dup_3 is useless
SYN-5055 WARNING: The kept net type/uart_data[0] will be merged to another kept net rx/uart_data[0]
SYN-5055 WARNING: The kept net type/valid will be merged to another kept net rx/valid
RUN-1002 : start command "phys_opt -simplify_lut"
SYN-4024 : Net "clk_dup_3" drives clk pins.
SYN-4025 : Tag rtl::Net clk_dup_3 as clock net
SYN-4026 : Tagged 1 rtl::Net as clock net
PHY-1001 : Populate physical database on model top.
RUN-1001 : There are total 85 instances
RUN-0007 : 35 luts, 26 seqs, 0 mslices, 3 lslices, 18 pads, 0 brams, 0 dsps
RUN-1001 : There are total 109 nets
RUN-6004 WARNING: There are 11 nets with only 1 pin.
RUN-1001 : 62 nets have 2 pins
RUN-1001 : 25 nets have [3 - 5] pins
RUN-1001 : 7 nets have [6 - 10] pins
RUN-1001 : 2 nets have [11 - 20] pins
RUN-1001 : 2 nets have [21 - 99] pins
RUN-1001 : Report Control nets information:
RUN-1001 : DFF Distribution
RUN-1001 : ----------------------------------
RUN-1001 :   CE   |  SSR  |  ASR  |  DFF Count  
RUN-1001 : ----------------------------------
RUN-1001 :   No   |  No   |  No   |      2      
RUN-1001 :   No   |  No   |  Yes  |     11      
RUN-1001 :   No   |  Yes  |  No   |      0      
RUN-1001 :   Yes  |  No   |  No   |      0      
RUN-1001 :   Yes  |  No   |  Yes  |     13      
RUN-1001 :   Yes  |  Yes  |  No   |      0      
RUN-1001 : ----------------------------------
RUN-0007 : Control Group Statistic
RUN-0007 : ---------------------------
RUN-0007 :   #CLK  |  #CE  |  #SSR/ASR  
RUN-0007 : ---------------------------
RUN-0007 :    1    |   2   |     2      
RUN-0007 : ---------------------------
RUN-0007 : Control Set = 3
PHY-3001 : Initial placement ...
PHY-3001 : design contains 83 instances, 35 luts, 26 seqs, 3 slices, 1 macros(3 instances: 0 mslices 3 lslices)
PHY-0007 : Cell area utilization is 0%
PHY-3001 : Global placement ...
PHY-3001 : Initial: Len = 30001.2
PHY-3001 : Clustering ...
PHY-3001 : Level 0 #clusters 83.
PHY-3001 : End clustering;  0.000017s wall, 0.000000s user + 0.000000s system = 0.000000s CPU (n/a%)

PHY-3001 : Run with size of 4
PHY-3001 : Cell area utilization is 0%
PHY-3001 : :::0::: Try harder cell spreading with beta_ = 0
PHY-3002 : Step(1): len = 17013.4, overlap = 0
PHY-3002 : Step(2): len = 11297.3, overlap = 0
PHY-3002 : Step(3): len = 8025.3, overlap = 0
PHY-3002 : Step(4): len = 5751.9, overlap = 0
PHY-3002 : Step(5): len = 4412.2, overlap = 0
PHY-3002 : Step(6): len = 3835.3, overlap = 0
PHY-3002 : Step(7): len = 3560.5, overlap = 0
PHY-3002 : Step(8): len = 3026.4, overlap = 0
PHY-3002 : Step(9): len = 2650, overlap = 0
PHY-3002 : Step(10): len = 2397.9, overlap = 0
PHY-3002 : Step(11): len = 2263.7, overlap = 0
PHY-3002 : Step(12): len = 1930.8, overlap = 0
PHY-3002 : Step(13): len = 1571.5, overlap = 0
PHY-3002 : Step(14): len = 1385.7, overlap = 0
PHY-3002 : Step(15): len = 1195.4, overlap = 0
PHY-3002 : Step(16): len = 1151.5, overlap = 0
PHY-3002 : Step(17): len = 1165.8, overlap = 0
PHY-3001 : Legalization ...
PHY-3001 : End legalization;  0.005262s wall, 0.000000s user + 0.000000s system = 0.000000s CPU (n/a%)

PHY-3001 : Run with size of 4
PHY-3001 : Cell area utilization is 0%
PHY-3001 : :::0::: Try harder cell spreading with beta_ = 0
PHY-3002 : Step(18): len = 1041.9, overlap = 0
PHY-3002 : Step(19): len = 1041.9, overlap = 0
PHY-3002 : Step(20): len = 1041.9, overlap = 0
PHY-3001 : Run with size of 2
PHY-3001 : Cell area utilization is 0%
PHY-3001 : :::0::: Try harder cell spreading with beta_ = 0
PHY-3002 : Step(21): len = 1011.1, overlap = 0
PHY-3002 : Step(22): len = 1011.1, overlap = 0
PHY-3002 : Step(23): len = 998.4, overlap = 0
PHY-3002 : Step(24): len = 998.4, overlap = 0
PHY-3002 : Step(25): len = 999.3, overlap = 0
PHY-3002 : Step(26): len = 999.3, overlap = 0
PHY-3002 : Step(27): len = 977.3, overlap = 0
PHY-3002 : Step(28): len = 977.3, overlap = 0
PHY-3002 : Step(29): len = 991.2, overlap = 0
PHY-3002 : Step(30): len = 991.2, overlap = 0
PHY-3002 : Step(31): len = 975, overlap = 0
PHY-3002 : Step(32): len = 975, overlap = 0
PHY-3002 : Step(33): len = 972.1, overlap = 0
PHY-3002 : Step(34): len = 972.1, overlap = 0
PHY-3002 : Step(35): len = 961.9, overlap = 0
PHY-3002 : Step(36): len = 961.9, overlap = 0
PHY-3002 : Step(37): len = 966.5, overlap = 0
OPT-1001 : Start physical optimization ...
OPT-1001 : Total overflow 3.34 peak overflow 1.03
OPT-1001 : Start high-fanout net optimization ...
OPT-1001 : Update timing in global mode
PHY-1001 : Start incremental global routing, caller is place ...
RUN-1001 : Generating global routing grids ...
RUN-1001 : Building simple global routing graph ...
PHY-1001 : Generate routing nets ...
PHY-1001 : Reuse net number 0/109.
PHY-1001 : Global iterations in 16 thread ...
PHY-1002 : len = 1000, over cnt = 2(0%), over = 4, worst = 3
PHY-1001 : End global iterations;  0.007648s wall, 0.000000s user + 0.000000s system = 0.000000s CPU (n/a%)

PHY-1001 : Congestion index: top1 = 2.70, top5 = 0.53, top10 = 0.27, top15 = 0.18.
PHY-1001 : End incremental global routing;  0.075060s wall, 0.000000s user + 0.000000s system = 0.000000s CPU (n/a%)

RUN-1002 : start command "start_timer -report"
TMR-5001 WARNING: No sdc constraints found while initiating timer.
TMR-2505 : Start building timing graph for model top.
TMR-2506 : Build timing graph completely. Port num: 11, tpin num: 353, tnet num: 107, tinst num: 83, tnode num: 445, tedge num: 523.
TMR-2508 : Levelizing timing graph completed, there are 9 levels in total.
TMR-2501 : Timing graph initialized successfully.
OPT-1001 : End timing update;  0.150808s wall, 0.078125s user + 0.000000s system = 0.078125s CPU (51.8%)

OPT-1001 : 0 high-fanout net processed.
OPT-1001 : End high-fanout net optimization;  0.227119s wall, 0.078125s user + 0.000000s system = 0.078125s CPU (34.4%)

OPT-1001 : Current memory(MB): used = 168, reserve = 139, peak = 168.
OPT-1001 : End physical optimization;  0.230425s wall, 0.078125s user + 0.000000s system = 0.078125s CPU (33.9%)

PHY-3001 : Start packing ...
SYN-4007 : Packing 0 MUX to BLE ...
SYN-4008 : Packed 0 MUX and 0 SEQ to BLE.
SYN-4007 : Packing 35 LUT to BLE ...
SYN-4008 : Packed 35 LUT and 18 SEQ to BLE.
SYN-4003 : Packing 8 remaining SEQ's ...
SYN-4005 : Packed 8 SEQ with LUT/SLICE
SYN-4006 : 11 single LUT's are left
SYN-4006 : 0 single SEQ's are left
SYN-4011 : Packing model "top" (AL_USER_NORMAL) with 35/105 primitive instances ...
PHY-3001 : End packing;  0.003476s wall, 0.000000s user + 0.000000s system = 0.000000s CPU (n/a%)

PHY-1001 : Populate physical database on model top.
RUN-1001 : There are total 45 instances
RUN-1001 : 12 mslices, 12 lslices, 18 pads, 0 brams, 0 dsps
RUN-1001 : There are total 91 nets
RUN-6004 WARNING: There are 11 nets with only 1 pin.
RUN-1001 : 41 nets have 2 pins
RUN-1001 : 25 nets have [3 - 5] pins
RUN-1001 : 8 nets have [6 - 10] pins
RUN-1001 : 5 nets have [11 - 20] pins
RUN-1001 : 1 nets have [21 - 99] pins
PHY-3001 : design contains 43 instances, 24 slices, 1 macros(3 instances: 0 mslices 3 lslices)
PHY-3001 : Cell area utilization is 0%
PHY-3001 : After packing: Len = 984.6, Over = 0
PHY-3001 : Run with size of 2
PHY-3001 : Cell area utilization is 0%
PHY-3001 : :::0::: Try harder cell spreading with beta_ = 0
PHY-3002 : Step(38): len = 972.8, overlap = 0.25
PHY-3002 : Step(39): len = 972.8, overlap = 0.25
PHY-3002 : Step(40): len = 964, overlap = 0.25
PHY-3002 : Step(41): len = 964, overlap = 0.25
PHY-3002 : Step(42): len = 957.5, overlap = 0.75
PHY-3002 : Step(43): len = 957.5, overlap = 0.75
PHY-3002 : Step(44): len = 955.2, overlap = 0.75
PHY-3002 : Step(45): len = 955.2, overlap = 0.75
PHY-3002 : Step(46): len = 949.2, overlap = 1.5
PHY-3002 : Step(47): len = 949.2, overlap = 1.5
PHY-3002 : Step(48): len = 948.8, overlap = 2
PHY-3002 : Step(49): len = 948.8, overlap = 2
PHY-3002 : Step(50): len = 945.7, overlap = 2.25
PHY-3002 : Step(51): len = 945.7, overlap = 2.25
PHY-3002 : Step(52): len = 945.2, overlap = 2.25
PHY-3002 : Step(53): len = 945.2, overlap = 2.25
PHY-3002 : Step(54): len = 942.1, overlap = 2.25
PHY-3002 : Step(55): len = 942.1, overlap = 2.25
PHY-3002 : Step(56): len = 942.4, overlap = 2.25
PHY-3002 : Step(57): len = 942.4, overlap = 2.25
PHY-3002 : Step(58): len = 939.8, overlap = 2.25
PHY-3002 : Step(59): len = 939.8, overlap = 2.25
PHY-3002 : Step(60): len = 940.5, overlap = 2.25
PHY-3002 : Step(61): len = 940.5, overlap = 2.25
PHY-3002 : Step(62): len = 937, overlap = 2.5
PHY-3002 : Step(63): len = 937, overlap = 2.5
PHY-3002 : Step(64): len = 937.8, overlap = 2.25
PHY-3002 : Step(65): len = 937.8, overlap = 2.25
PHY-3002 : Step(66): len = 934.9, overlap = 2.5
PHY-3002 : Step(67): len = 934.9, overlap = 2.5
PHY-3002 : Step(68): len = 933.6, overlap = 2.5
PHY-3002 : Step(69): len = 935.8, overlap = 2.75
PHY-3002 : Step(70): len = 935.8, overlap = 2.75
PHY-3002 : Step(71): len = 930.2, overlap = 2.5
PHY-3002 : Step(72): len = 931.2, overlap = 2.5
PHY-3002 : Step(73): len = 931.2, overlap = 2.5
PHY-3001 : Legalization ...
PHY-3001 : End legalization;  0.012569s wall, 0.000000s user + 0.000000s system = 0.000000s CPU (n/a%)

PHY-3001 : Trial Legalized: Len = 2053.6
PHY-3001 : Run with size of 2
PHY-3001 : Cell area utilization is 0%
PHY-3001 : :::0::: Try harder cell spreading with beta_ = 0
PHY-3002 : Step(74): len = 1347.6, overlap = 0.25
PHY-3002 : Step(75): len = 1071.4, overlap = 0.25
PHY-3002 : Step(76): len = 1042.6, overlap = 0
PHY-3002 : Step(77): len = 1045.8, overlap = 0.5
PHY-3002 : Step(78): len = 1039.5, overlap = 0.25
PHY-3002 : Step(79): len = 1029.6, overlap = 0.75
PHY-3002 : Step(80): len = 1029.2, overlap = 0.75
PHY-3002 : Step(81): len = 1022.9, overlap = 0.75
PHY-3002 : Step(82): len = 1027.6, overlap = 1
PHY-3002 : Step(83): len = 1035.9, overlap = 0.75
PHY-3002 : Step(84): len = 1040.8, overlap = 0.75
PHY-3001 : Legalization ...
PHY-3001 : End legalization;  0.004543s wall, 0.000000s user + 0.000000s system = 0.000000s CPU (n/a%)

PHY-3001 : Legalized: Len = 1473.6, Over = 0
PHY-3001 : End spreading;  0.002606s wall, 0.000000s user + 0.000000s system = 0.000000s CPU (n/a%)

PHY-3001 : Final: Len = 1473.6, Over = 0
OPT-1001 : Start physical optimization ...
OPT-1001 : Total overflow 0.00 peak overflow 0.00
OPT-1001 : Start high-fanout net optimization ...
OPT-1001 : Update timing in global mode
PHY-1001 : Start incremental global routing, caller is place ...
RUN-1001 : Generating global routing grids ...
PHY-1001 : Generate routing nets ...
PHY-1001 : Reuse net number 1/91.
PHY-1001 : Global iterations in 16 thread ...
PHY-1002 : len = 1688, over cnt = 3(0%), over = 3, worst = 1
PHY-1002 : len = 1704, over cnt = 1(0%), over = 1, worst = 1
PHY-1002 : len = 1720, over cnt = 0(0%), over = 0, worst = 0
PHY-1001 : End global iterations;  0.022425s wall, 0.000000s user + 0.000000s system = 0.000000s CPU (n/a%)

PHY-1001 : Congestion index: top1 = 5.56, top5 = 1.14, top10 = 0.57, top15 = 0.38.
PHY-1001 : End incremental global routing;  0.072090s wall, 0.031250s user + 0.000000s system = 0.031250s CPU (43.3%)

RUN-1002 : start command "start_timer -report"
TMR-5001 WARNING: No sdc constraints found while initiating timer.
TMR-2505 : Start building timing graph for model top.
TMR-2506 : Build timing graph completely. Port num: 11, tpin num: 316, tnet num: 89, tinst num: 43, tnode num: 387, tedge num: 493.
TMR-2508 : Levelizing timing graph completed, there are 9 levels in total.
TMR-2501 : Timing graph initialized successfully.
OPT-1001 : End timing update;  0.143377s wall, 0.125000s user + 0.000000s system = 0.125000s CPU (87.2%)

OPT-1001 : 0 high-fanout net processed.
OPT-1001 : End high-fanout net optimization;  0.216560s wall, 0.156250s user + 0.000000s system = 0.156250s CPU (72.2%)

OPT-1001 : Current memory(MB): used = 168, reserve = 139, peak = 169.
OPT-1001 : Update timing in Manhattan mode
OPT-1001 : End timing update;  0.000054s wall, 0.000000s user + 0.000000s system = 0.000000s CPU (n/a%)

OPT-1001 : Start pin optimization...
OPT-1001 : skip pin optimization...
RUN-1001 : Generating global routing grids ...
PHY-1001 : Generate routing nets ...
PHY-1001 : Reuse net number 45/91.
PHY-1001 : Global iterations in 16 thread ...
PHY-1002 : len = 1720, over cnt = 0(0%), over = 0, worst = 0
PHY-1001 : End global iterations;  0.004038s wall, 0.015625s user + 0.000000s system = 0.015625s CPU (387.0%)

PHY-1001 : Congestion index: top1 = 5.56, top5 = 1.14, top10 = 0.57, top15 = 0.38.
OPT-1001 : Update timing in Manhattan mode
OPT-1001 : End timing update;  0.000131s wall, 0.000000s user + 0.000000s system = 0.000000s CPU (n/a%)

RUN-1001 : QoR Analysis:
OPT-0007 :   WNS 2147483647 TNS 0 NUM_FEPS 0
RUN-1001 :   No local congestion issue, and most congested 1% tile average routing util is 5.172414
RUN-1001 :   Top critical paths
OPT-1001 : End physical optimization;  0.270489s wall, 0.218750s user + 0.000000s system = 0.218750s CPU (80.9%)

RUN-1003 : finish command "place" in  3.186508s wall, 0.656250s user + 0.500000s system = 1.156250s CPU (36.3%)

RUN-1004 : used memory is 153 MB, reserved memory is 124 MB, peak memory is 169 MB
RUN-1002 : start command "export_db adc_place.db"
RUN-1001 : Exported /
RUN-1001 : Exported flow parameters
RUN-1001 : Exported libs
RUN-1001 : Exported entities
RUN-1001 : Exported ports
RUN-1001 : Exported pins
RUN-1001 : Exported instances
RUN-1001 : Exported nets
RUN-1001 : Exported buses
RUN-1001 : Exported models
RUN-1001 : Exported congestions
RUN-1001 : Exported violations
RUN-1001 : Exported IO constraints
RUN-1001 : Exported Inst constraints
RUN-1002 : start command "route"
RUN-1001 : Open license file C:/Anlogic/TD5.6.6910.2/license/Anlogic.lic
RUN-1001 : Print Global Property
RUN-1001 : ---------------------------------------------------------------
RUN-1001 :        Parameters        |  Settings  |  Default Values  |  Note  
RUN-1001 : ---------------------------------------------------------------
RUN-1001 :          message         |  standard  |     standard     |        
RUN-1001 :   mixed_pack_place_flow  |     on     |        on        |        
RUN-1001 :        qor_monitor       |    off     |       off        |        
RUN-1001 :        syn_ip_flow       |    off     |       off        |        
RUN-1001 :          thread          |    auto    |       auto       |        
RUN-1001 : ---------------------------------------------------------------
RUN-1001 : Print Route Property
RUN-1001 : -------------------------------------------------------
RUN-1001 :    Parameters    |  Settings  |  Default Values  |  Note  
RUN-1001 : -------------------------------------------------------
RUN-1001 :      effort      |   medium   |      medium      |        
RUN-1001 :     fix_hold     |    off     |       off        |        
RUN-1001 :    opt_timing    |   medium   |      medium      |        
RUN-1001 :   phy_sim_model  |    off     |       off        |        
RUN-1001 :     priority     |   timing   |      timing      |        
RUN-1001 :     swap_pin     |     on     |        on        |        
RUN-1001 : -------------------------------------------------------
PHY-1001 : Route runs in 16 thread(s)
RUN-1001 : There are total 45 instances
RUN-1001 : 12 mslices, 12 lslices, 18 pads, 0 brams, 0 dsps
RUN-1001 : There are total 91 nets
RUN-6004 WARNING: There are 11 nets with only 1 pin.
RUN-1001 : 41 nets have 2 pins
RUN-1001 : 25 nets have [3 - 5] pins
RUN-1001 : 8 nets have [6 - 10] pins
RUN-1001 : 5 nets have [11 - 20] pins
RUN-1001 : 1 nets have [21 - 99] pins
RUN-1002 : start command "start_timer -report"
TMR-5001 WARNING: No sdc constraints found while initiating timer.
TMR-2505 : Start building timing graph for model top.
TMR-2506 : Build timing graph completely. Port num: 11, tpin num: 316, tnet num: 89, tinst num: 43, tnode num: 387, tedge num: 493.
TMR-2508 : Levelizing timing graph completed, there are 9 levels in total.
TMR-2501 : Timing graph initialized successfully.
PHY-1001 : 12 mslices, 12 lslices, 18 pads, 0 brams, 0 dsps
TMR-2503 : Start to update net delay, extr mode = 3.
TMR-2504 : Update delay of 89 nets completely.
TMR-2502 : Annotate delay completely, extr mode = 3.
TMR-3002 : No user constraint, initiate default constraint.
TMR-1501 : Assign derive clock DeriveClock to 38 clock pins, and constraint 71 relative nodes.
TMR-3003 : Constraints initiated successfully.
TMR-3501 : Forward propagation: start to calculate arrival time...
TMR-3502 : Backward propagation: start to calculate required time...
TMR-3503 : Timing propagation completes.
PHY-1001 : Start global routing, caller is route ...
RUN-1001 : Generating global routing grids ...
PHY-1001 : Generate routing nets ...
PHY-1001 : Global iterations in 16 thread ...
PHY-1002 : len = 1656, over cnt = 3(0%), over = 3, worst = 1
PHY-1002 : len = 1672, over cnt = 1(0%), over = 1, worst = 1
PHY-1002 : len = 1688, over cnt = 0(0%), over = 0, worst = 0
PHY-1001 : End global iterations;  0.022964s wall, 0.015625s user + 0.000000s system = 0.015625s CPU (68.0%)

PHY-1001 : Congestion index: top1 = 5.47, top5 = 1.12, top10 = 0.56, top15 = 0.37.
PHY-1001 : End global routing;  0.071430s wall, 0.015625s user + 0.000000s system = 0.015625s CPU (21.9%)

PHY-1001 : Start detail routing ...
PHY-1001 : Current memory(MB): used = 191, reserve = 161, peak = 204.
PHY-1001 : Detailed router is running in normal mode.
PHY-1001 : Generate detailed routing grids ...
PHY-1001 : Generate nets ...
PHY-1001 : net clk_dup_3 will be routed on clock mesh
PHY-5010 WARNING: Net data_in[7]_dup_3 is skipped due to 0 input or output
PHY-5010 WARNING: Net data_in[6]_dup_3 is skipped due to 0 input or output
PHY-5010 WARNING: Net data_in[5]_dup_3 is skipped due to 0 input or output
PHY-5010 WARNING: Net data_in[4]_dup_3 is skipped due to 0 input or output
PHY-5010 WARNING: Net data_in[3]_dup_3 is skipped due to 0 input or output
PHY-5010 WARNING: Net data_in[2]_dup_3 is skipped due to 0 input or output
PHY-5010 WARNING: Net data_in[1]_dup_3 is skipped due to 0 input or output
PHY-5010 WARNING: Net data_in[0]_dup_3 is skipped due to 0 input or output
PHY-5010 WARNING: Net eoc_dup_3 is skipped due to 0 input or output
PHY-5010 WARNING: Net key1_dup_3 is skipped due to 0 input or output
PHY-5010 Similar messages will be suppressed.
PHY-1001 : Current memory(MB): used = 458, reserve = 433, peak = 458.
PHY-1001 : End build detailed router design. 4.025688s wall, 3.250000s user + 0.015625s system = 3.265625s CPU (81.1%)

PHY-1001 : Detail Route ...
PHY-1001 : ===== Detail Route Phase 1 =====
PHY-1001 : Clock net routing.....
PHY-1001 : Routed 1% nets.
PHY-1022 : len = 2656, over cnt = 0(0%), over = 0, worst = 0, crit = 0
PHY-1001 : End initial clock net routed; 0.007381s wall, 0.000000s user + 0.000000s system = 0.000000s CPU (n/a%)

PHY-1001 : Current memory(MB): used = 458, reserve = 433, peak = 458.
PHY-1001 : End phase 1; 0.019071s wall, 0.015625s user + 0.000000s system = 0.015625s CPU (81.9%)

PHY-1001 : ===== Detail Route Phase 2 =====
PHY-1001 : Initial routing.....
PHY-1001 : Routed 34% nets.
PHY-1001 : Routed 37% nets.
PHY-1001 : Routed 41% nets.
PHY-1001 : Routed 51% nets.
PHY-1001 : Routed 63% nets.
PHY-1022 : len = 9128, over cnt = 1(0%), over = 1, worst = 1, crit = 0
PHY-1001 : Current memory(MB): used = 462, reserve = 437, peak = 462.
PHY-1001 : End initial routed; 0.099180s wall, 0.015625s user + 0.000000s system = 0.015625s CPU (15.8%)

PHY-1001 : Current memory(MB): used = 462, reserve = 437, peak = 462.
PHY-1001 : End phase 2; 0.099249s wall, 0.015625s user + 0.000000s system = 0.015625s CPU (15.7%)

PHY-1001 : ===== Detail Route Phase 3 =====
PHY-1001 : Ripup-reroute.....
PHY-1001 : ===== DR Iter 1 =====
PHY-1022 : len = 9128, over cnt = 0(0%), over = 0, worst = 0, crit = 0
PHY-1001 : End DR Iter 1; 0.017115s wall, 0.015625s user + 0.000000s system = 0.015625s CPU (91.3%)

PHY-1001 : Commit to database.....
PHY-1001 : 0 feed throughs used by 0 nets
PHY-1001 : End commit to database; 0.015296s wall, 0.000000s user + 0.015625s system = 0.015625s CPU (102.1%)

PHY-1001 : Current memory(MB): used = 471, reserve = 446, peak = 471.
PHY-1001 : End phase 3; 0.138948s wall, 0.078125s user + 0.015625s system = 0.093750s CPU (67.5%)

PHY-1003 : Routed, final wirelength = 9128
PHY-1001 : Current memory(MB): used = 471, reserve = 446, peak = 471.
PHY-1001 : End export database. 0.012001s wall, 0.000000s user + 0.000000s system = 0.000000s CPU (n/a%)

PHY-1001 : End detail routing;  4.516876s wall, 3.515625s user + 0.031250s system = 3.546875s CPU (78.5%)

RUN-1003 : finish command "route" in  4.775513s wall, 3.625000s user + 0.031250s system = 3.656250s CPU (76.6%)

RUN-1004 : used memory is 450 MB, reserved memory is 425 MB, peak memory is 471 MB
RUN-1002 : start command "report_area -io_info -file adc_phy.area"
RUN-1001 : standard
***Report Model: top Device: EG4S20NG88***

IO Statistics
#IO                        18
  #input                   14
  #output                   4
  #inout                    0

Utilization Statistics
#lut                       46   out of  19600    0.23%
#reg                       26   out of  19600    0.13%
#le                        46
  #lut only                20   out of     46   43.48%
  #reg only                 0   out of     46    0.00%
  #lut&reg                 26   out of     46   56.52%
#dsp                        0   out of     29    0.00%
#bram                       0   out of     64    0.00%
  #bram9k                   0
  #fifo9k                   0
#bram32k                    0   out of     16    0.00%
#pad                       18   out of     66   27.27%
  #ireg                     1
  #oreg                     0
  #treg                     0
#pll                        0   out of      4    0.00%
#gclk                       0   out of     16    0.00%

Clock Resource Statistics
Index     ClockNet     Type               DriverType         Driver          Fanout
#1        clk_dup_3    GCLK               io                 clk_syn_4.di    19


Detailed IO Report

     Name       Direction    Location    IOStandard    DriveStrength    PullType    PackReg  
     clk          INPUT        P34        LVCMOS25          N/A          PULLUP      NONE    
  data_in[7]      INPUT        P28        LVCMOS25          N/A           N/A        NONE    
  data_in[6]      INPUT        P18        LVCMOS25          N/A           N/A        NONE    
  data_in[5]      INPUT        P16        LVCMOS25          N/A           N/A        NONE    
  data_in[4]      INPUT        P37        LVCMOS25          N/A           N/A        NONE    
  data_in[3]      INPUT        P48        LVCMOS25          N/A           N/A        NONE    
  data_in[2]      INPUT        P52        LVCMOS25          N/A           N/A        NONE    
  data_in[1]      INPUT         P8        LVCMOS25          N/A           N/A        NONE    
  data_in[0]      INPUT         P3        LVCMOS25          N/A           N/A        NONE    
     eoc          INPUT        P76        LVCMOS25          N/A           N/A        NONE    
     key1         INPUT        P61        LVCMOS25          N/A           N/A        NONE    
     key2         INPUT        P12        LVCMOS25          N/A           N/A        NONE    
   reset_n        INPUT        P14        LVCMOS25          N/A           N/A        NONE    
   uart_rxd       INPUT        P54        LVCMOS25          N/A          PULLUP      IREG    
     ale         OUTPUT        P23        LVCMOS25           8            N/A        NONE    
      oe         OUTPUT        P29        LVCMOS25           8            N/A        NONE    
    start        OUTPUT        P50        LVCMOS25           8            N/A        NONE    
   uart_txd      OUTPUT         P4        LVCMOS25           8            N/A        NONE    

Report Hierarchy Area:
+-----------------------------------------------------------------------+
|Instance |Module  |le     |lut     |ripple  |seq     |bram    |dsp     |
+-----------------------------------------------------------------------+
|top      |top     |46     |43      |3       |27      |0       |0       |
|  rx     |uart_rx |46     |43      |3       |26      |0       |0       |
+-----------------------------------------------------------------------+


DataNet Average Fanout:

   Index     Fanout    Nets  
    #1         1        23   
    #2         2        13   
    #3         3        8    
    #4         4        3    
    #5        5-10      9    
    #6       11-50      3    
  Average     2.71           

RUN-1002 : start command "export_db adc_pr.db"
RUN-1001 : Exported /
RUN-1001 : Exported flow parameters
RUN-1001 : Exported libs
RUN-1001 : Exported entities
RUN-1001 : Exported ports
RUN-1001 : Exported pins
RUN-1001 : Exported instances
RUN-1001 : Exported nets
RUN-1001 : Exported buses
RUN-1001 : Exported models
RUN-1001 : Exported congestions
RUN-1001 : Exported violations
RUN-1001 : Exported IO constraints
RUN-1001 : Exported Inst constraints
RUN-1002 : start command "export_bid adc_inst.bid"
RUN-1002 : start command "bitgen -bit adc.bit"
BIT-1003 : Start to generate bitstream. 
BIT-1002 : Init instances with 16 threads.
BIT-1002 : Init instances completely, inst num: 43
BIT-1002 : Init pips with 16 threads.
BIT-1002 : Init pips completely, net num: 91, pip num: 598
BIT-1003 : Multithreading accelaration with 16 threads.
BIT-1003 : Generate bitstream completely, there are 183 valid insts, and 1667 bits set as '1'.
BIT-1004 : PLL setting string = 0000
BIT-1004 : Generate bits file adc.bit.
RUN-1002 : start command "backup_run_log run.log ../.logs/phy_1/td_20230304_140648.log"
