============================================================
   Tang Dynasty, V5.6.56362
   Copyright (c) 2012-2022 Anlogic
   Executable = C:/Anlogic/TD5.6.56362/bin/td.exe
   Built at =   19:51:00 Jul 25 2022
   Run by =     shaka
   Run Date =   Sun Mar  5 15:46:34 2023

   Run on =     BR007
============================================================
RUN-1002 : start command "open_project adc.prj"
RUN-1001 : Print Global Property
RUN-1001 : ---------------------------------------------------------------
RUN-1001 :        Parameters        |  Settings  |  Default Values  |  Note  
RUN-1001 : ---------------------------------------------------------------
RUN-1001 :          message         |  standard  |     standard     |        
RUN-1001 :   mixed_pack_place_flow  |     on     |        on        |        
RUN-1001 :        syn_ip_flow       |    off     |       off        |        
RUN-1001 :          thread          |    auto    |       auto       |        
RUN-1001 : ---------------------------------------------------------------
RUN-1001 : Print Design Property
RUN-1001 : --------------------------------------------------------------
RUN-1001 :        Parameters       |  Settings  |  Default Values  |  Note  
RUN-1001 : --------------------------------------------------------------
RUN-1001 :   default_reg_initial   |    auto    |       auto       |        
RUN-1001 :        infer_add        |     on     |        on        |        
RUN-1001 :        infer_fsm        |    off     |       off        |        
RUN-1001 :        infer_mult       |     on     |        on        |        
RUN-1001 :        infer_ram        |     on     |        on        |        
RUN-1001 :        infer_reg        |     on     |        on        |        
RUN-1001 :   infer_reg_init_value  |     on     |        on        |        
RUN-1001 :        infer_rom        |     on     |        on        |        
RUN-1001 :      infer_shifter      |     on     |        on        |        
RUN-1001 : --------------------------------------------------------------
RUN-1001 : Print Rtl Property
RUN-1001 : --------------------------------------------------------------
RUN-1001 :        Parameters       |  Settings  |  Default Values  |  Note  
RUN-1001 : --------------------------------------------------------------
RUN-1001 :       compress_add      |   ripple   |      ripple      |        
RUN-1001 :        elf_sload        |    off     |       off        |        
RUN-1001 :       fix_undriven      |     0      |        0         |        
RUN-1001 :         flatten         |    off     |       off        |        
RUN-1001 :       gate_sharing      |     on     |        on        |        
RUN-1001 :    hdl_warning_level    |   normal   |      normal      |        
RUN-1001 :   impl_internal_tribuf  |     on     |        on        |        
RUN-1001 :      impl_set_reset     |     on     |        on        |        
RUN-1001 :        infer_gsr        |    off     |       off        |        
RUN-1001 :      keep_hierarchy     |    auto    |       auto       |        
RUN-1001 :        max_fanout       |    9999    |       9999       |        
RUN-1001 :      max_oh2bin_len     |     10     |        10        |        
RUN-1001 :       merge_equal       |     on     |        on        |        
RUN-1001 :       merge_equiv       |     on     |        on        |        
RUN-1001 :        merge_mux        |    off     |       off        |        
RUN-1001 :     min_control_set     |     8      |        8         |        
RUN-1001 :      min_ripple_len     |    auto    |       auto       |        
RUN-1001 :       oh2bin_ratio      |    0.08    |       0.08       |        
RUN-1001 :     opt_adder_fanout    |     on     |        on        |        
RUN-1001 :        opt_arith        |     on     |        on        |        
RUN-1001 :       opt_big_gate      |    off     |       off        |        
RUN-1001 :        opt_const        |     on     |        on        |        
RUN-1001 :      opt_const_mult     |     on     |        on        |        
RUN-1001 :       opt_lessthan      |     on     |        on        |        
RUN-1001 :         opt_mux         |    off     |       off        |        
RUN-1001 :         opt_ram         |    high    |       high       |        
RUN-1001 :      rtl_sim_model      |    off     |       off        |        
RUN-1001 :         seq_syn         |     on     |        on        |        
RUN-1001 : --------------------------------------------------------------
HDL-1007 : analyze verilog file ../../../Core/fifo.v
HDL-1007 : analyze verilog file ../../../Src/top.v
HDL-1007 : undeclared symbol 'valid', assumed default net type 'wire' in ../../../Src/top.v(37)
HDL-1007 : undeclared symbol 'fifo_out', assumed default net type 'wire' in ../../../Src/top.v(47)
HDL-1007 : undeclared symbol 'data_vld', assumed default net type 'wire' in ../../../Src/top.v(48)
HDL-1007 : undeclared symbol 'out_en', assumed default net type 'wire' in ../../../Src/top.v(49)
HDL-1007 : undeclared symbol 'adc_en', assumed default net type 'wire' in ../../../Src/top.v(57)
HDL-1007 : undeclared symbol 'data', assumed default net type 'wire' in ../../../Src/top.v(63)
HDL-1007 : undeclared symbol 'data_en', assumed default net type 'wire' in ../../../Src/top.v(64)
HDL-1007 : undeclared symbol 'depth', assumed default net type 'wire' in ../../../Src/top.v(77)
HDL-1007 : undeclared symbol 'over', assumed default net type 'wire' in ../../../Src/top.v(79)
HDL-1007 : undeclared symbol 'fifo_working', assumed default net type 'wire' in ../../../Src/top.v(80)
HDL-1007 : undeclared symbol 'condition', assumed default net type 'wire' in ../../../Src/top.v(95)
HDL-1007 : analyze verilog file ../../../Src/uart_rx.v
HDL-1007 : analyze verilog file ../../../Src/uart_tx.v
HDL-1007 : analyze verilog file ../../../Src/adc_ctrl.v
HDL-1007 : analyze verilog file ../../../Src/type_choice.v
HDL-1007 : analyze verilog file ../../../Src/fifo_ctrl.v
HDL-1007 : undeclared symbol 'data_in', assumed default net type 'wire' in ../../../Src/fifo_ctrl.v(124)
HDL-1007 : undeclared symbol 'data_out', assumed default net type 'wire' in ../../../Src/fifo_ctrl.v(125)
HDL-1007 : undeclared symbol 'empty_flag', assumed default net type 'wire' in ../../../Src/fifo_ctrl.v(129)
HDL-1007 : undeclared symbol 'wrusedw', assumed default net type 'wire' in ../../../Src/fifo_ctrl.v(130)
RUN-1001 : Project manager successfully analyzed 7 source files.
RUN-1002 : start command "import_device eagle_s20.db -package EG4S20NG88"
ARC-1001 : Device Initialization.
ARC-1001 : ---------------------------------------------------------------
ARC-1001 :            OPTION            |        IO         |   SETTING   
ARC-1001 : ---------------------------------------------------------------
ARC-1001 :   cso_b/cclk/mosi/miso/dout  |  P69/P82/P81/P80  |    gpio    
ARC-1001 :             done             |        P8         |    gpio    
ARC-1001 :           program_b          |        P67        |  dedicate  
ARC-1001 :        tdi/tms/tck/tdo       |  P25/P22/P26/P21  |  dedicate  
ARC-1001 : ---------------------------------------------------------------
ARC-1004 : Device setting, marked 5 dedicate IOs in total.
RUN-1002 : start command "import_db ../syn_1/adc_gate.db"
RUN-1001 : Importing database generated by Tang Dynasty, V5.6.56362.
RUN-1001 : Database version number 46140.
RUN-1001 : Import flow parameters
RUN-1001 : Import timing constraints
RUN-1001 : Import IO constraints
RUN-1001 : Import Inst constraints
RUN-1001 : Import design success TD_VERSION=5.6.56362 , DB_VERSION=46140
RUN-1002 : start command "read_sdc"
USR-1002 : read_sdc file_name -help -h -eco
USR-1009 : NO module with IP_SDC ...
RUN-1104 : Import SDC file  finished, there are 0 nets kept by constraints.
RUN-1002 : start command "place"
RUN-1001 : Open license file C:/Anlogic/TD5.6.56362/license/Anlogic.lic
RUN-1001 : Print Global Property
RUN-1001 : ---------------------------------------------------------------
RUN-1001 :        Parameters        |  Settings  |  Default Values  |  Note  
RUN-1001 : ---------------------------------------------------------------
RUN-1001 :          message         |  standard  |     standard     |        
RUN-1001 :   mixed_pack_place_flow  |     on     |        on        |        
RUN-1001 :        syn_ip_flow       |    off     |       off        |        
RUN-1001 :          thread          |    auto    |       auto       |        
RUN-1001 : ---------------------------------------------------------------
RUN-1001 : Print Place Property
RUN-1001 : --------------------------------------------------------------
RUN-1001 :        Parameters       |  Settings  |  Default Values  |  Note  
RUN-1001 : --------------------------------------------------------------
RUN-1001 :      detailed_place     |     on     |        on        |        
RUN-1001 :          effort         |   medium   |      medium      |        
RUN-1001 :         fix_hold        |    off     |       off        |        
RUN-1001 :       legalization      |    ori     |       ori        |        
RUN-1001 :      new_spreading      |     on     |        on        |        
RUN-1001 :        opt_timing       |   medium   |      medium      |        
RUN-1001 :   post_clock_route_opt  |    off     |       off        |        
RUN-1001 :       pr_strategy       |     1      |        1         |        
RUN-1001 :        relaxation       |    1.00    |       1.00       |        
RUN-1001 :         retiming        |    off     |       off        |        
RUN-1001 : --------------------------------------------------------------
PHY-3001 : Placer runs in 16 thread(s).
RUN-1002 : start command "legalize_phy_inst"
SYN-1011 : Flatten model top
SYN-4036 : The kept net data_in[7]_dup_3 is useless
SYN-4036 : The kept net data_in[6]_dup_3 is useless
SYN-4036 : The kept net data_in[5]_dup_3 is useless
SYN-4036 : The kept net data_in[4]_dup_3 is useless
SYN-4036 : The kept net data_in[3]_dup_3 is useless
SYN-4036 : The kept net data_in[2]_dup_3 is useless
SYN-4036 : The kept net data_in[1]_dup_3 is useless
SYN-4036 : The kept net data_in[0]_dup_3 is useless
SYN-4036 : The kept net eoc_dup_3 is useless
SYN-4036 : The kept net key1_dup_3 is useless
SYN-4036 : The kept net key2_dup_3 is useless
SYN-5055 WARNING: The kept net type/uart_data[7] will be merged to another kept net rx/data_rx[7]
SYN-5055 WARNING: The kept net type/uart_data[6] will be merged to another kept net rx/data_rx[6]
SYN-5055 WARNING: The kept net type/uart_data[5] will be merged to another kept net rx/data_rx[5]
SYN-5055 WARNING: The kept net type/uart_data[4] will be merged to another kept net rx/data_rx[4]
SYN-5055 WARNING: The kept net type/uart_data[3] will be merged to another kept net rx/data_rx[3]
SYN-5055 WARNING: The kept net type/uart_data[2] will be merged to another kept net rx/data_rx[2]
SYN-5055 WARNING: The kept net type/uart_data[1] will be merged to another kept net rx/data_rx[1]
SYN-5055 WARNING: The kept net type/uart_data[0] will be merged to another kept net rx/data_rx[0]
SYN-5055 WARNING: The kept net type/valid will be merged to another kept net rx/data_valid
RUN-1002 : start command "phys_opt -simplify_lut"
SYN-4024 : Net "clk_dup_3" drives clk pins.
SYN-4025 : Tag rtl::Net clk_dup_3 as clock net
SYN-4026 : Tagged 1 rtl::Net as clock net
PHY-1001 : Populate physical database on model top.
RUN-1001 : There are total 359 instances
RUN-0007 : 175 luts, 140 seqs, 6 mslices, 16 lslices, 19 pads, 0 brams, 0 dsps
RUN-1001 : There are total 440 nets
RUN-6004 WARNING: There are 11 nets with only 1 pin.
RUN-1001 : 266 nets have 2 pins
RUN-1001 : 132 nets have [3 - 5] pins
RUN-1001 : 22 nets have [6 - 10] pins
RUN-1001 : 4 nets have [11 - 20] pins
RUN-1001 : 2 nets have [21 - 99] pins
RUN-1001 : 3 nets have 100+ pins
RUN-1001 : Report Control nets information:
RUN-1001 : DFF Distribution
RUN-1001 : ----------------------------------
RUN-1001 :   CE   |  SSR  |  ASR  |  DFF Count  
RUN-1001 : ----------------------------------
RUN-1001 :   No   |  No   |  No   |      3      
RUN-1001 :   No   |  No   |  Yes  |     100     
RUN-1001 :   No   |  Yes  |  No   |      0      
RUN-1001 :   Yes  |  No   |  No   |      0      
RUN-1001 :   Yes  |  No   |  Yes  |     37      
RUN-1001 :   Yes  |  Yes  |  No   |      0      
RUN-1001 : ----------------------------------
RUN-0007 : Control Group Statistic
RUN-0007 : ---------------------------
RUN-0007 :   #CLK  |  #CE  |  #SSR/ASR  
RUN-0007 : ---------------------------
RUN-0007 :    1    |   3   |     2      
RUN-0007 : ---------------------------
RUN-0007 : Control Set = 4
PHY-3001 : Initial placement ...
PHY-3001 : design contains 357 instances, 175 luts, 140 seqs, 22 slices, 3 macros(22 instances: 6 mslices 16 lslices)
PHY-0007 : Cell area utilization is 1%
PHY-3001 : Start timing update ...
RUN-1002 : start command "start_timer -report"
TMR-2505 : Start building timing graph for model top.
TMR-2506 : Build timing graph completely. Port num: 12, tpin num: 1591, tnet num: 438, tinst num: 357, tnode num: 2063, tedge num: 2540.
TMR-2508 : Levelizing timing graph completed, there are 21 levels in total.
TMR-2501 : Timing graph initialized successfully.
TMR-2503 : Start to update net delay, extr mode = 2.
TMR-2504 : Update delay of 438 nets completely.
TMR-2502 : Annotate delay completely, extr mode = 2.
TMR-3001 : Initiate 0 clocks from SDC.
TMR-3004 : Map sdc constraints, there are 0 constraints in total.
TMR-3003 : Constraints initiated successfully.
TMR-3501 : Forward propagation: start to calculate arrival time...
TMR-3502 : Backward propagation: start to calculate required time...
TMR-3503 : Timing propagation completes.
PHY-3001 : End timing update;  0.132683s wall, 0.109375s user + 0.000000s system = 0.109375s CPU (82.4%)

PHY-3001 : Global placement ...
PHY-3001 : Initial: Len = 100151
PHY-3001 : Clustering ...
PHY-3001 : Level 0 #clusters 357.
PHY-3001 : End clustering;  0.000017s wall, 0.000000s user + 0.000000s system = 0.000000s CPU (n/a%)

PHY-3001 : Run with size of 4
PHY-3001 : Cell area utilization is 1%
PHY-3001 : :::0::: Try harder cell spreading with beta_ = 0
PHY-3002 : Step(1): len = 48422.4, overlap = 0
PHY-3002 : Step(2): len = 30157.7, overlap = 0
PHY-3002 : Step(3): len = 20458.4, overlap = 0
PHY-3002 : Step(4): len = 14951.8, overlap = 0
PHY-3002 : Step(5): len = 11714.8, overlap = 0
PHY-3002 : Step(6): len = 9823.3, overlap = 0
PHY-3002 : Step(7): len = 9075.5, overlap = 0
PHY-3002 : Step(8): len = 8865.7, overlap = 0
PHY-3002 : Step(9): len = 8904.1, overlap = 0
PHY-3002 : Step(10): len = 8396.5, overlap = 0
PHY-3002 : Step(11): len = 8635.3, overlap = 0
PHY-3002 : Step(12): len = 7895.4, overlap = 0
PHY-3002 : Step(13): len = 7219.5, overlap = 0
PHY-3002 : Step(14): len = 7638.1, overlap = 0
PHY-3002 : Step(15): len = 7843.2, overlap = 0
PHY-3002 : Step(16): len = 6760.4, overlap = 0
PHY-3002 : Step(17): len = 6541.3, overlap = 0
PHY-3002 : Step(18): len = 6806.7, overlap = 0
PHY-3002 : Step(19): len = 5689.6, overlap = 0
PHY-3002 : Step(20): len = 5869.7, overlap = 0
PHY-3002 : Step(21): len = 5800.9, overlap = 0
PHY-3002 : Step(22): len = 5348.7, overlap = 0
PHY-3002 : Step(23): len = 4976.1, overlap = 0
PHY-3002 : Step(24): len = 5038.3, overlap = 0
PHY-3002 : Step(25): len = 5051.3, overlap = 0
PHY-3002 : Step(26): len = 4824.4, overlap = 0
PHY-3002 : Step(27): len = 4640.7, overlap = 0
PHY-3002 : Step(28): len = 4225.7, overlap = 0
PHY-3002 : Step(29): len = 4227.4, overlap = 0
PHY-3002 : Step(30): len = 4272.8, overlap = 0
PHY-3001 : Legalization ...
PHY-3001 : End legalization;  0.005957s wall, 0.000000s user + 0.000000s system = 0.000000s CPU (n/a%)

PHY-3001 : Run with size of 4
PHY-3001 : Cell area utilization is 1%
PHY-3001 : Update timing in Manhattan mode ...
TMR-2503 : Start to update net delay, extr mode = 3.
TMR-2504 : Update delay of 438 nets completely.
TMR-2502 : Annotate delay completely, extr mode = 3.
TMR-3501 : Forward propagation: start to calculate arrival time...
TMR-3502 : Backward propagation: start to calculate required time...
TMR-3503 : Timing propagation completes.
PHY-3001 : End timing update;  0.006553s wall, 0.000000s user + 0.000000s system = 0.000000s CPU (n/a%)

PHY-3001 : :::0::: Try harder cell spreading with beta_ = 0
PHY-3002 : Step(31): len = 3553.5, overlap = 0
PHY-3002 : Step(32): len = 3614.1, overlap = 0
PHY-3002 : Step(33): len = 3614.1, overlap = 0
PHY-3002 : Step(34): len = 3450.9, overlap = 0
PHY-3002 : Step(35): len = 3450.9, overlap = 0
PHY-3002 : Step(36): len = 3450.2, overlap = 0
PHY-3002 : Step(37): len = 3450.2, overlap = 0
PHY-3002 : Step(38): len = 3431.1, overlap = 0
PHY-3002 : Step(39): len = 3431.1, overlap = 0
PHY-3002 : Step(40): len = 3361, overlap = 0
PHY-3002 : Step(41): len = 3361, overlap = 0
PHY-3002 : Step(42): len = 3404.2, overlap = 0
PHY-3002 : Step(43): len = 3404.2, overlap = 0
PHY-3002 : Step(44): len = 3338.1, overlap = 0
PHY-3002 : Step(45): len = 3338.1, overlap = 0
PHY-3002 : Step(46): len = 3356.6, overlap = 0
PHY-3002 : Step(47): len = 3356.6, overlap = 0
PHY-3002 : Step(48): len = 3318, overlap = 0
PHY-3002 : Step(49): len = 3318, overlap = 0
PHY-3002 : Step(50): len = 3346.5, overlap = 0
PHY-3002 : Step(51): len = 3346.5, overlap = 0
PHY-3002 : Step(52): len = 3300.1, overlap = 0
PHY-3002 : Step(53): len = 3300.1, overlap = 0
PHY-3002 : Step(54): len = 3331.1, overlap = 0
PHY-3002 : Step(55): len = 3331.1, overlap = 0
PHY-3002 : Step(56): len = 3282.9, overlap = 0
PHY-3002 : Step(57): len = 3282.9, overlap = 0
PHY-3002 : Step(58): len = 3284.3, overlap = 0
PHY-3002 : Step(59): len = 3284.3, overlap = 0
PHY-3002 : Step(60): len = 3249.5, overlap = 0
PHY-3002 : Step(61): len = 3249.5, overlap = 0
PHY-3002 : Step(62): len = 3280.3, overlap = 0
PHY-3002 : Step(63): len = 3280.3, overlap = 0
PHY-3002 : Step(64): len = 3240.2, overlap = 0
PHY-3002 : Step(65): len = 3240.2, overlap = 0
PHY-3002 : Step(66): len = 3255.4, overlap = 0
PHY-3002 : Step(67): len = 3255.4, overlap = 0
PHY-3002 : Step(68): len = 3228.6, overlap = 0
PHY-3002 : Step(69): len = 3228.6, overlap = 0
PHY-3002 : Step(70): len = 3232.1, overlap = 0
PHY-3002 : Step(71): len = 3232.1, overlap = 0
PHY-3002 : Step(72): len = 3205.6, overlap = 0
PHY-3002 : Step(73): len = 3205.6, overlap = 0
PHY-3002 : Step(74): len = 3212.8, overlap = 0
PHY-3002 : Step(75): len = 3212.8, overlap = 0
PHY-3002 : Step(76): len = 3185.8, overlap = 0
PHY-3002 : Step(77): len = 3185.8, overlap = 0
PHY-3002 : Step(78): len = 3194.8, overlap = 0
PHY-3002 : Step(79): len = 3194.8, overlap = 0
PHY-3002 : Step(80): len = 3166.6, overlap = 0
PHY-3002 : Step(81): len = 3166.6, overlap = 0
PHY-3002 : Step(82): len = 3161.5, overlap = 0
PHY-3002 : Step(83): len = 3177, overlap = 0
PHY-3002 : Step(84): len = 3177, overlap = 0
PHY-3001 : Run with size of 2
PHY-3001 : Cell area utilization is 1%
PHY-3001 : Update timing in Manhattan mode ...
TMR-2503 : Start to update net delay, extr mode = 3.
TMR-2504 : Update delay of 438 nets completely.
TMR-2502 : Annotate delay completely, extr mode = 3.
TMR-3501 : Forward propagation: start to calculate arrival time...
TMR-3502 : Backward propagation: start to calculate required time...
TMR-3503 : Timing propagation completes.
PHY-3001 : End timing update;  0.008449s wall, 0.000000s user + 0.000000s system = 0.000000s CPU (n/a%)

PHY-3001 : :::0::: Try harder cell spreading with beta_ = 0.000952017
PHY-3002 : Step(85): len = 3233.9, overlap = 6.96875
PHY-3002 : Step(86): len = 3233.9, overlap = 6.96875
PHY-3001 : :::1::: Try harder cell spreading with beta_ = 0.00190403
PHY-3002 : Step(87): len = 3246.3, overlap = 6.96875
PHY-3002 : Step(88): len = 3246.3, overlap = 6.96875
OPT-1001 : Start physical optimization ...
RUN-1002 : start command "start_timer -report"
TMR-2505 : Start building timing graph for model top.
TMR-2506 : Build timing graph completely. Port num: 12, tpin num: 1591, tnet num: 438, tinst num: 357, tnode num: 2063, tedge num: 2540.
TMR-2508 : Levelizing timing graph completed, there are 21 levels in total.
TMR-2501 : Timing graph initialized successfully.
OPT-1001 : Total overflow 18.91 peak overflow 2.69
OPT-1001 : Start high-fanout net optimization ...
OPT-1001 : Update timing in global mode
PHY-1001 : Start incremental global routing, caller is place ...
RUN-1001 : Generating global routing grids ...
RUN-1001 : Building simple global routing graph ...
PHY-1001 : Generate routing nets ...
PHY-1001 : Reuse net number 0/440.
PHY-1001 : Global iterations in 16 thread ...
PHY-1002 : len = 3240, over cnt = 19(0%), over = 56, worst = 5
PHY-1001 : End global iterations;  0.017603s wall, 0.000000s user + 0.000000s system = 0.000000s CPU (n/a%)

PHY-1001 : Congestion index: top1 = 10.11, top5 = 2.52, top10 = 1.25, top15 = 0.84.
PHY-1001 : End incremental global routing;  0.129678s wall, 0.000000s user + 0.000000s system = 0.000000s CPU (n/a%)

TMR-2503 : Start to update net delay, extr mode = 5.
TMR-2504 : Update delay of 438 nets completely.
TMR-2502 : Annotate delay completely, extr mode = 5.
TMR-3001 : Initiate 0 clocks from SDC.
TMR-3004 : Map sdc constraints, there are 0 constraints in total.
TMR-3003 : Constraints initiated successfully.
TMR-3501 : Forward propagation: start to calculate arrival time...
TMR-3502 : Backward propagation: start to calculate required time...
TMR-3503 : Timing propagation completes.
OPT-1001 : End timing update;  0.007736s wall, 0.000000s user + 0.000000s system = 0.000000s CPU (n/a%)

OPT-1001 : 0 high-fanout net processed.
OPT-1001 : End high-fanout net optimization;  0.142995s wall, 0.000000s user + 0.000000s system = 0.000000s CPU (n/a%)

OPT-1001 : Current memory(MB): used = 169, reserve = 141, peak = 169.
OPT-1001 : Start global optimization ...
OPT-1001 : Start congestion update ...
RUN-1001 : Generating global routing grids ...
PHY-1001 : Generate routing nets ...
PHY-1001 : Reuse net number 160/440.
PHY-1001 : Global iterations in 16 thread ...
PHY-1002 : len = 3240, over cnt = 19(0%), over = 56, worst = 5
PHY-1002 : len = 3776, over cnt = 10(0%), over = 12, worst = 3
PHY-1002 : len = 3968, over cnt = 0(0%), over = 0, worst = 0
PHY-1001 : End global iterations;  0.028700s wall, 0.000000s user + 0.000000s system = 0.000000s CPU (n/a%)

PHY-1001 : Congestion index: top1 = 10.65, top5 = 2.89, top10 = 1.44, top15 = 0.96.
OPT-1001 : End congestion update;  0.082918s wall, 0.046875s user + 0.000000s system = 0.046875s CPU (56.5%)

OPT-1001 : Update timing in Manhattan mode
TMR-2503 : Start to update net delay, extr mode = 3.
TMR-2504 : Update delay of 438 nets completely.
TMR-2502 : Annotate delay completely, extr mode = 3.
TMR-3501 : Forward propagation: start to calculate arrival time...
TMR-3502 : Backward propagation: start to calculate required time...
TMR-3503 : Timing propagation completes.
OPT-1001 : End timing update;  0.007305s wall, 0.000000s user + 0.000000s system = 0.000000s CPU (n/a%)

OPT-0007 : Start: WNS 2147483647 TNS 0 NUM_FEPS 0
OPT-1001 : End global optimization;  0.090326s wall, 0.046875s user + 0.000000s system = 0.046875s CPU (51.9%)

OPT-1001 : Current memory(MB): used = 170, reserve = 142, peak = 170.
OPT-1001 : End physical optimization;  0.445429s wall, 0.250000s user + 0.000000s system = 0.250000s CPU (56.1%)

PHY-3001 : Start packing ...
SYN-4007 : Packing 0 MUX to BLE ...
SYN-4008 : Packed 0 MUX and 0 SEQ to BLE.
SYN-4007 : Packing 175 LUT to BLE ...
SYN-4008 : Packed 175 LUT and 111 SEQ to BLE.
SYN-4003 : Packing 29 remaining SEQ's ...
SYN-4005 : Packed 22 SEQ with LUT/SLICE
SYN-4006 : 44 single LUT's are left
SYN-4006 : 7 single SEQ's are left
SYN-4011 : Packing model "top" (AL_USER_NORMAL) with 182/352 primitive instances ...
PHY-3001 : End packing;  0.014231s wall, 0.015625s user + 0.000000s system = 0.015625s CPU (109.8%)

PHY-1001 : Populate physical database on model top.
RUN-1001 : There are total 147 instances
RUN-1001 : 63 mslices, 62 lslices, 19 pads, 0 brams, 0 dsps
RUN-1001 : There are total 330 nets
RUN-6004 WARNING: There are 11 nets with only 1 pin.
RUN-1001 : 149 nets have 2 pins
RUN-1001 : 137 nets have [3 - 5] pins
RUN-1001 : 23 nets have [6 - 10] pins
RUN-1001 : 6 nets have [11 - 20] pins
RUN-1001 : 3 nets have [21 - 99] pins
RUN-1001 : 1 nets have 100+ pins
PHY-3001 : design contains 145 instances, 125 slices, 3 macros(22 instances: 6 mslices 16 lslices)
PHY-3001 : Cell area utilization is 1%
PHY-3001 : After packing: Len = 3277.8, Over = 10
PHY-3001 : Run with size of 2
PHY-3001 : Cell area utilization is 1%
PHY-3001 : Update timing in Manhattan mode ...
RUN-1002 : start command "start_timer -report"
TMR-2505 : Start building timing graph for model top.
TMR-2506 : Build timing graph completely. Port num: 12, tpin num: 1297, tnet num: 328, tinst num: 145, tnode num: 1644, tedge num: 2229.
TMR-2508 : Levelizing timing graph completed, there are 19 levels in total.
TMR-2501 : Timing graph initialized successfully.
TMR-2503 : Start to update net delay, extr mode = 3.
TMR-2504 : Update delay of 328 nets completely.
TMR-2502 : Annotate delay completely, extr mode = 3.
TMR-3001 : Initiate 0 clocks from SDC.
TMR-3004 : Map sdc constraints, there are 0 constraints in total.
TMR-3003 : Constraints initiated successfully.
TMR-3501 : Forward propagation: start to calculate arrival time...
TMR-3502 : Backward propagation: start to calculate required time...
TMR-3503 : Timing propagation completes.
PHY-3001 : End timing update;  0.140990s wall, 0.093750s user + 0.000000s system = 0.093750s CPU (66.5%)

PHY-3001 : :::0::: Try harder cell spreading with beta_ = 0.000194107
PHY-3002 : Step(89): len = 3152.4, overlap = 9.25
PHY-3002 : Step(90): len = 3158.8, overlap = 9.25
PHY-3002 : Step(91): len = 3174.7, overlap = 9.25
PHY-3001 : :::1::: Try harder cell spreading with beta_ = 0.000388213
PHY-3002 : Step(92): len = 3169.5, overlap = 9.25
PHY-3002 : Step(93): len = 3169.5, overlap = 9.25
PHY-3001 : :::2::: Try harder cell spreading with beta_ = 0.000776426
PHY-3002 : Step(94): len = 3195.7, overlap = 9.25
PHY-3002 : Step(95): len = 3195.7, overlap = 9.25
PHY-3001 : Legalization ...
PHY-3001 : End legalization;  0.042335s wall, 0.000000s user + 0.000000s system = 0.000000s CPU (n/a%)

PHY-3001 : Trial Legalized: Len = 6812.8
PHY-3001 : Run with size of 2
PHY-3001 : Cell area utilization is 1%
PHY-3001 : Update timing in Manhattan mode ...
TMR-2503 : Start to update net delay, extr mode = 3.
TMR-2504 : Update delay of 328 nets completely.
TMR-2502 : Annotate delay completely, extr mode = 3.
TMR-3501 : Forward propagation: start to calculate arrival time...
TMR-3502 : Backward propagation: start to calculate required time...
TMR-3503 : Timing propagation completes.
PHY-3001 : End timing update;  0.005854s wall, 0.000000s user + 0.000000s system = 0.000000s CPU (n/a%)

PHY-3001 : :::0::: Try harder cell spreading with beta_ = 0
PHY-3002 : Step(96): len = 4541.4, overlap = 2.25
PHY-3002 : Step(97): len = 3686.2, overlap = 5.25
PHY-3002 : Step(98): len = 3425.1, overlap = 7
PHY-3002 : Step(99): len = 3383.8, overlap = 7.75
PHY-3002 : Step(100): len = 3295.8, overlap = 7.5
PHY-3001 : :::1::: Try harder cell spreading with beta_ = 0.000284296
PHY-3002 : Step(101): len = 3235.7, overlap = 7.75
PHY-3002 : Step(102): len = 3221.4, overlap = 7.75
PHY-3002 : Step(103): len = 3221.4, overlap = 7.75
PHY-3001 : :::2::: Try harder cell spreading with beta_ = 0.000568591
PHY-3002 : Step(104): len = 3191.9, overlap = 8
PHY-3002 : Step(105): len = 3191.9, overlap = 8
PHY-3001 : Legalization ...
PHY-3001 : End legalization;  0.005064s wall, 0.000000s user + 0.000000s system = 0.000000s CPU (n/a%)

PHY-3001 : Legalized: Len = 5688.8, Over = 0
PHY-3001 : Spreading special nets. 1 overflows in 2952 tiles.
PHY-3001 : End spreading;  0.003969s wall, 0.000000s user + 0.000000s system = 0.000000s CPU (n/a%)

PHY-3001 : 2 instances has been re-located, deltaX = 2, deltaY = 0, maxDist = 1.
PHY-3001 : Final: Len = 5664.8, Over = 0
OPT-1001 : Start physical optimization ...
RUN-1002 : start command "start_timer -report"
TMR-2505 : Start building timing graph for model top.
TMR-2506 : Build timing graph completely. Port num: 12, tpin num: 1297, tnet num: 328, tinst num: 145, tnode num: 1644, tedge num: 2229.
TMR-2508 : Levelizing timing graph completed, there are 19 levels in total.
TMR-2501 : Timing graph initialized successfully.
OPT-1001 : Total overflow 0.00 peak overflow 0.00
OPT-1001 : Start high-fanout net optimization ...
OPT-1001 : Update timing in global mode
PHY-1001 : Start incremental global routing, caller is place ...
RUN-1001 : Generating global routing grids ...
PHY-1001 : Generate routing nets ...
PHY-1001 : Reuse net number 24/330.
PHY-1001 : Global iterations in 16 thread ...
PHY-1002 : len = 6512, over cnt = 26(0%), over = 43, worst = 4
PHY-1002 : len = 6824, over cnt = 7(0%), over = 7, worst = 1
PHY-1002 : len = 6936, over cnt = 0(0%), over = 0, worst = 0
PHY-1001 : End global iterations;  0.043891s wall, 0.000000s user + 0.000000s system = 0.000000s CPU (n/a%)

PHY-1001 : Congestion index: top1 = 15.06, top5 = 5.27, top10 = 2.62, top15 = 1.75.
PHY-1001 : End incremental global routing;  0.096434s wall, 0.015625s user + 0.000000s system = 0.015625s CPU (16.2%)

TMR-2503 : Start to update net delay, extr mode = 5.
TMR-2504 : Update delay of 328 nets completely.
TMR-2502 : Annotate delay completely, extr mode = 5.
TMR-3001 : Initiate 0 clocks from SDC.
TMR-3004 : Map sdc constraints, there are 0 constraints in total.
TMR-3003 : Constraints initiated successfully.
TMR-3501 : Forward propagation: start to calculate arrival time...
TMR-3502 : Backward propagation: start to calculate required time...
TMR-3503 : Timing propagation completes.
OPT-1001 : End timing update;  0.008605s wall, 0.015625s user + 0.000000s system = 0.015625s CPU (181.6%)

OPT-1001 : 0 high-fanout net processed.
OPT-1001 : End high-fanout net optimization;  0.110221s wall, 0.031250s user + 0.000000s system = 0.031250s CPU (28.4%)

OPT-1001 : Current memory(MB): used = 171, reserve = 144, peak = 172.
OPT-1001 : Start path based optimization ...
OPT-1001 : Start congestion update ...
RUN-1001 : Generating global routing grids ...
PHY-1001 : Generate routing nets ...
PHY-1001 : Reuse net number 245/330.
PHY-1001 : Global iterations in 16 thread ...
PHY-1002 : len = 6936, over cnt = 0(0%), over = 0, worst = 0
PHY-1001 : End global iterations;  0.004245s wall, 0.015625s user + 0.000000s system = 0.015625s CPU (368.1%)

PHY-1001 : Congestion index: top1 = 15.06, top5 = 5.27, top10 = 2.62, top15 = 1.75.
OPT-1001 : End congestion update;  0.054239s wall, 0.046875s user + 0.000000s system = 0.046875s CPU (86.4%)

OPT-1001 : Update timing in Manhattan mode
TMR-2503 : Start to update net delay, extr mode = 3.
TMR-2504 : Update delay of 328 nets completely.
TMR-2502 : Annotate delay completely, extr mode = 3.
TMR-3501 : Forward propagation: start to calculate arrival time...
TMR-3502 : Backward propagation: start to calculate required time...
TMR-3503 : Timing propagation completes.
OPT-1001 : End timing update;  0.006275s wall, 0.015625s user + 0.000000s system = 0.015625s CPU (249.0%)

OPT-0007 : Start: WNS 2147483647 TNS 0 NUM_FEPS 0
OPT-1001 : End path based optimization;  0.060599s wall, 0.062500s user + 0.000000s system = 0.062500s CPU (103.1%)

OPT-1001 : Current memory(MB): used = 172, reserve = 145, peak = 172.
OPT-1001 : Update timing in Manhattan mode
TMR-2503 : Start to update net delay, extr mode = 3.
TMR-2504 : Update delay of 328 nets completely.
TMR-2502 : Annotate delay completely, extr mode = 3.
TMR-3501 : Forward propagation: start to calculate arrival time...
TMR-3502 : Backward propagation: start to calculate required time...
TMR-3503 : Timing propagation completes.
OPT-1001 : End timing update;  0.005004s wall, 0.000000s user + 0.000000s system = 0.000000s CPU (n/a%)

OPT-1001 : Start pin optimization...
OPT-1001 : skip pin optimization...
OPT-1001 : Update timing in global mode
PHY-1001 : Start incremental global routing, caller is place ...
RUN-1001 : Generating global routing grids ...
PHY-1001 : Generate routing nets ...
PHY-1001 : Reuse net number 245/330.
PHY-1001 : Global iterations in 16 thread ...
PHY-1002 : len = 6936, over cnt = 0(0%), over = 0, worst = 0
PHY-1001 : End global iterations;  0.003887s wall, 0.015625s user + 0.000000s system = 0.015625s CPU (401.9%)

PHY-1001 : Congestion index: top1 = 15.06, top5 = 5.27, top10 = 2.62, top15 = 1.75.
PHY-1001 : End incremental global routing;  0.057009s wall, 0.062500s user + 0.000000s system = 0.062500s CPU (109.6%)

TMR-2503 : Start to update net delay, extr mode = 5.
TMR-2504 : Update delay of 328 nets completely.
TMR-2502 : Annotate delay completely, extr mode = 5.
TMR-3501 : Forward propagation: start to calculate arrival time...
TMR-3502 : Backward propagation: start to calculate required time...
TMR-3503 : Timing propagation completes.
OPT-1001 : End timing update;  0.006547s wall, 0.000000s user + 0.000000s system = 0.000000s CPU (n/a%)

RUN-1001 : Generating global routing grids ...
PHY-1001 : Generate routing nets ...
PHY-1001 : Reuse net number 245/330.
PHY-1001 : Global iterations in 16 thread ...
PHY-1002 : len = 6936, over cnt = 0(0%), over = 0, worst = 0
PHY-1001 : End global iterations;  0.004657s wall, 0.015625s user + 0.000000s system = 0.015625s CPU (335.6%)

PHY-1001 : Congestion index: top1 = 15.06, top5 = 5.27, top10 = 2.62, top15 = 1.75.
OPT-1001 : Update timing in Manhattan mode
TMR-2503 : Start to update net delay, extr mode = 3.
TMR-2504 : Update delay of 328 nets completely.
TMR-2502 : Annotate delay completely, extr mode = 3.
TMR-3501 : Forward propagation: start to calculate arrival time...
TMR-3502 : Backward propagation: start to calculate required time...
TMR-3503 : Timing propagation completes.
OPT-1001 : End timing update;  0.006055s wall, 0.015625s user + 0.000000s system = 0.015625s CPU (258.0%)

RUN-1001 : QoR Analysis:
OPT-0007 :   WNS 2147483647 TNS 0 NUM_FEPS 0
RUN-1001 :   No local congestion issue, and most congested 1% tile average routing util is 14.586207
RUN-1001 :   Top critical paths
OPT-1001 : End physical optimization;  0.448959s wall, 0.281250s user + 0.015625s system = 0.296875s CPU (66.1%)

RUN-1003 : finish command "place" in  4.241605s wall, 1.265625s user + 0.593750s system = 1.859375s CPU (43.8%)

RUN-1004 : used memory is 155 MB, reserved memory is 128 MB, peak memory is 172 MB
RUN-1002 : start command "export_db adc_place.db"
RUN-1001 : Exported /
RUN-1001 : Exported flow parameters
RUN-1001 : Exported libs
RUN-1001 : Exported entities
RUN-1001 : Exported ports
RUN-1001 : Exported pins
RUN-1001 : Exported instances
RUN-1001 : Exported nets
RUN-1001 : Exported buses
RUN-1001 : Exported models
RUN-1001 : Exported congestions
RUN-1001 : Exported violations
RUN-1001 : Exported timing constraints
RUN-1001 : Exported IO constraints
RUN-1001 : Exported Inst constraints
RUN-1002 : start command "route"
RUN-1001 : Open license file C:/Anlogic/TD5.6.56362/license/Anlogic.lic
RUN-1001 : Print Global Property
RUN-1001 : ---------------------------------------------------------------
RUN-1001 :        Parameters        |  Settings  |  Default Values  |  Note  
RUN-1001 : ---------------------------------------------------------------
RUN-1001 :          message         |  standard  |     standard     |        
RUN-1001 :   mixed_pack_place_flow  |     on     |        on        |        
RUN-1001 :        syn_ip_flow       |    off     |       off        |        
RUN-1001 :          thread          |    auto    |       auto       |        
RUN-1001 : ---------------------------------------------------------------
RUN-1001 : Print Route Property
RUN-1001 : -------------------------------------------------------
RUN-1001 :    Parameters    |  Settings  |  Default Values  |  Note  
RUN-1001 : -------------------------------------------------------
RUN-1001 :      effort      |   medium   |      medium      |        
RUN-1001 :     fix_hold     |    off     |       off        |        
RUN-1001 :    opt_timing    |   medium   |      medium      |        
RUN-1001 :   phy_sim_model  |    off     |       off        |        
RUN-1001 :     priority     |   timing   |      timing      |        
RUN-1001 :     swap_pin     |     on     |        on        |        
RUN-1001 : -------------------------------------------------------
PHY-1001 : Route runs in 16 thread(s)
RUN-1001 : There are total 147 instances
RUN-1001 : 63 mslices, 62 lslices, 19 pads, 0 brams, 0 dsps
RUN-1001 : There are total 330 nets
RUN-6004 WARNING: There are 11 nets with only 1 pin.
RUN-1001 : 149 nets have 2 pins
RUN-1001 : 137 nets have [3 - 5] pins
RUN-1001 : 23 nets have [6 - 10] pins
RUN-1001 : 6 nets have [11 - 20] pins
RUN-1001 : 3 nets have [21 - 99] pins
RUN-1001 : 1 nets have 100+ pins
RUN-1002 : start command "start_timer -report"
TMR-2505 : Start building timing graph for model top.
TMR-2506 : Build timing graph completely. Port num: 12, tpin num: 1297, tnet num: 328, tinst num: 145, tnode num: 1644, tedge num: 2229.
TMR-2508 : Levelizing timing graph completed, there are 19 levels in total.
TMR-2501 : Timing graph initialized successfully.
PHY-1001 : 63 mslices, 62 lslices, 19 pads, 0 brams, 0 dsps
TMR-2503 : Start to update net delay, extr mode = 3.
TMR-2504 : Update delay of 328 nets completely.
TMR-2502 : Annotate delay completely, extr mode = 3.
TMR-3001 : Initiate 0 clocks from SDC.
TMR-3004 : Map sdc constraints, there are 0 constraints in total.
TMR-3003 : Constraints initiated successfully.
TMR-3501 : Forward propagation: start to calculate arrival time...
TMR-3502 : Backward propagation: start to calculate required time...
TMR-3503 : Timing propagation completes.
PHY-1001 : Start global routing, caller is route ...
RUN-1001 : Generating global routing grids ...
PHY-1001 : Generate routing nets ...
PHY-1001 : Global iterations in 16 thread ...
PHY-1002 : len = 6280, over cnt = 30(0%), over = 49, worst = 4
PHY-1002 : len = 6712, over cnt = 7(0%), over = 7, worst = 1
PHY-1002 : len = 6816, over cnt = 0(0%), over = 0, worst = 0
PHY-1001 : End global iterations;  0.048245s wall, 0.015625s user + 0.000000s system = 0.015625s CPU (32.4%)

PHY-1001 : Congestion index: top1 = 14.96, top5 = 5.17, top10 = 2.58, top15 = 1.72.
PHY-1001 : End global routing;  0.108484s wall, 0.015625s user + 0.015625s system = 0.031250s CPU (28.8%)

PHY-1001 : Start detail routing ...
PHY-1001 : Current memory(MB): used = 193, reserve = 167, peak = 207.
PHY-1001 : Detailed router is running in normal mode.
PHY-1001 : Generate detailed routing grids ...
PHY-1001 : Generate nets ...
PHY-1001 : net clk_dup_3 will be routed on clock mesh
PHY-5010 WARNING: Net data_in[7]_dup_3 is skipped due to 0 input or output
PHY-5010 WARNING: Net data_in[6]_dup_3 is skipped due to 0 input or output
PHY-5010 WARNING: Net data_in[5]_dup_3 is skipped due to 0 input or output
PHY-5010 WARNING: Net data_in[4]_dup_3 is skipped due to 0 input or output
PHY-5010 WARNING: Net data_in[3]_dup_3 is skipped due to 0 input or output
PHY-5010 WARNING: Net data_in[2]_dup_3 is skipped due to 0 input or output
PHY-5010 WARNING: Net data_in[1]_dup_3 is skipped due to 0 input or output
PHY-5010 WARNING: Net data_in[0]_dup_3 is skipped due to 0 input or output
PHY-5010 WARNING: Net eoc_dup_3 is skipped due to 0 input or output
PHY-5010 WARNING: Net key1_dup_3 is skipped due to 0 input or output
PHY-5010 Similar messages will be suppressed.
PHY-1001 : Current memory(MB): used = 461, reserve = 438, peak = 461.
PHY-1001 : End build detailed router design. 4.150617s wall, 3.218750s user + 0.171875s system = 3.390625s CPU (81.7%)

PHY-1001 : Detail Route ...
PHY-1001 : ===== Detail Route Phase 1 =====
PHY-1001 : Clock net routing.....
PHY-1001 : Routed 0% nets.
PHY-1022 : len = 5752, over cnt = 0(0%), over = 0, worst = 0, crit = 0
PHY-1001 : End initial clock net routed; 0.011472s wall, 0.015625s user + 0.000000s system = 0.015625s CPU (136.2%)

PHY-1001 : Current memory(MB): used = 463, reserve = 440, peak = 463.
PHY-1001 : End phase 1; 0.024661s wall, 0.031250s user + 0.000000s system = 0.031250s CPU (126.7%)

PHY-1001 : ===== Detail Route Phase 2 =====
PHY-1001 : Initial routing.....
PHY-1001 : Routed 46% nets.
PHY-1001 : Routed 50% nets.
PHY-1001 : Routed 50% nets.
PHY-1001 : Patch 112 net; 0.179633s wall, 0.140625s user + 0.000000s system = 0.140625s CPU (78.3%)

PHY-1022 : len = 18896, over cnt = 24(0%), over = 24, worst = 1, crit = 0
PHY-1001 : Current memory(MB): used = 474, reserve = 451, peak = 474.
PHY-1001 : End initial routed; 0.245031s wall, 0.156250s user + 0.015625s system = 0.171875s CPU (70.1%)

PHY-1001 : Update timing.....
PHY-1001 : 0/279(0%) critical/total net(s).
RUN-1001 : ------------------------------------------
RUN-1001 :   Type   |    WNS(ns)    |  TNS(ns)  |  FEP  
RUN-1001 : ------------------------------------------
RUN-1001 :   Setup  |  2147483.647  |   0.000   |   0   
RUN-1001 :   Hold   |  2147483.647  |   0.000   |   0   
RUN-1001 : ------------------------------------------
PHY-1001 : End update timing; 0.154747s wall, 0.109375s user + 0.000000s system = 0.109375s CPU (70.7%)

PHY-1001 : Current memory(MB): used = 476, reserve = 452, peak = 476.
PHY-1001 : End phase 2; 0.399873s wall, 0.265625s user + 0.015625s system = 0.281250s CPU (70.3%)

PHY-1001 : ===== Detail Route Phase 3 =====
PHY-1001 : Optimize timing.....
PHY-1022 : len = 18896, over cnt = 24(0%), over = 24, worst = 1, crit = 0
PHY-1001 : End optimize timing; 0.007857s wall, 0.015625s user + 0.000000s system = 0.015625s CPU (198.9%)

PHY-1001 : Ripup-reroute.....
PHY-1001 : ===== DR Iter 1 =====
PHY-1022 : len = 19040, over cnt = 3(0%), over = 3, worst = 1, crit = 0
PHY-1001 : End DR Iter 1; 0.029341s wall, 0.000000s user + 0.000000s system = 0.000000s CPU (n/a%)

PHY-1001 : ===== DR Iter 2 =====
PHY-1022 : len = 19072, over cnt = 0(0%), over = 0, worst = 0, crit = 0
PHY-1001 : End DR Iter 2; 0.021630s wall, 0.000000s user + 0.000000s system = 0.000000s CPU (n/a%)

PHY-1001 : Update timing.....
PHY-1001 : 0/279(0%) critical/total net(s).
RUN-1001 : ------------------------------------------
RUN-1001 :   Type   |    WNS(ns)    |  TNS(ns)  |  FEP  
RUN-1001 : ------------------------------------------
RUN-1001 :   Setup  |  2147483.647  |   0.000   |   0   
RUN-1001 :   Hold   |  2147483.647  |   0.000   |   0   
RUN-1001 : ------------------------------------------
PHY-1001 : End update timing; 0.153674s wall, 0.140625s user + 0.000000s system = 0.140625s CPU (91.5%)

PHY-1001 : Commit to database.....
PHY-1001 : 7 feed throughs used by 6 nets
PHY-1001 : End commit to database; 0.037138s wall, 0.046875s user + 0.000000s system = 0.046875s CPU (126.2%)

PHY-1001 : Current memory(MB): used = 485, reserve = 462, peak = 485.
PHY-1001 : End phase 3; 0.370264s wall, 0.312500s user + 0.000000s system = 0.312500s CPU (84.4%)

PHY-1003 : Routed, final wirelength = 19072
PHY-1001 : Current memory(MB): used = 486, reserve = 462, peak = 486.
PHY-1001 : End export database. 0.013508s wall, 0.015625s user + 0.000000s system = 0.015625s CPU (115.7%)

PHY-1001 : End detail routing;  5.255137s wall, 4.000000s user + 0.234375s system = 4.234375s CPU (80.6%)

RUN-1003 : finish command "route" in  5.578196s wall, 4.187500s user + 0.250000s system = 4.437500s CPU (79.6%)

RUN-1004 : used memory is 444 MB, reserved memory is 420 MB, peak memory is 486 MB
RUN-1002 : start command "report_area -io_info -file adc_phy.area"
RUN-1001 : standard
***Report Model: top Device: EG4S20NG88***

IO Statistics
#IO                        19
  #input                   14
  #output                   5
  #inout                    0

Utilization Statistics
#lut                      232   out of  19600    1.18%
#reg                      146   out of  19600    0.74%
#le                       239
  #lut only                93   out of    239   38.91%
  #reg only                 7   out of    239    2.93%
  #lut&reg                139   out of    239   58.16%
#dsp                        0   out of     29    0.00%
#bram                       0   out of     64    0.00%
  #bram9k                   0
  #fifo9k                   0
#bram32k                    0   out of     16    0.00%
#pad                       19   out of     66   28.79%
  #ireg                     0
  #oreg                     0
  #treg                     0
#pll                        0   out of      4    0.00%
#gclk                       1   out of     16    6.25%

Clock Resource Statistics
Index     ClockNet     Type               DriverType         Driver          Fanout
#1        clk_dup_3    GCLK               io                 clk_syn_4.di    89


Detailed IO Report

     Name       Direction    Location    IOStandard    DriveStrength    PullType    PackReg  
     clk          INPUT        P34        LVCMOS25          N/A          PULLUP      NONE    
  data_in[7]      INPUT         P2        LVCMOS25          N/A          PULLUP      NONE    
  data_in[6]      INPUT         P3        LVCMOS25          N/A          PULLUP      NONE    
  data_in[5]      INPUT         P4        LVCMOS25          N/A          PULLUP      NONE    
  data_in[4]      INPUT         P5        LVCMOS25          N/A          PULLUP      NONE    
  data_in[3]      INPUT        P10        LVCMOS25          N/A          PULLUP      NONE    
  data_in[2]      INPUT        P11        LVCMOS25          N/A          PULLUP      NONE    
  data_in[1]      INPUT        P12        LVCMOS25          N/A          PULLUP      NONE    
  data_in[0]      INPUT        P13        LVCMOS25          N/A          PULLUP      NONE    
     eoc          INPUT        P60        LVCMOS25          N/A          PULLUP      NONE    
     key1         INPUT        P50        LVCMOS25          N/A          PULLUP      NONE    
     key2         INPUT        P30        LVCMOS25          N/A           N/A        NONE    
   reset_n        INPUT        P55        LVCMOS25          N/A          PULLUP      NONE    
   uart_rxd       INPUT        P54        LVCMOS25          N/A          PULLUP      NONE    
   adc_clk       OUTPUT        P87        LVCMOS25           8            NONE       NONE    
     ale         OUTPUT        P23        LVCMOS25           8            N/A        NONE    
      oe         OUTPUT        P86        LVCMOS25           8            NONE       NONE    
    start        OUTPUT        P59        LVCMOS25           8            NONE       NONE    
   uart_txd      OUTPUT        P52        LVCMOS25           8            NONE       NONE    

Report Hierarchy Area:
+---------------------------------------------------------------------------+
|Instance |Module      |le     |lut     |ripple  |seq     |bram    |dsp     |
+---------------------------------------------------------------------------+
|top      |top         |239    |210     |22      |146     |0       |0       |
|  rx     |uart_rx     |57     |51      |6       |37      |0       |0       |
|  tx     |uart_tx     |57     |42      |8       |37      |0       |0       |
|  type   |type_choice |125    |117     |8       |72      |0       |0       |
+---------------------------------------------------------------------------+


DataNet Average Fanout:

   Index     Fanout    Nets  
    #1         1       130   
    #2         2        48   
    #3         3        66   
    #4         4        23   
    #5        5-10      24   
    #6       11-50      5    
    #7       51-100     1    
  Average     2.80           

RUN-1002 : start command "export_db adc_pr.db"
RUN-1001 : Exported /
RUN-1001 : Exported flow parameters
RUN-1001 : Exported libs
RUN-1001 : Exported entities
RUN-1001 : Exported ports
RUN-1001 : Exported pins
RUN-1001 : Exported instances
RUN-1001 : Exported nets
RUN-1001 : Exported buses
RUN-1001 : Exported models
RUN-1001 : Exported congestions
RUN-1001 : Exported violations
RUN-1001 : Exported timing constraints
RUN-1001 : Exported IO constraints
RUN-1001 : Exported Inst constraints
RUN-1002 : start command "export_bid adc_inst.bid"
RUN-1002 : start command "bitgen -bit adc.bit"
BIT-1003 : Start to generate bitstream. 
BIT-1002 : Init instances with 16 threads.
BIT-1002 : Init instances completely, inst num: 145
BIT-1002 : Init pips with 16 threads.
BIT-1002 : Init pips completely, net num: 330, pip num: 2403
BIT-1002 : Init feedthrough completely, num: 7
BIT-1003 : Multithreading accelaration with 16 threads.
BIT-1003 : Generate bitstream completely, there are 236 valid insts, and 7421 bits set as '1'.
BIT-1004 : PLL setting string = 0000
BIT-1004 : Generate bits file adc.bit.
RUN-1002 : start command "backup_run_log run.log ../.logs/phy_1/td_20230305_154634.log"
