============================================================
   Tang Dynasty, V5.6.53426
   Copyright (c) 2012-2022 Anlogic
   Executable = C:/Anlogic/TD5.6.1/bin/td.exe
   Built at =   19:26:25 Jun 10 2022
   Run by =     shaka
   Run Date =   Wed Mar  8 10:05:02 2023

   Run on =     BR007
============================================================
RUN-1002 : start command "open_project adc.prj"
RUN-1001 : Print Global Property
RUN-1001 : ---------------------------------------------------------------
RUN-1001 :        Parameters        |  Settings  |  Default Values  |  Note  
RUN-1001 : ---------------------------------------------------------------
RUN-1001 :          message         |  standard  |     standard     |        
RUN-1001 :   mixed_pack_place_flow  |     on     |        on        |        
RUN-1001 :        syn_ip_flow       |    off     |       off        |        
RUN-1001 :          thread          |    auto    |       auto       |        
RUN-1001 : ---------------------------------------------------------------
RUN-1001 : Print Design Property
RUN-1001 : --------------------------------------------------------------
RUN-1001 :        Parameters       |  Settings  |  Default Values  |  Note  
RUN-1001 : --------------------------------------------------------------
RUN-1001 :   default_reg_initial   |    auto    |       auto       |        
RUN-1001 :        infer_add        |     on     |        on        |        
RUN-1001 :        infer_fsm        |    off     |       off        |        
RUN-1001 :        infer_mult       |     on     |        on        |        
RUN-1001 :        infer_ram        |     on     |        on        |        
RUN-1001 :        infer_reg        |     on     |        on        |        
RUN-1001 :   infer_reg_init_value  |     on     |        on        |        
RUN-1001 :        infer_rom        |     on     |        on        |        
RUN-1001 :      infer_shifter      |     on     |        on        |        
RUN-1001 : --------------------------------------------------------------
RUN-1001 : Print Rtl Property
RUN-1001 : --------------------------------------------------------------
RUN-1001 :        Parameters       |  Settings  |  Default Values  |  Note  
RUN-1001 : --------------------------------------------------------------
RUN-1001 :       compress_add      |   ripple   |      ripple      |        
RUN-1001 :        elf_sload        |    off     |       off        |        
RUN-1001 :       fix_undriven      |     0      |        0         |        
RUN-1001 :         flatten         |    off     |       off        |        
RUN-1001 :       gate_sharing      |     on     |        on        |        
RUN-1001 :    hdl_warning_level    |   normal   |      normal      |        
RUN-1001 :   impl_internal_tribuf  |     on     |        on        |        
RUN-1001 :      impl_set_reset     |     on     |        on        |        
RUN-1001 :        infer_gsr        |    off     |       off        |        
RUN-1001 :      keep_hierarchy     |    auto    |       auto       |        
RUN-1001 :        max_fanout       |    9999    |       9999       |        
RUN-1001 :      max_oh2bin_len     |     10     |        10        |        
RUN-1001 :       merge_equal       |     on     |        on        |        
RUN-1001 :       merge_equiv       |     on     |        on        |        
RUN-1001 :        merge_mux        |    off     |       off        |        
RUN-1001 :     min_control_set     |     8      |        8         |        
RUN-1001 :      min_ripple_len     |    auto    |       auto       |        
RUN-1001 :       oh2bin_ratio      |    0.08    |       0.08       |        
RUN-1001 :     opt_adder_fanout    |     on     |        on        |        
RUN-1001 :        opt_arith        |     on     |        on        |        
RUN-1001 :       opt_big_gate      |    off     |       off        |        
RUN-1001 :        opt_const        |     on     |        on        |        
RUN-1001 :      opt_const_mult     |     on     |        on        |        
RUN-1001 :       opt_lessthan      |     on     |        on        |        
RUN-1001 :         opt_mux         |    off     |       off        |        
RUN-1001 :         opt_ram         |    high    |       high       |        
RUN-1001 :      rtl_sim_model      |    off     |       off        |        
RUN-1001 :         seq_syn         |     on     |        on        |        
RUN-1001 : --------------------------------------------------------------
HDL-1007 : analyze verilog file ../../../Core/fifo.v
HDL-1007 : analyze verilog file ../../../Src/top.v
HDL-1007 : undeclared symbol 'valid', assumed default net type 'wire' in ../../../Src/top.v(40)
HDL-1007 : undeclared symbol 'data_vld', assumed default net type 'wire' in ../../../Src/top.v(51)
HDL-1007 : undeclared symbol 'adc_en', assumed default net type 'wire' in ../../../Src/top.v(61)
HDL-1007 : undeclared symbol 'data_en', assumed default net type 'wire' in ../../../Src/top.v(68)
HDL-1007 : undeclared symbol 'fifo_working', assumed default net type 'wire' in ../../../Src/top.v(85)
HDL-1007 : undeclared symbol 'key', assumed default net type 'wire' in ../../../Src/top.v(95)
HDL-1007 : undeclared symbol 'condition', assumed default net type 'wire' in ../../../Src/top.v(99)
HDL-1007 : analyze verilog file ../../../Src/uart_rx.v
HDL-1007 : analyze verilog file ../../../Src/uart_tx.v
HDL-1007 : analyze verilog file ../../../Src/adc_ctrl.v
HDL-1007 : analyze verilog file ../../../Src/type_choice.v
HDL-1007 : analyze verilog file ../../../Src/fifo_ctrl.v
HDL-1007 : undeclared symbol 'empty_flag', assumed default net type 'wire' in ../../../Src/fifo_ctrl.v(156)
HDL-1007 : analyze verilog file ../../../Src/anjian.v
RUN-1001 : Project manager successfully analyzed 8 source files.
RUN-1002 : start command "import_device eagle_s20.db -package EG4S20NG88"
ARC-1001 : Device Initialization.
ARC-1001 : ---------------------------------------------------------------
ARC-1001 :            OPTION            |        IO         |   SETTING   
ARC-1001 : ---------------------------------------------------------------
ARC-1001 :   cso_b/cclk/mosi/miso/dout  |  P69/P82/P81/P80  |    gpio    
ARC-1001 :             done             |        P8         |    gpio    
ARC-1001 :           program_b          |        P67        |  dedicate  
ARC-1001 :        tdi/tms/tck/tdo       |  P25/P22/P26/P21  |  dedicate  
ARC-1001 : ---------------------------------------------------------------
ARC-1004 : Device setting, marked 5 dedicate IOs in total.
RUN-1002 : start command "import_db ../syn_1/adc_gate.db"
RUN-1001 : Importing database generated by Tang Dynasty, V5.6.53426.
RUN-1001 : Database version number 46140.
RUN-1001 : Import flow parameters
RUN-1001 : Import timing constraints
RUN-1001 : Import IO constraints
RUN-1001 : Import Inst constraints
RUN-1001 : Import design success TD_VERSION=5.6.53426 , DB_VERSION=46140
RUN-1002 : start command "read_sdc"
USR-1002 : read_sdc file_name -help -h -eco
USR-1009 : NO module with IP_SDC ...
RUN-1104 : Import SDC file  finished, there are 0 nets kept by constraints.
RUN-1002 : start command "place"
RUN-1001 : Open license file C:/Anlogic/TD5.6.1/license/Anlogic.lic
RUN-1001 : Print Global Property
RUN-1001 : ---------------------------------------------------------------
RUN-1001 :        Parameters        |  Settings  |  Default Values  |  Note  
RUN-1001 : ---------------------------------------------------------------
RUN-1001 :          message         |  standard  |     standard     |        
RUN-1001 :   mixed_pack_place_flow  |     on     |        on        |        
RUN-1001 :        syn_ip_flow       |    off     |       off        |        
RUN-1001 :          thread          |    auto    |       auto       |        
RUN-1001 : ---------------------------------------------------------------
RUN-1001 : Print Place Property
RUN-1001 : --------------------------------------------------------------
RUN-1001 :        Parameters       |  Settings  |  Default Values  |  Note  
RUN-1001 : --------------------------------------------------------------
RUN-1001 :      detailed_place     |     on     |        on        |        
RUN-1001 :          effort         |   medium   |      medium      |        
RUN-1001 :         fix_hold        |    off     |       off        |        
RUN-1001 :       legalization      |    ori     |       ori        |        
RUN-1001 :      new_spreading      |     on     |        on        |        
RUN-1001 :        opt_timing       |   medium   |      medium      |        
RUN-1001 :   post_clock_route_opt  |    off     |       off        |        
RUN-1001 :       pr_strategy       |     1      |        1         |        
RUN-1001 :        relaxation       |    1.00    |       1.00       |        
RUN-1001 :         retiming        |    off     |       off        |        
RUN-1001 : --------------------------------------------------------------
PHY-3001 : Placer runs in 16 thread(s).
RUN-1002 : start command "legalize_phy_inst"
SYN-1011 : Flatten model top
SYN-5055 WARNING: The kept net fifo_list/fifo_list/re will be merged to another kept net fifo_list/re
SYN-5055 WARNING: The kept net fifo_list/fifo_list/we will be merged to another kept net fifo_list/we
SYN-5055 WARNING: The kept net _al_n0 will be merged to another kept net fifo_list/wrusedw[14]
SYN-5055 WARNING: The kept net fifo_list/fifo_list/wr_addr_diff[13] will be merged to another kept net fifo_list/wrusedw[13]
SYN-5055 WARNING: The kept net fifo_list/fifo_list/wr_addr_diff[12] will be merged to another kept net fifo_list/wrusedw[12]
SYN-5055 WARNING: The kept net fifo_list/fifo_list/wr_addr_diff[11] will be merged to another kept net fifo_list/wrusedw[11]
SYN-5055 WARNING: The kept net fifo_list/fifo_list/wr_addr_diff[10] will be merged to another kept net fifo_list/wrusedw[10]
SYN-5055 WARNING: The kept net fifo_list/fifo_list/wr_addr_diff[9] will be merged to another kept net fifo_list/wrusedw[9]
SYN-5055 WARNING: The kept net fifo_list/fifo_list/wr_addr_diff[8] will be merged to another kept net fifo_list/wrusedw[8]
SYN-5055 WARNING: The kept net fifo_list/fifo_list/wr_addr_diff[7] will be merged to another kept net fifo_list/wrusedw[7]
SYN-5055 Similar messages will be suppressed.
RUN-1002 : start command "phys_opt -simplify_lut"
SYN-4024 : Net "clk_dup_3" drives clk pins.
SYN-4024 : Net "adc/clk_adc" drives clk pins.
SYN-4025 : Tag rtl::Net adc/clk_adc as clock net
SYN-4025 : Tag rtl::Net clk_dup_3 as clock net
SYN-4026 : Tagged 2 rtl::Net as clock net
SYN-4015 : Create BUFG instance for clk Net adc/clk_adc to drive 6 clock pins.
PHY-1001 : Populate physical database on model top.
RUN-1001 : There are total 580 instances
RUN-0007 : 265 luts, 216 seqs, 47 mslices, 26 lslices, 18 pads, 4 brams, 0 dsps
RUN-1001 : There are total 759 nets
RUN-1001 : 486 nets have 2 pins
RUN-1001 : 199 nets have [3 - 5] pins
RUN-1001 : 55 nets have [6 - 10] pins
RUN-1001 : 11 nets have [11 - 20] pins
RUN-1001 : 5 nets have [21 - 99] pins
RUN-1001 : 3 nets have 100+ pins
RUN-1001 : Report Control nets information:
RUN-1001 : DFF Distribution
RUN-1001 : ----------------------------------
RUN-1001 :   CE   |  SSR  |  ASR  |  DFF Count  
RUN-1001 : ----------------------------------
RUN-1001 :   No   |  No   |  No   |      5      
RUN-1001 :   No   |  No   |  Yes  |     151     
RUN-1001 :   No   |  Yes  |  No   |      0      
RUN-1001 :   Yes  |  No   |  No   |      9      
RUN-1001 :   Yes  |  No   |  Yes  |     51      
RUN-1001 :   Yes  |  Yes  |  No   |      0      
RUN-1001 : ----------------------------------
RUN-0007 : Control Group Statistic
RUN-0007 : ---------------------------
RUN-0007 :   #CLK  |  #CE  |  #SSR/ASR  
RUN-0007 : ---------------------------
RUN-0007 :    2    |   5   |     3      
RUN-0007 : ---------------------------
RUN-0007 : Control Set = 8
PHY-3001 : Initial placement ...
PHY-3001 : design contains 578 instances, 265 luts, 216 seqs, 73 slices, 10 macros(73 instances: 47 mslices 26 lslices)
PHY-0007 : Cell area utilization is 2%
PHY-3001 : Start timing update ...
RUN-1002 : start command "start_timer -report"
TMR-2505 : Start building timing graph for model top.
TMR-2506 : Build timing graph completely. Port num: 11, tpin num: 2825, tnet num: 757, tinst num: 578, tnode num: 3621, tedge num: 4641.
TMR-2508 : Levelizing timing graph completed, there are 29 levels in total.
TMR-2501 : Timing graph initialized successfully.
TMR-2503 : Start to update net delay, extr mode = 2.
TMR-2504 : Update delay of 757 nets completely.
TMR-2502 : Annotate delay completely, extr mode = 2.
TMR-3001 : Initiate 0 clocks from SDC.
TMR-3004 : Map sdc constraints, there are 0 constraints in total.
TMR-3003 : Constraints initiated successfully.
TMR-3501 : Forward propagation: start to calculate arrival time...
TMR-3502 : Backward propagation: start to calculate required time...
TMR-3503 : Timing propagation completes.
PHY-3001 : End timing update;  0.151368s wall, 0.125000s user + 0.000000s system = 0.125000s CPU (82.6%)

PHY-3001 : Global placement ...
PHY-3001 : Initial: Len = 173358
PHY-3001 : Clustering ...
PHY-3001 : Level 0 #clusters 578.
PHY-3001 : End clustering;  0.000020s wall, 0.000000s user + 0.000000s system = 0.000000s CPU (n/a%)

PHY-3001 : Run with size of 4
PHY-3001 : Cell area utilization is 2%
PHY-3001 : :::0::: Try harder cell spreading with beta_ = 0
PHY-3002 : Step(1): len = 111343, overlap = 18
PHY-3002 : Step(2): len = 75312.2, overlap = 18
PHY-3002 : Step(3): len = 56443.6, overlap = 18
PHY-3002 : Step(4): len = 43982.9, overlap = 18
PHY-3002 : Step(5): len = 36155.8, overlap = 18
PHY-3002 : Step(6): len = 32801.5, overlap = 18
PHY-3002 : Step(7): len = 29929.2, overlap = 18
PHY-3002 : Step(8): len = 27392.2, overlap = 18
PHY-3002 : Step(9): len = 25099.9, overlap = 18
PHY-3002 : Step(10): len = 22888.5, overlap = 18
PHY-3002 : Step(11): len = 22423.5, overlap = 18
PHY-3002 : Step(12): len = 21038.3, overlap = 18
PHY-3002 : Step(13): len = 20970.8, overlap = 18
PHY-3002 : Step(14): len = 20012.7, overlap = 18
PHY-3001 : :::1::: Try harder cell spreading with beta_ = 1.15612e-05
PHY-3002 : Step(15): len = 24166.8, overlap = 18
PHY-3002 : Step(16): len = 24523, overlap = 18
PHY-3002 : Step(17): len = 24702.2, overlap = 18
PHY-3002 : Step(18): len = 24649.9, overlap = 18
PHY-3002 : Step(19): len = 23535.7, overlap = 18
PHY-3002 : Step(20): len = 23561.7, overlap = 18
PHY-3002 : Step(21): len = 23560, overlap = 18
PHY-3002 : Step(22): len = 23422.7, overlap = 18
PHY-3002 : Step(23): len = 23211.5, overlap = 18
PHY-3002 : Step(24): len = 22921.4, overlap = 18.0625
PHY-3002 : Step(25): len = 22713.4, overlap = 18.125
PHY-3002 : Step(26): len = 22900.6, overlap = 18.3125
PHY-3002 : Step(27): len = 23026.8, overlap = 18.375
PHY-3002 : Step(28): len = 23054.7, overlap = 18.4375
PHY-3001 : :::2::: Try harder cell spreading with beta_ = 2.31225e-05
PHY-3002 : Step(29): len = 23528, overlap = 18.4375
PHY-3002 : Step(30): len = 23608, overlap = 18.4375
PHY-3002 : Step(31): len = 23709.6, overlap = 18.4375
PHY-3001 : :::3::: Try harder cell spreading with beta_ = 4.62449e-05
PHY-3002 : Step(32): len = 26493.2, overlap = 18.5
PHY-3002 : Step(33): len = 26938.5, overlap = 18.5
PHY-3002 : Step(34): len = 26549.1, overlap = 14
PHY-3002 : Step(35): len = 26490.1, overlap = 14
PHY-3002 : Step(36): len = 26639.2, overlap = 14
PHY-3002 : Step(37): len = 26656.2, overlap = 14
PHY-3002 : Step(38): len = 26754.3, overlap = 14
PHY-3001 : :::4::: Try harder cell spreading with beta_ = 9.24898e-05
PHY-3002 : Step(39): len = 27479.5, overlap = 14
PHY-3002 : Step(40): len = 27528.5, overlap = 14
PHY-3002 : Step(41): len = 27438.3, overlap = 14
PHY-3001 : :::5::: Try harder cell spreading with beta_ = 0.00018498
PHY-3002 : Step(42): len = 27825.3, overlap = 14
PHY-3002 : Step(43): len = 27861.1, overlap = 14
PHY-3002 : Step(44): len = 27880.5, overlap = 14
PHY-3001 : Legalization ...
PHY-3001 : End legalization;  0.008394s wall, 0.000000s user + 0.000000s system = 0.000000s CPU (n/a%)

PHY-3001 : Run with size of 4
PHY-3001 : Cell area utilization is 2%
PHY-3001 : Update timing in Manhattan mode ...
TMR-2503 : Start to update net delay, extr mode = 3.
TMR-2504 : Update delay of 757 nets completely.
TMR-2502 : Annotate delay completely, extr mode = 3.
TMR-3501 : Forward propagation: start to calculate arrival time...
TMR-3502 : Backward propagation: start to calculate required time...
TMR-3503 : Timing propagation completes.
PHY-3001 : End timing update;  0.012399s wall, 0.000000s user + 0.000000s system = 0.000000s CPU (n/a%)

PHY-3001 : :::0::: Try harder cell spreading with beta_ = 0
PHY-3002 : Step(45): len = 29324.7, overlap = 5.71875
PHY-3002 : Step(46): len = 29207.1, overlap = 5.15625
PHY-3002 : Step(47): len = 28108.7, overlap = 5.125
PHY-3002 : Step(48): len = 28166.7, overlap = 5.0625
PHY-3002 : Step(49): len = 27502, overlap = 2.6875
PHY-3002 : Step(50): len = 26886.9, overlap = 0.875
PHY-3002 : Step(51): len = 26730.7, overlap = 0.9375
PHY-3002 : Step(52): len = 26330.3, overlap = 0.75
PHY-3002 : Step(53): len = 26119, overlap = 1.5625
PHY-3002 : Step(54): len = 25784.7, overlap = 1.5
PHY-3002 : Step(55): len = 25890, overlap = 1.25
PHY-3002 : Step(56): len = 25542.5, overlap = 1.5
PHY-3002 : Step(57): len = 24990.6, overlap = 1.75
PHY-3002 : Step(58): len = 24707.1, overlap = 2.75
PHY-3002 : Step(59): len = 24786.5, overlap = 2.75
PHY-3002 : Step(60): len = 24140.3, overlap = 3.75
PHY-3002 : Step(61): len = 24032.4, overlap = 4.5
PHY-3002 : Step(62): len = 23766.9, overlap = 5.625
PHY-3002 : Step(63): len = 23802.6, overlap = 5.625
PHY-3002 : Step(64): len = 23426.5, overlap = 4.4375
PHY-3002 : Step(65): len = 23220, overlap = 3.625
PHY-3002 : Step(66): len = 23163.1, overlap = 4
PHY-3002 : Step(67): len = 22963.5, overlap = 3.125
PHY-3002 : Step(68): len = 22944.4, overlap = 3.25
PHY-3002 : Step(69): len = 22887.8, overlap = 2.75
PHY-3002 : Step(70): len = 22548.7, overlap = 2.875
PHY-3002 : Step(71): len = 22530.7, overlap = 2.875
PHY-3002 : Step(72): len = 22470.8, overlap = 2.75
PHY-3002 : Step(73): len = 22412.7, overlap = 2.6875
PHY-3002 : Step(74): len = 22221.4, overlap = 2.5
PHY-3002 : Step(75): len = 22209.8, overlap = 2.25
PHY-3002 : Step(76): len = 22245.6, overlap = 2.25
PHY-3002 : Step(77): len = 22151.1, overlap = 2.5625
PHY-3002 : Step(78): len = 22187.5, overlap = 2.625
PHY-3002 : Step(79): len = 22090.6, overlap = 2.6875
PHY-3002 : Step(80): len = 22129.4, overlap = 2.6875
PHY-3002 : Step(81): len = 22138.9, overlap = 2.875
PHY-3002 : Step(82): len = 22151.2, overlap = 2.625
PHY-3002 : Step(83): len = 22069.2, overlap = 2.5625
PHY-3002 : Step(84): len = 22106.9, overlap = 3.0625
PHY-3002 : Step(85): len = 22182.4, overlap = 4.0625
PHY-3002 : Step(86): len = 22070.7, overlap = 4.4375
PHY-3002 : Step(87): len = 22041.9, overlap = 5.4375
PHY-3002 : Step(88): len = 22086, overlap = 5.875
PHY-3002 : Step(89): len = 21842, overlap = 6.5
PHY-3002 : Step(90): len = 21886.4, overlap = 7.25
PHY-3002 : Step(91): len = 21905.7, overlap = 7.34375
PHY-3001 : Run with size of 2
PHY-3001 : Cell area utilization is 2%
PHY-3001 : Update timing in Manhattan mode ...
TMR-2503 : Start to update net delay, extr mode = 3.
TMR-2504 : Update delay of 757 nets completely.
TMR-2502 : Annotate delay completely, extr mode = 3.
TMR-3501 : Forward propagation: start to calculate arrival time...
TMR-3502 : Backward propagation: start to calculate required time...
TMR-3503 : Timing propagation completes.
PHY-3001 : End timing update;  0.013765s wall, 0.000000s user + 0.000000s system = 0.000000s CPU (n/a%)

PHY-3001 : :::0::: Try harder cell spreading with beta_ = 0.000145316
PHY-3002 : Step(92): len = 22542.5, overlap = 11.3125
PHY-3002 : Step(93): len = 22602.4, overlap = 10.875
PHY-3002 : Step(94): len = 22523.2, overlap = 10.4375
PHY-3002 : Step(95): len = 22177.2, overlap = 10.625
PHY-3002 : Step(96): len = 22245.3, overlap = 10.625
PHY-3001 : :::1::: Try harder cell spreading with beta_ = 0.000290632
PHY-3002 : Step(97): len = 22323.4, overlap = 10.1562
PHY-3002 : Step(98): len = 22316.4, overlap = 10.125
PHY-3001 : :::2::: Try harder cell spreading with beta_ = 0.000581264
PHY-3002 : Step(99): len = 22157.7, overlap = 10.125
PHY-3002 : Step(100): len = 22103.1, overlap = 10.3125
OPT-1001 : Start physical optimization ...
RUN-1002 : start command "start_timer -report"
TMR-2505 : Start building timing graph for model top.
TMR-2506 : Build timing graph completely. Port num: 11, tpin num: 2825, tnet num: 757, tinst num: 578, tnode num: 3621, tedge num: 4641.
TMR-2508 : Levelizing timing graph completed, there are 29 levels in total.
TMR-2501 : Timing graph initialized successfully.
OPT-1001 : Total overflow 31.72 peak overflow 2.22
OPT-1001 : Start high-fanout net optimization ...
OPT-1001 : Update timing in global mode
PHY-1001 : Start incremental global routing, caller is place ...
RUN-1001 : Generating global routing grids ...
RUN-1001 : Building simple global routing graph ...
PHY-1001 : Generate routing nets ...
PHY-1001 : Reuse net number 0/759.
PHY-1001 : Global iterations in 16 thread ...
PHY-1002 : len = 25400, over cnt = 65(0%), over = 247, worst = 14
PHY-1001 : End global iterations;  0.052896s wall, 0.015625s user + 0.000000s system = 0.015625s CPU (29.5%)

PHY-1001 : Congestion index: top1 = 23.66, top5 = 10.93, top10 = 6.50, top15 = 4.45.
PHY-1001 : End incremental global routing;  0.113348s wall, 0.015625s user + 0.000000s system = 0.015625s CPU (13.8%)

TMR-2503 : Start to update net delay, extr mode = 5.
TMR-2504 : Update delay of 757 nets completely.
TMR-2502 : Annotate delay completely, extr mode = 5.
TMR-3001 : Initiate 0 clocks from SDC.
TMR-3004 : Map sdc constraints, there are 0 constraints in total.
TMR-3003 : Constraints initiated successfully.
TMR-3501 : Forward propagation: start to calculate arrival time...
TMR-3502 : Backward propagation: start to calculate required time...
TMR-3503 : Timing propagation completes.
OPT-1001 : End timing update;  0.015496s wall, 0.046875s user + 0.000000s system = 0.046875s CPU (302.5%)

OPT-1001 : 0 high-fanout net processed.
OPT-1001 : End high-fanout net optimization;  0.139083s wall, 0.062500s user + 0.000000s system = 0.062500s CPU (44.9%)

OPT-1001 : Current memory(MB): used = 177, reserve = 148, peak = 177.
OPT-1001 : Start global optimization ...
OPT-1001 : Start congestion update ...
RUN-1001 : Generating global routing grids ...
PHY-1001 : Generate routing nets ...
PHY-1001 : Reuse net number 472/759.
PHY-1001 : Global iterations in 16 thread ...
PHY-1002 : len = 25400, over cnt = 65(0%), over = 247, worst = 14
PHY-1002 : len = 26976, over cnt = 34(0%), over = 100, worst = 7
PHY-1002 : len = 27912, over cnt = 5(0%), over = 9, worst = 3
PHY-1002 : len = 28040, over cnt = 2(0%), over = 2, worst = 1
PHY-1002 : len = 28040, over cnt = 0(0%), over = 0, worst = 0
PHY-1001 : End global iterations;  0.062946s wall, 0.031250s user + 0.000000s system = 0.031250s CPU (49.6%)

PHY-1001 : Congestion index: top1 = 21.59, top5 = 11.56, top10 = 7.12, top15 = 4.93.
OPT-1001 : End congestion update;  0.114208s wall, 0.078125s user + 0.000000s system = 0.078125s CPU (68.4%)

OPT-1001 : Update timing in Manhattan mode
TMR-2503 : Start to update net delay, extr mode = 3.
TMR-2504 : Update delay of 757 nets completely.
TMR-2502 : Annotate delay completely, extr mode = 3.
TMR-3501 : Forward propagation: start to calculate arrival time...
TMR-3502 : Backward propagation: start to calculate required time...
TMR-3503 : Timing propagation completes.
OPT-1001 : End timing update;  0.012294s wall, 0.000000s user + 0.000000s system = 0.000000s CPU (n/a%)

OPT-0007 : Start: WNS 2147483647 TNS 0 NUM_FEPS 0
OPT-1001 : End global optimization;  0.126613s wall, 0.078125s user + 0.000000s system = 0.078125s CPU (61.7%)

OPT-1001 : Current memory(MB): used = 177, reserve = 149, peak = 177.
OPT-1001 : End physical optimization;  0.411081s wall, 0.234375s user + 0.000000s system = 0.234375s CPU (57.0%)

PHY-3001 : Start packing ...
SYN-4007 : Packing 0 MUX to BLE ...
SYN-4008 : Packed 0 MUX and 0 SEQ to BLE.
SYN-4007 : Packing 265 LUT to BLE ...
SYN-4008 : Packed 265 LUT and 146 SEQ to BLE.
SYN-4003 : Packing 70 remaining SEQ's ...
SYN-4005 : Packed 33 SEQ with LUT/SLICE
SYN-4006 : 93 single LUT's are left
SYN-4006 : 37 single SEQ's are left
SYN-4011 : Packing model "top" (AL_USER_NORMAL) with 302/545 primitive instances ...
PHY-3001 : End packing;  0.023622s wall, 0.015625s user + 0.000000s system = 0.015625s CPU (66.1%)

PHY-1001 : Populate physical database on model top.
RUN-1001 : There are total 261 instances
RUN-1001 : 117 mslices, 118 lslices, 18 pads, 4 brams, 0 dsps
RUN-1001 : There are total 613 nets
RUN-1001 : 333 nets have 2 pins
RUN-1001 : 204 nets have [3 - 5] pins
RUN-1001 : 57 nets have [6 - 10] pins
RUN-1001 : 12 nets have [11 - 20] pins
RUN-1001 : 4 nets have [21 - 99] pins
RUN-1001 : 3 nets have 100+ pins
PHY-3001 : design contains 259 instances, 235 slices, 10 macros(73 instances: 47 mslices 26 lslices)
PHY-3001 : Cell area utilization is 3%
PHY-3001 : After packing: Len = 22098.6, Over = 15
PHY-3001 : Run with size of 2
PHY-3001 : Cell area utilization is 3%
PHY-3001 : Update timing in Manhattan mode ...
RUN-1002 : start command "start_timer -report"
TMR-2505 : Start building timing graph for model top.
TMR-2506 : Build timing graph completely. Port num: 11, tpin num: 2363, tnet num: 611, tinst num: 259, tnode num: 2965, tedge num: 4095.
TMR-2508 : Levelizing timing graph completed, there are 29 levels in total.
TMR-2501 : Timing graph initialized successfully.
TMR-2503 : Start to update net delay, extr mode = 3.
TMR-2504 : Update delay of 611 nets completely.
TMR-2502 : Annotate delay completely, extr mode = 3.
TMR-3001 : Initiate 0 clocks from SDC.
TMR-3004 : Map sdc constraints, there are 0 constraints in total.
TMR-3003 : Constraints initiated successfully.
TMR-3501 : Forward propagation: start to calculate arrival time...
TMR-3502 : Backward propagation: start to calculate required time...
TMR-3503 : Timing propagation completes.
PHY-3001 : End timing update;  0.158186s wall, 0.109375s user + 0.000000s system = 0.109375s CPU (69.1%)

PHY-3001 : :::0::: Try harder cell spreading with beta_ = 7.30952e-05
PHY-3002 : Step(101): len = 21811.3, overlap = 14.5
PHY-3002 : Step(102): len = 21808.4, overlap = 14.5
PHY-3002 : Step(103): len = 21747.2, overlap = 13.25
PHY-3001 : :::1::: Try harder cell spreading with beta_ = 0.00014619
PHY-3002 : Step(104): len = 21816, overlap = 13
PHY-3002 : Step(105): len = 21816, overlap = 13
PHY-3001 : :::2::: Try harder cell spreading with beta_ = 0.000292381
PHY-3002 : Step(106): len = 21921.9, overlap = 13.25
PHY-3002 : Step(107): len = 21921.9, overlap = 13.25
PHY-3001 : Legalization ...
PHY-3001 : End legalization;  0.109492s wall, 0.015625s user + 0.031250s system = 0.046875s CPU (42.8%)

PHY-3001 : Trial Legalized: Len = 27248.9
PHY-3001 : Run with size of 2
PHY-3001 : Cell area utilization is 3%
PHY-3001 : Update timing in Manhattan mode ...
TMR-2503 : Start to update net delay, extr mode = 3.
TMR-2504 : Update delay of 611 nets completely.
TMR-2502 : Annotate delay completely, extr mode = 3.
TMR-3501 : Forward propagation: start to calculate arrival time...
TMR-3502 : Backward propagation: start to calculate required time...
TMR-3503 : Timing propagation completes.
PHY-3001 : End timing update;  0.011242s wall, 0.000000s user + 0.000000s system = 0.000000s CPU (n/a%)

PHY-3001 : :::0::: Try harder cell spreading with beta_ = 0
PHY-3002 : Step(108): len = 23743.7, overlap = 4.5
PHY-3002 : Step(109): len = 22594.5, overlap = 8.5
PHY-3002 : Step(110): len = 22286.3, overlap = 9.25
PHY-3002 : Step(111): len = 22259.1, overlap = 9.5
PHY-3001 : :::1::: Try harder cell spreading with beta_ = 0.000201255
PHY-3002 : Step(112): len = 22125, overlap = 8.75
PHY-3002 : Step(113): len = 22125, overlap = 8.75
PHY-3002 : Step(114): len = 21966.3, overlap = 9.25
PHY-3001 : :::2::: Try harder cell spreading with beta_ = 0.000402511
PHY-3002 : Step(115): len = 22003.9, overlap = 8.75
PHY-3002 : Step(116): len = 22003.9, overlap = 8.75
PHY-3001 : Legalization ...
PHY-3001 : End legalization;  0.004646s wall, 0.000000s user + 0.000000s system = 0.000000s CPU (n/a%)

PHY-3001 : Legalized: Len = 25345.7, Over = 0
PHY-3001 : Spreading special nets. 3 overflows in 2952 tiles.
PHY-3001 : End spreading;  0.004450s wall, 0.000000s user + 0.000000s system = 0.000000s CPU (n/a%)

PHY-3001 : 4 instances has been re-located, deltaX = 1, deltaY = 3, maxDist = 1.
PHY-3001 : Final: Len = 25509.7, Over = 0
OPT-1001 : Start physical optimization ...
RUN-1002 : start command "start_timer -report"
TMR-2505 : Start building timing graph for model top.
TMR-2506 : Build timing graph completely. Port num: 11, tpin num: 2363, tnet num: 611, tinst num: 259, tnode num: 2965, tedge num: 4095.
TMR-2508 : Levelizing timing graph completed, there are 29 levels in total.
TMR-2501 : Timing graph initialized successfully.
OPT-1001 : Total overflow 0.00 peak overflow 0.00
OPT-1001 : Start high-fanout net optimization ...
OPT-1001 : Update timing in global mode
PHY-1001 : Start incremental global routing, caller is place ...
RUN-1001 : Generating global routing grids ...
PHY-1001 : Generate routing nets ...
PHY-1001 : Reuse net number 60/613.
PHY-1001 : Global iterations in 16 thread ...
PHY-1002 : len = 29112, over cnt = 58(0%), over = 92, worst = 9
PHY-1002 : len = 29744, over cnt = 27(0%), over = 34, worst = 3
PHY-1002 : len = 30048, over cnt = 6(0%), over = 7, worst = 2
PHY-1002 : len = 30056, over cnt = 3(0%), over = 3, worst = 1
PHY-1002 : len = 30104, over cnt = 0(0%), over = 0, worst = 0
PHY-1001 : End global iterations;  0.101672s wall, 0.000000s user + 0.000000s system = 0.000000s CPU (n/a%)

PHY-1001 : Congestion index: top1 = 21.16, top5 = 12.46, top10 = 7.67, top15 = 5.38.
PHY-1001 : End incremental global routing;  0.157751s wall, 0.031250s user + 0.000000s system = 0.031250s CPU (19.8%)

TMR-2503 : Start to update net delay, extr mode = 5.
TMR-2504 : Update delay of 611 nets completely.
TMR-2502 : Annotate delay completely, extr mode = 5.
TMR-3001 : Initiate 0 clocks from SDC.
TMR-3004 : Map sdc constraints, there are 0 constraints in total.
TMR-3003 : Constraints initiated successfully.
TMR-3501 : Forward propagation: start to calculate arrival time...
TMR-3502 : Backward propagation: start to calculate required time...
TMR-3503 : Timing propagation completes.
OPT-1001 : End timing update;  0.014919s wall, 0.000000s user + 0.000000s system = 0.000000s CPU (n/a%)

OPT-1001 : 0 high-fanout net processed.
OPT-1001 : End high-fanout net optimization;  0.182503s wall, 0.031250s user + 0.000000s system = 0.031250s CPU (17.1%)

OPT-1001 : Current memory(MB): used = 180, reserve = 152, peak = 180.
OPT-1001 : Start path based optimization ...
OPT-1001 : Start congestion update ...
RUN-1001 : Generating global routing grids ...
PHY-1001 : Generate routing nets ...
PHY-1001 : Reuse net number 504/613.
PHY-1001 : Global iterations in 16 thread ...
PHY-1002 : len = 30104, over cnt = 0(0%), over = 0, worst = 0
PHY-1001 : End global iterations;  0.005300s wall, 0.031250s user + 0.000000s system = 0.031250s CPU (589.6%)

PHY-1001 : Congestion index: top1 = 21.16, top5 = 12.46, top10 = 7.67, top15 = 5.38.
OPT-1001 : End congestion update;  0.056570s wall, 0.062500s user + 0.000000s system = 0.062500s CPU (110.5%)

OPT-1001 : Update timing in Manhattan mode
TMR-2503 : Start to update net delay, extr mode = 3.
TMR-2504 : Update delay of 611 nets completely.
TMR-2502 : Annotate delay completely, extr mode = 3.
TMR-3501 : Forward propagation: start to calculate arrival time...
TMR-3502 : Backward propagation: start to calculate required time...
TMR-3503 : Timing propagation completes.
OPT-1001 : End timing update;  0.010204s wall, 0.015625s user + 0.000000s system = 0.015625s CPU (153.1%)

OPT-0007 : Start: WNS 2147483647 TNS 0 NUM_FEPS 0
OPT-1001 : End path based optimization;  0.066895s wall, 0.078125s user + 0.000000s system = 0.078125s CPU (116.8%)

OPT-1001 : Current memory(MB): used = 182, reserve = 153, peak = 182.
OPT-1001 : Update timing in Manhattan mode
TMR-2503 : Start to update net delay, extr mode = 3.
TMR-2504 : Update delay of 611 nets completely.
TMR-2502 : Annotate delay completely, extr mode = 3.
TMR-3501 : Forward propagation: start to calculate arrival time...
TMR-3502 : Backward propagation: start to calculate required time...
TMR-3503 : Timing propagation completes.
OPT-1001 : End timing update;  0.010164s wall, 0.015625s user + 0.000000s system = 0.015625s CPU (153.7%)

OPT-1001 : Start pin optimization...
OPT-1001 : skip pin optimization...
OPT-1001 : Update timing in global mode
PHY-1001 : Start incremental global routing, caller is place ...
RUN-1001 : Generating global routing grids ...
PHY-1001 : Generate routing nets ...
PHY-1001 : Reuse net number 504/613.
PHY-1001 : Global iterations in 16 thread ...
PHY-1002 : len = 30104, over cnt = 0(0%), over = 0, worst = 0
PHY-1001 : End global iterations;  0.004965s wall, 0.015625s user + 0.000000s system = 0.015625s CPU (314.7%)

PHY-1001 : Congestion index: top1 = 21.16, top5 = 12.46, top10 = 7.67, top15 = 5.38.
PHY-1001 : End incremental global routing;  0.059241s wall, 0.046875s user + 0.000000s system = 0.046875s CPU (79.1%)

TMR-2503 : Start to update net delay, extr mode = 5.
TMR-2504 : Update delay of 611 nets completely.
TMR-2502 : Annotate delay completely, extr mode = 5.
TMR-3501 : Forward propagation: start to calculate arrival time...
TMR-3502 : Backward propagation: start to calculate required time...
TMR-3503 : Timing propagation completes.
OPT-1001 : End timing update;  0.014133s wall, 0.031250s user + 0.000000s system = 0.031250s CPU (221.1%)

RUN-1001 : Generating global routing grids ...
PHY-1001 : Generate routing nets ...
PHY-1001 : Reuse net number 504/613.
PHY-1001 : Global iterations in 16 thread ...
PHY-1002 : len = 30104, over cnt = 0(0%), over = 0, worst = 0
PHY-1001 : End global iterations;  0.005502s wall, 0.000000s user + 0.000000s system = 0.000000s CPU (n/a%)

PHY-1001 : Congestion index: top1 = 21.16, top5 = 12.46, top10 = 7.67, top15 = 5.38.
OPT-1001 : Update timing in Manhattan mode
TMR-2503 : Start to update net delay, extr mode = 3.
TMR-2504 : Update delay of 611 nets completely.
TMR-2502 : Annotate delay completely, extr mode = 3.
TMR-3501 : Forward propagation: start to calculate arrival time...
TMR-3502 : Backward propagation: start to calculate required time...
TMR-3503 : Timing propagation completes.
OPT-1001 : End timing update;  0.011592s wall, 0.015625s user + 0.000000s system = 0.015625s CPU (134.8%)

RUN-1001 : QoR Analysis:
OPT-0007 :   WNS 2147483647 TNS 0 NUM_FEPS 0
RUN-1001 :   No local congestion issue, and most congested 1% tile average routing util is 20.689655
RUN-1001 :   Top critical paths
OPT-1001 : End physical optimization;  0.563342s wall, 0.406250s user + 0.000000s system = 0.406250s CPU (72.1%)

RUN-1003 : finish command "place" in  5.059474s wall, 1.531250s user + 0.484375s system = 2.015625s CPU (39.8%)

RUN-1004 : used memory is 166 MB, reserved memory is 137 MB, peak memory is 182 MB
RUN-1002 : start command "export_db adc_place.db"
RUN-1001 : Exported /
RUN-1001 : Exported flow parameters
RUN-1001 : Exported libs
RUN-1001 : Exported entities
RUN-1001 : Exported ports
RUN-1001 : Exported pins
RUN-1001 : Exported instances
RUN-1001 : Exported nets
RUN-1001 : Exported buses
RUN-1001 : Exported models
RUN-1001 : Exported congestions
RUN-1001 : Exported violations
RUN-1001 : Exported timing constraints
RUN-1001 : Exported IO constraints
RUN-1001 : Exported Inst constraints
RUN-1002 : start command "route"
RUN-1001 : Open license file C:/Anlogic/TD5.6.1/license/Anlogic.lic
RUN-1001 : Print Global Property
RUN-1001 : ---------------------------------------------------------------
RUN-1001 :        Parameters        |  Settings  |  Default Values  |  Note  
RUN-1001 : ---------------------------------------------------------------
RUN-1001 :          message         |  standard  |     standard     |        
RUN-1001 :   mixed_pack_place_flow  |     on     |        on        |        
RUN-1001 :        syn_ip_flow       |    off     |       off        |        
RUN-1001 :          thread          |    auto    |       auto       |        
RUN-1001 : ---------------------------------------------------------------
RUN-1001 : Print Route Property
RUN-1001 : -------------------------------------------------------
RUN-1001 :    Parameters    |  Settings  |  Default Values  |  Note  
RUN-1001 : -------------------------------------------------------
RUN-1001 :      effort      |   medium   |      medium      |        
RUN-1001 :     fix_hold     |    off     |       off        |        
RUN-1001 :    opt_timing    |   medium   |      medium      |        
RUN-1001 :   phy_sim_model  |    off     |       off        |        
RUN-1001 :     priority     |   timing   |      timing      |        
RUN-1001 :     swap_pin     |     on     |        on        |        
RUN-1001 : -------------------------------------------------------
PHY-1001 : Route runs in 16 thread(s)
RUN-1001 : There are total 261 instances
RUN-1001 : 117 mslices, 118 lslices, 18 pads, 4 brams, 0 dsps
RUN-1001 : There are total 613 nets
RUN-1001 : 333 nets have 2 pins
RUN-1001 : 204 nets have [3 - 5] pins
RUN-1001 : 57 nets have [6 - 10] pins
RUN-1001 : 12 nets have [11 - 20] pins
RUN-1001 : 4 nets have [21 - 99] pins
RUN-1001 : 3 nets have 100+ pins
RUN-1002 : start command "start_timer -report"
TMR-2505 : Start building timing graph for model top.
TMR-2506 : Build timing graph completely. Port num: 11, tpin num: 2363, tnet num: 611, tinst num: 259, tnode num: 2965, tedge num: 4095.
TMR-2508 : Levelizing timing graph completed, there are 29 levels in total.
TMR-2501 : Timing graph initialized successfully.
PHY-1001 : 117 mslices, 118 lslices, 18 pads, 4 brams, 0 dsps
TMR-2503 : Start to update net delay, extr mode = 3.
TMR-2504 : Update delay of 611 nets completely.
TMR-2502 : Annotate delay completely, extr mode = 3.
TMR-3001 : Initiate 0 clocks from SDC.
TMR-3004 : Map sdc constraints, there are 0 constraints in total.
TMR-3003 : Constraints initiated successfully.
TMR-3501 : Forward propagation: start to calculate arrival time...
TMR-3502 : Backward propagation: start to calculate required time...
TMR-3503 : Timing propagation completes.
PHY-1001 : Start global routing, caller is route ...
RUN-1001 : Generating global routing grids ...
PHY-1001 : Generate routing nets ...
PHY-1001 : Global iterations in 16 thread ...
PHY-1002 : len = 28864, over cnt = 61(0%), over = 98, worst = 9
PHY-1002 : len = 29376, over cnt = 35(0%), over = 48, worst = 3
PHY-1002 : len = 29744, over cnt = 17(0%), over = 23, worst = 3
PHY-1002 : len = 29920, over cnt = 0(0%), over = 0, worst = 0
PHY-1001 : End global iterations;  0.103784s wall, 0.015625s user + 0.000000s system = 0.015625s CPU (15.1%)

PHY-1001 : Congestion index: top1 = 21.21, top5 = 12.52, top10 = 7.72, top15 = 5.36.
PHY-1001 : End global routing;  0.159160s wall, 0.078125s user + 0.000000s system = 0.078125s CPU (49.1%)

PHY-1001 : Start detail routing ...
PHY-1001 : Current memory(MB): used = 202, reserve = 174, peak = 217.
PHY-1001 : Detailed router is running in normal mode.
PHY-1001 : Generate detailed routing grids ...
PHY-1001 : Generate nets ...
PHY-1001 : net clk_dup_3 will be routed on clock mesh
PHY-1001 : clock net adc/clk_adc_syn_6 will be merged with clock adc/clk_adc
PHY-1001 : Current memory(MB): used = 471, reserve = 447, peak = 471.
PHY-1001 : End build detailed router design. 4.112860s wall, 3.562500s user + 0.140625s system = 3.703125s CPU (90.0%)

PHY-1001 : Detail Route ...
PHY-1001 : ===== Detail Route Phase 1 =====
PHY-1001 : Clock net routing.....
PHY-1001 : Routed 0% nets.
PHY-1022 : len = 10960, over cnt = 0(0%), over = 0, worst = 0, crit = 0
PHY-1001 : End initial clock net routed; 0.621787s wall, 0.578125s user + 0.015625s system = 0.593750s CPU (95.5%)

PHY-1001 : Current memory(MB): used = 500, reserve = 477, peak = 500.
PHY-1001 : End phase 1; 0.633919s wall, 0.593750s user + 0.015625s system = 0.609375s CPU (96.1%)

PHY-1001 : ===== Detail Route Phase 2 =====
PHY-1001 : Initial routing.....
PHY-1001 : Routed 19% nets.
PHY-1001 : Routed 41% nets.
PHY-1001 : Routed 41% nets.
PHY-1001 : Routed 42% nets.
PHY-1001 : Patch 271 net; 1.633154s wall, 1.546875s user + 0.000000s system = 1.546875s CPU (94.7%)

PHY-1022 : len = 51960, over cnt = 34(0%), over = 34, worst = 1, crit = 0
PHY-1001 : Current memory(MB): used = 500, reserve = 477, peak = 500.
PHY-1001 : End initial routed; 1.903417s wall, 1.734375s user + 0.015625s system = 1.750000s CPU (91.9%)

PHY-1001 : Update timing.....
PHY-1001 : 0/530(0%) critical/total net(s).
RUN-1001 : ------------------------------------------
RUN-1001 :   Type   |    WNS(ns)    |  TNS(ns)  |  FEP  
RUN-1001 : ------------------------------------------
RUN-1001 :   Setup  |  2147483.647  |   0.000   |   0   
RUN-1001 :   Hold   |  2147483.647  |   0.000   |   0   
RUN-1001 : ------------------------------------------
PHY-1001 : End update timing; 0.175162s wall, 0.156250s user + 0.000000s system = 0.156250s CPU (89.2%)

PHY-1001 : Current memory(MB): used = 500, reserve = 477, peak = 500.
PHY-1001 : End phase 2; 2.078671s wall, 1.890625s user + 0.015625s system = 1.906250s CPU (91.7%)

PHY-1001 : ===== Detail Route Phase 3 =====
PHY-1001 : Optimize timing.....
PHY-1022 : len = 51960, over cnt = 34(0%), over = 34, worst = 1, crit = 0
PHY-1001 : End optimize timing; 0.007037s wall, 0.000000s user + 0.000000s system = 0.000000s CPU (n/a%)

PHY-1001 : Ripup-reroute.....
PHY-1001 : ===== DR Iter 1 =====
PHY-1022 : len = 52024, over cnt = 7(0%), over = 7, worst = 1, crit = 0
PHY-1001 : End DR Iter 1; 0.055353s wall, 0.015625s user + 0.000000s system = 0.015625s CPU (28.2%)

PHY-1001 : ===== DR Iter 2 =====
PHY-1022 : len = 52120, over cnt = 1(0%), over = 1, worst = 1, crit = 0
PHY-1001 : End DR Iter 2; 0.035551s wall, 0.000000s user + 0.000000s system = 0.000000s CPU (n/a%)

PHY-1001 : ===== DR Iter 3 =====
PHY-1022 : len = 52152, over cnt = 0(0%), over = 0, worst = 0, crit = 0
PHY-1001 : End DR Iter 3; 0.022698s wall, 0.000000s user + 0.015625s system = 0.015625s CPU (68.8%)

PHY-1001 : Update timing.....
PHY-1001 : 0/530(0%) critical/total net(s).
RUN-1001 : ------------------------------------------
RUN-1001 :   Type   |    WNS(ns)    |  TNS(ns)  |  FEP  
RUN-1001 : ------------------------------------------
RUN-1001 :   Setup  |  2147483.647  |   0.000   |   0   
RUN-1001 :   Hold   |  2147483.647  |   0.000   |   0   
RUN-1001 : ------------------------------------------
PHY-1001 : End update timing; 0.176590s wall, 0.093750s user + 0.000000s system = 0.093750s CPU (53.1%)

PHY-1001 : Commit to database.....
PHY-1001 : 7 feed throughs used by 4 nets
PHY-1001 : End commit to database; 0.068935s wall, 0.046875s user + 0.000000s system = 0.046875s CPU (68.0%)

PHY-1001 : Current memory(MB): used = 510, reserve = 488, peak = 510.
PHY-1001 : End phase 3; 0.498042s wall, 0.281250s user + 0.015625s system = 0.296875s CPU (59.6%)

PHY-1003 : Routed, final wirelength = 52152
PHY-1001 : Current memory(MB): used = 511, reserve = 488, peak = 511.
PHY-1001 : End export database. 0.013917s wall, 0.015625s user + 0.000000s system = 0.015625s CPU (112.3%)

PHY-1001 : End detail routing;  7.586833s wall, 6.578125s user + 0.187500s system = 6.765625s CPU (89.2%)

RUN-1003 : finish command "route" in  7.974580s wall, 6.875000s user + 0.187500s system = 7.062500s CPU (88.6%)

RUN-1004 : used memory is 462 MB, reserved memory is 440 MB, peak memory is 511 MB
RUN-1002 : start command "report_area -io_info -file adc_phy.area"
RUN-1001 : standard
***Report Model: top Device: EG4S20NG88***

IO Statistics
#IO                        18
  #input                   13
  #output                   5
  #inout                    0

Utilization Statistics
#lut                      417   out of  19600    2.13%
#reg                      237   out of  19600    1.21%
#le                       454
  #lut only               217   out of    454   47.80%
  #reg only                37   out of    454    8.15%
  #lut&reg                200   out of    454   44.05%
#dsp                        0   out of     29    0.00%
#bram                       0   out of     64    0.00%
  #bram9k                   0
  #fifo9k                   0
#bram32k                    4   out of     16   25.00%
#pad                       18   out of     66   27.27%
  #ireg                     0
  #oreg                     0
  #treg                     0
#pll                        0   out of      4    0.00%
#gclk                       2   out of     16   12.50%

Clock Resource Statistics
Index     ClockNet       Type               DriverType         Driver                   Fanout
#1        clk_dup_3      GCLK               io                 clk_syn_4.di             147
#2        adc/clk_adc    GCLK               mslice             type/b_b[7]_syn_14.q0    4


Detailed IO Report

     Name       Direction    Location    IOStandard    DriveStrength    PullType    PackReg  
     clk          INPUT        P34        LVCMOS25          N/A          PULLUP      NONE    
  data_in[7]      INPUT         P2        LVCMOS25          N/A          PULLUP      NONE    
  data_in[6]      INPUT         P3        LVCMOS25          N/A          PULLUP      NONE    
  data_in[5]      INPUT         P4        LVCMOS25          N/A          PULLUP      NONE    
  data_in[4]      INPUT         P5        LVCMOS25          N/A          PULLUP      NONE    
  data_in[3]      INPUT        P10        LVCMOS25          N/A          PULLUP      NONE    
  data_in[2]      INPUT        P11        LVCMOS25          N/A          PULLUP      NONE    
  data_in[1]      INPUT        P12        LVCMOS25          N/A          PULLUP      NONE    
  data_in[0]      INPUT        P13        LVCMOS25          N/A          PULLUP      NONE    
     eoc          INPUT        P60        LVCMOS25          N/A          PULLUP      NONE    
    key_in        INPUT        P50        LVCMOS25          N/A          PULLUP      NONE    
   reset_n        INPUT        P55        LVCMOS25          N/A          PULLUP      NONE    
   uart_rxd       INPUT        P54        LVCMOS25          N/A          PULLUP      NONE    
   adc_clk       OUTPUT        P57        LVCMOS25           8            NONE       NONE    
     ale         OUTPUT        P23        LVCMOS25           8            N/A        NONE    
      oe         OUTPUT        P86        LVCMOS25           8            NONE       NONE    
    start        OUTPUT        P59        LVCMOS25           8            NONE       NONE    
   uart_txd      OUTPUT        P52        LVCMOS25           8            NONE       NONE    

Report Hierarchy Area:
+------------------------------------------------------------------------------------+
|Instance       |Module         |le     |lut     |ripple  |seq     |bram    |dsp     |
+------------------------------------------------------------------------------------+
|top            |top            |454    |344     |73      |237     |4       |0       |
|  adc          |adc_ctrl       |18     |10      |0       |18      |0       |0       |
|  anjian_list  |anjian         |40     |34      |6       |22      |0       |0       |
|  fifo_list    |fifo_ctrl      |139    |79      |45      |58      |4       |0       |
|    fifo_list  |fifo           |106    |55      |36      |46      |4       |0       |
|      ram_inst |ram_infer_fifo |0      |0       |0       |0       |4       |0       |
|  rx           |uart_rx        |60     |54      |6       |32      |0       |0       |
|  tx           |uart_tx        |78     |56      |8       |37      |0       |0       |
|  type         |type_choice    |119    |111     |8       |70      |0       |0       |
+------------------------------------------------------------------------------------+


DataNet Average Fanout:

   Index     Fanout     Nets  
    #1          1       315   
    #2          2       120   
    #3          3        53   
    #4          4        30   
    #5        5-10       59   
    #6        11-50      13   
    #7       101-500     1    
  Average     2.68            

RUN-1002 : start command "export_db adc_pr.db"
RUN-1001 : Exported /
RUN-1001 : Exported flow parameters
RUN-1001 : Exported libs
RUN-1001 : Exported entities
RUN-1001 : Exported ports
RUN-1001 : Exported pins
RUN-1001 : Exported instances
RUN-1001 : Exported nets
RUN-1001 : Exported buses
RUN-1001 : Exported models
RUN-1001 : Exported congestions
RUN-1001 : Exported violations
RUN-1001 : Exported timing constraints
RUN-1001 : Exported IO constraints
RUN-1001 : Exported Inst constraints
RUN-1002 : start command "export_bid adc_inst.bid"
RUN-1002 : start command "bitgen -bit adc.bit"
BIT-1003 : Start to generate bitstream. 
BIT-1002 : Init instances with 16 threads.
BIT-1002 : Init instances completely, inst num: 259
BIT-1002 : Init pips with 16 threads.
BIT-1002 : Init pips completely, net num: 613, pip num: 4860
BIT-1002 : Init feedthrough completely, num: 7
BIT-1003 : Multithreading accelaration with 16 threads.
BIT-1003 : Generate bitstream completely, there are 564 valid insts, and 14143 bits set as '1'.
BIT-1004 : the usercode register value: 00000000011000000000000000000000
BIT-1004 : PLL setting string = 0000
BIT-1004 : Generate bits file adc.bit.
RUN-1003 : finish command "bitgen -bit adc.bit" in  1.750071s wall, 4.609375s user + 0.140625s system = 4.750000s CPU (271.4%)

RUN-1004 : used memory is 472 MB, reserved memory is 449 MB, peak memory is 655 MB
RUN-1002 : start command "backup_run_log run.log ../.logs/phy_1/td_20230308_100502.log"
