============================================================
   Tang Dynasty, V5.6.69102
      Copyright (c) 2012-2023 Anlogic Inc.
   Executable = C:/Anlogic/TD5.6.6910.2/bin/td.exe
   Built at =   20:14:16 Feb 16 2023
   Run by =     shaka
   Run Date =   Fri Mar 10 15:49:17 2023

   Run on =     BR007
============================================================
RUN-1002 : start command "open_project adc.prj"
RUN-1001 : Print Global Property
RUN-1001 : ---------------------------------------------------------------
RUN-1001 :        Parameters        |  Settings  |  Default Values  |  Note  
RUN-1001 : ---------------------------------------------------------------
RUN-1001 :          message         |  standard  |     standard     |        
RUN-1001 :   mixed_pack_place_flow  |     on     |        on        |        
RUN-1001 :        qor_monitor       |    off     |       off        |        
RUN-1001 :        syn_ip_flow       |    off     |       off        |        
RUN-1001 :          thread          |    auto    |       auto       |        
RUN-1001 : ---------------------------------------------------------------
RUN-1001 : Print Design Property
RUN-1001 : --------------------------------------------------------------
RUN-1001 :        Parameters       |  Settings  |  Default Values  |  Note  
RUN-1001 : --------------------------------------------------------------
RUN-1001 :   default_reg_initial   |    auto    |       auto       |        
RUN-1001 :        infer_add        |     on     |        on        |        
RUN-1001 :        infer_fsm        |    off     |       off        |        
RUN-1001 :        infer_mult       |     on     |        on        |        
RUN-1001 :        infer_ram        |     on     |        on        |        
RUN-1001 :        infer_reg        |     on     |        on        |        
RUN-1001 :   infer_reg_init_value  |     on     |        on        |        
RUN-1001 :        infer_rom        |     on     |        on        |        
RUN-1001 :      infer_shifter      |     on     |        on        |        
RUN-1001 : --------------------------------------------------------------
RUN-1001 : Print Rtl Property
RUN-1001 : --------------------------------------------------------------
RUN-1001 :        Parameters       |  Settings  |  Default Values  |  Note  
RUN-1001 : --------------------------------------------------------------
RUN-1001 :       compress_add      |   ripple   |      ripple      |        
RUN-1001 :        elf_sload        |    off     |       off        |        
RUN-1001 :       fix_undriven      |     0      |        0         |        
RUN-1001 :         flatten         |    off     |       off        |        
RUN-1001 :       gate_sharing      |     on     |        on        |        
RUN-1001 :    hdl_warning_level    |   normal   |      normal      |        
RUN-1001 :   impl_internal_tribuf  |     on     |        on        |        
RUN-1001 :      impl_set_reset     |     on     |        on        |        
RUN-1001 :        infer_gsr        |    off     |       off        |        
RUN-1001 :      keep_hierarchy     |    auto    |       auto       |        
RUN-1001 :        max_fanout       |    9999    |       9999       |        
RUN-1001 :      max_oh2bin_len     |     10     |        10        |        
RUN-1001 :       merge_equal       |     on     |        on        |        
RUN-1001 :       merge_equiv       |     on     |        on        |        
RUN-1001 :        merge_mux        |    off     |       off        |        
RUN-1001 :     min_control_set     |     8      |        8         |        
RUN-1001 :      min_ripple_len     |    auto    |       auto       |        
RUN-1001 :       oh2bin_ratio      |    0.08    |       0.08       |        
RUN-1001 :     opt_adder_fanout    |     on     |        on        |        
RUN-1001 :        opt_arith        |     on     |        on        |        
RUN-1001 :       opt_big_gate      |    off     |       off        |        
RUN-1001 :        opt_const        |     on     |        on        |        
RUN-1001 :      opt_const_mult     |     on     |        on        |        
RUN-1001 :       opt_lessthan      |     on     |        on        |        
RUN-1001 :         opt_mux         |    off     |       off        |        
RUN-1001 :         opt_ram         |    high    |       high       |        
RUN-1001 :      rtl_sim_model      |    off     |       off        |        
RUN-1001 :         seq_syn         |     on     |        on        |        
RUN-1001 : --------------------------------------------------------------
HDL-1007 : analyze verilog file ../../../Core/fifo.v
HDL-1007 : analyze verilog file ../../al_ip/pll.v
HDL-1007 : undeclared symbol 'open', assumed default net type 'wire' in ../../al_ip/pll.v(78)
HDL-1007 : analyze verilog file ../../../Src/top.v
HDL-1007 : undeclared symbol 'clk', assumed default net type 'wire' in ../../../Src/top.v(58)
HDL-1007 : undeclared symbol 'valid', assumed default net type 'wire' in ../../../Src/top.v(70)
HDL-1007 : undeclared symbol 'data_vld', assumed default net type 'wire' in ../../../Src/top.v(81)
HDL-1007 : undeclared symbol 'adc_en', assumed default net type 'wire' in ../../../Src/top.v(91)
HDL-1007 : undeclared symbol 'data_en', assumed default net type 'wire' in ../../../Src/top.v(98)
HDL-1007 : undeclared symbol 'fifo_working', assumed default net type 'wire' in ../../../Src/top.v(115)
HDL-1007 : undeclared symbol 'key', assumed default net type 'wire' in ../../../Src/top.v(125)
HDL-1007 : undeclared symbol 'condition', assumed default net type 'wire' in ../../../Src/top.v(129)
HDL-1007 : analyze verilog file ../../../Src/uart_rx.v
HDL-1007 : analyze verilog file ../../../Src/uart_tx.v
HDL-1007 : analyze verilog file ../../../Src/adc_ctrl.v
HDL-1007 : analyze verilog file ../../../Src/type_choice.v
HDL-1007 : analyze verilog file ../../../Src/fifo_ctrl.v
HDL-1007 : undeclared symbol 'empty_flag', assumed default net type 'wire' in ../../../Src/fifo_ctrl.v(180)
HDL-1007 : analyze verilog file ../../../Src/anjian.v
RUN-1001 : Project manager successfully analyzed 9 source files.
RUN-1002 : start command "import_device eagle_s20.db -package EG4S20NG88"
ARC-1001 : Device Initialization.
ARC-1001 : ---------------------------------------------------------------
ARC-1001 :            OPTION            |        IO         |   SETTING   
ARC-1001 : ---------------------------------------------------------------
ARC-1001 :   cso_b/cclk/mosi/miso/dout  |  P69/P82/P81/P80  |    gpio    
ARC-1001 :             done             |        P8         |    gpio    
ARC-1001 :           program_b          |        P67        |  dedicate  
ARC-1001 :        tdi/tms/tck/tdo       |  P25/P22/P26/P21  |  dedicate  
ARC-1001 : ---------------------------------------------------------------
ARC-1004 : Device setting, marked 5 dedicate IOs in total.
RUN-1002 : start command "import_db ../syn_1/adc_gate.db"
RUN-1001 : Importing database generated by Tang Dynasty, V5.6.69102.
RUN-1001 : Database version number 46146.
RUN-1001 : Import flow parameters
RUN-1001 : Import IO constraints
RUN-1001 : Import Inst constraints
RUN-1001 : Import design success TD_VERSION=5.6.69102 , DB_VERSION=46146
RUN-1002 : start command "place"
RUN-1001 : Open license file C:/Anlogic/TD5.6.6910.2/license/Anlogic.lic
RUN-1001 : Print Global Property
RUN-1001 : ---------------------------------------------------------------
RUN-1001 :        Parameters        |  Settings  |  Default Values  |  Note  
RUN-1001 : ---------------------------------------------------------------
RUN-1001 :          message         |  standard  |     standard     |        
RUN-1001 :   mixed_pack_place_flow  |     on     |        on        |        
RUN-1001 :        qor_monitor       |    off     |       off        |        
RUN-1001 :        syn_ip_flow       |    off     |       off        |        
RUN-1001 :          thread          |    auto    |       auto       |        
RUN-1001 : ---------------------------------------------------------------
RUN-1001 : Print Place Property
RUN-1001 : --------------------------------------------------------------
RUN-1001 :        Parameters       |  Settings  |  Default Values  |  Note  
RUN-1001 : --------------------------------------------------------------
RUN-1001 :      detailed_place     |     on     |        on        |        
RUN-1001 :          effort         |   medium   |      medium      |        
RUN-1001 :         fix_hold        |    off     |       off        |        
RUN-1001 :       legalization      |    ori     |       ori        |        
RUN-1001 :      new_spreading      |     on     |        on        |        
RUN-1001 :        opt_timing       |   medium   |      medium      |        
RUN-1001 :   post_clock_route_opt  |    off     |       off        |        
RUN-1001 :       pr_strategy       |     1      |        1         |        
RUN-1001 :        relaxation       |    1.00    |       1.00       |        
RUN-1001 :         retiming        |    off     |       off        |        
RUN-1001 : --------------------------------------------------------------
PHY-3001 : Placer runs in 16 thread(s).
RUN-1002 : start command "legalize_phy_inst"
SYN-1011 : Flatten model top
SYN-4036 : The kept net data_in[7]_dup_3 is useless
SYN-4036 : The kept net data_in[6]_dup_3 is useless
SYN-4036 : The kept net data_in[5]_dup_3 is useless
SYN-4036 : The kept net data_in[4]_dup_3 is useless
SYN-4036 : The kept net data_in[3]_dup_3 is useless
SYN-4036 : The kept net data_in[2]_dup_3 is useless
SYN-4036 : The kept net data_in[1]_dup_3 is useless
SYN-4036 : The kept net data_in[0]_dup_3 is useless
SYN-5055 WARNING: The kept net type/reset_n will be merged to another kept net type_reset_n
SYN-5055 WARNING: The kept net fifo_list/fifo_list/re will be merged to another kept net fifo_list/re
SYN-5055 WARNING: The kept net fifo_list/fifo_list/we will be merged to another kept net fifo_list/we
SYN-5055 WARNING: The kept net fifo_list/fifo_list/wr_addr_diff[13] will be merged to another kept net fifo_list/wrusedw[13]
SYN-5055 WARNING: The kept net fifo_list/fifo_list/wr_addr_diff[12] will be merged to another kept net fifo_list/wrusedw[12]
SYN-5055 WARNING: The kept net fifo_list/fifo_list/wr_addr_diff[11] will be merged to another kept net fifo_list/wrusedw[11]
SYN-5055 WARNING: The kept net fifo_list/fifo_list/wr_addr_diff[10] will be merged to another kept net fifo_list/wrusedw[10]
SYN-5055 WARNING: The kept net fifo_list/fifo_list/wr_addr_diff[9] will be merged to another kept net fifo_list/wrusedw[9]
SYN-5055 WARNING: The kept net fifo_list/fifo_list/wr_addr_diff[8] will be merged to another kept net fifo_list/wrusedw[8]
SYN-5055 WARNING: The kept net fifo_list/fifo_list/wr_addr_diff[7] will be merged to another kept net fifo_list/wrusedw[7]
SYN-5055 Similar messages will be suppressed.
RUN-1002 : start command "phys_opt -simplify_lut"
SYN-4016 : Net pll_list/clk0_out driven by BUFG (0 clock/control pins, 1 other pins).
SYN-4027 : Net fifo_list/fifo_list/ram_inst/clkb is clkc2 of pll pll_list/pll_inst.
SYN-4019 : Net clk_in_dup_3 is refclk of pll pll_list/pll_inst.
SYN-4020 : Net clk_in_dup_3 is fbclk of pll pll_list/pll_inst.
SYN-4024 : Net "adc/clk_adc" drives clk pins.
SYN-4025 : Tag rtl::Net adc/clk_adc as clock net
SYN-4025 : Tag rtl::Net clk_in_dup_3 as clock net
SYN-4025 : Tag rtl::Net fifo_list/fifo_list/ram_inst/clkb as clock net
SYN-4025 : Tag rtl::Net pll_list/clk0_out as clock net
SYN-4026 : Tagged 4 rtl::Net as clock net
SYN-4015 : Create BUFG instance for clk Net adc/clk_adc to drive 9 clock pins.
PHY-1001 : Populate physical database on model top.
RUN-1001 : There are total 605 instances
RUN-0007 : 281 luts, 218 seqs, 52 mslices, 26 lslices, 18 pads, 4 brams, 0 dsps
RUN-1001 : There are total 804 nets
RUN-6004 WARNING: There are 8 nets with only 1 pin.
RUN-1001 : 507 nets have 2 pins
RUN-1001 : 216 nets have [3 - 5] pins
RUN-1001 : 50 nets have [6 - 10] pins
RUN-1001 : 10 nets have [11 - 20] pins
RUN-1001 : 10 nets have [21 - 99] pins
RUN-1001 : 3 nets have 100+ pins
RUN-1001 : Report Control nets information:
RUN-1001 : DFF Distribution
RUN-1001 : ----------------------------------
RUN-1001 :   CE   |  SSR  |  ASR  |  DFF Count  
RUN-1001 : ----------------------------------
RUN-1001 :   No   |  No   |  No   |      6      
RUN-1001 :   No   |  No   |  Yes  |     159     
RUN-1001 :   No   |  Yes  |  No   |      0      
RUN-1001 :   Yes  |  No   |  No   |      0      
RUN-1001 :   Yes  |  No   |  Yes  |     53      
RUN-1001 :   Yes  |  Yes  |  No   |      0      
RUN-1001 : ----------------------------------
RUN-0007 : Control Group Statistic
RUN-0007 : ---------------------------
RUN-0007 :   #CLK  |  #CE  |  #SSR/ASR  
RUN-0007 : ---------------------------
RUN-0007 :    3    |   4   |     4      
RUN-0007 : ---------------------------
RUN-0007 : Control Set = 9
PHY-3001 : Initial placement ...
PHY-3001 : design contains 603 instances, 281 luts, 218 seqs, 78 slices, 11 macros(78 instances: 52 mslices 26 lslices)
PHY-0007 : Cell area utilization is 2%
PHY-3001 : Global placement ...
PHY-3001 : Initial: Len = 192510
PHY-3001 : Clustering ...
PHY-3001 : Level 0 #clusters 603.
PHY-3001 : End clustering;  0.000017s wall, 0.000000s user + 0.000000s system = 0.000000s CPU (n/a%)

PHY-3001 : Run with size of 4
PHY-3001 : Cell area utilization is 2%
PHY-3001 : :::0::: Try harder cell spreading with beta_ = 0
PHY-3002 : Step(1): len = 115611, overlap = 18
PHY-3002 : Step(2): len = 84712, overlap = 18
PHY-3002 : Step(3): len = 65234.8, overlap = 18
PHY-3002 : Step(4): len = 49812.1, overlap = 18
PHY-3002 : Step(5): len = 42518.2, overlap = 18
PHY-3002 : Step(6): len = 40284.6, overlap = 18
PHY-3002 : Step(7): len = 33996.6, overlap = 18
PHY-3002 : Step(8): len = 32739.6, overlap = 18
PHY-3002 : Step(9): len = 30344.9, overlap = 18
PHY-3002 : Step(10): len = 28601.5, overlap = 18
PHY-3002 : Step(11): len = 29374.8, overlap = 18
PHY-3002 : Step(12): len = 26098.1, overlap = 18
PHY-3002 : Step(13): len = 24291.7, overlap = 18
PHY-3002 : Step(14): len = 23520.7, overlap = 18
PHY-3002 : Step(15): len = 21826.3, overlap = 18
PHY-3002 : Step(16): len = 21468.8, overlap = 18
PHY-3002 : Step(17): len = 20233.4, overlap = 18
PHY-3001 : :::1::: Try harder cell spreading with beta_ = 6.90688e-06
PHY-3002 : Step(18): len = 21748.8, overlap = 18
PHY-3002 : Step(19): len = 21907, overlap = 18
PHY-3002 : Step(20): len = 22687.1, overlap = 18
PHY-3002 : Step(21): len = 22862.4, overlap = 18
PHY-3002 : Step(22): len = 21807.8, overlap = 18
PHY-3002 : Step(23): len = 21619.8, overlap = 18
PHY-3002 : Step(24): len = 21853.9, overlap = 18
PHY-3002 : Step(25): len = 22121.1, overlap = 18
PHY-3002 : Step(26): len = 22279.6, overlap = 18
PHY-3002 : Step(27): len = 21342.3, overlap = 18
PHY-3002 : Step(28): len = 21204, overlap = 18
PHY-3002 : Step(29): len = 21588.6, overlap = 18
PHY-3002 : Step(30): len = 21247.9, overlap = 18
PHY-3002 : Step(31): len = 20608.9, overlap = 18
PHY-3002 : Step(32): len = 20469.2, overlap = 18
PHY-3002 : Step(33): len = 20402.3, overlap = 18
PHY-3002 : Step(34): len = 19761.1, overlap = 18
PHY-3002 : Step(35): len = 19772.3, overlap = 18
PHY-3002 : Step(36): len = 19926.2, overlap = 18
PHY-3002 : Step(37): len = 19782.7, overlap = 18
PHY-3002 : Step(38): len = 19448, overlap = 18
PHY-3002 : Step(39): len = 19279.6, overlap = 18
PHY-3002 : Step(40): len = 19319.6, overlap = 18
PHY-3002 : Step(41): len = 19298, overlap = 18
PHY-3002 : Step(42): len = 19129.5, overlap = 18
PHY-3002 : Step(43): len = 19133.9, overlap = 18
PHY-3002 : Step(44): len = 18848.2, overlap = 18
PHY-3002 : Step(45): len = 18875.1, overlap = 18
PHY-3002 : Step(46): len = 18821.5, overlap = 18
PHY-3002 : Step(47): len = 18600.4, overlap = 18
PHY-3002 : Step(48): len = 18800.8, overlap = 18
PHY-3002 : Step(49): len = 18931.8, overlap = 18
PHY-3002 : Step(50): len = 18177.9, overlap = 18
PHY-3002 : Step(51): len = 18330.9, overlap = 18
PHY-3002 : Step(52): len = 18455.1, overlap = 18
PHY-3001 : :::2::: Try harder cell spreading with beta_ = 1.38138e-05
PHY-3002 : Step(53): len = 19654.8, overlap = 18
PHY-3002 : Step(54): len = 19749.5, overlap = 18
PHY-3002 : Step(55): len = 19790.5, overlap = 18
PHY-3001 : :::3::: Try harder cell spreading with beta_ = 2.76275e-05
PHY-3002 : Step(56): len = 20530.8, overlap = 18
PHY-3002 : Step(57): len = 20644.9, overlap = 18
PHY-3002 : Step(58): len = 20668.3, overlap = 18
PHY-3001 : Legalization ...
PHY-3001 : End legalization;  0.009589s wall, 0.000000s user + 0.000000s system = 0.000000s CPU (n/a%)

PHY-3001 : Run with size of 4
PHY-3001 : Cell area utilization is 2%
PHY-3001 : :::0::: Try harder cell spreading with beta_ = 0
PHY-3002 : Step(59): len = 39386.8, overlap = 5.875
PHY-3002 : Step(60): len = 39485.2, overlap = 3.125
PHY-3002 : Step(61): len = 39370.3, overlap = 2.90625
PHY-3002 : Step(62): len = 39155.4, overlap = 3.3125
PHY-3002 : Step(63): len = 39155.4, overlap = 3.3125
PHY-3002 : Step(64): len = 38956.8, overlap = 5.875
PHY-3002 : Step(65): len = 38956.8, overlap = 5.875
PHY-3002 : Step(66): len = 38986.9, overlap = 6.15625
PHY-3002 : Step(67): len = 38986.9, overlap = 6.15625
PHY-3002 : Step(68): len = 38878.3, overlap = 6.15625
PHY-3002 : Step(69): len = 38878.3, overlap = 6.15625
PHY-3002 : Step(70): len = 38872.8, overlap = 6.03125
PHY-3002 : Step(71): len = 38872.8, overlap = 6.03125
PHY-3002 : Step(72): len = 38720.4, overlap = 5.9375
PHY-3002 : Step(73): len = 38720.4, overlap = 5.9375
PHY-3002 : Step(74): len = 38798.5, overlap = 5.46875
PHY-3002 : Step(75): len = 38904.8, overlap = 5.46875
PHY-3002 : Step(76): len = 39132.5, overlap = 5.28125
PHY-3002 : Step(77): len = 39308.1, overlap = 4.96875
PHY-3002 : Step(78): len = 38228.5, overlap = 3.4375
PHY-3002 : Step(79): len = 38293, overlap = 3.0625
PHY-3002 : Step(80): len = 38563.4, overlap = 3.25
PHY-3002 : Step(81): len = 38186.9, overlap = 3.6875
PHY-3002 : Step(82): len = 38111.9, overlap = 2.9375
PHY-3002 : Step(83): len = 37935.7, overlap = 4
PHY-3002 : Step(84): len = 37740.5, overlap = 4.0625
PHY-3002 : Step(85): len = 37851.3, overlap = 4.0625
PHY-3002 : Step(86): len = 37787, overlap = 3.0625
PHY-3002 : Step(87): len = 37958, overlap = 2.3125
PHY-3002 : Step(88): len = 37269.2, overlap = 2.0625
PHY-3002 : Step(89): len = 37372.8, overlap = 2.0625
PHY-3002 : Step(90): len = 37298.8, overlap = 2.5
PHY-3002 : Step(91): len = 37464.1, overlap = 2.5
PHY-3002 : Step(92): len = 37174.8, overlap = 2.6875
PHY-3002 : Step(93): len = 37174.8, overlap = 2.6875
PHY-3002 : Step(94): len = 36855.7, overlap = 3.0625
PHY-3002 : Step(95): len = 36855.7, overlap = 3.0625
PHY-3002 : Step(96): len = 36777.3, overlap = 3.25
PHY-3002 : Step(97): len = 36777.3, overlap = 3.25
PHY-3002 : Step(98): len = 36664, overlap = 3.1875
PHY-3002 : Step(99): len = 36772.3, overlap = 3.1875
PHY-3002 : Step(100): len = 36772.3, overlap = 3.1875
PHY-3001 : Run with size of 2
PHY-3001 : Cell area utilization is 2%
PHY-3001 : :::0::: Try harder cell spreading with beta_ = 0.000149122
PHY-3002 : Step(101): len = 37069.6, overlap = 13.3438
PHY-3002 : Step(102): len = 37069.6, overlap = 13.3438
PHY-3002 : Step(103): len = 36830, overlap = 14.2188
PHY-3001 : :::1::: Try harder cell spreading with beta_ = 0.000298243
PHY-3002 : Step(104): len = 37121.3, overlap = 13.9375
PHY-3002 : Step(105): len = 37121.3, overlap = 13.9375
PHY-3001 : :::2::: Try harder cell spreading with beta_ = 0.000596486
PHY-3002 : Step(106): len = 37291.1, overlap = 10.75
PHY-3002 : Step(107): len = 37297.8, overlap = 10.75
PHY-3002 : Step(108): len = 37209.7, overlap = 10.875
OPT-1001 : Start physical optimization ...
OPT-1001 : Total overflow 31.19 peak overflow 2.38
OPT-1001 : Start high-fanout net optimization ...
OPT-1001 : Update timing in global mode
PHY-1001 : Start incremental global routing, caller is place ...
RUN-1001 : Generating global routing grids ...
RUN-1001 : Building simple global routing graph ...
PHY-1001 : Generate routing nets ...
PHY-1001 : Reuse net number 0/804.
PHY-1001 : Global iterations in 16 thread ...
PHY-1002 : len = 51464, over cnt = 61(0%), over = 171, worst = 9
PHY-1001 : End global iterations;  0.061718s wall, 0.031250s user + 0.000000s system = 0.031250s CPU (50.6%)

PHY-1001 : Congestion index: top1 = 20.15, top5 = 12.06, top10 = 8.11, top15 = 5.96.
PHY-1001 : End incremental global routing;  0.122435s wall, 0.093750s user + 0.000000s system = 0.093750s CPU (76.6%)

RUN-1002 : start command "start_timer -report"
TMR-5001 WARNING: No sdc constraints found while initiating timer.
TMR-2505 : Start building timing graph for model top.
TMR-2506 : Build timing graph completely. Port num: 11, tpin num: 2956, tnet num: 802, tinst num: 603, tnode num: 3801, tedge num: 4841.
TMR-2508 : Levelizing timing graph completed, there are 27 levels in total.
TMR-2501 : Timing graph initialized successfully.
OPT-1001 : End timing update;  0.184392s wall, 0.187500s user + 0.000000s system = 0.187500s CPU (101.7%)

OPT-1001 : 0 high-fanout net processed.
OPT-1001 : End high-fanout net optimization;  0.318076s wall, 0.296875s user + 0.000000s system = 0.296875s CPU (93.3%)

OPT-1001 : Current memory(MB): used = 180, reserve = 151, peak = 180.
OPT-1001 : End physical optimization;  0.325741s wall, 0.296875s user + 0.000000s system = 0.296875s CPU (91.1%)

PHY-3001 : Start packing ...
SYN-4007 : Packing 0 MUX to BLE ...
SYN-4008 : Packed 0 MUX and 0 SEQ to BLE.
SYN-4007 : Packing 281 LUT to BLE ...
SYN-4008 : Packed 281 LUT and 159 SEQ to BLE.
SYN-4003 : Packing 59 remaining SEQ's ...
SYN-4005 : Packed 39 SEQ with LUT/SLICE
SYN-4006 : 93 single LUT's are left
SYN-4006 : 20 single SEQ's are left
SYN-4011 : Packing model "top" (AL_USER_NORMAL) with 301/541 primitive instances ...
PHY-3001 : End packing;  0.021601s wall, 0.015625s user + 0.000000s system = 0.015625s CPU (72.3%)

PHY-1001 : Populate physical database on model top.
RUN-1001 : There are total 279 instances
RUN-1001 : 126 mslices, 125 lslices, 18 pads, 4 brams, 0 dsps
RUN-1001 : There are total 649 nets
RUN-6004 WARNING: There are 8 nets with only 1 pin.
RUN-1001 : 342 nets have 2 pins
RUN-1001 : 221 nets have [3 - 5] pins
RUN-1001 : 54 nets have [6 - 10] pins
RUN-1001 : 13 nets have [11 - 20] pins
RUN-1001 : 8 nets have [21 - 99] pins
RUN-1001 : 3 nets have 100+ pins
PHY-3001 : design contains 277 instances, 251 slices, 11 macros(78 instances: 52 mslices 26 lslices)
PHY-3001 : Cell area utilization is 3%
PHY-3001 : After packing: Len = 37483.6, Over = 16.25
PHY-3001 : Run with size of 2
PHY-3001 : Cell area utilization is 3%
PHY-3001 : :::0::: Try harder cell spreading with beta_ = 2.96309e-05
PHY-3002 : Step(109): len = 37333.9, overlap = 15.75
PHY-3002 : Step(110): len = 37356.1, overlap = 16
PHY-3002 : Step(111): len = 37255, overlap = 16
PHY-3001 : :::1::: Try harder cell spreading with beta_ = 5.92618e-05
PHY-3002 : Step(112): len = 37336.5, overlap = 15.75
PHY-3002 : Step(113): len = 37336.5, overlap = 15.75
PHY-3001 : :::2::: Try harder cell spreading with beta_ = 0.000118524
PHY-3002 : Step(114): len = 37553.6, overlap = 15
PHY-3002 : Step(115): len = 37607.3, overlap = 15
PHY-3001 : Legalization ...
PHY-3001 : End legalization;  0.116982s wall, 0.015625s user + 0.062500s system = 0.078125s CPU (66.8%)

PHY-3001 : Trial Legalized: Len = 42817
PHY-3001 : Run with size of 2
PHY-3001 : Cell area utilization is 3%
PHY-3001 : :::0::: Try harder cell spreading with beta_ = 0.0363025
PHY-3002 : Step(116): len = 41609.2, overlap = 0.5
PHY-3002 : Step(117): len = 40809.8, overlap = 0.75
PHY-3002 : Step(118): len = 40157.2, overlap = 1.5
PHY-3002 : Step(119): len = 40157.5, overlap = 1.5
PHY-3002 : Step(120): len = 39532.6, overlap = 2
PHY-3002 : Step(121): len = 39337.4, overlap = 2
PHY-3002 : Step(122): len = 39220.7, overlap = 3.25
PHY-3002 : Step(123): len = 39148.4, overlap = 3.5
PHY-3002 : Step(124): len = 38748.2, overlap = 5.75
PHY-3002 : Step(125): len = 38128.1, overlap = 5.5
PHY-3002 : Step(126): len = 38128.1, overlap = 5.5
PHY-3002 : Step(127): len = 38121.4, overlap = 6
PHY-3001 : Legalization ...
PHY-3001 : End legalization;  0.004843s wall, 0.000000s user + 0.000000s system = 0.000000s CPU (n/a%)

PHY-3001 : Legalized: Len = 40780.7, Over = 0
PHY-3001 : Spreading special nets. 1 overflows in 2952 tiles.
PHY-3001 : End spreading;  0.003769s wall, 0.000000s user + 0.000000s system = 0.000000s CPU (n/a%)

PHY-3001 : 1 instances has been re-located, deltaX = 0, deltaY = 1, maxDist = 1.
PHY-3001 : Final: Len = 40834.7, Over = 0
OPT-1001 : Start physical optimization ...
OPT-1001 : Total overflow 0.00 peak overflow 0.00
OPT-1001 : Start high-fanout net optimization ...
OPT-1001 : Update timing in global mode
PHY-1001 : Start incremental global routing, caller is place ...
RUN-1001 : Generating global routing grids ...
PHY-1001 : Generate routing nets ...
PHY-1001 : Reuse net number 55/649.
PHY-1001 : Global iterations in 16 thread ...
PHY-1002 : len = 54536, over cnt = 61(0%), over = 95, worst = 4
PHY-1002 : len = 55008, over cnt = 26(0%), over = 34, worst = 3
PHY-1002 : len = 55400, over cnt = 4(0%), over = 6, worst = 3
PHY-1002 : len = 55408, over cnt = 1(0%), over = 1, worst = 1
PHY-1002 : len = 55424, over cnt = 0(0%), over = 0, worst = 0
PHY-1001 : End global iterations;  0.122073s wall, 0.046875s user + 0.000000s system = 0.046875s CPU (38.4%)

PHY-1001 : Congestion index: top1 = 21.72, top5 = 13.01, top10 = 9.05, top15 = 6.77.
PHY-1001 : End incremental global routing;  0.182508s wall, 0.109375s user + 0.000000s system = 0.109375s CPU (59.9%)

RUN-1002 : start command "start_timer -report"
TMR-5001 WARNING: No sdc constraints found while initiating timer.
TMR-2505 : Start building timing graph for model top.
TMR-2506 : Build timing graph completely. Port num: 11, tpin num: 2520, tnet num: 647, tinst num: 277, tnode num: 3191, tedge num: 4371.
TMR-2508 : Levelizing timing graph completed, there are 27 levels in total.
TMR-2501 : Timing graph initialized successfully.
OPT-1001 : End timing update;  0.165627s wall, 0.171875s user + 0.000000s system = 0.171875s CPU (103.8%)

OPT-1001 : 0 high-fanout net processed.
OPT-1001 : End high-fanout net optimization;  0.358683s wall, 0.296875s user + 0.000000s system = 0.296875s CPU (82.8%)

OPT-1001 : Current memory(MB): used = 183, reserve = 154, peak = 183.
OPT-1001 : Update timing in Manhattan mode
OPT-1001 : End timing update;  0.000747s wall, 0.000000s user + 0.000000s system = 0.000000s CPU (n/a%)

OPT-1001 : Start pin optimization...
OPT-1001 : skip pin optimization...
RUN-1001 : Generating global routing grids ...
PHY-1001 : Generate routing nets ...
PHY-1001 : Reuse net number 543/649.
PHY-1001 : Global iterations in 16 thread ...
PHY-1002 : len = 55424, over cnt = 0(0%), over = 0, worst = 0
PHY-1001 : End global iterations;  0.005399s wall, 0.000000s user + 0.000000s system = 0.000000s CPU (n/a%)

PHY-1001 : Congestion index: top1 = 21.72, top5 = 13.01, top10 = 9.05, top15 = 6.77.
OPT-1001 : Update timing in Manhattan mode
OPT-1001 : End timing update;  0.000962s wall, 0.000000s user + 0.000000s system = 0.000000s CPU (n/a%)

RUN-1001 : QoR Analysis:
OPT-0007 :   WNS 2147483647 TNS 0 NUM_FEPS 0
RUN-1001 :   No local congestion issue, and most congested 1% tile average routing util is 21.206897
RUN-1001 :   Top critical paths
OPT-1001 : End physical optimization;  0.425936s wall, 0.359375s user + 0.000000s system = 0.359375s CPU (84.4%)

RUN-1003 : finish command "place" in  4.994834s wall, 1.750000s user + 1.437500s system = 3.187500s CPU (63.8%)

RUN-1004 : used memory is 166 MB, reserved memory is 138 MB, peak memory is 184 MB
RUN-1002 : start command "export_db adc_place.db"
RUN-1001 : Exported /
RUN-1001 : Exported flow parameters
RUN-1001 : Exported libs
RUN-1001 : Exported entities
RUN-1001 : Exported ports
RUN-1001 : Exported pins
RUN-1001 : Exported instances
RUN-1001 : Exported nets
RUN-1001 : Exported buses
RUN-1001 : Exported models
RUN-1001 : Exported congestions
RUN-1001 : Exported violations
RUN-1001 : Exported IO constraints
RUN-1001 : Exported Inst constraints
RUN-1002 : start command "route"
RUN-1001 : Open license file C:/Anlogic/TD5.6.6910.2/license/Anlogic.lic
RUN-1001 : Print Global Property
RUN-1001 : ---------------------------------------------------------------
RUN-1001 :        Parameters        |  Settings  |  Default Values  |  Note  
RUN-1001 : ---------------------------------------------------------------
RUN-1001 :          message         |  standard  |     standard     |        
RUN-1001 :   mixed_pack_place_flow  |     on     |        on        |        
RUN-1001 :        qor_monitor       |    off     |       off        |        
RUN-1001 :        syn_ip_flow       |    off     |       off        |        
RUN-1001 :          thread          |    auto    |       auto       |        
RUN-1001 : ---------------------------------------------------------------
RUN-1001 : Print Route Property
RUN-1001 : -------------------------------------------------------
RUN-1001 :    Parameters    |  Settings  |  Default Values  |  Note  
RUN-1001 : -------------------------------------------------------
RUN-1001 :      effort      |   medium   |      medium      |        
RUN-1001 :     fix_hold     |    off     |       off        |        
RUN-1001 :    opt_timing    |   medium   |      medium      |        
RUN-1001 :   phy_sim_model  |    off     |       off        |        
RUN-1001 :     priority     |   timing   |      timing      |        
RUN-1001 :     swap_pin     |     on     |        on        |        
RUN-1001 : -------------------------------------------------------
PHY-1001 : Route runs in 16 thread(s)
RUN-1001 : There are total 279 instances
RUN-1001 : 126 mslices, 125 lslices, 18 pads, 4 brams, 0 dsps
RUN-1001 : There are total 649 nets
RUN-6004 WARNING: There are 8 nets with only 1 pin.
RUN-1001 : 342 nets have 2 pins
RUN-1001 : 221 nets have [3 - 5] pins
RUN-1001 : 54 nets have [6 - 10] pins
RUN-1001 : 13 nets have [11 - 20] pins
RUN-1001 : 8 nets have [21 - 99] pins
RUN-1001 : 3 nets have 100+ pins
RUN-1002 : start command "start_timer -report"
TMR-5001 WARNING: No sdc constraints found while initiating timer.
TMR-2505 : Start building timing graph for model top.
TMR-2506 : Build timing graph completely. Port num: 11, tpin num: 2520, tnet num: 647, tinst num: 277, tnode num: 3191, tedge num: 4371.
TMR-2508 : Levelizing timing graph completed, there are 27 levels in total.
TMR-2501 : Timing graph initialized successfully.
PHY-1001 : 126 mslices, 125 lslices, 18 pads, 4 brams, 0 dsps
TMR-2503 : Start to update net delay, extr mode = 3.
TMR-2504 : Update delay of 647 nets completely.
TMR-2502 : Annotate delay completely, extr mode = 3.
TMR-3002 : No user constraint, initiate default constraint.
TMR-1501 : Assign derive clock DeriveClock to 354 clock pins, and constraint 671 relative nodes.
TMR-3003 : Constraints initiated successfully.
TMR-3501 : Forward propagation: start to calculate arrival time...
TMR-3502 : Backward propagation: start to calculate required time...
TMR-3503 : Timing propagation completes.
PHY-1001 : Start global routing, caller is route ...
RUN-1001 : Generating global routing grids ...
PHY-1001 : Generate routing nets ...
PHY-1001 : Global iterations in 16 thread ...
PHY-1002 : len = 53752, over cnt = 63(0%), over = 93, worst = 4
PHY-1002 : len = 54216, over cnt = 26(0%), over = 32, worst = 3
PHY-1002 : len = 54736, over cnt = 4(0%), over = 4, worst = 1
PHY-1002 : len = 54776, over cnt = 0(0%), over = 0, worst = 0
PHY-1001 : End global iterations;  0.121650s wall, 0.015625s user + 0.000000s system = 0.015625s CPU (12.8%)

PHY-1001 : Congestion index: top1 = 21.90, top5 = 13.13, top10 = 9.06, top15 = 6.74.
PHY-1001 : End global routing;  0.177776s wall, 0.031250s user + 0.000000s system = 0.031250s CPU (17.6%)

PHY-1001 : Start detail routing ...
PHY-1001 : Current memory(MB): used = 207, reserve = 178, peak = 222.
PHY-1001 : Detailed router is running in normal mode.
PHY-1001 : Generate detailed routing grids ...
PHY-1001 : Generate nets ...
PHY-1001 : net clk_in_dup_3 will be routed on clock mesh
PHY-5010 WARNING: Net data_in[7]_dup_3 is skipped due to 0 input or output
PHY-5010 WARNING: Net data_in[6]_dup_3 is skipped due to 0 input or output
PHY-5010 WARNING: Net data_in[5]_dup_3 is skipped due to 0 input or output
PHY-5010 WARNING: Net data_in[4]_dup_3 is skipped due to 0 input or output
PHY-5010 WARNING: Net data_in[3]_dup_3 is skipped due to 0 input or output
PHY-5010 WARNING: Net data_in[2]_dup_3 is skipped due to 0 input or output
PHY-5010 WARNING: Net data_in[1]_dup_3 is skipped due to 0 input or output
PHY-5010 WARNING: Net data_in[0]_dup_3 is skipped due to 0 input or output
PHY-1001 : clock net adc/clk_adc_syn_4 will be merged with clock adc/clk_adc
PHY-1001 : net fifo_list/fifo_list/ram_inst/clkb will be routed on clock mesh
PHY-1001 : clock net pll_list/clk0_out will be merged with clock pll_list/clk0_buf
PHY-5010 WARNING: Net data_in[7]_dup_3 is skipped due to 0 input or output
PHY-5010 WARNING: Net data_in[6]_dup_3 is skipped due to 0 input or output
PHY-5010 Similar messages will be suppressed.
PHY-1001 : Current memory(MB): used = 474, reserve = 450, peak = 474.
PHY-1001 : End build detailed router design. 4.075671s wall, 3.671875s user + 0.093750s system = 3.765625s CPU (92.4%)

PHY-1001 : Detail Route ...
PHY-1001 : ===== Detail Route Phase 1 =====
PHY-1001 : Clock net routing.....
PHY-1001 : Routed 0% nets.
PHY-1022 : len = 19328, over cnt = 0(0%), over = 0, worst = 0, crit = 0
PHY-1001 : End initial clock net routed; 1.033329s wall, 0.921875s user + 0.015625s system = 0.937500s CPU (90.7%)

PHY-1001 : Current memory(MB): used = 506, reserve = 483, peak = 506.
PHY-1001 : End phase 1; 1.045249s wall, 0.921875s user + 0.015625s system = 0.937500s CPU (89.7%)

PHY-1001 : ===== Detail Route Phase 2 =====
PHY-1001 : Initial routing.....
PHY-1001 : Routed 34% nets.
PHY-1001 : Routed 42% nets.
PHY-1001 : Routed 52% nets.
PHY-1001 : Routed 64% nets.
PHY-1001 : Routed 85% nets.
PHY-1022 : len = 121336, over cnt = 8(0%), over = 8, worst = 1, crit = 0
PHY-1001 : Current memory(MB): used = 506, reserve = 483, peak = 507.
PHY-1001 : End initial routed; 8.788837s wall, 7.250000s user + 0.046875s system = 7.296875s CPU (83.0%)

PHY-1001 : Current memory(MB): used = 506, reserve = 483, peak = 507.
PHY-1001 : End phase 2; 8.788904s wall, 7.250000s user + 0.046875s system = 7.296875s CPU (83.0%)

PHY-1001 : ===== Detail Route Phase 3 =====
PHY-1001 : Ripup-reroute.....
PHY-1001 : ===== DR Iter 1 =====
PHY-1022 : len = 121328, over cnt = 2(0%), over = 2, worst = 1, crit = 0
PHY-1001 : End DR Iter 1; 0.022271s wall, 0.000000s user + 0.000000s system = 0.000000s CPU (n/a%)

PHY-1001 : ===== DR Iter 2 =====
PHY-1022 : len = 121344, over cnt = 1(0%), over = 1, worst = 1, crit = 0
PHY-1001 : End DR Iter 2; 0.022570s wall, 0.000000s user + 0.000000s system = 0.000000s CPU (n/a%)

PHY-1001 : ===== DR Iter 3 =====
PHY-1022 : len = 121360, over cnt = 0(0%), over = 0, worst = 0, crit = 0
PHY-1001 : End DR Iter 3; 0.020994s wall, 0.015625s user + 0.000000s system = 0.015625s CPU (74.4%)

PHY-1001 : Commit to database.....
PHY-1001 : 1 feed throughs used by 1 nets
PHY-1001 : End commit to database; 0.110101s wall, 0.078125s user + 0.000000s system = 0.078125s CPU (71.0%)

PHY-1001 : Current memory(MB): used = 518, reserve = 494, peak = 518.
PHY-1001 : End phase 3; 0.304334s wall, 0.218750s user + 0.000000s system = 0.218750s CPU (71.9%)

PHY-1003 : Routed, final wirelength = 121360
PHY-1001 : Current memory(MB): used = 518, reserve = 494, peak = 518.
PHY-1001 : End export database. 0.012303s wall, 0.000000s user + 0.000000s system = 0.000000s CPU (n/a%)

PHY-1001 : End detail routing;  14.476110s wall, 12.343750s user + 0.156250s system = 12.500000s CPU (86.3%)

RUN-1003 : finish command "route" in  14.899734s wall, 12.609375s user + 0.171875s system = 12.781250s CPU (85.8%)

RUN-1004 : used memory is 452 MB, reserved memory is 428 MB, peak memory is 518 MB
RUN-1002 : start command "report_area -io_info -file adc_phy.area"
RUN-1001 : standard
***Report Model: top Device: EG4S20NG88***

IO Statistics
#IO                        18
  #input                   13
  #output                   5
  #inout                    0

Utilization Statistics
#lut                      450   out of  19600    2.30%
#reg                      237   out of  19600    1.21%
#le                       470
  #lut only               233   out of    470   49.57%
  #reg only                20   out of    470    4.26%
  #lut&reg                217   out of    470   46.17%
#dsp                        0   out of     29    0.00%
#bram                       0   out of     64    0.00%
  #bram9k                   0
  #fifo9k                   0
#bram32k                    4   out of     16   25.00%
#pad                       18   out of     66   27.27%
  #ireg                    10
  #oreg                     5
  #treg                     0
#pll                        1   out of      4   25.00%
#gclk                       2   out of     16   12.50%

Clock Resource Statistics
Index     ClockNet                             Type               DriverType         Driver                      Fanout
#1        fifo_list/fifo_list/ram_inst/clkb    GCLK               pll                pll_list/pll_inst.clkc2     152
#2        clk_in_dup_3                         GCLK               io                 clk_in_syn_4.di             18
#3        adc/clk_adc                          GCLK               lslice             adc/clk_adc_reg_syn_5.q0    8
#4        pll_list/clk0_buf                    GCLK               pll                pll_list/pll_inst.clkc0     0


Detailed IO Report

     Name       Direction    Location    IOStandard    DriveStrength    PullType    PackReg  
    clk_in        INPUT        P34        LVCMOS25          N/A          PULLUP      NONE    
  data_in[7]      INPUT         P2        LVCMOS25          N/A          PULLUP      IREG    
  data_in[6]      INPUT         P3        LVCMOS25          N/A          PULLUP      IREG    
  data_in[5]      INPUT         P4        LVCMOS25          N/A          PULLUP      IREG    
  data_in[4]      INPUT         P5        LVCMOS25          N/A          PULLUP      IREG    
  data_in[3]      INPUT        P10        LVCMOS25          N/A          PULLUP      IREG    
  data_in[2]      INPUT        P11        LVCMOS25          N/A          PULLUP      IREG    
  data_in[1]      INPUT        P12        LVCMOS25          N/A          PULLUP      IREG    
  data_in[0]      INPUT        P13        LVCMOS25          N/A          PULLUP      IREG    
     eoc          INPUT        P60        LVCMOS25          N/A          PULLUP      NONE    
    key_in        INPUT        P50        LVCMOS25          N/A          PULLUP      IREG    
   reset_n        INPUT        P19        LVCMOS25          N/A           N/A        NONE    
   uart_rxd       INPUT        P54        LVCMOS25          N/A          PULLUP      IREG    
   adc_clk       OUTPUT        P57        LVCMOS25           8            NONE       OREG    
     ale         OUTPUT        P23        LVCMOS25           8            N/A        OREG    
      oe         OUTPUT        P86        LVCMOS25           8            NONE       OREG    
    start        OUTPUT        P59        LVCMOS25           8            NONE       OREG    
   uart_txd      OUTPUT        P52        LVCMOS25           8            NONE       OREG    

Report Hierarchy Area:
+------------------------------------------------------------------------------------+
|Instance       |Module         |le     |lut     |ripple  |seq     |bram    |dsp     |
+------------------------------------------------------------------------------------+
|top            |top            |470    |372     |78      |252     |4       |0       |
|  adc          |adc_ctrl       |34     |28      |6       |16      |0       |0       |
|  anjian_list  |anjian         |42     |34      |6       |23      |0       |0       |
|  fifo_list    |fifo_ctrl      |147    |88      |44      |63      |4       |0       |
|    fifo_list  |fifo           |108    |57      |36      |48      |4       |0       |
|      ram_inst |ram_infer_fifo |0      |0       |0       |0       |4       |0       |
|  pll_list     |pll            |0      |0       |0       |0       |0       |0       |
|  rx           |uart_rx        |55     |49      |6       |34      |0       |0       |
|  tx           |uart_tx        |76     |65      |8       |37      |0       |0       |
|  type         |type_choice    |116    |108     |8       |64      |0       |0       |
+------------------------------------------------------------------------------------+


DataNet Average Fanout:

   Index     Fanout     Nets  
    #1          1       323   
    #2          2       156   
    #3          3        41   
    #4          4        24   
    #5        5-10       56   
    #6        11-50      16   
    #7       101-500     1    
  Average     2.68            

RUN-1002 : start command "export_db adc_pr.db"
RUN-1001 : Exported /
RUN-1001 : Exported flow parameters
RUN-1001 : Exported libs
RUN-1001 : Exported entities
RUN-1001 : Exported ports
RUN-1001 : Exported pins
RUN-1001 : Exported instances
RUN-1001 : Exported nets
RUN-1001 : Exported buses
RUN-1001 : Exported models
RUN-1001 : Exported congestions
RUN-1001 : Exported violations
RUN-1001 : Exported IO constraints
RUN-1001 : Exported Inst constraints
RUN-1002 : start command "export_bid adc_inst.bid"
PRG-1000 : <!-- HMAC is: 4e18a74e95229f4ace2f7cb8045a3d17dbd7d10503a66d0d331cc44b1fef5f8e -->
RUN-1002 : start command "bitgen -bit adc.bit"
BIT-1003 : Start to generate bitstream. 
BIT-1002 : Init instances with 16 threads.
BIT-1002 : Init instances completely, inst num: 277
BIT-1002 : Init pips with 16 threads.
BIT-1002 : Init pips completely, net num: 649, pip num: 6509
BIT-1002 : Init feedthrough completely, num: 1
BIT-1003 : Multithreading accelaration with 16 threads.
BIT-1003 : Generate bitstream completely, there are 1184 valid insts, and 17849 bits set as '1'.
BIT-1004 : the usercode register value: 00000000111111100000000000000000
BIT-1004 : PLL setting string = 0001
BIT-1004 : Generate bits file adc.bit.
RUN-1003 : finish command "bitgen -bit adc.bit" in  2.429143s wall, 9.437500s user + 0.093750s system = 9.531250s CPU (392.4%)

RUN-1004 : used memory is 455 MB, reserved memory is 431 MB, peak memory is 655 MB
RUN-1002 : start command "backup_run_log run.log ../.logs/phy_1/td_20230310_154916.log"
