============================================================
   Tang Dynasty, V5.6.69102
      Copyright (c) 2012-2023 Anlogic Inc.
   Executable = C:/Anlogic/TD5.6.6910.2/bin/td.exe
   Built at =   20:14:16 Feb 16 2023
   Run by =     shaka
   Run Date =   Mon Mar  6 17:51:06 2023

   Run on =     BR007
============================================================
RUN-1002 : start command "open_project adc.prj"
RUN-1001 : Print Global Property
RUN-1001 : ---------------------------------------------------------------
RUN-1001 :        Parameters        |  Settings  |  Default Values  |  Note  
RUN-1001 : ---------------------------------------------------------------
RUN-1001 :          message         |  standard  |     standard     |        
RUN-1001 :   mixed_pack_place_flow  |     on     |        on        |        
RUN-1001 :        qor_monitor       |    off     |       off        |        
RUN-1001 :        syn_ip_flow       |    off     |       off        |        
RUN-1001 :          thread          |    auto    |       auto       |        
RUN-1001 : ---------------------------------------------------------------
RUN-1001 : Print Design Property
RUN-1001 : --------------------------------------------------------------
RUN-1001 :        Parameters       |  Settings  |  Default Values  |  Note  
RUN-1001 : --------------------------------------------------------------
RUN-1001 :   default_reg_initial   |    auto    |       auto       |        
RUN-1001 :        infer_add        |     on     |        on        |        
RUN-1001 :        infer_fsm        |    off     |       off        |        
RUN-1001 :        infer_mult       |     on     |        on        |        
RUN-1001 :        infer_ram        |     on     |        on        |        
RUN-1001 :        infer_reg        |     on     |        on        |        
RUN-1001 :   infer_reg_init_value  |     on     |        on        |        
RUN-1001 :        infer_rom        |     on     |        on        |        
RUN-1001 :      infer_shifter      |     on     |        on        |        
RUN-1001 : --------------------------------------------------------------
RUN-1001 : Print Rtl Property
RUN-1001 : --------------------------------------------------------------
RUN-1001 :        Parameters       |  Settings  |  Default Values  |  Note  
RUN-1001 : --------------------------------------------------------------
RUN-1001 :       compress_add      |   ripple   |      ripple      |        
RUN-1001 :        elf_sload        |    off     |       off        |        
RUN-1001 :       fix_undriven      |     0      |        0         |        
RUN-1001 :         flatten         |    off     |       off        |        
RUN-1001 :       gate_sharing      |     on     |        on        |        
RUN-1001 :    hdl_warning_level    |   normal   |      normal      |        
RUN-1001 :   impl_internal_tribuf  |     on     |        on        |        
RUN-1001 :      impl_set_reset     |     on     |        on        |        
RUN-1001 :        infer_gsr        |    off     |       off        |        
RUN-1001 :      keep_hierarchy     |    auto    |       auto       |        
RUN-1001 :        max_fanout       |    9999    |       9999       |        
RUN-1001 :      max_oh2bin_len     |     10     |        10        |        
RUN-1001 :       merge_equal       |     on     |        on        |        
RUN-1001 :       merge_equiv       |     on     |        on        |        
RUN-1001 :        merge_mux        |    off     |       off        |        
RUN-1001 :     min_control_set     |     8      |        8         |        
RUN-1001 :      min_ripple_len     |    auto    |       auto       |        
RUN-1001 :       oh2bin_ratio      |    0.08    |       0.08       |        
RUN-1001 :     opt_adder_fanout    |     on     |        on        |        
RUN-1001 :        opt_arith        |     on     |        on        |        
RUN-1001 :       opt_big_gate      |    off     |       off        |        
RUN-1001 :        opt_const        |     on     |        on        |        
RUN-1001 :      opt_const_mult     |     on     |        on        |        
RUN-1001 :       opt_lessthan      |     on     |        on        |        
RUN-1001 :         opt_mux         |    off     |       off        |        
RUN-1001 :         opt_ram         |    high    |       high       |        
RUN-1001 :      rtl_sim_model      |    off     |       off        |        
RUN-1001 :         seq_syn         |     on     |        on        |        
RUN-1001 : --------------------------------------------------------------
HDL-1007 : analyze verilog file ../../../Core/fifo.v
HDL-1007 : analyze verilog file ../../../Src/top.v
HDL-1007 : undeclared symbol 'valid', assumed default net type 'wire' in ../../../Src/top.v(41)
HDL-1007 : undeclared symbol 'data_vld', assumed default net type 'wire' in ../../../Src/top.v(52)
HDL-1007 : undeclared symbol 'adc_en', assumed default net type 'wire' in ../../../Src/top.v(62)
HDL-1007 : undeclared symbol 'data_en', assumed default net type 'wire' in ../../../Src/top.v(69)
HDL-1007 : undeclared symbol 'depth', assumed default net type 'wire' in ../../../Src/top.v(82)
HDL-1007 : undeclared symbol 'fifo_working', assumed default net type 'wire' in ../../../Src/top.v(86)
HDL-1007 : undeclared symbol 'condition', assumed default net type 'wire' in ../../../Src/top.v(101)
HDL-1007 : analyze verilog file ../../../Src/uart_rx.v
HDL-1007 : analyze verilog file ../../../Src/uart_tx.v
HDL-1007 : analyze verilog file ../../../Src/adc_ctrl.v
HDL-1007 : analyze verilog file ../../../Src/type_choice.v
HDL-1007 : analyze verilog file ../../../Src/fifo_ctrl.v
HDL-1007 : undeclared symbol 'empty_flag', assumed default net type 'wire' in ../../../Src/fifo_ctrl.v(111)
RUN-1001 : Project manager successfully analyzed 7 source files.
RUN-1002 : start command "import_device eagle_s20.db -package EG4S20NG88"
ARC-1001 : Device Initialization.
ARC-1001 : ---------------------------------------------------------------
ARC-1001 :            OPTION            |        IO         |   SETTING   
ARC-1001 : ---------------------------------------------------------------
ARC-1001 :   cso_b/cclk/mosi/miso/dout  |  P69/P82/P81/P80  |    gpio    
ARC-1001 :             done             |        P8         |    gpio    
ARC-1001 :           program_b          |        P67        |  dedicate  
ARC-1001 :        tdi/tms/tck/tdo       |  P25/P22/P26/P21  |  dedicate  
ARC-1001 : ---------------------------------------------------------------
ARC-1004 : Device setting, marked 5 dedicate IOs in total.
RUN-1002 : start command "import_db ../syn_1/adc_gate.db"
RUN-1001 : Importing database generated by Tang Dynasty, V5.6.69102.
RUN-1001 : Database version number 46146.
RUN-1001 : Import flow parameters
RUN-1001 : Import IO constraints
RUN-1001 : Import Inst constraints
RUN-1001 : Import design success TD_VERSION=5.6.69102 , DB_VERSION=46146
RUN-1002 : start command "config_chipwatcher ../../../Debug/adc.cwc -dir "
RUN-1002 : start command "legalize_phy_inst"
SYN-1011 : Flatten model top
KIT-1004 : ChipWatcher: import watcher inst auto_chipwatcher_0 completed, there are 6 view nodes, 13 trigger nets, 13 data nets.
KIT-1004 : Chipwatcher code = 1100110101100110
RUN-1002 : start command "compile_watcher"
RUN-1002 : start command "read_verilog -no_sch -dir C:/Anlogic/TD5.6.6910.2/cw/ -file adc_watcherInst.sv -lib cw -top CW_TOP_WRAPPER"
HDL-1007 : analyze verilog file C:/Anlogic/TD5.6.6910.2/cw\bus_det.v
HDL-1007 : analyze verilog file C:/Anlogic/TD5.6.6910.2/cw\bus_top.sv
HDL-1007 : analyze verilog file C:/Anlogic/TD5.6.6910.2/cw\cfg_int.v
HDL-1007 : analyze verilog file C:/Anlogic/TD5.6.6910.2/cw\cwc_cfg_int.v
HDL-1007 : analyze verilog file C:/Anlogic/TD5.6.6910.2/cw\cwc_top.sv
HDL-1007 : analyze verilog file C:/Anlogic/TD5.6.6910.2/cw\detect_bus.v
HDL-1007 : analyze verilog file C:/Anlogic/TD5.6.6910.2/cw\detect_non_bus.v
HDL-1007 : analyze verilog file C:/Anlogic/TD5.6.6910.2/cw\emb_ctrl.v
HDL-1007 : analyze verilog file C:/Anlogic/TD5.6.6910.2/cw\register.v
HDL-1007 : analyze verilog file C:/Anlogic/TD5.6.6910.2/cw\tap.v
HDL-1007 : analyze verilog file C:/Anlogic/TD5.6.6910.2/cw\trigger.sv
HDL-1007 : analyze verilog file adc_watcherInst.sv
HDL-1007 : elaborate module CW_TOP_WRAPPER in adc_watcherInst.sv(1)
HDL-1007 : elaborate module cwc_top(BUS_NUM=6,BUS_DIN_NUM=13,BUS_CTRL_NUM=50,BUS_WIDTH='{32'sb01000,32'sb01,32'sb01,32'sb01,32'sb01,32'sb01},BUS_DIN_POS='{32'sb0,32'sb01000,32'sb01001,32'sb01010,32'sb01011,32'sb01100},BUS_CTRL_POS='{32'sb0,32'sb010100,32'sb011010,32'sb0100000,32'sb0100110,32'sb0101100}) in C:/Anlogic/TD5.6.6910.2/cw\cwc_top.sv(21)
HDL-1007 : elaborate module cwc_cfg_int(CTRL_REG_LEN=72) in C:/Anlogic/TD5.6.6910.2/cw\cwc_cfg_int.v(21)
HDL-1007 : elaborate module register(CTRL_REG_LEN=72) in C:/Anlogic/TD5.6.6910.2/cw\register.v(21)
HDL-1007 : elaborate module tap in C:/Anlogic/TD5.6.6910.2/cw\tap.v(21)
HDL-1007 : elaborate module trigger(BUS_NUM=6,BUS_DIN_NUM=13,BUS_CTRL_NUM=50,BUS_WIDTH='{32'sb01000,32'sb01,32'sb01,32'sb01,32'sb01,32'sb01},BUS_DIN_POS='{32'sb0,32'sb01000,32'sb01001,32'sb01010,32'sb01011,32'sb01100},BUS_CTRL_POS='{32'sb0,32'sb010100,32'sb011010,32'sb0100000,32'sb0100110,32'sb0101100}) in C:/Anlogic/TD5.6.6910.2/cw\trigger.sv(21)
HDL-1007 : elaborate module bus_top(BUS_NODE_NUM=6,BUS_DIN_NUM=13,BUS_CTRL_NUM=50,BUS_WIDTH='{32'sb01000,32'sb01,32'sb01,32'sb01,32'sb01,32'sb01},BUS_DIN_POS='{32'sb0,32'sb01000,32'sb01001,32'sb01010,32'sb01011,32'sb01100},BUS_CTRL_POS='{32'sb0,32'sb010100,32'sb011010,32'sb0100000,32'sb0100110,32'sb0101100}) in C:/Anlogic/TD5.6.6910.2/cw\bus_top.sv(22)
HDL-1007 : elaborate module bus_det(BUS_WIDTH=32'sb01000) in C:/Anlogic/TD5.6.6910.2/cw\bus_det.v(21)
HDL-1007 : elaborate module bus_det(BUS_WIDTH=32'sb01) in C:/Anlogic/TD5.6.6910.2/cw\bus_det.v(21)
HDL-1007 : elaborate module emb_ctrl in C:/Anlogic/TD5.6.6910.2/cw\emb_ctrl.v(21)
HDL-1200 : Current top model is CW_TOP_WRAPPER
HDL-1100 : Inferred 0 RAMs.
RUN-1002 : start command "force_keep -a auto_chipwatcher_0_logicbram"
RUN-1002 : start command "optimize_rtl -no_sch"
RUN-1001 : Open license file C:/Anlogic/TD5.6.6910.2/license/Anlogic.lic
RUN-1001 : Print Global Property
RUN-1001 : ---------------------------------------------------------------
RUN-1001 :        Parameters        |  Settings  |  Default Values  |  Note  
RUN-1001 : ---------------------------------------------------------------
RUN-1001 :          message         |  standard  |     standard     |        
RUN-1001 :   mixed_pack_place_flow  |     on     |        on        |        
RUN-1001 :        qor_monitor       |    off     |       off        |        
RUN-1001 :        syn_ip_flow       |    off     |       off        |        
RUN-1001 :          thread          |    auto    |       auto       |        
RUN-1001 : ---------------------------------------------------------------
RUN-1001 : Print Rtl Property
RUN-1001 : --------------------------------------------------------------
RUN-1001 :        Parameters       |  Settings  |  Default Values  |  Note  
RUN-1001 : --------------------------------------------------------------
RUN-1001 :       compress_add      |   ripple   |      ripple      |        
RUN-1001 :        elf_sload        |    off     |       off        |        
RUN-1001 :       fix_undriven      |     0      |        0         |        
RUN-1001 :         flatten         |    off     |       off        |        
RUN-1001 :       gate_sharing      |     on     |        on        |        
RUN-1001 :    hdl_warning_level    |   normal   |      normal      |        
RUN-1001 :   impl_internal_tribuf  |     on     |        on        |        
RUN-1001 :      impl_set_reset     |     on     |        on        |        
RUN-1001 :        infer_gsr        |    off     |       off        |        
RUN-1001 :      keep_hierarchy     |    auto    |       auto       |        
RUN-1001 :        max_fanout       |    9999    |       9999       |        
RUN-1001 :      max_oh2bin_len     |     10     |        10        |        
RUN-1001 :       merge_equal       |     on     |        on        |        
RUN-1001 :       merge_equiv       |     on     |        on        |        
RUN-1001 :        merge_mux        |    off     |       off        |        
RUN-1001 :     min_control_set     |     8      |        8         |        
RUN-1001 :      min_ripple_len     |    auto    |       auto       |        
RUN-1001 :       oh2bin_ratio      |    0.08    |       0.08       |        
RUN-1001 :     opt_adder_fanout    |     on     |        on        |        
RUN-1001 :        opt_arith        |     on     |        on        |        
RUN-1001 :       opt_big_gate      |    off     |       off        |        
RUN-1001 :        opt_const        |     on     |        on        |        
RUN-1001 :      opt_const_mult     |     on     |        on        |        
RUN-1001 :       opt_lessthan      |     on     |        on        |        
RUN-1001 :         opt_mux         |    off     |       off        |        
RUN-1001 :         opt_ram         |    high    |       high       |        
RUN-1001 :      rtl_sim_model      |    off     |       off        |        
RUN-1001 :         seq_syn         |     on     |        on        |        
RUN-1001 : --------------------------------------------------------------
SYN-1012 : SanityCheck: Model "top"
SYN-1012 : SanityCheck: Model "CW_TOP_WRAPPER"
SYN-1012 : SanityCheck: Model "cwc_top(BUS_NUM=6,BUS_DIN_NUM=13,BUS_CTRL_NUM=50,BUS_WIDTH='{32'sb01000,32'sb01,32'sb01,32'sb01,32'sb01,32'sb01},BUS_DIN_POS='{32'sb0,32'sb01000,32'sb01001,32'sb01010,32'sb01011,32'sb01100},BUS_CTRL_POS='{32'sb0,32'sb010100,32'sb011010,32'sb0100000,32'sb0100110,32'sb0101100})"
SYN-1012 : SanityCheck: Model "cwc_cfg_int(CTRL_REG_LEN=72)"
SYN-1012 : SanityCheck: Model "register(CTRL_REG_LEN=72)"
SYN-1012 : SanityCheck: Model "tap"
SYN-1012 : SanityCheck: Model "trigger(BUS_NUM=6,BUS_DIN_NUM=13,BUS_CTRL_NUM=50,BUS_WIDTH='{32'sb01000,32'sb01,32'sb01,32'sb01,32'sb01,32'sb01},BUS_DIN_POS='{32'sb0,32'sb01000,32'sb01001,32'sb01010,32'sb01011,32'sb01100},BUS_CTRL_POS='{32'sb0,32'sb010100,32'sb011010,32'sb0100000,32'sb0100110,32'sb0101100})"
SYN-1012 : SanityCheck: Model "bus_top(BUS_NODE_NUM=6,BUS_DIN_NUM=13,BUS_CTRL_NUM=50,BUS_WIDTH='{32'sb01000,32'sb01,32'sb01,32'sb01,32'sb01,32'sb01},BUS_DIN_POS='{32'sb0,32'sb01000,32'sb01001,32'sb01010,32'sb01011,32'sb01100},BUS_CTRL_POS='{32'sb0,32'sb010100,32'sb011010,32'sb0100000,32'sb0100110,32'sb0101100})"
SYN-1012 : SanityCheck: Model "bus_det(BUS_WIDTH=32'sb01000)"
SYN-1012 : SanityCheck: Model "bus_det(BUS_WIDTH=32'sb01)"
SYN-1012 : SanityCheck: Model "emb_ctrl"
SYN-1011 : Flatten model top
SYN-1032 : 1911/22 useful/useless nets, 1095/17 useful/useless insts
SYN-1016 : Merged 32 instances.
SYN-1032 : 1700/10 useful/useless nets, 1393/10 useful/useless insts
SYN-1014 : Optimize round 1
SYN-1032 : 1684/16 useful/useless nets, 1381/12 useful/useless insts
SYN-1021 : Optimized 1 onehot mux instances.
SYN-1020 : Optimized 1 distributor mux.
SYN-1019 : Optimized 1 mux instances.
SYN-1015 : Optimize round 1, 286 better
SYN-1014 : Optimize round 2
SYN-1032 : 1509/15 useful/useless nets, 1206/16 useful/useless insts
SYN-1015 : Optimize round 2, 32 better
SYN-1014 : Optimize round 1
SYN-1015 : Optimize round 1, 0 better
RUN-1002 : start command "optimize_gate -no_sch"
RUN-1001 : Open license file C:/Anlogic/TD5.6.6910.2/license/Anlogic.lic
RUN-1001 : Print Global Property
RUN-1001 : ---------------------------------------------------------------
RUN-1001 :        Parameters        |  Settings  |  Default Values  |  Note  
RUN-1001 : ---------------------------------------------------------------
RUN-1001 :          message         |  standard  |     standard     |        
RUN-1001 :   mixed_pack_place_flow  |     on     |        on        |        
RUN-1001 :        qor_monitor       |    off     |       off        |        
RUN-1001 :        syn_ip_flow       |    off     |       off        |        
RUN-1001 :          thread          |    auto    |       auto       |        
RUN-1001 : ---------------------------------------------------------------
RUN-1001 : Print Gate Property
RUN-1001 : ------------------------------------------------------------------
RUN-1001 :          Parameters         |  Settings  |  Default Values  |  Note  
RUN-1001 : ------------------------------------------------------------------
RUN-1001 :         cascade_dsp         |    off     |       off        |        
RUN-1001 :         cascade_eram        |    off     |       off        |        
RUN-1001 :        gate_sim_model       |    off     |       off        |        
RUN-1001 :        map_sim_model        |    off     |       off        |        
RUN-1001 :         map_strategy        |     1      |        1         |        
RUN-1001 :           opt_area          |   medium   |      medium      |        
RUN-1001 :          opt_timing         |    auto    |       auto       |        
RUN-1001 :         pack_effort         |   medium   |      medium      |        
RUN-1001 :      pack_lslice_ripple     |     on     |        on        |        
RUN-1001 :   pack_lslice_ripple_ratio  |    0.5     |       0.5        |        
RUN-1001 :        pack_seq_in_io       |    auto    |       auto       |        
RUN-1001 :        ph1_mux_ratio        |    1.0     |       1.0        |        
RUN-1001 :            report           |  standard  |     standard     |        
RUN-1001 :           retiming          |    off     |       off        |        
RUN-1001 : ------------------------------------------------------------------
SYN-2001 : Map 19 IOs to PADs
RUN-1002 : start command "update_pll_param -module top"
SYN-2501 : Processed 0 LOGIC_BUF instances.
SYN-2512 : LOGIC BRAM "auto_chipwatcher_0_logicbram"
SYN-2571 : Optimize after map_dsp, round 1
SYN-1032 : 1521/81 useful/useless nets, 1229/18 useful/useless insts
SYN-1016 : Merged 9 instances.
SYN-2571 : Optimize after map_dsp, round 1, 108 better
SYN-2571 : Optimize after map_dsp, round 2
SYN-2571 : Optimize after map_dsp, round 2, 0 better
SYN-1001 : Throwback 3 control mux instances
SYN-2501 : Optimize round 1
SYN-1016 : Merged 8 instances.
SYN-2501 : Optimize round 1, 18 better
SYN-2501 : Optimize round 2
SYN-2501 : Optimize round 2, 0 better
SYN-2501 : Map 12 macro adder
SYN-1019 : Optimized 5 mux instances.
SYN-1016 : Merged 9 instances.
SYN-1032 : 1845/5 useful/useless nets, 1553/4 useful/useless insts
SYN-3001 : Running gate level optimization.
SYN-2581 : Mapping with K=5, #lut = 146 (3.94), #lev = 5 (2.07)
SYN-2551 : Post LUT mapping optimization.
SYN-2581 : Mapping with K=5, #lut = 146 (4.08), #lev = 4 (2.01)
SYN-3001 : Logic optimization runtime opt =   0.02 sec, map =   0.00 sec
SYN-3001 : Mapper mapped 415 instances into 146 LUTs, name keeping = 77%.
SYN-1001 : Packing model "top" ...
SYN-4010 : Pack lib has 58 rtl pack models with 25 top pack blocks
SYN-1014 : Optimize round 1
SYN-1015 : Optimize round 1, 0 better
SYN-4002 : Packing 255 DFF/LATCH to SEQ ...
SYN-4009 : Pack 6 carry chain into lslice
SYN-4007 : Packing 89 adder to BLE ...
SYN-4008 : Packed 89 adder and 0 SEQ to BLE.
SYN-4007 : Packing 0 gate4 to BLE ...
SYN-4008 : Packed 0 gate4 and 0 SEQ to BLE.
SYN-4012 : Packed 0 FxMUX
RUN-1002 : start command "legalize_phy_inst"
SYN-1011 : Flatten model top
KIT-1004 : Compile Chipwatcher: Clear obsolete physical data.
RUN-1003 : finish command "compile_watcher" in  1.076031s wall, 0.921875s user + 0.062500s system = 0.984375s CPU (91.5%)

RUN-1004 : used memory is 176 MB, reserved memory is 141 MB, peak memory is 177 MB
RUN-1002 : start command "place"
RUN-1001 : Open license file C:/Anlogic/TD5.6.6910.2/license/Anlogic.lic
RUN-1001 : Print Global Property
RUN-1001 : ---------------------------------------------------------------
RUN-1001 :        Parameters        |  Settings  |  Default Values  |  Note  
RUN-1001 : ---------------------------------------------------------------
RUN-1001 :          message         |  standard  |     standard     |        
RUN-1001 :   mixed_pack_place_flow  |     on     |        on        |        
RUN-1001 :        qor_monitor       |    off     |       off        |        
RUN-1001 :        syn_ip_flow       |    off     |       off        |        
RUN-1001 :          thread          |    auto    |       auto       |        
RUN-1001 : ---------------------------------------------------------------
RUN-1001 : Print Place Property
RUN-1001 : --------------------------------------------------------------
RUN-1001 :        Parameters       |  Settings  |  Default Values  |  Note  
RUN-1001 : --------------------------------------------------------------
RUN-1001 :      detailed_place     |     on     |        on        |        
RUN-1001 :          effort         |   medium   |      medium      |        
RUN-1001 :         fix_hold        |    off     |       off        |        
RUN-1001 :       legalization      |    ori     |       ori        |        
RUN-1001 :      new_spreading      |     on     |        on        |        
RUN-1001 :        opt_timing       |   medium   |      medium      |        
RUN-1001 :   post_clock_route_opt  |    off     |       off        |        
RUN-1001 :       pr_strategy       |     1      |        1         |        
RUN-1001 :        relaxation       |    1.00    |       1.00       |        
RUN-1001 :         retiming        |    off     |       off        |        
RUN-1001 : --------------------------------------------------------------
PHY-3001 : Placer runs in 16 thread(s).
RUN-1002 : start command "legalize_phy_inst"
SYN-1011 : Flatten model top
SYN-4036 : The kept net data_in[7]_dup_3 is useless
SYN-4036 : The kept net data_in[6]_dup_3 is useless
SYN-4036 : The kept net data_in[5]_dup_3 is useless
SYN-4036 : The kept net data_in[4]_dup_3 is useless
SYN-4036 : The kept net data_in[3]_dup_3 is useless
SYN-4036 : The kept net data_in[2]_dup_3 is useless
SYN-4036 : The kept net data_in[1]_dup_3 is useless
SYN-4036 : The kept net data_in[0]_dup_3 is useless
SYN-4036 : The kept net key1_dup_3 is useless
SYN-5055 WARNING: The kept net fifo_list/fifo_list/re will be merged to another kept net fifo_list/re
SYN-5055 WARNING: The kept net fifo_list/fifo_list/we will be merged to another kept net fifo_list/we
SYN-5055 WARNING: The kept net type/uart_data[7] will be merged to another kept net rx/data_rx[7]
SYN-5055 WARNING: The kept net type/uart_data[6] will be merged to another kept net rx/data_rx[6]
SYN-5055 WARNING: The kept net type/uart_data[5] will be merged to another kept net rx/data_rx[5]
SYN-5055 WARNING: The kept net type/uart_data[4] will be merged to another kept net rx/data_rx[4]
SYN-5055 WARNING: The kept net type/uart_data[3] will be merged to another kept net rx/data_rx[3]
SYN-5055 WARNING: The kept net type/uart_data[2] will be merged to another kept net rx/data_rx[2]
SYN-5055 WARNING: The kept net type/uart_data[1] will be merged to another kept net rx/data_rx[1]
SYN-5055 WARNING: The kept net type/uart_data[0] will be merged to another kept net rx/data_rx[0]
SYN-5055 Similar messages will be suppressed.
RUN-1002 : start command "phys_opt -simplify_lut"
SYN-4016 : Net config_inst_syn_10 driven by BUFG (160 clock/control pins, 0 other pins).
SYN-4024 : Net "clk_dup_3" drives clk pins.
SYN-4024 : Net "adc/clk_adc" drives clk pins.
SYN-4025 : Tag rtl::Net adc/clk_adc as clock net
SYN-4025 : Tag rtl::Net clk_dup_3 as clock net
SYN-4025 : Tag rtl::Net config_inst_syn_10 as clock net
SYN-4026 : Tagged 3 rtl::Net as clock net
SYN-4015 : Create BUFG instance for clk Net adc/clk_adc to drive 9 clock pins.
PHY-1001 : Populate physical database on model top.
RUN-1001 : There are total 1043 instances
RUN-0007 : 401 luts, 451 seqs, 93 mslices, 54 lslices, 19 pads, 20 brams, 0 dsps
RUN-1001 : There are total 1359 nets
RUN-6004 WARNING: There are 12 nets with only 1 pin.
RUN-1001 : 814 nets have 2 pins
RUN-1001 : 397 nets have [3 - 5] pins
RUN-1001 : 53 nets have [6 - 10] pins
RUN-1001 : 64 nets have [11 - 20] pins
RUN-1001 : 13 nets have [21 - 99] pins
RUN-1001 : 6 nets have 100+ pins
RUN-1001 : Report Control nets information:
RUN-1001 : DFF Distribution
RUN-1001 : ----------------------------------
RUN-1001 :   CE   |  SSR  |  ASR  |  DFF Count  
RUN-1001 : ----------------------------------
RUN-1001 :   No   |  No   |  No   |      8      
RUN-1001 :   No   |  No   |  Yes  |     220     
RUN-1001 :   No   |  Yes  |  No   |      0      
RUN-1001 :   Yes  |  No   |  No   |      0      
RUN-1001 :   Yes  |  No   |  Yes  |     223     
RUN-1001 :   Yes  |  Yes  |  No   |      0      
RUN-1001 : ----------------------------------
RUN-0007 : Control Group Statistic
RUN-0007 : ---------------------------
RUN-0007 :   #CLK  |  #CE  |  #SSR/ASR  
RUN-0007 : ---------------------------
RUN-0007 :    3    |   8   |     6      
RUN-0007 : ---------------------------
RUN-0007 : Control Set = 14
PHY-3001 : Initial placement ...
PHY-3001 : design contains 1041 instances, 401 luts, 451 seqs, 147 slices, 22 macros(147 instances: 93 mslices 54 lslices)
PHY-0007 : Cell area utilization is 3%
PHY-3001 : Global placement ...
PHY-3001 : Initial: Len = 342480
PHY-3001 : Clustering ...
PHY-3001 : Level 0 #clusters 1041.
PHY-3001 : End clustering;  0.000019s wall, 0.000000s user + 0.000000s system = 0.000000s CPU (n/a%)

PHY-3001 : Run with size of 4
PHY-3001 : Cell area utilization is 3%
PHY-3001 : :::0::: Try harder cell spreading with beta_ = 0
PHY-3002 : Step(1): len = 227900, overlap = 63
PHY-3002 : Step(2): len = 158137, overlap = 63
PHY-3002 : Step(3): len = 99566.8, overlap = 63
PHY-3002 : Step(4): len = 77807.7, overlap = 63
PHY-3002 : Step(5): len = 68922.3, overlap = 63
PHY-3002 : Step(6): len = 56796.2, overlap = 63
PHY-3002 : Step(7): len = 54835.9, overlap = 63
PHY-3002 : Step(8): len = 47244.9, overlap = 63
PHY-3002 : Step(9): len = 45477.2, overlap = 63
PHY-3002 : Step(10): len = 43984.8, overlap = 63
PHY-3002 : Step(11): len = 38642.8, overlap = 63
PHY-3002 : Step(12): len = 38191.2, overlap = 63
PHY-3002 : Step(13): len = 35610.9, overlap = 63
PHY-3002 : Step(14): len = 35228, overlap = 63
PHY-3002 : Step(15): len = 35224.2, overlap = 63
PHY-3001 : :::1::: Try harder cell spreading with beta_ = 1.86579e-06
PHY-3002 : Step(16): len = 35616.8, overlap = 60.75
PHY-3002 : Step(17): len = 36231.8, overlap = 60.75
PHY-3002 : Step(18): len = 36646.8, overlap = 58.5
PHY-3002 : Step(19): len = 37080.4, overlap = 58.5
PHY-3002 : Step(20): len = 35892.4, overlap = 54.25
PHY-3002 : Step(21): len = 35701.7, overlap = 54.25
PHY-3002 : Step(22): len = 33633.1, overlap = 59.25
PHY-3002 : Step(23): len = 33956.8, overlap = 59.25
PHY-3002 : Step(24): len = 35296.2, overlap = 57.25
PHY-3002 : Step(25): len = 34091.2, overlap = 55
PHY-3002 : Step(26): len = 32067.4, overlap = 55.25
PHY-3002 : Step(27): len = 31360.8, overlap = 60
PHY-3002 : Step(28): len = 31485.4, overlap = 60
PHY-3002 : Step(29): len = 30510.2, overlap = 59.75
PHY-3002 : Step(30): len = 29904.7, overlap = 60.5
PHY-3002 : Step(31): len = 29088.3, overlap = 60.5938
PHY-3002 : Step(32): len = 29148, overlap = 59.4062
PHY-3002 : Step(33): len = 29369.4, overlap = 60.3438
PHY-3002 : Step(34): len = 29418.8, overlap = 56.875
PHY-3002 : Step(35): len = 29264.4, overlap = 55.2812
PHY-3002 : Step(36): len = 27990.3, overlap = 57.9062
PHY-3002 : Step(37): len = 27678.1, overlap = 58.375
PHY-3002 : Step(38): len = 27644.7, overlap = 58.7188
PHY-3001 : :::2::: Try harder cell spreading with beta_ = 3.73158e-06
PHY-3002 : Step(39): len = 29756.9, overlap = 61.1562
PHY-3002 : Step(40): len = 30362.4, overlap = 60.9062
PHY-3002 : Step(41): len = 30483.2, overlap = 60.9062
PHY-3001 : :::3::: Try harder cell spreading with beta_ = 7.46316e-06
PHY-3002 : Step(42): len = 31706.8, overlap = 61.0938
PHY-3002 : Step(43): len = 31854.4, overlap = 61.0938
PHY-3002 : Step(44): len = 32370, overlap = 56.5938
PHY-3001 : Legalization ...
PHY-3001 : End legalization;  0.017040s wall, 0.000000s user + 0.000000s system = 0.000000s CPU (n/a%)

PHY-3001 : Run with size of 4
PHY-3001 : Cell area utilization is 4%
PHY-3001 : :::0::: Try harder cell spreading with beta_ = 7.4347e-05
PHY-3002 : Step(45): len = 48089.5, overlap = 16.1562
PHY-3002 : Step(46): len = 48526.8, overlap = 13.7188
PHY-3002 : Step(47): len = 46790.2, overlap = 10.3125
PHY-3002 : Step(48): len = 46288, overlap = 11.5312
PHY-3002 : Step(49): len = 45603.6, overlap = 8.59375
PHY-3002 : Step(50): len = 45325.8, overlap = 8.28125
PHY-3002 : Step(51): len = 45119.1, overlap = 9.03125
PHY-3002 : Step(52): len = 44598.1, overlap = 9.53125
PHY-3002 : Step(53): len = 44521.6, overlap = 10.0312
PHY-3002 : Step(54): len = 43799, overlap = 10.0312
PHY-3002 : Step(55): len = 43807.7, overlap = 9.4375
PHY-3002 : Step(56): len = 43772.1, overlap = 7.71875
PHY-3002 : Step(57): len = 43366.4, overlap = 7.875
PHY-3002 : Step(58): len = 43139.8, overlap = 9.8125
PHY-3002 : Step(59): len = 43158.9, overlap = 9.75
PHY-3002 : Step(60): len = 42653.7, overlap = 14.1875
PHY-3001 : :::1::: Try harder cell spreading with beta_ = 0.000148694
PHY-3002 : Step(61): len = 42377.7, overlap = 13.3438
PHY-3002 : Step(62): len = 42377.7, overlap = 13.3438
PHY-3002 : Step(63): len = 42291.3, overlap = 13.8125
PHY-3001 : :::2::: Try harder cell spreading with beta_ = 0.000297388
PHY-3002 : Step(64): len = 42208.2, overlap = 14.5938
PHY-3002 : Step(65): len = 42208.2, overlap = 14.5938
PHY-3001 : Run with size of 2
PHY-3001 : Cell area utilization is 4%
PHY-3001 : :::0::: Try harder cell spreading with beta_ = 7.9012e-06
PHY-3002 : Step(66): len = 42731.2, overlap = 51.0938
PHY-3002 : Step(67): len = 42731.2, overlap = 51.0938
PHY-3001 : :::1::: Try harder cell spreading with beta_ = 1.58024e-05
PHY-3002 : Step(68): len = 43223.7, overlap = 51.0938
PHY-3002 : Step(69): len = 43457.5, overlap = 51.25
PHY-3002 : Step(70): len = 44088.5, overlap = 47.3125
PHY-3001 : :::2::: Try harder cell spreading with beta_ = 3.16048e-05
PHY-3002 : Step(71): len = 43567.9, overlap = 51.3125
PHY-3002 : Step(72): len = 43795.1, overlap = 47.5312
PHY-3002 : Step(73): len = 43795.1, overlap = 47.5312
PHY-3001 : :::3::: Try harder cell spreading with beta_ = 6.32096e-05
PHY-3002 : Step(74): len = 45475.5, overlap = 35.75
PHY-3002 : Step(75): len = 45777.7, overlap = 33.4062
PHY-3002 : Step(76): len = 45775.4, overlap = 27.7188
PHY-3002 : Step(77): len = 44539.2, overlap = 29.2188
PHY-3002 : Step(78): len = 44539.2, overlap = 29.2188
PHY-3002 : Step(79): len = 44787.2, overlap = 26.875
PHY-3001 : :::4::: Try harder cell spreading with beta_ = 0.000126419
PHY-3002 : Step(80): len = 45365, overlap = 26.2812
PHY-3002 : Step(81): len = 45365, overlap = 26.2812
PHY-3001 : :::5::: Try harder cell spreading with beta_ = 0.000252838
PHY-3002 : Step(82): len = 45855.9, overlap = 24.3438
PHY-3002 : Step(83): len = 45955.6, overlap = 24.7812
PHY-3001 : :::6::: Try harder cell spreading with beta_ = 0.000505677
PHY-3002 : Step(84): len = 45609.6, overlap = 24.2188
PHY-3002 : Step(85): len = 45609.6, overlap = 24.2188
PHY-3001 : :::7::: Try harder cell spreading with beta_ = 0.00101135
PHY-3002 : Step(86): len = 45786.6, overlap = 22.9062
PHY-3002 : Step(87): len = 45844.9, overlap = 22.2188
PHY-3001 : :::8::: Try harder cell spreading with beta_ = 0.00202271
PHY-3002 : Step(88): len = 45908.4, overlap = 21.5312
PHY-3002 : Step(89): len = 45867, overlap = 21.25
PHY-3001 : :::9::: Try harder cell spreading with beta_ = 0.00404541
PHY-3002 : Step(90): len = 45863.9, overlap = 21.9375
PHY-3002 : Step(91): len = 45863.9, overlap = 21.9375
PHY-3001 : :::10::: Try harder cell spreading with beta_ = 0.00809083
PHY-3002 : Step(92): len = 45868.2, overlap = 21.7188
PHY-3002 : Step(93): len = 45874.1, overlap = 21.5938
OPT-1001 : Start physical optimization ...
OPT-1001 : Total overflow 64.34 peak overflow 4.25
OPT-1001 : Start high-fanout net optimization ...
OPT-1001 : Update timing in global mode
PHY-1001 : Start incremental global routing, caller is place ...
RUN-1001 : Generating global routing grids ...
RUN-1001 : Building simple global routing graph ...
PHY-1001 : Generate routing nets ...
PHY-1001 : Reuse net number 0/1359.
PHY-1001 : Global iterations in 16 thread ...
PHY-1002 : len = 60208, over cnt = 165(0%), over = 744, worst = 15
PHY-1001 : End global iterations;  0.102708s wall, 0.000000s user + 0.000000s system = 0.000000s CPU (n/a%)

PHY-1001 : Congestion index: top1 = 35.60, top5 = 20.95, top10 = 13.58, top15 = 9.96.
PHY-1001 : End incremental global routing;  0.174496s wall, 0.031250s user + 0.000000s system = 0.031250s CPU (17.9%)

RUN-1002 : start command "start_timer -report"
TMR-5001 WARNING: No sdc constraints found while initiating timer.
TMR-2505 : Start building timing graph for model top.
TMR-2506 : Build timing graph completely. Port num: 12, tpin num: 5661, tnet num: 1357, tinst num: 1041, tnode num: 7449, tedge num: 9528.
TMR-2508 : Levelizing timing graph completed, there are 29 levels in total.
TMR-2501 : Timing graph initialized successfully.
OPT-1001 : End timing update;  0.178865s wall, 0.093750s user + 0.000000s system = 0.093750s CPU (52.4%)

OPT-1001 : 0 high-fanout net processed.
OPT-1001 : End high-fanout net optimization;  0.376406s wall, 0.140625s user + 0.000000s system = 0.140625s CPU (37.4%)

OPT-1001 : Current memory(MB): used = 228, reserve = 194, peak = 228.
OPT-1001 : End physical optimization;  0.394137s wall, 0.156250s user + 0.000000s system = 0.156250s CPU (39.6%)

PHY-3001 : Start packing ...
SYN-4007 : Packing 0 MUX to BLE ...
SYN-4008 : Packed 0 MUX and 0 SEQ to BLE.
SYN-4007 : Packing 401 LUT to BLE ...
SYN-4008 : Packed 401 LUT and 180 SEQ to BLE.
SYN-4003 : Packing 271 remaining SEQ's ...
SYN-4005 : Packed 133 SEQ with LUT/SLICE
SYN-4006 : 110 single LUT's are left
SYN-4006 : 138 single SEQ's are left
SYN-4011 : Packing model "top" (AL_USER_NORMAL) with 539/842 primitive instances ...
PHY-3001 : End packing;  0.049468s wall, 0.046875s user + 0.000000s system = 0.046875s CPU (94.8%)

PHY-1001 : Populate physical database on model top.
RUN-1001 : There are total 494 instances
RUN-1001 : 225 mslices, 225 lslices, 19 pads, 20 brams, 0 dsps
RUN-1001 : There are total 1184 nets
RUN-6004 WARNING: There are 12 nets with only 1 pin.
RUN-1001 : 631 nets have 2 pins
RUN-1001 : 405 nets have [3 - 5] pins
RUN-1001 : 54 nets have [6 - 10] pins
RUN-1001 : 64 nets have [11 - 20] pins
RUN-1001 : 14 nets have [21 - 99] pins
RUN-1001 : 4 nets have 100+ pins
PHY-3001 : design contains 492 instances, 450 slices, 22 macros(147 instances: 93 mslices 54 lslices)
PHY-3001 : Cell area utilization is 6%
PHY-3001 : After packing: Len = 46222, Over = 31.75
PHY-3001 : Run with size of 2
PHY-3001 : Cell area utilization is 6%
PHY-3001 : :::0::: Try harder cell spreading with beta_ = 1.7783e-05
PHY-3002 : Step(94): len = 45004.4, overlap = 35.25
PHY-3002 : Step(95): len = 45025.5, overlap = 36
PHY-3002 : Step(96): len = 44351, overlap = 37.25
PHY-3002 : Step(97): len = 44351.8, overlap = 37.75
PHY-3002 : Step(98): len = 44213.2, overlap = 39
PHY-3001 : :::1::: Try harder cell spreading with beta_ = 3.55661e-05
PHY-3002 : Step(99): len = 44559.6, overlap = 38.25
PHY-3002 : Step(100): len = 44689.3, overlap = 37.5
PHY-3002 : Step(101): len = 45068.6, overlap = 39
PHY-3001 : :::2::: Try harder cell spreading with beta_ = 7.11321e-05
PHY-3002 : Step(102): len = 45221, overlap = 36.75
PHY-3002 : Step(103): len = 45485, overlap = 35.5
PHY-3002 : Step(104): len = 45485, overlap = 35.5
PHY-3001 : Legalization ...
PHY-3001 : End legalization;  0.175340s wall, 0.015625s user + 0.031250s system = 0.046875s CPU (26.7%)

PHY-3001 : Trial Legalized: Len = 55213.1
PHY-3001 : Run with size of 2
PHY-3001 : Cell area utilization is 5%
PHY-3001 : :::0::: Try harder cell spreading with beta_ = 0.00207859
PHY-3002 : Step(105): len = 52182.1, overlap = 2.5
PHY-3002 : Step(106): len = 51055.9, overlap = 5.75
PHY-3002 : Step(107): len = 50341.3, overlap = 8
PHY-3002 : Step(108): len = 48770.6, overlap = 9.5
PHY-3002 : Step(109): len = 48213.5, overlap = 10.5
PHY-3002 : Step(110): len = 48003.6, overlap = 12.5
PHY-3002 : Step(111): len = 47639, overlap = 13.5
PHY-3001 : :::1::: Try harder cell spreading with beta_ = 0.00415718
PHY-3002 : Step(112): len = 47671.9, overlap = 14
PHY-3002 : Step(113): len = 47546.9, overlap = 14.25
PHY-3001 : :::2::: Try harder cell spreading with beta_ = 0.00831437
PHY-3002 : Step(114): len = 47479.1, overlap = 14.25
PHY-3002 : Step(115): len = 47398.1, overlap = 14.5
PHY-3001 : Legalization ...
PHY-3001 : End legalization;  0.005227s wall, 0.000000s user + 0.000000s system = 0.000000s CPU (n/a%)

PHY-3001 : Legalized: Len = 52217.9, Over = 0
PHY-3001 : Spreading special nets. 4 overflows in 2952 tiles.
PHY-3001 : End spreading;  0.005753s wall, 0.000000s user + 0.000000s system = 0.000000s CPU (n/a%)

PHY-3001 : 6 instances has been re-located, deltaX = 2, deltaY = 4, maxDist = 1.
PHY-3001 : Final: Len = 52431.9, Over = 0
OPT-1001 : Start physical optimization ...
OPT-1001 : Total overflow 0.00 peak overflow 0.00
OPT-1001 : Start high-fanout net optimization ...
OPT-1001 : Update timing in global mode
PHY-1001 : Start incremental global routing, caller is place ...
RUN-1001 : Generating global routing grids ...
PHY-1001 : Generate routing nets ...
PHY-1001 : Reuse net number 94/1184.
PHY-1001 : Global iterations in 16 thread ...
PHY-1002 : len = 66576, over cnt = 157(0%), over = 256, worst = 6
PHY-1002 : len = 67848, over cnt = 75(0%), over = 102, worst = 5
PHY-1002 : len = 68544, over cnt = 25(0%), over = 31, worst = 2
PHY-1002 : len = 69000, over cnt = 3(0%), over = 4, worst = 2
PHY-1002 : len = 68952, over cnt = 0(0%), over = 0, worst = 0
PHY-1001 : End global iterations;  0.208536s wall, 0.062500s user + 0.000000s system = 0.062500s CPU (30.0%)

PHY-1001 : Congestion index: top1 = 28.81, top5 = 20.71, top10 = 15.22, top15 = 11.60.
PHY-1001 : End incremental global routing;  0.277540s wall, 0.109375s user + 0.000000s system = 0.109375s CPU (39.4%)

RUN-1002 : start command "start_timer -report"
TMR-5001 WARNING: No sdc constraints found while initiating timer.
TMR-2505 : Start building timing graph for model top.
TMR-2506 : Build timing graph completely. Port num: 12, tpin num: 4905, tnet num: 1182, tinst num: 492, tnode num: 6216, tedge num: 8572.
TMR-2508 : Levelizing timing graph completed, there are 29 levels in total.
TMR-2501 : Timing graph initialized successfully.
OPT-1001 : End timing update;  0.206574s wall, 0.156250s user + 0.015625s system = 0.171875s CPU (83.2%)

OPT-1001 : 0 high-fanout net processed.
OPT-1001 : End high-fanout net optimization;  0.508160s wall, 0.281250s user + 0.015625s system = 0.296875s CPU (58.4%)

OPT-1001 : Current memory(MB): used = 232, reserve = 198, peak = 232.
OPT-1001 : Update timing in Manhattan mode
OPT-1001 : End timing update;  0.001851s wall, 0.000000s user + 0.000000s system = 0.000000s CPU (n/a%)

OPT-1001 : Start pin optimization...
OPT-1001 : skip pin optimization...
RUN-1001 : Generating global routing grids ...
PHY-1001 : Generate routing nets ...
PHY-1001 : Reuse net number 1011/1184.
PHY-1001 : Global iterations in 16 thread ...
PHY-1002 : len = 68952, over cnt = 0(0%), over = 0, worst = 0
PHY-1001 : End global iterations;  0.009274s wall, 0.015625s user + 0.000000s system = 0.015625s CPU (168.5%)

PHY-1001 : Congestion index: top1 = 28.81, top5 = 20.71, top10 = 15.22, top15 = 11.60.
OPT-1001 : Update timing in Manhattan mode
OPT-1001 : End timing update;  0.001946s wall, 0.000000s user + 0.000000s system = 0.000000s CPU (n/a%)

RUN-1001 : QoR Analysis:
OPT-0007 :   WNS 2147483647 TNS 0 NUM_FEPS 0
RUN-1001 :   No local congestion issue, and most congested 1% tile average routing util is 28.310345
RUN-1001 :   Top critical paths
OPT-1001 : End physical optimization;  0.598735s wall, 0.359375s user + 0.015625s system = 0.375000s CPU (62.6%)

RUN-1003 : finish command "place" in  5.649437s wall, 1.281250s user + 0.640625s system = 1.921875s CPU (34.0%)

RUN-1004 : used memory is 214 MB, reserved memory is 182 MB, peak memory is 234 MB
RUN-1002 : start command "export_db adc_place.db"
RUN-1001 : Exported /
RUN-1001 : Exported flow parameters
RUN-1001 : Exported libs
RUN-1001 : Exported entities
RUN-1001 : Exported ports
RUN-1001 : Exported pins
RUN-1001 : Exported instances
RUN-1001 : Exported nets
RUN-1001 : Exported buses
RUN-1001 : Exported models
RUN-1001 : Exported congestions
RUN-1001 : Exported violations
RUN-1001 : Exported IO constraints
RUN-1001 : Exported Inst constraints
RUN-1001 : Exported ChipWatcher
RUN-1002 : start command "route"
RUN-1001 : Open license file C:/Anlogic/TD5.6.6910.2/license/Anlogic.lic
RUN-1001 : Print Global Property
RUN-1001 : ---------------------------------------------------------------
RUN-1001 :        Parameters        |  Settings  |  Default Values  |  Note  
RUN-1001 : ---------------------------------------------------------------
RUN-1001 :          message         |  standard  |     standard     |        
RUN-1001 :   mixed_pack_place_flow  |     on     |        on        |        
RUN-1001 :        qor_monitor       |    off     |       off        |        
RUN-1001 :        syn_ip_flow       |    off     |       off        |        
RUN-1001 :          thread          |    auto    |       auto       |        
RUN-1001 : ---------------------------------------------------------------
RUN-1001 : Print Route Property
RUN-1001 : -------------------------------------------------------
RUN-1001 :    Parameters    |  Settings  |  Default Values  |  Note  
RUN-1001 : -------------------------------------------------------
RUN-1001 :      effort      |   medium   |      medium      |        
RUN-1001 :     fix_hold     |    off     |       off        |        
RUN-1001 :    opt_timing    |   medium   |      medium      |        
RUN-1001 :   phy_sim_model  |    off     |       off        |        
RUN-1001 :     priority     |   timing   |      timing      |        
RUN-1001 :     swap_pin     |     on     |        on        |        
RUN-1001 : -------------------------------------------------------
PHY-1001 : Route runs in 16 thread(s)
RUN-1001 : There are total 494 instances
RUN-1001 : 225 mslices, 225 lslices, 19 pads, 20 brams, 0 dsps
RUN-1001 : There are total 1184 nets
RUN-6004 WARNING: There are 12 nets with only 1 pin.
RUN-1001 : 631 nets have 2 pins
RUN-1001 : 405 nets have [3 - 5] pins
RUN-1001 : 54 nets have [6 - 10] pins
RUN-1001 : 64 nets have [11 - 20] pins
RUN-1001 : 14 nets have [21 - 99] pins
RUN-1001 : 4 nets have 100+ pins
RUN-1002 : start command "start_timer -report"
TMR-5001 WARNING: No sdc constraints found while initiating timer.
TMR-2505 : Start building timing graph for model top.
TMR-2506 : Build timing graph completely. Port num: 12, tpin num: 4905, tnet num: 1182, tinst num: 492, tnode num: 6216, tedge num: 8572.
TMR-2508 : Levelizing timing graph completed, there are 29 levels in total.
TMR-2501 : Timing graph initialized successfully.
PHY-1001 : 225 mslices, 225 lslices, 19 pads, 20 brams, 0 dsps
TMR-2503 : Start to update net delay, extr mode = 3.
TMR-2504 : Update delay of 1182 nets completely.
TMR-2502 : Annotate delay completely, extr mode = 3.
TMR-3002 : No user constraint, initiate default constraint.
TMR-1501 : Assign derive clock DeriveClock to 620 clock pins, and constraint 1311 relative nodes.
TMR-3003 : Constraints initiated successfully.
TMR-3501 : Forward propagation: start to calculate arrival time...
TMR-3502 : Backward propagation: start to calculate required time...
TMR-3503 : Timing propagation completes.
PHY-1001 : Start global routing, caller is route ...
RUN-1001 : Generating global routing grids ...
PHY-1001 : Generate routing nets ...
PHY-1001 : Global iterations in 16 thread ...
PHY-1002 : len = 65896, over cnt = 154(0%), over = 263, worst = 9
PHY-1002 : len = 67032, over cnt = 100(0%), over = 147, worst = 5
PHY-1002 : len = 68216, over cnt = 30(0%), over = 41, worst = 3
PHY-1002 : len = 68496, over cnt = 0(0%), over = 0, worst = 0
PHY-1001 : End global iterations;  0.199228s wall, 0.046875s user + 0.000000s system = 0.046875s CPU (23.5%)

PHY-1001 : Congestion index: top1 = 28.58, top5 = 20.77, top10 = 15.22, top15 = 11.62.
PHY-1001 : End global routing;  0.268470s wall, 0.109375s user + 0.000000s system = 0.109375s CPU (40.7%)

PHY-1001 : Start detail routing ...
PHY-1001 : Current memory(MB): used = 259, reserve = 225, peak = 303.
PHY-1001 : Detailed router is running in normal mode.
PHY-1001 : Generate detailed routing grids ...
PHY-1001 : Generate nets ...
PHY-1001 : net clk_dup_3 will be routed on clock mesh
PHY-5010 WARNING: Net data_in[7]_dup_3 is skipped due to 0 input or output
PHY-5010 WARNING: Net data_in[6]_dup_3 is skipped due to 0 input or output
PHY-5010 WARNING: Net data_in[5]_dup_3 is skipped due to 0 input or output
PHY-5010 WARNING: Net data_in[4]_dup_3 is skipped due to 0 input or output
PHY-5010 WARNING: Net data_in[3]_dup_3 is skipped due to 0 input or output
PHY-5010 WARNING: Net data_in[2]_dup_3 is skipped due to 0 input or output
PHY-5010 WARNING: Net data_in[1]_dup_3 is skipped due to 0 input or output
PHY-5010 WARNING: Net data_in[0]_dup_3 is skipped due to 0 input or output
PHY-5010 WARNING: Net key1_dup_3 is skipped due to 0 input or output
PHY-1001 : clock net adc/clk_adc_syn_4 will be merged with clock adc/clk_adc
PHY-5010 WARNING: Net type/depth[12] is skipped due to 0 input or output
PHY-5010 Similar messages will be suppressed.
PHY-1001 : clock net config_inst_syn_10 will be merged with clock config_inst_syn_9
PHY-1001 : Current memory(MB): used = 525, reserve = 496, peak = 525.
PHY-1001 : End build detailed router design. 4.189186s wall, 3.562500s user + 0.046875s system = 3.609375s CPU (86.2%)

PHY-1001 : Detail Route ...
PHY-1001 : ===== Detail Route Phase 1 =====
PHY-1001 : Clock net routing.....
PHY-1001 : Routed 0% nets.
PHY-1022 : len = 22040, over cnt = 0(0%), over = 0, worst = 0, crit = 0
PHY-1001 : End initial clock net routed; 1.403935s wall, 1.296875s user + 0.000000s system = 1.296875s CPU (92.4%)

PHY-1001 : Current memory(MB): used = 558, reserve = 529, peak = 558.
PHY-1001 : End phase 1; 1.415895s wall, 1.312500s user + 0.000000s system = 1.312500s CPU (92.7%)

PHY-1001 : ===== Detail Route Phase 2 =====
PHY-1001 : Initial routing.....
PHY-1001 : Routed 30% nets.
PHY-1001 : Routed 35% nets.
PHY-1001 : Routed 49% nets.
PHY-1001 : Routed 62% nets.
PHY-1001 : Routed 86% nets.
PHY-1022 : len = 211056, over cnt = 39(0%), over = 39, worst = 1, crit = 0
PHY-1001 : Current memory(MB): used = 558, reserve = 529, peak = 558.
PHY-1001 : End initial routed; 7.596035s wall, 6.250000s user + 0.031250s system = 6.281250s CPU (82.7%)

PHY-1001 : Current memory(MB): used = 558, reserve = 529, peak = 558.
PHY-1001 : End phase 2; 7.596120s wall, 6.250000s user + 0.031250s system = 6.281250s CPU (82.7%)

PHY-1001 : ===== Detail Route Phase 3 =====
PHY-1001 : Ripup-reroute.....
PHY-1001 : ===== DR Iter 1 =====
PHY-1022 : len = 210672, over cnt = 8(0%), over = 8, worst = 1, crit = 0
PHY-1001 : End DR Iter 1; 0.059503s wall, 0.031250s user + 0.000000s system = 0.031250s CPU (52.5%)

PHY-1001 : ===== DR Iter 2 =====
PHY-1022 : len = 210760, over cnt = 0(0%), over = 0, worst = 0, crit = 0
PHY-1001 : End DR Iter 2; 0.033053s wall, 0.015625s user + 0.000000s system = 0.015625s CPU (47.3%)

PHY-1001 : Commit to database.....
PHY-1001 : 5 feed throughs used by 5 nets
PHY-1001 : End commit to database; 0.180281s wall, 0.140625s user + 0.000000s system = 0.140625s CPU (78.0%)

PHY-1001 : Current memory(MB): used = 571, reserve = 542, peak = 571.
PHY-1001 : End phase 3; 0.405223s wall, 0.312500s user + 0.000000s system = 0.312500s CPU (77.1%)

PHY-1003 : Routed, final wirelength = 210760
PHY-1001 : Current memory(MB): used = 571, reserve = 542, peak = 571.
PHY-1001 : End export database. 0.016702s wall, 0.015625s user + 0.000000s system = 0.015625s CPU (93.6%)

PHY-1001 : End detail routing;  13.895587s wall, 11.687500s user + 0.078125s system = 11.765625s CPU (84.7%)

RUN-1003 : finish command "route" in  14.495282s wall, 12.078125s user + 0.093750s system = 12.171875s CPU (84.0%)

RUN-1004 : used memory is 500 MB, reserved memory is 472 MB, peak memory is 571 MB
RUN-1002 : start command "report_area -io_info -file adc_phy.area"
RUN-1001 : standard
***Report Model: top Device: EG4S20NG88***

IO Statistics
#IO                        19
  #input                   14
  #output                   5
  #inout                    0

Utilization Statistics
#lut                      714   out of  19600    3.64%
#reg                      458   out of  19600    2.34%
#le                       852
  #lut only               394   out of    852   46.24%
  #reg only               138   out of    852   16.20%
  #lut&reg                320   out of    852   37.56%
#dsp                        0   out of     29    0.00%
#bram                      12   out of     64   18.75%
  #bram9k                  12
  #fifo9k                   0
#bram32k                    8   out of     16   50.00%
#pad                       19   out of     66   28.79%
  #ireg                    10
  #oreg                     5
  #treg                     0
#pll                        0   out of      4    0.00%
#gclk                       2   out of     16   12.50%

Clock Resource Statistics
Index     ClockNet             Type               DriverType         Driver                      Fanout
#1        clk_dup_3            GCLK               io                 clk_syn_4.di                208
#2        config_inst_syn_9    GCLK               config             config_inst.jtck            94
#3        adc/clk_adc          GCLK               lslice             adc/clk_adc_reg_syn_5.q1    8


Detailed IO Report

     Name       Direction    Location    IOStandard    DriveStrength    PullType    PackReg  
     clk          INPUT        P34        LVCMOS25          N/A          PULLUP      NONE    
  data_in[7]      INPUT         P2        LVCMOS25          N/A          PULLUP      IREG    
  data_in[6]      INPUT         P3        LVCMOS25          N/A          PULLUP      IREG    
  data_in[5]      INPUT         P4        LVCMOS25          N/A          PULLUP      IREG    
  data_in[4]      INPUT         P5        LVCMOS25          N/A          PULLUP      IREG    
  data_in[3]      INPUT        P10        LVCMOS25          N/A          PULLUP      IREG    
  data_in[2]      INPUT        P11        LVCMOS25          N/A          PULLUP      IREG    
  data_in[1]      INPUT        P12        LVCMOS25          N/A          PULLUP      IREG    
  data_in[0]      INPUT        P13        LVCMOS25          N/A          PULLUP      IREG    
     eoc          INPUT        P60        LVCMOS25          N/A          PULLUP      NONE    
     key1         INPUT        P50        LVCMOS25          N/A          PULLUP      NONE    
     key2         INPUT        P30        LVCMOS25          N/A           N/A        IREG    
   reset_n        INPUT        P55        LVCMOS25          N/A          PULLUP      NONE    
   uart_rxd       INPUT        P54        LVCMOS25          N/A          PULLUP      IREG    
   adc_clk       OUTPUT        P57        LVCMOS25           8            NONE       OREG    
     ale         OUTPUT        P23        LVCMOS25           8            N/A        OREG    
      oe         OUTPUT        P86        LVCMOS25           8            NONE       OREG    
    start        OUTPUT        P59        LVCMOS25           8            NONE       OREG    
   uart_txd      OUTPUT        P52        LVCMOS25           8            NONE       OREG    

Report Hierarchy Area:
+---------------------------------------------------------------------------------------------------------+
|Instance                            |Module         |le     |lut     |ripple  |seq     |bram    |dsp     |
+---------------------------------------------------------------------------------------------------------+
|top                                 |top            |852    |567     |147     |473     |20      |0       |
|  adc                               |adc_ctrl       |12     |12      |0       |12      |0       |0       |
|  fifo_list                         |fifo_ctrl      |164    |85      |50      |56      |8       |0       |
|    fifo_list                       |fifo           |123    |62      |32      |52      |8       |0       |
|      ram_inst                      |ram_infer_fifo |0      |0       |0       |0       |8       |0       |
|  rx                                |uart_rx        |51     |45      |6       |33      |0       |0       |
|  tx                                |uart_tx        |97     |85      |8       |37      |0       |0       |
|  type                              |type_choice    |115    |107     |8       |65      |0       |0       |
|  cw_top                            |CW_TOP_WRAPPER |410    |230     |75      |254     |0       |0       |
|    wrapper_cwc_top                 |cwc_top        |410    |230     |75      |254     |0       |0       |
|      cfg_int_inst                  |cwc_cfg_int    |161    |75      |0       |149     |0       |0       |
|        reg_inst                    |register       |159    |73      |0       |147     |0       |0       |
|        tap_inst                    |tap            |2      |2       |0       |2       |0       |0       |
|      trigger_inst                  |trigger        |249    |155     |75      |105     |0       |0       |
|        bus_inst                    |bus_top        |37     |24      |10      |20      |0       |0       |
|          BUS_DETECTOR[0]$bus_nodes |bus_det        |30     |18      |10      |13      |0       |0       |
|          BUS_DETECTOR[1]$bus_nodes |bus_det        |2      |2       |0       |2       |0       |0       |
|          BUS_DETECTOR[2]$bus_nodes |bus_det        |2      |2       |0       |2       |0       |0       |
|          BUS_DETECTOR[3]$bus_nodes |bus_det        |2      |2       |0       |2       |0       |0       |
|          BUS_DETECTOR[5]$bus_nodes |bus_det        |1      |0       |0       |1       |0       |0       |
|        emb_ctrl_inst               |emb_ctrl       |123    |90      |33      |55      |0       |0       |
+---------------------------------------------------------------------------------------------------------+


DataNet Average Fanout:

   Index     Fanout     Nets  
    #1          1       612   
    #2          2       276   
    #3          3        84   
    #4          4        45   
    #5        5-10       55   
    #6        11-50      74   
    #7       51-100      1    
    #8       101-500     1    
  Average     2.93            

RUN-1002 : start command "export_db adc_pr.db"
RUN-1001 : Exported /
RUN-1001 : Exported flow parameters
RUN-1001 : Exported libs
RUN-1001 : Exported entities
RUN-1001 : Exported ports
RUN-1001 : Exported pins
RUN-1001 : Exported instances
RUN-1001 : Exported nets
RUN-1001 : Exported buses
RUN-1001 : Exported models
RUN-1001 : Exported congestions
RUN-1001 : Exported violations
RUN-1001 : Exported IO constraints
RUN-1001 : Exported Inst constraints
RUN-1001 : Exported ChipWatcher
RUN-1002 : start command "export_bid adc_inst.bid"
PRG-1000 : <!-- HMAC is: 9d0d2628f16580bca5fceab6b0d012f05f641aa7f0ae4503ee189fd90a19b039 -->
RUN-1002 : start command "bitgen -bit adc.bit"
BIT-1003 : Start to generate bitstream. 
BIT-1002 : Init instances with 16 threads.
BIT-1002 : Init instances completely, inst num: 492
BIT-1002 : Init pips with 16 threads.
BIT-1002 : Init pips completely, net num: 1184, pip num: 12721
BIT-1002 : Init feedthrough completely, num: 5
BIT-1003 : Multithreading accelaration with 16 threads.
BIT-1003 : Generate bitstream completely, there are 1670 valid insts, and 33355 bits set as '1'.
BIT-1004 : the usercode register value: 00000000001111111100110101100110
BIT-1004 : PLL setting string = 0000
BIT-1004 : Generate bits file adc.bit.
RUN-1003 : finish command "bitgen -bit adc.bit" in  2.992908s wall, 15.218750s user + 0.125000s system = 15.343750s CPU (512.7%)

RUN-1004 : used memory is 503 MB, reserved memory is 471 MB, peak memory is 703 MB
RUN-1002 : start command "backup_run_log run.log ../.logs/phy_1/td_20230306_175106.log"
