============================================================
   Tang Dynasty, V5.6.69102
      Copyright (c) 2012-2023 Anlogic Inc.
   Executable = C:/Anlogic/TD5.6.6910.2/bin/td.exe
   Built at =   20:14:16 Feb 16 2023
   Run by =     shaka
   Run Date =   Fri Mar  3 15:17:38 2023

   Run on =     BR007
============================================================
RUN-1002 : start command "open_project adc.prj"
RUN-1001 : Print Global Property
RUN-1001 : ---------------------------------------------------------------
RUN-1001 :        Parameters        |  Settings  |  Default Values  |  Note  
RUN-1001 : ---------------------------------------------------------------
RUN-1001 :          message         |  standard  |     standard     |        
RUN-1001 :   mixed_pack_place_flow  |     on     |        on        |        
RUN-1001 :        qor_monitor       |    off     |       off        |        
RUN-1001 :        syn_ip_flow       |    off     |       off        |        
RUN-1001 :          thread          |    auto    |       auto       |        
RUN-1001 : ---------------------------------------------------------------
RUN-1001 : Print Design Property
RUN-1001 : --------------------------------------------------------------
RUN-1001 :        Parameters       |  Settings  |  Default Values  |  Note  
RUN-1001 : --------------------------------------------------------------
RUN-1001 :   default_reg_initial   |    auto    |       auto       |        
RUN-1001 :        infer_add        |     on     |        on        |        
RUN-1001 :        infer_fsm        |    off     |       off        |        
RUN-1001 :        infer_mult       |     on     |        on        |        
RUN-1001 :        infer_ram        |     on     |        on        |        
RUN-1001 :        infer_reg        |     on     |        on        |        
RUN-1001 :   infer_reg_init_value  |     on     |        on        |        
RUN-1001 :        infer_rom        |     on     |        on        |        
RUN-1001 :      infer_shifter      |     on     |        on        |        
RUN-1001 : --------------------------------------------------------------
RUN-1001 : Print Rtl Property
RUN-1001 : --------------------------------------------------------------
RUN-1001 :        Parameters       |  Settings  |  Default Values  |  Note  
RUN-1001 : --------------------------------------------------------------
RUN-1001 :       compress_add      |   ripple   |      ripple      |        
RUN-1001 :        elf_sload        |    off     |       off        |        
RUN-1001 :       fix_undriven      |     0      |        0         |        
RUN-1001 :         flatten         |    off     |       off        |        
RUN-1001 :       gate_sharing      |     on     |        on        |        
RUN-1001 :    hdl_warning_level    |   normal   |      normal      |        
RUN-1001 :   impl_internal_tribuf  |     on     |        on        |        
RUN-1001 :      impl_set_reset     |     on     |        on        |        
RUN-1001 :        infer_gsr        |    off     |       off        |        
RUN-1001 :      keep_hierarchy     |    auto    |       auto       |        
RUN-1001 :        max_fanout       |    9999    |       9999       |        
RUN-1001 :      max_oh2bin_len     |     10     |        10        |        
RUN-1001 :       merge_equal       |     on     |        on        |        
RUN-1001 :       merge_equiv       |     on     |        on        |        
RUN-1001 :        merge_mux        |    off     |       off        |        
RUN-1001 :     min_control_set     |     8      |        8         |        
RUN-1001 :      min_ripple_len     |    auto    |       auto       |        
RUN-1001 :       oh2bin_ratio      |    0.08    |       0.08       |        
RUN-1001 :     opt_adder_fanout    |     on     |        on        |        
RUN-1001 :        opt_arith        |     on     |        on        |        
RUN-1001 :       opt_big_gate      |    off     |       off        |        
RUN-1001 :        opt_const        |     on     |        on        |        
RUN-1001 :      opt_const_mult     |     on     |        on        |        
RUN-1001 :       opt_lessthan      |     on     |        on        |        
RUN-1001 :         opt_mux         |    off     |       off        |        
RUN-1001 :         opt_ram         |    high    |       high       |        
RUN-1001 :      rtl_sim_model      |    off     |       off        |        
RUN-1001 :         seq_syn         |     on     |        on        |        
RUN-1001 : --------------------------------------------------------------
HDL-1007 : analyze verilog file ../../../Src/top.v
HDL-1007 : undeclared symbol 'uart_data', assumed default net type 'wire' in ../../../Src/top.v(33)
HDL-1007 : undeclared symbol 'valid', assumed default net type 'wire' in ../../../Src/top.v(34)
HDL-1007 : undeclared symbol 'adc_clk', assumed default net type 'wire' in ../../../Src/top.v(45)
HDL-1007 : undeclared symbol 'adc_en', assumed default net type 'wire' in ../../../Src/top.v(47)
HDL-1007 : undeclared symbol 'data', assumed default net type 'wire' in ../../../Src/top.v(53)
HDL-1007 : undeclared symbol 'data_en', assumed default net type 'wire' in ../../../Src/top.v(54)
HDL-1007 : undeclared symbol 'depth', assumed default net type 'wire' in ../../../Src/top.v(80)
HDL-1007 : undeclared symbol 'condition', assumed default net type 'wire' in ../../../Src/top.v(82)
HDL-1007 : undeclared symbol 'fifo_working', assumed default net type 'wire' in ../../../Src/top.v(84)
HDL-1007 : analyze verilog file ../../../Src/uart_rx.v
HDL-1007 : analyze verilog file ../../../Src/adc_ctrl.v
HDL-1007 : analyze verilog file ../../../Src/type_choice.v
RUN-1001 : Project manager successfully analyzed 4 source files.
RUN-1002 : start command "import_device eagle_s20.db -package EG4S20NG88"
ARC-1001 : Device Initialization.
ARC-1001 : ---------------------------------------------------------------
ARC-1001 :            OPTION            |        IO         |   SETTING   
ARC-1001 : ---------------------------------------------------------------
ARC-1001 :   cso_b/cclk/mosi/miso/dout  |  P69/P82/P81/P80  |    gpio    
ARC-1001 :             done             |        P8         |    gpio    
ARC-1001 :           program_b          |        P67        |  dedicate  
ARC-1001 :        tdi/tms/tck/tdo       |  P25/P22/P26/P21  |  dedicate  
ARC-1001 : ---------------------------------------------------------------
ARC-1004 : Device setting, marked 5 dedicate IOs in total.
RUN-1002 : start command "import_db ../syn_1/adc_gate.db"
RUN-1001 : Importing database generated by Tang Dynasty, V5.6.69102.
RUN-1001 : Database version number 46146.
RUN-1001 : Import flow parameters
RUN-1001 : Import IO constraints
RUN-1001 : Import Inst constraints
RUN-1001 : Import design success TD_VERSION=5.6.69102 , DB_VERSION=46146
RUN-1002 : start command "config_chipwatcher ../../../Debug/adc.cwc -dir "
RUN-1002 : start command "legalize_phy_inst"
SYN-1011 : Flatten model top
KIT-1004 : ChipWatcher: import watcher inst auto_chipwatcher_0 completed, there are 6 view nodes, 19 trigger nets, 19 data nets.
KIT-1004 : Chipwatcher code = 0100100100100110
KIT-5602 CRITICAL-WARNING: ChipWatcher: data view net cnt[3] of bus cnt is invalid.
KIT-5602 CRITICAL-WARNING: ChipWatcher: data view net cnt[2] of bus cnt is invalid.
KIT-5602 CRITICAL-WARNING: ChipWatcher: data view net cnt[1] of bus cnt is invalid.
KIT-5602 CRITICAL-WARNING: ChipWatcher: data view net cnt[0] of bus cnt is invalid.
KIT-5602 CRITICAL-WARNING: ChipWatcher: data view net data_rxen[3] of bus data_rxen is invalid.
KIT-5602 CRITICAL-WARNING: ChipWatcher: data view net data_rxen[2] of bus data_rxen is invalid.
KIT-5602 CRITICAL-WARNING: ChipWatcher: data view net data_rxen[1] of bus data_rxen is invalid.
KIT-5602 CRITICAL-WARNING: ChipWatcher: data view net data_rxen[0] of bus data_rxen is invalid.
KIT-5602 CRITICAL-WARNING: ChipWatcher: data view net state[0] of bus state is invalid.
KIT-5602 CRITICAL-WARNING: ChipWatcher: data view net uart_data[7] of bus uart_data is invalid.
KIT-5602 Similar messages will be suppressed.
KIT-5603 CRITICAL-WARNING: ChipWatcher: data view net valid is invalid.
KIT-8447 ERROR: ConfigChipWatcher: Fail to Sync with database ChipWatcher: data view net valid is invalid! #22.
RUN-1002 : start command "compile_watcher"
KIT-5602 CRITICAL-WARNING: ChipWatcher: data view net cnt[3] of bus cnt is invalid.
KIT-5602 CRITICAL-WARNING: ChipWatcher: data view net cnt[2] of bus cnt is invalid.
KIT-5602 CRITICAL-WARNING: ChipWatcher: data view net cnt[1] of bus cnt is invalid.
KIT-5602 CRITICAL-WARNING: ChipWatcher: data view net cnt[0] of bus cnt is invalid.
KIT-5602 CRITICAL-WARNING: ChipWatcher: data view net data_rxen[3] of bus data_rxen is invalid.
KIT-5602 CRITICAL-WARNING: ChipWatcher: data view net data_rxen[2] of bus data_rxen is invalid.
KIT-5602 CRITICAL-WARNING: ChipWatcher: data view net data_rxen[1] of bus data_rxen is invalid.
KIT-5602 CRITICAL-WARNING: ChipWatcher: data view net data_rxen[0] of bus data_rxen is invalid.
KIT-5602 CRITICAL-WARNING: ChipWatcher: data view net state[0] of bus state is invalid.
KIT-5602 CRITICAL-WARNING: ChipWatcher: data view net uart_data[7] of bus uart_data is invalid.
KIT-5602 Similar messages will be suppressed.
KIT-5603 CRITICAL-WARNING: ChipWatcher: data view net valid is invalid.
KIT-8447 ERROR: Compile Chipwatcher: Fail to Sync with database ChipWatcher: data view net valid is invalid! #22.
RUN-1002 : start command "backup_run_log run.log ../.logs/phy_1/td_20230303_151738.log"
