============================================================
   Tang Dynasty, V5.6.56362
   Copyright (c) 2012-2022 Anlogic
   Executable = C:/Anlogic/TD5.6.56362/bin/td.exe
   Built at =   19:51:00 Jul 25 2022
   Run by =     shaka
   Run Date =   Wed Mar  8 00:18:19 2023

   Run on =     BR007
============================================================
RUN-1002 : start command "open_project adc.prj"
RUN-1001 : Print Global Property
RUN-1001 : ---------------------------------------------------------------
RUN-1001 :        Parameters        |  Settings  |  Default Values  |  Note  
RUN-1001 : ---------------------------------------------------------------
RUN-1001 :          message         |  standard  |     standard     |        
RUN-1001 :   mixed_pack_place_flow  |     on     |        on        |        
RUN-1001 :        syn_ip_flow       |    off     |       off        |        
RUN-1001 :          thread          |    auto    |       auto       |        
RUN-1001 : ---------------------------------------------------------------
RUN-1001 : Print Design Property
RUN-1001 : --------------------------------------------------------------
RUN-1001 :        Parameters       |  Settings  |  Default Values  |  Note  
RUN-1001 : --------------------------------------------------------------
RUN-1001 :   default_reg_initial   |    auto    |       auto       |        
RUN-1001 :        infer_add        |     on     |        on        |        
RUN-1001 :        infer_fsm        |    off     |       off        |        
RUN-1001 :        infer_mult       |     on     |        on        |        
RUN-1001 :        infer_ram        |     on     |        on        |        
RUN-1001 :        infer_reg        |     on     |        on        |        
RUN-1001 :   infer_reg_init_value  |     on     |        on        |        
RUN-1001 :        infer_rom        |     on     |        on        |        
RUN-1001 :      infer_shifter      |     on     |        on        |        
RUN-1001 : --------------------------------------------------------------
RUN-1001 : Print Rtl Property
RUN-1001 : --------------------------------------------------------------
RUN-1001 :        Parameters       |  Settings  |  Default Values  |  Note  
RUN-1001 : --------------------------------------------------------------
RUN-1001 :       compress_add      |   ripple   |      ripple      |        
RUN-1001 :        elf_sload        |    off     |       off        |        
RUN-1001 :       fix_undriven      |     0      |        0         |        
RUN-1001 :         flatten         |    off     |       off        |        
RUN-1001 :       gate_sharing      |     on     |        on        |        
RUN-1001 :    hdl_warning_level    |   normal   |      normal      |        
RUN-1001 :   impl_internal_tribuf  |     on     |        on        |        
RUN-1001 :      impl_set_reset     |     on     |        on        |        
RUN-1001 :        infer_gsr        |    off     |       off        |        
RUN-1001 :      keep_hierarchy     |    auto    |       auto       |        
RUN-1001 :        max_fanout       |    9999    |       9999       |        
RUN-1001 :      max_oh2bin_len     |     10     |        10        |        
RUN-1001 :       merge_equal       |     on     |        on        |        
RUN-1001 :       merge_equiv       |     on     |        on        |        
RUN-1001 :        merge_mux        |    off     |       off        |        
RUN-1001 :     min_control_set     |     8      |        8         |        
RUN-1001 :      min_ripple_len     |    auto    |       auto       |        
RUN-1001 :       oh2bin_ratio      |    0.08    |       0.08       |        
RUN-1001 :     opt_adder_fanout    |     on     |        on        |        
RUN-1001 :        opt_arith        |     on     |        on        |        
RUN-1001 :       opt_big_gate      |    off     |       off        |        
RUN-1001 :        opt_const        |     on     |        on        |        
RUN-1001 :      opt_const_mult     |     on     |        on        |        
RUN-1001 :       opt_lessthan      |     on     |        on        |        
RUN-1001 :         opt_mux         |    off     |       off        |        
RUN-1001 :         opt_ram         |    high    |       high       |        
RUN-1001 :      rtl_sim_model      |    off     |       off        |        
RUN-1001 :         seq_syn         |     on     |        on        |        
RUN-1001 : --------------------------------------------------------------
HDL-1007 : analyze verilog file ../../../Core/fifo.v
HDL-1007 : analyze verilog file ../../../Src/top.v
HDL-1007 : undeclared symbol 'valid', assumed default net type 'wire' in ../../../Src/top.v(41)
HDL-1007 : undeclared symbol 'data_vld', assumed default net type 'wire' in ../../../Src/top.v(52)
HDL-1007 : undeclared symbol 'adc_en', assumed default net type 'wire' in ../../../Src/top.v(62)
HDL-1007 : undeclared symbol 'data_en', assumed default net type 'wire' in ../../../Src/top.v(69)
HDL-1007 : undeclared symbol 'fifo_working', assumed default net type 'wire' in ../../../Src/top.v(86)
HDL-1007 : undeclared symbol 'condition', assumed default net type 'wire' in ../../../Src/top.v(101)
HDL-1007 : analyze verilog file ../../../Src/uart_rx.v
HDL-1007 : analyze verilog file ../../../Src/uart_tx.v
HDL-1007 : analyze verilog file ../../../Src/adc_ctrl.v
HDL-1007 : analyze verilog file ../../../Src/type_choice.v
HDL-1007 : analyze verilog file ../../../Src/fifo_ctrl.v
HDL-1007 : undeclared symbol 'empty_flag', assumed default net type 'wire' in ../../../Src/fifo_ctrl.v(156)
RUN-1001 : Project manager successfully analyzed 7 source files.
RUN-1002 : start command "import_device eagle_s20.db -package EG4S20NG88"
ARC-1001 : Device Initialization.
ARC-1001 : ---------------------------------------------------------------
ARC-1001 :            OPTION            |        IO         |   SETTING   
ARC-1001 : ---------------------------------------------------------------
ARC-1001 :   cso_b/cclk/mosi/miso/dout  |  P69/P82/P81/P80  |    gpio    
ARC-1001 :             done             |        P8         |    gpio    
ARC-1001 :           program_b          |        P67        |  dedicate  
ARC-1001 :        tdi/tms/tck/tdo       |  P25/P22/P26/P21  |  dedicate  
ARC-1001 : ---------------------------------------------------------------
ARC-1004 : Device setting, marked 5 dedicate IOs in total.
RUN-1002 : start command "import_db ../syn_1/adc_gate.db"
RUN-1001 : Importing database generated by Tang Dynasty, V5.6.56362.
RUN-1001 : Database version number 46140.
RUN-1001 : Import flow parameters
RUN-1001 : Import timing constraints
RUN-1001 : Import IO constraints
RUN-1001 : Import Inst constraints
RUN-1001 : Import design success TD_VERSION=5.6.56362 , DB_VERSION=46140
RUN-1002 : start command "read_sdc"
USR-1002 : read_sdc file_name -help -h -eco
USR-1009 : NO module with IP_SDC ...
RUN-1104 : Import SDC file  finished, there are 0 nets kept by constraints.
RUN-1002 : start command "config_chipwatcher ../../../Debug/adc.cwc -dir "
RUN-1002 : start command "legalize_phy_inst"
SYN-1011 : Flatten model top
KIT-1004 : ChipWatcher: import watcher inst auto_chipwatcher_0 completed, there are 3 view nodes, 19 trigger nets, 19 data nets.
KIT-1004 : Chipwatcher code = 1110110111011111
RUN-1002 : start command "compile_watcher"
RUN-1002 : start command "read_verilog -no_sch -dir C:/Anlogic/TD5.6.56362/cw/ -file adc_watcherInst.sv -lib cw -top CW_TOP_WRAPPER"
HDL-1007 : analyze verilog file C:/Anlogic/TD5.6.56362/cw\bus_det.v
HDL-1007 : analyze verilog file C:/Anlogic/TD5.6.56362/cw\bus_top.sv
HDL-1007 : analyze verilog file C:/Anlogic/TD5.6.56362/cw\cfg_int.v
HDL-1007 : analyze verilog file C:/Anlogic/TD5.6.56362/cw\cwc_cfg_int.v
HDL-1007 : analyze verilog file C:/Anlogic/TD5.6.56362/cw\cwc_top.sv
HDL-1007 : analyze verilog file C:/Anlogic/TD5.6.56362/cw\detect_bus.v
HDL-1007 : analyze verilog file C:/Anlogic/TD5.6.56362/cw\detect_non_bus.v
HDL-1007 : analyze verilog file C:/Anlogic/TD5.6.56362/cw\emb_ctrl.v
HDL-1007 : analyze verilog file C:/Anlogic/TD5.6.56362/cw\register.v
HDL-1007 : analyze verilog file C:/Anlogic/TD5.6.56362/cw\tap.v
HDL-1007 : analyze verilog file C:/Anlogic/TD5.6.56362/cw\trigger.sv
HDL-1007 : analyze verilog file adc_watcherInst.sv
HDL-1007 : elaborate module CW_TOP_WRAPPER in adc_watcherInst.sv(1)
HDL-1007 : elaborate module cwc_top(BUS_NUM=3,BUS_DIN_NUM=19,BUS_CTRL_NUM=50,BUS_WIDTH='{32'sb01110,32'sb011,32'sb010},BUS_DIN_POS='{32'sb0,32'sb01110,32'sb010001},BUS_CTRL_POS='{32'sb0,32'sb0100000,32'sb0101010}) in C:/Anlogic/TD5.6.56362/cw\cwc_top.sv(21)
HDL-1007 : elaborate module cwc_cfg_int(CTRL_REG_LEN=72) in C:/Anlogic/TD5.6.56362/cw\cwc_cfg_int.v(21)
HDL-1007 : elaborate module register(CTRL_REG_LEN=72) in C:/Anlogic/TD5.6.56362/cw\register.v(21)
HDL-1007 : elaborate module tap in C:/Anlogic/TD5.6.56362/cw\tap.v(21)
HDL-1007 : elaborate module trigger(BUS_NUM=3,BUS_DIN_NUM=19,BUS_CTRL_NUM=50,BUS_WIDTH='{32'sb01110,32'sb011,32'sb010},BUS_DIN_POS='{32'sb0,32'sb01110,32'sb010001},BUS_CTRL_POS='{32'sb0,32'sb0100000,32'sb0101010}) in C:/Anlogic/TD5.6.56362/cw\trigger.sv(21)
HDL-1007 : elaborate module bus_top(BUS_NODE_NUM=3,BUS_DIN_NUM=19,BUS_CTRL_NUM=50,BUS_WIDTH='{32'sb01110,32'sb011,32'sb010},BUS_DIN_POS='{32'sb0,32'sb01110,32'sb010001},BUS_CTRL_POS='{32'sb0,32'sb0100000,32'sb0101010}) in C:/Anlogic/TD5.6.56362/cw\bus_top.sv(22)
HDL-1007 : elaborate module bus_det(BUS_WIDTH=32'sb01110) in C:/Anlogic/TD5.6.56362/cw\bus_det.v(21)
HDL-1007 : elaborate module bus_det(BUS_WIDTH=32'sb011) in C:/Anlogic/TD5.6.56362/cw\bus_det.v(21)
HDL-1007 : elaborate module bus_det(BUS_WIDTH=32'sb010) in C:/Anlogic/TD5.6.56362/cw\bus_det.v(21)
HDL-1007 : elaborate module emb_ctrl in C:/Anlogic/TD5.6.56362/cw\emb_ctrl.v(21)
HDL-1200 : Current top model is CW_TOP_WRAPPER
HDL-1100 : Inferred 0 RAMs.
RUN-1002 : start command "force_keep -a auto_chipwatcher_0_logicbram"
RUN-1002 : start command "optimize_rtl -no_sch"
RUN-1001 : Open license file C:/Anlogic/TD5.6.56362/license/Anlogic.lic
RUN-1001 : Print Global Property
RUN-1001 : ---------------------------------------------------------------
RUN-1001 :        Parameters        |  Settings  |  Default Values  |  Note  
RUN-1001 : ---------------------------------------------------------------
RUN-1001 :          message         |  standard  |     standard     |        
RUN-1001 :   mixed_pack_place_flow  |     on     |        on        |        
RUN-1001 :        syn_ip_flow       |    off     |       off        |        
RUN-1001 :          thread          |    auto    |       auto       |        
RUN-1001 : ---------------------------------------------------------------
RUN-1001 : Print Rtl Property
RUN-1001 : --------------------------------------------------------------
RUN-1001 :        Parameters       |  Settings  |  Default Values  |  Note  
RUN-1001 : --------------------------------------------------------------
RUN-1001 :       compress_add      |   ripple   |      ripple      |        
RUN-1001 :        elf_sload        |    off     |       off        |        
RUN-1001 :       fix_undriven      |     0      |        0         |        
RUN-1001 :         flatten         |    off     |       off        |        
RUN-1001 :       gate_sharing      |     on     |        on        |        
RUN-1001 :    hdl_warning_level    |   normal   |      normal      |        
RUN-1001 :   impl_internal_tribuf  |     on     |        on        |        
RUN-1001 :      impl_set_reset     |     on     |        on        |        
RUN-1001 :        infer_gsr        |    off     |       off        |        
RUN-1001 :      keep_hierarchy     |    auto    |       auto       |        
RUN-1001 :        max_fanout       |    9999    |       9999       |        
RUN-1001 :      max_oh2bin_len     |     10     |        10        |        
RUN-1001 :       merge_equal       |     on     |        on        |        
RUN-1001 :       merge_equiv       |     on     |        on        |        
RUN-1001 :        merge_mux        |    off     |       off        |        
RUN-1001 :     min_control_set     |     8      |        8         |        
RUN-1001 :      min_ripple_len     |    auto    |       auto       |        
RUN-1001 :       oh2bin_ratio      |    0.08    |       0.08       |        
RUN-1001 :     opt_adder_fanout    |     on     |        on        |        
RUN-1001 :        opt_arith        |     on     |        on        |        
RUN-1001 :       opt_big_gate      |    off     |       off        |        
RUN-1001 :        opt_const        |     on     |        on        |        
RUN-1001 :      opt_const_mult     |     on     |        on        |        
RUN-1001 :       opt_lessthan      |     on     |        on        |        
RUN-1001 :         opt_mux         |    off     |       off        |        
RUN-1001 :         opt_ram         |    high    |       high       |        
RUN-1001 :      rtl_sim_model      |    off     |       off        |        
RUN-1001 :         seq_syn         |     on     |        on        |        
RUN-1001 : --------------------------------------------------------------
SYN-1012 : SanityCheck: Model "top"
SYN-1012 : SanityCheck: Model "CW_TOP_WRAPPER"
SYN-1012 : SanityCheck: Model "cwc_top(BUS_NUM=3,BUS_DIN_NUM=19,BUS_CTRL_NUM=50,BUS_WIDTH='{32'sb01110,32'sb011,32'sb010},BUS_DIN_POS='{32'sb0,32'sb01110,32'sb010001},BUS_CTRL_POS='{32'sb0,32'sb0100000,32'sb0101010})"
SYN-1012 : SanityCheck: Model "cwc_cfg_int(CTRL_REG_LEN=72)"
SYN-1012 : SanityCheck: Model "register(CTRL_REG_LEN=72)"
SYN-1012 : SanityCheck: Model "tap"
SYN-1012 : SanityCheck: Model "trigger(BUS_NUM=3,BUS_DIN_NUM=19,BUS_CTRL_NUM=50,BUS_WIDTH='{32'sb01110,32'sb011,32'sb010},BUS_DIN_POS='{32'sb0,32'sb01110,32'sb010001},BUS_CTRL_POS='{32'sb0,32'sb0100000,32'sb0101010})"
SYN-1012 : SanityCheck: Model "bus_top(BUS_NODE_NUM=3,BUS_DIN_NUM=19,BUS_CTRL_NUM=50,BUS_WIDTH='{32'sb01110,32'sb011,32'sb010},BUS_DIN_POS='{32'sb0,32'sb01110,32'sb010001},BUS_CTRL_POS='{32'sb0,32'sb0100000,32'sb0101010})"
SYN-1012 : SanityCheck: Model "bus_det(BUS_WIDTH=32'sb01110)"
SYN-1012 : SanityCheck: Model "bus_det(BUS_WIDTH=32'sb011)"
SYN-1012 : SanityCheck: Model "bus_det(BUS_WIDTH=32'sb010)"
SYN-1012 : SanityCheck: Model "emb_ctrl"
SYN-1011 : Flatten model top
SYN-1032 : 1911/17 useful/useless nets, 1081/0 useful/useless insts
SYN-1016 : Merged 20 instances.
SYN-1014 : Optimize round 1
SYN-1032 : 1696/16 useful/useless nets, 1385/12 useful/useless insts
SYN-1021 : Optimized 3 onehot mux instances.
SYN-1020 : Optimized 1 distributor mux.
SYN-1019 : Optimized 3 mux instances.
SYN-1015 : Optimize round 1, 293 better
SYN-1014 : Optimize round 2
SYN-1032 : 1482/45 useful/useless nets, 1171/48 useful/useless insts
SYN-1015 : Optimize round 2, 96 better
SYN-1014 : Optimize round 3
SYN-1015 : Optimize round 3, 0 better
RUN-1002 : start command "optimize_gate -no_sch"
RUN-1001 : Open license file C:/Anlogic/TD5.6.56362/license/Anlogic.lic
RUN-1001 : Print Global Property
RUN-1001 : ---------------------------------------------------------------
RUN-1001 :        Parameters        |  Settings  |  Default Values  |  Note  
RUN-1001 : ---------------------------------------------------------------
RUN-1001 :          message         |  standard  |     standard     |        
RUN-1001 :   mixed_pack_place_flow  |     on     |        on        |        
RUN-1001 :        syn_ip_flow       |    off     |       off        |        
RUN-1001 :          thread          |    auto    |       auto       |        
RUN-1001 : ---------------------------------------------------------------
RUN-1001 : Print Gate Property
RUN-1001 : ------------------------------------------------------------------
RUN-1001 :          Parameters         |  Settings  |  Default Values  |  Note  
RUN-1001 : ------------------------------------------------------------------
RUN-1001 :         cascade_dsp         |    off     |       off        |        
RUN-1001 :         cascade_eram        |    off     |       off        |        
RUN-1001 :        gate_sim_model       |    off     |       off        |        
RUN-1001 :        map_sim_model        |    off     |       off        |        
RUN-1001 :         map_strategy        |     1      |        1         |        
RUN-1001 :           opt_area          |   medium   |      medium      |        
RUN-1001 :          opt_timing         |    auto    |       auto       |        
RUN-1001 :         pack_effort         |   medium   |      medium      |        
RUN-1001 :      pack_lslice_ripple     |     on     |        on        |        
RUN-1001 :   pack_lslice_ripple_ratio  |    0.5     |       0.5        |        
RUN-1001 :        pack_seq_in_io       |    auto    |       auto       |        
RUN-1001 :        ph1_mux_ratio        |    1.0     |       1.0        |        
RUN-1001 :            report           |  standard  |     standard     |        
RUN-1001 :           retiming          |    off     |       off        |        
RUN-1001 : ------------------------------------------------------------------
SYN-2001 : Map 19 IOs to PADs
RUN-1002 : start command "update_pll_param -module top"
SYN-2501 : Processed 0 LOGIC_BUF instances.
SYN-2512 : LOGIC BRAM "auto_chipwatcher_0_logicbram"
SYN-2571 : Optimize after map_dsp, round 1
SYN-1032 : 1490/77 useful/useless nets, 1187/23 useful/useless insts
SYN-1016 : Merged 6 instances.
SYN-2571 : Optimize after map_dsp, round 1, 106 better
SYN-2571 : Optimize after map_dsp, round 2
SYN-2571 : Optimize after map_dsp, round 2, 0 better
SYN-1001 : Throwback 3 control mux instances
SYN-2501 : Optimize round 1
SYN-1016 : Merged 20 instances.
SYN-2501 : Optimize round 1, 41 better
SYN-2501 : Optimize round 2
SYN-2501 : Optimize round 2, 0 better
SYN-2501 : Map 16 macro adder
SYN-1019 : Optimized 13 mux instances.
SYN-1016 : Merged 15 instances.
SYN-1032 : 1856/17 useful/useless nets, 1553/3 useful/useless insts
RUN-1002 : start command "start_timer -prepack"
TMR-2505 : Start building timing graph for model top.
TMR-2506 : Build timing graph completely. Port num: 12, tpin num: 6674, tnet num: 1856, tinst num: 1552, tnode num: 8460, tedge num: 10336.
TMR-2508 : Levelizing timing graph completed, there are 51 levels in total.
TMR-2501 : Timing graph initialized successfully.
TMR-2503 : Start to update net delay, extr mode = 2.
TMR-2504 : Update delay of 1856 nets completely.
TMR-2502 : Annotate delay completely, extr mode = 2.
TMR-3001 : Initiate 0 clocks from SDC.
TMR-3004 : Map sdc constraints, there are 0 constraints in total.
TMR-3003 : Constraints initiated successfully.
TMR-3501 : Forward propagation: start to calculate arrival time...
TMR-3502 : Backward propagation: start to calculate required time...
TMR-3503 : Timing propagation completes.
SYN-3001 : Running gate level optimization.
SYN-2581 : Mapping with K=5, #lut = 162 (3.70), #lev = 7 (1.92)
SYN-2551 : Post LUT mapping optimization.
SYN-2581 : Mapping with K=5, #lut = 162 (3.70), #lev = 7 (1.92)
SYN-3001 : Logic optimization runtime opt =   0.02 sec, map =   0.00 sec
SYN-3001 : Mapper mapped 382 instances into 162 LUTs, name keeping = 76%.
SYN-1001 : Packing model "top" ...
SYN-4010 : Pack lib has 58 rtl pack models with 25 top pack blocks
SYN-1014 : Optimize round 1
SYN-1015 : Optimize round 1, 0 better
SYN-4002 : Packing 258 DFF/LATCH to SEQ ...
SYN-4009 : Pack 7 carry chain into lslice
SYN-4007 : Packing 94 adder to BLE ...
SYN-4008 : Packed 94 adder and 0 SEQ to BLE.
SYN-4007 : Packing 0 gate4 to BLE ...
SYN-4008 : Packed 0 gate4 and 0 SEQ to BLE.
SYN-4012 : Packed 0 FxMUX
RUN-1002 : start command "legalize_phy_inst"
SYN-1011 : Flatten model top
KIT-1004 : Compile Chipwatcher: Clear obsolete physical data.
RUN-1003 : finish command "compile_watcher" in  1.200483s wall, 1.125000s user + 0.062500s system = 1.187500s CPU (98.9%)

RUN-1004 : used memory is 175 MB, reserved memory is 143 MB, peak memory is 186 MB
RUN-1002 : start command "place"
RUN-1001 : Open license file C:/Anlogic/TD5.6.56362/license/Anlogic.lic
RUN-1001 : Print Global Property
RUN-1001 : ---------------------------------------------------------------
RUN-1001 :        Parameters        |  Settings  |  Default Values  |  Note  
RUN-1001 : ---------------------------------------------------------------
RUN-1001 :          message         |  standard  |     standard     |        
RUN-1001 :   mixed_pack_place_flow  |     on     |        on        |        
RUN-1001 :        syn_ip_flow       |    off     |       off        |        
RUN-1001 :          thread          |    auto    |       auto       |        
RUN-1001 : ---------------------------------------------------------------
RUN-1001 : Print Place Property
RUN-1001 : --------------------------------------------------------------
RUN-1001 :        Parameters       |  Settings  |  Default Values  |  Note  
RUN-1001 : --------------------------------------------------------------
RUN-1001 :      detailed_place     |     on     |        on        |        
RUN-1001 :          effort         |   medium   |      medium      |        
RUN-1001 :         fix_hold        |    off     |       off        |        
RUN-1001 :       legalization      |    ori     |       ori        |        
RUN-1001 :      new_spreading      |     on     |        on        |        
RUN-1001 :        opt_timing       |   medium   |      medium      |        
RUN-1001 :   post_clock_route_opt  |    off     |       off        |        
RUN-1001 :       pr_strategy       |     1      |        1         |        
RUN-1001 :        relaxation       |    1.00    |       1.00       |        
RUN-1001 :         retiming        |    off     |       off        |        
RUN-1001 : --------------------------------------------------------------
PHY-3001 : Placer runs in 16 thread(s).
RUN-1002 : start command "legalize_phy_inst"
SYN-1011 : Flatten model top
SYN-4036 : The kept net key1_dup_3 is useless
SYN-5055 WARNING: The kept net fifo_list/fifo_list/re will be merged to another kept net fifo_list/re
SYN-5055 WARNING: The kept net fifo_list/fifo_list/we will be merged to another kept net fifo_list/we
SYN-5055 WARNING: The kept net fifo_list/fifo_list/wr_addr_diff[13] will be merged to another kept net fifo_list/wrusedw[13]
SYN-5055 WARNING: The kept net fifo_list/fifo_list/wr_addr_diff[12] will be merged to another kept net fifo_list/wrusedw[12]
SYN-5055 WARNING: The kept net fifo_list/fifo_list/wr_addr_diff[11] will be merged to another kept net fifo_list/wrusedw[11]
SYN-5055 WARNING: The kept net fifo_list/fifo_list/wr_addr_diff[10] will be merged to another kept net fifo_list/wrusedw[10]
SYN-5055 WARNING: The kept net fifo_list/fifo_list/wr_addr_diff[9] will be merged to another kept net fifo_list/wrusedw[9]
SYN-5055 WARNING: The kept net fifo_list/fifo_list/wr_addr_diff[8] will be merged to another kept net fifo_list/wrusedw[8]
SYN-5055 WARNING: The kept net fifo_list/fifo_list/wr_addr_diff[7] will be merged to another kept net fifo_list/wrusedw[7]
SYN-5055 WARNING: The kept net fifo_list/fifo_list/wr_addr_diff[6] will be merged to another kept net fifo_list/wrusedw[6]
SYN-5055 Similar messages will be suppressed.
RUN-1002 : start command "phys_opt -simplify_lut"
SYN-4016 : Net config_inst_syn_10 driven by BUFG (165 clock/control pins, 0 other pins).
SYN-4024 : Net "clk_dup_3" drives clk pins.
SYN-4024 : Net "adc/clk_adc" drives clk pins.
SYN-4025 : Tag rtl::Net adc/clk_adc as clock net
SYN-4025 : Tag rtl::Net clk_dup_3 as clock net
SYN-4025 : Tag rtl::Net config_inst_syn_10 as clock net
SYN-4026 : Tagged 3 rtl::Net as clock net
SYN-4015 : Create BUFG instance for clk Net adc/clk_adc to drive 6 clock pins.
PHY-1001 : Populate physical database on model top.
RUN-1001 : There are total 1072 instances
RUN-0007 : 419 luts, 467 seqs, 86 mslices, 59 lslices, 19 pads, 17 brams, 0 dsps
RUN-1001 : There are total 1382 nets
RUN-6004 WARNING: There are 1 nets with only 1 pin.
RUN-1001 : 853 nets have 2 pins
RUN-1001 : 385 nets have [3 - 5] pins
RUN-1001 : 69 nets have [6 - 10] pins
RUN-1001 : 57 nets have [11 - 20] pins
RUN-1001 : 11 nets have [21 - 99] pins
RUN-1001 : 6 nets have 100+ pins
RUN-1001 : Report Control nets information:
RUN-1001 : DFF Distribution
RUN-1001 : ----------------------------------
RUN-1001 :   CE   |  SSR  |  ASR  |  DFF Count  
RUN-1001 : ----------------------------------
RUN-1001 :   No   |  No   |  No   |      8      
RUN-1001 :   No   |  No   |  Yes  |     222     
RUN-1001 :   No   |  Yes  |  No   |      0      
RUN-1001 :   Yes  |  No   |  No   |      9      
RUN-1001 :   Yes  |  No   |  Yes  |     228     
RUN-1001 :   Yes  |  Yes  |  No   |      0      
RUN-1001 : ----------------------------------
RUN-0007 : Control Group Statistic
RUN-0007 : ---------------------------
RUN-0007 :   #CLK  |  #CE  |  #SSR/ASR  
RUN-0007 : ---------------------------
RUN-0007 :    3    |   9   |     6      
RUN-0007 : ---------------------------
RUN-0007 : Control Set = 15
PHY-3001 : Initial placement ...
PHY-3001 : design contains 1070 instances, 419 luts, 467 seqs, 145 slices, 23 macros(145 instances: 86 mslices 59 lslices)
PHY-0007 : Cell area utilization is 3%
PHY-3001 : Start timing update ...
RUN-1002 : start command "start_timer -report"
TMR-2505 : Start building timing graph for model top.
TMR-2506 : Build timing graph completely. Port num: 12, tpin num: 5660, tnet num: 1380, tinst num: 1070, tnode num: 7440, tedge num: 9499.
TMR-2508 : Levelizing timing graph completed, there are 29 levels in total.
TMR-2501 : Timing graph initialized successfully.
TMR-2503 : Start to update net delay, extr mode = 2.
TMR-2504 : Update delay of 1380 nets completely.
TMR-2502 : Annotate delay completely, extr mode = 2.
TMR-3001 : Initiate 0 clocks from SDC.
TMR-3004 : Map sdc constraints, there are 0 constraints in total.
TMR-3003 : Constraints initiated successfully.
TMR-3501 : Forward propagation: start to calculate arrival time...
TMR-3502 : Backward propagation: start to calculate required time...
TMR-3503 : Timing propagation completes.
PHY-3001 : End timing update;  0.195337s wall, 0.203125s user + 0.000000s system = 0.203125s CPU (104.0%)

PHY-3001 : Global placement ...
PHY-3001 : Initial: Len = 338709
PHY-3001 : Clustering ...
PHY-3001 : Level 0 #clusters 1070.
PHY-3001 : End clustering;  0.000049s wall, 0.000000s user + 0.000000s system = 0.000000s CPU (n/a%)

PHY-3001 : Run with size of 4
PHY-3001 : Cell area utilization is 3%
PHY-3001 : :::0::: Try harder cell spreading with beta_ = 0
PHY-3002 : Step(1): len = 210936, overlap = 56.25
PHY-3002 : Step(2): len = 141290, overlap = 56.25
PHY-3002 : Step(3): len = 100403, overlap = 51.75
PHY-3002 : Step(4): len = 84326.6, overlap = 51.75
PHY-3002 : Step(5): len = 69505.8, overlap = 56.25
PHY-3002 : Step(6): len = 60863.4, overlap = 56.25
PHY-3002 : Step(7): len = 53163.4, overlap = 56.25
PHY-3002 : Step(8): len = 48069.3, overlap = 56.25
PHY-3002 : Step(9): len = 45162.1, overlap = 56.25
PHY-3002 : Step(10): len = 40114.8, overlap = 56.25
PHY-3002 : Step(11): len = 38911.3, overlap = 56.25
PHY-3002 : Step(12): len = 36852.9, overlap = 56.25
PHY-3002 : Step(13): len = 35136.3, overlap = 56.25
PHY-3002 : Step(14): len = 34514.2, overlap = 56.25
PHY-3001 : :::1::: Try harder cell spreading with beta_ = 2.68544e-06
PHY-3002 : Step(15): len = 37588.1, overlap = 56.25
PHY-3002 : Step(16): len = 37821.2, overlap = 56.25
PHY-3002 : Step(17): len = 37654.6, overlap = 51.75
PHY-3002 : Step(18): len = 37886.7, overlap = 51.75
PHY-3002 : Step(19): len = 37328.5, overlap = 47.25
PHY-3002 : Step(20): len = 36986.9, overlap = 51.75
PHY-3002 : Step(21): len = 36342, overlap = 51.75
PHY-3002 : Step(22): len = 35817.7, overlap = 47.25
PHY-3002 : Step(23): len = 35798.9, overlap = 47.25
PHY-3002 : Step(24): len = 35785.5, overlap = 47.25
PHY-3002 : Step(25): len = 34841.8, overlap = 51.75
PHY-3002 : Step(26): len = 33743.8, overlap = 51.75
PHY-3002 : Step(27): len = 33989.4, overlap = 51.75
PHY-3002 : Step(28): len = 34357.9, overlap = 47.25
PHY-3002 : Step(29): len = 34481.9, overlap = 51.75
PHY-3002 : Step(30): len = 33515.5, overlap = 51.7812
PHY-3002 : Step(31): len = 32647.4, overlap = 52.375
PHY-3002 : Step(32): len = 32390.9, overlap = 52.375
PHY-3002 : Step(33): len = 32793.6, overlap = 52.75
PHY-3002 : Step(34): len = 33084.6, overlap = 52.9688
PHY-3002 : Step(35): len = 32990.9, overlap = 53.4062
PHY-3002 : Step(36): len = 31639, overlap = 53.4062
PHY-3002 : Step(37): len = 31374.4, overlap = 53.4062
PHY-3002 : Step(38): len = 31651.9, overlap = 53.75
PHY-3002 : Step(39): len = 31751.9, overlap = 53.75
PHY-3002 : Step(40): len = 31805.1, overlap = 53.75
PHY-3001 : :::2::: Try harder cell spreading with beta_ = 5.37089e-06
PHY-3002 : Step(41): len = 32647, overlap = 53.75
PHY-3002 : Step(42): len = 32752.1, overlap = 53.75
PHY-3002 : Step(43): len = 33075.4, overlap = 49.5
PHY-3001 : :::3::: Try harder cell spreading with beta_ = 1.07418e-05
PHY-3002 : Step(44): len = 34665.5, overlap = 54
PHY-3002 : Step(45): len = 34746.7, overlap = 54
PHY-3002 : Step(46): len = 34595.1, overlap = 51.75
PHY-3002 : Step(47): len = 34667, overlap = 47.25
PHY-3002 : Step(48): len = 35058.8, overlap = 47.25
PHY-3001 : Legalization ...
PHY-3001 : End legalization;  0.014972s wall, 0.015625s user + 0.000000s system = 0.015625s CPU (104.4%)

PHY-3001 : Run with size of 4
PHY-3001 : Cell area utilization is 4%
PHY-3001 : Update timing in Manhattan mode ...
TMR-2503 : Start to update net delay, extr mode = 3.
TMR-2504 : Update delay of 1380 nets completely.
TMR-2502 : Annotate delay completely, extr mode = 3.
TMR-3501 : Forward propagation: start to calculate arrival time...
TMR-3502 : Backward propagation: start to calculate required time...
TMR-3503 : Timing propagation completes.
PHY-3001 : End timing update;  0.028418s wall, 0.031250s user + 0.000000s system = 0.031250s CPU (110.0%)

PHY-3001 : :::0::: Try harder cell spreading with beta_ = 0
PHY-3002 : Step(49): len = 47250.5, overlap = 10.5
PHY-3002 : Step(50): len = 47249.9, overlap = 10.6875
PHY-3002 : Step(51): len = 45863.2, overlap = 11.4688
PHY-3002 : Step(52): len = 45766.5, overlap = 11.875
PHY-3002 : Step(53): len = 45169.9, overlap = 14
PHY-3002 : Step(54): len = 44800.2, overlap = 16.3125
PHY-3002 : Step(55): len = 44554.6, overlap = 16.4062
PHY-3002 : Step(56): len = 43691.7, overlap = 18.1562
PHY-3002 : Step(57): len = 43661.8, overlap = 17.9062
PHY-3002 : Step(58): len = 43423.6, overlap = 18.75
PHY-3002 : Step(59): len = 43364.7, overlap = 18.5
PHY-3002 : Step(60): len = 43258.8, overlap = 18.125
PHY-3001 : :::1::: Try harder cell spreading with beta_ = 0.00142734
PHY-3002 : Step(61): len = 43463.7, overlap = 16.4062
PHY-3002 : Step(62): len = 43565.1, overlap = 15.7188
PHY-3002 : Step(63): len = 43604.1, overlap = 15.7812
PHY-3001 : Run with size of 2
PHY-3001 : Cell area utilization is 4%
PHY-3001 : Update timing in Manhattan mode ...
TMR-2503 : Start to update net delay, extr mode = 3.
TMR-2504 : Update delay of 1380 nets completely.
TMR-2502 : Annotate delay completely, extr mode = 3.
TMR-3501 : Forward propagation: start to calculate arrival time...
TMR-3502 : Backward propagation: start to calculate required time...
TMR-3503 : Timing propagation completes.
PHY-3001 : End timing update;  0.029180s wall, 0.015625s user + 0.000000s system = 0.015625s CPU (53.5%)

PHY-3001 : :::0::: Try harder cell spreading with beta_ = 3.11294e-05
PHY-3002 : Step(64): len = 44344.2, overlap = 37.5312
PHY-3002 : Step(65): len = 44660.7, overlap = 37.0625
PHY-3002 : Step(66): len = 45007.3, overlap = 31.4688
PHY-3001 : :::1::: Try harder cell spreading with beta_ = 6.22588e-05
PHY-3002 : Step(67): len = 44855.3, overlap = 28.5625
PHY-3002 : Step(68): len = 45079.9, overlap = 28.375
PHY-3002 : Step(69): len = 45268.7, overlap = 27
PHY-3001 : :::2::: Try harder cell spreading with beta_ = 0.000124518
PHY-3002 : Step(70): len = 45396.5, overlap = 27.3125
PHY-3002 : Step(71): len = 45467.4, overlap = 27.0312
PHY-3002 : Step(72): len = 45527, overlap = 26
OPT-1001 : Start physical optimization ...
RUN-1002 : start command "start_timer -report"
TMR-2505 : Start building timing graph for model top.
TMR-2506 : Build timing graph completely. Port num: 12, tpin num: 5660, tnet num: 1380, tinst num: 1070, tnode num: 7440, tedge num: 9499.
TMR-2508 : Levelizing timing graph completed, there are 29 levels in total.
TMR-2501 : Timing graph initialized successfully.
OPT-1001 : Total overflow 62.25 peak overflow 4.03
OPT-1001 : Start high-fanout net optimization ...
OPT-1001 : Update timing in global mode
PHY-1001 : Start incremental global routing, caller is place ...
RUN-1001 : Generating global routing grids ...
RUN-1001 : Building simple global routing graph ...
PHY-1001 : Generate routing nets ...
PHY-1001 : Reuse net number 0/1382.
PHY-1001 : Global iterations in 16 thread ...
PHY-1002 : len = 55296, over cnt = 175(0%), over = 688, worst = 13
PHY-1001 : End global iterations;  0.104389s wall, 0.015625s user + 0.015625s system = 0.031250s CPU (29.9%)

PHY-1001 : Congestion index: top1 = 33.17, top5 = 20.13, top10 = 13.09, top15 = 9.50.
PHY-1001 : End incremental global routing;  0.168972s wall, 0.046875s user + 0.031250s system = 0.078125s CPU (46.2%)

TMR-2503 : Start to update net delay, extr mode = 5.
TMR-2504 : Update delay of 1380 nets completely.
TMR-2502 : Annotate delay completely, extr mode = 5.
TMR-3001 : Initiate 0 clocks from SDC.
TMR-3004 : Map sdc constraints, there are 0 constraints in total.
TMR-3003 : Constraints initiated successfully.
TMR-3501 : Forward propagation: start to calculate arrival time...
TMR-3502 : Backward propagation: start to calculate required time...
TMR-3503 : Timing propagation completes.
OPT-1001 : End timing update;  0.035784s wall, 0.062500s user + 0.000000s system = 0.062500s CPU (174.7%)

OPT-1001 : 0 high-fanout net processed.
OPT-1001 : End high-fanout net optimization;  0.227590s wall, 0.125000s user + 0.031250s system = 0.156250s CPU (68.7%)

OPT-1001 : Current memory(MB): used = 225, reserve = 193, peak = 225.
OPT-1001 : Start global optimization ...
OPT-1001 : Start congestion update ...
RUN-1001 : Generating global routing grids ...
PHY-1001 : Generate routing nets ...
PHY-1001 : Reuse net number 932/1382.
PHY-1001 : Global iterations in 16 thread ...
PHY-1002 : len = 55296, over cnt = 175(0%), over = 688, worst = 13
PHY-1002 : len = 59944, over cnt = 103(0%), over = 261, worst = 12
PHY-1002 : len = 61976, over cnt = 28(0%), over = 60, worst = 9
PHY-1002 : len = 62272, over cnt = 2(0%), over = 3, worst = 2
PHY-1002 : len = 62304, over cnt = 0(0%), over = 0, worst = 0
PHY-1001 : End global iterations;  0.128882s wall, 0.125000s user + 0.000000s system = 0.125000s CPU (97.0%)

PHY-1001 : Congestion index: top1 = 30.09, top5 = 19.54, top10 = 13.63, top15 = 10.29.
OPT-1001 : End congestion update;  0.185198s wall, 0.187500s user + 0.000000s system = 0.187500s CPU (101.2%)

OPT-1001 : Update timing in Manhattan mode
TMR-2503 : Start to update net delay, extr mode = 3.
TMR-2504 : Update delay of 1380 nets completely.
TMR-2502 : Annotate delay completely, extr mode = 3.
TMR-3501 : Forward propagation: start to calculate arrival time...
TMR-3502 : Backward propagation: start to calculate required time...
TMR-3503 : Timing propagation completes.
OPT-1001 : End timing update;  0.028035s wall, 0.015625s user + 0.000000s system = 0.015625s CPU (55.7%)

OPT-0007 : Start: WNS 2147483647 TNS 0 NUM_FEPS 0
OPT-1001 : End global optimization;  0.213384s wall, 0.203125s user + 0.000000s system = 0.203125s CPU (95.2%)

OPT-1001 : Current memory(MB): used = 226, reserve = 194, peak = 226.
OPT-1001 : End physical optimization;  0.640536s wall, 0.515625s user + 0.031250s system = 0.546875s CPU (85.4%)

PHY-3001 : Start packing ...
SYN-4007 : Packing 0 MUX to BLE ...
SYN-4008 : Packed 0 MUX and 0 SEQ to BLE.
SYN-4007 : Packing 419 LUT to BLE ...
SYN-4008 : Packed 419 LUT and 181 SEQ to BLE.
SYN-4003 : Packing 286 remaining SEQ's ...
SYN-4005 : Packed 147 SEQ with LUT/SLICE
SYN-4006 : 114 single LUT's are left
SYN-4006 : 139 single SEQ's are left
SYN-4011 : Packing model "top" (AL_USER_NORMAL) with 558/884 primitive instances ...
PHY-3001 : End packing;  0.044177s wall, 0.046875s user + 0.000000s system = 0.046875s CPU (106.1%)

PHY-1001 : Populate physical database on model top.
RUN-1001 : There are total 495 instances
RUN-1001 : 227 mslices, 227 lslices, 19 pads, 17 brams, 0 dsps
RUN-1001 : There are total 1202 nets
RUN-6004 WARNING: There are 1 nets with only 1 pin.
RUN-1001 : 669 nets have 2 pins
RUN-1001 : 390 nets have [3 - 5] pins
RUN-1001 : 69 nets have [6 - 10] pins
RUN-1001 : 57 nets have [11 - 20] pins
RUN-1001 : 12 nets have [21 - 99] pins
RUN-1001 : 4 nets have 100+ pins
PHY-3001 : design contains 493 instances, 454 slices, 23 macros(145 instances: 86 mslices 59 lslices)
PHY-3001 : Cell area utilization is 6%
PHY-3001 : After packing: Len = 45865.2, Over = 37.75
PHY-3001 : Run with size of 2
PHY-3001 : Cell area utilization is 6%
PHY-3001 : Update timing in Manhattan mode ...
RUN-1002 : start command "start_timer -report"
TMR-2505 : Start building timing graph for model top.
TMR-2506 : Build timing graph completely. Port num: 12, tpin num: 4873, tnet num: 1200, tinst num: 493, tnode num: 6171, tedge num: 8478.
TMR-2508 : Levelizing timing graph completed, there are 29 levels in total.
TMR-2501 : Timing graph initialized successfully.
TMR-2503 : Start to update net delay, extr mode = 3.
TMR-2504 : Update delay of 1200 nets completely.
TMR-2502 : Annotate delay completely, extr mode = 3.
TMR-3001 : Initiate 0 clocks from SDC.
TMR-3004 : Map sdc constraints, there are 0 constraints in total.
TMR-3003 : Constraints initiated successfully.
TMR-3501 : Forward propagation: start to calculate arrival time...
TMR-3502 : Backward propagation: start to calculate required time...
TMR-3503 : Timing propagation completes.
PHY-3001 : End timing update;  0.226184s wall, 0.203125s user + 0.000000s system = 0.203125s CPU (89.8%)

PHY-3001 : :::0::: Try harder cell spreading with beta_ = 1.76403e-05
PHY-3002 : Step(73): len = 44982.4, overlap = 37.25
PHY-3002 : Step(74): len = 45110.4, overlap = 36.75
PHY-3002 : Step(75): len = 45091.8, overlap = 37
PHY-3001 : :::1::: Try harder cell spreading with beta_ = 3.52806e-05
PHY-3002 : Step(76): len = 44983.8, overlap = 37.75
PHY-3002 : Step(77): len = 45139.8, overlap = 36.5
PHY-3002 : Step(78): len = 45269.8, overlap = 35.5
PHY-3001 : :::2::: Try harder cell spreading with beta_ = 7.05612e-05
PHY-3002 : Step(79): len = 45561.3, overlap = 34.25
PHY-3002 : Step(80): len = 45561.3, overlap = 34.25
PHY-3001 : Legalization ...
PHY-3001 : End legalization;  0.140058s wall, 0.000000s user + 0.000000s system = 0.000000s CPU (n/a%)

PHY-3001 : Trial Legalized: Len = 55099.6
PHY-3001 : Run with size of 2
PHY-3001 : Cell area utilization is 6%
PHY-3001 : Update timing in Manhattan mode ...
TMR-2503 : Start to update net delay, extr mode = 3.
TMR-2504 : Update delay of 1200 nets completely.
TMR-2502 : Annotate delay completely, extr mode = 3.
TMR-3501 : Forward propagation: start to calculate arrival time...
TMR-3502 : Backward propagation: start to calculate required time...
TMR-3503 : Timing propagation completes.
PHY-3001 : End timing update;  0.032513s wall, 0.000000s user + 0.000000s system = 0.000000s CPU (n/a%)

PHY-3001 : :::0::: Try harder cell spreading with beta_ = 0.000669891
PHY-3002 : Step(81): len = 51664.7, overlap = 5.75
PHY-3002 : Step(82): len = 50567.6, overlap = 10.75
PHY-3002 : Step(83): len = 48846.9, overlap = 12.5
PHY-3002 : Step(84): len = 48030, overlap = 13.25
PHY-3002 : Step(85): len = 47864.6, overlap = 13.25
PHY-3002 : Step(86): len = 47607, overlap = 13.5
PHY-3001 : :::1::: Try harder cell spreading with beta_ = 0.00133978
PHY-3002 : Step(87): len = 47661.5, overlap = 13.5
PHY-3002 : Step(88): len = 47669.3, overlap = 14
PHY-3001 : :::2::: Try harder cell spreading with beta_ = 0.00267956
PHY-3002 : Step(89): len = 47655.2, overlap = 13.5
PHY-3002 : Step(90): len = 47655.2, overlap = 13.5
PHY-3001 : Legalization ...
PHY-3001 : End legalization;  0.005407s wall, 0.000000s user + 0.000000s system = 0.000000s CPU (n/a%)

PHY-3001 : Legalized: Len = 52227.9, Over = 0
PHY-3001 : Spreading special nets. 3 overflows in 2952 tiles.
PHY-3001 : End spreading;  0.005088s wall, 0.000000s user + 0.000000s system = 0.000000s CPU (n/a%)

PHY-3001 : 5 instances has been re-located, deltaX = 0, deltaY = 5, maxDist = 1.
PHY-3001 : Final: Len = 52315.9, Over = 0
OPT-1001 : Start physical optimization ...
RUN-1002 : start command "start_timer -report"
TMR-2505 : Start building timing graph for model top.
TMR-2506 : Build timing graph completely. Port num: 12, tpin num: 4873, tnet num: 1200, tinst num: 493, tnode num: 6171, tedge num: 8478.
TMR-2508 : Levelizing timing graph completed, there are 29 levels in total.
TMR-2501 : Timing graph initialized successfully.
OPT-1001 : Total overflow 0.00 peak overflow 0.00
OPT-1001 : Start high-fanout net optimization ...
OPT-1001 : Update timing in global mode
PHY-1001 : Start incremental global routing, caller is place ...
RUN-1001 : Generating global routing grids ...
PHY-1001 : Generate routing nets ...
PHY-1001 : Reuse net number 93/1202.
PHY-1001 : Global iterations in 16 thread ...
PHY-1002 : len = 66600, over cnt = 150(0%), over = 244, worst = 5
PHY-1002 : len = 67632, over cnt = 76(0%), over = 112, worst = 5
PHY-1002 : len = 68544, over cnt = 24(0%), over = 38, worst = 4
PHY-1002 : len = 68456, over cnt = 0(0%), over = 0, worst = 0
PHY-1001 : End global iterations;  0.192694s wall, 0.062500s user + 0.015625s system = 0.078125s CPU (40.5%)

PHY-1001 : Congestion index: top1 = 29.12, top5 = 20.64, top10 = 15.12, top15 = 11.47.
PHY-1001 : End incremental global routing;  0.259398s wall, 0.078125s user + 0.015625s system = 0.093750s CPU (36.1%)

TMR-2503 : Start to update net delay, extr mode = 5.
TMR-2504 : Update delay of 1200 nets completely.
TMR-2502 : Annotate delay completely, extr mode = 5.
TMR-3001 : Initiate 0 clocks from SDC.
TMR-3004 : Map sdc constraints, there are 0 constraints in total.
TMR-3003 : Constraints initiated successfully.
TMR-3501 : Forward propagation: start to calculate arrival time...
TMR-3502 : Backward propagation: start to calculate required time...
TMR-3503 : Timing propagation completes.
OPT-1001 : End timing update;  0.032551s wall, 0.031250s user + 0.000000s system = 0.031250s CPU (96.0%)

OPT-1001 : 0 high-fanout net processed.
OPT-1001 : End high-fanout net optimization;  0.314611s wall, 0.140625s user + 0.015625s system = 0.156250s CPU (49.7%)

OPT-1001 : Current memory(MB): used = 228, reserve = 197, peak = 231.
OPT-1001 : Start path based optimization ...
OPT-1001 : Start congestion update ...
RUN-1001 : Generating global routing grids ...
PHY-1001 : Generate routing nets ...
PHY-1001 : Reuse net number 1025/1202.
PHY-1001 : Global iterations in 16 thread ...
PHY-1002 : len = 68456, over cnt = 0(0%), over = 0, worst = 0
PHY-1001 : End global iterations;  0.008105s wall, 0.000000s user + 0.000000s system = 0.000000s CPU (n/a%)

PHY-1001 : Congestion index: top1 = 29.12, top5 = 20.64, top10 = 15.12, top15 = 11.47.
OPT-1001 : End congestion update;  0.066193s wall, 0.078125s user + 0.000000s system = 0.078125s CPU (118.0%)

OPT-1001 : Update timing in Manhattan mode
TMR-2503 : Start to update net delay, extr mode = 3.
TMR-2504 : Update delay of 1200 nets completely.
TMR-2502 : Annotate delay completely, extr mode = 3.
TMR-3501 : Forward propagation: start to calculate arrival time...
TMR-3502 : Backward propagation: start to calculate required time...
TMR-3503 : Timing propagation completes.
OPT-1001 : End timing update;  0.024383s wall, 0.015625s user + 0.000000s system = 0.015625s CPU (64.1%)

OPT-0007 : Start: WNS 2147483647 TNS 0 NUM_FEPS 0
OPT-1001 : End path based optimization;  0.090681s wall, 0.093750s user + 0.000000s system = 0.093750s CPU (103.4%)

OPT-1001 : Current memory(MB): used = 229, reserve = 197, peak = 231.
OPT-1001 : Update timing in Manhattan mode
TMR-2503 : Start to update net delay, extr mode = 3.
TMR-2504 : Update delay of 1200 nets completely.
TMR-2502 : Annotate delay completely, extr mode = 3.
TMR-3501 : Forward propagation: start to calculate arrival time...
TMR-3502 : Backward propagation: start to calculate required time...
TMR-3503 : Timing propagation completes.
OPT-1001 : End timing update;  0.022518s wall, 0.015625s user + 0.000000s system = 0.015625s CPU (69.4%)

OPT-1001 : Start pin optimization...
OPT-1001 : skip pin optimization...
OPT-1001 : Update timing in global mode
PHY-1001 : Start incremental global routing, caller is place ...
RUN-1001 : Generating global routing grids ...
PHY-1001 : Generate routing nets ...
PHY-1001 : Reuse net number 1025/1202.
PHY-1001 : Global iterations in 16 thread ...
PHY-1002 : len = 68456, over cnt = 0(0%), over = 0, worst = 0
PHY-1001 : End global iterations;  0.008679s wall, 0.015625s user + 0.000000s system = 0.015625s CPU (180.0%)

PHY-1001 : Congestion index: top1 = 29.12, top5 = 20.64, top10 = 15.12, top15 = 11.47.
PHY-1001 : End incremental global routing;  0.066898s wall, 0.062500s user + 0.000000s system = 0.062500s CPU (93.4%)

TMR-2503 : Start to update net delay, extr mode = 5.
TMR-2504 : Update delay of 1200 nets completely.
TMR-2502 : Annotate delay completely, extr mode = 5.
TMR-3501 : Forward propagation: start to calculate arrival time...
TMR-3502 : Backward propagation: start to calculate required time...
TMR-3503 : Timing propagation completes.
OPT-1001 : End timing update;  0.030606s wall, 0.046875s user + 0.000000s system = 0.046875s CPU (153.2%)

RUN-1001 : Generating global routing grids ...
PHY-1001 : Generate routing nets ...
PHY-1001 : Reuse net number 1025/1202.
PHY-1001 : Global iterations in 16 thread ...
PHY-1002 : len = 68456, over cnt = 0(0%), over = 0, worst = 0
PHY-1001 : End global iterations;  0.008253s wall, 0.015625s user + 0.000000s system = 0.015625s CPU (189.3%)

PHY-1001 : Congestion index: top1 = 29.12, top5 = 20.64, top10 = 15.12, top15 = 11.47.
OPT-1001 : Update timing in Manhattan mode
TMR-2503 : Start to update net delay, extr mode = 3.
TMR-2504 : Update delay of 1200 nets completely.
TMR-2502 : Annotate delay completely, extr mode = 3.
TMR-3501 : Forward propagation: start to calculate arrival time...
TMR-3502 : Backward propagation: start to calculate required time...
TMR-3503 : Timing propagation completes.
OPT-1001 : End timing update;  0.039192s wall, 0.015625s user + 0.000000s system = 0.015625s CPU (39.9%)

RUN-1001 : QoR Analysis:
OPT-0007 :   WNS 2147483647 TNS 0 NUM_FEPS 0
RUN-1001 :   No local congestion issue, and most congested 1% tile average routing util is 28.758621
RUN-1001 :   Top critical paths
OPT-1001 : End physical optimization;  0.849969s wall, 0.671875s user + 0.015625s system = 0.687500s CPU (80.9%)

RUN-1003 : finish command "place" in  5.120007s wall, 2.609375s user + 0.859375s system = 3.468750s CPU (67.7%)

RUN-1004 : used memory is 216 MB, reserved memory is 184 MB, peak memory is 231 MB
RUN-1002 : start command "export_db adc_place.db"
RUN-1001 : Exported /
RUN-1001 : Exported flow parameters
RUN-1001 : Exported libs
RUN-1001 : Exported entities
RUN-1001 : Exported ports
RUN-1001 : Exported pins
RUN-1001 : Exported instances
RUN-1001 : Exported nets
RUN-1001 : Exported buses
RUN-1001 : Exported models
RUN-1001 : Exported congestions
RUN-1001 : Exported violations
RUN-1001 : Exported timing constraints
RUN-1001 : Exported IO constraints
RUN-1001 : Exported Inst constraints
RUN-1001 : Exported ChipWatcher
RUN-1002 : start command "route"
RUN-1001 : Open license file C:/Anlogic/TD5.6.56362/license/Anlogic.lic
RUN-1001 : Print Global Property
RUN-1001 : ---------------------------------------------------------------
RUN-1001 :        Parameters        |  Settings  |  Default Values  |  Note  
RUN-1001 : ---------------------------------------------------------------
RUN-1001 :          message         |  standard  |     standard     |        
RUN-1001 :   mixed_pack_place_flow  |     on     |        on        |        
RUN-1001 :        syn_ip_flow       |    off     |       off        |        
RUN-1001 :          thread          |    auto    |       auto       |        
RUN-1001 : ---------------------------------------------------------------
RUN-1001 : Print Route Property
RUN-1001 : -------------------------------------------------------
RUN-1001 :    Parameters    |  Settings  |  Default Values  |  Note  
RUN-1001 : -------------------------------------------------------
RUN-1001 :      effort      |   medium   |      medium      |        
RUN-1001 :     fix_hold     |    off     |       off        |        
RUN-1001 :    opt_timing    |   medium   |      medium      |        
RUN-1001 :   phy_sim_model  |    off     |       off        |        
RUN-1001 :     priority     |   timing   |      timing      |        
RUN-1001 :     swap_pin     |     on     |        on        |        
RUN-1001 : -------------------------------------------------------
PHY-1001 : Route runs in 16 thread(s)
RUN-1001 : There are total 495 instances
RUN-1001 : 227 mslices, 227 lslices, 19 pads, 17 brams, 0 dsps
RUN-1001 : There are total 1202 nets
RUN-6004 WARNING: There are 1 nets with only 1 pin.
RUN-1001 : 669 nets have 2 pins
RUN-1001 : 390 nets have [3 - 5] pins
RUN-1001 : 69 nets have [6 - 10] pins
RUN-1001 : 57 nets have [11 - 20] pins
RUN-1001 : 12 nets have [21 - 99] pins
RUN-1001 : 4 nets have 100+ pins
RUN-1002 : start command "start_timer -report"
TMR-2505 : Start building timing graph for model top.
TMR-2506 : Build timing graph completely. Port num: 12, tpin num: 4873, tnet num: 1200, tinst num: 493, tnode num: 6171, tedge num: 8478.
TMR-2508 : Levelizing timing graph completed, there are 29 levels in total.
TMR-2501 : Timing graph initialized successfully.
PHY-1001 : 227 mslices, 227 lslices, 19 pads, 17 brams, 0 dsps
TMR-2503 : Start to update net delay, extr mode = 3.
TMR-2504 : Update delay of 1200 nets completely.
TMR-2502 : Annotate delay completely, extr mode = 3.
TMR-3001 : Initiate 0 clocks from SDC.
TMR-3004 : Map sdc constraints, there are 0 constraints in total.
TMR-3003 : Constraints initiated successfully.
TMR-3501 : Forward propagation: start to calculate arrival time...
TMR-3502 : Backward propagation: start to calculate required time...
TMR-3503 : Timing propagation completes.
PHY-1001 : Start global routing, caller is route ...
RUN-1001 : Generating global routing grids ...
PHY-1001 : Generate routing nets ...
PHY-1001 : Global iterations in 16 thread ...
PHY-1002 : len = 65768, over cnt = 144(0%), over = 247, worst = 5
PHY-1002 : len = 67064, over cnt = 67(0%), over = 85, worst = 4
PHY-1002 : len = 67928, over cnt = 11(0%), over = 18, worst = 3
PHY-1002 : len = 68024, over cnt = 0(0%), over = 0, worst = 0
PHY-1001 : End global iterations;  0.210526s wall, 0.031250s user + 0.031250s system = 0.062500s CPU (29.7%)

PHY-1001 : Congestion index: top1 = 29.05, top5 = 20.56, top10 = 15.10, top15 = 11.48.
PHY-1001 : End global routing;  0.278735s wall, 0.093750s user + 0.031250s system = 0.125000s CPU (44.8%)

PHY-1001 : Start detail routing ...
PHY-1001 : Current memory(MB): used = 252, reserve = 221, peak = 302.
PHY-1001 : Detailed router is running in normal mode.
PHY-1001 : Generate detailed routing grids ...
PHY-1001 : Generate nets ...
PHY-1001 : net clk_dup_3 will be routed on clock mesh
PHY-5010 WARNING: Net key1_dup_3 is skipped due to 0 input or output
PHY-1001 : clock net adc/clk_adc_syn_4 will be merged with clock adc/clk_adc
PHY-1001 : clock net config_inst_syn_10 will be merged with clock config_inst_syn_9
PHY-5010 WARNING: Net key1_dup_3 is skipped due to 0 input or output
PHY-1001 : Current memory(MB): used = 518, reserve = 491, peak = 518.
PHY-1001 : End build detailed router design. 3.980695s wall, 3.781250s user + 0.031250s system = 3.812500s CPU (95.8%)

PHY-1001 : Detail Route ...
PHY-1001 : ===== Detail Route Phase 1 =====
PHY-1001 : Clock net routing.....
PHY-1001 : Routed 0% nets.
PHY-1022 : len = 17336, over cnt = 0(0%), over = 0, worst = 0, crit = 0
PHY-1001 : End initial clock net routed; 1.116886s wall, 1.093750s user + 0.015625s system = 1.109375s CPU (99.3%)

PHY-1001 : Current memory(MB): used = 550, reserve = 524, peak = 550.
PHY-1001 : End phase 1; 1.128012s wall, 1.109375s user + 0.015625s system = 1.125000s CPU (99.7%)

PHY-1001 : ===== Detail Route Phase 2 =====
PHY-1001 : Initial routing.....
PHY-1001 : Routed 20% nets.
PHY-1001 : Routed 27% nets.
PHY-1001 : Routed 30% nets.
PHY-1001 : Routed 33% nets.
PHY-1001 : Routed 35% nets.
PHY-1001 : Patch 632 net; 3.137240s wall, 3.078125s user + 0.000000s system = 3.078125s CPU (98.1%)

PHY-1022 : len = 150040, over cnt = 68(0%), over = 68, worst = 1, crit = 0
PHY-1001 : Current memory(MB): used = 551, reserve = 525, peak = 551.
PHY-1001 : End initial routed; 4.492597s wall, 4.453125s user + 0.015625s system = 4.468750s CPU (99.5%)

PHY-1001 : Update timing.....
PHY-1001 : 0/1058(0%) critical/total net(s).
RUN-1001 : ------------------------------------------
RUN-1001 :   Type   |    WNS(ns)    |  TNS(ns)  |  FEP  
RUN-1001 : ------------------------------------------
RUN-1001 :   Setup  |  2147483.647  |   0.000   |   0   
RUN-1001 :   Hold   |  2147483.647  |   0.000   |   0   
RUN-1001 : ------------------------------------------
PHY-1001 : End update timing; 0.261688s wall, 0.265625s user + 0.000000s system = 0.265625s CPU (101.5%)

PHY-1001 : Current memory(MB): used = 553, reserve = 527, peak = 553.
PHY-1001 : End phase 2; 4.754373s wall, 4.718750s user + 0.015625s system = 4.734375s CPU (99.6%)

PHY-1001 : ===== Detail Route Phase 3 =====
PHY-1001 : Optimize timing.....
PHY-1022 : len = 150040, over cnt = 68(0%), over = 68, worst = 1, crit = 0
PHY-1001 : End optimize timing; 0.008999s wall, 0.000000s user + 0.000000s system = 0.000000s CPU (n/a%)

PHY-1001 : Ripup-reroute.....
PHY-1001 : ===== DR Iter 1 =====
PHY-1022 : len = 150048, over cnt = 21(0%), over = 21, worst = 1, crit = 0
PHY-1001 : End DR Iter 1; 0.101678s wall, 0.046875s user + 0.000000s system = 0.046875s CPU (46.1%)

PHY-1001 : ===== DR Iter 2 =====
PHY-1022 : len = 150120, over cnt = 3(0%), over = 3, worst = 1, crit = 0
PHY-1001 : End DR Iter 2; 0.036487s wall, 0.000000s user + 0.000000s system = 0.000000s CPU (n/a%)

PHY-1001 : ===== DR Iter 3 =====
PHY-1022 : len = 150136, over cnt = 0(0%), over = 0, worst = 0, crit = 0
PHY-1001 : End DR Iter 3; 0.026196s wall, 0.015625s user + 0.000000s system = 0.015625s CPU (59.6%)

PHY-1001 : Update timing.....
PHY-1001 : 0/1058(0%) critical/total net(s).
RUN-1001 : ------------------------------------------
RUN-1001 :   Type   |    WNS(ns)    |  TNS(ns)  |  FEP  
RUN-1001 : ------------------------------------------
RUN-1001 :   Setup  |  2147483.647  |   0.000   |   0   
RUN-1001 :   Hold   |  2147483.647  |   0.000   |   0   
RUN-1001 : ------------------------------------------
PHY-1001 : End update timing; 0.263241s wall, 0.265625s user + 0.000000s system = 0.265625s CPU (100.9%)

PHY-1001 : Commit to database.....
PHY-1001 : 15 feed throughs used by 13 nets
PHY-1001 : End commit to database; 0.154496s wall, 0.156250s user + 0.000000s system = 0.156250s CPU (101.1%)

PHY-1001 : Current memory(MB): used = 566, reserve = 539, peak = 566.
PHY-1001 : End phase 3; 0.730828s wall, 0.640625s user + 0.000000s system = 0.640625s CPU (87.7%)

PHY-1003 : Routed, final wirelength = 150136
PHY-1001 : Current memory(MB): used = 566, reserve = 540, peak = 566.
PHY-1001 : End export database. 0.014699s wall, 0.015625s user + 0.000000s system = 0.015625s CPU (106.3%)

PHY-1001 : End detail routing;  10.868739s wall, 10.515625s user + 0.062500s system = 10.578125s CPU (97.3%)

RUN-1003 : finish command "route" in  11.458960s wall, 10.890625s user + 0.093750s system = 10.984375s CPU (95.9%)

RUN-1004 : used memory is 508 MB, reserved memory is 482 MB, peak memory is 566 MB
RUN-1002 : start command "report_area -io_info -file adc_phy.area"
RUN-1001 : standard
***Report Model: top Device: EG4S20NG88***

IO Statistics
#IO                        19
  #input                   14
  #output                   5
  #inout                    0

Utilization Statistics
#lut                      723   out of  19600    3.69%
#reg                      474   out of  19600    2.42%
#le                       862
  #lut only               388   out of    862   45.01%
  #reg only               139   out of    862   16.13%
  #lut&reg                335   out of    862   38.86%
#dsp                        0   out of     29    0.00%
#bram                       9   out of     64   14.06%
  #bram9k                   9
  #fifo9k                   0
#bram32k                    8   out of     16   50.00%
#pad                       19   out of     66   28.79%
  #ireg                     0
  #oreg                     0
  #treg                     0
#pll                        0   out of      4    0.00%
#gclk                       3   out of     16   18.75%

Clock Resource Statistics
Index     ClockNet             Type               DriverType         Driver                  Fanout
#1        clk_dup_3            GCLK               io                 clk_syn_4.di            206
#2        config_inst_syn_9    GCLK               config             config_inst.jtck        96
#3        adc/clk_adc          GCLK               lslice             type/sel3_syn_878.q0    4


Detailed IO Report

     Name       Direction    Location    IOStandard    DriveStrength    PullType    PackReg  
     clk          INPUT        P34        LVCMOS25          N/A          PULLUP      NONE    
  data_in[7]      INPUT         P2        LVCMOS25          N/A          PULLUP      NONE    
  data_in[6]      INPUT         P3        LVCMOS25          N/A          PULLUP      NONE    
  data_in[5]      INPUT         P4        LVCMOS25          N/A          PULLUP      NONE    
  data_in[4]      INPUT         P5        LVCMOS25          N/A          PULLUP      NONE    
  data_in[3]      INPUT        P10        LVCMOS25          N/A          PULLUP      NONE    
  data_in[2]      INPUT        P11        LVCMOS25          N/A          PULLUP      NONE    
  data_in[1]      INPUT        P12        LVCMOS25          N/A          PULLUP      NONE    
  data_in[0]      INPUT        P13        LVCMOS25          N/A          PULLUP      NONE    
     eoc          INPUT        P60        LVCMOS25          N/A          PULLUP      NONE    
     key1         INPUT        P50        LVCMOS25          N/A          PULLUP      NONE    
     key2         INPUT        P30        LVCMOS25          N/A           N/A        NONE    
   reset_n        INPUT        P55        LVCMOS25          N/A          PULLUP      NONE    
   uart_rxd       INPUT        P54        LVCMOS25          N/A          PULLUP      NONE    
   adc_clk       OUTPUT        P57        LVCMOS25           8            NONE       NONE    
     ale         OUTPUT        P23        LVCMOS25           8            N/A        NONE    
      oe         OUTPUT        P86        LVCMOS25           8            NONE       NONE    
    start        OUTPUT        P59        LVCMOS25           8            NONE       NONE    
   uart_txd      OUTPUT        P52        LVCMOS25           8            NONE       NONE    

Report Hierarchy Area:
+---------------------------------------------------------------------------------------------------------+
|Instance                            |Module         |le     |lut     |ripple  |seq     |bram    |dsp     |
+---------------------------------------------------------------------------------------------------------+
|top                                 |top            |862    |578     |145     |474     |17      |0       |
|  adc                               |adc_ctrl       |18     |10      |0       |18      |0       |0       |
|  fifo_list                         |fifo_ctrl      |152    |88      |40      |56      |8       |0       |
|    fifo_list                       |fifo           |124    |68      |32      |51      |8       |0       |
|      ram_inst                      |ram_infer_fifo |0      |0       |0       |0       |8       |0       |
|  rx                                |uart_rx        |50     |44      |6       |36      |0       |0       |
|  tx                                |uart_tx        |90     |69      |8       |38      |0       |0       |
|  type                              |type_choice    |119    |111     |8       |69      |0       |0       |
|  cw_top                            |CW_TOP_WRAPPER |432    |255     |83      |257     |0       |0       |
|    wrapper_cwc_top                 |cwc_top        |432    |255     |83      |257     |0       |0       |
|      cfg_int_inst                  |cwc_cfg_int    |168    |91      |0       |159     |0       |0       |
|        reg_inst                    |register       |165    |88      |0       |156     |0       |0       |
|        tap_inst                    |tap            |3      |3       |0       |3       |0       |0       |
|      trigger_inst                  |trigger        |264    |164     |83      |98      |0       |0       |
|        bus_inst                    |bus_top        |60     |30      |22      |19      |0       |0       |
|          BUS_DETECTOR[0]$bus_nodes |bus_det        |41     |18      |16      |9       |0       |0       |
|          BUS_DETECTOR[1]$bus_nodes |bus_det        |16     |10      |6       |7       |0       |0       |
|          BUS_DETECTOR[2]$bus_nodes |bus_det        |3      |2       |0       |3       |0       |0       |
|        emb_ctrl_inst               |emb_ctrl       |114    |85      |29      |55      |0       |0       |
+---------------------------------------------------------------------------------------------------------+


DataNet Average Fanout:

   Index     Fanout     Nets  
    #1          1       650   
    #2          2       251   
    #3          3       107   
    #4          4        31   
    #5        5-10       72   
    #6        11-50      63   
    #7       51-100      2    
    #8       101-500     1    
  Average     2.84            

RUN-1002 : start command "export_db adc_pr.db"
RUN-1001 : Exported /
RUN-1001 : Exported flow parameters
RUN-1001 : Exported libs
RUN-1001 : Exported entities
RUN-1001 : Exported ports
RUN-1001 : Exported pins
RUN-1001 : Exported instances
RUN-1001 : Exported nets
RUN-1001 : Exported buses
RUN-1001 : Exported models
RUN-1001 : Exported congestions
RUN-1001 : Exported violations
RUN-1001 : Exported timing constraints
RUN-1001 : Exported IO constraints
RUN-1001 : Exported Inst constraints
RUN-1001 : Exported ChipWatcher
RUN-1002 : start command "export_bid adc_inst.bid"
RUN-1002 : start command "bitgen -bit adc.bit"
BIT-1003 : Start to generate bitstream. 
BIT-1002 : Init instances with 16 threads.
BIT-1002 : Init instances completely, inst num: 493
BIT-1002 : Init pips with 16 threads.
BIT-1002 : Init pips completely, net num: 1202, pip num: 11409
BIT-1002 : Init feedthrough with 16 threads.
BIT-1002 : Init feedthrough completely, num: 15
BIT-1003 : Multithreading accelaration with 16 threads.
BIT-1003 : Generate bitstream completely, there are 1263 valid insts, and 30903 bits set as '1'.
BIT-1004 : the usercode register value: 00000000101100101110110111011111
BIT-1004 : PLL setting string = 0000
BIT-1004 : Generate bits file adc.bit.
RUN-1003 : finish command "bitgen -bit adc.bit" in  2.564219s wall, 12.718750s user + 0.156250s system = 12.875000s CPU (502.1%)

RUN-1004 : used memory is 521 MB, reserved memory is 495 MB, peak memory is 703 MB
RUN-1002 : start command "backup_run_log run.log ../.logs/phy_1/td_20230308_001819.log"
