============================================================
   Tang Dynasty, V5.6.69102
      Copyright (c) 2012-2023 Anlogic Inc.
   Executable = C:/Anlogic/TD5.6.6910.2/bin/td.exe
   Built at =   20:14:16 Feb 16 2023
   Run by =     shaka
   Run Date =   Wed Mar  8 19:08:44 2023

   Run on =     BR007
============================================================
RUN-1002 : start command "open_project adc.prj"
RUN-1001 : Print Global Property
RUN-1001 : ---------------------------------------------------------------
RUN-1001 :        Parameters        |  Settings  |  Default Values  |  Note  
RUN-1001 : ---------------------------------------------------------------
RUN-1001 :          message         |  standard  |     standard     |        
RUN-1001 :   mixed_pack_place_flow  |     on     |        on        |        
RUN-1001 :        qor_monitor       |    off     |       off        |        
RUN-1001 :        syn_ip_flow       |    off     |       off        |        
RUN-1001 :          thread          |    auto    |       auto       |        
RUN-1001 : ---------------------------------------------------------------
RUN-1001 : Print Design Property
RUN-1001 : --------------------------------------------------------------
RUN-1001 :        Parameters       |  Settings  |  Default Values  |  Note  
RUN-1001 : --------------------------------------------------------------
RUN-1001 :   default_reg_initial   |    auto    |       auto       |        
RUN-1001 :        infer_add        |     on     |        on        |        
RUN-1001 :        infer_fsm        |    off     |       off        |        
RUN-1001 :        infer_mult       |     on     |        on        |        
RUN-1001 :        infer_ram        |     on     |        on        |        
RUN-1001 :        infer_reg        |     on     |        on        |        
RUN-1001 :   infer_reg_init_value  |     on     |        on        |        
RUN-1001 :        infer_rom        |     on     |        on        |        
RUN-1001 :      infer_shifter      |     on     |        on        |        
RUN-1001 : --------------------------------------------------------------
RUN-1001 : Print Rtl Property
RUN-1001 : --------------------------------------------------------------
RUN-1001 :        Parameters       |  Settings  |  Default Values  |  Note  
RUN-1001 : --------------------------------------------------------------
RUN-1001 :       compress_add      |   ripple   |      ripple      |        
RUN-1001 :        elf_sload        |    off     |       off        |        
RUN-1001 :       fix_undriven      |     0      |        0         |        
RUN-1001 :         flatten         |    off     |       off        |        
RUN-1001 :       gate_sharing      |     on     |        on        |        
RUN-1001 :    hdl_warning_level    |   normal   |      normal      |        
RUN-1001 :   impl_internal_tribuf  |     on     |        on        |        
RUN-1001 :      impl_set_reset     |     on     |        on        |        
RUN-1001 :        infer_gsr        |    off     |       off        |        
RUN-1001 :      keep_hierarchy     |    auto    |       auto       |        
RUN-1001 :        max_fanout       |    9999    |       9999       |        
RUN-1001 :      max_oh2bin_len     |     10     |        10        |        
RUN-1001 :       merge_equal       |     on     |        on        |        
RUN-1001 :       merge_equiv       |     on     |        on        |        
RUN-1001 :        merge_mux        |    off     |       off        |        
RUN-1001 :     min_control_set     |     8      |        8         |        
RUN-1001 :      min_ripple_len     |    auto    |       auto       |        
RUN-1001 :       oh2bin_ratio      |    0.08    |       0.08       |        
RUN-1001 :     opt_adder_fanout    |     on     |        on        |        
RUN-1001 :        opt_arith        |     on     |        on        |        
RUN-1001 :       opt_big_gate      |    off     |       off        |        
RUN-1001 :        opt_const        |     on     |        on        |        
RUN-1001 :      opt_const_mult     |     on     |        on        |        
RUN-1001 :       opt_lessthan      |     on     |        on        |        
RUN-1001 :         opt_mux         |    off     |       off        |        
RUN-1001 :         opt_ram         |    high    |       high       |        
RUN-1001 :      rtl_sim_model      |    off     |       off        |        
RUN-1001 :         seq_syn         |     on     |        on        |        
RUN-1001 : --------------------------------------------------------------
HDL-1007 : analyze verilog file ../../../Core/fifo.v
HDL-1007 : analyze verilog file ../../../Src/top.v
HDL-1007 : undeclared symbol 'valid', assumed default net type 'wire' in ../../../Src/top.v(61)
HDL-1007 : undeclared symbol 'data_vld', assumed default net type 'wire' in ../../../Src/top.v(72)
HDL-1007 : undeclared symbol 'adc_en', assumed default net type 'wire' in ../../../Src/top.v(82)
HDL-1007 : undeclared symbol 'data_en', assumed default net type 'wire' in ../../../Src/top.v(89)
HDL-1007 : undeclared symbol 'fifo_working', assumed default net type 'wire' in ../../../Src/top.v(106)
HDL-1007 : undeclared symbol 'key', assumed default net type 'wire' in ../../../Src/top.v(116)
HDL-1007 : undeclared symbol 'condition', assumed default net type 'wire' in ../../../Src/top.v(120)
HDL-1007 : analyze verilog file ../../../Src/uart_rx.v
HDL-1007 : analyze verilog file ../../../Src/uart_tx.v
HDL-1007 : analyze verilog file ../../../Src/adc_ctrl.v
HDL-1007 : analyze verilog file ../../../Src/type_choice.v
HDL-1007 : analyze verilog file ../../../Src/fifo_ctrl.v
HDL-1007 : undeclared symbol 'empty_flag', assumed default net type 'wire' in ../../../Src/fifo_ctrl.v(176)
HDL-1007 : analyze verilog file ../../../Src/anjian.v
RUN-1001 : Project manager successfully analyzed 8 source files.
RUN-1002 : start command "import_device eagle_s20.db -package EG4S20NG88"
ARC-1001 : Device Initialization.
ARC-1001 : ---------------------------------------------------------------
ARC-1001 :            OPTION            |        IO         |   SETTING   
ARC-1001 : ---------------------------------------------------------------
ARC-1001 :   cso_b/cclk/mosi/miso/dout  |  P69/P82/P81/P80  |    gpio    
ARC-1001 :             done             |        P8         |    gpio    
ARC-1001 :           program_b          |        P67        |  dedicate  
ARC-1001 :        tdi/tms/tck/tdo       |  P25/P22/P26/P21  |  dedicate  
ARC-1001 : ---------------------------------------------------------------
ARC-1004 : Device setting, marked 5 dedicate IOs in total.
RUN-1002 : start command "import_db ../syn_1/adc_gate.db"
RUN-1001 : Importing database generated by Tang Dynasty, V5.6.69102.
RUN-1001 : Database version number 46146.
RUN-1001 : Import flow parameters
RUN-1001 : Import IO constraints
RUN-1001 : Import Inst constraints
RUN-1001 : Import design success TD_VERSION=5.6.69102 , DB_VERSION=46146
RUN-1002 : start command "config_chipwatcher ../../../Debug/adc.cwc -dir "
RUN-1002 : start command "legalize_phy_inst"
SYN-1011 : Flatten model top
KIT-1004 : ChipWatcher: import watcher inst auto_chipwatcher_0 completed, there are 3 view nodes, 10 trigger nets, 10 data nets.
KIT-1004 : Chipwatcher code = 1110100000000110
RUN-1002 : start command "compile_watcher"
RUN-1002 : start command "read_verilog -no_sch -dir C:/Anlogic/TD5.6.6910.2/cw/ -file adc_watcherInst.sv -lib cw -top CW_TOP_WRAPPER"
HDL-1007 : analyze verilog file C:/Anlogic/TD5.6.6910.2/cw\bus_det.v
HDL-1007 : analyze verilog file C:/Anlogic/TD5.6.6910.2/cw\bus_top.sv
HDL-1007 : analyze verilog file C:/Anlogic/TD5.6.6910.2/cw\cfg_int.v
HDL-1007 : analyze verilog file C:/Anlogic/TD5.6.6910.2/cw\cwc_cfg_int.v
HDL-1007 : analyze verilog file C:/Anlogic/TD5.6.6910.2/cw\cwc_top.sv
HDL-1007 : analyze verilog file C:/Anlogic/TD5.6.6910.2/cw\detect_bus.v
HDL-1007 : analyze verilog file C:/Anlogic/TD5.6.6910.2/cw\detect_non_bus.v
HDL-1007 : analyze verilog file C:/Anlogic/TD5.6.6910.2/cw\emb_ctrl.v
HDL-1007 : analyze verilog file C:/Anlogic/TD5.6.6910.2/cw\register.v
HDL-1007 : analyze verilog file C:/Anlogic/TD5.6.6910.2/cw\tap.v
HDL-1007 : analyze verilog file C:/Anlogic/TD5.6.6910.2/cw\trigger.sv
HDL-1007 : analyze verilog file adc_watcherInst.sv
HDL-1007 : elaborate module CW_TOP_WRAPPER in adc_watcherInst.sv(1)
HDL-1007 : elaborate module cwc_top(BUS_NUM=3,BUS_DIN_NUM=10,BUS_CTRL_NUM=32,BUS_WIDTH='{32'sb01,32'sb01000,32'sb01},BUS_DIN_POS='{32'sb0,32'sb01,32'sb01001},BUS_CTRL_POS='{32'sb0,32'sb0110,32'sb011010}) in C:/Anlogic/TD5.6.6910.2/cw\cwc_top.sv(21)
HDL-1007 : elaborate module cwc_cfg_int(CTRL_REG_LEN=54) in C:/Anlogic/TD5.6.6910.2/cw\cwc_cfg_int.v(21)
HDL-1007 : elaborate module register(CTRL_REG_LEN=54) in C:/Anlogic/TD5.6.6910.2/cw\register.v(21)
HDL-1007 : elaborate module tap in C:/Anlogic/TD5.6.6910.2/cw\tap.v(21)
HDL-1007 : elaborate module trigger(BUS_NUM=3,BUS_DIN_NUM=10,BUS_CTRL_NUM=32,BUS_WIDTH='{32'sb01,32'sb01000,32'sb01},BUS_DIN_POS='{32'sb0,32'sb01,32'sb01001},BUS_CTRL_POS='{32'sb0,32'sb0110,32'sb011010}) in C:/Anlogic/TD5.6.6910.2/cw\trigger.sv(21)
HDL-1007 : elaborate module bus_top(BUS_NODE_NUM=3,BUS_DIN_NUM=10,BUS_CTRL_NUM=32,BUS_WIDTH='{32'sb01,32'sb01000,32'sb01},BUS_DIN_POS='{32'sb0,32'sb01,32'sb01001},BUS_CTRL_POS='{32'sb0,32'sb0110,32'sb011010}) in C:/Anlogic/TD5.6.6910.2/cw\bus_top.sv(22)
HDL-1007 : elaborate module bus_det(BUS_WIDTH=32'sb01) in C:/Anlogic/TD5.6.6910.2/cw\bus_det.v(21)
HDL-1007 : elaborate module bus_det(BUS_WIDTH=32'sb01000) in C:/Anlogic/TD5.6.6910.2/cw\bus_det.v(21)
HDL-1007 : elaborate module emb_ctrl in C:/Anlogic/TD5.6.6910.2/cw\emb_ctrl.v(21)
HDL-1200 : Current top model is CW_TOP_WRAPPER
HDL-1100 : Inferred 0 RAMs.
RUN-1002 : start command "force_keep -a auto_chipwatcher_0_logicbram"
RUN-1002 : start command "optimize_rtl -no_sch"
RUN-1001 : Open license file C:/Anlogic/TD5.6.6910.2/license/Anlogic.lic
RUN-1001 : Print Global Property
RUN-1001 : ---------------------------------------------------------------
RUN-1001 :        Parameters        |  Settings  |  Default Values  |  Note  
RUN-1001 : ---------------------------------------------------------------
RUN-1001 :          message         |  standard  |     standard     |        
RUN-1001 :   mixed_pack_place_flow  |     on     |        on        |        
RUN-1001 :        qor_monitor       |    off     |       off        |        
RUN-1001 :        syn_ip_flow       |    off     |       off        |        
RUN-1001 :          thread          |    auto    |       auto       |        
RUN-1001 : ---------------------------------------------------------------
RUN-1001 : Print Rtl Property
RUN-1001 : --------------------------------------------------------------
RUN-1001 :        Parameters       |  Settings  |  Default Values  |  Note  
RUN-1001 : --------------------------------------------------------------
RUN-1001 :       compress_add      |   ripple   |      ripple      |        
RUN-1001 :        elf_sload        |    off     |       off        |        
RUN-1001 :       fix_undriven      |     0      |        0         |        
RUN-1001 :         flatten         |    off     |       off        |        
RUN-1001 :       gate_sharing      |     on     |        on        |        
RUN-1001 :    hdl_warning_level    |   normal   |      normal      |        
RUN-1001 :   impl_internal_tribuf  |     on     |        on        |        
RUN-1001 :      impl_set_reset     |     on     |        on        |        
RUN-1001 :        infer_gsr        |    off     |       off        |        
RUN-1001 :      keep_hierarchy     |    auto    |       auto       |        
RUN-1001 :        max_fanout       |    9999    |       9999       |        
RUN-1001 :      max_oh2bin_len     |     10     |        10        |        
RUN-1001 :       merge_equal       |     on     |        on        |        
RUN-1001 :       merge_equiv       |     on     |        on        |        
RUN-1001 :        merge_mux        |    off     |       off        |        
RUN-1001 :     min_control_set     |     8      |        8         |        
RUN-1001 :      min_ripple_len     |    auto    |       auto       |        
RUN-1001 :       oh2bin_ratio      |    0.08    |       0.08       |        
RUN-1001 :     opt_adder_fanout    |     on     |        on        |        
RUN-1001 :        opt_arith        |     on     |        on        |        
RUN-1001 :       opt_big_gate      |    off     |       off        |        
RUN-1001 :        opt_const        |     on     |        on        |        
RUN-1001 :      opt_const_mult     |     on     |        on        |        
RUN-1001 :       opt_lessthan      |     on     |        on        |        
RUN-1001 :         opt_mux         |    off     |       off        |        
RUN-1001 :         opt_ram         |    high    |       high       |        
RUN-1001 :      rtl_sim_model      |    off     |       off        |        
RUN-1001 :         seq_syn         |     on     |        on        |        
RUN-1001 : --------------------------------------------------------------
SYN-1012 : SanityCheck: Model "top"
SYN-1012 : SanityCheck: Model "CW_TOP_WRAPPER"
SYN-1012 : SanityCheck: Model "cwc_top(BUS_NUM=3,BUS_DIN_NUM=10,BUS_CTRL_NUM=32,BUS_WIDTH='{32'sb01,32'sb01000,32'sb01},BUS_DIN_POS='{32'sb0,32'sb01,32'sb01001},BUS_CTRL_POS='{32'sb0,32'sb0110,32'sb011010})"
SYN-1012 : SanityCheck: Model "cwc_cfg_int(CTRL_REG_LEN=54)"
SYN-1012 : SanityCheck: Model "register(CTRL_REG_LEN=54)"
SYN-1012 : SanityCheck: Model "tap"
SYN-1012 : SanityCheck: Model "trigger(BUS_NUM=3,BUS_DIN_NUM=10,BUS_CTRL_NUM=32,BUS_WIDTH='{32'sb01,32'sb01000,32'sb01},BUS_DIN_POS='{32'sb0,32'sb01,32'sb01001},BUS_CTRL_POS='{32'sb0,32'sb0110,32'sb011010})"
SYN-1012 : SanityCheck: Model "bus_top(BUS_NODE_NUM=3,BUS_DIN_NUM=10,BUS_CTRL_NUM=32,BUS_WIDTH='{32'sb01,32'sb01000,32'sb01},BUS_DIN_POS='{32'sb0,32'sb01,32'sb01001},BUS_CTRL_POS='{32'sb0,32'sb0110,32'sb011010})"
SYN-1012 : SanityCheck: Model "bus_det(BUS_WIDTH=32'sb01)"
SYN-1012 : SanityCheck: Model "bus_det(BUS_WIDTH=32'sb01000)"
SYN-1012 : SanityCheck: Model "emb_ctrl"
SYN-1011 : Flatten model top
SYN-1032 : 1752/13 useful/useless nets, 1011/8 useful/useless insts
SYN-1016 : Merged 20 instances.
SYN-1032 : 1573/20 useful/useless nets, 1270/16 useful/useless insts
SYN-1014 : Optimize round 1
SYN-1021 : Optimized 1 onehot mux instances.
SYN-1020 : Optimized 1 distributor mux.
SYN-1019 : Optimized 1 mux instances.
SYN-1015 : Optimize round 1, 216 better
SYN-1014 : Optimize round 2
SYN-1032 : 1431/15 useful/useless nets, 1128/16 useful/useless insts
SYN-1015 : Optimize round 2, 32 better
SYN-1014 : Optimize round 1
SYN-1015 : Optimize round 1, 0 better
RUN-1002 : start command "optimize_gate -no_sch"
RUN-1001 : Open license file C:/Anlogic/TD5.6.6910.2/license/Anlogic.lic
RUN-1001 : Print Global Property
RUN-1001 : ---------------------------------------------------------------
RUN-1001 :        Parameters        |  Settings  |  Default Values  |  Note  
RUN-1001 : ---------------------------------------------------------------
RUN-1001 :          message         |  standard  |     standard     |        
RUN-1001 :   mixed_pack_place_flow  |     on     |        on        |        
RUN-1001 :        qor_monitor       |    off     |       off        |        
RUN-1001 :        syn_ip_flow       |    off     |       off        |        
RUN-1001 :          thread          |    auto    |       auto       |        
RUN-1001 : ---------------------------------------------------------------
RUN-1001 : Print Gate Property
RUN-1001 : ------------------------------------------------------------------
RUN-1001 :          Parameters         |  Settings  |  Default Values  |  Note  
RUN-1001 : ------------------------------------------------------------------
RUN-1001 :         cascade_dsp         |    off     |       off        |        
RUN-1001 :         cascade_eram        |    off     |       off        |        
RUN-1001 :        gate_sim_model       |    off     |       off        |        
RUN-1001 :        map_sim_model        |    off     |       off        |        
RUN-1001 :         map_strategy        |     1      |        1         |        
RUN-1001 :           opt_area          |   medium   |      medium      |        
RUN-1001 :          opt_timing         |    auto    |       auto       |        
RUN-1001 :         pack_effort         |   medium   |      medium      |        
RUN-1001 :      pack_lslice_ripple     |     on     |        on        |        
RUN-1001 :   pack_lslice_ripple_ratio  |    0.5     |       0.5        |        
RUN-1001 :        pack_seq_in_io       |    auto    |       auto       |        
RUN-1001 :        ph1_mux_ratio        |    1.0     |       1.0        |        
RUN-1001 :            report           |  standard  |     standard     |        
RUN-1001 :           retiming          |    off     |       off        |        
RUN-1001 : ------------------------------------------------------------------
SYN-2001 : Map 18 IOs to PADs
RUN-1002 : start command "update_pll_param -module top"
SYN-2501 : Processed 0 LOGIC_BUF instances.
SYN-2512 : LOGIC BRAM "auto_chipwatcher_0_logicbram"
SYN-2571 : Optimize after map_dsp, round 1
SYN-1032 : 1443/78 useful/useless nets, 1148/15 useful/useless insts
SYN-1016 : Merged 9 instances.
SYN-2571 : Optimize after map_dsp, round 1, 102 better
SYN-2571 : Optimize after map_dsp, round 2
SYN-2571 : Optimize after map_dsp, round 2, 0 better
SYN-1001 : Throwback 3 control mux instances
SYN-2501 : Optimize round 1
SYN-1016 : Merged 8 instances.
SYN-2501 : Optimize round 1, 18 better
SYN-2501 : Optimize round 2
SYN-2501 : Optimize round 2, 0 better
SYN-2501 : Map 12 macro adder
SYN-1019 : Optimized 5 mux instances.
SYN-1016 : Merged 9 instances.
SYN-1032 : 1749/5 useful/useless nets, 1454/4 useful/useless insts
SYN-3001 : Running gate level optimization.
SYN-2581 : Mapping with K=5, #lut = 132 (3.92), #lev = 5 (2.20)
SYN-2551 : Post LUT mapping optimization.
SYN-2581 : Mapping with K=5, #lut = 154 (3.90), #lev = 4 (2.00)
SYN-3001 : Logic optimization runtime opt =   0.02 sec, map =   0.00 sec
SYN-3001 : Mapper mapped 340 instances into 154 LUTs, name keeping = 77%.
SYN-1001 : Packing model "top" ...
SYN-4010 : Pack lib has 58 rtl pack models with 25 top pack blocks
SYN-1014 : Optimize round 1
SYN-1015 : Optimize round 1, 0 better
SYN-4002 : Packing 213 DFF/LATCH to SEQ ...
SYN-4009 : Pack 6 carry chain into lslice
SYN-4007 : Packing 89 adder to BLE ...
SYN-4008 : Packed 89 adder and 0 SEQ to BLE.
SYN-4007 : Packing 0 gate4 to BLE ...
SYN-4008 : Packed 0 gate4 and 0 SEQ to BLE.
SYN-4012 : Packed 0 FxMUX
RUN-1002 : start command "legalize_phy_inst"
SYN-1011 : Flatten model top
KIT-1004 : Compile Chipwatcher: Clear obsolete physical data.
RUN-1002 : start command "place"
RUN-1001 : Open license file C:/Anlogic/TD5.6.6910.2/license/Anlogic.lic
RUN-1001 : Print Global Property
RUN-1001 : ---------------------------------------------------------------
RUN-1001 :        Parameters        |  Settings  |  Default Values  |  Note  
RUN-1001 : ---------------------------------------------------------------
RUN-1001 :          message         |  standard  |     standard     |        
RUN-1001 :   mixed_pack_place_flow  |     on     |        on        |        
RUN-1001 :        qor_monitor       |    off     |       off        |        
RUN-1001 :        syn_ip_flow       |    off     |       off        |        
RUN-1001 :          thread          |    auto    |       auto       |        
RUN-1001 : ---------------------------------------------------------------
RUN-1001 : Print Place Property
RUN-1001 : --------------------------------------------------------------
RUN-1001 :        Parameters       |  Settings  |  Default Values  |  Note  
RUN-1001 : --------------------------------------------------------------
RUN-1001 :      detailed_place     |     on     |        on        |        
RUN-1001 :          effort         |   medium   |      medium      |        
RUN-1001 :         fix_hold        |    off     |       off        |        
RUN-1001 :       legalization      |    ori     |       ori        |        
RUN-1001 :      new_spreading      |     on     |        on        |        
RUN-1001 :        opt_timing       |   medium   |      medium      |        
RUN-1001 :   post_clock_route_opt  |    off     |       off        |        
RUN-1001 :       pr_strategy       |     1      |        1         |        
RUN-1001 :        relaxation       |    1.00    |       1.00       |        
RUN-1001 :         retiming        |    off     |       off        |        
RUN-1001 : --------------------------------------------------------------
PHY-3001 : Placer runs in 16 thread(s).
RUN-1002 : start command "legalize_phy_inst"
SYN-1011 : Flatten model top
SYN-4036 : The kept net data_in[7]_dup_3 is useless
SYN-4036 : The kept net data_in[6]_dup_3 is useless
SYN-4036 : The kept net data_in[5]_dup_3 is useless
SYN-4036 : The kept net data_in[4]_dup_3 is useless
SYN-4036 : The kept net data_in[3]_dup_3 is useless
SYN-4036 : The kept net data_in[2]_dup_3 is useless
SYN-4036 : The kept net data_in[1]_dup_3 is useless
SYN-4036 : The kept net data_in[0]_dup_3 is useless
SYN-5055 WARNING: The kept net type/reset_n will be merged to another kept net type_reset_n
SYN-5055 WARNING: The kept net fifo_list/fifo_list/re will be merged to another kept net fifo_list/re
SYN-5055 WARNING: The kept net fifo_list/fifo_list/we will be merged to another kept net fifo_list/we
SYN-5055 WARNING: The kept net _al_n0 will be merged to another kept net fifo_list/wrusedw[14]
SYN-5055 WARNING: The kept net fifo_list/fifo_list/wr_addr_diff[13] will be merged to another kept net fifo_list/wrusedw[13]
SYN-5055 WARNING: The kept net fifo_list/fifo_list/wr_addr_diff[12] will be merged to another kept net fifo_list/wrusedw[12]
SYN-5055 WARNING: The kept net fifo_list/fifo_list/wr_addr_diff[11] will be merged to another kept net fifo_list/wrusedw[11]
SYN-5055 WARNING: The kept net fifo_list/fifo_list/wr_addr_diff[10] will be merged to another kept net fifo_list/wrusedw[10]
SYN-5055 WARNING: The kept net fifo_list/fifo_list/wr_addr_diff[9] will be merged to another kept net fifo_list/wrusedw[9]
SYN-5055 WARNING: The kept net fifo_list/fifo_list/wr_addr_diff[8] will be merged to another kept net fifo_list/wrusedw[8]
SYN-5055 Similar messages will be suppressed.
RUN-1002 : start command "phys_opt -simplify_lut"
SYN-4016 : Net config_inst_syn_10 driven by BUFG (127 clock/control pins, 0 other pins).
SYN-4024 : Net "clk_dup_3" drives clk pins.
SYN-4024 : Net "adc/clk_adc" drives clk pins.
SYN-4025 : Tag rtl::Net adc/clk_adc as clock net
SYN-4025 : Tag rtl::Net clk_dup_3 as clock net
SYN-4025 : Tag rtl::Net config_inst_syn_10 as clock net
SYN-4026 : Tagged 3 rtl::Net as clock net
SYN-4015 : Create BUFG instance for clk Net adc/clk_adc to drive 9 clock pins.
PHY-1001 : Populate physical database on model top.
RUN-1001 : There are total 1025 instances
RUN-0007 : 419 luts, 422 seqs, 92 mslices, 56 lslices, 18 pads, 13 brams, 0 dsps
RUN-1001 : There are total 1331 nets
RUN-6004 WARNING: There are 8 nets with only 1 pin.
RUN-1001 : 799 nets have 2 pins
RUN-1001 : 392 nets have [3 - 5] pins
RUN-1001 : 76 nets have [6 - 10] pins
RUN-1001 : 40 nets have [11 - 20] pins
RUN-1001 : 10 nets have [21 - 99] pins
RUN-1001 : 6 nets have 100+ pins
RUN-1001 : Report Control nets information:
RUN-1001 : DFF Distribution
RUN-1001 : ----------------------------------
RUN-1001 :   CE   |  SSR  |  ASR  |  DFF Count  
RUN-1001 : ----------------------------------
RUN-1001 :   No   |  No   |  No   |      8      
RUN-1001 :   No   |  No   |  Yes  |     240     
RUN-1001 :   No   |  Yes  |  No   |      0      
RUN-1001 :   Yes  |  No   |  No   |      0      
RUN-1001 :   Yes  |  No   |  Yes  |     174     
RUN-1001 :   Yes  |  Yes  |  No   |      0      
RUN-1001 : ----------------------------------
RUN-0007 : Control Group Statistic
RUN-0007 : ---------------------------
RUN-0007 :   #CLK  |  #CE  |  #SSR/ASR  
RUN-0007 : ---------------------------
RUN-0007 :    3    |   7   |     7      
RUN-0007 : ---------------------------
RUN-0007 : Control Set = 14
PHY-3001 : Initial placement ...
PHY-3001 : design contains 1023 instances, 419 luts, 422 seqs, 148 slices, 22 macros(148 instances: 92 mslices 56 lslices)
PHY-0007 : Cell area utilization is 3%
PHY-3001 : Global placement ...
PHY-3001 : Initial: Len = 320271
PHY-3001 : Clustering ...
PHY-3001 : Level 0 #clusters 1023.
PHY-3001 : End clustering;  0.000016s wall, 0.000000s user + 0.000000s system = 0.000000s CPU (n/a%)

PHY-3001 : Run with size of 4
PHY-3001 : Cell area utilization is 3%
PHY-3001 : :::0::: Try harder cell spreading with beta_ = 0
PHY-3002 : Step(1): len = 209370, overlap = 38.25
PHY-3002 : Step(2): len = 139129, overlap = 38.25
PHY-3002 : Step(3): len = 93428.1, overlap = 38.25
PHY-3002 : Step(4): len = 76696.3, overlap = 36
PHY-3002 : Step(5): len = 68005.3, overlap = 33.75
PHY-3002 : Step(6): len = 61341, overlap = 33.75
PHY-3002 : Step(7): len = 55000.3, overlap = 33.75
PHY-3002 : Step(8): len = 49835.4, overlap = 33.75
PHY-3002 : Step(9): len = 45287.1, overlap = 38.25
PHY-3002 : Step(10): len = 43189.7, overlap = 38.25
PHY-3002 : Step(11): len = 39448.7, overlap = 38.25
PHY-3002 : Step(12): len = 37638.8, overlap = 38.25
PHY-3002 : Step(13): len = 34629.4, overlap = 38.25
PHY-3002 : Step(14): len = 32917.1, overlap = 38.25
PHY-3002 : Step(15): len = 31465, overlap = 38.25
PHY-3001 : :::1::: Try harder cell spreading with beta_ = 6.74575e-06
PHY-3002 : Step(16): len = 33083.4, overlap = 36
PHY-3002 : Step(17): len = 33424.5, overlap = 36
PHY-3002 : Step(18): len = 33498.1, overlap = 36
PHY-3002 : Step(19): len = 33475.3, overlap = 36
PHY-3002 : Step(20): len = 32977.8, overlap = 36
PHY-3002 : Step(21): len = 33313.1, overlap = 36
PHY-3002 : Step(22): len = 33423.1, overlap = 36
PHY-3002 : Step(23): len = 33154.2, overlap = 36
PHY-3002 : Step(24): len = 32861, overlap = 36
PHY-3002 : Step(25): len = 32857, overlap = 36
PHY-3002 : Step(26): len = 31111.1, overlap = 36
PHY-3002 : Step(27): len = 30645.2, overlap = 36
PHY-3002 : Step(28): len = 31013.6, overlap = 33.75
PHY-3002 : Step(29): len = 31347.1, overlap = 33.75
PHY-3002 : Step(30): len = 30822.1, overlap = 33.75
PHY-3002 : Step(31): len = 30033.1, overlap = 33.75
PHY-3002 : Step(32): len = 29388.9, overlap = 36.0625
PHY-3002 : Step(33): len = 29068.5, overlap = 36.375
PHY-3002 : Step(34): len = 29629.2, overlap = 36.625
PHY-3002 : Step(35): len = 29570.5, overlap = 36.625
PHY-3002 : Step(36): len = 29405.8, overlap = 36.625
PHY-3002 : Step(37): len = 28291.7, overlap = 37.0625
PHY-3002 : Step(38): len = 28149.1, overlap = 37.5312
PHY-3002 : Step(39): len = 28796, overlap = 37.875
PHY-3002 : Step(40): len = 28653.3, overlap = 38.4375
PHY-3002 : Step(41): len = 28245.1, overlap = 37.9375
PHY-3002 : Step(42): len = 26912.9, overlap = 38.1875
PHY-3002 : Step(43): len = 27347.6, overlap = 35.8125
PHY-3002 : Step(44): len = 27401.3, overlap = 35.8125
PHY-3002 : Step(45): len = 26724.1, overlap = 35.8125
PHY-3002 : Step(46): len = 26217, overlap = 36.0625
PHY-3002 : Step(47): len = 25511.7, overlap = 34.4375
PHY-3002 : Step(48): len = 26448.9, overlap = 32.3125
PHY-3002 : Step(49): len = 26383.9, overlap = 33.3125
PHY-3002 : Step(50): len = 26129.8, overlap = 37.9062
PHY-3002 : Step(51): len = 25966.1, overlap = 38.25
PHY-3002 : Step(52): len = 25220.1, overlap = 37.7812
PHY-3002 : Step(53): len = 25498.4, overlap = 37.0312
PHY-3002 : Step(54): len = 25862.7, overlap = 37.0312
PHY-3002 : Step(55): len = 26062.8, overlap = 36.7812
PHY-3002 : Step(56): len = 25433.2, overlap = 36.9688
PHY-3002 : Step(57): len = 24740.2, overlap = 36.8438
PHY-3002 : Step(58): len = 24656.4, overlap = 36.8438
PHY-3002 : Step(59): len = 24710.5, overlap = 36.8438
PHY-3001 : :::2::: Try harder cell spreading with beta_ = 1.34915e-05
PHY-3002 : Step(60): len = 25281, overlap = 36.8438
PHY-3002 : Step(61): len = 25408.8, overlap = 36.8438
PHY-3002 : Step(62): len = 25628.9, overlap = 36.8438
PHY-3001 : :::3::: Try harder cell spreading with beta_ = 2.6983e-05
PHY-3002 : Step(63): len = 26437.3, overlap = 36.9688
PHY-3002 : Step(64): len = 26508, overlap = 37.7188
PHY-3002 : Step(65): len = 26598.2, overlap = 37.8125
PHY-3001 : Legalization ...
PHY-3001 : End legalization;  0.012473s wall, 0.000000s user + 0.000000s system = 0.000000s CPU (n/a%)

PHY-3001 : Run with size of 4
PHY-3001 : Cell area utilization is 4%
PHY-3001 : :::0::: Try harder cell spreading with beta_ = 4.43289e-05
PHY-3002 : Step(66): len = 30849.9, overlap = 21.3125
PHY-3002 : Step(67): len = 31001.1, overlap = 20.25
PHY-3002 : Step(68): len = 30571.4, overlap = 17.4375
PHY-3002 : Step(69): len = 30729.8, overlap = 17.5
PHY-3002 : Step(70): len = 30387.8, overlap = 17.6875
PHY-3002 : Step(71): len = 30642.9, overlap = 16.7812
PHY-3002 : Step(72): len = 30171.5, overlap = 16.7812
PHY-3001 : :::1::: Try harder cell spreading with beta_ = 8.86578e-05
PHY-3002 : Step(73): len = 29321.4, overlap = 17.1875
PHY-3002 : Step(74): len = 29499.2, overlap = 17.1875
PHY-3002 : Step(75): len = 29579.2, overlap = 18.125
PHY-3001 : :::2::: Try harder cell spreading with beta_ = 0.000177316
PHY-3002 : Step(76): len = 28711.7, overlap = 18.375
PHY-3002 : Step(77): len = 28894.8, overlap = 19.25
PHY-3002 : Step(78): len = 28986.5, overlap = 19.25
PHY-3001 : Run with size of 2
PHY-3001 : Cell area utilization is 4%
PHY-3001 : :::0::: Try harder cell spreading with beta_ = 9.03557e-06
PHY-3002 : Step(79): len = 29452, overlap = 47.5
PHY-3002 : Step(80): len = 29726, overlap = 47.5625
PHY-3002 : Step(81): len = 30454.9, overlap = 47.0938
PHY-3001 : :::1::: Try harder cell spreading with beta_ = 1.80711e-05
PHY-3002 : Step(82): len = 29820.5, overlap = 46.4062
PHY-3002 : Step(83): len = 30027.8, overlap = 46.375
PHY-3002 : Step(84): len = 30352, overlap = 44.2812
PHY-3001 : :::2::: Try harder cell spreading with beta_ = 3.61423e-05
PHY-3002 : Step(85): len = 30991.5, overlap = 37.5625
PHY-3002 : Step(86): len = 31278, overlap = 36.7812
PHY-3002 : Step(87): len = 31735, overlap = 31.5625
PHY-3002 : Step(88): len = 31249.7, overlap = 32.3125
PHY-3002 : Step(89): len = 31372.6, overlap = 30.9688
PHY-3002 : Step(90): len = 31442.3, overlap = 30.6875
PHY-3001 : :::3::: Try harder cell spreading with beta_ = 7.22845e-05
PHY-3002 : Step(91): len = 30803, overlap = 33.3125
PHY-3002 : Step(92): len = 30803, overlap = 33.3125
PHY-3002 : Step(93): len = 30631.5, overlap = 30.6562
PHY-3001 : :::4::: Try harder cell spreading with beta_ = 0.000144569
PHY-3002 : Step(94): len = 30820.8, overlap = 33.125
PHY-3002 : Step(95): len = 30964.5, overlap = 33.375
PHY-3001 : :::5::: Try harder cell spreading with beta_ = 0.000289138
PHY-3002 : Step(96): len = 31376.2, overlap = 31.4062
PHY-3002 : Step(97): len = 31376.2, overlap = 31.4062
OPT-1001 : Start physical optimization ...
OPT-1001 : Total overflow 74.12 peak overflow 3.31
OPT-1001 : Start high-fanout net optimization ...
OPT-1001 : Update timing in global mode
PHY-1001 : Start incremental global routing, caller is place ...
RUN-1001 : Generating global routing grids ...
RUN-1001 : Building simple global routing graph ...
PHY-1001 : Generate routing nets ...
PHY-1001 : Reuse net number 0/1331.
PHY-1001 : Global iterations in 16 thread ...
PHY-1002 : len = 34896, over cnt = 125(0%), over = 522, worst = 18
PHY-1001 : End global iterations;  0.082564s wall, 0.015625s user + 0.000000s system = 0.015625s CPU (18.9%)

PHY-1001 : Congestion index: top1 = 33.66, top5 = 16.72, top10 = 10.20, top15 = 7.25.
PHY-1001 : End incremental global routing;  0.146660s wall, 0.046875s user + 0.000000s system = 0.046875s CPU (32.0%)

RUN-1002 : start command "start_timer -report"
TMR-5001 WARNING: No sdc constraints found while initiating timer.
TMR-2505 : Start building timing graph for model top.
TMR-2506 : Build timing graph completely. Port num: 11, tpin num: 5295, tnet num: 1329, tinst num: 1023, tnode num: 6927, tedge num: 8880.
TMR-2508 : Levelizing timing graph completed, there are 29 levels in total.
TMR-2501 : Timing graph initialized successfully.
OPT-1001 : End timing update;  0.175644s wall, 0.203125s user + 0.000000s system = 0.203125s CPU (115.6%)

OPT-1001 : 0 high-fanout net processed.
OPT-1001 : End high-fanout net optimization;  0.343544s wall, 0.265625s user + 0.000000s system = 0.265625s CPU (77.3%)

OPT-1001 : Current memory(MB): used = 198, reserve = 162, peak = 198.
OPT-1001 : End physical optimization;  0.356836s wall, 0.281250s user + 0.000000s system = 0.281250s CPU (78.8%)

PHY-3001 : Start packing ...
SYN-4007 : Packing 0 MUX to BLE ...
SYN-4008 : Packed 0 MUX and 0 SEQ to BLE.
SYN-4007 : Packing 419 LUT to BLE ...
SYN-4008 : Packed 419 LUT and 205 SEQ to BLE.
SYN-4003 : Packing 217 remaining SEQ's ...
SYN-4005 : Packed 123 SEQ with LUT/SLICE
SYN-4006 : 114 single LUT's are left
SYN-4006 : 94 single SEQ's are left
SYN-4011 : Packing model "top" (AL_USER_NORMAL) with 513/831 primitive instances ...
PHY-3001 : End packing;  0.039739s wall, 0.031250s user + 0.000000s system = 0.031250s CPU (78.6%)

PHY-1001 : Populate physical database on model top.
RUN-1001 : There are total 472 instances
RUN-1001 : 218 mslices, 218 lslices, 18 pads, 13 brams, 0 dsps
RUN-1001 : There are total 1131 nets
RUN-6004 WARNING: There are 8 nets with only 1 pin.
RUN-1001 : 583 nets have 2 pins
RUN-1001 : 406 nets have [3 - 5] pins
RUN-1001 : 79 nets have [6 - 10] pins
RUN-1001 : 38 nets have [11 - 20] pins
RUN-1001 : 14 nets have [21 - 99] pins
RUN-1001 : 3 nets have 100+ pins
PHY-3001 : design contains 470 instances, 436 slices, 22 macros(148 instances: 92 mslices 56 lslices)
PHY-3001 : Cell area utilization is 5%
PHY-3001 : After packing: Len = 31190.4, Over = 39.25
PHY-3001 : Run with size of 2
PHY-3001 : Cell area utilization is 5%
PHY-3001 : :::0::: Try harder cell spreading with beta_ = 1.7827e-05
PHY-3002 : Step(98): len = 30594.2, overlap = 38.25
PHY-3002 : Step(99): len = 30642.7, overlap = 39
PHY-3002 : Step(100): len = 30610.2, overlap = 38
PHY-3001 : :::1::: Try harder cell spreading with beta_ = 3.5654e-05
PHY-3002 : Step(101): len = 30644.7, overlap = 38
PHY-3002 : Step(102): len = 30752.7, overlap = 38
PHY-3002 : Step(103): len = 30920.2, overlap = 38.5
PHY-3001 : :::2::: Try harder cell spreading with beta_ = 7.1308e-05
PHY-3002 : Step(104): len = 31166.2, overlap = 37.75
PHY-3002 : Step(105): len = 31166.2, overlap = 37.75
PHY-3002 : Step(106): len = 31008.8, overlap = 38.25
PHY-3001 : Legalization ...
PHY-3001 : End legalization;  0.145510s wall, 0.000000s user + 0.000000s system = 0.000000s CPU (n/a%)

PHY-3001 : Trial Legalized: Len = 42983
PHY-3001 : Run with size of 2
PHY-3001 : Cell area utilization is 5%
PHY-3001 : :::0::: Try harder cell spreading with beta_ = 0.000746306
PHY-3002 : Step(107): len = 37968.7, overlap = 8.5
PHY-3002 : Step(108): len = 35945.1, overlap = 13.5
PHY-3002 : Step(109): len = 34845.7, overlap = 15.75
PHY-3002 : Step(110): len = 33631.4, overlap = 17.5
PHY-3002 : Step(111): len = 33379.5, overlap = 19
PHY-3002 : Step(112): len = 33212.7, overlap = 19.5
PHY-3001 : :::1::: Try harder cell spreading with beta_ = 0.00149261
PHY-3002 : Step(113): len = 33253.1, overlap = 20
PHY-3002 : Step(114): len = 33237.7, overlap = 20
PHY-3002 : Step(115): len = 33068.7, overlap = 21
PHY-3001 : :::2::: Try harder cell spreading with beta_ = 0.00298523
PHY-3002 : Step(116): len = 32948.3, overlap = 21.5
PHY-3002 : Step(117): len = 32948.3, overlap = 21.5
PHY-3001 : Legalization ...
PHY-3001 : End legalization;  0.004964s wall, 0.000000s user + 0.000000s system = 0.000000s CPU (n/a%)

PHY-3001 : Legalized: Len = 38742.1, Over = 0
PHY-3001 : Spreading special nets. 2 overflows in 2952 tiles.
PHY-3001 : End spreading;  0.006844s wall, 0.000000s user + 0.000000s system = 0.000000s CPU (n/a%)

PHY-3001 : 2 instances has been re-located, deltaX = 0, deltaY = 2, maxDist = 1.
PHY-3001 : Final: Len = 38804.1, Over = 0
OPT-1001 : Start physical optimization ...
OPT-1001 : Total overflow 0.00 peak overflow 0.00
OPT-1001 : Start high-fanout net optimization ...
OPT-1001 : Update timing in global mode
PHY-1001 : Start incremental global routing, caller is place ...
RUN-1001 : Generating global routing grids ...
PHY-1001 : Generate routing nets ...
PHY-1001 : Reuse net number 47/1131.
PHY-1001 : Global iterations in 16 thread ...
PHY-1002 : len = 46264, over cnt = 162(0%), over = 244, worst = 5
PHY-1002 : len = 47864, over cnt = 60(0%), over = 68, worst = 3
PHY-1002 : len = 48528, over cnt = 5(0%), over = 5, worst = 1
PHY-1002 : len = 48576, over cnt = 2(0%), over = 2, worst = 1
PHY-1002 : len = 48608, over cnt = 0(0%), over = 0, worst = 0
PHY-1001 : End global iterations;  0.172852s wall, 0.031250s user + 0.000000s system = 0.031250s CPU (18.1%)

PHY-1001 : Congestion index: top1 = 28.84, top5 = 19.13, top10 = 13.36, top15 = 9.74.
PHY-1001 : End incremental global routing;  0.241993s wall, 0.078125s user + 0.000000s system = 0.078125s CPU (32.3%)

RUN-1002 : start command "start_timer -report"
TMR-5001 WARNING: No sdc constraints found while initiating timer.
TMR-2505 : Start building timing graph for model top.
TMR-2506 : Build timing graph completely. Port num: 11, tpin num: 4571, tnet num: 1129, tinst num: 470, tnode num: 5792, tedge num: 8016.
TMR-2508 : Levelizing timing graph completed, there are 29 levels in total.
TMR-2501 : Timing graph initialized successfully.
OPT-1001 : End timing update;  0.204918s wall, 0.203125s user + 0.000000s system = 0.203125s CPU (99.1%)

OPT-1001 : 0 high-fanout net processed.
OPT-1001 : End high-fanout net optimization;  0.468603s wall, 0.296875s user + 0.000000s system = 0.296875s CPU (63.4%)

OPT-1001 : Current memory(MB): used = 201, reserve = 166, peak = 201.
OPT-1001 : Update timing in Manhattan mode
OPT-1001 : End timing update;  0.001692s wall, 0.000000s user + 0.000000s system = 0.000000s CPU (n/a%)

OPT-1001 : Start pin optimization...
OPT-1001 : skip pin optimization...
RUN-1001 : Generating global routing grids ...
PHY-1001 : Generate routing nets ...
PHY-1001 : Reuse net number 966/1131.
PHY-1001 : Global iterations in 16 thread ...
PHY-1002 : len = 48608, over cnt = 0(0%), over = 0, worst = 0
PHY-1001 : End global iterations;  0.007415s wall, 0.015625s user + 0.000000s system = 0.015625s CPU (210.7%)

PHY-1001 : Congestion index: top1 = 28.84, top5 = 19.13, top10 = 13.36, top15 = 9.74.
OPT-1001 : Update timing in Manhattan mode
OPT-1001 : End timing update;  0.001794s wall, 0.000000s user + 0.000000s system = 0.000000s CPU (n/a%)

RUN-1001 : QoR Analysis:
OPT-0007 :   WNS 2147483647 TNS 0 NUM_FEPS 0
RUN-1001 :   No local congestion issue, and most congested 1% tile average routing util is 28.482759
RUN-1001 :   Top critical paths
OPT-1001 : End physical optimization;  0.549047s wall, 0.375000s user + 0.000000s system = 0.375000s CPU (68.3%)

RUN-1003 : finish command "place" in  5.178095s wall, 1.015625s user + 0.187500s system = 1.203125s CPU (23.2%)

RUN-1004 : used memory is 181 MB, reserved memory is 146 MB, peak memory is 203 MB
RUN-1002 : start command "export_db adc_place.db"
RUN-1001 : Exported /
RUN-1001 : Exported flow parameters
RUN-1001 : Exported libs
RUN-1001 : Exported entities
RUN-1001 : Exported ports
RUN-1001 : Exported pins
RUN-1001 : Exported instances
RUN-1001 : Exported nets
RUN-1001 : Exported buses
RUN-1001 : Exported models
RUN-1001 : Exported congestions
RUN-1001 : Exported violations
RUN-1001 : Exported IO constraints
RUN-1001 : Exported Inst constraints
RUN-1001 : Exported ChipWatcher
RUN-1002 : start command "route"
RUN-1001 : Open license file C:/Anlogic/TD5.6.6910.2/license/Anlogic.lic
RUN-1001 : Print Global Property
RUN-1001 : ---------------------------------------------------------------
RUN-1001 :        Parameters        |  Settings  |  Default Values  |  Note  
RUN-1001 : ---------------------------------------------------------------
RUN-1001 :          message         |  standard  |     standard     |        
RUN-1001 :   mixed_pack_place_flow  |     on     |        on        |        
RUN-1001 :        qor_monitor       |    off     |       off        |        
RUN-1001 :        syn_ip_flow       |    off     |       off        |        
RUN-1001 :          thread          |    auto    |       auto       |        
RUN-1001 : ---------------------------------------------------------------
RUN-1001 : Print Route Property
RUN-1001 : -------------------------------------------------------
RUN-1001 :    Parameters    |  Settings  |  Default Values  |  Note  
RUN-1001 : -------------------------------------------------------
RUN-1001 :      effort      |   medium   |      medium      |        
RUN-1001 :     fix_hold     |    off     |       off        |        
RUN-1001 :    opt_timing    |   medium   |      medium      |        
RUN-1001 :   phy_sim_model  |    off     |       off        |        
RUN-1001 :     priority     |   timing   |      timing      |        
RUN-1001 :     swap_pin     |     on     |        on        |        
RUN-1001 : -------------------------------------------------------
PHY-1001 : Route runs in 16 thread(s)
RUN-1001 : There are total 472 instances
RUN-1001 : 218 mslices, 218 lslices, 18 pads, 13 brams, 0 dsps
RUN-1001 : There are total 1131 nets
RUN-6004 WARNING: There are 8 nets with only 1 pin.
RUN-1001 : 583 nets have 2 pins
RUN-1001 : 406 nets have [3 - 5] pins
RUN-1001 : 79 nets have [6 - 10] pins
RUN-1001 : 38 nets have [11 - 20] pins
RUN-1001 : 14 nets have [21 - 99] pins
RUN-1001 : 3 nets have 100+ pins
RUN-1002 : start command "start_timer -report"
TMR-5001 WARNING: No sdc constraints found while initiating timer.
TMR-2505 : Start building timing graph for model top.
TMR-2506 : Build timing graph completely. Port num: 11, tpin num: 4571, tnet num: 1129, tinst num: 470, tnode num: 5792, tedge num: 8016.
TMR-2508 : Levelizing timing graph completed, there are 29 levels in total.
TMR-2501 : Timing graph initialized successfully.
PHY-1001 : 218 mslices, 218 lslices, 18 pads, 13 brams, 0 dsps
TMR-2503 : Start to update net delay, extr mode = 3.
TMR-2504 : Update delay of 1129 nets completely.
TMR-2502 : Annotate delay completely, extr mode = 3.
TMR-3002 : No user constraint, initiate default constraint.
TMR-1501 : Assign derive clock DeriveClock to 600 clock pins, and constraint 1221 relative nodes.
TMR-3003 : Constraints initiated successfully.
TMR-3501 : Forward propagation: start to calculate arrival time...
TMR-3502 : Backward propagation: start to calculate required time...
TMR-3503 : Timing propagation completes.
PHY-1001 : Start global routing, caller is route ...
RUN-1001 : Generating global routing grids ...
PHY-1001 : Generate routing nets ...
PHY-1001 : Global iterations in 16 thread ...
PHY-1002 : len = 45848, over cnt = 158(0%), over = 243, worst = 5
PHY-1002 : len = 47448, over cnt = 68(0%), over = 77, worst = 3
PHY-1002 : len = 48232, over cnt = 6(0%), over = 6, worst = 1
PHY-1002 : len = 48328, over cnt = 0(0%), over = 0, worst = 0
PHY-1001 : End global iterations;  0.191369s wall, 0.062500s user + 0.015625s system = 0.078125s CPU (40.8%)

PHY-1001 : Congestion index: top1 = 29.35, top5 = 19.23, top10 = 13.37, top15 = 9.69.
PHY-1001 : End global routing;  0.258769s wall, 0.093750s user + 0.015625s system = 0.109375s CPU (42.3%)

PHY-1001 : Start detail routing ...
PHY-1001 : Current memory(MB): used = 229, reserve = 194, peak = 242.
PHY-1001 : Detailed router is running in normal mode.
PHY-1001 : Generate detailed routing grids ...
PHY-1001 : Generate nets ...
PHY-1001 : net clk_dup_3 will be routed on clock mesh
PHY-5010 WARNING: Net data_in[7]_dup_3 is skipped due to 0 input or output
PHY-5010 WARNING: Net data_in[6]_dup_3 is skipped due to 0 input or output
PHY-5010 WARNING: Net data_in[5]_dup_3 is skipped due to 0 input or output
PHY-5010 WARNING: Net data_in[4]_dup_3 is skipped due to 0 input or output
PHY-5010 WARNING: Net data_in[3]_dup_3 is skipped due to 0 input or output
PHY-5010 WARNING: Net data_in[2]_dup_3 is skipped due to 0 input or output
PHY-5010 WARNING: Net data_in[1]_dup_3 is skipped due to 0 input or output
PHY-5010 WARNING: Net data_in[0]_dup_3 is skipped due to 0 input or output
PHY-1001 : clock net adc/clk_adc_syn_4 will be merged with clock adc/clk_adc
PHY-1001 : clock net config_inst_syn_10 will be merged with clock config_inst_syn_9
PHY-5010 WARNING: Net data_in[7]_dup_3 is skipped due to 0 input or output
PHY-5010 WARNING: Net data_in[6]_dup_3 is skipped due to 0 input or output
PHY-5010 Similar messages will be suppressed.
PHY-1001 : Current memory(MB): used = 495, reserve = 464, peak = 495.
PHY-1001 : End build detailed router design. 4.203912s wall, 3.906250s user + 0.078125s system = 3.984375s CPU (94.8%)

PHY-1001 : Detail Route ...
PHY-1001 : ===== Detail Route Phase 1 =====
PHY-1001 : Clock net routing.....
PHY-1001 : Routed 0% nets.
PHY-1022 : len = 20784, over cnt = 0(0%), over = 0, worst = 0, crit = 0
PHY-1001 : End initial clock net routed; 1.155758s wall, 1.062500s user + 0.000000s system = 1.062500s CPU (91.9%)

PHY-1001 : Current memory(MB): used = 527, reserve = 498, peak = 527.
PHY-1001 : End phase 1; 1.167018s wall, 1.078125s user + 0.000000s system = 1.078125s CPU (92.4%)

PHY-1001 : ===== Detail Route Phase 2 =====
PHY-1001 : Initial routing.....
PHY-1001 : Routed 34% nets.
PHY-1001 : Routed 40% nets.
PHY-1001 : Routed 51% nets.
PHY-1001 : Routed 63% nets.
PHY-1001 : Routed 86% nets.
PHY-1022 : len = 152648, over cnt = 38(0%), over = 38, worst = 1, crit = 0
PHY-1001 : Current memory(MB): used = 527, reserve = 498, peak = 527.
PHY-1001 : End initial routed; 2.825966s wall, 2.125000s user + 0.093750s system = 2.218750s CPU (78.5%)

PHY-1001 : Current memory(MB): used = 527, reserve = 498, peak = 527.
PHY-1001 : End phase 2; 2.826037s wall, 2.125000s user + 0.093750s system = 2.218750s CPU (78.5%)

PHY-1001 : ===== Detail Route Phase 3 =====
PHY-1001 : Ripup-reroute.....
PHY-1001 : ===== DR Iter 1 =====
PHY-1022 : len = 152512, over cnt = 12(0%), over = 12, worst = 1, crit = 0
PHY-1001 : End DR Iter 1; 0.033125s wall, 0.015625s user + 0.000000s system = 0.015625s CPU (47.2%)

PHY-1001 : ===== DR Iter 2 =====
PHY-1022 : len = 152560, over cnt = 0(0%), over = 0, worst = 0, crit = 0
PHY-1001 : End DR Iter 2; 0.028404s wall, 0.015625s user + 0.000000s system = 0.015625s CPU (55.0%)

PHY-1001 : Commit to database.....
PHY-1001 : 6 feed throughs used by 6 nets
PHY-1001 : End commit to database; 0.159527s wall, 0.109375s user + 0.000000s system = 0.109375s CPU (68.6%)

PHY-1001 : Current memory(MB): used = 539, reserve = 510, peak = 539.
PHY-1001 : End phase 3; 0.353778s wall, 0.265625s user + 0.000000s system = 0.265625s CPU (75.1%)

PHY-1003 : Routed, final wirelength = 152560
PHY-1001 : Current memory(MB): used = 540, reserve = 510, peak = 540.
PHY-1001 : End export database. 0.013523s wall, 0.031250s user + 0.000000s system = 0.031250s CPU (231.1%)

PHY-1001 : End detail routing;  8.836748s wall, 7.671875s user + 0.187500s system = 7.859375s CPU (88.9%)

RUN-1003 : finish command "route" in  9.413910s wall, 8.062500s user + 0.203125s system = 8.265625s CPU (87.8%)

RUN-1004 : used memory is 474 MB, reserved memory is 445 MB, peak memory is 540 MB
RUN-1002 : start command "report_area -io_info -file adc_phy.area"
RUN-1001 : standard
***Report Model: top Device: EG4S20NG88***

IO Statistics
#IO                        18
  #input                   13
  #output                   5
  #inout                    0

Utilization Statistics
#lut                      738   out of  19600    3.77%
#reg                      443   out of  19600    2.26%
#le                       832
  #lut only               389   out of    832   46.75%
  #reg only                94   out of    832   11.30%
  #lut&reg                349   out of    832   41.95%
#dsp                        0   out of     29    0.00%
#bram                       9   out of     64   14.06%
  #bram9k                   9
  #fifo9k                   0
#bram32k                    4   out of     16   25.00%
#pad                       18   out of     66   27.27%
  #ireg                    10
  #oreg                     5
  #treg                     0
#pll                        0   out of      4    0.00%
#gclk                       2   out of     16   12.50%

Clock Resource Statistics
Index     ClockNet             Type               DriverType         Driver                      Fanout
#1        clk_dup_3            GCLK               io                 clk_syn_4.di                217
#2        config_inst_syn_9    GCLK               config             config_inst.jtck            75
#3        adc/clk_adc          GCLK               lslice             adc/clk_adc_reg_syn_5.q0    8


Detailed IO Report

     Name       Direction    Location    IOStandard    DriveStrength    PullType    PackReg  
     clk          INPUT        P34        LVCMOS25          N/A          PULLUP      NONE    
  data_in[7]      INPUT         P2        LVCMOS25          N/A          PULLUP      IREG    
  data_in[6]      INPUT         P3        LVCMOS25          N/A          PULLUP      IREG    
  data_in[5]      INPUT         P4        LVCMOS25          N/A          PULLUP      IREG    
  data_in[4]      INPUT         P5        LVCMOS25          N/A          PULLUP      IREG    
  data_in[3]      INPUT        P10        LVCMOS25          N/A          PULLUP      IREG    
  data_in[2]      INPUT        P11        LVCMOS25          N/A          PULLUP      IREG    
  data_in[1]      INPUT        P12        LVCMOS25          N/A          PULLUP      IREG    
  data_in[0]      INPUT        P13        LVCMOS25          N/A          PULLUP      IREG    
     eoc          INPUT        P60        LVCMOS25          N/A          PULLUP      NONE    
    key_in        INPUT        P50        LVCMOS25          N/A          PULLUP      IREG    
   reset_n        INPUT        P19        LVCMOS25          N/A           N/A        NONE    
   uart_rxd       INPUT        P54        LVCMOS25          N/A          PULLUP      IREG    
   adc_clk       OUTPUT        P57        LVCMOS25           8            NONE       OREG    
     ale         OUTPUT        P23        LVCMOS25           8            N/A        OREG    
      oe         OUTPUT        P86        LVCMOS25           8            NONE       OREG    
    start        OUTPUT        P59        LVCMOS25           8            NONE       OREG    
   uart_txd      OUTPUT        P52        LVCMOS25           8            NONE       OREG    

Report Hierarchy Area:
+---------------------------------------------------------------------------------------------------------+
|Instance                            |Module         |le     |lut     |ripple  |seq     |bram    |dsp     |
+---------------------------------------------------------------------------------------------------------+
|top                                 |top            |832    |590     |148     |458     |13      |0       |
|  adc                               |adc_ctrl       |12     |12      |0       |12      |0       |0       |
|  anjian_list                       |anjian         |42     |34      |6       |23      |0       |0       |
|  fifo_list                         |fifo_ctrl      |137    |86      |45      |57      |4       |0       |
|    fifo_list                       |fifo           |105    |63      |36      |46      |4       |0       |
|      ram_inst                      |ram_infer_fifo |0      |0       |0       |0       |4       |0       |
|  rx                                |uart_rx        |56     |48      |6       |35      |0       |0       |
|  tx                                |uart_tx        |75     |53      |8       |38      |0       |0       |
|  type                              |type_choice    |123    |115     |8       |64      |0       |0       |
|  cw_top                            |CW_TOP_WRAPPER |386    |241     |75      |213     |0       |0       |
|    wrapper_cwc_top                 |cwc_top        |386    |241     |75      |213     |0       |0       |
|      cfg_int_inst                  |cwc_cfg_int    |132    |78      |0       |121     |0       |0       |
|        reg_inst                    |register       |129    |75      |0       |118     |0       |0       |
|        tap_inst                    |tap            |3      |3       |0       |3       |0       |0       |
|      trigger_inst                  |trigger        |254    |163     |75      |92      |0       |0       |
|        bus_inst                    |bus_top        |28     |14      |10      |6       |0       |0       |
|          BUS_DETECTOR[0]$bus_nodes |bus_det        |2      |0       |0       |2       |0       |0       |
|          BUS_DETECTOR[1]$bus_nodes |bus_det        |26     |14      |10      |4       |0       |0       |
|        emb_ctrl_inst               |emb_ctrl       |143    |110     |33      |57      |0       |0       |
+---------------------------------------------------------------------------------------------------------+


DataNet Average Fanout:

   Index     Fanout    Nets  
    #1         1       565   
    #2         2       271   
    #3         3        88   
    #4         4        47   
    #5        5-10      80   
    #6       11-50      47   
    #7       51-100     2    
  Average     2.82           

RUN-1002 : start command "export_db adc_pr.db"
RUN-1001 : Exported /
RUN-1001 : Exported flow parameters
RUN-1001 : Exported libs
RUN-1001 : Exported entities
RUN-1001 : Exported ports
RUN-1001 : Exported pins
RUN-1001 : Exported instances
RUN-1001 : Exported nets
RUN-1001 : Exported buses
RUN-1001 : Exported models
RUN-1001 : Exported congestions
RUN-1001 : Exported violations
RUN-1001 : Exported IO constraints
RUN-1001 : Exported Inst constraints
RUN-1001 : Exported ChipWatcher
RUN-1002 : start command "export_bid adc_inst.bid"
PRG-1000 : <!-- HMAC is: 9350d36a77c8f9d23b0475c1e30c681850d2a14bff0a4f96c30bb36231a7201c -->
RUN-1002 : start command "bitgen -bit adc.bit"
BIT-1003 : Start to generate bitstream. 
BIT-1002 : Init instances with 16 threads.
BIT-1002 : Init instances completely, inst num: 470
BIT-1002 : Init pips with 16 threads.
BIT-1002 : Init pips completely, net num: 1131, pip num: 10871
BIT-1002 : Init feedthrough completely, num: 6
BIT-1003 : Multithreading accelaration with 16 threads.
BIT-1003 : Generate bitstream completely, there are 1259 valid insts, and 29828 bits set as '1'.
BIT-1004 : the usercode register value: 00000000100100111110100000000110
BIT-1004 : PLL setting string = 0000
BIT-1004 : Generate bits file adc.bit.
RUN-1003 : finish command "bitgen -bit adc.bit" in  2.529455s wall, 12.656250s user + 0.046875s system = 12.703125s CPU (502.2%)

RUN-1004 : used memory is 493 MB, reserved memory is 463 MB, peak memory is 674 MB
RUN-1002 : start command "backup_run_log run.log ../.logs/phy_1/td_20230308_190844.log"
