============================================================
   Tang Dynasty, V5.6.69102
      Copyright (c) 2012-2023 Anlogic Inc.
   Executable = C:/Anlogic/TD5.6.6910.2/bin/td.exe
   Built at =   20:14:16 Feb 16 2023
   Run by =     shaka
   Run Date =   Fri Mar 10 11:00:24 2023

   Run on =     BR007
============================================================
RUN-1002 : start command "open_project adc.prj"
RUN-1001 : Print Global Property
RUN-1001 : ---------------------------------------------------------------
RUN-1001 :        Parameters        |  Settings  |  Default Values  |  Note  
RUN-1001 : ---------------------------------------------------------------
RUN-1001 :          message         |  standard  |     standard     |        
RUN-1001 :   mixed_pack_place_flow  |     on     |        on        |        
RUN-1001 :        qor_monitor       |    off     |       off        |        
RUN-1001 :        syn_ip_flow       |    off     |       off        |        
RUN-1001 :          thread          |    auto    |       auto       |        
RUN-1001 : ---------------------------------------------------------------
RUN-1001 : Print Design Property
RUN-1001 : --------------------------------------------------------------
RUN-1001 :        Parameters       |  Settings  |  Default Values  |  Note  
RUN-1001 : --------------------------------------------------------------
RUN-1001 :   default_reg_initial   |    auto    |       auto       |        
RUN-1001 :        infer_add        |     on     |        on        |        
RUN-1001 :        infer_fsm        |    off     |       off        |        
RUN-1001 :        infer_mult       |     on     |        on        |        
RUN-1001 :        infer_ram        |     on     |        on        |        
RUN-1001 :        infer_reg        |     on     |        on        |        
RUN-1001 :   infer_reg_init_value  |     on     |        on        |        
RUN-1001 :        infer_rom        |     on     |        on        |        
RUN-1001 :      infer_shifter      |     on     |        on        |        
RUN-1001 : --------------------------------------------------------------
RUN-1001 : Print Rtl Property
RUN-1001 : --------------------------------------------------------------
RUN-1001 :        Parameters       |  Settings  |  Default Values  |  Note  
RUN-1001 : --------------------------------------------------------------
RUN-1001 :       compress_add      |   ripple   |      ripple      |        
RUN-1001 :        elf_sload        |    off     |       off        |        
RUN-1001 :       fix_undriven      |     0      |        0         |        
RUN-1001 :         flatten         |    off     |       off        |        
RUN-1001 :       gate_sharing      |     on     |        on        |        
RUN-1001 :    hdl_warning_level    |   normal   |      normal      |        
RUN-1001 :   impl_internal_tribuf  |     on     |        on        |        
RUN-1001 :      impl_set_reset     |     on     |        on        |        
RUN-1001 :        infer_gsr        |    off     |       off        |        
RUN-1001 :      keep_hierarchy     |    auto    |       auto       |        
RUN-1001 :        max_fanout       |    9999    |       9999       |        
RUN-1001 :      max_oh2bin_len     |     10     |        10        |        
RUN-1001 :       merge_equal       |     on     |        on        |        
RUN-1001 :       merge_equiv       |     on     |        on        |        
RUN-1001 :        merge_mux        |    off     |       off        |        
RUN-1001 :     min_control_set     |     8      |        8         |        
RUN-1001 :      min_ripple_len     |    auto    |       auto       |        
RUN-1001 :       oh2bin_ratio      |    0.08    |       0.08       |        
RUN-1001 :     opt_adder_fanout    |     on     |        on        |        
RUN-1001 :        opt_arith        |     on     |        on        |        
RUN-1001 :       opt_big_gate      |    off     |       off        |        
RUN-1001 :        opt_const        |     on     |        on        |        
RUN-1001 :      opt_const_mult     |     on     |        on        |        
RUN-1001 :       opt_lessthan      |     on     |        on        |        
RUN-1001 :         opt_mux         |    off     |       off        |        
RUN-1001 :         opt_ram         |    high    |       high       |        
RUN-1001 :      rtl_sim_model      |    off     |       off        |        
RUN-1001 :         seq_syn         |     on     |        on        |        
RUN-1001 : --------------------------------------------------------------
HDL-1007 : analyze verilog file ../../../Core/fifo.v
HDL-1007 : analyze verilog file ../../../Src/top.v
HDL-1007 : undeclared symbol 'valid', assumed default net type 'wire' in ../../../Src/top.v(61)
HDL-1007 : undeclared symbol 'data_vld', assumed default net type 'wire' in ../../../Src/top.v(72)
HDL-1007 : undeclared symbol 'adc_en', assumed default net type 'wire' in ../../../Src/top.v(82)
HDL-1007 : undeclared symbol 'data_en', assumed default net type 'wire' in ../../../Src/top.v(89)
HDL-1007 : undeclared symbol 'fifo_working', assumed default net type 'wire' in ../../../Src/top.v(106)
HDL-1007 : undeclared symbol 'key', assumed default net type 'wire' in ../../../Src/top.v(116)
HDL-1007 : undeclared symbol 'condition', assumed default net type 'wire' in ../../../Src/top.v(120)
HDL-1007 : analyze verilog file ../../../Src/uart_rx.v
HDL-1007 : analyze verilog file ../../../Src/uart_tx.v
HDL-1007 : analyze verilog file ../../../Src/adc_ctrl.v
HDL-1007 : analyze verilog file ../../../Src/type_choice.v
HDL-1007 : analyze verilog file ../../../Src/fifo_ctrl.v
HDL-1007 : undeclared symbol 'empty_flag', assumed default net type 'wire' in ../../../Src/fifo_ctrl.v(177)
HDL-1007 : analyze verilog file ../../../Src/anjian.v
RUN-1001 : Project manager successfully analyzed 8 source files.
RUN-1002 : start command "import_device eagle_s20.db -package EG4S20NG88"
ARC-1001 : Device Initialization.
ARC-1001 : ---------------------------------------------------------------
ARC-1001 :            OPTION            |        IO         |   SETTING   
ARC-1001 : ---------------------------------------------------------------
ARC-1001 :   cso_b/cclk/mosi/miso/dout  |  P69/P82/P81/P80  |    gpio    
ARC-1001 :             done             |        P8         |    gpio    
ARC-1001 :           program_b          |        P67        |  dedicate  
ARC-1001 :        tdi/tms/tck/tdo       |  P25/P22/P26/P21  |  dedicate  
ARC-1001 : ---------------------------------------------------------------
ARC-1004 : Device setting, marked 5 dedicate IOs in total.
RUN-1002 : start command "import_db ../syn_1/adc_gate.db"
RUN-1001 : Importing database generated by Tang Dynasty, V5.6.69102.
RUN-1001 : Database version number 46146.
RUN-1001 : Import flow parameters
RUN-1001 : Import IO constraints
RUN-1001 : Import Inst constraints
RUN-1001 : Import design success TD_VERSION=5.6.69102 , DB_VERSION=46146
RUN-1002 : start command "place"
RUN-1001 : Open license file C:/Anlogic/TD5.6.6910.2/license/Anlogic.lic
RUN-1001 : Print Global Property
RUN-1001 : ---------------------------------------------------------------
RUN-1001 :        Parameters        |  Settings  |  Default Values  |  Note  
RUN-1001 : ---------------------------------------------------------------
RUN-1001 :          message         |  standard  |     standard     |        
RUN-1001 :   mixed_pack_place_flow  |     on     |        on        |        
RUN-1001 :        qor_monitor       |    off     |       off        |        
RUN-1001 :        syn_ip_flow       |    off     |       off        |        
RUN-1001 :          thread          |    auto    |       auto       |        
RUN-1001 : ---------------------------------------------------------------
RUN-1001 : Print Place Property
RUN-1001 : --------------------------------------------------------------
RUN-1001 :        Parameters       |  Settings  |  Default Values  |  Note  
RUN-1001 : --------------------------------------------------------------
RUN-1001 :      detailed_place     |     on     |        on        |        
RUN-1001 :          effort         |   medium   |      medium      |        
RUN-1001 :         fix_hold        |    off     |       off        |        
RUN-1001 :       legalization      |    ori     |       ori        |        
RUN-1001 :      new_spreading      |     on     |        on        |        
RUN-1001 :        opt_timing       |   medium   |      medium      |        
RUN-1001 :   post_clock_route_opt  |    off     |       off        |        
RUN-1001 :       pr_strategy       |     1      |        1         |        
RUN-1001 :        relaxation       |    1.00    |       1.00       |        
RUN-1001 :         retiming        |    off     |       off        |        
RUN-1001 : --------------------------------------------------------------
PHY-3001 : Placer runs in 16 thread(s).
RUN-1002 : start command "legalize_phy_inst"
SYN-1011 : Flatten model top
SYN-4036 : The kept net data_in[7]_dup_3 is useless
SYN-4036 : The kept net data_in[6]_dup_3 is useless
SYN-4036 : The kept net data_in[5]_dup_3 is useless
SYN-4036 : The kept net data_in[4]_dup_3 is useless
SYN-4036 : The kept net data_in[3]_dup_3 is useless
SYN-4036 : The kept net data_in[2]_dup_3 is useless
SYN-4036 : The kept net data_in[1]_dup_3 is useless
SYN-4036 : The kept net data_in[0]_dup_3 is useless
SYN-5055 WARNING: The kept net type/reset_n will be merged to another kept net type_reset_n
SYN-5055 WARNING: The kept net fifo_list/fifo_list/re will be merged to another kept net fifo_list/re
SYN-5055 WARNING: The kept net fifo_list/fifo_list/we will be merged to another kept net fifo_list/we
SYN-5055 WARNING: The kept net _al_n0 will be merged to another kept net fifo_list/wrusedw[14]
SYN-5055 WARNING: The kept net fifo_list/fifo_list/wr_addr_diff[13] will be merged to another kept net fifo_list/wrusedw[13]
SYN-5055 WARNING: The kept net fifo_list/fifo_list/wr_addr_diff[12] will be merged to another kept net fifo_list/wrusedw[12]
SYN-5055 WARNING: The kept net fifo_list/fifo_list/wr_addr_diff[11] will be merged to another kept net fifo_list/wrusedw[11]
SYN-5055 WARNING: The kept net fifo_list/fifo_list/wr_addr_diff[10] will be merged to another kept net fifo_list/wrusedw[10]
SYN-5055 WARNING: The kept net fifo_list/fifo_list/wr_addr_diff[9] will be merged to another kept net fifo_list/wrusedw[9]
SYN-5055 WARNING: The kept net fifo_list/fifo_list/wr_addr_diff[8] will be merged to another kept net fifo_list/wrusedw[8]
SYN-5055 Similar messages will be suppressed.
RUN-1002 : start command "phys_opt -simplify_lut"
SYN-4024 : Net "clk_dup_3" drives clk pins.
SYN-4024 : Net "adc/clk_adc" drives clk pins.
SYN-4025 : Tag rtl::Net adc/clk_adc as clock net
SYN-4025 : Tag rtl::Net clk_dup_3 as clock net
SYN-4026 : Tagged 2 rtl::Net as clock net
SYN-4015 : Create BUFG instance for clk Net adc/clk_adc to drive 9 clock pins.
PHY-1001 : Populate physical database on model top.
RUN-1001 : There are total 570 instances
RUN-0007 : 264 luts, 207 seqs, 47 mslices, 26 lslices, 18 pads, 4 brams, 0 dsps
RUN-1001 : There are total 759 nets
RUN-6004 WARNING: There are 8 nets with only 1 pin.
RUN-1001 : 469 nets have 2 pins
RUN-1001 : 206 nets have [3 - 5] pins
RUN-1001 : 60 nets have [6 - 10] pins
RUN-1001 : 7 nets have [11 - 20] pins
RUN-1001 : 6 nets have [21 - 99] pins
RUN-1001 : 3 nets have 100+ pins
RUN-1001 : Report Control nets information:
RUN-1001 : DFF Distribution
RUN-1001 : ----------------------------------
RUN-1001 :   CE   |  SSR  |  ASR  |  DFF Count  
RUN-1001 : ----------------------------------
RUN-1001 :   No   |  No   |  No   |      6      
RUN-1001 :   No   |  No   |  Yes  |     151     
RUN-1001 :   No   |  Yes  |  No   |      0      
RUN-1001 :   Yes  |  No   |  No   |      0      
RUN-1001 :   Yes  |  No   |  Yes  |     50      
RUN-1001 :   Yes  |  Yes  |  No   |      0      
RUN-1001 : ----------------------------------
RUN-0007 : Control Group Statistic
RUN-0007 : ---------------------------
RUN-0007 :   #CLK  |  #CE  |  #SSR/ASR  
RUN-0007 : ---------------------------
RUN-0007 :    2    |   4   |     4      
RUN-0007 : ---------------------------
RUN-0007 : Control Set = 8
PHY-3001 : Initial placement ...
PHY-3001 : design contains 568 instances, 264 luts, 207 seqs, 73 slices, 10 macros(73 instances: 47 mslices 26 lslices)
PHY-0007 : Cell area utilization is 2%
PHY-3001 : Global placement ...
PHY-3001 : Initial: Len = 162803
PHY-3001 : Clustering ...
PHY-3001 : Level 0 #clusters 568.
PHY-3001 : End clustering;  0.000017s wall, 0.000000s user + 0.000000s system = 0.000000s CPU (n/a%)

PHY-3001 : Run with size of 4
PHY-3001 : Cell area utilization is 2%
PHY-3001 : :::0::: Try harder cell spreading with beta_ = 0
PHY-3002 : Step(1): len = 102174, overlap = 18
PHY-3002 : Step(2): len = 71884.2, overlap = 18
PHY-3002 : Step(3): len = 57097.1, overlap = 18
PHY-3002 : Step(4): len = 43915.3, overlap = 18
PHY-3002 : Step(5): len = 36934.1, overlap = 18
PHY-3002 : Step(6): len = 34318, overlap = 18
PHY-3002 : Step(7): len = 30297.8, overlap = 18
PHY-3002 : Step(8): len = 29436.7, overlap = 18
PHY-3002 : Step(9): len = 27623.3, overlap = 18
PHY-3002 : Step(10): len = 26204.8, overlap = 18
PHY-3002 : Step(11): len = 25137.8, overlap = 18
PHY-3002 : Step(12): len = 24319, overlap = 18
PHY-3002 : Step(13): len = 22953.3, overlap = 18
PHY-3002 : Step(14): len = 22309.5, overlap = 18
PHY-3001 : :::1::: Try harder cell spreading with beta_ = 6.21301e-06
PHY-3002 : Step(15): len = 24360.6, overlap = 18
PHY-3002 : Step(16): len = 24610.5, overlap = 18
PHY-3002 : Step(17): len = 24750, overlap = 18
PHY-3001 : :::2::: Try harder cell spreading with beta_ = 1.2426e-05
PHY-3002 : Step(18): len = 25317.4, overlap = 18
PHY-3002 : Step(19): len = 25316.6, overlap = 18
PHY-3002 : Step(20): len = 24989.2, overlap = 18
PHY-3002 : Step(21): len = 24780, overlap = 18
PHY-3002 : Step(22): len = 23595, overlap = 18
PHY-3002 : Step(23): len = 24241, overlap = 18
PHY-3002 : Step(24): len = 24269.3, overlap = 18
PHY-3002 : Step(25): len = 24154.9, overlap = 18
PHY-3002 : Step(26): len = 24119.8, overlap = 19.25
PHY-3002 : Step(27): len = 23566.6, overlap = 19.5
PHY-3002 : Step(28): len = 23531.6, overlap = 19.5
PHY-3002 : Step(29): len = 23456.2, overlap = 19.25
PHY-3001 : :::3::: Try harder cell spreading with beta_ = 2.4852e-05
PHY-3002 : Step(30): len = 24110.9, overlap = 19.25
PHY-3002 : Step(31): len = 24839.1, overlap = 19.25
PHY-3002 : Step(32): len = 24975.8, overlap = 19.25
PHY-3002 : Step(33): len = 24787.4, overlap = 19.25
PHY-3002 : Step(34): len = 24772.5, overlap = 19.25
PHY-3002 : Step(35): len = 24789.1, overlap = 19.25
PHY-3001 : :::4::: Try harder cell spreading with beta_ = 4.97041e-05
PHY-3002 : Step(36): len = 25778.4, overlap = 19.25
PHY-3002 : Step(37): len = 25936.3, overlap = 19.25
PHY-3002 : Step(38): len = 25794.9, overlap = 19.5
PHY-3002 : Step(39): len = 25748.9, overlap = 19.5
PHY-3002 : Step(40): len = 25574.6, overlap = 19.5
PHY-3002 : Step(41): len = 25385.7, overlap = 19.5
PHY-3002 : Step(42): len = 25390.9, overlap = 19.5
PHY-3002 : Step(43): len = 25406.5, overlap = 19.5
PHY-3001 : :::5::: Try harder cell spreading with beta_ = 9.94082e-05
PHY-3002 : Step(44): len = 25912.3, overlap = 19.5
PHY-3002 : Step(45): len = 25958.5, overlap = 19.5
PHY-3002 : Step(46): len = 25893.3, overlap = 19.5
PHY-3001 : :::6::: Try harder cell spreading with beta_ = 0.000198816
PHY-3002 : Step(47): len = 26235.1, overlap = 19.5
PHY-3002 : Step(48): len = 26270.9, overlap = 19.5
PHY-3002 : Step(49): len = 26270.9, overlap = 19.5
PHY-3001 : Legalization ...
PHY-3001 : End legalization;  0.008890s wall, 0.000000s user + 0.000000s system = 0.000000s CPU (n/a%)

PHY-3001 : Run with size of 4
PHY-3001 : Cell area utilization is 2%
PHY-3001 : :::0::: Try harder cell spreading with beta_ = 0
PHY-3002 : Step(50): len = 33273.2, overlap = 7.6875
PHY-3002 : Step(51): len = 33445.3, overlap = 7.125
PHY-3002 : Step(52): len = 31209.2, overlap = 6.75
PHY-3002 : Step(53): len = 31324.2, overlap = 5.75
PHY-3002 : Step(54): len = 30704.7, overlap = 5.625
PHY-3002 : Step(55): len = 30606.7, overlap = 4
PHY-3002 : Step(56): len = 29405.7, overlap = 2
PHY-3002 : Step(57): len = 27806.7, overlap = 2.5
PHY-3002 : Step(58): len = 27859.3, overlap = 2.75
PHY-3002 : Step(59): len = 27296.1, overlap = 3.375
PHY-3002 : Step(60): len = 27393.8, overlap = 3.4375
PHY-3002 : Step(61): len = 27363.5, overlap = 3.375
PHY-3002 : Step(62): len = 27091, overlap = 3.8125
PHY-3002 : Step(63): len = 26708.3, overlap = 5.65625
PHY-3002 : Step(64): len = 26806.2, overlap = 5.90625
PHY-3002 : Step(65): len = 26522.1, overlap = 7.6875
PHY-3002 : Step(66): len = 26025.6, overlap = 7.28125
PHY-3002 : Step(67): len = 26084.1, overlap = 7.8125
PHY-3002 : Step(68): len = 26140, overlap = 7.8125
PHY-3002 : Step(69): len = 25727.8, overlap = 9.6875
PHY-3002 : Step(70): len = 25638.1, overlap = 9.6875
PHY-3002 : Step(71): len = 25499.5, overlap = 9.71875
PHY-3002 : Step(72): len = 25164.1, overlap = 9.1875
PHY-3002 : Step(73): len = 24950.6, overlap = 9.625
PHY-3002 : Step(74): len = 24962.2, overlap = 9.625
PHY-3002 : Step(75): len = 24774.4, overlap = 9.15625
PHY-3002 : Step(76): len = 24655.6, overlap = 9.53125
PHY-3002 : Step(77): len = 24554.6, overlap = 8.96875
PHY-3002 : Step(78): len = 24532.2, overlap = 9.28125
PHY-3002 : Step(79): len = 24421.6, overlap = 9.5
PHY-3002 : Step(80): len = 24440, overlap = 9.59375
PHY-3002 : Step(81): len = 24093.1, overlap = 9.25
PHY-3002 : Step(82): len = 24153.4, overlap = 9.25
PHY-3002 : Step(83): len = 24183.5, overlap = 9.25
PHY-3002 : Step(84): len = 23997.1, overlap = 9.21875
PHY-3002 : Step(85): len = 24042.2, overlap = 9.03125
PHY-3002 : Step(86): len = 24105.3, overlap = 8.40625
PHY-3002 : Step(87): len = 24112.2, overlap = 7.78125
PHY-3002 : Step(88): len = 24024.4, overlap = 4.4375
PHY-3002 : Step(89): len = 24115.3, overlap = 4.34375
PHY-3002 : Step(90): len = 24100.8, overlap = 0.25
PHY-3002 : Step(91): len = 24191.5, overlap = 0.25
PHY-3002 : Step(92): len = 24272, overlap = 3.03125
PHY-3002 : Step(93): len = 23940.6, overlap = 2.6875
PHY-3002 : Step(94): len = 23876.8, overlap = 2.75
PHY-3002 : Step(95): len = 23978.4, overlap = 2.875
PHY-3002 : Step(96): len = 23799.9, overlap = 5.6875
PHY-3002 : Step(97): len = 23690.1, overlap = 6.25
PHY-3002 : Step(98): len = 23766, overlap = 6.15625
PHY-3002 : Step(99): len = 23481.8, overlap = 6.1875
PHY-3002 : Step(100): len = 23513.2, overlap = 6.1875
PHY-3002 : Step(101): len = 23513.2, overlap = 6.1875
PHY-3001 : Run with size of 2
PHY-3001 : Cell area utilization is 2%
PHY-3001 : :::0::: Try harder cell spreading with beta_ = 5.04451e-05
PHY-3002 : Step(102): len = 24045.2, overlap = 13.7812
PHY-3002 : Step(103): len = 24045.2, overlap = 13.7812
PHY-3002 : Step(104): len = 23665.7, overlap = 14.7812
PHY-3002 : Step(105): len = 23665.7, overlap = 14.7812
PHY-3002 : Step(106): len = 23510.8, overlap = 14.375
PHY-3001 : :::1::: Try harder cell spreading with beta_ = 0.00010089
PHY-3002 : Step(107): len = 23632.3, overlap = 13.375
PHY-3002 : Step(108): len = 23632.3, overlap = 13.375
PHY-3001 : :::2::: Try harder cell spreading with beta_ = 0.00020178
PHY-3002 : Step(109): len = 23662.5, overlap = 12.2812
PHY-3002 : Step(110): len = 23662.5, overlap = 12.2812
OPT-1001 : Start physical optimization ...
OPT-1001 : Total overflow 30.44 peak overflow 3.38
OPT-1001 : Start high-fanout net optimization ...
OPT-1001 : Update timing in global mode
PHY-1001 : Start incremental global routing, caller is place ...
RUN-1001 : Generating global routing grids ...
RUN-1001 : Building simple global routing graph ...
PHY-1001 : Generate routing nets ...
PHY-1001 : Reuse net number 0/759.
PHY-1001 : Global iterations in 16 thread ...
PHY-1002 : len = 26680, over cnt = 55(0%), over = 216, worst = 16
PHY-1001 : End global iterations;  0.051890s wall, 0.015625s user + 0.000000s system = 0.015625s CPU (30.1%)

PHY-1001 : Congestion index: top1 = 23.62, top5 = 10.53, top10 = 6.29, top15 = 4.44.
PHY-1001 : End incremental global routing;  0.113314s wall, 0.046875s user + 0.000000s system = 0.046875s CPU (41.4%)

RUN-1002 : start command "start_timer -report"
TMR-5001 WARNING: No sdc constraints found while initiating timer.
TMR-2505 : Start building timing graph for model top.
TMR-2506 : Build timing graph completely. Port num: 11, tpin num: 2786, tnet num: 757, tinst num: 568, tnode num: 3604, tedge num: 4574.
TMR-2508 : Levelizing timing graph completed, there are 27 levels in total.
TMR-2501 : Timing graph initialized successfully.
OPT-1001 : End timing update;  0.184602s wall, 0.187500s user + 0.000000s system = 0.187500s CPU (101.6%)

OPT-1001 : 0 high-fanout net processed.
OPT-1001 : End high-fanout net optimization;  0.309092s wall, 0.234375s user + 0.000000s system = 0.234375s CPU (75.8%)

OPT-1001 : Current memory(MB): used = 179, reserve = 150, peak = 179.
OPT-1001 : End physical optimization;  0.317917s wall, 0.250000s user + 0.000000s system = 0.250000s CPU (78.6%)

PHY-3001 : Start packing ...
SYN-4007 : Packing 0 MUX to BLE ...
SYN-4008 : Packed 0 MUX and 0 SEQ to BLE.
SYN-4007 : Packing 264 LUT to BLE ...
SYN-4008 : Packed 264 LUT and 145 SEQ to BLE.
SYN-4003 : Packing 62 remaining SEQ's ...
SYN-4005 : Packed 41 SEQ with LUT/SLICE
SYN-4006 : 84 single LUT's are left
SYN-4006 : 21 single SEQ's are left
SYN-4011 : Packing model "top" (AL_USER_NORMAL) with 285/518 primitive instances ...
PHY-3001 : End packing;  0.022299s wall, 0.015625s user + 0.000000s system = 0.015625s CPU (70.1%)

PHY-1001 : Populate physical database on model top.
RUN-1001 : There are total 259 instances
RUN-1001 : 117 mslices, 116 lslices, 18 pads, 4 brams, 0 dsps
RUN-1001 : There are total 618 nets
RUN-6004 WARNING: There are 8 nets with only 1 pin.
RUN-1001 : 315 nets have 2 pins
RUN-1001 : 214 nets have [3 - 5] pins
RUN-1001 : 64 nets have [6 - 10] pins
RUN-1001 : 9 nets have [11 - 20] pins
RUN-1001 : 6 nets have [21 - 99] pins
RUN-1001 : 2 nets have 100+ pins
PHY-3001 : design contains 257 instances, 233 slices, 10 macros(73 instances: 47 mslices 26 lslices)
PHY-3001 : Cell area utilization is 3%
PHY-3001 : After packing: Len = 23757.6, Over = 15.5
PHY-3001 : Run with size of 2
PHY-3001 : Cell area utilization is 3%
PHY-3001 : :::0::: Try harder cell spreading with beta_ = 3.41196e-05
PHY-3002 : Step(111): len = 23640, overlap = 15.75
PHY-3002 : Step(112): len = 23667.4, overlap = 15.75
PHY-3002 : Step(113): len = 23669.3, overlap = 16.75
PHY-3001 : :::1::: Try harder cell spreading with beta_ = 6.82393e-05
PHY-3002 : Step(114): len = 23656.6, overlap = 13.5
PHY-3002 : Step(115): len = 23656.6, overlap = 13.5
PHY-3002 : Step(116): len = 23680.5, overlap = 12.75
PHY-3001 : :::2::: Try harder cell spreading with beta_ = 0.000136479
PHY-3002 : Step(117): len = 23984.9, overlap = 9.5
PHY-3002 : Step(118): len = 23984.9, overlap = 9.5
PHY-3002 : Step(119): len = 23877.9, overlap = 8
PHY-3001 : Legalization ...
PHY-3001 : End legalization;  0.167534s wall, 0.000000s user + 0.031250s system = 0.031250s CPU (18.7%)

PHY-3001 : Trial Legalized: Len = 28821.9
PHY-3001 : Run with size of 2
PHY-3001 : Cell area utilization is 3%
PHY-3001 : :::0::: Try harder cell spreading with beta_ = 0
PHY-3002 : Step(120): len = 25719.1, overlap = 4
PHY-3002 : Step(121): len = 24661.1, overlap = 8.75
PHY-3002 : Step(122): len = 24277.2, overlap = 8.5
PHY-3002 : Step(123): len = 24336.3, overlap = 8.5
PHY-3002 : Step(124): len = 24322.8, overlap = 8.5
PHY-3001 : :::1::: Try harder cell spreading with beta_ = 0.000300292
PHY-3002 : Step(125): len = 24180.4, overlap = 8
PHY-3002 : Step(126): len = 24180.4, overlap = 8
PHY-3001 : :::2::: Try harder cell spreading with beta_ = 0.000600583
PHY-3002 : Step(127): len = 24204.5, overlap = 8.25
PHY-3002 : Step(128): len = 24204.5, overlap = 8.25
PHY-3001 : Legalization ...
PHY-3001 : End legalization;  0.005123s wall, 0.000000s user + 0.000000s system = 0.000000s CPU (n/a%)

PHY-3001 : Legalized: Len = 26408.4, Over = 0
PHY-3001 : Spreading special nets. 1 overflows in 2952 tiles.
PHY-3001 : End spreading;  0.003607s wall, 0.000000s user + 0.000000s system = 0.000000s CPU (n/a%)

PHY-3001 : 2 instances has been re-located, deltaX = 0, deltaY = 2, maxDist = 1.
PHY-3001 : Final: Len = 26428.4, Over = 0
OPT-1001 : Start physical optimization ...
OPT-1001 : Total overflow 0.00 peak overflow 0.00
OPT-1001 : Start high-fanout net optimization ...
OPT-1001 : Update timing in global mode
PHY-1001 : Start incremental global routing, caller is place ...
RUN-1001 : Generating global routing grids ...
PHY-1001 : Generate routing nets ...
PHY-1001 : Reuse net number 55/618.
PHY-1001 : Global iterations in 16 thread ...
PHY-1002 : len = 31176, over cnt = 62(0%), over = 101, worst = 6
PHY-1002 : len = 31944, over cnt = 17(0%), over = 20, worst = 3
PHY-1002 : len = 32072, over cnt = 3(0%), over = 3, worst = 1
PHY-1002 : len = 32112, over cnt = 0(0%), over = 0, worst = 0
PHY-1001 : End global iterations;  0.085881s wall, 0.046875s user + 0.000000s system = 0.046875s CPU (54.6%)

PHY-1001 : Congestion index: top1 = 23.19, top5 = 12.92, top10 = 7.77, top15 = 5.56.
PHY-1001 : End incremental global routing;  0.146733s wall, 0.078125s user + 0.000000s system = 0.078125s CPU (53.2%)

RUN-1002 : start command "start_timer -report"
TMR-5001 WARNING: No sdc constraints found while initiating timer.
TMR-2505 : Start building timing graph for model top.
TMR-2506 : Build timing graph completely. Port num: 11, tpin num: 2358, tnet num: 616, tinst num: 257, tnode num: 2994, tedge num: 4095.
TMR-2508 : Levelizing timing graph completed, there are 27 levels in total.
TMR-2501 : Timing graph initialized successfully.
OPT-1001 : End timing update;  0.161153s wall, 0.125000s user + 0.000000s system = 0.125000s CPU (77.6%)

OPT-1001 : 0 high-fanout net processed.
OPT-1001 : End high-fanout net optimization;  0.317881s wall, 0.218750s user + 0.000000s system = 0.218750s CPU (68.8%)

OPT-1001 : Current memory(MB): used = 182, reserve = 153, peak = 182.
OPT-1001 : Update timing in Manhattan mode
OPT-1001 : End timing update;  0.000742s wall, 0.000000s user + 0.000000s system = 0.000000s CPU (n/a%)

OPT-1001 : Start pin optimization...
OPT-1001 : skip pin optimization...
RUN-1001 : Generating global routing grids ...
PHY-1001 : Generate routing nets ...
PHY-1001 : Reuse net number 506/618.
PHY-1001 : Global iterations in 16 thread ...
PHY-1002 : len = 32112, over cnt = 0(0%), over = 0, worst = 0
PHY-1001 : End global iterations;  0.005833s wall, 0.000000s user + 0.000000s system = 0.000000s CPU (n/a%)

PHY-1001 : Congestion index: top1 = 23.19, top5 = 12.92, top10 = 7.77, top15 = 5.56.
OPT-1001 : Update timing in Manhattan mode
OPT-1001 : End timing update;  0.000995s wall, 0.000000s user + 0.000000s system = 0.000000s CPU (n/a%)

RUN-1001 : QoR Analysis:
OPT-0007 :   WNS 2147483647 TNS 0 NUM_FEPS 0
RUN-1001 :   No local congestion issue, and most congested 1% tile average routing util is 22.896552
RUN-1001 :   Top critical paths
OPT-1001 : End physical optimization;  0.387788s wall, 0.281250s user + 0.000000s system = 0.281250s CPU (72.5%)

RUN-1003 : finish command "place" in  4.985774s wall, 1.296875s user + 0.765625s system = 2.062500s CPU (41.4%)

RUN-1004 : used memory is 165 MB, reserved memory is 136 MB, peak memory is 182 MB
RUN-1002 : start command "export_db adc_place.db"
RUN-1001 : Exported /
RUN-1001 : Exported flow parameters
RUN-1001 : Exported libs
RUN-1001 : Exported entities
RUN-1001 : Exported ports
RUN-1001 : Exported pins
RUN-1001 : Exported instances
RUN-1001 : Exported nets
RUN-1001 : Exported buses
RUN-1001 : Exported models
RUN-1001 : Exported congestions
RUN-1001 : Exported violations
RUN-1001 : Exported IO constraints
RUN-1001 : Exported Inst constraints
RUN-1002 : start command "route"
RUN-1001 : Open license file C:/Anlogic/TD5.6.6910.2/license/Anlogic.lic
RUN-1001 : Print Global Property
RUN-1001 : ---------------------------------------------------------------
RUN-1001 :        Parameters        |  Settings  |  Default Values  |  Note  
RUN-1001 : ---------------------------------------------------------------
RUN-1001 :          message         |  standard  |     standard     |        
RUN-1001 :   mixed_pack_place_flow  |     on     |        on        |        
RUN-1001 :        qor_monitor       |    off     |       off        |        
RUN-1001 :        syn_ip_flow       |    off     |       off        |        
RUN-1001 :          thread          |    auto    |       auto       |        
RUN-1001 : ---------------------------------------------------------------
RUN-1001 : Print Route Property
RUN-1001 : -------------------------------------------------------
RUN-1001 :    Parameters    |  Settings  |  Default Values  |  Note  
RUN-1001 : -------------------------------------------------------
RUN-1001 :      effort      |   medium   |      medium      |        
RUN-1001 :     fix_hold     |    off     |       off        |        
RUN-1001 :    opt_timing    |   medium   |      medium      |        
RUN-1001 :   phy_sim_model  |    off     |       off        |        
RUN-1001 :     priority     |   timing   |      timing      |        
RUN-1001 :     swap_pin     |     on     |        on        |        
RUN-1001 : -------------------------------------------------------
PHY-1001 : Route runs in 16 thread(s)
RUN-1001 : There are total 259 instances
RUN-1001 : 117 mslices, 116 lslices, 18 pads, 4 brams, 0 dsps
RUN-1001 : There are total 618 nets
RUN-6004 WARNING: There are 8 nets with only 1 pin.
RUN-1001 : 315 nets have 2 pins
RUN-1001 : 214 nets have [3 - 5] pins
RUN-1001 : 64 nets have [6 - 10] pins
RUN-1001 : 9 nets have [11 - 20] pins
RUN-1001 : 6 nets have [21 - 99] pins
RUN-1001 : 2 nets have 100+ pins
RUN-1002 : start command "start_timer -report"
TMR-5001 WARNING: No sdc constraints found while initiating timer.
TMR-2505 : Start building timing graph for model top.
TMR-2506 : Build timing graph completely. Port num: 11, tpin num: 2358, tnet num: 616, tinst num: 257, tnode num: 2994, tedge num: 4095.
TMR-2508 : Levelizing timing graph completed, there are 27 levels in total.
TMR-2501 : Timing graph initialized successfully.
PHY-1001 : 117 mslices, 116 lslices, 18 pads, 4 brams, 0 dsps
TMR-2503 : Start to update net delay, extr mode = 3.
TMR-2504 : Update delay of 616 nets completely.
TMR-2502 : Annotate delay completely, extr mode = 3.
TMR-3002 : No user constraint, initiate default constraint.
TMR-1501 : Assign derive clock DeriveClock to 328 clock pins, and constraint 636 relative nodes.
TMR-3003 : Constraints initiated successfully.
TMR-3501 : Forward propagation: start to calculate arrival time...
TMR-3502 : Backward propagation: start to calculate required time...
TMR-3503 : Timing propagation completes.
PHY-1001 : Start global routing, caller is route ...
RUN-1001 : Generating global routing grids ...
PHY-1001 : Generate routing nets ...
PHY-1001 : Global iterations in 16 thread ...
PHY-1002 : len = 30888, over cnt = 61(0%), over = 99, worst = 6
PHY-1002 : len = 31672, over cnt = 18(0%), over = 21, worst = 3
PHY-1002 : len = 31744, over cnt = 7(0%), over = 7, worst = 1
PHY-1002 : len = 31856, over cnt = 0(0%), over = 0, worst = 0
PHY-1001 : End global iterations;  0.111002s wall, 0.000000s user + 0.000000s system = 0.000000s CPU (n/a%)

PHY-1001 : Congestion index: top1 = 22.89, top5 = 12.75, top10 = 7.74, top15 = 5.47.
PHY-1001 : End global routing;  0.180437s wall, 0.062500s user + 0.000000s system = 0.062500s CPU (34.6%)

PHY-1001 : Start detail routing ...
PHY-1001 : Current memory(MB): used = 206, reserve = 177, peak = 221.
PHY-1001 : Detailed router is running in normal mode.
PHY-1001 : Generate detailed routing grids ...
PHY-1001 : Generate nets ...
PHY-1001 : net clk_dup_3 will be routed on clock mesh
PHY-5010 WARNING: Net data_in[7]_dup_3 is skipped due to 0 input or output
PHY-5010 WARNING: Net data_in[6]_dup_3 is skipped due to 0 input or output
PHY-5010 WARNING: Net data_in[5]_dup_3 is skipped due to 0 input or output
PHY-5010 WARNING: Net data_in[4]_dup_3 is skipped due to 0 input or output
PHY-5010 WARNING: Net data_in[3]_dup_3 is skipped due to 0 input or output
PHY-5010 WARNING: Net data_in[2]_dup_3 is skipped due to 0 input or output
PHY-5010 WARNING: Net data_in[1]_dup_3 is skipped due to 0 input or output
PHY-5010 WARNING: Net data_in[0]_dup_3 is skipped due to 0 input or output
PHY-1001 : clock net adc/clk_adc_syn_4 will be merged with clock adc/clk_adc
PHY-5010 WARNING: Net data_in[7]_dup_3 is skipped due to 0 input or output
PHY-5010 WARNING: Net data_in[6]_dup_3 is skipped due to 0 input or output
PHY-5010 Similar messages will be suppressed.
PHY-1001 : Current memory(MB): used = 474, reserve = 449, peak = 474.
PHY-1001 : End build detailed router design. 4.396615s wall, 3.265625s user + 0.093750s system = 3.359375s CPU (76.4%)

PHY-1001 : Detail Route ...
PHY-1001 : ===== Detail Route Phase 1 =====
PHY-1001 : Clock net routing.....
PHY-1001 : Routed 0% nets.
PHY-1022 : len = 14336, over cnt = 0(0%), over = 0, worst = 0, crit = 0
PHY-1001 : End initial clock net routed; 0.619426s wall, 0.562500s user + 0.000000s system = 0.562500s CPU (90.8%)

PHY-1001 : Current memory(MB): used = 506, reserve = 482, peak = 506.
PHY-1001 : End phase 1; 0.632025s wall, 0.578125s user + 0.000000s system = 0.578125s CPU (91.5%)

PHY-1001 : ===== Detail Route Phase 2 =====
PHY-1001 : Initial routing.....
PHY-1001 : Routed 34% nets.
PHY-1001 : Routed 42% nets.
PHY-1001 : Routed 51% nets.
PHY-1001 : Routed 65% nets.
PHY-1001 : Routed 85% nets.
PHY-1022 : len = 96512, over cnt = 8(0%), over = 8, worst = 1, crit = 0
PHY-1001 : Current memory(MB): used = 506, reserve = 482, peak = 506.
PHY-1001 : End initial routed; 3.364412s wall, 2.546875s user + 0.015625s system = 2.562500s CPU (76.2%)

PHY-1001 : Current memory(MB): used = 506, reserve = 482, peak = 506.
PHY-1001 : End phase 2; 3.364476s wall, 2.546875s user + 0.015625s system = 2.562500s CPU (76.2%)

PHY-1001 : ===== Detail Route Phase 3 =====
PHY-1001 : Ripup-reroute.....
PHY-1001 : ===== DR Iter 1 =====
PHY-1022 : len = 96488, over cnt = 4(0%), over = 4, worst = 1, crit = 0
PHY-1001 : End DR Iter 1; 0.024161s wall, 0.031250s user + 0.000000s system = 0.031250s CPU (129.3%)

PHY-1001 : ===== DR Iter 2 =====
PHY-1022 : len = 96480, over cnt = 0(0%), over = 0, worst = 0, crit = 0
PHY-1001 : End DR Iter 2; 0.026008s wall, 0.031250s user + 0.000000s system = 0.031250s CPU (120.2%)

PHY-1001 : Commit to database.....
PHY-1001 : 2 feed throughs used by 2 nets
PHY-1001 : End commit to database; 0.083620s wall, 0.078125s user + 0.000000s system = 0.078125s CPU (93.4%)

PHY-1001 : Current memory(MB): used = 517, reserve = 493, peak = 517.
PHY-1001 : End phase 3; 0.251337s wall, 0.234375s user + 0.000000s system = 0.234375s CPU (93.3%)

PHY-1003 : Routed, final wirelength = 96480
PHY-1001 : Current memory(MB): used = 517, reserve = 493, peak = 517.
PHY-1001 : End export database. 0.013689s wall, 0.015625s user + 0.000000s system = 0.015625s CPU (114.1%)

PHY-1001 : End detail routing;  8.929281s wall, 6.890625s user + 0.109375s system = 7.000000s CPU (78.4%)

RUN-1003 : finish command "route" in  9.367431s wall, 7.156250s user + 0.109375s system = 7.265625s CPU (77.6%)

RUN-1004 : used memory is 449 MB, reserved memory is 424 MB, peak memory is 517 MB
RUN-1002 : start command "report_area -io_info -file adc_phy.area"
RUN-1001 : standard
***Report Model: top Device: EG4S20NG88***

IO Statistics
#IO                        18
  #input                   13
  #output                   5
  #inout                    0

Utilization Statistics
#lut                      420   out of  19600    2.14%
#reg                      229   out of  19600    1.17%
#le                       441
  #lut only               212   out of    441   48.07%
  #reg only                21   out of    441    4.76%
  #lut&reg                208   out of    441   47.17%
#dsp                        0   out of     29    0.00%
#bram                       0   out of     64    0.00%
  #bram9k                   0
  #fifo9k                   0
#bram32k                    4   out of     16   25.00%
#pad                       18   out of     66   27.27%
  #ireg                    10
  #oreg                     5
  #treg                     0
#pll                        0   out of      4    0.00%
#gclk                       1   out of     16    6.25%

Clock Resource Statistics
Index     ClockNet       Type               DriverType         Driver                      Fanout
#1        clk_dup_3      GCLK               io                 clk_syn_4.di                156
#2        adc/clk_adc    GCLK               lslice             adc/clk_adc_reg_syn_5.q1    8


Detailed IO Report

     Name       Direction    Location    IOStandard    DriveStrength    PullType    PackReg  
     clk          INPUT        P34        LVCMOS25          N/A          PULLUP      NONE    
  data_in[7]      INPUT         P2        LVCMOS25          N/A          PULLUP      IREG    
  data_in[6]      INPUT         P3        LVCMOS25          N/A          PULLUP      IREG    
  data_in[5]      INPUT         P4        LVCMOS25          N/A          PULLUP      IREG    
  data_in[4]      INPUT         P5        LVCMOS25          N/A          PULLUP      IREG    
  data_in[3]      INPUT        P10        LVCMOS25          N/A          PULLUP      IREG    
  data_in[2]      INPUT        P11        LVCMOS25          N/A          PULLUP      IREG    
  data_in[1]      INPUT        P12        LVCMOS25          N/A          PULLUP      IREG    
  data_in[0]      INPUT        P13        LVCMOS25          N/A          PULLUP      IREG    
     eoc          INPUT        P60        LVCMOS25          N/A          PULLUP      NONE    
    key_in        INPUT        P50        LVCMOS25          N/A          PULLUP      IREG    
   reset_n        INPUT        P19        LVCMOS25          N/A           N/A        NONE    
   uart_rxd       INPUT        P54        LVCMOS25          N/A          PULLUP      IREG    
   adc_clk       OUTPUT        P57        LVCMOS25           8            NONE       OREG    
     ale         OUTPUT        P23        LVCMOS25           8            N/A        OREG    
      oe         OUTPUT        P86        LVCMOS25           8            NONE       OREG    
    start        OUTPUT        P59        LVCMOS25           8            NONE       OREG    
   uart_txd      OUTPUT        P52        LVCMOS25           8            NONE       OREG    

Report Hierarchy Area:
+------------------------------------------------------------------------------------+
|Instance       |Module         |le     |lut     |ripple  |seq     |bram    |dsp     |
+------------------------------------------------------------------------------------+
|top            |top            |441    |347     |73      |244     |4       |0       |
|  adc          |adc_ctrl       |12     |12      |0       |11      |0       |0       |
|  anjian_list  |anjian         |35     |27      |6       |23      |0       |0       |
|  fifo_list    |fifo_ctrl      |149    |98      |45      |59      |4       |0       |
|    fifo_list  |fifo           |111    |69      |36      |49      |4       |0       |
|      ram_inst |ram_infer_fifo |0      |0       |0       |0       |4       |0       |
|  rx           |uart_rx        |53     |47      |6       |34      |0       |0       |
|  tx           |uart_tx        |76     |55      |8       |37      |0       |0       |
|  type         |type_choice    |115    |107     |8       |64      |0       |0       |
+------------------------------------------------------------------------------------+


DataNet Average Fanout:

   Index     Fanout    Nets  
    #1         1       297   
    #2         2       147   
    #3         3        45   
    #4         4        22   
    #5        5-10      65   
    #6       11-50      11   
    #7       51-100     1    
  Average     2.62           

RUN-1002 : start command "export_db adc_pr.db"
RUN-1001 : Exported /
RUN-1001 : Exported flow parameters
RUN-1001 : Exported libs
RUN-1001 : Exported entities
RUN-1001 : Exported ports
RUN-1001 : Exported pins
RUN-1001 : Exported instances
RUN-1001 : Exported nets
RUN-1001 : Exported buses
RUN-1001 : Exported models
RUN-1001 : Exported congestions
RUN-1001 : Exported violations
RUN-1001 : Exported IO constraints
RUN-1001 : Exported Inst constraints
RUN-1002 : start command "export_bid adc_inst.bid"
PRG-1000 : <!-- HMAC is: 4e18a74e95229f4ace2f7cb8045a3d17dbd7d10503a66d0d331cc44b1fef5f8e -->
RUN-1002 : start command "bitgen -bit adc.bit"
BIT-1003 : Start to generate bitstream. 
BIT-1002 : Init instances with 16 threads.
BIT-1002 : Init instances completely, inst num: 257
BIT-1002 : Init pips with 16 threads.
BIT-1002 : Init pips completely, net num: 618, pip num: 5734
BIT-1002 : Init feedthrough completely, num: 2
BIT-1003 : Multithreading accelaration with 16 threads.
BIT-1003 : Generate bitstream completely, there are 976 valid insts, and 15879 bits set as '1'.
BIT-1004 : the usercode register value: 00000000111111100000000000000000
BIT-1004 : PLL setting string = 0000
BIT-1004 : Generate bits file adc.bit.
RUN-1003 : finish command "bitgen -bit adc.bit" in  2.154347s wall, 8.406250s user + 0.109375s system = 8.515625s CPU (395.3%)

RUN-1004 : used memory is 468 MB, reserved memory is 444 MB, peak memory is 653 MB
RUN-1002 : start command "backup_run_log run.log ../.logs/phy_1/td_20230310_110024.log"
