============================================================
   Tang Dynasty, V5.6.56362
   Copyright (c) 2012-2022 Anlogic
   Executable = C:/Anlogic/TD5.6.56362/bin/td.exe
   Built at =   19:51:00 Jul 25 2022
   Run by =     shaka
   Run Date =   Sun Mar  5 11:44:57 2023

   Run on =     BR007
============================================================
RUN-1002 : start command "open_project adc.prj"
RUN-1001 : Print Global Property
RUN-1001 : ---------------------------------------------------------------
RUN-1001 :        Parameters        |  Settings  |  Default Values  |  Note  
RUN-1001 : ---------------------------------------------------------------
RUN-1001 :          message         |  standard  |     standard     |        
RUN-1001 :   mixed_pack_place_flow  |     on     |        on        |        
RUN-1001 :        syn_ip_flow       |    off     |       off        |        
RUN-1001 :          thread          |    auto    |       auto       |        
RUN-1001 : ---------------------------------------------------------------
RUN-1001 : Print Design Property
RUN-1001 : --------------------------------------------------------------
RUN-1001 :        Parameters       |  Settings  |  Default Values  |  Note  
RUN-1001 : --------------------------------------------------------------
RUN-1001 :   default_reg_initial   |    auto    |       auto       |        
RUN-1001 :        infer_add        |     on     |        on        |        
RUN-1001 :        infer_fsm        |    off     |       off        |        
RUN-1001 :        infer_mult       |     on     |        on        |        
RUN-1001 :        infer_ram        |     on     |        on        |        
RUN-1001 :        infer_reg        |     on     |        on        |        
RUN-1001 :   infer_reg_init_value  |     on     |        on        |        
RUN-1001 :        infer_rom        |     on     |        on        |        
RUN-1001 :      infer_shifter      |     on     |        on        |        
RUN-1001 : --------------------------------------------------------------
RUN-1001 : Print Rtl Property
RUN-1001 : --------------------------------------------------------------
RUN-1001 :        Parameters       |  Settings  |  Default Values  |  Note  
RUN-1001 : --------------------------------------------------------------
RUN-1001 :       compress_add      |   ripple   |      ripple      |        
RUN-1001 :        elf_sload        |    off     |       off        |        
RUN-1001 :       fix_undriven      |     0      |        0         |        
RUN-1001 :         flatten         |    off     |       off        |        
RUN-1001 :       gate_sharing      |     on     |        on        |        
RUN-1001 :    hdl_warning_level    |   normal   |      normal      |        
RUN-1001 :   impl_internal_tribuf  |     on     |        on        |        
RUN-1001 :      impl_set_reset     |     on     |        on        |        
RUN-1001 :        infer_gsr        |    off     |       off        |        
RUN-1001 :      keep_hierarchy     |    auto    |       auto       |        
RUN-1001 :        max_fanout       |    9999    |       9999       |        
RUN-1001 :      max_oh2bin_len     |     10     |        10        |        
RUN-1001 :       merge_equal       |     on     |        on        |        
RUN-1001 :       merge_equiv       |     on     |        on        |        
RUN-1001 :        merge_mux        |    off     |       off        |        
RUN-1001 :     min_control_set     |     8      |        8         |        
RUN-1001 :      min_ripple_len     |    auto    |       auto       |        
RUN-1001 :       oh2bin_ratio      |    0.08    |       0.08       |        
RUN-1001 :     opt_adder_fanout    |     on     |        on        |        
RUN-1001 :        opt_arith        |     on     |        on        |        
RUN-1001 :       opt_big_gate      |    off     |       off        |        
RUN-1001 :        opt_const        |     on     |        on        |        
RUN-1001 :      opt_const_mult     |     on     |        on        |        
RUN-1001 :       opt_lessthan      |     on     |        on        |        
RUN-1001 :         opt_mux         |    off     |       off        |        
RUN-1001 :         opt_ram         |    high    |       high       |        
RUN-1001 :      rtl_sim_model      |    off     |       off        |        
RUN-1001 :         seq_syn         |     on     |        on        |        
RUN-1001 : --------------------------------------------------------------
HDL-1007 : analyze verilog file ../../../Core/fifo.v
HDL-1007 : analyze verilog file ../../../Src/top.v
HDL-1007 : undeclared symbol 'valid', assumed default net type 'wire' in ../../../Src/top.v(37)
HDL-1007 : undeclared symbol 'fifo_out', assumed default net type 'wire' in ../../../Src/top.v(47)
HDL-1007 : undeclared symbol 'data_vld', assumed default net type 'wire' in ../../../Src/top.v(48)
HDL-1007 : undeclared symbol 'out_en', assumed default net type 'wire' in ../../../Src/top.v(49)
HDL-1007 : undeclared symbol 'adc_en', assumed default net type 'wire' in ../../../Src/top.v(57)
HDL-1007 : undeclared symbol 'data', assumed default net type 'wire' in ../../../Src/top.v(63)
HDL-1007 : undeclared symbol 'data_en', assumed default net type 'wire' in ../../../Src/top.v(64)
HDL-1007 : undeclared symbol 'depth', assumed default net type 'wire' in ../../../Src/top.v(77)
HDL-1007 : undeclared symbol 'over', assumed default net type 'wire' in ../../../Src/top.v(79)
HDL-1007 : undeclared symbol 'fifo_working', assumed default net type 'wire' in ../../../Src/top.v(80)
HDL-1007 : undeclared symbol 'condition', assumed default net type 'wire' in ../../../Src/top.v(95)
HDL-1007 : analyze verilog file ../../../Src/uart_rx.v
HDL-1007 : analyze verilog file ../../../Src/uart_tx.v
HDL-1007 : analyze verilog file ../../../Src/adc_ctrl.v
HDL-1007 : analyze verilog file ../../../Src/type_choice.v
HDL-1007 : analyze verilog file ../../../Src/fifo_ctrl.v
HDL-1007 : undeclared symbol 'data_in', assumed default net type 'wire' in ../../../Src/fifo_ctrl.v(123)
HDL-1007 : undeclared symbol 'data_out', assumed default net type 'wire' in ../../../Src/fifo_ctrl.v(124)
HDL-1007 : undeclared symbol 'empty_flag', assumed default net type 'wire' in ../../../Src/fifo_ctrl.v(128)
HDL-1007 : undeclared symbol 'wrusedw', assumed default net type 'wire' in ../../../Src/fifo_ctrl.v(129)
RUN-1001 : Project manager successfully analyzed 7 source files.
RUN-1002 : start command "import_device eagle_s20.db -package EG4S20NG88"
ARC-1001 : Device Initialization.
ARC-1001 : ---------------------------------------------------------------
ARC-1001 :            OPTION            |        IO         |   SETTING   
ARC-1001 : ---------------------------------------------------------------
ARC-1001 :   cso_b/cclk/mosi/miso/dout  |  P69/P82/P81/P80  |    gpio    
ARC-1001 :             done             |        P8         |    gpio    
ARC-1001 :           program_b          |        P67        |  dedicate  
ARC-1001 :        tdi/tms/tck/tdo       |  P25/P22/P26/P21  |  dedicate  
ARC-1001 : ---------------------------------------------------------------
ARC-1004 : Device setting, marked 5 dedicate IOs in total.
RUN-1002 : start command "import_db ../syn_1/adc_gate.db"
RUN-1001 : Importing database generated by Tang Dynasty, V5.6.56362.
RUN-1001 : Database version number 46140.
RUN-1001 : Import flow parameters
RUN-1001 : Import timing constraints
RUN-1001 : Import IO constraints
RUN-1001 : Import Inst constraints
RUN-1001 : Import design success TD_VERSION=5.6.56362 , DB_VERSION=46140
RUN-1002 : start command "read_sdc"
USR-1002 : read_sdc file_name -help -h -eco
USR-1009 : NO module with IP_SDC ...
RUN-1104 : Import SDC file  finished, there are 0 nets kept by constraints.
RUN-1002 : start command "place"
RUN-1001 : Open license file C:/Anlogic/TD5.6.56362/license/Anlogic.lic
RUN-1001 : Print Global Property
RUN-1001 : ---------------------------------------------------------------
RUN-1001 :        Parameters        |  Settings  |  Default Values  |  Note  
RUN-1001 : ---------------------------------------------------------------
RUN-1001 :          message         |  standard  |     standard     |        
RUN-1001 :   mixed_pack_place_flow  |     on     |        on        |        
RUN-1001 :        syn_ip_flow       |    off     |       off        |        
RUN-1001 :          thread          |    auto    |       auto       |        
RUN-1001 : ---------------------------------------------------------------
RUN-1001 : Print Place Property
RUN-1001 : --------------------------------------------------------------
RUN-1001 :        Parameters       |  Settings  |  Default Values  |  Note  
RUN-1001 : --------------------------------------------------------------
RUN-1001 :      detailed_place     |     on     |        on        |        
RUN-1001 :          effort         |   medium   |      medium      |        
RUN-1001 :         fix_hold        |    off     |       off        |        
RUN-1001 :       legalization      |    ori     |       ori        |        
RUN-1001 :      new_spreading      |     on     |        on        |        
RUN-1001 :        opt_timing       |   medium   |      medium      |        
RUN-1001 :   post_clock_route_opt  |    off     |       off        |        
RUN-1001 :       pr_strategy       |     1      |        1         |        
RUN-1001 :        relaxation       |    1.00    |       1.00       |        
RUN-1001 :         retiming        |    off     |       off        |        
RUN-1001 : --------------------------------------------------------------
PHY-3001 : Placer runs in 16 thread(s).
RUN-1002 : start command "legalize_phy_inst"
SYN-1011 : Flatten model top
SYN-4036 : The kept net data_in[7]_dup_3 is useless
SYN-4036 : The kept net data_in[6]_dup_3 is useless
SYN-4036 : The kept net data_in[5]_dup_3 is useless
SYN-4036 : The kept net data_in[4]_dup_3 is useless
SYN-4036 : The kept net data_in[3]_dup_3 is useless
SYN-4036 : The kept net data_in[2]_dup_3 is useless
SYN-4036 : The kept net data_in[1]_dup_3 is useless
SYN-4036 : The kept net data_in[0]_dup_3 is useless
SYN-4036 : The kept net key1_dup_3 is useless
SYN-5055 WARNING: The kept net type/uart_data[7] will be merged to another kept net rx/data_rx[7]
SYN-5055 WARNING: The kept net type/uart_data[6] will be merged to another kept net rx/data_rx[6]
SYN-5055 WARNING: The kept net type/uart_data[5] will be merged to another kept net rx/data_rx[5]
SYN-5055 WARNING: The kept net type/uart_data[4] will be merged to another kept net rx/data_rx[4]
SYN-5055 WARNING: The kept net type/uart_data[3] will be merged to another kept net rx/data_rx[3]
SYN-5055 WARNING: The kept net type/uart_data[2] will be merged to another kept net rx/data_rx[2]
SYN-5055 WARNING: The kept net type/uart_data[1] will be merged to another kept net rx/data_rx[1]
SYN-5055 WARNING: The kept net type/uart_data[0] will be merged to another kept net rx/data_rx[0]
SYN-5055 WARNING: The kept net type/valid will be merged to another kept net rx/data_valid
RUN-1002 : start command "phys_opt -simplify_lut"
SYN-4024 : Net "clk_dup_3" drives clk pins.
SYN-4024 : Net "adc_clk_dup_3" drives clk pins.
SYN-4025 : Tag rtl::Net adc_clk_dup_3 as clock net
SYN-4025 : Tag rtl::Net clk_dup_3 as clock net
SYN-4026 : Tagged 2 rtl::Net as clock net
SYN-4015 : Create BUFG instance for clk Net adc_clk_dup_3 to drive 13 clock pins.
PHY-1001 : Populate physical database on model top.
RUN-1001 : There are total 459 instances
RUN-0007 : 219 luts, 173 seqs, 28 mslices, 16 lslices, 19 pads, 0 brams, 0 dsps
RUN-1001 : There are total 562 nets
RUN-6004 WARNING: There are 9 nets with only 1 pin.
RUN-1001 : 335 nets have 2 pins
RUN-1001 : 167 nets have [3 - 5] pins
RUN-1001 : 34 nets have [6 - 10] pins
RUN-1001 : 10 nets have [11 - 20] pins
RUN-1001 : 4 nets have [21 - 99] pins
RUN-1001 : 3 nets have 100+ pins
RUN-1001 : Report Control nets information:
RUN-1001 : DFF Distribution
RUN-1001 : ----------------------------------
RUN-1001 :   CE   |  SSR  |  ASR  |  DFF Count  
RUN-1001 : ----------------------------------
RUN-1001 :   No   |  No   |  No   |      7      
RUN-1001 :   No   |  No   |  Yes  |     125     
RUN-1001 :   No   |  Yes  |  No   |      0      
RUN-1001 :   Yes  |  No   |  No   |      0      
RUN-1001 :   Yes  |  No   |  Yes  |     41      
RUN-1001 :   Yes  |  Yes  |  No   |      0      
RUN-1001 : ----------------------------------
RUN-0007 : Control Group Statistic
RUN-0007 : ---------------------------
RUN-0007 :   #CLK  |  #CE  |  #SSR/ASR  
RUN-0007 : ---------------------------
RUN-0007 :    2    |   4   |     3      
RUN-0007 : ---------------------------
RUN-0007 : Control Set = 8
PHY-3001 : Initial placement ...
PHY-3001 : design contains 457 instances, 219 luts, 173 seqs, 44 slices, 6 macros(44 instances: 28 mslices 16 lslices)
PHY-0007 : Cell area utilization is 1%
PHY-3001 : Start timing update ...
RUN-1002 : start command "start_timer -report"
TMR-2505 : Start building timing graph for model top.
TMR-2506 : Build timing graph completely. Port num: 12, tpin num: 2123, tnet num: 560, tinst num: 457, tnode num: 2753, tedge num: 3412.
TMR-2508 : Levelizing timing graph completed, there are 21 levels in total.
TMR-2501 : Timing graph initialized successfully.
TMR-2503 : Start to update net delay, extr mode = 2.
TMR-2504 : Update delay of 560 nets completely.
TMR-2502 : Annotate delay completely, extr mode = 2.
TMR-3001 : Initiate 0 clocks from SDC.
TMR-3004 : Map sdc constraints, there are 0 constraints in total.
TMR-3003 : Constraints initiated successfully.
TMR-3501 : Forward propagation: start to calculate arrival time...
TMR-3502 : Backward propagation: start to calculate required time...
TMR-3503 : Timing propagation completes.
PHY-3001 : End timing update;  0.144460s wall, 0.078125s user + 0.000000s system = 0.078125s CPU (54.1%)

PHY-3001 : Global placement ...
PHY-3001 : Initial: Len = 136313
PHY-3001 : Clustering ...
PHY-3001 : Level 0 #clusters 457.
PHY-3001 : End clustering;  0.000019s wall, 0.000000s user + 0.000000s system = 0.000000s CPU (n/a%)

PHY-3001 : Run with size of 4
PHY-3001 : Cell area utilization is 1%
PHY-3001 : :::0::: Try harder cell spreading with beta_ = 0
PHY-3002 : Step(1): len = 74665.9, overlap = 0
PHY-3002 : Step(2): len = 49089.6, overlap = 0
PHY-3002 : Step(3): len = 32712.8, overlap = 0
PHY-3002 : Step(4): len = 24150.8, overlap = 0
PHY-3002 : Step(5): len = 19264.5, overlap = 0
PHY-3002 : Step(6): len = 18170.6, overlap = 0
PHY-3002 : Step(7): len = 15745.7, overlap = 0
PHY-3002 : Step(8): len = 14415, overlap = 0
PHY-3002 : Step(9): len = 13041.6, overlap = 0
PHY-3002 : Step(10): len = 12939.6, overlap = 0
PHY-3002 : Step(11): len = 12687, overlap = 0
PHY-3002 : Step(12): len = 11790.5, overlap = 0
PHY-3002 : Step(13): len = 12014.6, overlap = 0
PHY-3002 : Step(14): len = 12391.8, overlap = 0
PHY-3002 : Step(15): len = 11108.6, overlap = 0
PHY-3002 : Step(16): len = 11472.4, overlap = 0
PHY-3002 : Step(17): len = 11991.2, overlap = 0
PHY-3002 : Step(18): len = 11264.2, overlap = 0
PHY-3002 : Step(19): len = 11635.6, overlap = 0
PHY-3002 : Step(20): len = 10787, overlap = 0
PHY-3002 : Step(21): len = 9278.6, overlap = 0
PHY-3002 : Step(22): len = 8954.3, overlap = 0
PHY-3002 : Step(23): len = 9289.1, overlap = 0
PHY-3002 : Step(24): len = 8136.5, overlap = 0
PHY-3002 : Step(25): len = 7894.9, overlap = 0
PHY-3002 : Step(26): len = 8348.4, overlap = 0
PHY-3002 : Step(27): len = 8437.8, overlap = 0
PHY-3002 : Step(28): len = 7369, overlap = 0
PHY-3002 : Step(29): len = 7225.3, overlap = 0
PHY-3002 : Step(30): len = 7273.8, overlap = 0
PHY-3002 : Step(31): len = 6522.4, overlap = 0
PHY-3002 : Step(32): len = 6517.5, overlap = 0
PHY-3002 : Step(33): len = 6603.7, overlap = 0
PHY-3001 : Legalization ...
PHY-3001 : End legalization;  0.005563s wall, 0.000000s user + 0.000000s system = 0.000000s CPU (n/a%)

PHY-3001 : Run with size of 4
PHY-3001 : Cell area utilization is 2%
PHY-3001 : Update timing in Manhattan mode ...
TMR-2503 : Start to update net delay, extr mode = 3.
TMR-2504 : Update delay of 560 nets completely.
TMR-2502 : Annotate delay completely, extr mode = 3.
TMR-3501 : Forward propagation: start to calculate arrival time...
TMR-3502 : Backward propagation: start to calculate required time...
TMR-3503 : Timing propagation completes.
PHY-3001 : End timing update;  0.010637s wall, 0.000000s user + 0.000000s system = 0.000000s CPU (n/a%)

PHY-3001 : :::0::: Try harder cell spreading with beta_ = 0
PHY-3002 : Step(34): len = 5991.9, overlap = 0
PHY-3002 : Step(35): len = 5991.9, overlap = 0
PHY-3002 : Step(36): len = 5977.2, overlap = 0
PHY-3002 : Step(37): len = 5977.2, overlap = 0
PHY-3002 : Step(38): len = 5864.5, overlap = 0
PHY-3002 : Step(39): len = 5864.5, overlap = 0
PHY-3002 : Step(40): len = 5895.1, overlap = 0
PHY-3002 : Step(41): len = 5895.1, overlap = 0
PHY-3002 : Step(42): len = 5804, overlap = 0
PHY-3002 : Step(43): len = 5804, overlap = 0
PHY-3002 : Step(44): len = 5797.6, overlap = 0
PHY-3002 : Step(45): len = 5873.8, overlap = 0
PHY-3002 : Step(46): len = 5873.8, overlap = 0
PHY-3001 : Run with size of 2
PHY-3001 : Cell area utilization is 2%
PHY-3001 : Update timing in Manhattan mode ...
TMR-2503 : Start to update net delay, extr mode = 3.
TMR-2504 : Update delay of 560 nets completely.
TMR-2502 : Annotate delay completely, extr mode = 3.
TMR-3501 : Forward propagation: start to calculate arrival time...
TMR-3502 : Backward propagation: start to calculate required time...
TMR-3503 : Timing propagation completes.
PHY-3001 : End timing update;  0.008413s wall, 0.000000s user + 0.000000s system = 0.000000s CPU (n/a%)

PHY-3001 : :::0::: Try harder cell spreading with beta_ = 0.000343715
PHY-3002 : Step(47): len = 5829.8, overlap = 3.9375
PHY-3002 : Step(48): len = 5829.8, overlap = 3.9375
PHY-3001 : :::1::: Try harder cell spreading with beta_ = 0.000687429
PHY-3002 : Step(49): len = 5807.3, overlap = 3.84375
PHY-3002 : Step(50): len = 5865.9, overlap = 3.46875
OPT-1001 : Start physical optimization ...
RUN-1002 : start command "start_timer -report"
TMR-2505 : Start building timing graph for model top.
TMR-2506 : Build timing graph completely. Port num: 12, tpin num: 2123, tnet num: 560, tinst num: 457, tnode num: 2753, tedge num: 3412.
TMR-2508 : Levelizing timing graph completed, there are 21 levels in total.
TMR-2501 : Timing graph initialized successfully.
OPT-1001 : Total overflow 22.34 peak overflow 2.56
OPT-1001 : Start high-fanout net optimization ...
OPT-1001 : Update timing in global mode
PHY-1001 : Start incremental global routing, caller is place ...
RUN-1001 : Generating global routing grids ...
RUN-1001 : Building simple global routing graph ...
PHY-1001 : Generate routing nets ...
PHY-1001 : Reuse net number 0/562.
PHY-1001 : Global iterations in 16 thread ...
PHY-1002 : len = 6480, over cnt = 30(0%), over = 92, worst = 14
PHY-1001 : End global iterations;  0.029042s wall, 0.000000s user + 0.000000s system = 0.000000s CPU (n/a%)

PHY-1001 : Congestion index: top1 = 14.18, top5 = 4.71, top10 = 2.35, top15 = 1.57.
PHY-1001 : End incremental global routing;  0.089039s wall, 0.015625s user + 0.000000s system = 0.015625s CPU (17.5%)

TMR-2503 : Start to update net delay, extr mode = 5.
TMR-2504 : Update delay of 560 nets completely.
TMR-2502 : Annotate delay completely, extr mode = 5.
TMR-3001 : Initiate 0 clocks from SDC.
TMR-3004 : Map sdc constraints, there are 0 constraints in total.
TMR-3003 : Constraints initiated successfully.
TMR-3501 : Forward propagation: start to calculate arrival time...
TMR-3502 : Backward propagation: start to calculate required time...
TMR-3503 : Timing propagation completes.
OPT-1001 : End timing update;  0.011782s wall, 0.000000s user + 0.000000s system = 0.000000s CPU (n/a%)

OPT-1001 : 0 high-fanout net processed.
OPT-1001 : End high-fanout net optimization;  0.108446s wall, 0.015625s user + 0.000000s system = 0.015625s CPU (14.4%)

OPT-1001 : Current memory(MB): used = 175, reserve = 146, peak = 175.
OPT-1001 : Start global optimization ...
OPT-1001 : Start congestion update ...
RUN-1001 : Generating global routing grids ...
PHY-1001 : Generate routing nets ...
PHY-1001 : Reuse net number 256/562.
PHY-1001 : Global iterations in 16 thread ...
PHY-1002 : len = 6480, over cnt = 30(0%), over = 92, worst = 14
PHY-1002 : len = 7176, over cnt = 14(0%), over = 31, worst = 5
PHY-1002 : len = 7464, over cnt = 5(0%), over = 11, worst = 4
PHY-1002 : len = 7640, over cnt = 0(0%), over = 0, worst = 0
PHY-1001 : End global iterations;  0.036894s wall, 0.015625s user + 0.000000s system = 0.015625s CPU (42.4%)

PHY-1001 : Congestion index: top1 = 14.57, top5 = 5.25, top10 = 2.64, top15 = 1.76.
OPT-1001 : End congestion update;  0.089611s wall, 0.015625s user + 0.000000s system = 0.015625s CPU (17.4%)

OPT-1001 : Update timing in Manhattan mode
TMR-2503 : Start to update net delay, extr mode = 3.
TMR-2504 : Update delay of 560 nets completely.
TMR-2502 : Annotate delay completely, extr mode = 3.
TMR-3501 : Forward propagation: start to calculate arrival time...
TMR-3502 : Backward propagation: start to calculate required time...
TMR-3503 : Timing propagation completes.
OPT-1001 : End timing update;  0.010307s wall, 0.015625s user + 0.000000s system = 0.015625s CPU (151.6%)

OPT-0007 : Start: WNS 2147483647 TNS 0 NUM_FEPS 0
OPT-1001 : End global optimization;  0.100045s wall, 0.031250s user + 0.000000s system = 0.031250s CPU (31.2%)

OPT-1001 : Current memory(MB): used = 176, reserve = 147, peak = 176.
OPT-1001 : End physical optimization;  0.360243s wall, 0.062500s user + 0.000000s system = 0.062500s CPU (17.3%)

PHY-3001 : Start packing ...
SYN-4007 : Packing 0 MUX to BLE ...
SYN-4008 : Packed 0 MUX and 0 SEQ to BLE.
SYN-4007 : Packing 219 LUT to BLE ...
SYN-4008 : Packed 219 LUT and 128 SEQ to BLE.
SYN-4003 : Packing 45 remaining SEQ's ...
SYN-4005 : Packed 26 SEQ with LUT/SLICE
SYN-4006 : 69 single LUT's are left
SYN-4006 : 19 single SEQ's are left
SYN-4011 : Packing model "top" (AL_USER_NORMAL) with 238/435 primitive instances ...
PHY-3001 : End packing;  0.019599s wall, 0.031250s user + 0.000000s system = 0.031250s CPU (159.4%)

PHY-1001 : Populate physical database on model top.
RUN-1001 : There are total 199 instances
RUN-1001 : 88 mslices, 88 lslices, 19 pads, 0 brams, 0 dsps
RUN-1001 : There are total 434 nets
RUN-6004 WARNING: There are 9 nets with only 1 pin.
RUN-1001 : 206 nets have 2 pins
RUN-1001 : 157 nets have [3 - 5] pins
RUN-1001 : 45 nets have [6 - 10] pins
RUN-1001 : 12 nets have [11 - 20] pins
RUN-1001 : 2 nets have [21 - 99] pins
RUN-1001 : 3 nets have 100+ pins
PHY-3001 : design contains 197 instances, 176 slices, 6 macros(44 instances: 28 mslices 16 lslices)
PHY-3001 : Cell area utilization is 2%
PHY-3001 : After packing: Len = 5919.6, Over = 7.75
PHY-3001 : Run with size of 2
PHY-3001 : Cell area utilization is 2%
PHY-3001 : Update timing in Manhattan mode ...
RUN-1002 : start command "start_timer -report"
TMR-2505 : Start building timing graph for model top.
TMR-2506 : Build timing graph completely. Port num: 12, tpin num: 1754, tnet num: 432, tinst num: 197, tnode num: 2227, tedge num: 3000.
TMR-2508 : Levelizing timing graph completed, there are 19 levels in total.
TMR-2501 : Timing graph initialized successfully.
TMR-2503 : Start to update net delay, extr mode = 3.
TMR-2504 : Update delay of 432 nets completely.
TMR-2502 : Annotate delay completely, extr mode = 3.
TMR-3001 : Initiate 0 clocks from SDC.
TMR-3004 : Map sdc constraints, there are 0 constraints in total.
TMR-3003 : Constraints initiated successfully.
TMR-3501 : Forward propagation: start to calculate arrival time...
TMR-3502 : Backward propagation: start to calculate required time...
TMR-3503 : Timing propagation completes.
PHY-3001 : End timing update;  0.163962s wall, 0.062500s user + 0.000000s system = 0.062500s CPU (38.1%)

PHY-3001 : :::0::: Try harder cell spreading with beta_ = 0.000105917
PHY-3002 : Step(51): len = 5795.2, overlap = 8
PHY-3002 : Step(52): len = 5872.9, overlap = 8
PHY-3002 : Step(53): len = 5886.6, overlap = 8.25
PHY-3001 : :::1::: Try harder cell spreading with beta_ = 0.000211834
PHY-3002 : Step(54): len = 5674, overlap = 7.5
PHY-3002 : Step(55): len = 5674, overlap = 7.5
PHY-3001 : :::2::: Try harder cell spreading with beta_ = 0.000423669
PHY-3002 : Step(56): len = 5741.9, overlap = 7.75
PHY-3002 : Step(57): len = 5771.7, overlap = 7.75
PHY-3001 : Legalization ...
PHY-3001 : End legalization;  0.075598s wall, 0.015625s user + 0.000000s system = 0.015625s CPU (20.7%)

PHY-3001 : Trial Legalized: Len = 10662.6
PHY-3001 : Run with size of 2
PHY-3001 : Cell area utilization is 2%
PHY-3001 : Update timing in Manhattan mode ...
TMR-2503 : Start to update net delay, extr mode = 3.
TMR-2504 : Update delay of 432 nets completely.
TMR-2502 : Annotate delay completely, extr mode = 3.
TMR-3501 : Forward propagation: start to calculate arrival time...
TMR-3502 : Backward propagation: start to calculate required time...
TMR-3503 : Timing propagation completes.
PHY-3001 : End timing update;  0.006986s wall, 0.000000s user + 0.000000s system = 0.000000s CPU (n/a%)

PHY-3001 : :::0::: Try harder cell spreading with beta_ = 0
PHY-3002 : Step(58): len = 7507.8, overlap = 2.25
PHY-3002 : Step(59): len = 6534, overlap = 5.25
PHY-3002 : Step(60): len = 6311.9, overlap = 6.5
PHY-3002 : Step(61): len = 6146.5, overlap = 8
PHY-3002 : Step(62): len = 6067.6, overlap = 8.75
PHY-3001 : :::1::: Try harder cell spreading with beta_ = 0.000345151
PHY-3002 : Step(63): len = 5889.4, overlap = 8.5
PHY-3002 : Step(64): len = 5857.1, overlap = 8.5
PHY-3002 : Step(65): len = 5863, overlap = 8
PHY-3001 : Legalization ...
PHY-3001 : End legalization;  0.005213s wall, 0.000000s user + 0.000000s system = 0.000000s CPU (n/a%)

PHY-3001 : Legalized: Len = 8868.6, Over = 0
PHY-3001 : Spreading special nets. 1 overflows in 2952 tiles.
PHY-3001 : End spreading;  0.004115s wall, 0.000000s user + 0.000000s system = 0.000000s CPU (n/a%)

PHY-3001 : 1 instances has been re-located, deltaX = 0, deltaY = 1, maxDist = 1.
PHY-3001 : Final: Len = 8884.6, Over = 0
OPT-1001 : Start physical optimization ...
RUN-1002 : start command "start_timer -report"
TMR-2505 : Start building timing graph for model top.
TMR-2506 : Build timing graph completely. Port num: 12, tpin num: 1754, tnet num: 432, tinst num: 197, tnode num: 2227, tedge num: 3000.
TMR-2508 : Levelizing timing graph completed, there are 19 levels in total.
TMR-2501 : Timing graph initialized successfully.
OPT-1001 : Total overflow 0.00 peak overflow 0.00
OPT-1001 : Start high-fanout net optimization ...
OPT-1001 : Update timing in global mode
PHY-1001 : Start incremental global routing, caller is place ...
RUN-1001 : Generating global routing grids ...
PHY-1001 : Generate routing nets ...
PHY-1001 : Reuse net number 17/434.
PHY-1001 : Global iterations in 16 thread ...
PHY-1002 : len = 9904, over cnt = 32(0%), over = 44, worst = 3
PHY-1002 : len = 10216, over cnt = 12(0%), over = 14, worst = 2
PHY-1002 : len = 10384, over cnt = 0(0%), over = 0, worst = 0
PHY-1001 : End global iterations;  0.061350s wall, 0.015625s user + 0.000000s system = 0.015625s CPU (25.5%)

PHY-1001 : Congestion index: top1 = 16.72, top5 = 7.43, top10 = 3.84, top15 = 2.56.
PHY-1001 : End incremental global routing;  0.116491s wall, 0.031250s user + 0.000000s system = 0.031250s CPU (26.8%)

TMR-2503 : Start to update net delay, extr mode = 5.
TMR-2504 : Update delay of 432 nets completely.
TMR-2502 : Annotate delay completely, extr mode = 5.
TMR-3001 : Initiate 0 clocks from SDC.
TMR-3004 : Map sdc constraints, there are 0 constraints in total.
TMR-3003 : Constraints initiated successfully.
TMR-3501 : Forward propagation: start to calculate arrival time...
TMR-3502 : Backward propagation: start to calculate required time...
TMR-3503 : Timing propagation completes.
OPT-1001 : End timing update;  0.011223s wall, 0.015625s user + 0.000000s system = 0.015625s CPU (139.2%)

OPT-1001 : 0 high-fanout net processed.
OPT-1001 : End high-fanout net optimization;  0.134872s wall, 0.046875s user + 0.000000s system = 0.046875s CPU (34.8%)

OPT-1001 : Current memory(MB): used = 178, reserve = 148, peak = 179.
OPT-1001 : Start path based optimization ...
OPT-1001 : Start congestion update ...
RUN-1001 : Generating global routing grids ...
PHY-1001 : Generate routing nets ...
PHY-1001 : Reuse net number 333/434.
PHY-1001 : Global iterations in 16 thread ...
PHY-1002 : len = 10384, over cnt = 0(0%), over = 0, worst = 0
PHY-1001 : End global iterations;  0.003978s wall, 0.000000s user + 0.000000s system = 0.000000s CPU (n/a%)

PHY-1001 : Congestion index: top1 = 16.72, top5 = 7.43, top10 = 3.84, top15 = 2.56.
OPT-1001 : End congestion update;  0.059710s wall, 0.062500s user + 0.000000s system = 0.062500s CPU (104.7%)

OPT-1001 : Update timing in Manhattan mode
TMR-2503 : Start to update net delay, extr mode = 3.
TMR-2504 : Update delay of 432 nets completely.
TMR-2502 : Annotate delay completely, extr mode = 3.
TMR-3501 : Forward propagation: start to calculate arrival time...
TMR-3502 : Backward propagation: start to calculate required time...
TMR-3503 : Timing propagation completes.
OPT-1001 : End timing update;  0.007746s wall, 0.015625s user + 0.000000s system = 0.015625s CPU (201.7%)

OPT-0007 : Start: WNS 2147483647 TNS 0 NUM_FEPS 0
OPT-1001 : End path based optimization;  0.067674s wall, 0.078125s user + 0.000000s system = 0.078125s CPU (115.4%)

OPT-1001 : Current memory(MB): used = 178, reserve = 148, peak = 179.
OPT-1001 : Update timing in Manhattan mode
TMR-2503 : Start to update net delay, extr mode = 3.
TMR-2504 : Update delay of 432 nets completely.
TMR-2502 : Annotate delay completely, extr mode = 3.
TMR-3501 : Forward propagation: start to calculate arrival time...
TMR-3502 : Backward propagation: start to calculate required time...
TMR-3503 : Timing propagation completes.
OPT-1001 : End timing update;  0.007057s wall, 0.000000s user + 0.000000s system = 0.000000s CPU (n/a%)

OPT-1001 : Start pin optimization...
OPT-1001 : skip pin optimization...
OPT-1001 : Update timing in global mode
PHY-1001 : Start incremental global routing, caller is place ...
RUN-1001 : Generating global routing grids ...
PHY-1001 : Generate routing nets ...
PHY-1001 : Reuse net number 333/434.
PHY-1001 : Global iterations in 16 thread ...
PHY-1002 : len = 10384, over cnt = 0(0%), over = 0, worst = 0
PHY-1001 : End global iterations;  0.004421s wall, 0.000000s user + 0.000000s system = 0.000000s CPU (n/a%)

PHY-1001 : Congestion index: top1 = 16.72, top5 = 7.43, top10 = 3.84, top15 = 2.56.
PHY-1001 : End incremental global routing;  0.055342s wall, 0.046875s user + 0.000000s system = 0.046875s CPU (84.7%)

TMR-2503 : Start to update net delay, extr mode = 5.
TMR-2504 : Update delay of 432 nets completely.
TMR-2502 : Annotate delay completely, extr mode = 5.
TMR-3501 : Forward propagation: start to calculate arrival time...
TMR-3502 : Backward propagation: start to calculate required time...
TMR-3503 : Timing propagation completes.
OPT-1001 : End timing update;  0.010355s wall, 0.015625s user + 0.000000s system = 0.015625s CPU (150.9%)

RUN-1001 : Generating global routing grids ...
PHY-1001 : Generate routing nets ...
PHY-1001 : Reuse net number 333/434.
PHY-1001 : Global iterations in 16 thread ...
PHY-1002 : len = 10384, over cnt = 0(0%), over = 0, worst = 0
PHY-1001 : End global iterations;  0.004404s wall, 0.000000s user + 0.000000s system = 0.000000s CPU (n/a%)

PHY-1001 : Congestion index: top1 = 16.72, top5 = 7.43, top10 = 3.84, top15 = 2.56.
OPT-1001 : Update timing in Manhattan mode
TMR-2503 : Start to update net delay, extr mode = 3.
TMR-2504 : Update delay of 432 nets completely.
TMR-2502 : Annotate delay completely, extr mode = 3.
TMR-3501 : Forward propagation: start to calculate arrival time...
TMR-3502 : Backward propagation: start to calculate required time...
TMR-3503 : Timing propagation completes.
OPT-1001 : End timing update;  0.008330s wall, 0.000000s user + 0.000000s system = 0.000000s CPU (n/a%)

RUN-1001 : QoR Analysis:
OPT-0007 :   WNS 2147483647 TNS 0 NUM_FEPS 0
RUN-1001 :   No local congestion issue, and most congested 1% tile average routing util is 16.275862
RUN-1001 :   Top critical paths
OPT-1001 : End physical optimization;  0.498276s wall, 0.375000s user + 0.000000s system = 0.375000s CPU (75.3%)

RUN-1003 : finish command "place" in  3.233668s wall, 0.890625s user + 0.328125s system = 1.218750s CPU (37.7%)

RUN-1004 : used memory is 167 MB, reserved memory is 137 MB, peak memory is 179 MB
RUN-1002 : start command "export_db adc_place.db"
RUN-1001 : Exported /
RUN-1001 : Exported flow parameters
RUN-1001 : Exported libs
RUN-1001 : Exported entities
RUN-1001 : Exported ports
RUN-1001 : Exported pins
RUN-1001 : Exported instances
RUN-1001 : Exported nets
RUN-1001 : Exported buses
RUN-1001 : Exported models
RUN-1001 : Exported congestions
RUN-1001 : Exported violations
RUN-1001 : Exported timing constraints
RUN-1001 : Exported IO constraints
RUN-1001 : Exported Inst constraints
RUN-1002 : start command "route"
RUN-1001 : Open license file C:/Anlogic/TD5.6.56362/license/Anlogic.lic
RUN-1001 : Print Global Property
RUN-1001 : ---------------------------------------------------------------
RUN-1001 :        Parameters        |  Settings  |  Default Values  |  Note  
RUN-1001 : ---------------------------------------------------------------
RUN-1001 :          message         |  standard  |     standard     |        
RUN-1001 :   mixed_pack_place_flow  |     on     |        on        |        
RUN-1001 :        syn_ip_flow       |    off     |       off        |        
RUN-1001 :          thread          |    auto    |       auto       |        
RUN-1001 : ---------------------------------------------------------------
RUN-1001 : Print Route Property
RUN-1001 : -------------------------------------------------------
RUN-1001 :    Parameters    |  Settings  |  Default Values  |  Note  
RUN-1001 : -------------------------------------------------------
RUN-1001 :      effort      |   medium   |      medium      |        
RUN-1001 :     fix_hold     |    off     |       off        |        
RUN-1001 :    opt_timing    |   medium   |      medium      |        
RUN-1001 :   phy_sim_model  |    off     |       off        |        
RUN-1001 :     priority     |   timing   |      timing      |        
RUN-1001 :     swap_pin     |     on     |        on        |        
RUN-1001 : -------------------------------------------------------
PHY-1001 : Route runs in 16 thread(s)
RUN-1001 : There are total 199 instances
RUN-1001 : 88 mslices, 88 lslices, 19 pads, 0 brams, 0 dsps
RUN-1001 : There are total 434 nets
RUN-6004 WARNING: There are 9 nets with only 1 pin.
RUN-1001 : 206 nets have 2 pins
RUN-1001 : 157 nets have [3 - 5] pins
RUN-1001 : 45 nets have [6 - 10] pins
RUN-1001 : 12 nets have [11 - 20] pins
RUN-1001 : 2 nets have [21 - 99] pins
RUN-1001 : 3 nets have 100+ pins
RUN-1002 : start command "start_timer -report"
TMR-2505 : Start building timing graph for model top.
TMR-2506 : Build timing graph completely. Port num: 12, tpin num: 1754, tnet num: 432, tinst num: 197, tnode num: 2227, tedge num: 3000.
TMR-2508 : Levelizing timing graph completed, there are 19 levels in total.
TMR-2501 : Timing graph initialized successfully.
PHY-1001 : 88 mslices, 88 lslices, 19 pads, 0 brams, 0 dsps
TMR-2503 : Start to update net delay, extr mode = 3.
TMR-2504 : Update delay of 432 nets completely.
TMR-2502 : Annotate delay completely, extr mode = 3.
TMR-3001 : Initiate 0 clocks from SDC.
TMR-3004 : Map sdc constraints, there are 0 constraints in total.
TMR-3003 : Constraints initiated successfully.
TMR-3501 : Forward propagation: start to calculate arrival time...
TMR-3502 : Backward propagation: start to calculate required time...
TMR-3503 : Timing propagation completes.
PHY-1001 : Start global routing, caller is route ...
RUN-1001 : Generating global routing grids ...
PHY-1001 : Generate routing nets ...
PHY-1001 : Global iterations in 16 thread ...
PHY-1002 : len = 9760, over cnt = 32(0%), over = 41, worst = 3
PHY-1002 : len = 10008, over cnt = 11(0%), over = 13, worst = 2
PHY-1002 : len = 10160, over cnt = 0(0%), over = 0, worst = 0
PHY-1001 : End global iterations;  0.065180s wall, 0.015625s user + 0.000000s system = 0.015625s CPU (24.0%)

PHY-1001 : Congestion index: top1 = 16.55, top5 = 7.29, top10 = 3.75, top15 = 2.50.
PHY-1001 : End global routing;  0.117224s wall, 0.046875s user + 0.015625s system = 0.062500s CPU (53.3%)

PHY-1001 : Start detail routing ...
PHY-1001 : Current memory(MB): used = 200, reserve = 171, peak = 213.
PHY-1001 : Detailed router is running in normal mode.
PHY-1001 : Generate detailed routing grids ...
PHY-1001 : Generate nets ...
PHY-1001 : clock net adc_clk_syn_6 will be merged with clock adc_clk_dup_3
PHY-1001 : net clk_dup_3 will be routed on clock mesh
PHY-5010 WARNING: Net data_in[7]_dup_3 is skipped due to 0 input or output
PHY-5010 WARNING: Net data_in[6]_dup_3 is skipped due to 0 input or output
PHY-5010 WARNING: Net data_in[5]_dup_3 is skipped due to 0 input or output
PHY-5010 WARNING: Net data_in[4]_dup_3 is skipped due to 0 input or output
PHY-5010 WARNING: Net data_in[3]_dup_3 is skipped due to 0 input or output
PHY-5010 WARNING: Net data_in[2]_dup_3 is skipped due to 0 input or output
PHY-5010 WARNING: Net data_in[1]_dup_3 is skipped due to 0 input or output
PHY-5010 WARNING: Net data_in[0]_dup_3 is skipped due to 0 input or output
PHY-5010 WARNING: Net key1_dup_3 is skipped due to 0 input or output
PHY-5010 WARNING: Net data_in[7]_dup_3 is skipped due to 0 input or output
PHY-5010 Similar messages will be suppressed.
PHY-1001 : Current memory(MB): used = 467, reserve = 442, peak = 467.
PHY-1001 : End build detailed router design. 4.081873s wall, 3.859375s user + 0.109375s system = 3.968750s CPU (97.2%)

PHY-1001 : Detail Route ...
PHY-1001 : ===== Detail Route Phase 1 =====
PHY-1001 : Clock net routing.....
PHY-1001 : Routed 0% nets.
PHY-1022 : len = 9632, over cnt = 0(0%), over = 0, worst = 0, crit = 0
PHY-1001 : End initial clock net routed; 0.879946s wall, 0.875000s user + 0.000000s system = 0.875000s CPU (99.4%)

PHY-1001 : Current memory(MB): used = 496, reserve = 472, peak = 496.
PHY-1001 : End phase 1; 0.891450s wall, 0.890625s user + 0.000000s system = 0.890625s CPU (99.9%)

PHY-1001 : ===== Detail Route Phase 2 =====
PHY-1001 : Initial routing.....
PHY-1001 : Routed 44% nets.
PHY-1001 : Routed 45% nets.
PHY-1001 : Routed 45% nets.
PHY-1001 : Routed 45% nets.
PHY-1001 : Patch 167 net; 0.095501s wall, 0.062500s user + 0.000000s system = 0.062500s CPU (65.4%)

PHY-1022 : len = 28312, over cnt = 31(0%), over = 31, worst = 1, crit = 0
PHY-1001 : Current memory(MB): used = 496, reserve = 472, peak = 496.
PHY-1001 : End initial routed; 0.361918s wall, 0.250000s user + 0.015625s system = 0.265625s CPU (73.4%)

PHY-1001 : Update timing.....
PHY-1001 : 0/366(0%) critical/total net(s).
RUN-1001 : ------------------------------------------
RUN-1001 :   Type   |    WNS(ns)    |  TNS(ns)  |  FEP  
RUN-1001 : ------------------------------------------
RUN-1001 :   Setup  |  2147483.647  |   0.000   |   0   
RUN-1001 :   Hold   |  2147483.647  |   0.000   |   0   
RUN-1001 : ------------------------------------------
PHY-1001 : End update timing; 0.169566s wall, 0.171875s user + 0.000000s system = 0.171875s CPU (101.4%)

PHY-1001 : Current memory(MB): used = 497, reserve = 473, peak = 497.
PHY-1001 : End phase 2; 0.531579s wall, 0.421875s user + 0.015625s system = 0.437500s CPU (82.3%)

PHY-1001 : ===== Detail Route Phase 3 =====
PHY-1001 : Optimize timing.....
PHY-1022 : len = 28312, over cnt = 31(0%), over = 31, worst = 1, crit = 0
PHY-1001 : End optimize timing; 0.008458s wall, 0.015625s user + 0.000000s system = 0.015625s CPU (184.7%)

PHY-1001 : Ripup-reroute.....
PHY-1001 : ===== DR Iter 1 =====
PHY-1022 : len = 28384, over cnt = 3(0%), over = 3, worst = 1, crit = 0
PHY-1001 : End DR Iter 1; 0.044383s wall, 0.015625s user + 0.000000s system = 0.015625s CPU (35.2%)

PHY-1001 : ===== DR Iter 2 =====
PHY-1022 : len = 28416, over cnt = 0(0%), over = 0, worst = 0, crit = 0
PHY-1001 : End DR Iter 2; 0.020955s wall, 0.000000s user + 0.000000s system = 0.000000s CPU (n/a%)

PHY-1001 : Update timing.....
PHY-1001 : 0/366(0%) critical/total net(s).
RUN-1001 : ------------------------------------------
RUN-1001 :   Type   |    WNS(ns)    |  TNS(ns)  |  FEP  
RUN-1001 : ------------------------------------------
RUN-1001 :   Setup  |  2147483.647  |   0.000   |   0   
RUN-1001 :   Hold   |  2147483.647  |   0.000   |   0   
RUN-1001 : ------------------------------------------
PHY-1001 : End update timing; 0.170793s wall, 0.171875s user + 0.000000s system = 0.171875s CPU (100.6%)

PHY-1001 : Commit to database.....
PHY-1001 : 10 feed throughs used by 8 nets
PHY-1001 : End commit to database; 0.046691s wall, 0.046875s user + 0.000000s system = 0.046875s CPU (100.4%)

PHY-1001 : Current memory(MB): used = 506, reserve = 481, peak = 506.
PHY-1001 : End phase 3; 0.418679s wall, 0.359375s user + 0.000000s system = 0.359375s CPU (85.8%)

PHY-1003 : Routed, final wirelength = 28416
PHY-1001 : Current memory(MB): used = 506, reserve = 482, peak = 506.
PHY-1001 : End export database. 0.012941s wall, 0.000000s user + 0.000000s system = 0.000000s CPU (n/a%)

PHY-1001 : End detail routing;  6.196567s wall, 5.796875s user + 0.125000s system = 5.921875s CPU (95.6%)

RUN-1003 : finish command "route" in  6.539422s wall, 6.000000s user + 0.171875s system = 6.171875s CPU (94.4%)

RUN-1004 : used memory is 455 MB, reserved memory is 431 MB, peak memory is 506 MB
RUN-1002 : start command "report_area -io_info -file adc_phy.area"
RUN-1001 : standard
***Report Model: top Device: EG4S20NG88***

IO Statistics
#IO                        19
  #input                   14
  #output                   5
  #inout                    0

Utilization Statistics
#lut                      318   out of  19600    1.62%
#reg                      201   out of  19600    1.03%
#le                       337
  #lut only               136   out of    337   40.36%
  #reg only                19   out of    337    5.64%
  #lut&reg                182   out of    337   54.01%
#dsp                        0   out of     29    0.00%
#bram                       0   out of     64    0.00%
  #bram9k                   0
  #fifo9k                   0
#bram32k                    0   out of     16    0.00%
#pad                       19   out of     66   28.79%
  #ireg                     0
  #oreg                     0
  #treg                     0
#pll                        0   out of      4    0.00%
#gclk                       2   out of     16   12.50%

Clock Resource Statistics
Index     ClockNet         Type               DriverType         Driver                       Fanout
#1        clk_dup_3        GCLK               io                 clk_syn_4.di                 109
#2        adc_clk_dup_3    GCLK               lslice             type/adc_clk_reg_syn_8.q0    11


Detailed IO Report

     Name       Direction    Location    IOStandard    DriveStrength    PullType    PackReg  
     clk          INPUT        P34        LVCMOS25          N/A          PULLUP      NONE    
  data_in[7]      INPUT         P2        LVCMOS25          N/A          PULLUP      NONE    
  data_in[6]      INPUT         P3        LVCMOS25          N/A          PULLUP      NONE    
  data_in[5]      INPUT         P4        LVCMOS25          N/A          PULLUP      NONE    
  data_in[4]      INPUT         P5        LVCMOS25          N/A          PULLUP      NONE    
  data_in[3]      INPUT        P10        LVCMOS25          N/A          PULLUP      NONE    
  data_in[2]      INPUT        P11        LVCMOS25          N/A          PULLUP      NONE    
  data_in[1]      INPUT        P12        LVCMOS25          N/A          PULLUP      NONE    
  data_in[0]      INPUT        P13        LVCMOS25          N/A          PULLUP      NONE    
     eoc          INPUT        P60        LVCMOS25          N/A          PULLUP      NONE    
     key1         INPUT        P50        LVCMOS25          N/A          PULLUP      NONE    
     key2         INPUT        P19        LVCMOS25          N/A           N/A        NONE    
   reset_n        INPUT        P55        LVCMOS25          N/A          PULLUP      NONE    
   uart_rxd       INPUT        P54        LVCMOS25          N/A          PULLUP      NONE    
   adc_clk       OUTPUT        P87        LVCMOS25           8            NONE       NONE    
     ale         OUTPUT        P23        LVCMOS25           8            N/A        NONE    
      oe         OUTPUT        P86        LVCMOS25           8            NONE       NONE    
    start        OUTPUT        P59        LVCMOS25           8            NONE       NONE    
   uart_txd      OUTPUT        P52        LVCMOS25           8            NONE       NONE    

Report Hierarchy Area:
+--------------------------------------------------------------------------------+
|Instance      |Module      |le     |lut     |ripple  |seq     |bram    |dsp     |
+--------------------------------------------------------------------------------+
|top           |top         |337    |274     |44      |201     |0       |0       |
|  adc         |adc_ctrl    |29     |23      |6       |16      |0       |0       |
|  fifo_list   |fifo_ctrl   |52     |26      |16      |36      |0       |0       |
|    fifo_list |fifo        |47     |21      |16      |31      |0       |0       |
|  rx          |uart_rx     |60     |54      |6       |37      |0       |0       |
|  tx          |uart_tx     |53     |36      |8       |37      |0       |0       |
|  type        |type_choice |143    |135     |8       |75      |0       |0       |
+--------------------------------------------------------------------------------+


DataNet Average Fanout:

   Index     Fanout     Nets  
    #1          1       187   
    #2          2        60   
    #3          3        66   
    #4          4        31   
    #5        5-10       48   
    #6        11-50      9    
    #7       101-500     1    
  Average     2.88            

RUN-1002 : start command "export_db adc_pr.db"
RUN-1001 : Exported /
RUN-1001 : Exported flow parameters
RUN-1001 : Exported libs
RUN-1001 : Exported entities
RUN-1001 : Exported ports
RUN-1001 : Exported pins
RUN-1001 : Exported instances
RUN-1001 : Exported nets
RUN-1001 : Exported buses
RUN-1001 : Exported models
RUN-1001 : Exported congestions
RUN-1001 : Exported violations
RUN-1001 : Exported timing constraints
RUN-1001 : Exported IO constraints
RUN-1001 : Exported Inst constraints
RUN-1002 : start command "export_bid adc_inst.bid"
RUN-1002 : start command "bitgen -bit adc.bit"
BIT-1003 : Start to generate bitstream. 
BIT-1002 : Init instances with 16 threads.
BIT-1002 : Init instances completely, inst num: 197
BIT-1002 : Init pips with 16 threads.
BIT-1002 : Init pips completely, net num: 434, pip num: 3267
BIT-1002 : Init feedthrough with 16 threads.
BIT-1002 : Init feedthrough completely, num: 10
BIT-1003 : Multithreading accelaration with 16 threads.
BIT-1003 : Generate bitstream completely, there are 324 valid insts, and 10096 bits set as '1'.
BIT-1004 : PLL setting string = 0000
BIT-1004 : Generate bits file adc.bit.
RUN-1003 : finish command "bitgen -bit adc.bit" in  1.061302s wall, 2.156250s user + 0.078125s system = 2.234375s CPU (210.5%)

RUN-1004 : used memory is 468 MB, reserved memory is 442 MB, peak memory is 651 MB
RUN-1002 : start command "backup_run_log run.log ../.logs/phy_1/td_20230305_114457.log"
