============================================================
   Tang Dynasty, V5.6.69102
      Copyright (c) 2012-2023 Anlogic Inc.
   Executable = C:/Anlogic/TD5.6.6910.2/bin/td.exe
   Built at =   20:14:16 Feb 16 2023
   Run by =     shaka
   Run Date =   Fri Mar 10 17:18:45 2023

   Run on =     BR007
============================================================
RUN-1002 : start command "open_project adc.prj"
RUN-1001 : Print Global Property
RUN-1001 : ---------------------------------------------------------------
RUN-1001 :        Parameters        |  Settings  |  Default Values  |  Note  
RUN-1001 : ---------------------------------------------------------------
RUN-1001 :          message         |  standard  |     standard     |        
RUN-1001 :   mixed_pack_place_flow  |     on     |        on        |        
RUN-1001 :        qor_monitor       |    off     |       off        |        
RUN-1001 :        syn_ip_flow       |    off     |       off        |        
RUN-1001 :          thread          |    auto    |       auto       |        
RUN-1001 : ---------------------------------------------------------------
RUN-1001 : Print Design Property
RUN-1001 : --------------------------------------------------------------
RUN-1001 :        Parameters       |  Settings  |  Default Values  |  Note  
RUN-1001 : --------------------------------------------------------------
RUN-1001 :   default_reg_initial   |    auto    |       auto       |        
RUN-1001 :        infer_add        |     on     |        on        |        
RUN-1001 :        infer_fsm        |    off     |       off        |        
RUN-1001 :        infer_mult       |     on     |        on        |        
RUN-1001 :        infer_ram        |     on     |        on        |        
RUN-1001 :        infer_reg        |     on     |        on        |        
RUN-1001 :   infer_reg_init_value  |     on     |        on        |        
RUN-1001 :        infer_rom        |     on     |        on        |        
RUN-1001 :      infer_shifter      |     on     |        on        |        
RUN-1001 : --------------------------------------------------------------
RUN-1001 : Print Rtl Property
RUN-1001 : --------------------------------------------------------------
RUN-1001 :        Parameters       |  Settings  |  Default Values  |  Note  
RUN-1001 : --------------------------------------------------------------
RUN-1001 :       compress_add      |   ripple   |      ripple      |        
RUN-1001 :        elf_sload        |    off     |       off        |        
RUN-1001 :       fix_undriven      |     0      |        0         |        
RUN-1001 :         flatten         |    off     |       off        |        
RUN-1001 :       gate_sharing      |     on     |        on        |        
RUN-1001 :    hdl_warning_level    |   normal   |      normal      |        
RUN-1001 :   impl_internal_tribuf  |     on     |        on        |        
RUN-1001 :      impl_set_reset     |     on     |        on        |        
RUN-1001 :        infer_gsr        |    off     |       off        |        
RUN-1001 :      keep_hierarchy     |    auto    |       auto       |        
RUN-1001 :        max_fanout       |    9999    |       9999       |        
RUN-1001 :      max_oh2bin_len     |     10     |        10        |        
RUN-1001 :       merge_equal       |     on     |        on        |        
RUN-1001 :       merge_equiv       |     on     |        on        |        
RUN-1001 :        merge_mux        |    off     |       off        |        
RUN-1001 :     min_control_set     |     8      |        8         |        
RUN-1001 :      min_ripple_len     |    auto    |       auto       |        
RUN-1001 :       oh2bin_ratio      |    0.08    |       0.08       |        
RUN-1001 :     opt_adder_fanout    |     on     |        on        |        
RUN-1001 :        opt_arith        |     on     |        on        |        
RUN-1001 :       opt_big_gate      |    off     |       off        |        
RUN-1001 :        opt_const        |     on     |        on        |        
RUN-1001 :      opt_const_mult     |     on     |        on        |        
RUN-1001 :       opt_lessthan      |     on     |        on        |        
RUN-1001 :         opt_mux         |    off     |       off        |        
RUN-1001 :         opt_ram         |    high    |       high       |        
RUN-1001 :      rtl_sim_model      |    off     |       off        |        
RUN-1001 :         seq_syn         |     on     |        on        |        
RUN-1001 : --------------------------------------------------------------
HDL-1007 : analyze verilog file ../../../Core/fifo.v
HDL-1007 : analyze verilog file ../../al_ip/pll.v
HDL-1007 : undeclared symbol 'open', assumed default net type 'wire' in ../../al_ip/pll.v(78)
HDL-1007 : analyze verilog file ../../../Src/top.v
HDL-1007 : undeclared symbol 'clk', assumed default net type 'wire' in ../../../Src/top.v(58)
HDL-1007 : undeclared symbol 'valid', assumed default net type 'wire' in ../../../Src/top.v(70)
HDL-1007 : undeclared symbol 'data_vld', assumed default net type 'wire' in ../../../Src/top.v(81)
HDL-1007 : undeclared symbol 'adc_en', assumed default net type 'wire' in ../../../Src/top.v(91)
HDL-1007 : undeclared symbol 'data_en', assumed default net type 'wire' in ../../../Src/top.v(98)
HDL-1007 : undeclared symbol 'fifo_working', assumed default net type 'wire' in ../../../Src/top.v(115)
HDL-1007 : undeclared symbol 'key', assumed default net type 'wire' in ../../../Src/top.v(125)
HDL-1007 : undeclared symbol 'condition', assumed default net type 'wire' in ../../../Src/top.v(129)
HDL-1007 : analyze verilog file ../../../Src/uart_rx.v
HDL-1007 : analyze verilog file ../../../Src/uart_tx.v
HDL-1007 : analyze verilog file ../../../Src/adc_ctrl.v
HDL-1007 : analyze verilog file ../../../Src/type_choice.v
HDL-1007 : analyze verilog file ../../../Src/fifo_ctrl.v
HDL-1007 : undeclared symbol 'empty_flag', assumed default net type 'wire' in ../../../Src/fifo_ctrl.v(177)
HDL-1007 : analyze verilog file ../../../Src/anjian.v
RUN-1001 : Project manager successfully analyzed 9 source files.
RUN-1002 : start command "import_device eagle_s20.db -package EG4S20NG88"
ARC-1001 : Device Initialization.
ARC-1001 : ---------------------------------------------------------------
ARC-1001 :            OPTION            |        IO         |   SETTING   
ARC-1001 : ---------------------------------------------------------------
ARC-1001 :   cso_b/cclk/mosi/miso/dout  |  P69/P82/P81/P80  |    gpio    
ARC-1001 :             done             |        P8         |    gpio    
ARC-1001 :           program_b          |        P67        |  dedicate  
ARC-1001 :        tdi/tms/tck/tdo       |  P25/P22/P26/P21  |  dedicate  
ARC-1001 : ---------------------------------------------------------------
ARC-1004 : Device setting, marked 5 dedicate IOs in total.
RUN-1002 : start command "import_db ../syn_1/adc_gate.db"
RUN-1001 : Importing database generated by Tang Dynasty, V5.6.69102.
RUN-1001 : Database version number 46146.
RUN-1001 : Import flow parameters
RUN-1001 : Import IO constraints
RUN-1001 : Import Inst constraints
RUN-1001 : Import design success TD_VERSION=5.6.69102 , DB_VERSION=46146
RUN-1002 : start command "config_chipwatcher ../../../Debug/adc.cwc -dir "
RUN-1002 : start command "legalize_phy_inst"
SYN-1011 : Flatten model top
KIT-1004 : ChipWatcher: import watcher inst auto_chipwatcher_0 completed, there are 1 view nodes, 4 trigger nets, 4 data nets.
KIT-1004 : Chipwatcher code = 1001110100011100
RUN-1002 : start command "compile_watcher"
RUN-1002 : start command "read_verilog -no_sch -dir C:/Anlogic/TD5.6.6910.2/cw/ -file adc_watcherInst.sv -lib cw -top CW_TOP_WRAPPER"
HDL-1007 : analyze verilog file C:/Anlogic/TD5.6.6910.2/cw\bus_det.v
HDL-1007 : analyze verilog file C:/Anlogic/TD5.6.6910.2/cw\bus_top.sv
HDL-1007 : analyze verilog file C:/Anlogic/TD5.6.6910.2/cw\cfg_int.v
HDL-1007 : analyze verilog file C:/Anlogic/TD5.6.6910.2/cw\cwc_cfg_int.v
HDL-1007 : analyze verilog file C:/Anlogic/TD5.6.6910.2/cw\cwc_top.sv
HDL-1007 : analyze verilog file C:/Anlogic/TD5.6.6910.2/cw\detect_bus.v
HDL-1007 : analyze verilog file C:/Anlogic/TD5.6.6910.2/cw\detect_non_bus.v
HDL-1007 : analyze verilog file C:/Anlogic/TD5.6.6910.2/cw\emb_ctrl.v
HDL-1007 : analyze verilog file C:/Anlogic/TD5.6.6910.2/cw\register.v
HDL-1007 : analyze verilog file C:/Anlogic/TD5.6.6910.2/cw\tap.v
HDL-1007 : analyze verilog file C:/Anlogic/TD5.6.6910.2/cw\trigger.sv
HDL-1007 : analyze verilog file adc_watcherInst.sv
HDL-1007 : elaborate module CW_TOP_WRAPPER in adc_watcherInst.sv(1)
HDL-1007 : elaborate module cwc_top(BUS_NUM=1,BUS_DIN_NUM=4,BUS_CTRL_NUM=12,BUS_WIDTH='{32'sb0100},BUS_DIN_POS='{32'sb0},BUS_CTRL_POS='{32'sb0}) in C:/Anlogic/TD5.6.6910.2/cw\cwc_top.sv(21)
HDL-1007 : elaborate module cwc_cfg_int(CTRL_REG_LEN=34) in C:/Anlogic/TD5.6.6910.2/cw\cwc_cfg_int.v(21)
HDL-1007 : elaborate module register(CTRL_REG_LEN=34) in C:/Anlogic/TD5.6.6910.2/cw\register.v(21)
HDL-1007 : elaborate module tap in C:/Anlogic/TD5.6.6910.2/cw\tap.v(21)
HDL-1007 : elaborate module trigger(BUS_NUM=1,BUS_DIN_NUM=4,BUS_CTRL_NUM=12,BUS_WIDTH='{32'sb0100},BUS_DIN_POS='{32'sb0},BUS_CTRL_POS='{32'sb0}) in C:/Anlogic/TD5.6.6910.2/cw\trigger.sv(21)
HDL-1007 : elaborate module bus_top(BUS_NODE_NUM=1,BUS_DIN_NUM=4,BUS_CTRL_NUM=12,BUS_WIDTH='{32'sb0100},BUS_DIN_POS='{32'sb0},BUS_CTRL_POS='{32'sb0}) in C:/Anlogic/TD5.6.6910.2/cw\bus_top.sv(22)
HDL-1007 : elaborate module bus_det(BUS_WIDTH=32'sb0100) in C:/Anlogic/TD5.6.6910.2/cw\bus_det.v(21)
HDL-1007 : elaborate module emb_ctrl in C:/Anlogic/TD5.6.6910.2/cw\emb_ctrl.v(21)
HDL-1200 : Current top model is CW_TOP_WRAPPER
HDL-1100 : Inferred 0 RAMs.
RUN-1002 : start command "force_keep -a auto_chipwatcher_0_logicbram"
RUN-1002 : start command "optimize_rtl -no_sch"
RUN-1001 : Open license file C:/Anlogic/TD5.6.6910.2/license/Anlogic.lic
RUN-1001 : Print Global Property
RUN-1001 : ---------------------------------------------------------------
RUN-1001 :        Parameters        |  Settings  |  Default Values  |  Note  
RUN-1001 : ---------------------------------------------------------------
RUN-1001 :          message         |  standard  |     standard     |        
RUN-1001 :   mixed_pack_place_flow  |     on     |        on        |        
RUN-1001 :        qor_monitor       |    off     |       off        |        
RUN-1001 :        syn_ip_flow       |    off     |       off        |        
RUN-1001 :          thread          |    auto    |       auto       |        
RUN-1001 : ---------------------------------------------------------------
RUN-1001 : Print Rtl Property
RUN-1001 : --------------------------------------------------------------
RUN-1001 :        Parameters       |  Settings  |  Default Values  |  Note  
RUN-1001 : --------------------------------------------------------------
RUN-1001 :       compress_add      |   ripple   |      ripple      |        
RUN-1001 :        elf_sload        |    off     |       off        |        
RUN-1001 :       fix_undriven      |     0      |        0         |        
RUN-1001 :         flatten         |    off     |       off        |        
RUN-1001 :       gate_sharing      |     on     |        on        |        
RUN-1001 :    hdl_warning_level    |   normal   |      normal      |        
RUN-1001 :   impl_internal_tribuf  |     on     |        on        |        
RUN-1001 :      impl_set_reset     |     on     |        on        |        
RUN-1001 :        infer_gsr        |    off     |       off        |        
RUN-1001 :      keep_hierarchy     |    auto    |       auto       |        
RUN-1001 :        max_fanout       |    9999    |       9999       |        
RUN-1001 :      max_oh2bin_len     |     10     |        10        |        
RUN-1001 :       merge_equal       |     on     |        on        |        
RUN-1001 :       merge_equiv       |     on     |        on        |        
RUN-1001 :        merge_mux        |    off     |       off        |        
RUN-1001 :     min_control_set     |     8      |        8         |        
RUN-1001 :      min_ripple_len     |    auto    |       auto       |        
RUN-1001 :       oh2bin_ratio      |    0.08    |       0.08       |        
RUN-1001 :     opt_adder_fanout    |     on     |        on        |        
RUN-1001 :        opt_arith        |     on     |        on        |        
RUN-1001 :       opt_big_gate      |    off     |       off        |        
RUN-1001 :        opt_const        |     on     |        on        |        
RUN-1001 :      opt_const_mult     |     on     |        on        |        
RUN-1001 :       opt_lessthan      |     on     |        on        |        
RUN-1001 :         opt_mux         |    off     |       off        |        
RUN-1001 :         opt_ram         |    high    |       high       |        
RUN-1001 :      rtl_sim_model      |    off     |       off        |        
RUN-1001 :         seq_syn         |     on     |        on        |        
RUN-1001 : --------------------------------------------------------------
SYN-1012 : SanityCheck: Model "top"
SYN-1012 : SanityCheck: Model "CW_TOP_WRAPPER"
SYN-1012 : SanityCheck: Model "cwc_top(BUS_NUM=1,BUS_DIN_NUM=4,BUS_CTRL_NUM=12,BUS_WIDTH='{32'sb0100},BUS_DIN_POS='{32'sb0},BUS_CTRL_POS='{32'sb0})"
SYN-1012 : SanityCheck: Model "cwc_cfg_int(CTRL_REG_LEN=34)"
SYN-1012 : SanityCheck: Model "register(CTRL_REG_LEN=34)"
SYN-1012 : SanityCheck: Model "tap"
SYN-1012 : SanityCheck: Model "trigger(BUS_NUM=1,BUS_DIN_NUM=4,BUS_CTRL_NUM=12,BUS_WIDTH='{32'sb0100},BUS_DIN_POS='{32'sb0},BUS_CTRL_POS='{32'sb0})"
SYN-1012 : SanityCheck: Model "bus_top(BUS_NODE_NUM=1,BUS_DIN_NUM=4,BUS_CTRL_NUM=12,BUS_WIDTH='{32'sb0100},BUS_DIN_POS='{32'sb0},BUS_CTRL_POS='{32'sb0})"
SYN-1012 : SanityCheck: Model "bus_det(BUS_WIDTH=32'sb0100)"
SYN-1012 : SanityCheck: Model "emb_ctrl"
SYN-1011 : Flatten model top
SYN-1032 : 1636/7 useful/useless nets, 959/2 useful/useless insts
SYN-1016 : Merged 12 instances.
SYN-1032 : 1517/2 useful/useless nets, 840/2 useful/useless insts
SYN-1032 : 1497/20 useful/useless nets, 1172/16 useful/useless insts
SYN-1014 : Optimize round 1
SYN-1021 : Optimized 1 onehot mux instances.
SYN-1020 : Optimized 1 distributor mux.
SYN-1019 : Optimized 1 mux instances.
SYN-1015 : Optimize round 1, 166 better
SYN-1014 : Optimize round 2
SYN-1032 : 1395/15 useful/useless nets, 1070/16 useful/useless insts
SYN-1015 : Optimize round 2, 32 better
SYN-1014 : Optimize round 1
SYN-1015 : Optimize round 1, 0 better
RUN-1002 : start command "optimize_gate -no_sch"
RUN-1001 : Open license file C:/Anlogic/TD5.6.6910.2/license/Anlogic.lic
RUN-1001 : Print Global Property
RUN-1001 : ---------------------------------------------------------------
RUN-1001 :        Parameters        |  Settings  |  Default Values  |  Note  
RUN-1001 : ---------------------------------------------------------------
RUN-1001 :          message         |  standard  |     standard     |        
RUN-1001 :   mixed_pack_place_flow  |     on     |        on        |        
RUN-1001 :        qor_monitor       |    off     |       off        |        
RUN-1001 :        syn_ip_flow       |    off     |       off        |        
RUN-1001 :          thread          |    auto    |       auto       |        
RUN-1001 : ---------------------------------------------------------------
RUN-1001 : Print Gate Property
RUN-1001 : ------------------------------------------------------------------
RUN-1001 :          Parameters         |  Settings  |  Default Values  |  Note  
RUN-1001 : ------------------------------------------------------------------
RUN-1001 :         cascade_dsp         |    off     |       off        |        
RUN-1001 :         cascade_eram        |    off     |       off        |        
RUN-1001 :        gate_sim_model       |    off     |       off        |        
RUN-1001 :        map_sim_model        |    off     |       off        |        
RUN-1001 :         map_strategy        |     1      |        1         |        
RUN-1001 :           opt_area          |   medium   |      medium      |        
RUN-1001 :          opt_timing         |    auto    |       auto       |        
RUN-1001 :         pack_effort         |   medium   |      medium      |        
RUN-1001 :      pack_lslice_ripple     |     on     |        on        |        
RUN-1001 :   pack_lslice_ripple_ratio  |    0.5     |       0.5        |        
RUN-1001 :        pack_seq_in_io       |    auto    |       auto       |        
RUN-1001 :        ph1_mux_ratio        |    1.0     |       1.0        |        
RUN-1001 :            report           |  standard  |     standard     |        
RUN-1001 :           retiming          |    off     |       off        |        
RUN-1001 : ------------------------------------------------------------------
SYN-2001 : Map 18 IOs to PADs
RUN-1002 : start command "update_pll_param -module top"
SYN-2501 : Processed 0 LOGIC_BUF instances.
SYN-2512 : LOGIC BRAM "auto_chipwatcher_0_logicbram"
SYN-2571 : Optimize after map_dsp, round 1
SYN-2571 : Optimize after map_dsp, round 1, 0 better
SYN-1001 : Throwback 3 control mux instances
SYN-2501 : Optimize round 1
SYN-1016 : Merged 4 instances.
SYN-2501 : Optimize round 1, 8 better
SYN-2501 : Optimize round 2
SYN-2501 : Optimize round 2, 0 better
SYN-2501 : Map 12 macro adder
SYN-1019 : Optimized 5 mux instances.
SYN-1016 : Merged 9 instances.
SYN-1032 : 1679/2 useful/useless nets, 1357/1 useful/useless insts
SYN-3001 : Running gate level optimization.
SYN-2581 : Mapping with K=5, #lut = 109 (4.07), #lev = 5 (2.08)
SYN-2551 : Post LUT mapping optimization.
SYN-2581 : Mapping with K=5, #lut = 132 (3.99), #lev = 4 (2.07)
SYN-3001 : Logic optimization runtime opt =   0.02 sec, map =   0.00 sec
SYN-3001 : Mapper mapped 266 instances into 132 LUTs, name keeping = 75%.
SYN-1001 : Packing model "top" ...
SYN-4010 : Pack lib has 58 rtl pack models with 25 top pack blocks
SYN-1014 : Optimize round 1
SYN-1015 : Optimize round 1, 0 better
SYN-4002 : Packing 163 DFF/LATCH to SEQ ...
SYN-4009 : Pack 6 carry chain into lslice
SYN-4007 : Packing 81 adder to BLE ...
SYN-4008 : Packed 81 adder and 0 SEQ to BLE.
SYN-4007 : Packing 0 gate4 to BLE ...
SYN-4008 : Packed 0 gate4 and 0 SEQ to BLE.
SYN-4012 : Packed 0 FxMUX
RUN-1002 : start command "legalize_phy_inst"
SYN-1011 : Flatten model top
KIT-1004 : Compile Chipwatcher: Clear obsolete physical data.
RUN-1002 : start command "place"
RUN-1001 : Open license file C:/Anlogic/TD5.6.6910.2/license/Anlogic.lic
RUN-1001 : Print Global Property
RUN-1001 : ---------------------------------------------------------------
RUN-1001 :        Parameters        |  Settings  |  Default Values  |  Note  
RUN-1001 : ---------------------------------------------------------------
RUN-1001 :          message         |  standard  |     standard     |        
RUN-1001 :   mixed_pack_place_flow  |     on     |        on        |        
RUN-1001 :        qor_monitor       |    off     |       off        |        
RUN-1001 :        syn_ip_flow       |    off     |       off        |        
RUN-1001 :          thread          |    auto    |       auto       |        
RUN-1001 : ---------------------------------------------------------------
RUN-1001 : Print Place Property
RUN-1001 : --------------------------------------------------------------
RUN-1001 :        Parameters       |  Settings  |  Default Values  |  Note  
RUN-1001 : --------------------------------------------------------------
RUN-1001 :      detailed_place     |     on     |        on        |        
RUN-1001 :          effort         |   medium   |      medium      |        
RUN-1001 :         fix_hold        |    off     |       off        |        
RUN-1001 :       legalization      |    ori     |       ori        |        
RUN-1001 :      new_spreading      |     on     |        on        |        
RUN-1001 :        opt_timing       |   medium   |      medium      |        
RUN-1001 :   post_clock_route_opt  |    off     |       off        |        
RUN-1001 :       pr_strategy       |     1      |        1         |        
RUN-1001 :        relaxation       |    1.00    |       1.00       |        
RUN-1001 :         retiming        |    off     |       off        |        
RUN-1001 : --------------------------------------------------------------
PHY-3001 : Placer runs in 16 thread(s).
RUN-1002 : start command "legalize_phy_inst"
SYN-1011 : Flatten model top
SYN-4036 : The kept net data_in[7]_dup_3 is useless
SYN-4036 : The kept net data_in[6]_dup_3 is useless
SYN-4036 : The kept net data_in[5]_dup_3 is useless
SYN-4036 : The kept net data_in[4]_dup_3 is useless
SYN-4036 : The kept net data_in[3]_dup_3 is useless
SYN-4036 : The kept net data_in[2]_dup_3 is useless
SYN-4036 : The kept net data_in[1]_dup_3 is useless
SYN-4036 : The kept net data_in[0]_dup_3 is useless
SYN-5055 WARNING: The kept net type/reset_n will be merged to another kept net type_reset_n
SYN-5055 WARNING: The kept net fifo_list/fifo_list/re will be merged to another kept net fifo_list/re
SYN-5055 WARNING: The kept net fifo_list/fifo_list/we will be merged to another kept net fifo_list/we
SYN-5055 WARNING: The kept net fifo_list/fifo_list/wr_addr_diff[13] will be merged to another kept net fifo_list/wrusedw[13]
SYN-5055 WARNING: The kept net fifo_list/fifo_list/wr_addr_diff[12] will be merged to another kept net fifo_list/wrusedw[12]
SYN-5055 WARNING: The kept net fifo_list/fifo_list/wr_addr_diff[11] will be merged to another kept net fifo_list/wrusedw[11]
SYN-5055 WARNING: The kept net fifo_list/fifo_list/wr_addr_diff[10] will be merged to another kept net fifo_list/wrusedw[10]
SYN-5055 WARNING: The kept net fifo_list/fifo_list/wr_addr_diff[9] will be merged to another kept net fifo_list/wrusedw[9]
SYN-5055 WARNING: The kept net fifo_list/fifo_list/wr_addr_diff[8] will be merged to another kept net fifo_list/wrusedw[8]
SYN-5055 WARNING: The kept net fifo_list/fifo_list/wr_addr_diff[7] will be merged to another kept net fifo_list/wrusedw[7]
SYN-5055 Similar messages will be suppressed.
RUN-1002 : start command "phys_opt -simplify_lut"
SYN-4016 : Net pll_list/clk0_out driven by BUFG (0 clock/control pins, 1 other pins).
SYN-4016 : Net config_inst_syn_10 driven by BUFG (87 clock/control pins, 0 other pins).
SYN-4027 : Net fifo_list/fifo_list/ram_inst/clkb is clkc2 of pll pll_list/pll_inst.
SYN-4019 : Net clk_in_dup_3 is refclk of pll pll_list/pll_inst.
SYN-4020 : Net clk_in_dup_3 is fbclk of pll pll_list/pll_inst.
SYN-4024 : Net "adc/clk_adc" drives clk pins.
SYN-4025 : Tag rtl::Net adc/clk_adc as clock net
SYN-4025 : Tag rtl::Net clk_in_dup_3 as clock net
SYN-4025 : Tag rtl::Net config_inst_syn_10 as clock net
SYN-4025 : Tag rtl::Net fifo_list/fifo_list/ram_inst/clkb as clock net
SYN-4025 : Tag rtl::Net pll_list/clk0_out as clock net
SYN-4026 : Tagged 5 rtl::Net as clock net
SYN-4015 : Create BUFG instance for clk Net adc/clk_adc to drive 9 clock pins.
PHY-1001 : Populate physical database on model top.
RUN-1001 : There are total 979 instances
RUN-0007 : 405 luts, 392 seqs, 93 mslices, 56 lslices, 18 pads, 8 brams, 0 dsps
RUN-1001 : There are total 1311 nets
RUN-6004 WARNING: There are 8 nets with only 1 pin.
RUN-1001 : 809 nets have 2 pins
RUN-1001 : 385 nets have [3 - 5] pins
RUN-1001 : 66 nets have [6 - 10] pins
RUN-1001 : 27 nets have [11 - 20] pins
RUN-1001 : 13 nets have [21 - 99] pins
RUN-1001 : 3 nets have 100+ pins
RUN-1001 : Report Control nets information:
RUN-1001 : DFF Distribution
RUN-1001 : ----------------------------------
RUN-1001 :   CE   |  SSR  |  ASR  |  DFF Count  
RUN-1001 : ----------------------------------
RUN-1001 :   No   |  No   |  No   |      7      
RUN-1001 :   No   |  No   |  Yes  |     249     
RUN-1001 :   No   |  Yes  |  No   |      0      
RUN-1001 :   Yes  |  No   |  No   |      0      
RUN-1001 :   Yes  |  No   |  Yes  |     136     
RUN-1001 :   Yes  |  Yes  |  No   |      0      
RUN-1001 : ----------------------------------
RUN-0007 : Control Group Statistic
RUN-0007 : ---------------------------
RUN-0007 :   #CLK  |  #CE  |  #SSR/ASR  
RUN-0007 : ---------------------------
RUN-0007 :    4    |   7   |     7      
RUN-0007 : ---------------------------
RUN-0007 : Control Set = 15
PHY-3001 : Initial placement ...
PHY-3001 : design contains 977 instances, 405 luts, 392 seqs, 149 slices, 23 macros(149 instances: 93 mslices 56 lslices)
PHY-0007 : Cell area utilization is 3%
PHY-3001 : Global placement ...
PHY-3001 : Initial: Len = 272172
PHY-3001 : Clustering ...
PHY-3001 : Level 0 #clusters 977.
PHY-3001 : End clustering;  0.000017s wall, 0.000000s user + 0.000000s system = 0.000000s CPU (n/a%)

PHY-3001 : Run with size of 4
PHY-3001 : Cell area utilization is 3%
PHY-3001 : :::0::: Try harder cell spreading with beta_ = 0
PHY-3002 : Step(1): len = 173316, overlap = 27
PHY-3002 : Step(2): len = 113560, overlap = 27
PHY-3002 : Step(3): len = 80085.5, overlap = 20.25
PHY-3002 : Step(4): len = 65175.4, overlap = 22.5
PHY-3002 : Step(5): len = 62366.5, overlap = 22.5
PHY-3002 : Step(6): len = 54065.9, overlap = 24.75
PHY-3002 : Step(7): len = 50556.4, overlap = 24.75
PHY-3002 : Step(8): len = 45795.1, overlap = 24.75
PHY-3002 : Step(9): len = 44929.3, overlap = 22.5
PHY-3002 : Step(10): len = 43236.2, overlap = 22.5
PHY-3001 : :::1::: Try harder cell spreading with beta_ = 1.1243e-05
PHY-3002 : Step(11): len = 44048.9, overlap = 22.75
PHY-3002 : Step(12): len = 44587.2, overlap = 22.75
PHY-3002 : Step(13): len = 45109.3, overlap = 22.75
PHY-3002 : Step(14): len = 44953.8, overlap = 22.5
PHY-3002 : Step(15): len = 43372.4, overlap = 18
PHY-3002 : Step(16): len = 42353.6, overlap = 18
PHY-3002 : Step(17): len = 41716.5, overlap = 18.25
PHY-3002 : Step(18): len = 41881, overlap = 23
PHY-3002 : Step(19): len = 41561.7, overlap = 23.25
PHY-3002 : Step(20): len = 38935.1, overlap = 18.75
PHY-3002 : Step(21): len = 37513.3, overlap = 18.25
PHY-3002 : Step(22): len = 38072.1, overlap = 22.5
PHY-3002 : Step(23): len = 36229.9, overlap = 18
PHY-3002 : Step(24): len = 35402, overlap = 18
PHY-3002 : Step(25): len = 34976.6, overlap = 18
PHY-3002 : Step(26): len = 35588.8, overlap = 18
PHY-3002 : Step(27): len = 35858.1, overlap = 18
PHY-3002 : Step(28): len = 35857.7, overlap = 15.75
PHY-3002 : Step(29): len = 34910.4, overlap = 13.5
PHY-3002 : Step(30): len = 33996.7, overlap = 18
PHY-3002 : Step(31): len = 33445.2, overlap = 18
PHY-3002 : Step(32): len = 33320, overlap = 18
PHY-3002 : Step(33): len = 33655.9, overlap = 18
PHY-3002 : Step(34): len = 33722, overlap = 18
PHY-3002 : Step(35): len = 33911.8, overlap = 13.5
PHY-3001 : :::2::: Try harder cell spreading with beta_ = 2.24859e-05
PHY-3002 : Step(36): len = 34168.5, overlap = 18
PHY-3002 : Step(37): len = 34169, overlap = 18
PHY-3002 : Step(38): len = 34281, overlap = 18
PHY-3002 : Step(39): len = 34305.3, overlap = 18
PHY-3002 : Step(40): len = 34303.9, overlap = 18
PHY-3001 : :::3::: Try harder cell spreading with beta_ = 4.49719e-05
PHY-3002 : Step(41): len = 34592.1, overlap = 18
PHY-3002 : Step(42): len = 35941.2, overlap = 18
PHY-3002 : Step(43): len = 35987.5, overlap = 18
PHY-3002 : Step(44): len = 35837.4, overlap = 18
PHY-3002 : Step(45): len = 35782.5, overlap = 18
PHY-3002 : Step(46): len = 35607.8, overlap = 13.5
PHY-3001 : :::4::: Try harder cell spreading with beta_ = 8.99438e-05
PHY-3002 : Step(47): len = 35770.5, overlap = 18
PHY-3002 : Step(48): len = 35805.8, overlap = 18
PHY-3002 : Step(49): len = 36004.4, overlap = 18
PHY-3001 : :::5::: Try harder cell spreading with beta_ = 0.000179888
PHY-3002 : Step(50): len = 36024, overlap = 18
PHY-3002 : Step(51): len = 36040.8, overlap = 18
PHY-3002 : Step(52): len = 36129, overlap = 13.5
PHY-3001 : Legalization ...
PHY-3001 : End legalization;  0.017527s wall, 0.000000s user + 0.000000s system = 0.000000s CPU (n/a%)

PHY-3001 : Run with size of 4
PHY-3001 : Cell area utilization is 4%
PHY-3001 : :::0::: Try harder cell spreading with beta_ = 0
PHY-3002 : Step(53): len = 35216.5, overlap = 2.03125
PHY-3002 : Step(54): len = 35171.1, overlap = 5.09375
PHY-3002 : Step(55): len = 33444.4, overlap = 4.34375
PHY-3002 : Step(56): len = 33338.6, overlap = 5.375
PHY-3002 : Step(57): len = 31667.2, overlap = 9.1875
PHY-3002 : Step(58): len = 31273.5, overlap = 20.6562
PHY-3002 : Step(59): len = 30703.8, overlap = 24.5625
PHY-3002 : Step(60): len = 28868.8, overlap = 28.0312
PHY-3002 : Step(61): len = 29286.8, overlap = 27.9062
PHY-3002 : Step(62): len = 29243.5, overlap = 24.4062
PHY-3002 : Step(63): len = 28766.2, overlap = 25.1875
PHY-3002 : Step(64): len = 28747.8, overlap = 25.0938
PHY-3002 : Step(65): len = 28391.9, overlap = 24.5938
PHY-3002 : Step(66): len = 28317.2, overlap = 25.5312
PHY-3002 : Step(67): len = 27780.9, overlap = 26.4062
PHY-3002 : Step(68): len = 27842.4, overlap = 28.0312
PHY-3002 : Step(69): len = 27890.7, overlap = 28.6562
PHY-3001 : :::1::: Try harder cell spreading with beta_ = 0.000405671
PHY-3002 : Step(70): len = 28230.5, overlap = 23.1875
PHY-3002 : Step(71): len = 28397.8, overlap = 23.0312
PHY-3002 : Step(72): len = 28043, overlap = 16.8438
PHY-3002 : Step(73): len = 27902, overlap = 16.3125
PHY-3002 : Step(74): len = 27893.9, overlap = 15.1875
PHY-3001 : Run with size of 2
PHY-3001 : Cell area utilization is 4%
PHY-3001 : :::0::: Try harder cell spreading with beta_ = 2.03983e-05
PHY-3002 : Step(75): len = 29073.9, overlap = 35.4375
PHY-3002 : Step(76): len = 29444.1, overlap = 35.3438
PHY-3002 : Step(77): len = 30187.9, overlap = 32.9375
PHY-3001 : :::1::: Try harder cell spreading with beta_ = 4.07966e-05
PHY-3002 : Step(78): len = 29079, overlap = 35.8438
PHY-3002 : Step(79): len = 29588.2, overlap = 35.0625
PHY-3002 : Step(80): len = 29807.6, overlap = 31.7812
PHY-3001 : :::2::: Try harder cell spreading with beta_ = 8.15933e-05
PHY-3002 : Step(81): len = 29711.3, overlap = 27.2188
PHY-3002 : Step(82): len = 29711.3, overlap = 27.2188
PHY-3002 : Step(83): len = 29144.1, overlap = 28.8125
PHY-3001 : :::3::: Try harder cell spreading with beta_ = 0.000163187
PHY-3002 : Step(84): len = 29837.5, overlap = 25.3438
PHY-3002 : Step(85): len = 29906.5, overlap = 25.2188
PHY-3002 : Step(86): len = 30137.9, overlap = 25.3438
OPT-1001 : Start physical optimization ...
OPT-1001 : Total overflow 64.31 peak overflow 4.03
OPT-1001 : Start high-fanout net optimization ...
OPT-1001 : Update timing in global mode
PHY-1001 : Start incremental global routing, caller is place ...
RUN-1001 : Generating global routing grids ...
RUN-1001 : Building simple global routing graph ...
PHY-1001 : Generate routing nets ...
PHY-1001 : Reuse net number 0/1311.
PHY-1001 : Global iterations in 16 thread ...
PHY-1002 : len = 33776, over cnt = 120(0%), over = 534, worst = 22
PHY-1001 : End global iterations;  0.090081s wall, 0.015625s user + 0.015625s system = 0.031250s CPU (34.7%)

PHY-1001 : Congestion index: top1 = 35.47, top5 = 15.96, top10 = 9.71, top15 = 6.97.
PHY-1001 : End incremental global routing;  0.185011s wall, 0.031250s user + 0.046875s system = 0.078125s CPU (42.2%)

RUN-1002 : start command "start_timer -report"
TMR-5001 WARNING: No sdc constraints found while initiating timer.
TMR-2505 : Start building timing graph for model top.
TMR-2506 : Build timing graph completely. Port num: 11, tpin num: 4887, tnet num: 1309, tinst num: 977, tnode num: 6341, tedge num: 8165.
TMR-2508 : Levelizing timing graph completed, there are 43 levels in total.
TMR-2501 : Timing graph initialized successfully.
OPT-1001 : End timing update;  0.166416s wall, 0.156250s user + 0.000000s system = 0.156250s CPU (93.9%)

OPT-1001 : 0 high-fanout net processed.
OPT-1001 : End high-fanout net optimization;  0.371185s wall, 0.203125s user + 0.046875s system = 0.250000s CPU (67.4%)

OPT-1001 : Current memory(MB): used = 196, reserve = 159, peak = 196.
OPT-1001 : End physical optimization;  0.386117s wall, 0.218750s user + 0.046875s system = 0.265625s CPU (68.8%)

PHY-3001 : Start packing ...
SYN-4007 : Packing 0 MUX to BLE ...
SYN-4008 : Packed 0 MUX and 0 SEQ to BLE.
SYN-4007 : Packing 405 LUT to BLE ...
SYN-4008 : Packed 405 LUT and 221 SEQ to BLE.
SYN-4003 : Packing 171 remaining SEQ's ...
SYN-4005 : Packed 106 SEQ with LUT/SLICE
SYN-4006 : 97 single LUT's are left
SYN-4006 : 65 single SEQ's are left
SYN-4011 : Packing model "top" (AL_USER_NORMAL) with 470/794 primitive instances ...
PHY-3001 : End packing;  0.038083s wall, 0.015625s user + 0.000000s system = 0.015625s CPU (41.0%)

PHY-1001 : Populate physical database on model top.
RUN-1001 : There are total 448 instances
RUN-1001 : 208 mslices, 207 lslices, 18 pads, 8 brams, 0 dsps
RUN-1001 : There are total 1095 nets
RUN-6004 WARNING: There are 8 nets with only 1 pin.
RUN-1001 : 586 nets have 2 pins
RUN-1001 : 391 nets have [3 - 5] pins
RUN-1001 : 67 nets have [6 - 10] pins
RUN-1001 : 29 nets have [11 - 20] pins
RUN-1001 : 12 nets have [21 - 99] pins
RUN-1001 : 2 nets have 100+ pins
PHY-3001 : design contains 446 instances, 415 slices, 23 macros(149 instances: 93 mslices 56 lslices)
PHY-3001 : Cell area utilization is 5%
PHY-3001 : After packing: Len = 30196.8, Over = 30.25
PHY-3001 : Run with size of 2
PHY-3001 : Cell area utilization is 5%
PHY-3001 : :::0::: Try harder cell spreading with beta_ = 2.53884e-05
PHY-3002 : Step(87): len = 29489.9, overlap = 30.75
PHY-3002 : Step(88): len = 29644.3, overlap = 30
PHY-3002 : Step(89): len = 29568.9, overlap = 28.25
PHY-3001 : :::1::: Try harder cell spreading with beta_ = 5.07769e-05
PHY-3002 : Step(90): len = 29509.6, overlap = 27.25
PHY-3002 : Step(91): len = 29695.3, overlap = 26.5
PHY-3002 : Step(92): len = 29748.5, overlap = 27.5
PHY-3001 : :::2::: Try harder cell spreading with beta_ = 0.000101554
PHY-3002 : Step(93): len = 29970.5, overlap = 26.5
PHY-3002 : Step(94): len = 29970.5, overlap = 26.5
PHY-3002 : Step(95): len = 29757.1, overlap = 27
PHY-3001 : Legalization ...
PHY-3001 : End legalization;  0.182555s wall, 0.015625s user + 0.046875s system = 0.062500s CPU (34.2%)

PHY-3001 : Trial Legalized: Len = 39323.2
PHY-3001 : Run with size of 2
PHY-3001 : Cell area utilization is 5%
PHY-3001 : :::0::: Try harder cell spreading with beta_ = 0.00149539
PHY-3002 : Step(96): len = 36080.8, overlap = 5.75
PHY-3002 : Step(97): len = 34547.9, overlap = 6.5
PHY-3002 : Step(98): len = 33143.5, overlap = 10
PHY-3002 : Step(99): len = 32333.3, overlap = 12
PHY-3002 : Step(100): len = 32098.2, overlap = 11.75
PHY-3002 : Step(101): len = 31822.7, overlap = 11
PHY-3002 : Step(102): len = 31719.5, overlap = 10.75
PHY-3002 : Step(103): len = 31336.2, overlap = 10.5
PHY-3002 : Step(104): len = 31244.8, overlap = 11.25
PHY-3002 : Step(105): len = 31170.6, overlap = 11.5
PHY-3001 : :::1::: Try harder cell spreading with beta_ = 0.00280964
PHY-3002 : Step(106): len = 31201.1, overlap = 11.5
PHY-3002 : Step(107): len = 31172, overlap = 11
PHY-3001 : :::2::: Try harder cell spreading with beta_ = 0.00561928
PHY-3002 : Step(108): len = 31182.7, overlap = 11
PHY-3002 : Step(109): len = 31182.7, overlap = 11
PHY-3001 : Legalization ...
PHY-3001 : End legalization;  0.005446s wall, 0.000000s user + 0.000000s system = 0.000000s CPU (n/a%)

PHY-3001 : Legalized: Len = 34995.4, Over = 0
PHY-3001 : Spreading special nets. 2 overflows in 2952 tiles.
PHY-3001 : End spreading;  0.004967s wall, 0.000000s user + 0.000000s system = 0.000000s CPU (n/a%)

PHY-3001 : 3 instances has been re-located, deltaX = 0, deltaY = 3, maxDist = 1.
PHY-3001 : Final: Len = 35119.4, Over = 0
OPT-1001 : Start physical optimization ...
OPT-1001 : Total overflow 0.00 peak overflow 0.00
OPT-1001 : Start high-fanout net optimization ...
OPT-1001 : Update timing in global mode
PHY-1001 : Start incremental global routing, caller is place ...
RUN-1001 : Generating global routing grids ...
PHY-1001 : Generate routing nets ...
PHY-1001 : Reuse net number 40/1095.
PHY-1001 : Global iterations in 16 thread ...
PHY-1002 : len = 40616, over cnt = 116(0%), over = 181, worst = 5
PHY-1002 : len = 41560, over cnt = 36(0%), over = 45, worst = 4
PHY-1002 : len = 42096, over cnt = 5(0%), over = 5, worst = 1
PHY-1002 : len = 42176, over cnt = 0(0%), over = 0, worst = 0
PHY-1001 : End global iterations;  0.157332s wall, 0.046875s user + 0.000000s system = 0.046875s CPU (29.8%)

PHY-1001 : Congestion index: top1 = 27.31, top5 = 17.23, top10 = 11.62, top15 = 8.44.
PHY-1001 : End incremental global routing;  0.225174s wall, 0.093750s user + 0.000000s system = 0.093750s CPU (41.6%)

RUN-1002 : start command "start_timer -report"
TMR-5001 WARNING: No sdc constraints found while initiating timer.
TMR-2505 : Start building timing graph for model top.
TMR-2506 : Build timing graph completely. Port num: 11, tpin num: 4168, tnet num: 1093, tinst num: 446, tnode num: 5260, tedge num: 7330.
TMR-2508 : Levelizing timing graph completed, there are 43 levels in total.
TMR-2501 : Timing graph initialized successfully.
OPT-1001 : End timing update;  0.200819s wall, 0.171875s user + 0.000000s system = 0.171875s CPU (85.6%)

OPT-1001 : 0 high-fanout net processed.
OPT-1001 : End high-fanout net optimization;  0.444572s wall, 0.281250s user + 0.000000s system = 0.281250s CPU (63.3%)

OPT-1001 : Current memory(MB): used = 199, reserve = 163, peak = 199.
OPT-1001 : Update timing in Manhattan mode
OPT-1001 : End timing update;  0.001633s wall, 0.000000s user + 0.000000s system = 0.000000s CPU (n/a%)

OPT-1001 : Start pin optimization...
OPT-1001 : skip pin optimization...
RUN-1001 : Generating global routing grids ...
PHY-1001 : Generate routing nets ...
PHY-1001 : Reuse net number 911/1095.
PHY-1001 : Global iterations in 16 thread ...
PHY-1002 : len = 42176, over cnt = 0(0%), over = 0, worst = 0
PHY-1001 : End global iterations;  0.008105s wall, 0.000000s user + 0.000000s system = 0.000000s CPU (n/a%)

PHY-1001 : Congestion index: top1 = 27.31, top5 = 17.23, top10 = 11.62, top15 = 8.44.
OPT-1001 : Update timing in Manhattan mode
OPT-1001 : End timing update;  0.001859s wall, 0.000000s user + 0.000000s system = 0.000000s CPU (n/a%)

RUN-1001 : QoR Analysis:
OPT-0007 :   WNS 2147483647 TNS 0 NUM_FEPS 0
RUN-1001 :   No local congestion issue, and most congested 1% tile average routing util is 26.862069
RUN-1001 :   Top critical paths
OPT-1001 : End physical optimization;  0.526653s wall, 0.328125s user + 0.000000s system = 0.328125s CPU (62.3%)

RUN-1003 : finish command "place" in  5.202972s wall, 1.265625s user + 0.812500s system = 2.078125s CPU (39.9%)

RUN-1004 : used memory is 181 MB, reserved memory is 147 MB, peak memory is 201 MB
RUN-1002 : start command "export_db adc_place.db"
RUN-1001 : Exported /
RUN-1001 : Exported flow parameters
RUN-1001 : Exported libs
RUN-1001 : Exported entities
RUN-1001 : Exported ports
RUN-1001 : Exported pins
RUN-1001 : Exported instances
RUN-1001 : Exported nets
RUN-1001 : Exported buses
RUN-1001 : Exported models
RUN-1001 : Exported congestions
RUN-1001 : Exported violations
RUN-1001 : Exported IO constraints
RUN-1001 : Exported Inst constraints
RUN-1001 : Exported ChipWatcher
RUN-1002 : start command "route"
RUN-1001 : Open license file C:/Anlogic/TD5.6.6910.2/license/Anlogic.lic
RUN-1001 : Print Global Property
RUN-1001 : ---------------------------------------------------------------
RUN-1001 :        Parameters        |  Settings  |  Default Values  |  Note  
RUN-1001 : ---------------------------------------------------------------
RUN-1001 :          message         |  standard  |     standard     |        
RUN-1001 :   mixed_pack_place_flow  |     on     |        on        |        
RUN-1001 :        qor_monitor       |    off     |       off        |        
RUN-1001 :        syn_ip_flow       |    off     |       off        |        
RUN-1001 :          thread          |    auto    |       auto       |        
RUN-1001 : ---------------------------------------------------------------
RUN-1001 : Print Route Property
RUN-1001 : -------------------------------------------------------
RUN-1001 :    Parameters    |  Settings  |  Default Values  |  Note  
RUN-1001 : -------------------------------------------------------
RUN-1001 :      effort      |   medium   |      medium      |        
RUN-1001 :     fix_hold     |    off     |       off        |        
RUN-1001 :    opt_timing    |   medium   |      medium      |        
RUN-1001 :   phy_sim_model  |    off     |       off        |        
RUN-1001 :     priority     |   timing   |      timing      |        
RUN-1001 :     swap_pin     |     on     |        on        |        
RUN-1001 : -------------------------------------------------------
PHY-1001 : Route runs in 16 thread(s)
RUN-1001 : There are total 448 instances
RUN-1001 : 208 mslices, 207 lslices, 18 pads, 8 brams, 0 dsps
RUN-1001 : There are total 1095 nets
RUN-6004 WARNING: There are 8 nets with only 1 pin.
RUN-1001 : 586 nets have 2 pins
RUN-1001 : 391 nets have [3 - 5] pins
RUN-1001 : 67 nets have [6 - 10] pins
RUN-1001 : 29 nets have [11 - 20] pins
RUN-1001 : 12 nets have [21 - 99] pins
RUN-1001 : 2 nets have 100+ pins
RUN-1002 : start command "start_timer -report"
TMR-5001 WARNING: No sdc constraints found while initiating timer.
TMR-2505 : Start building timing graph for model top.
TMR-2506 : Build timing graph completely. Port num: 11, tpin num: 4168, tnet num: 1093, tinst num: 446, tnode num: 5260, tedge num: 7330.
TMR-2508 : Levelizing timing graph completed, there are 43 levels in total.
TMR-2501 : Timing graph initialized successfully.
PHY-1001 : 208 mslices, 207 lslices, 18 pads, 8 brams, 0 dsps
TMR-2503 : Start to update net delay, extr mode = 3.
TMR-2504 : Update delay of 1093 nets completely.
TMR-2502 : Annotate delay completely, extr mode = 3.
TMR-3002 : No user constraint, initiate default constraint.
TMR-1501 : Assign derive clock DeriveClock to 554 clock pins, and constraint 1091 relative nodes.
TMR-3003 : Constraints initiated successfully.
TMR-3501 : Forward propagation: start to calculate arrival time...
TMR-3502 : Backward propagation: start to calculate required time...
TMR-3503 : Timing propagation completes.
PHY-1001 : Start global routing, caller is route ...
RUN-1001 : Generating global routing grids ...
PHY-1001 : Generate routing nets ...
PHY-1001 : Global iterations in 16 thread ...
PHY-1002 : len = 40456, over cnt = 113(0%), over = 168, worst = 5
PHY-1002 : len = 41352, over cnt = 32(0%), over = 38, worst = 4
PHY-1002 : len = 41808, over cnt = 5(0%), over = 5, worst = 1
PHY-1002 : len = 41888, over cnt = 0(0%), over = 0, worst = 0
PHY-1001 : End global iterations;  0.150857s wall, 0.031250s user + 0.015625s system = 0.046875s CPU (31.1%)

PHY-1001 : Congestion index: top1 = 27.35, top5 = 17.26, top10 = 11.59, top15 = 8.38.
PHY-1001 : End global routing;  0.212539s wall, 0.093750s user + 0.015625s system = 0.109375s CPU (51.5%)

PHY-1001 : Start detail routing ...
PHY-1001 : Current memory(MB): used = 226, reserve = 190, peak = 240.
PHY-1001 : Detailed router is running in normal mode.
PHY-1001 : Generate detailed routing grids ...
PHY-1001 : Generate nets ...
PHY-1001 : net clk_in_dup_3 will be routed on clock mesh
PHY-5010 WARNING: Net data_in[7]_dup_3 is skipped due to 0 input or output
PHY-5010 WARNING: Net data_in[6]_dup_3 is skipped due to 0 input or output
PHY-5010 WARNING: Net data_in[5]_dup_3 is skipped due to 0 input or output
PHY-5010 WARNING: Net data_in[4]_dup_3 is skipped due to 0 input or output
PHY-5010 WARNING: Net data_in[3]_dup_3 is skipped due to 0 input or output
PHY-5010 WARNING: Net data_in[2]_dup_3 is skipped due to 0 input or output
PHY-5010 WARNING: Net data_in[1]_dup_3 is skipped due to 0 input or output
PHY-5010 WARNING: Net data_in[0]_dup_3 is skipped due to 0 input or output
PHY-1001 : clock net adc/clk_adc_syn_4 will be merged with clock adc/clk_adc
PHY-1001 : net fifo_list/fifo_list/ram_inst/clkb will be routed on clock mesh
PHY-1001 : clock net pll_list/clk0_out will be merged with clock pll_list/clk0_buf
PHY-1001 : clock net config_inst_syn_10 will be merged with clock config_inst_syn_9
PHY-5010 WARNING: Net data_in[7]_dup_3 is skipped due to 0 input or output
PHY-5010 WARNING: Net data_in[6]_dup_3 is skipped due to 0 input or output
PHY-5010 Similar messages will be suppressed.
PHY-1001 : Current memory(MB): used = 493, reserve = 461, peak = 493.
PHY-1001 : End build detailed router design. 4.027762s wall, 3.609375s user + 0.109375s system = 3.718750s CPU (92.3%)

PHY-1001 : Detail Route ...
PHY-1001 : ===== Detail Route Phase 1 =====
PHY-1001 : Clock net routing.....
PHY-1001 : Routed 0% nets.
PHY-1022 : len = 19184, over cnt = 0(0%), over = 0, worst = 0, crit = 0
PHY-1001 : End initial clock net routed; 1.575172s wall, 1.250000s user + 0.000000s system = 1.250000s CPU (79.4%)

PHY-1001 : Current memory(MB): used = 525, reserve = 494, peak = 525.
PHY-1001 : End phase 1; 1.588973s wall, 1.265625s user + 0.000000s system = 1.265625s CPU (79.7%)

PHY-1001 : ===== Detail Route Phase 2 =====
PHY-1001 : Initial routing.....
PHY-1001 : Routed 33% nets.
PHY-1001 : Routed 40% nets.
PHY-1001 : Routed 50% nets.
PHY-1001 : Routed 63% nets.
PHY-1001 : Routed 85% nets.
PHY-1022 : len = 129488, over cnt = 10(0%), over = 10, worst = 1, crit = 0
PHY-1001 : Current memory(MB): used = 525, reserve = 494, peak = 525.
PHY-1001 : End initial routed; 2.466645s wall, 2.156250s user + 0.000000s system = 2.156250s CPU (87.4%)

PHY-1001 : Current memory(MB): used = 525, reserve = 494, peak = 525.
PHY-1001 : End phase 2; 2.466709s wall, 2.156250s user + 0.000000s system = 2.156250s CPU (87.4%)

PHY-1001 : ===== Detail Route Phase 3 =====
PHY-1001 : Ripup-reroute.....
PHY-1001 : ===== DR Iter 1 =====
PHY-1022 : len = 129496, over cnt = 2(0%), over = 2, worst = 1, crit = 0
PHY-1001 : End DR Iter 1; 0.026479s wall, 0.000000s user + 0.000000s system = 0.000000s CPU (n/a%)

PHY-1001 : ===== DR Iter 2 =====
PHY-1022 : len = 129512, over cnt = 0(0%), over = 0, worst = 0, crit = 0
PHY-1001 : End DR Iter 2; 0.021655s wall, 0.000000s user + 0.000000s system = 0.000000s CPU (n/a%)

PHY-1001 : Commit to database.....
PHY-1001 : 1 feed throughs used by 1 nets
PHY-1001 : End commit to database; 0.137101s wall, 0.156250s user + 0.000000s system = 0.156250s CPU (114.0%)

PHY-1001 : Current memory(MB): used = 537, reserve = 506, peak = 537.
PHY-1001 : End phase 3; 0.315122s wall, 0.234375s user + 0.015625s system = 0.250000s CPU (79.3%)

PHY-1003 : Routed, final wirelength = 129512
PHY-1001 : Current memory(MB): used = 537, reserve = 507, peak = 537.
PHY-1001 : End export database. 0.015051s wall, 0.015625s user + 0.000000s system = 0.015625s CPU (103.8%)

PHY-1001 : End detail routing;  8.674625s wall, 7.484375s user + 0.140625s system = 7.625000s CPU (87.9%)

RUN-1003 : finish command "route" in  9.205716s wall, 7.843750s user + 0.156250s system = 8.000000s CPU (86.9%)

RUN-1004 : used memory is 472 MB, reserved memory is 440 MB, peak memory is 537 MB
RUN-1002 : start command "report_area -io_info -file adc_phy.area"
RUN-1001 : standard
***Report Model: top Device: EG4S20NG88***

IO Statistics
#IO                        18
  #input                   13
  #output                   5
  #inout                    0

Utilization Statistics
#lut                      723   out of  19600    3.69%
#reg                      408   out of  19600    2.08%
#le                       788
  #lut only               380   out of    788   48.22%
  #reg only                65   out of    788    8.25%
  #lut&reg                343   out of    788   43.53%
#dsp                        0   out of     29    0.00%
#bram                       4   out of     64    6.25%
  #bram9k                   4
  #fifo9k                   0
#bram32k                    4   out of     16   25.00%
#pad                       18   out of     66   27.27%
  #ireg                    10
  #oreg                     5
  #treg                     1
#pll                        1   out of      4   25.00%
#gclk                       3   out of     16   18.75%

Clock Resource Statistics
Index     ClockNet                             Type               DriverType         Driver                     Fanout
#1        fifo_list/fifo_list/ram_inst/clkb    GCLK               pll                pll_list/pll_inst.clkc2    197
#2        config_inst_syn_9                    GCLK               config             config_inst.jtck           56
#3        clk_in_dup_3                         GCLK               io                 clk_in_syn_4.di            17
#4        adc/clk_adc                          GCLK               mslice             type/sel3_syn_865.q0       8
#5        pll_list/clk0_buf                    GCLK               pll                pll_list/pll_inst.clkc0    0


Detailed IO Report

     Name       Direction    Location    IOStandard    DriveStrength    PullType     PackReg   
    clk_in        INPUT        P34        LVCMOS25          N/A          PULLUP       NONE     
  data_in[7]      INPUT         P2        LVCMOS25          N/A          PULLUP       IREG     
  data_in[6]      INPUT         P3        LVCMOS25          N/A          PULLUP       IREG     
  data_in[5]      INPUT         P4        LVCMOS25          N/A          PULLUP       IREG     
  data_in[4]      INPUT         P5        LVCMOS25          N/A          PULLUP       IREG     
  data_in[3]      INPUT        P10        LVCMOS25          N/A          PULLUP       IREG     
  data_in[2]      INPUT        P11        LVCMOS25          N/A          PULLUP       IREG     
  data_in[1]      INPUT        P12        LVCMOS25          N/A          PULLUP       IREG     
  data_in[0]      INPUT        P13        LVCMOS25          N/A          PULLUP       IREG     
     eoc          INPUT        P60        LVCMOS25          N/A          PULLUP       NONE     
    key_in        INPUT        P50        LVCMOS25          N/A          PULLUP       IREG     
   reset_n        INPUT        P19        LVCMOS25          N/A           N/A         NONE     
   uart_rxd       INPUT        P54        LVCMOS25          N/A          PULLUP       IREG     
   adc_clk       OUTPUT        P57        LVCMOS25           8            NONE        OREG     
     ale         OUTPUT        P23        LVCMOS25           8            N/A         OREG     
      oe         OUTPUT        P86        LVCMOS25           8            NONE        OREG     
    start        OUTPUT        P59        LVCMOS25           8            NONE        OREG     
   uart_txd      OUTPUT        P52        LVCMOS25           8            NONE      OREG;TREG  

Report Hierarchy Area:
+---------------------------------------------------------------------------------------------------------+
|Instance                            |Module         |le     |lut     |ripple  |seq     |bram    |dsp     |
+---------------------------------------------------------------------------------------------------------+
|top                                 |top            |788    |574     |149     |424     |8       |0       |
|  adc                               |adc_ctrl       |34     |28      |6       |17      |0       |0       |
|  anjian_list                       |anjian         |42     |34      |6       |23      |0       |0       |
|  fifo_list                         |fifo_ctrl      |148    |94      |44      |68      |4       |0       |
|    fifo_list                       |fifo           |116    |70      |36      |56      |4       |0       |
|      ram_inst                      |ram_infer_fifo |12     |12      |0       |10      |4       |0       |
|  pll_list                          |pll            |0      |0       |0       |0       |0       |0       |
|  rx                                |uart_rx        |51     |42      |6       |35      |0       |0       |
|  tx                                |uart_tx        |63     |52      |8       |37      |0       |0       |
|  type                              |type_choice    |114    |106     |8       |64      |0       |0       |
|  cw_top                            |CW_TOP_WRAPPER |333    |215     |71      |162     |0       |0       |
|    wrapper_cwc_top                 |cwc_top        |333    |215     |71      |162     |0       |0       |
|      cfg_int_inst                  |cwc_cfg_int    |96     |60      |0       |83      |0       |0       |
|        reg_inst                    |register       |94     |58      |0       |81      |0       |0       |
|        tap_inst                    |tap            |2      |2       |0       |2       |0       |0       |
|      trigger_inst                  |trigger        |237    |155     |71      |79      |0       |0       |
|        bus_inst                    |bus_top        |15     |9       |6       |2       |0       |0       |
|          BUS_DETECTOR[0]$bus_nodes |bus_det        |15     |9       |6       |2       |0       |0       |
|        emb_ctrl_inst               |emb_ctrl       |142    |109     |33      |53      |0       |0       |
+---------------------------------------------------------------------------------------------------------+


DataNet Average Fanout:

   Index     Fanout    Nets  
    #1         1       567   
    #2         2       247   
    #3         3        88   
    #4         4        56   
    #5        5-10      74   
    #6       11-50      28   
    #7       51-100     2    
  Average     2.60           

RUN-1002 : start command "export_db adc_pr.db"
RUN-1001 : Exported /
RUN-1001 : Exported flow parameters
RUN-1001 : Exported libs
RUN-1001 : Exported entities
RUN-1001 : Exported ports
RUN-1001 : Exported pins
RUN-1001 : Exported instances
RUN-1001 : Exported nets
RUN-1001 : Exported buses
RUN-1001 : Exported models
RUN-1001 : Exported congestions
RUN-1001 : Exported violations
RUN-1001 : Exported IO constraints
RUN-1001 : Exported Inst constraints
RUN-1001 : Exported ChipWatcher
RUN-1002 : start command "export_bid adc_inst.bid"
PRG-1000 : <!-- HMAC is: 527f0c7729cdf9137214fba7d7e00c3d34d3af680039e63dc0d7d9aa6b5a949c -->
RUN-1002 : start command "bitgen -bit adc.bit"
BIT-1003 : Start to generate bitstream. 
BIT-1002 : Init instances with 16 threads.
BIT-1002 : Init instances completely, inst num: 446
BIT-1002 : Init pips with 16 threads.
BIT-1002 : Init pips completely, net num: 1095, pip num: 9633
BIT-1002 : Init feedthrough completely, num: 1
BIT-1003 : Multithreading accelaration with 16 threads.
BIT-1003 : Generate bitstream completely, there are 1218 valid insts, and 27377 bits set as '1'.
BIT-1004 : the usercode register value: 00000000011000001001110100011100
BIT-1004 : PLL setting string = 0001
BIT-1004 : Generate bits file adc.bit.
RUN-1003 : finish command "bitgen -bit adc.bit" in  2.377446s wall, 12.265625s user + 0.078125s system = 12.343750s CPU (519.2%)

RUN-1004 : used memory is 473 MB, reserved memory is 444 MB, peak memory is 673 MB
RUN-1002 : start command "backup_run_log run.log ../.logs/phy_1/td_20230310_171845.log"
