============================================================
   Tang Dynasty, V5.6.69102
      Copyright (c) 2012-2023 Anlogic Inc.
   Executable = C:/Anlogic/TD5.6.6910.2/bin/td.exe
   Built at =   20:14:16 Feb 16 2023
   Run by =     shaka
   Run Date =   Tue Mar  7 23:37:03 2023

   Run on =     BR007
============================================================
RUN-1002 : start command "open_project adc.prj"
RUN-1001 : Print Global Property
RUN-1001 : ---------------------------------------------------------------
RUN-1001 :        Parameters        |  Settings  |  Default Values  |  Note  
RUN-1001 : ---------------------------------------------------------------
RUN-1001 :          message         |  standard  |     standard     |        
RUN-1001 :   mixed_pack_place_flow  |     on     |        on        |        
RUN-1001 :        qor_monitor       |    off     |       off        |        
RUN-1001 :        syn_ip_flow       |    off     |       off        |        
RUN-1001 :          thread          |    auto    |       auto       |        
RUN-1001 : ---------------------------------------------------------------
RUN-1001 : Print Design Property
RUN-1001 : --------------------------------------------------------------
RUN-1001 :        Parameters       |  Settings  |  Default Values  |  Note  
RUN-1001 : --------------------------------------------------------------
RUN-1001 :   default_reg_initial   |    auto    |       auto       |        
RUN-1001 :        infer_add        |     on     |        on        |        
RUN-1001 :        infer_fsm        |    off     |       off        |        
RUN-1001 :        infer_mult       |     on     |        on        |        
RUN-1001 :        infer_ram        |     on     |        on        |        
RUN-1001 :        infer_reg        |     on     |        on        |        
RUN-1001 :   infer_reg_init_value  |     on     |        on        |        
RUN-1001 :        infer_rom        |     on     |        on        |        
RUN-1001 :      infer_shifter      |     on     |        on        |        
RUN-1001 : --------------------------------------------------------------
RUN-1001 : Print Rtl Property
RUN-1001 : --------------------------------------------------------------
RUN-1001 :        Parameters       |  Settings  |  Default Values  |  Note  
RUN-1001 : --------------------------------------------------------------
RUN-1001 :       compress_add      |   ripple   |      ripple      |        
RUN-1001 :        elf_sload        |    off     |       off        |        
RUN-1001 :       fix_undriven      |     0      |        0         |        
RUN-1001 :         flatten         |    off     |       off        |        
RUN-1001 :       gate_sharing      |     on     |        on        |        
RUN-1001 :    hdl_warning_level    |   normal   |      normal      |        
RUN-1001 :   impl_internal_tribuf  |     on     |        on        |        
RUN-1001 :      impl_set_reset     |     on     |        on        |        
RUN-1001 :        infer_gsr        |    off     |       off        |        
RUN-1001 :      keep_hierarchy     |    auto    |       auto       |        
RUN-1001 :        max_fanout       |    9999    |       9999       |        
RUN-1001 :      max_oh2bin_len     |     10     |        10        |        
RUN-1001 :       merge_equal       |     on     |        on        |        
RUN-1001 :       merge_equiv       |     on     |        on        |        
RUN-1001 :        merge_mux        |    off     |       off        |        
RUN-1001 :     min_control_set     |     8      |        8         |        
RUN-1001 :      min_ripple_len     |    auto    |       auto       |        
RUN-1001 :       oh2bin_ratio      |    0.08    |       0.08       |        
RUN-1001 :     opt_adder_fanout    |     on     |        on        |        
RUN-1001 :        opt_arith        |     on     |        on        |        
RUN-1001 :       opt_big_gate      |    off     |       off        |        
RUN-1001 :        opt_const        |     on     |        on        |        
RUN-1001 :      opt_const_mult     |     on     |        on        |        
RUN-1001 :       opt_lessthan      |     on     |        on        |        
RUN-1001 :         opt_mux         |    off     |       off        |        
RUN-1001 :         opt_ram         |    high    |       high       |        
RUN-1001 :      rtl_sim_model      |    off     |       off        |        
RUN-1001 :         seq_syn         |     on     |        on        |        
RUN-1001 : --------------------------------------------------------------
HDL-1007 : analyze verilog file ../../../Core/fifo.v
HDL-1007 : analyze verilog file ../../../Src/top.v
HDL-1007 : undeclared symbol 'valid', assumed default net type 'wire' in ../../../Src/top.v(41)
HDL-1007 : undeclared symbol 'data_vld', assumed default net type 'wire' in ../../../Src/top.v(52)
HDL-1007 : undeclared symbol 'adc_en', assumed default net type 'wire' in ../../../Src/top.v(62)
HDL-1007 : undeclared symbol 'data_en', assumed default net type 'wire' in ../../../Src/top.v(69)
HDL-1007 : undeclared symbol 'depth', assumed default net type 'wire' in ../../../Src/top.v(82)
HDL-1007 : undeclared symbol 'fifo_working', assumed default net type 'wire' in ../../../Src/top.v(86)
HDL-1007 : undeclared symbol 'condition', assumed default net type 'wire' in ../../../Src/top.v(101)
HDL-1007 : analyze verilog file ../../../Src/uart_rx.v
HDL-1007 : analyze verilog file ../../../Src/uart_tx.v
HDL-1007 : analyze verilog file ../../../Src/adc_ctrl.v
HDL-1007 : analyze verilog file ../../../Src/type_choice.v
HDL-1007 : analyze verilog file ../../../Src/fifo_ctrl.v
HDL-1007 : undeclared symbol 'empty_flag', assumed default net type 'wire' in ../../../Src/fifo_ctrl.v(156)
RUN-1001 : Project manager successfully analyzed 7 source files.
RUN-1002 : start command "import_device eagle_s20.db -package EG4S20NG88"
ARC-1001 : Device Initialization.
ARC-1001 : ---------------------------------------------------------------
ARC-1001 :            OPTION            |        IO         |   SETTING   
ARC-1001 : ---------------------------------------------------------------
ARC-1001 :   cso_b/cclk/mosi/miso/dout  |  P69/P82/P81/P80  |    gpio    
ARC-1001 :             done             |        P8         |    gpio    
ARC-1001 :           program_b          |        P67        |  dedicate  
ARC-1001 :        tdi/tms/tck/tdo       |  P25/P22/P26/P21  |  dedicate  
ARC-1001 : ---------------------------------------------------------------
ARC-1004 : Device setting, marked 5 dedicate IOs in total.
RUN-1002 : start command "import_db ../syn_1/adc_gate.db"
RUN-1001 : Importing database generated by Tang Dynasty, V5.6.69102.
RUN-1001 : Database version number 46146.
RUN-1001 : Import flow parameters
RUN-1001 : Import IO constraints
RUN-1001 : Import Inst constraints
RUN-1001 : Import design success TD_VERSION=5.6.69102 , DB_VERSION=46146
RUN-1002 : start command "place"
RUN-1001 : Open license file C:/Anlogic/TD5.6.6910.2/license/Anlogic.lic
RUN-1001 : Print Global Property
RUN-1001 : ---------------------------------------------------------------
RUN-1001 :        Parameters        |  Settings  |  Default Values  |  Note  
RUN-1001 : ---------------------------------------------------------------
RUN-1001 :          message         |  standard  |     standard     |        
RUN-1001 :   mixed_pack_place_flow  |     on     |        on        |        
RUN-1001 :        qor_monitor       |    off     |       off        |        
RUN-1001 :        syn_ip_flow       |    off     |       off        |        
RUN-1001 :          thread          |    auto    |       auto       |        
RUN-1001 : ---------------------------------------------------------------
RUN-1001 : Print Place Property
RUN-1001 : --------------------------------------------------------------
RUN-1001 :        Parameters       |  Settings  |  Default Values  |  Note  
RUN-1001 : --------------------------------------------------------------
RUN-1001 :      detailed_place     |     on     |        on        |        
RUN-1001 :          effort         |   medium   |      medium      |        
RUN-1001 :         fix_hold        |    off     |       off        |        
RUN-1001 :       legalization      |    ori     |       ori        |        
RUN-1001 :      new_spreading      |     on     |        on        |        
RUN-1001 :        opt_timing       |   medium   |      medium      |        
RUN-1001 :   post_clock_route_opt  |    off     |       off        |        
RUN-1001 :       pr_strategy       |     1      |        1         |        
RUN-1001 :        relaxation       |    1.00    |       1.00       |        
RUN-1001 :         retiming        |    off     |       off        |        
RUN-1001 : --------------------------------------------------------------
PHY-3001 : Placer runs in 16 thread(s).
RUN-1002 : start command "legalize_phy_inst"
SYN-1011 : Flatten model top
SYN-4036 : The kept net data_in[7]_dup_3 is useless
SYN-4036 : The kept net data_in[6]_dup_3 is useless
SYN-4036 : The kept net data_in[5]_dup_3 is useless
SYN-4036 : The kept net data_in[4]_dup_3 is useless
SYN-4036 : The kept net data_in[3]_dup_3 is useless
SYN-4036 : The kept net data_in[2]_dup_3 is useless
SYN-4036 : The kept net data_in[1]_dup_3 is useless
SYN-4036 : The kept net data_in[0]_dup_3 is useless
SYN-4036 : The kept net key1_dup_3 is useless
SYN-5055 WARNING: The kept net fifo_list/fifo_list/re will be merged to another kept net fifo_list/re
SYN-5055 WARNING: The kept net fifo_list/fifo_list/we will be merged to another kept net fifo_list/we
SYN-5055 WARNING: The kept net fifo_list/fifo_list/wr_addr_diff[13] will be merged to another kept net fifo_list/wrusedw[13]
SYN-5055 WARNING: The kept net fifo_list/fifo_list/wr_addr_diff[12] will be merged to another kept net fifo_list/wrusedw[12]
SYN-5055 WARNING: The kept net fifo_list/fifo_list/wr_addr_diff[11] will be merged to another kept net fifo_list/wrusedw[11]
SYN-5055 WARNING: The kept net fifo_list/fifo_list/wr_addr_diff[10] will be merged to another kept net fifo_list/wrusedw[10]
SYN-5055 WARNING: The kept net fifo_list/fifo_list/wr_addr_diff[9] will be merged to another kept net fifo_list/wrusedw[9]
SYN-5055 WARNING: The kept net fifo_list/fifo_list/wr_addr_diff[8] will be merged to another kept net fifo_list/wrusedw[8]
SYN-5055 WARNING: The kept net fifo_list/fifo_list/wr_addr_diff[7] will be merged to another kept net fifo_list/wrusedw[7]
SYN-5055 WARNING: The kept net fifo_list/fifo_list/wr_addr_diff[6] will be merged to another kept net fifo_list/wrusedw[6]
SYN-5055 Similar messages will be suppressed.
RUN-1002 : start command "phys_opt -simplify_lut"
SYN-1032 : 754/3 useful/useless nets, 551/3 useful/useless insts
SYN-4024 : Net "clk_dup_3" drives clk pins.
SYN-4024 : Net "adc/clk_adc" drives clk pins.
SYN-4025 : Tag rtl::Net adc/clk_adc as clock net
SYN-4025 : Tag rtl::Net clk_dup_3 as clock net
SYN-4026 : Tagged 2 rtl::Net as clock net
SYN-4015 : Create BUFG instance for clk Net adc/clk_adc to drive 9 clock pins.
PHY-1001 : Populate physical database on model top.
RUN-1001 : There are total 552 instances
RUN-0007 : 260 luts, 199 seqs, 38 mslices, 24 lslices, 19 pads, 8 brams, 0 dsps
RUN-1001 : There are total 755 nets
RUN-6004 WARNING: There are 12 nets with only 1 pin.
RUN-1001 : 488 nets have 2 pins
RUN-1001 : 173 nets have [3 - 5] pins
RUN-1001 : 37 nets have [6 - 10] pins
RUN-1001 : 34 nets have [11 - 20] pins
RUN-1001 : 8 nets have [21 - 99] pins
RUN-1001 : 3 nets have 100+ pins
RUN-1001 : Report Control nets information:
RUN-1001 : DFF Distribution
RUN-1001 : ----------------------------------
RUN-1001 :   CE   |  SSR  |  ASR  |  DFF Count  
RUN-1001 : ----------------------------------
RUN-1001 :   No   |  No   |  No   |      6      
RUN-1001 :   No   |  No   |  Yes  |     126     
RUN-1001 :   No   |  Yes  |  No   |      0      
RUN-1001 :   Yes  |  No   |  No   |      0      
RUN-1001 :   Yes  |  No   |  Yes  |     67      
RUN-1001 :   Yes  |  Yes  |  No   |      0      
RUN-1001 : ----------------------------------
RUN-0007 : Control Group Statistic
RUN-0007 : ---------------------------
RUN-0007 :   #CLK  |  #CE  |  #SSR/ASR  
RUN-0007 : ---------------------------
RUN-0007 :    2    |   5   |     3      
RUN-0007 : ---------------------------
RUN-0007 : Control Set = 8
PHY-3001 : Initial placement ...
PHY-3001 : design contains 550 instances, 260 luts, 199 seqs, 62 slices, 9 macros(62 instances: 38 mslices 24 lslices)
PHY-0007 : Cell area utilization is 1%
PHY-3001 : Global placement ...
PHY-3001 : Initial: Len = 209378
PHY-3001 : Clustering ...
PHY-3001 : Level 0 #clusters 550.
PHY-3001 : End clustering;  0.000017s wall, 0.000000s user + 0.000000s system = 0.000000s CPU (n/a%)

PHY-3001 : Run with size of 4
PHY-3001 : Cell area utilization is 1%
PHY-3001 : :::0::: Try harder cell spreading with beta_ = 0
PHY-3002 : Step(1): len = 139305, overlap = 36
PHY-3002 : Step(2): len = 85204.4, overlap = 36
PHY-3002 : Step(3): len = 66360, overlap = 36
PHY-3002 : Step(4): len = 50772.3, overlap = 36
PHY-3002 : Step(5): len = 40178.2, overlap = 36
PHY-3002 : Step(6): len = 33690.6, overlap = 36
PHY-3002 : Step(7): len = 28927, overlap = 36
PHY-3002 : Step(8): len = 27789.5, overlap = 36
PHY-3002 : Step(9): len = 25228.5, overlap = 36
PHY-3002 : Step(10): len = 23903.6, overlap = 36
PHY-3002 : Step(11): len = 23998.3, overlap = 36
PHY-3002 : Step(12): len = 21268.1, overlap = 36
PHY-3002 : Step(13): len = 20921.1, overlap = 36
PHY-3002 : Step(14): len = 20573, overlap = 36
PHY-3001 : :::1::: Try harder cell spreading with beta_ = 7.26209e-06
PHY-3002 : Step(15): len = 29194.5, overlap = 36
PHY-3002 : Step(16): len = 29850.7, overlap = 36
PHY-3002 : Step(17): len = 29896.5, overlap = 31.5
PHY-3002 : Step(18): len = 30004.4, overlap = 31.5
PHY-3002 : Step(19): len = 28328.1, overlap = 31.5
PHY-3002 : Step(20): len = 27931.9, overlap = 31.5
PHY-3002 : Step(21): len = 28245.4, overlap = 31.5
PHY-3002 : Step(22): len = 28195.4, overlap = 31.5
PHY-3002 : Step(23): len = 28030.3, overlap = 36
PHY-3002 : Step(24): len = 26515.3, overlap = 36
PHY-3002 : Step(25): len = 25491.8, overlap = 36
PHY-3002 : Step(26): len = 26146.7, overlap = 36
PHY-3002 : Step(27): len = 26624, overlap = 31.5
PHY-3002 : Step(28): len = 26502.4, overlap = 31.5
PHY-3002 : Step(29): len = 26217.5, overlap = 31.5
PHY-3002 : Step(30): len = 25510.8, overlap = 31.5
PHY-3002 : Step(31): len = 25232.8, overlap = 31.5
PHY-3002 : Step(32): len = 25774.8, overlap = 31.5
PHY-3002 : Step(33): len = 26146.1, overlap = 31.5
PHY-3002 : Step(34): len = 26429.1, overlap = 31.5
PHY-3002 : Step(35): len = 25541, overlap = 36
PHY-3002 : Step(36): len = 25007.7, overlap = 36
PHY-3002 : Step(37): len = 25114.6, overlap = 36
PHY-3002 : Step(38): len = 25334.3, overlap = 36
PHY-3002 : Step(39): len = 24877.3, overlap = 31.5
PHY-3002 : Step(40): len = 24038.7, overlap = 31.5
PHY-3002 : Step(41): len = 24043, overlap = 31.5
PHY-3002 : Step(42): len = 24308.7, overlap = 31.5
PHY-3002 : Step(43): len = 23874.9, overlap = 36
PHY-3002 : Step(44): len = 23161.2, overlap = 36
PHY-3002 : Step(45): len = 23178.6, overlap = 36
PHY-3002 : Step(46): len = 23548.5, overlap = 31.5
PHY-3002 : Step(47): len = 24119.8, overlap = 31.5
PHY-3002 : Step(48): len = 23258.6, overlap = 31.5
PHY-3002 : Step(49): len = 22751.6, overlap = 31.5
PHY-3002 : Step(50): len = 22728.1, overlap = 31.5
PHY-3002 : Step(51): len = 22629.3, overlap = 31.5
PHY-3002 : Step(52): len = 22518.6, overlap = 36
PHY-3002 : Step(53): len = 23066.9, overlap = 31.5
PHY-3002 : Step(54): len = 23291.8, overlap = 31.5
PHY-3002 : Step(55): len = 22966.2, overlap = 36
PHY-3002 : Step(56): len = 22872.7, overlap = 31.5
PHY-3002 : Step(57): len = 22714.2, overlap = 31.5
PHY-3002 : Step(58): len = 22729.9, overlap = 31.75
PHY-3002 : Step(59): len = 22797.9, overlap = 31.75
PHY-3001 : :::2::: Try harder cell spreading with beta_ = 1.45242e-05
PHY-3002 : Step(60): len = 23543.5, overlap = 31.75
PHY-3002 : Step(61): len = 24118, overlap = 27.25
PHY-3002 : Step(62): len = 24320.7, overlap = 27.25
PHY-3001 : :::3::: Try harder cell spreading with beta_ = 2.90484e-05
PHY-3002 : Step(63): len = 25265.1, overlap = 31.75
PHY-3002 : Step(64): len = 25655.8, overlap = 31.75
PHY-3002 : Step(65): len = 25969.9, overlap = 31.75
PHY-3002 : Step(66): len = 26025, overlap = 31.75
PHY-3002 : Step(67): len = 25954.2, overlap = 32.25
PHY-3002 : Step(68): len = 25920.2, overlap = 32.25
PHY-3002 : Step(69): len = 25697.3, overlap = 32.25
PHY-3001 : :::4::: Try harder cell spreading with beta_ = 5.80967e-05
PHY-3002 : Step(70): len = 26066.1, overlap = 32.6875
PHY-3002 : Step(71): len = 26411.2, overlap = 32.75
PHY-3002 : Step(72): len = 26616.4, overlap = 32.8125
PHY-3002 : Step(73): len = 26606.9, overlap = 32.9375
PHY-3002 : Step(74): len = 26613.9, overlap = 32.9375
PHY-3002 : Step(75): len = 26665.4, overlap = 37.4375
PHY-3002 : Step(76): len = 26714.7, overlap = 37.5
PHY-3002 : Step(77): len = 26727.5, overlap = 37.5
PHY-3001 : :::5::: Try harder cell spreading with beta_ = 0.000116193
PHY-3002 : Step(78): len = 26904.3, overlap = 37.5
PHY-3002 : Step(79): len = 27233.6, overlap = 37.5
PHY-3002 : Step(80): len = 27306.7, overlap = 37.5
PHY-3002 : Step(81): len = 27341.2, overlap = 37.5
PHY-3002 : Step(82): len = 27333.3, overlap = 37.5
PHY-3002 : Step(83): len = 27691.6, overlap = 37.5
PHY-3002 : Step(84): len = 27899.8, overlap = 37.5
PHY-3002 : Step(85): len = 27760.3, overlap = 37.5
PHY-3002 : Step(86): len = 27793, overlap = 37.5
PHY-3002 : Step(87): len = 27780.5, overlap = 33.75
PHY-3001 : :::6::: Try harder cell spreading with beta_ = 0.000196625
PHY-3002 : Step(88): len = 27848.3, overlap = 33.75
PHY-3002 : Step(89): len = 27872.7, overlap = 33.8125
PHY-3001 : :::7::: Try harder cell spreading with beta_ = 0.000318139
PHY-3002 : Step(90): len = 27994.9, overlap = 33.8125
PHY-3002 : Step(91): len = 27982.2, overlap = 33.875
PHY-3001 : Legalization ...
PHY-3001 : End legalization;  0.009360s wall, 0.000000s user + 0.000000s system = 0.000000s CPU (n/a%)

PHY-3001 : Run with size of 4
PHY-3001 : Cell area utilization is 2%
PHY-3001 : :::0::: Try harder cell spreading with beta_ = 0
PHY-3002 : Step(92): len = 36145.5, overlap = 10.8438
PHY-3002 : Step(93): len = 36319.7, overlap = 9.6875
PHY-3002 : Step(94): len = 34224.9, overlap = 6.28125
PHY-3002 : Step(95): len = 32902.6, overlap = 5.6875
PHY-3002 : Step(96): len = 31767.8, overlap = 3.75
PHY-3002 : Step(97): len = 31450.4, overlap = 2
PHY-3002 : Step(98): len = 31210.8, overlap = 2
PHY-3002 : Step(99): len = 30261.4, overlap = 1.875
PHY-3002 : Step(100): len = 30203.6, overlap = 0.4375
PHY-3002 : Step(101): len = 30267.6, overlap = 0.3125
PHY-3002 : Step(102): len = 29854.5, overlap = 0
PHY-3002 : Step(103): len = 29878.8, overlap = 0
PHY-3002 : Step(104): len = 29860.5, overlap = 0.25
PHY-3002 : Step(105): len = 29709.2, overlap = 1.5625
PHY-3002 : Step(106): len = 29732.2, overlap = 2.875
PHY-3002 : Step(107): len = 29475.3, overlap = 3.25
PHY-3002 : Step(108): len = 29111.3, overlap = 1.5
PHY-3002 : Step(109): len = 28862.5, overlap = 1.25
PHY-3002 : Step(110): len = 28700, overlap = 0.0625
PHY-3002 : Step(111): len = 28691.5, overlap = 0.5
PHY-3002 : Step(112): len = 28500.5, overlap = 0.5625
PHY-3002 : Step(113): len = 28396, overlap = 0.875
PHY-3002 : Step(114): len = 28162.9, overlap = 1.25
PHY-3002 : Step(115): len = 28038.5, overlap = 1.34375
PHY-3002 : Step(116): len = 28038.5, overlap = 1.34375
PHY-3002 : Step(117): len = 28019.5, overlap = 1.34375
PHY-3002 : Step(118): len = 28019.5, overlap = 1.34375
PHY-3002 : Step(119): len = 27943.1, overlap = 1.34375
PHY-3002 : Step(120): len = 27943.1, overlap = 1.34375
PHY-3002 : Step(121): len = 27982.9, overlap = 1.4375
PHY-3002 : Step(122): len = 27982.9, overlap = 1.4375
PHY-3002 : Step(123): len = 27874.9, overlap = 1.4375
PHY-3002 : Step(124): len = 27925.5, overlap = 1.4375
PHY-3002 : Step(125): len = 27925.5, overlap = 1.4375
PHY-3001 : Run with size of 2
PHY-3001 : Cell area utilization is 2%
PHY-3001 : :::0::: Try harder cell spreading with beta_ = 5.6142e-05
PHY-3002 : Step(126): len = 28425.8, overlap = 12.8438
PHY-3002 : Step(127): len = 28425.8, overlap = 12.8438
PHY-3002 : Step(128): len = 28142, overlap = 12.8438
PHY-3001 : :::1::: Try harder cell spreading with beta_ = 0.000112284
PHY-3002 : Step(129): len = 28389.6, overlap = 9.28125
PHY-3002 : Step(130): len = 28389.6, overlap = 9.28125
PHY-3001 : :::2::: Try harder cell spreading with beta_ = 0.000224568
PHY-3002 : Step(131): len = 28408.2, overlap = 12.8125
PHY-3002 : Step(132): len = 28408.2, overlap = 12.8125
PHY-3002 : Step(133): len = 28274.5, overlap = 10.4375
OPT-1001 : Start physical optimization ...
OPT-1001 : Total overflow 23.69 peak overflow 2.03
OPT-1001 : Start high-fanout net optimization ...
OPT-1001 : Update timing in global mode
PHY-1001 : Start incremental global routing, caller is place ...
RUN-1001 : Generating global routing grids ...
RUN-1001 : Building simple global routing graph ...
PHY-1001 : Generate routing nets ...
PHY-1001 : Reuse net number 0/755.
PHY-1001 : Global iterations in 16 thread ...
PHY-1002 : len = 36848, over cnt = 80(0%), over = 354, worst = 16
PHY-1001 : End global iterations;  0.060853s wall, 0.015625s user + 0.000000s system = 0.015625s CPU (25.7%)

PHY-1001 : Congestion index: top1 = 27.93, top5 = 13.53, top10 = 8.19, top15 = 5.85.
PHY-1001 : End incremental global routing;  0.121312s wall, 0.015625s user + 0.000000s system = 0.015625s CPU (12.9%)

RUN-1002 : start command "start_timer -report"
TMR-5001 WARNING: No sdc constraints found while initiating timer.
TMR-2505 : Start building timing graph for model top.
TMR-2506 : Build timing graph completely. Port num: 12, tpin num: 2923, tnet num: 753, tinst num: 550, tnode num: 3735, tedge num: 4837.
TMR-2508 : Levelizing timing graph completed, there are 25 levels in total.
TMR-2501 : Timing graph initialized successfully.
OPT-1001 : End timing update;  0.181018s wall, 0.218750s user + 0.000000s system = 0.218750s CPU (120.8%)

OPT-1001 : 0 high-fanout net processed.
OPT-1001 : End high-fanout net optimization;  0.313248s wall, 0.250000s user + 0.000000s system = 0.250000s CPU (79.8%)

OPT-1001 : Current memory(MB): used = 206, reserve = 180, peak = 206.
OPT-1001 : End physical optimization;  0.321924s wall, 0.250000s user + 0.000000s system = 0.250000s CPU (77.7%)

PHY-3001 : Start packing ...
SYN-4007 : Packing 0 MUX to BLE ...
SYN-4008 : Packed 0 MUX and 0 SEQ to BLE.
SYN-4007 : Packing 260 LUT to BLE ...
SYN-4008 : Packed 260 LUT and 123 SEQ to BLE.
SYN-4003 : Packing 76 remaining SEQ's ...
SYN-4005 : Packed 30 SEQ with LUT/SLICE
SYN-4006 : 115 single LUT's are left
SYN-4006 : 46 single SEQ's are left
SYN-4011 : Packing model "top" (AL_USER_NORMAL) with 306/539 primitive instances ...
PHY-3001 : End packing;  0.020513s wall, 0.000000s user + 0.015625s system = 0.015625s CPU (76.2%)

PHY-1001 : Populate physical database on model top.
RUN-1001 : There are total 264 instances
RUN-1001 : 117 mslices, 116 lslices, 19 pads, 8 brams, 0 dsps
RUN-1001 : There are total 636 nets
RUN-6004 WARNING: There are 12 nets with only 1 pin.
RUN-1001 : 358 nets have 2 pins
RUN-1001 : 182 nets have [3 - 5] pins
RUN-1001 : 39 nets have [6 - 10] pins
RUN-1001 : 37 nets have [11 - 20] pins
RUN-1001 : 5 nets have [21 - 99] pins
RUN-1001 : 3 nets have 100+ pins
PHY-3001 : design contains 262 instances, 233 slices, 9 macros(62 instances: 38 mslices 24 lslices)
PHY-3001 : Cell area utilization is 3%
PHY-3001 : After packing: Len = 28474, Over = 16.5
PHY-3001 : Run with size of 2
PHY-3001 : Cell area utilization is 3%
PHY-3001 : :::0::: Try harder cell spreading with beta_ = 3.23226e-05
PHY-3002 : Step(134): len = 28133, overlap = 18.5
PHY-3002 : Step(135): len = 28147.1, overlap = 18
PHY-3002 : Step(136): len = 28017.5, overlap = 17
PHY-3001 : :::1::: Try harder cell spreading with beta_ = 6.46451e-05
PHY-3002 : Step(137): len = 28078.9, overlap = 16.25
PHY-3002 : Step(138): len = 28078.9, overlap = 16.25
PHY-3001 : :::2::: Try harder cell spreading with beta_ = 0.00012929
PHY-3002 : Step(139): len = 28134.4, overlap = 15.75
PHY-3002 : Step(140): len = 28134.4, overlap = 15.75
PHY-3001 : Legalization ...
PHY-3001 : End legalization;  0.139164s wall, 0.000000s user + 0.031250s system = 0.031250s CPU (22.5%)

PHY-3001 : Trial Legalized: Len = 34440.6
PHY-3001 : Run with size of 2
PHY-3001 : Cell area utilization is 3%
PHY-3001 : :::0::: Try harder cell spreading with beta_ = 0
PHY-3002 : Step(141): len = 30776, overlap = 4
PHY-3002 : Step(142): len = 29379.5, overlap = 7.75
PHY-3002 : Step(143): len = 28977.6, overlap = 10.75
PHY-3002 : Step(144): len = 28761.9, overlap = 11.75
PHY-3002 : Step(145): len = 28542.6, overlap = 12.25
PHY-3001 : :::1::: Try harder cell spreading with beta_ = 6.10186e-05
PHY-3002 : Step(146): len = 28507.4, overlap = 11.25
PHY-3002 : Step(147): len = 28534.4, overlap = 11.5
PHY-3001 : :::2::: Try harder cell spreading with beta_ = 0.000122037
PHY-3002 : Step(148): len = 28579.8, overlap = 11
PHY-3002 : Step(149): len = 28579.8, overlap = 11
PHY-3001 : Legalization ...
PHY-3001 : End legalization;  0.004877s wall, 0.000000s user + 0.000000s system = 0.000000s CPU (n/a%)

PHY-3001 : Legalized: Len = 31422.6, Over = 0
PHY-3001 : Spreading special nets. 3 overflows in 2952 tiles.
PHY-3001 : End spreading;  0.003305s wall, 0.000000s user + 0.000000s system = 0.000000s CPU (n/a%)

PHY-3001 : 6 instances has been re-located, deltaX = 2, deltaY = 4, maxDist = 1.
PHY-3001 : Final: Len = 31552.6, Over = 0
OPT-1001 : Start physical optimization ...
OPT-1001 : Total overflow 0.00 peak overflow 0.00
OPT-1001 : Start high-fanout net optimization ...
OPT-1001 : Update timing in global mode
PHY-1001 : Start incremental global routing, caller is place ...
RUN-1001 : Generating global routing grids ...
PHY-1001 : Generate routing nets ...
PHY-1001 : Reuse net number 82/636.
PHY-1001 : Global iterations in 16 thread ...
PHY-1002 : len = 39688, over cnt = 77(0%), over = 141, worst = 5
PHY-1002 : len = 40496, over cnt = 37(0%), over = 51, worst = 4
PHY-1002 : len = 40824, over cnt = 9(0%), over = 12, worst = 4
PHY-1002 : len = 40744, over cnt = 5(0%), over = 5, worst = 1
PHY-1002 : len = 40824, over cnt = 0(0%), over = 0, worst = 0
PHY-1001 : End global iterations;  0.122711s wall, 0.031250s user + 0.000000s system = 0.031250s CPU (25.5%)

PHY-1001 : Congestion index: top1 = 25.41, top5 = 15.12, top10 = 9.48, top15 = 6.81.
PHY-1001 : End incremental global routing;  0.178873s wall, 0.062500s user + 0.000000s system = 0.062500s CPU (34.9%)

RUN-1002 : start command "start_timer -report"
TMR-5001 WARNING: No sdc constraints found while initiating timer.
TMR-2505 : Start building timing graph for model top.
TMR-2506 : Build timing graph completely. Port num: 12, tpin num: 2537, tnet num: 634, tinst num: 262, tnode num: 3161, tedge num: 4400.
TMR-2508 : Levelizing timing graph completed, there are 25 levels in total.
TMR-2501 : Timing graph initialized successfully.
OPT-1001 : End timing update;  0.162830s wall, 0.109375s user + 0.000000s system = 0.109375s CPU (67.2%)

OPT-1001 : 0 high-fanout net processed.
OPT-1001 : End high-fanout net optimization;  0.352635s wall, 0.187500s user + 0.000000s system = 0.187500s CPU (53.2%)

OPT-1001 : Current memory(MB): used = 209, reserve = 182, peak = 209.
OPT-1001 : Update timing in Manhattan mode
OPT-1001 : End timing update;  0.000748s wall, 0.000000s user + 0.000000s system = 0.000000s CPU (n/a%)

OPT-1001 : Start pin optimization...
OPT-1001 : skip pin optimization...
RUN-1001 : Generating global routing grids ...
PHY-1001 : Generate routing nets ...
PHY-1001 : Reuse net number 528/636.
PHY-1001 : Global iterations in 16 thread ...
PHY-1002 : len = 40824, over cnt = 0(0%), over = 0, worst = 0
PHY-1001 : End global iterations;  0.005815s wall, 0.000000s user + 0.000000s system = 0.000000s CPU (n/a%)

PHY-1001 : Congestion index: top1 = 25.41, top5 = 15.12, top10 = 9.48, top15 = 6.81.
OPT-1001 : Update timing in Manhattan mode
OPT-1001 : End timing update;  0.000960s wall, 0.000000s user + 0.000000s system = 0.000000s CPU (n/a%)

RUN-1001 : QoR Analysis:
OPT-0007 :   WNS 2147483647 TNS 0 NUM_FEPS 0
RUN-1001 :   No local congestion issue, and most congested 1% tile average routing util is 25.034483
RUN-1001 :   Top critical paths
OPT-1001 : End physical optimization;  0.420995s wall, 0.234375s user + 0.015625s system = 0.250000s CPU (59.4%)

RUN-1003 : finish command "place" in  5.799209s wall, 1.406250s user + 0.796875s system = 2.203125s CPU (38.0%)

RUN-1004 : used memory is 193 MB, reserved memory is 167 MB, peak memory is 210 MB
RUN-1002 : start command "export_db adc_place.db"
RUN-1001 : Exported /
RUN-1001 : Exported flow parameters
RUN-1001 : Exported libs
RUN-1001 : Exported entities
RUN-1001 : Exported ports
RUN-1001 : Exported pins
RUN-1001 : Exported instances
RUN-1001 : Exported nets
RUN-1001 : Exported buses
RUN-1001 : Exported models
RUN-1001 : Exported congestions
RUN-1001 : Exported violations
RUN-1001 : Exported IO constraints
RUN-1001 : Exported Inst constraints
RUN-1002 : start command "route"
RUN-1001 : Open license file C:/Anlogic/TD5.6.6910.2/license/Anlogic.lic
RUN-1001 : Print Global Property
RUN-1001 : ---------------------------------------------------------------
RUN-1001 :        Parameters        |  Settings  |  Default Values  |  Note  
RUN-1001 : ---------------------------------------------------------------
RUN-1001 :          message         |  standard  |     standard     |        
RUN-1001 :   mixed_pack_place_flow  |     on     |        on        |        
RUN-1001 :        qor_monitor       |    off     |       off        |        
RUN-1001 :        syn_ip_flow       |    off     |       off        |        
RUN-1001 :          thread          |    auto    |       auto       |        
RUN-1001 : ---------------------------------------------------------------
RUN-1001 : Print Route Property
RUN-1001 : -------------------------------------------------------
RUN-1001 :    Parameters    |  Settings  |  Default Values  |  Note  
RUN-1001 : -------------------------------------------------------
RUN-1001 :      effort      |   medium   |      medium      |        
RUN-1001 :     fix_hold     |    off     |       off        |        
RUN-1001 :    opt_timing    |   medium   |      medium      |        
RUN-1001 :   phy_sim_model  |    off     |       off        |        
RUN-1001 :     priority     |   timing   |      timing      |        
RUN-1001 :     swap_pin     |     on     |        on        |        
RUN-1001 : -------------------------------------------------------
PHY-1001 : Route runs in 16 thread(s)
RUN-1001 : There are total 264 instances
RUN-1001 : 117 mslices, 116 lslices, 19 pads, 8 brams, 0 dsps
RUN-1001 : There are total 636 nets
RUN-6004 WARNING: There are 12 nets with only 1 pin.
RUN-1001 : 358 nets have 2 pins
RUN-1001 : 182 nets have [3 - 5] pins
RUN-1001 : 39 nets have [6 - 10] pins
RUN-1001 : 37 nets have [11 - 20] pins
RUN-1001 : 5 nets have [21 - 99] pins
RUN-1001 : 3 nets have 100+ pins
RUN-1002 : start command "start_timer -report"
TMR-5001 WARNING: No sdc constraints found while initiating timer.
TMR-2505 : Start building timing graph for model top.
TMR-2506 : Build timing graph completely. Port num: 12, tpin num: 2537, tnet num: 634, tinst num: 262, tnode num: 3161, tedge num: 4400.
TMR-2508 : Levelizing timing graph completed, there are 25 levels in total.
TMR-2501 : Timing graph initialized successfully.
PHY-1001 : 117 mslices, 116 lslices, 19 pads, 8 brams, 0 dsps
TMR-2503 : Start to update net delay, extr mode = 3.
TMR-2504 : Update delay of 634 nets completely.
TMR-2502 : Annotate delay completely, extr mode = 3.
TMR-3002 : No user constraint, initiate default constraint.
TMR-1501 : Assign derive clock DeriveClock to 310 clock pins, and constraint 624 relative nodes.
TMR-3003 : Constraints initiated successfully.
TMR-3501 : Forward propagation: start to calculate arrival time...
TMR-3502 : Backward propagation: start to calculate required time...
TMR-3503 : Timing propagation completes.
PHY-1001 : Start global routing, caller is route ...
RUN-1001 : Generating global routing grids ...
PHY-1001 : Generate routing nets ...
PHY-1001 : Global iterations in 16 thread ...
PHY-1002 : len = 39360, over cnt = 71(0%), over = 129, worst = 5
PHY-1002 : len = 40208, over cnt = 38(0%), over = 54, worst = 3
PHY-1002 : len = 40736, over cnt = 1(0%), over = 1, worst = 1
PHY-1002 : len = 40752, over cnt = 0(0%), over = 0, worst = 0
PHY-1001 : End global iterations;  0.116326s wall, 0.015625s user + 0.000000s system = 0.015625s CPU (13.4%)

PHY-1001 : Congestion index: top1 = 25.86, top5 = 15.08, top10 = 9.48, top15 = 6.80.
PHY-1001 : End global routing;  0.173885s wall, 0.046875s user + 0.015625s system = 0.062500s CPU (35.9%)

PHY-1001 : Start detail routing ...
PHY-1001 : Current memory(MB): used = 234, reserve = 208, peak = 281.
PHY-1001 : Detailed router is running in normal mode.
PHY-1001 : Generate detailed routing grids ...
PHY-1001 : Generate nets ...
PHY-1001 : net clk_dup_3 will be routed on clock mesh
PHY-5010 WARNING: Net data_in[7]_dup_3 is skipped due to 0 input or output
PHY-5010 WARNING: Net data_in[6]_dup_3 is skipped due to 0 input or output
PHY-5010 WARNING: Net data_in[5]_dup_3 is skipped due to 0 input or output
PHY-5010 WARNING: Net data_in[4]_dup_3 is skipped due to 0 input or output
PHY-5010 WARNING: Net data_in[3]_dup_3 is skipped due to 0 input or output
PHY-5010 WARNING: Net data_in[2]_dup_3 is skipped due to 0 input or output
PHY-5010 WARNING: Net data_in[1]_dup_3 is skipped due to 0 input or output
PHY-5010 WARNING: Net data_in[0]_dup_3 is skipped due to 0 input or output
PHY-5010 WARNING: Net key1_dup_3 is skipped due to 0 input or output
PHY-1001 : clock net adc/clk_adc_syn_4 will be merged with clock adc/clk_adc
PHY-5010 WARNING: Net type/depth[10] is skipped due to 0 input or output
PHY-5010 Similar messages will be suppressed.
PHY-1001 : Current memory(MB): used = 502, reserve = 480, peak = 502.
PHY-1001 : End build detailed router design. 4.051152s wall, 3.828125s user + 0.046875s system = 3.875000s CPU (95.7%)

PHY-1001 : Detail Route ...
PHY-1001 : ===== Detail Route Phase 1 =====
PHY-1001 : Clock net routing.....
PHY-1001 : Routed 0% nets.
PHY-1022 : len = 13624, over cnt = 0(0%), over = 0, worst = 0, crit = 0
PHY-1001 : End initial clock net routed; 0.671047s wall, 0.656250s user + 0.000000s system = 0.656250s CPU (97.8%)

PHY-1001 : Current memory(MB): used = 534, reserve = 513, peak = 534.
PHY-1001 : End phase 1; 0.684480s wall, 0.656250s user + 0.000000s system = 0.656250s CPU (95.9%)

PHY-1001 : ===== Detail Route Phase 2 =====
PHY-1001 : Initial routing.....
PHY-1001 : Routed 33% nets.
PHY-1001 : Routed 40% nets.
PHY-1001 : Routed 50% nets.
PHY-1001 : Routed 63% nets.
PHY-1001 : Routed 86% nets.
PHY-1022 : len = 123600, over cnt = 19(0%), over = 19, worst = 1, crit = 0
PHY-1001 : Current memory(MB): used = 534, reserve = 513, peak = 534.
PHY-1001 : End initial routed; 5.306359s wall, 4.921875s user + 0.015625s system = 4.937500s CPU (93.0%)

PHY-1001 : Current memory(MB): used = 534, reserve = 513, peak = 534.
PHY-1001 : End phase 2; 5.306426s wall, 4.921875s user + 0.015625s system = 4.937500s CPU (93.0%)

PHY-1001 : ===== Detail Route Phase 3 =====
PHY-1001 : Ripup-reroute.....
PHY-1001 : ===== DR Iter 1 =====
PHY-1022 : len = 123456, over cnt = 6(0%), over = 6, worst = 1, crit = 0
PHY-1001 : End DR Iter 1; 0.049131s wall, 0.015625s user + 0.000000s system = 0.015625s CPU (31.8%)

PHY-1001 : ===== DR Iter 2 =====
PHY-1022 : len = 123488, over cnt = 0(0%), over = 0, worst = 0, crit = 0
PHY-1001 : End DR Iter 2; 0.026954s wall, 0.000000s user + 0.000000s system = 0.000000s CPU (n/a%)

PHY-1001 : Commit to database.....
PHY-1001 : 6 feed throughs used by 6 nets
PHY-1001 : End commit to database; 0.098307s wall, 0.093750s user + 0.000000s system = 0.093750s CPU (95.4%)

PHY-1001 : Current memory(MB): used = 545, reserve = 524, peak = 545.
PHY-1001 : End phase 3; 0.298679s wall, 0.218750s user + 0.000000s system = 0.218750s CPU (73.2%)

PHY-1003 : Routed, final wirelength = 123488
PHY-1001 : Current memory(MB): used = 545, reserve = 524, peak = 545.
PHY-1001 : End export database. 0.013234s wall, 0.015625s user + 0.000000s system = 0.015625s CPU (118.1%)

PHY-1001 : End detail routing;  10.605658s wall, 9.875000s user + 0.062500s system = 9.937500s CPU (93.7%)

RUN-1003 : finish command "route" in  11.027773s wall, 10.140625s user + 0.078125s system = 10.218750s CPU (92.7%)

RUN-1004 : used memory is 477 MB, reserved memory is 455 MB, peak memory is 545 MB
RUN-1002 : start command "report_area -io_info -file adc_phy.area"
RUN-1001 : standard
***Report Model: top Device: EG4S20NG88***

IO Statistics
#IO                        19
  #input                   14
  #output                   5
  #inout                    0

Utilization Statistics
#lut                      395   out of  19600    2.02%
#reg                      206   out of  19600    1.05%
#le                       441
  #lut only               235   out of    441   53.29%
  #reg only                46   out of    441   10.43%
  #lut&reg                160   out of    441   36.28%
#dsp                        0   out of     29    0.00%
#bram                       0   out of     64    0.00%
  #bram9k                   0
  #fifo9k                   0
#bram32k                    8   out of     16   50.00%
#pad                       19   out of     66   28.79%
  #ireg                    10
  #oreg                     5
  #treg                     0
#pll                        0   out of      4    0.00%
#gclk                       1   out of     16    6.25%

Clock Resource Statistics
Index     ClockNet       Type               DriverType         Driver                  Fanout
#1        clk_dup_3      GCLK               io                 clk_syn_4.di            147
#2        adc/clk_adc    GCLK               lslice             type/sel3_syn_871.q0    8


Detailed IO Report

     Name       Direction    Location    IOStandard    DriveStrength    PullType    PackReg  
     clk          INPUT        P34        LVCMOS25          N/A          PULLUP      NONE    
  data_in[7]      INPUT         P2        LVCMOS25          N/A          PULLUP      IREG    
  data_in[6]      INPUT         P3        LVCMOS25          N/A          PULLUP      IREG    
  data_in[5]      INPUT         P4        LVCMOS25          N/A          PULLUP      IREG    
  data_in[4]      INPUT         P5        LVCMOS25          N/A          PULLUP      IREG    
  data_in[3]      INPUT        P10        LVCMOS25          N/A          PULLUP      IREG    
  data_in[2]      INPUT        P11        LVCMOS25          N/A          PULLUP      IREG    
  data_in[1]      INPUT        P12        LVCMOS25          N/A          PULLUP      IREG    
  data_in[0]      INPUT        P13        LVCMOS25          N/A          PULLUP      IREG    
     eoc          INPUT        P60        LVCMOS25          N/A          PULLUP      NONE    
     key1         INPUT        P50        LVCMOS25          N/A          PULLUP      NONE    
     key2         INPUT        P30        LVCMOS25          N/A           N/A        IREG    
   reset_n        INPUT        P55        LVCMOS25          N/A          PULLUP      NONE    
   uart_rxd       INPUT        P54        LVCMOS25          N/A          PULLUP      IREG    
   adc_clk       OUTPUT        P57        LVCMOS25           8            NONE       OREG    
     ale         OUTPUT        P23        LVCMOS25           8            N/A        OREG    
      oe         OUTPUT        P86        LVCMOS25           8            NONE       OREG    
    start        OUTPUT        P59        LVCMOS25           8            NONE       OREG    
   uart_txd      OUTPUT        P52        LVCMOS25           8            NONE       OREG    

Report Hierarchy Area:
+------------------------------------------------------------------------------------+
|Instance       |Module         |le     |lut     |ripple  |seq     |bram    |dsp     |
+------------------------------------------------------------------------------------+
|top            |top            |441    |333     |62      |221     |8       |0       |
|  adc          |adc_ctrl       |10     |10      |0       |10      |0       |0       |
|  fifo_list    |fifo_ctrl      |149    |77      |40      |59      |8       |0       |
|    fifo_list  |fifo           |124    |60      |32      |51      |8       |0       |
|      ram_inst |ram_infer_fifo |0      |0       |0       |0       |8       |0       |
|  rx           |uart_rx        |57     |51      |6       |33      |0       |0       |
|  tx           |uart_tx        |110    |88      |8       |37      |0       |0       |
|  type         |type_choice    |115    |107     |8       |67      |0       |0       |
+------------------------------------------------------------------------------------+


DataNet Average Fanout:

   Index     Fanout     Nets  
    #1          1       339   
    #2          2       114   
    #3          3        45   
    #4          4        23   
    #5        5-10       40   
    #6        11-50      39   
    #7       101-500     1    
  Average     2.82            

RUN-1002 : start command "export_db adc_pr.db"
RUN-1001 : Exported /
RUN-1001 : Exported flow parameters
RUN-1001 : Exported libs
RUN-1001 : Exported entities
RUN-1001 : Exported ports
RUN-1001 : Exported pins
RUN-1001 : Exported instances
RUN-1001 : Exported nets
RUN-1001 : Exported buses
RUN-1001 : Exported models
RUN-1001 : Exported congestions
RUN-1001 : Exported violations
RUN-1001 : Exported IO constraints
RUN-1001 : Exported Inst constraints
RUN-1002 : start command "export_bid adc_inst.bid"
PRG-1000 : <!-- HMAC is: 472ed013824fb98f35de671d7403ac1531bad2ab14e68db4884b0d0714f1e149 -->
RUN-1002 : start command "bitgen -bit adc.bit"
BIT-1003 : Start to generate bitstream. 
BIT-1002 : Init instances with 16 threads.
BIT-1002 : Init instances completely, inst num: 262
BIT-1002 : Init pips with 16 threads.
BIT-1002 : Init pips completely, net num: 636, pip num: 6772
BIT-1002 : Init feedthrough completely, num: 6
BIT-1003 : Multithreading accelaration with 16 threads.
BIT-1003 : Generate bitstream completely, there are 1159 valid insts, and 17715 bits set as '1'.
BIT-1004 : the usercode register value: 00000000100011010000000000000000
BIT-1004 : PLL setting string = 0000
BIT-1004 : Generate bits file adc.bit.
RUN-1003 : finish command "bitgen -bit adc.bit" in  2.255750s wall, 9.140625s user + 0.109375s system = 9.250000s CPU (410.1%)

RUN-1004 : used memory is 499 MB, reserved memory is 477 MB, peak memory is 681 MB
RUN-1002 : start command "backup_run_log run.log ../.logs/phy_1/td_20230307_233703.log"
