============================================================
   Tang Dynasty, V5.6.56362
   Copyright (c) 2012-2022 Anlogic
   Executable = C:/Anlogic/TD5.6.56362/bin/td.exe
   Built at =   19:51:00 Jul 25 2022
   Run by =     shaka
   Run Date =   Sun Mar  5 16:15:53 2023

   Run on =     BR007
============================================================
RUN-1002 : start command "open_project adc.prj"
RUN-1001 : Print Global Property
RUN-1001 : ---------------------------------------------------------------
RUN-1001 :        Parameters        |  Settings  |  Default Values  |  Note  
RUN-1001 : ---------------------------------------------------------------
RUN-1001 :          message         |  standard  |     standard     |        
RUN-1001 :   mixed_pack_place_flow  |     on     |        on        |        
RUN-1001 :        syn_ip_flow       |    off     |       off        |        
RUN-1001 :          thread          |    auto    |       auto       |        
RUN-1001 : ---------------------------------------------------------------
RUN-1001 : Print Design Property
RUN-1001 : --------------------------------------------------------------
RUN-1001 :        Parameters       |  Settings  |  Default Values  |  Note  
RUN-1001 : --------------------------------------------------------------
RUN-1001 :   default_reg_initial   |    auto    |       auto       |        
RUN-1001 :        infer_add        |     on     |        on        |        
RUN-1001 :        infer_fsm        |    off     |       off        |        
RUN-1001 :        infer_mult       |     on     |        on        |        
RUN-1001 :        infer_ram        |     on     |        on        |        
RUN-1001 :        infer_reg        |     on     |        on        |        
RUN-1001 :   infer_reg_init_value  |     on     |        on        |        
RUN-1001 :        infer_rom        |     on     |        on        |        
RUN-1001 :      infer_shifter      |     on     |        on        |        
RUN-1001 : --------------------------------------------------------------
RUN-1001 : Print Rtl Property
RUN-1001 : --------------------------------------------------------------
RUN-1001 :        Parameters       |  Settings  |  Default Values  |  Note  
RUN-1001 : --------------------------------------------------------------
RUN-1001 :       compress_add      |   ripple   |      ripple      |        
RUN-1001 :        elf_sload        |    off     |       off        |        
RUN-1001 :       fix_undriven      |     0      |        0         |        
RUN-1001 :         flatten         |    off     |       off        |        
RUN-1001 :       gate_sharing      |     on     |        on        |        
RUN-1001 :    hdl_warning_level    |   normal   |      normal      |        
RUN-1001 :   impl_internal_tribuf  |     on     |        on        |        
RUN-1001 :      impl_set_reset     |     on     |        on        |        
RUN-1001 :        infer_gsr        |    off     |       off        |        
RUN-1001 :      keep_hierarchy     |    auto    |       auto       |        
RUN-1001 :        max_fanout       |    9999    |       9999       |        
RUN-1001 :      max_oh2bin_len     |     10     |        10        |        
RUN-1001 :       merge_equal       |     on     |        on        |        
RUN-1001 :       merge_equiv       |     on     |        on        |        
RUN-1001 :        merge_mux        |    off     |       off        |        
RUN-1001 :     min_control_set     |     8      |        8         |        
RUN-1001 :      min_ripple_len     |    auto    |       auto       |        
RUN-1001 :       oh2bin_ratio      |    0.08    |       0.08       |        
RUN-1001 :     opt_adder_fanout    |     on     |        on        |        
RUN-1001 :        opt_arith        |     on     |        on        |        
RUN-1001 :       opt_big_gate      |    off     |       off        |        
RUN-1001 :        opt_const        |     on     |        on        |        
RUN-1001 :      opt_const_mult     |     on     |        on        |        
RUN-1001 :       opt_lessthan      |     on     |        on        |        
RUN-1001 :         opt_mux         |    off     |       off        |        
RUN-1001 :         opt_ram         |    high    |       high       |        
RUN-1001 :      rtl_sim_model      |    off     |       off        |        
RUN-1001 :         seq_syn         |     on     |        on        |        
RUN-1001 : --------------------------------------------------------------
HDL-1007 : analyze verilog file ../../../Core/fifo.v
HDL-1007 : analyze verilog file ../../../Src/top.v
HDL-1007 : undeclared symbol 'valid', assumed default net type 'wire' in ../../../Src/top.v(37)
HDL-1007 : undeclared symbol 'fifo_out', assumed default net type 'wire' in ../../../Src/top.v(47)
HDL-1007 : undeclared symbol 'data_vld', assumed default net type 'wire' in ../../../Src/top.v(48)
HDL-1007 : undeclared symbol 'out_en', assumed default net type 'wire' in ../../../Src/top.v(49)
HDL-1007 : undeclared symbol 'adc_en', assumed default net type 'wire' in ../../../Src/top.v(57)
HDL-1007 : undeclared symbol 'data', assumed default net type 'wire' in ../../../Src/top.v(63)
HDL-1007 : undeclared symbol 'data_en', assumed default net type 'wire' in ../../../Src/top.v(64)
HDL-1007 : undeclared symbol 'depth', assumed default net type 'wire' in ../../../Src/top.v(77)
HDL-1007 : undeclared symbol 'over', assumed default net type 'wire' in ../../../Src/top.v(79)
HDL-1007 : undeclared symbol 'fifo_working', assumed default net type 'wire' in ../../../Src/top.v(80)
HDL-1007 : undeclared symbol 'condition', assumed default net type 'wire' in ../../../Src/top.v(95)
HDL-1007 : analyze verilog file ../../../Src/uart_rx.v
HDL-1007 : analyze verilog file ../../../Src/uart_tx.v
HDL-1007 : analyze verilog file ../../../Src/adc_ctrl.v
HDL-1007 : analyze verilog file ../../../Src/type_choice.v
HDL-1007 : analyze verilog file ../../../Src/fifo_ctrl.v
HDL-1007 : undeclared symbol 'data_in', assumed default net type 'wire' in ../../../Src/fifo_ctrl.v(124)
HDL-1007 : undeclared symbol 'data_out', assumed default net type 'wire' in ../../../Src/fifo_ctrl.v(125)
HDL-1007 : undeclared symbol 'empty_flag', assumed default net type 'wire' in ../../../Src/fifo_ctrl.v(129)
HDL-1007 : undeclared symbol 'wrusedw', assumed default net type 'wire' in ../../../Src/fifo_ctrl.v(130)
RUN-1001 : Project manager successfully analyzed 7 source files.
RUN-1002 : start command "import_device eagle_s20.db -package EG4S20NG88"
ARC-1001 : Device Initialization.
ARC-1001 : ---------------------------------------------------------------
ARC-1001 :            OPTION            |        IO         |   SETTING   
ARC-1001 : ---------------------------------------------------------------
ARC-1001 :   cso_b/cclk/mosi/miso/dout  |  P69/P82/P81/P80  |    gpio    
ARC-1001 :             done             |        P8         |    gpio    
ARC-1001 :           program_b          |        P67        |  dedicate  
ARC-1001 :        tdi/tms/tck/tdo       |  P25/P22/P26/P21  |  dedicate  
ARC-1001 : ---------------------------------------------------------------
ARC-1004 : Device setting, marked 5 dedicate IOs in total.
RUN-1002 : start command "import_db ../syn_1/adc_gate.db"
RUN-1001 : Importing database generated by Tang Dynasty, V5.6.56362.
RUN-1001 : Database version number 46140.
RUN-1001 : Import flow parameters
RUN-1001 : Import timing constraints
RUN-1001 : Import IO constraints
RUN-1001 : Import Inst constraints
RUN-1001 : Import design success TD_VERSION=5.6.56362 , DB_VERSION=46140
RUN-1002 : start command "read_sdc"
USR-1002 : read_sdc file_name -help -h -eco
USR-1009 : NO module with IP_SDC ...
RUN-1104 : Import SDC file  finished, there are 0 nets kept by constraints.
RUN-1002 : start command "config_chipwatcher ../../../Debug/adc.cwc -dir "
RUN-1002 : start command "legalize_phy_inst"
SYN-1011 : Flatten model top
KIT-1004 : ChipWatcher: import watcher inst auto_chipwatcher_0 completed, there are 4 view nodes, 11 trigger nets, 11 data nets.
KIT-1004 : Chipwatcher code = 1111010101110100
RUN-1002 : start command "compile_watcher"
RUN-1002 : start command "read_verilog -no_sch -dir C:/Anlogic/TD5.6.56362/cw/ -file adc_watcherInst.sv -lib cw -top CW_TOP_WRAPPER"
HDL-1007 : analyze verilog file C:/Anlogic/TD5.6.56362/cw\bus_det.v
HDL-1007 : analyze verilog file C:/Anlogic/TD5.6.56362/cw\bus_top.sv
HDL-1007 : analyze verilog file C:/Anlogic/TD5.6.56362/cw\cfg_int.v
HDL-1007 : analyze verilog file C:/Anlogic/TD5.6.56362/cw\cwc_cfg_int.v
HDL-1007 : analyze verilog file C:/Anlogic/TD5.6.56362/cw\cwc_top.sv
HDL-1007 : analyze verilog file C:/Anlogic/TD5.6.56362/cw\detect_bus.v
HDL-1007 : analyze verilog file C:/Anlogic/TD5.6.56362/cw\detect_non_bus.v
HDL-1007 : analyze verilog file C:/Anlogic/TD5.6.56362/cw\emb_ctrl.v
HDL-1007 : analyze verilog file C:/Anlogic/TD5.6.56362/cw\register.v
HDL-1007 : analyze verilog file C:/Anlogic/TD5.6.56362/cw\tap.v
HDL-1007 : analyze verilog file C:/Anlogic/TD5.6.56362/cw\trigger.sv
HDL-1007 : analyze verilog file adc_watcherInst.sv
HDL-1007 : elaborate module CW_TOP_WRAPPER in adc_watcherInst.sv(1)
HDL-1007 : elaborate module cwc_top(BUS_NUM=4,BUS_DIN_NUM=11,BUS_CTRL_NUM=38,BUS_WIDTH='{32'sb01,32'sb01,32'sb01,32'sb01000},BUS_DIN_POS='{32'sb0,32'sb01,32'sb010,32'sb011},BUS_CTRL_POS='{32'sb0,32'sb0110,32'sb01100,32'sb010010}) in C:/Anlogic/TD5.6.56362/cw\cwc_top.sv(21)
HDL-1007 : elaborate module cwc_cfg_int(CTRL_REG_LEN=60) in C:/Anlogic/TD5.6.56362/cw\cwc_cfg_int.v(21)
HDL-1007 : elaborate module register(CTRL_REG_LEN=60) in C:/Anlogic/TD5.6.56362/cw\register.v(21)
HDL-1007 : elaborate module tap in C:/Anlogic/TD5.6.56362/cw\tap.v(21)
HDL-1007 : elaborate module trigger(BUS_NUM=4,BUS_DIN_NUM=11,BUS_CTRL_NUM=38,BUS_WIDTH='{32'sb01,32'sb01,32'sb01,32'sb01000},BUS_DIN_POS='{32'sb0,32'sb01,32'sb010,32'sb011},BUS_CTRL_POS='{32'sb0,32'sb0110,32'sb01100,32'sb010010}) in C:/Anlogic/TD5.6.56362/cw\trigger.sv(21)
HDL-1007 : elaborate module bus_top(BUS_NODE_NUM=4,BUS_DIN_NUM=11,BUS_CTRL_NUM=38,BUS_WIDTH='{32'sb01,32'sb01,32'sb01,32'sb01000},BUS_DIN_POS='{32'sb0,32'sb01,32'sb010,32'sb011},BUS_CTRL_POS='{32'sb0,32'sb0110,32'sb01100,32'sb010010}) in C:/Anlogic/TD5.6.56362/cw\bus_top.sv(22)
HDL-1007 : elaborate module bus_det(BUS_WIDTH=32'sb01) in C:/Anlogic/TD5.6.56362/cw\bus_det.v(21)
HDL-1007 : elaborate module bus_det(BUS_WIDTH=32'sb01000) in C:/Anlogic/TD5.6.56362/cw\bus_det.v(21)
HDL-1007 : elaborate module emb_ctrl in C:/Anlogic/TD5.6.56362/cw\emb_ctrl.v(21)
HDL-1200 : Current top model is CW_TOP_WRAPPER
HDL-1100 : Inferred 0 RAMs.
RUN-1002 : start command "force_keep -a auto_chipwatcher_0_logicbram"
RUN-1002 : start command "optimize_rtl -no_sch"
RUN-1001 : Open license file C:/Anlogic/TD5.6.56362/license/Anlogic.lic
RUN-1001 : Print Global Property
RUN-1001 : ---------------------------------------------------------------
RUN-1001 :        Parameters        |  Settings  |  Default Values  |  Note  
RUN-1001 : ---------------------------------------------------------------
RUN-1001 :          message         |  standard  |     standard     |        
RUN-1001 :   mixed_pack_place_flow  |     on     |        on        |        
RUN-1001 :        syn_ip_flow       |    off     |       off        |        
RUN-1001 :          thread          |    auto    |       auto       |        
RUN-1001 : ---------------------------------------------------------------
RUN-1001 : Print Rtl Property
RUN-1001 : --------------------------------------------------------------
RUN-1001 :        Parameters       |  Settings  |  Default Values  |  Note  
RUN-1001 : --------------------------------------------------------------
RUN-1001 :       compress_add      |   ripple   |      ripple      |        
RUN-1001 :        elf_sload        |    off     |       off        |        
RUN-1001 :       fix_undriven      |     0      |        0         |        
RUN-1001 :         flatten         |    off     |       off        |        
RUN-1001 :       gate_sharing      |     on     |        on        |        
RUN-1001 :    hdl_warning_level    |   normal   |      normal      |        
RUN-1001 :   impl_internal_tribuf  |     on     |        on        |        
RUN-1001 :      impl_set_reset     |     on     |        on        |        
RUN-1001 :        infer_gsr        |    off     |       off        |        
RUN-1001 :      keep_hierarchy     |    auto    |       auto       |        
RUN-1001 :        max_fanout       |    9999    |       9999       |        
RUN-1001 :      max_oh2bin_len     |     10     |        10        |        
RUN-1001 :       merge_equal       |     on     |        on        |        
RUN-1001 :       merge_equiv       |     on     |        on        |        
RUN-1001 :        merge_mux        |    off     |       off        |        
RUN-1001 :     min_control_set     |     8      |        8         |        
RUN-1001 :      min_ripple_len     |    auto    |       auto       |        
RUN-1001 :       oh2bin_ratio      |    0.08    |       0.08       |        
RUN-1001 :     opt_adder_fanout    |     on     |        on        |        
RUN-1001 :        opt_arith        |     on     |        on        |        
RUN-1001 :       opt_big_gate      |    off     |       off        |        
RUN-1001 :        opt_const        |     on     |        on        |        
RUN-1001 :      opt_const_mult     |     on     |        on        |        
RUN-1001 :       opt_lessthan      |     on     |        on        |        
RUN-1001 :         opt_mux         |    off     |       off        |        
RUN-1001 :         opt_ram         |    high    |       high       |        
RUN-1001 :      rtl_sim_model      |    off     |       off        |        
RUN-1001 :         seq_syn         |     on     |        on        |        
RUN-1001 : --------------------------------------------------------------
SYN-1012 : SanityCheck: Model "top"
SYN-1012 : SanityCheck: Model "CW_TOP_WRAPPER"
SYN-1012 : SanityCheck: Model "cwc_top(BUS_NUM=4,BUS_DIN_NUM=11,BUS_CTRL_NUM=38,BUS_WIDTH='{32'sb01,32'sb01,32'sb01,32'sb01000},BUS_DIN_POS='{32'sb0,32'sb01,32'sb010,32'sb011},BUS_CTRL_POS='{32'sb0,32'sb0110,32'sb01100,32'sb010010})"
SYN-1012 : SanityCheck: Model "cwc_cfg_int(CTRL_REG_LEN=60)"
SYN-1012 : SanityCheck: Model "register(CTRL_REG_LEN=60)"
SYN-1012 : SanityCheck: Model "tap"
SYN-1012 : SanityCheck: Model "trigger(BUS_NUM=4,BUS_DIN_NUM=11,BUS_CTRL_NUM=38,BUS_WIDTH='{32'sb01,32'sb01,32'sb01,32'sb01000},BUS_DIN_POS='{32'sb0,32'sb01,32'sb010,32'sb011},BUS_CTRL_POS='{32'sb0,32'sb0110,32'sb01100,32'sb010010})"
SYN-1012 : SanityCheck: Model "bus_top(BUS_NODE_NUM=4,BUS_DIN_NUM=11,BUS_CTRL_NUM=38,BUS_WIDTH='{32'sb01,32'sb01,32'sb01,32'sb01000},BUS_DIN_POS='{32'sb0,32'sb01,32'sb010,32'sb011},BUS_CTRL_POS='{32'sb0,32'sb0110,32'sb01100,32'sb010010})"
SYN-1012 : SanityCheck: Model "bus_det(BUS_WIDTH=32'sb01)"
SYN-1012 : SanityCheck: Model "bus_det(BUS_WIDTH=32'sb01000)"
SYN-1012 : SanityCheck: Model "emb_ctrl"
SYN-1011 : Flatten model top
SYN-1032 : 1479/16 useful/useless nets, 826/6 useful/useless insts
SYN-1016 : Merged 24 instances.
SYN-1032 : 1300/6 useful/useless nets, 1106/6 useful/useless insts
SYN-1014 : Optimize round 1
SYN-1032 : 1284/16 useful/useless nets, 1094/12 useful/useless insts
SYN-1021 : Optimized 1 onehot mux instances.
SYN-1020 : Optimized 1 distributor mux.
SYN-1019 : Optimized 1 mux instances.
SYN-1015 : Optimize round 1, 258 better
SYN-1014 : Optimize round 2
SYN-1032 : 1131/15 useful/useless nets, 941/16 useful/useless insts
SYN-1015 : Optimize round 2, 32 better
SYN-1014 : Optimize round 3
SYN-1015 : Optimize round 3, 0 better
RUN-1002 : start command "optimize_gate -no_sch"
RUN-1001 : Open license file C:/Anlogic/TD5.6.56362/license/Anlogic.lic
RUN-1001 : Print Global Property
RUN-1001 : ---------------------------------------------------------------
RUN-1001 :        Parameters        |  Settings  |  Default Values  |  Note  
RUN-1001 : ---------------------------------------------------------------
RUN-1001 :          message         |  standard  |     standard     |        
RUN-1001 :   mixed_pack_place_flow  |     on     |        on        |        
RUN-1001 :        syn_ip_flow       |    off     |       off        |        
RUN-1001 :          thread          |    auto    |       auto       |        
RUN-1001 : ---------------------------------------------------------------
RUN-1001 : Print Gate Property
RUN-1001 : ------------------------------------------------------------------
RUN-1001 :          Parameters         |  Settings  |  Default Values  |  Note  
RUN-1001 : ------------------------------------------------------------------
RUN-1001 :         cascade_dsp         |    off     |       off        |        
RUN-1001 :         cascade_eram        |    off     |       off        |        
RUN-1001 :        gate_sim_model       |    off     |       off        |        
RUN-1001 :        map_sim_model        |    off     |       off        |        
RUN-1001 :         map_strategy        |     1      |        1         |        
RUN-1001 :           opt_area          |   medium   |      medium      |        
RUN-1001 :          opt_timing         |    auto    |       auto       |        
RUN-1001 :         pack_effort         |   medium   |      medium      |        
RUN-1001 :      pack_lslice_ripple     |     on     |        on        |        
RUN-1001 :   pack_lslice_ripple_ratio  |    0.5     |       0.5        |        
RUN-1001 :        pack_seq_in_io       |    auto    |       auto       |        
RUN-1001 :        ph1_mux_ratio        |    1.0     |       1.0        |        
RUN-1001 :            report           |  standard  |     standard     |        
RUN-1001 :           retiming          |    off     |       off        |        
RUN-1001 : ------------------------------------------------------------------
SYN-2001 : Map 19 IOs to PADs
RUN-1002 : start command "update_pll_param -module top"
SYN-2501 : Processed 0 LOGIC_BUF instances.
SYN-2512 : LOGIC BRAM "auto_chipwatcher_0_logicbram"
SYN-2571 : Optimize after map_dsp, round 1
SYN-1032 : 1143/79 useful/useless nets, 962/16 useful/useless insts
SYN-1016 : Merged 9 instances.
SYN-2571 : Optimize after map_dsp, round 1, 104 better
SYN-2571 : Optimize after map_dsp, round 2
SYN-2571 : Optimize after map_dsp, round 2, 0 better
SYN-1001 : Throwback 3 control mux instances
SYN-2501 : Optimize round 1
SYN-1016 : Merged 8 instances.
SYN-2501 : Optimize round 1, 18 better
SYN-2501 : Optimize round 2
SYN-2501 : Optimize round 2, 0 better
SYN-2501 : Map 12 macro adder
SYN-1019 : Optimized 5 mux instances.
SYN-1016 : Merged 9 instances.
SYN-1032 : 1455/10 useful/useless nets, 1274/4 useful/useless insts
RUN-1002 : start command "start_timer -prepack"
TMR-2505 : Start building timing graph for model top.
TMR-2506 : Build timing graph completely. Port num: 12, tpin num: 5085, tnet num: 1455, tinst num: 1273, tnode num: 6441, tedge num: 7684.
TMR-2508 : Levelizing timing graph completed, there are 51 levels in total.
TMR-2501 : Timing graph initialized successfully.
TMR-2503 : Start to update net delay, extr mode = 2.
TMR-2504 : Update delay of 1455 nets completely.
TMR-2502 : Annotate delay completely, extr mode = 2.
TMR-3001 : Initiate 0 clocks from SDC.
TMR-3004 : Map sdc constraints, there are 0 constraints in total.
TMR-3003 : Constraints initiated successfully.
TMR-3501 : Forward propagation: start to calculate arrival time...
TMR-3502 : Backward propagation: start to calculate required time...
TMR-3503 : Timing propagation completes.
SYN-3001 : Running gate level optimization.
SYN-2581 : Mapping with K=5, #lut = 137 (3.88), #lev = 6 (2.23)
SYN-2551 : Post LUT mapping optimization.
SYN-2581 : Mapping with K=5, #lut = 134 (3.96), #lev = 6 (2.20)
SYN-3001 : Logic optimization runtime opt =   0.02 sec, map =   0.00 sec
SYN-3001 : Mapper mapped 365 instances into 134 LUTs, name keeping = 78%.
SYN-1001 : Packing model "top" ...
SYN-4010 : Pack lib has 58 rtl pack models with 25 top pack blocks
SYN-1014 : Optimize round 1
SYN-1015 : Optimize round 1, 0 better
SYN-4002 : Packing 227 DFF/LATCH to SEQ ...
SYN-4009 : Pack 6 carry chain into lslice
SYN-4007 : Packing 89 adder to BLE ...
SYN-4008 : Packed 89 adder and 0 SEQ to BLE.
SYN-4007 : Packing 0 gate4 to BLE ...
SYN-4008 : Packed 0 gate4 and 0 SEQ to BLE.
SYN-4012 : Packed 0 FxMUX
RUN-1002 : start command "legalize_phy_inst"
SYN-1011 : Flatten model top
KIT-1004 : Compile Chipwatcher: Clear obsolete physical data.
RUN-1003 : finish command "compile_watcher" in  1.115268s wall, 0.968750s user + 0.062500s system = 1.031250s CPU (92.5%)

RUN-1004 : used memory is 144 MB, reserved memory is 109 MB, peak memory is 152 MB
RUN-1002 : start command "place"
RUN-1001 : Open license file C:/Anlogic/TD5.6.56362/license/Anlogic.lic
RUN-1001 : Print Global Property
RUN-1001 : ---------------------------------------------------------------
RUN-1001 :        Parameters        |  Settings  |  Default Values  |  Note  
RUN-1001 : ---------------------------------------------------------------
RUN-1001 :          message         |  standard  |     standard     |        
RUN-1001 :   mixed_pack_place_flow  |     on     |        on        |        
RUN-1001 :        syn_ip_flow       |    off     |       off        |        
RUN-1001 :          thread          |    auto    |       auto       |        
RUN-1001 : ---------------------------------------------------------------
RUN-1001 : Print Place Property
RUN-1001 : --------------------------------------------------------------
RUN-1001 :        Parameters       |  Settings  |  Default Values  |  Note  
RUN-1001 : --------------------------------------------------------------
RUN-1001 :      detailed_place     |     on     |        on        |        
RUN-1001 :          effort         |   medium   |      medium      |        
RUN-1001 :         fix_hold        |    off     |       off        |        
RUN-1001 :       legalization      |    ori     |       ori        |        
RUN-1001 :      new_spreading      |     on     |        on        |        
RUN-1001 :        opt_timing       |   medium   |      medium      |        
RUN-1001 :   post_clock_route_opt  |    off     |       off        |        
RUN-1001 :       pr_strategy       |     1      |        1         |        
RUN-1001 :        relaxation       |    1.00    |       1.00       |        
RUN-1001 :         retiming        |    off     |       off        |        
RUN-1001 : --------------------------------------------------------------
PHY-3001 : Placer runs in 16 thread(s).
RUN-1002 : start command "legalize_phy_inst"
SYN-1011 : Flatten model top
SYN-4036 : The kept net key1_dup_3 is useless
SYN-4036 : The kept net key2_dup_3 is useless
SYN-5055 WARNING: The kept net type/uart_data[7] will be merged to another kept net rx/data_rx[7]
SYN-5055 WARNING: The kept net type/uart_data[6] will be merged to another kept net rx/data_rx[6]
SYN-5055 WARNING: The kept net type/uart_data[5] will be merged to another kept net rx/data_rx[5]
SYN-5055 WARNING: The kept net type/uart_data[4] will be merged to another kept net rx/data_rx[4]
SYN-5055 WARNING: The kept net type/uart_data[3] will be merged to another kept net rx/data_rx[3]
SYN-5055 WARNING: The kept net type/uart_data[2] will be merged to another kept net rx/data_rx[2]
SYN-5055 WARNING: The kept net type/uart_data[1] will be merged to another kept net rx/data_rx[1]
SYN-5055 WARNING: The kept net type/uart_data[0] will be merged to another kept net rx/data_rx[0]
SYN-5055 WARNING: The kept net type/valid will be merged to another kept net rx/data_valid
RUN-1002 : start command "phys_opt -simplify_lut"
SYN-4016 : Net config_inst_syn_10 driven by BUFG (138 clock/control pins, 0 other pins).
SYN-4024 : Net "clk_dup_3" drives clk pins.
SYN-4025 : Tag rtl::Net clk_dup_3 as clock net
SYN-4025 : Tag rtl::Net config_inst_syn_10 as clock net
SYN-4026 : Tagged 2 rtl::Net as clock net
PHY-1001 : Populate physical database on model top.
RUN-1001 : There are total 806 instances
RUN-0007 : 309 luts, 367 seqs, 51 mslices, 46 lslices, 19 pads, 10 brams, 0 dsps
RUN-1001 : There are total 1003 nets
RUN-6004 WARNING: There are 2 nets with only 1 pin.
RUN-1001 : 591 nets have 2 pins
RUN-1001 : 325 nets have [3 - 5] pins
RUN-1001 : 47 nets have [6 - 10] pins
RUN-1001 : 25 nets have [11 - 20] pins
RUN-1001 : 8 nets have [21 - 99] pins
RUN-1001 : 5 nets have 100+ pins
RUN-1001 : Report Control nets information:
RUN-1001 : DFF Distribution
RUN-1001 : ----------------------------------
RUN-1001 :   CE   |  SSR  |  ASR  |  DFF Count  
RUN-1001 : ----------------------------------
RUN-1001 :   No   |  No   |  No   |      5      
RUN-1001 :   No   |  No   |  Yes  |     191     
RUN-1001 :   No   |  Yes  |  No   |      0      
RUN-1001 :   Yes  |  No   |  No   |      0      
RUN-1001 :   Yes  |  No   |  Yes  |     171     
RUN-1001 :   Yes  |  Yes  |  No   |      0      
RUN-1001 : ----------------------------------
RUN-0007 : Control Group Statistic
RUN-0007 : ---------------------------
RUN-0007 :   #CLK  |  #CE  |  #SSR/ASR  
RUN-0007 : ---------------------------
RUN-0007 :    2    |   6   |     5      
RUN-0007 : ---------------------------
RUN-0007 : Control Set = 10
PHY-3001 : Initial placement ...
PHY-3001 : design contains 804 instances, 309 luts, 367 seqs, 97 slices, 15 macros(97 instances: 51 mslices 46 lslices)
PHY-0007 : Cell area utilization is 2%
PHY-3001 : Start timing update ...
RUN-1002 : start command "start_timer -report"
TMR-2505 : Start building timing graph for model top.
TMR-2506 : Build timing graph completely. Port num: 12, tpin num: 4065, tnet num: 1001, tinst num: 804, tnode num: 5402, tedge num: 6792.
TMR-2508 : Levelizing timing graph completed, there are 29 levels in total.
TMR-2501 : Timing graph initialized successfully.
TMR-2503 : Start to update net delay, extr mode = 2.
TMR-2504 : Update delay of 1001 nets completely.
TMR-2502 : Annotate delay completely, extr mode = 2.
TMR-3001 : Initiate 0 clocks from SDC.
TMR-3004 : Map sdc constraints, there are 0 constraints in total.
TMR-3003 : Constraints initiated successfully.
TMR-3501 : Forward propagation: start to calculate arrival time...
TMR-3502 : Backward propagation: start to calculate required time...
TMR-3503 : Timing propagation completes.
PHY-3001 : End timing update;  0.175197s wall, 0.140625s user + 0.000000s system = 0.140625s CPU (80.3%)

PHY-3001 : Global placement ...
PHY-3001 : Initial: Len = 217813
PHY-3001 : Clustering ...
PHY-3001 : Level 0 #clusters 804.
PHY-3001 : End clustering;  0.000018s wall, 0.000000s user + 0.000000s system = 0.000000s CPU (n/a%)

PHY-3001 : Run with size of 4
PHY-3001 : Cell area utilization is 2%
PHY-3001 : :::0::: Try harder cell spreading with beta_ = 0
PHY-3002 : Step(1): len = 133466, overlap = 22.5
PHY-3002 : Step(2): len = 88546.3, overlap = 22.5
PHY-3002 : Step(3): len = 59722, overlap = 22.5
PHY-3002 : Step(4): len = 43246.2, overlap = 22.5
PHY-3002 : Step(5): len = 35807.8, overlap = 22.5
PHY-3002 : Step(6): len = 31319.7, overlap = 22.5
PHY-3002 : Step(7): len = 25941.3, overlap = 22.5
PHY-3002 : Step(8): len = 22459.7, overlap = 22.5
PHY-3002 : Step(9): len = 22229.2, overlap = 22.5
PHY-3002 : Step(10): len = 20835.6, overlap = 22.5
PHY-3001 : :::1::: Try harder cell spreading with beta_ = 1.01473e-05
PHY-3002 : Step(11): len = 20584.8, overlap = 22.5
PHY-3002 : Step(12): len = 20657.4, overlap = 22.5
PHY-3002 : Step(13): len = 19221.7, overlap = 22.5
PHY-3002 : Step(14): len = 18846.3, overlap = 13.5
PHY-3002 : Step(15): len = 18827.7, overlap = 13.5
PHY-3002 : Step(16): len = 17821.5, overlap = 18
PHY-3002 : Step(17): len = 17848.4, overlap = 18
PHY-3002 : Step(18): len = 17763.9, overlap = 18
PHY-3002 : Step(19): len = 17738, overlap = 18
PHY-3002 : Step(20): len = 17699, overlap = 18
PHY-3002 : Step(21): len = 17694.3, overlap = 18
PHY-3002 : Step(22): len = 17713.3, overlap = 18
PHY-3001 : :::2::: Try harder cell spreading with beta_ = 2.02946e-05
PHY-3002 : Step(23): len = 17748.4, overlap = 18
PHY-3002 : Step(24): len = 17744.2, overlap = 18
PHY-3001 : :::3::: Try harder cell spreading with beta_ = 4.05893e-05
PHY-3002 : Step(25): len = 17767, overlap = 18
PHY-3002 : Step(26): len = 17776.9, overlap = 18
PHY-3001 : Legalization ...
PHY-3001 : End legalization;  0.007930s wall, 0.000000s user + 0.000000s system = 0.000000s CPU (n/a%)

PHY-3001 : Run with size of 4
PHY-3001 : Cell area utilization is 3%
PHY-3001 : Update timing in Manhattan mode ...
TMR-2503 : Start to update net delay, extr mode = 3.
TMR-2504 : Update delay of 1001 nets completely.
TMR-2502 : Annotate delay completely, extr mode = 3.
TMR-3501 : Forward propagation: start to calculate arrival time...
TMR-3502 : Backward propagation: start to calculate required time...
TMR-3503 : Timing propagation completes.
PHY-3001 : End timing update;  0.023971s wall, 0.015625s user + 0.000000s system = 0.015625s CPU (65.2%)

PHY-3001 : :::0::: Try harder cell spreading with beta_ = 0
PHY-3002 : Step(27): len = 18540.8, overlap = 8.4375
PHY-3002 : Step(28): len = 18708.6, overlap = 8.21875
PHY-3002 : Step(29): len = 17063.4, overlap = 8.65625
PHY-3002 : Step(30): len = 17054.8, overlap = 9.5
PHY-3002 : Step(31): len = 17308.2, overlap = 9.03125
PHY-3002 : Step(32): len = 17342.9, overlap = 7.875
PHY-3002 : Step(33): len = 16820.5, overlap = 7.125
PHY-3002 : Step(34): len = 15886.9, overlap = 6.84375
PHY-3002 : Step(35): len = 16032.8, overlap = 6.8125
PHY-3002 : Step(36): len = 16133.5, overlap = 5.96875
PHY-3002 : Step(37): len = 16091.7, overlap = 5.46875
PHY-3002 : Step(38): len = 15616, overlap = 5.15625
PHY-3002 : Step(39): len = 15253.7, overlap = 5.09375
PHY-3002 : Step(40): len = 15374.4, overlap = 4.78125
PHY-3002 : Step(41): len = 15485.7, overlap = 4.21875
PHY-3001 : Run with size of 2
PHY-3001 : Cell area utilization is 3%
PHY-3001 : Update timing in Manhattan mode ...
TMR-2503 : Start to update net delay, extr mode = 3.
TMR-2504 : Update delay of 1001 nets completely.
TMR-2502 : Annotate delay completely, extr mode = 3.
TMR-3501 : Forward propagation: start to calculate arrival time...
TMR-3502 : Backward propagation: start to calculate required time...
TMR-3503 : Timing propagation completes.
PHY-3001 : End timing update;  0.023303s wall, 0.015625s user + 0.000000s system = 0.015625s CPU (67.1%)

PHY-3001 : :::0::: Try harder cell spreading with beta_ = 2.74707e-05
PHY-3002 : Step(42): len = 16129.5, overlap = 27.4062
PHY-3002 : Step(43): len = 16304.2, overlap = 27.625
PHY-3002 : Step(44): len = 16265.4, overlap = 25.5625
PHY-3002 : Step(45): len = 16395.1, overlap = 24.8125
PHY-3002 : Step(46): len = 16113.5, overlap = 22.6562
PHY-3002 : Step(47): len = 15584.9, overlap = 21.4688
PHY-3002 : Step(48): len = 15584.9, overlap = 21.4688
PHY-3002 : Step(49): len = 15286.5, overlap = 22.3438
PHY-3001 : :::1::: Try harder cell spreading with beta_ = 5.49414e-05
PHY-3002 : Step(50): len = 15639.8, overlap = 19.4375
PHY-3002 : Step(51): len = 15639.8, overlap = 19.4375
PHY-3001 : :::2::: Try harder cell spreading with beta_ = 0.000109883
PHY-3002 : Step(52): len = 16013.7, overlap = 18.3125
PHY-3002 : Step(53): len = 16013.7, overlap = 18.3125
PHY-3001 : :::3::: Try harder cell spreading with beta_ = 0.000219765
PHY-3002 : Step(54): len = 16278.6, overlap = 17.375
PHY-3002 : Step(55): len = 16362.8, overlap = 17.1562
OPT-1001 : Start physical optimization ...
RUN-1002 : start command "start_timer -report"
TMR-2505 : Start building timing graph for model top.
TMR-2506 : Build timing graph completely. Port num: 12, tpin num: 4065, tnet num: 1001, tinst num: 804, tnode num: 5402, tedge num: 6792.
TMR-2508 : Levelizing timing graph completed, there are 29 levels in total.
TMR-2501 : Timing graph initialized successfully.
OPT-1001 : Total overflow 49.47 peak overflow 2.75
OPT-1001 : Start high-fanout net optimization ...
OPT-1001 : Update timing in global mode
PHY-1001 : Start incremental global routing, caller is place ...
RUN-1001 : Generating global routing grids ...
RUN-1001 : Building simple global routing graph ...
PHY-1001 : Generate routing nets ...
PHY-1001 : Reuse net number 0/1003.
PHY-1001 : Global iterations in 16 thread ...
PHY-1002 : len = 19488, over cnt = 86(0%), over = 334, worst = 15
PHY-1001 : End global iterations;  0.057919s wall, 0.031250s user + 0.000000s system = 0.031250s CPU (54.0%)

PHY-1001 : Congestion index: top1 = 27.31, top5 = 11.66, top10 = 6.47, top15 = 4.32.
PHY-1001 : End incremental global routing;  0.122500s wall, 0.078125s user + 0.015625s system = 0.093750s CPU (76.5%)

TMR-2503 : Start to update net delay, extr mode = 5.
TMR-2504 : Update delay of 1001 nets completely.
TMR-2502 : Annotate delay completely, extr mode = 5.
TMR-3001 : Initiate 0 clocks from SDC.
TMR-3004 : Map sdc constraints, there are 0 constraints in total.
TMR-3003 : Constraints initiated successfully.
TMR-3501 : Forward propagation: start to calculate arrival time...
TMR-3502 : Backward propagation: start to calculate required time...
TMR-3503 : Timing propagation completes.
OPT-1001 : End timing update;  0.026509s wall, 0.031250s user + 0.000000s system = 0.031250s CPU (117.9%)

OPT-1001 : 0 high-fanout net processed.
OPT-1001 : End high-fanout net optimization;  0.166031s wall, 0.125000s user + 0.015625s system = 0.140625s CPU (84.7%)

OPT-1001 : Current memory(MB): used = 192, reserve = 157, peak = 192.
OPT-1001 : Start global optimization ...
OPT-1001 : Start congestion update ...
RUN-1001 : Generating global routing grids ...
PHY-1001 : Generate routing nets ...
PHY-1001 : Reuse net number 541/1003.
PHY-1001 : Global iterations in 16 thread ...
PHY-1002 : len = 19488, over cnt = 86(0%), over = 334, worst = 15
PHY-1002 : len = 22960, over cnt = 47(0%), over = 64, worst = 4
PHY-1002 : len = 23208, over cnt = 25(0%), over = 30, worst = 3
PHY-1002 : len = 23632, over cnt = 4(0%), over = 4, worst = 1
PHY-1002 : len = 23696, over cnt = 0(0%), over = 0, worst = 0
PHY-1001 : End global iterations;  0.093814s wall, 0.046875s user + 0.000000s system = 0.046875s CPU (50.0%)

PHY-1001 : Congestion index: top1 = 26.38, top5 = 13.25, top10 = 7.56, top15 = 5.04.
OPT-1001 : End congestion update;  0.150679s wall, 0.078125s user + 0.000000s system = 0.078125s CPU (51.8%)

OPT-1001 : Update timing in Manhattan mode
TMR-2503 : Start to update net delay, extr mode = 3.
TMR-2504 : Update delay of 1001 nets completely.
TMR-2502 : Annotate delay completely, extr mode = 3.
TMR-3501 : Forward propagation: start to calculate arrival time...
TMR-3502 : Backward propagation: start to calculate required time...
TMR-3503 : Timing propagation completes.
OPT-1001 : End timing update;  0.019447s wall, 0.015625s user + 0.000000s system = 0.015625s CPU (80.3%)

OPT-0007 : Start: WNS 2147483647 TNS 0 NUM_FEPS 0
OPT-1001 : End global optimization;  0.170251s wall, 0.093750s user + 0.000000s system = 0.093750s CPU (55.1%)

OPT-1001 : Current memory(MB): used = 192, reserve = 158, peak = 192.
OPT-1001 : End physical optimization;  0.515552s wall, 0.375000s user + 0.015625s system = 0.390625s CPU (75.8%)

PHY-3001 : Start packing ...
SYN-4007 : Packing 0 MUX to BLE ...
SYN-4008 : Packed 0 MUX and 0 SEQ to BLE.
SYN-4007 : Packing 309 LUT to BLE ...
SYN-4008 : Packed 309 LUT and 169 SEQ to BLE.
SYN-4003 : Packing 198 remaining SEQ's ...
SYN-4005 : Packed 100 SEQ with LUT/SLICE
SYN-4006 : 53 single LUT's are left
SYN-4006 : 98 single SEQ's are left
SYN-4011 : Packing model "top" (AL_USER_NORMAL) with 407/663 primitive instances ...
PHY-3001 : End packing;  0.034024s wall, 0.031250s user + 0.000000s system = 0.031250s CPU (91.8%)

PHY-1001 : Populate physical database on model top.
RUN-1001 : There are total 355 instances
RUN-1001 : 161 mslices, 161 lslices, 19 pads, 10 brams, 0 dsps
RUN-1001 : There are total 836 nets
RUN-6004 WARNING: There are 2 nets with only 1 pin.
RUN-1001 : 413 nets have 2 pins
RUN-1001 : 334 nets have [3 - 5] pins
RUN-1001 : 49 nets have [6 - 10] pins
RUN-1001 : 24 nets have [11 - 20] pins
RUN-1001 : 12 nets have [21 - 99] pins
RUN-1001 : 2 nets have 100+ pins
PHY-3001 : design contains 353 instances, 322 slices, 15 macros(97 instances: 51 mslices 46 lslices)
PHY-3001 : Cell area utilization is 4%
PHY-3001 : After packing: Len = 16743.2, Over = 28
PHY-3001 : Run with size of 2
PHY-3001 : Cell area utilization is 4%
PHY-3001 : Update timing in Manhattan mode ...
RUN-1002 : start command "start_timer -report"
TMR-2505 : Start building timing graph for model top.
TMR-2506 : Build timing graph completely. Port num: 12, tpin num: 3436, tnet num: 834, tinst num: 353, tnode num: 4392, tedge num: 6024.
TMR-2508 : Levelizing timing graph completed, there are 29 levels in total.
TMR-2501 : Timing graph initialized successfully.
TMR-2503 : Start to update net delay, extr mode = 3.
TMR-2504 : Update delay of 834 nets completely.
TMR-2502 : Annotate delay completely, extr mode = 3.
TMR-3001 : Initiate 0 clocks from SDC.
TMR-3004 : Map sdc constraints, there are 0 constraints in total.
TMR-3003 : Constraints initiated successfully.
TMR-3501 : Forward propagation: start to calculate arrival time...
TMR-3502 : Backward propagation: start to calculate required time...
TMR-3503 : Timing propagation completes.
PHY-3001 : End timing update;  0.195728s wall, 0.171875s user + 0.000000s system = 0.171875s CPU (87.8%)

PHY-3001 : :::0::: Try harder cell spreading with beta_ = 1.45615e-05
PHY-3002 : Step(56): len = 16075.8, overlap = 26
PHY-3002 : Step(57): len = 16116, overlap = 25.5
PHY-3002 : Step(58): len = 16081.1, overlap = 24.5
PHY-3001 : :::1::: Try harder cell spreading with beta_ = 2.91229e-05
PHY-3002 : Step(59): len = 16184.6, overlap = 24
PHY-3002 : Step(60): len = 16291.4, overlap = 24
PHY-3002 : Step(61): len = 16493.1, overlap = 26.5
PHY-3002 : Step(62): len = 16546.9, overlap = 27
PHY-3002 : Step(63): len = 16276.4, overlap = 24.75
PHY-3001 : :::2::: Try harder cell spreading with beta_ = 5.82458e-05
PHY-3002 : Step(64): len = 16499.3, overlap = 26.25
PHY-3002 : Step(65): len = 16499.3, overlap = 26.25
PHY-3001 : Legalization ...
PHY-3001 : End legalization;  0.095301s wall, 0.000000s user + 0.046875s system = 0.046875s CPU (49.2%)

PHY-3001 : Trial Legalized: Len = 25551.9
PHY-3001 : Run with size of 2
PHY-3001 : Cell area utilization is 4%
PHY-3001 : Update timing in Manhattan mode ...
TMR-2503 : Start to update net delay, extr mode = 3.
TMR-2504 : Update delay of 834 nets completely.
TMR-2502 : Annotate delay completely, extr mode = 3.
TMR-3501 : Forward propagation: start to calculate arrival time...
TMR-3502 : Backward propagation: start to calculate required time...
TMR-3503 : Timing propagation completes.
PHY-3001 : End timing update;  0.017521s wall, 0.015625s user + 0.000000s system = 0.015625s CPU (89.2%)

PHY-3001 : :::0::: Try harder cell spreading with beta_ = 0.00738669
PHY-3002 : Step(66): len = 22868, overlap = 3.25
PHY-3002 : Step(67): len = 22559.6, overlap = 4.5
PHY-3002 : Step(68): len = 19823.1, overlap = 9.25
PHY-3002 : Step(69): len = 19738.4, overlap = 9.25
PHY-3002 : Step(70): len = 19365.3, overlap = 10.75
PHY-3002 : Step(71): len = 19213.1, overlap = 10.5
PHY-3002 : Step(72): len = 19059.7, overlap = 11
PHY-3002 : Step(73): len = 18975.4, overlap = 11
PHY-3002 : Step(74): len = 18947.8, overlap = 11.25
PHY-3001 : :::1::: Try harder cell spreading with beta_ = 0.0147734
PHY-3002 : Step(75): len = 18934.5, overlap = 11.75
PHY-3002 : Step(76): len = 18703.5, overlap = 11.5
PHY-3001 : :::2::: Try harder cell spreading with beta_ = 0.0283465
PHY-3002 : Step(77): len = 18685.7, overlap = 11.75
PHY-3002 : Step(78): len = 18464, overlap = 12
PHY-3001 : Legalization ...
PHY-3001 : End legalization;  0.005586s wall, 0.000000s user + 0.000000s system = 0.000000s CPU (n/a%)

PHY-3001 : Legalized: Len = 22359.9, Over = 0
PHY-3001 : Spreading special nets. 4 overflows in 2952 tiles.
PHY-3001 : End spreading;  0.006200s wall, 0.000000s user + 0.000000s system = 0.000000s CPU (n/a%)

PHY-3001 : 7 instances has been re-located, deltaX = 1, deltaY = 6, maxDist = 1.
PHY-3001 : Final: Len = 22641.9, Over = 0
OPT-1001 : Start physical optimization ...
RUN-1002 : start command "start_timer -report"
TMR-2505 : Start building timing graph for model top.
TMR-2506 : Build timing graph completely. Port num: 12, tpin num: 3436, tnet num: 834, tinst num: 353, tnode num: 4392, tedge num: 6024.
TMR-2508 : Levelizing timing graph completed, there are 29 levels in total.
TMR-2501 : Timing graph initialized successfully.
OPT-1001 : Total overflow 0.00 peak overflow 0.00
OPT-1001 : Start high-fanout net optimization ...
OPT-1001 : Update timing in global mode
PHY-1001 : Start incremental global routing, caller is place ...
RUN-1001 : Generating global routing grids ...
PHY-1001 : Generate routing nets ...
PHY-1001 : Reuse net number 36/836.
PHY-1001 : Global iterations in 16 thread ...
PHY-1002 : len = 28056, over cnt = 81(0%), over = 126, worst = 3
PHY-1002 : len = 28800, over cnt = 31(0%), over = 37, worst = 3
PHY-1002 : len = 29296, over cnt = 4(0%), over = 4, worst = 1
PHY-1002 : len = 29360, over cnt = 0(0%), over = 0, worst = 0
PHY-1001 : End global iterations;  0.127056s wall, 0.046875s user + 0.015625s system = 0.062500s CPU (49.2%)

PHY-1001 : Congestion index: top1 = 25.41, top5 = 15.36, top10 = 9.47, top15 = 6.50.
PHY-1001 : End incremental global routing;  0.188429s wall, 0.109375s user + 0.015625s system = 0.125000s CPU (66.3%)

TMR-2503 : Start to update net delay, extr mode = 5.
TMR-2504 : Update delay of 834 nets completely.
TMR-2502 : Annotate delay completely, extr mode = 5.
TMR-3001 : Initiate 0 clocks from SDC.
TMR-3004 : Map sdc constraints, there are 0 constraints in total.
TMR-3003 : Constraints initiated successfully.
TMR-3501 : Forward propagation: start to calculate arrival time...
TMR-3502 : Backward propagation: start to calculate required time...
TMR-3503 : Timing propagation completes.
OPT-1001 : End timing update;  0.022986s wall, 0.015625s user + 0.000000s system = 0.015625s CPU (68.0%)

OPT-1001 : 0 high-fanout net processed.
OPT-1001 : End high-fanout net optimization;  0.226908s wall, 0.140625s user + 0.015625s system = 0.156250s CPU (68.9%)

OPT-1001 : Current memory(MB): used = 197, reserve = 162, peak = 197.
OPT-1001 : Start path based optimization ...
OPT-1001 : Start congestion update ...
RUN-1001 : Generating global routing grids ...
PHY-1001 : Generate routing nets ...
PHY-1001 : Reuse net number 680/836.
PHY-1001 : Global iterations in 16 thread ...
PHY-1002 : len = 29360, over cnt = 0(0%), over = 0, worst = 0
PHY-1001 : End global iterations;  0.006918s wall, 0.015625s user + 0.000000s system = 0.015625s CPU (225.9%)

PHY-1001 : Congestion index: top1 = 25.41, top5 = 15.36, top10 = 9.47, top15 = 6.50.
OPT-1001 : End congestion update;  0.067464s wall, 0.078125s user + 0.000000s system = 0.078125s CPU (115.8%)

OPT-1001 : Update timing in Manhattan mode
TMR-2503 : Start to update net delay, extr mode = 3.
TMR-2504 : Update delay of 834 nets completely.
TMR-2502 : Annotate delay completely, extr mode = 3.
TMR-3501 : Forward propagation: start to calculate arrival time...
TMR-3502 : Backward propagation: start to calculate required time...
TMR-3503 : Timing propagation completes.
OPT-1001 : End timing update;  0.019473s wall, 0.015625s user + 0.000000s system = 0.015625s CPU (80.2%)

OPT-0007 : Start: WNS 2147483647 TNS 0 NUM_FEPS 0
OPT-1001 : End path based optimization;  0.087080s wall, 0.093750s user + 0.000000s system = 0.093750s CPU (107.7%)

OPT-1001 : Current memory(MB): used = 197, reserve = 162, peak = 197.
OPT-1001 : Update timing in Manhattan mode
TMR-2503 : Start to update net delay, extr mode = 3.
TMR-2504 : Update delay of 834 nets completely.
TMR-2502 : Annotate delay completely, extr mode = 3.
TMR-3501 : Forward propagation: start to calculate arrival time...
TMR-3502 : Backward propagation: start to calculate required time...
TMR-3503 : Timing propagation completes.
OPT-1001 : End timing update;  0.016641s wall, 0.015625s user + 0.000000s system = 0.015625s CPU (93.9%)

OPT-1001 : Start pin optimization...
OPT-1001 : skip pin optimization...
OPT-1001 : Update timing in global mode
PHY-1001 : Start incremental global routing, caller is place ...
RUN-1001 : Generating global routing grids ...
PHY-1001 : Generate routing nets ...
PHY-1001 : Reuse net number 680/836.
PHY-1001 : Global iterations in 16 thread ...
PHY-1002 : len = 29360, over cnt = 0(0%), over = 0, worst = 0
PHY-1001 : End global iterations;  0.006190s wall, 0.015625s user + 0.000000s system = 0.015625s CPU (252.4%)

PHY-1001 : Congestion index: top1 = 25.41, top5 = 15.36, top10 = 9.47, top15 = 6.50.
PHY-1001 : End incremental global routing;  0.064413s wall, 0.046875s user + 0.000000s system = 0.046875s CPU (72.8%)

TMR-2503 : Start to update net delay, extr mode = 5.
TMR-2504 : Update delay of 834 nets completely.
TMR-2502 : Annotate delay completely, extr mode = 5.
TMR-3501 : Forward propagation: start to calculate arrival time...
TMR-3502 : Backward propagation: start to calculate required time...
TMR-3503 : Timing propagation completes.
OPT-1001 : End timing update;  0.021369s wall, 0.031250s user + 0.000000s system = 0.031250s CPU (146.2%)

RUN-1001 : Generating global routing grids ...
PHY-1001 : Generate routing nets ...
PHY-1001 : Reuse net number 680/836.
PHY-1001 : Global iterations in 16 thread ...
PHY-1002 : len = 29360, over cnt = 0(0%), over = 0, worst = 0
PHY-1001 : End global iterations;  0.006433s wall, 0.015625s user + 0.000000s system = 0.015625s CPU (242.9%)

PHY-1001 : Congestion index: top1 = 25.41, top5 = 15.36, top10 = 9.47, top15 = 6.50.
OPT-1001 : Update timing in Manhattan mode
TMR-2503 : Start to update net delay, extr mode = 3.
TMR-2504 : Update delay of 834 nets completely.
TMR-2502 : Annotate delay completely, extr mode = 3.
TMR-3501 : Forward propagation: start to calculate arrival time...
TMR-3502 : Backward propagation: start to calculate required time...
TMR-3503 : Timing propagation completes.
OPT-1001 : End timing update;  0.016845s wall, 0.015625s user + 0.000000s system = 0.015625s CPU (92.8%)

RUN-1001 : QoR Analysis:
OPT-0007 :   WNS 2147483647 TNS 0 NUM_FEPS 0
RUN-1001 :   No local congestion issue, and most congested 1% tile average routing util is 24.965517
RUN-1001 :   Top critical paths
OPT-1001 : End physical optimization;  0.689466s wall, 0.578125s user + 0.015625s system = 0.593750s CPU (86.1%)

RUN-1003 : finish command "place" in  4.478660s wall, 2.218750s user + 0.890625s system = 3.109375s CPU (69.4%)

RUN-1004 : used memory is 177 MB, reserved memory is 144 MB, peak memory is 197 MB
RUN-1002 : start command "export_db adc_place.db"
RUN-1001 : Exported /
RUN-1001 : Exported flow parameters
RUN-1001 : Exported libs
RUN-1001 : Exported entities
RUN-1001 : Exported ports
RUN-1001 : Exported pins
RUN-1001 : Exported instances
RUN-1001 : Exported nets
RUN-1001 : Exported buses
RUN-1001 : Exported models
RUN-1001 : Exported congestions
RUN-1001 : Exported violations
RUN-1001 : Exported timing constraints
RUN-1001 : Exported IO constraints
RUN-1001 : Exported Inst constraints
RUN-1001 : Exported ChipWatcher
RUN-1002 : start command "route"
RUN-1001 : Open license file C:/Anlogic/TD5.6.56362/license/Anlogic.lic
RUN-1001 : Print Global Property
RUN-1001 : ---------------------------------------------------------------
RUN-1001 :        Parameters        |  Settings  |  Default Values  |  Note  
RUN-1001 : ---------------------------------------------------------------
RUN-1001 :          message         |  standard  |     standard     |        
RUN-1001 :   mixed_pack_place_flow  |     on     |        on        |        
RUN-1001 :        syn_ip_flow       |    off     |       off        |        
RUN-1001 :          thread          |    auto    |       auto       |        
RUN-1001 : ---------------------------------------------------------------
RUN-1001 : Print Route Property
RUN-1001 : -------------------------------------------------------
RUN-1001 :    Parameters    |  Settings  |  Default Values  |  Note  
RUN-1001 : -------------------------------------------------------
RUN-1001 :      effort      |   medium   |      medium      |        
RUN-1001 :     fix_hold     |    off     |       off        |        
RUN-1001 :    opt_timing    |   medium   |      medium      |        
RUN-1001 :   phy_sim_model  |    off     |       off        |        
RUN-1001 :     priority     |   timing   |      timing      |        
RUN-1001 :     swap_pin     |     on     |        on        |        
RUN-1001 : -------------------------------------------------------
PHY-1001 : Route runs in 16 thread(s)
RUN-1001 : There are total 355 instances
RUN-1001 : 161 mslices, 161 lslices, 19 pads, 10 brams, 0 dsps
RUN-1001 : There are total 836 nets
RUN-6004 WARNING: There are 2 nets with only 1 pin.
RUN-1001 : 413 nets have 2 pins
RUN-1001 : 334 nets have [3 - 5] pins
RUN-1001 : 49 nets have [6 - 10] pins
RUN-1001 : 24 nets have [11 - 20] pins
RUN-1001 : 12 nets have [21 - 99] pins
RUN-1001 : 2 nets have 100+ pins
RUN-1002 : start command "start_timer -report"
TMR-2505 : Start building timing graph for model top.
TMR-2506 : Build timing graph completely. Port num: 12, tpin num: 3436, tnet num: 834, tinst num: 353, tnode num: 4392, tedge num: 6024.
TMR-2508 : Levelizing timing graph completed, there are 29 levels in total.
TMR-2501 : Timing graph initialized successfully.
PHY-1001 : 161 mslices, 161 lslices, 19 pads, 10 brams, 0 dsps
TMR-2503 : Start to update net delay, extr mode = 3.
TMR-2504 : Update delay of 834 nets completely.
TMR-2502 : Annotate delay completely, extr mode = 3.
TMR-3001 : Initiate 0 clocks from SDC.
TMR-3004 : Map sdc constraints, there are 0 constraints in total.
TMR-3003 : Constraints initiated successfully.
TMR-3501 : Forward propagation: start to calculate arrival time...
TMR-3502 : Backward propagation: start to calculate required time...
TMR-3503 : Timing propagation completes.
PHY-1001 : Start global routing, caller is route ...
RUN-1001 : Generating global routing grids ...
PHY-1001 : Generate routing nets ...
PHY-1001 : Global iterations in 16 thread ...
PHY-1002 : len = 27296, over cnt = 81(0%), over = 131, worst = 3
PHY-1002 : len = 27944, over cnt = 41(0%), over = 55, worst = 3
PHY-1002 : len = 28584, over cnt = 12(0%), over = 15, worst = 3
PHY-1002 : len = 28816, over cnt = 0(0%), over = 0, worst = 0
PHY-1001 : End global iterations;  0.132114s wall, 0.046875s user + 0.000000s system = 0.046875s CPU (35.5%)

PHY-1001 : Congestion index: top1 = 26.16, top5 = 15.48, top10 = 9.36, top15 = 6.34.
PHY-1001 : End global routing;  0.194068s wall, 0.078125s user + 0.000000s system = 0.078125s CPU (40.3%)

PHY-1001 : Start detail routing ...
PHY-1001 : Current memory(MB): used = 218, reserve = 184, peak = 234.
PHY-1001 : Detailed router is running in normal mode.
PHY-1001 : Generate detailed routing grids ...
PHY-1001 : Generate nets ...
PHY-1001 : net clk_dup_3 will be routed on clock mesh
PHY-5010 WARNING: Net key1_dup_3 is skipped due to 0 input or output
PHY-5010 WARNING: Net key2_dup_3 is skipped due to 0 input or output
PHY-1001 : clock net config_inst_syn_10 will be merged with clock config_inst_syn_9
PHY-5010 WARNING: Net key1_dup_3 is skipped due to 0 input or output
PHY-5010 WARNING: Net key2_dup_3 is skipped due to 0 input or output
PHY-1001 : Current memory(MB): used = 483, reserve = 454, peak = 483.
PHY-1001 : End build detailed router design. 4.083080s wall, 3.718750s user + 0.109375s system = 3.828125s CPU (93.8%)

PHY-1001 : Detail Route ...
PHY-1001 : ===== Detail Route Phase 1 =====
PHY-1001 : Clock net routing.....
PHY-1001 : Routed 0% nets.
PHY-1022 : len = 9648, over cnt = 0(0%), over = 0, worst = 0, crit = 0
PHY-1001 : End initial clock net routed; 0.492368s wall, 0.500000s user + 0.000000s system = 0.500000s CPU (101.6%)

PHY-1001 : Current memory(MB): used = 514, reserve = 485, peak = 514.
PHY-1001 : End phase 1; 0.505194s wall, 0.515625s user + 0.000000s system = 0.515625s CPU (102.1%)

PHY-1001 : ===== Detail Route Phase 2 =====
PHY-1001 : Initial routing.....
PHY-1001 : Routed 13% nets.
PHY-1001 : Routed 26% nets.
PHY-1001 : Routed 27% nets.
PHY-1001 : Patch 503 net; 0.886193s wall, 0.875000s user + 0.000000s system = 0.875000s CPU (98.7%)

PHY-1022 : len = 56448, over cnt = 62(0%), over = 62, worst = 1, crit = 0
PHY-1001 : Current memory(MB): used = 514, reserve = 485, peak = 514.
PHY-1001 : End initial routed; 1.039856s wall, 0.984375s user + 0.000000s system = 0.984375s CPU (94.7%)

PHY-1001 : Update timing.....
PHY-1001 : 0/731(0%) critical/total net(s).
RUN-1001 : ------------------------------------------
RUN-1001 :   Type   |    WNS(ns)    |  TNS(ns)  |  FEP  
RUN-1001 : ------------------------------------------
RUN-1001 :   Setup  |  2147483.647  |   0.000   |   0   
RUN-1001 :   Hold   |  2147483.647  |   0.000   |   0   
RUN-1001 : ------------------------------------------
PHY-1001 : End update timing; 0.226557s wall, 0.203125s user + 0.000000s system = 0.203125s CPU (89.7%)

PHY-1001 : Current memory(MB): used = 515, reserve = 486, peak = 515.
PHY-1001 : End phase 2; 1.266517s wall, 1.187500s user + 0.000000s system = 1.187500s CPU (93.8%)

PHY-1001 : ===== Detail Route Phase 3 =====
PHY-1001 : Optimize timing.....
PHY-1022 : len = 56448, over cnt = 62(0%), over = 62, worst = 1, crit = 0
PHY-1001 : End optimize timing; 0.010789s wall, 0.000000s user + 0.000000s system = 0.000000s CPU (n/a%)

PHY-1001 : Ripup-reroute.....
PHY-1001 : ===== DR Iter 1 =====
PHY-1022 : len = 56688, over cnt = 11(0%), over = 11, worst = 1, crit = 0
PHY-1001 : End DR Iter 1; 0.066750s wall, 0.062500s user + 0.000000s system = 0.062500s CPU (93.6%)

PHY-1001 : ===== DR Iter 2 =====
PHY-1022 : len = 56824, over cnt = 1(0%), over = 1, worst = 1, crit = 0
PHY-1001 : End DR Iter 2; 0.038465s wall, 0.015625s user + 0.000000s system = 0.015625s CPU (40.6%)

PHY-1001 : ===== DR Iter 3 =====
PHY-1022 : len = 56824, over cnt = 0(0%), over = 0, worst = 0, crit = 0
PHY-1001 : End DR Iter 3; 0.022443s wall, 0.000000s user + 0.000000s system = 0.000000s CPU (n/a%)

PHY-1001 : Update timing.....
PHY-1001 : 0/731(0%) critical/total net(s).
RUN-1001 : ------------------------------------------
RUN-1001 :   Type   |    WNS(ns)    |  TNS(ns)  |  FEP  
RUN-1001 : ------------------------------------------
RUN-1001 :   Setup  |  2147483.647  |   0.000   |   0   
RUN-1001 :   Hold   |  2147483.647  |   0.000   |   0   
RUN-1001 : ------------------------------------------
PHY-1001 : End update timing; 0.221155s wall, 0.234375s user + 0.000000s system = 0.234375s CPU (106.0%)

PHY-1001 : Commit to database.....
PHY-1001 : 12 feed throughs used by 7 nets
PHY-1001 : End commit to database; 0.090050s wall, 0.093750s user + 0.000000s system = 0.093750s CPU (104.1%)

PHY-1001 : Current memory(MB): used = 526, reserve = 497, peak = 526.
PHY-1001 : End phase 3; 0.589163s wall, 0.531250s user + 0.000000s system = 0.531250s CPU (90.2%)

PHY-1003 : Routed, final wirelength = 56824
PHY-1001 : Current memory(MB): used = 526, reserve = 497, peak = 526.
PHY-1001 : End export database. 0.013623s wall, 0.000000s user + 0.015625s system = 0.015625s CPU (114.7%)

PHY-1001 : End detail routing;  6.719434s wall, 6.187500s user + 0.125000s system = 6.312500s CPU (93.9%)

RUN-1003 : finish command "route" in  7.189512s wall, 6.484375s user + 0.140625s system = 6.625000s CPU (92.1%)

RUN-1004 : used memory is 471 MB, reserved memory is 443 MB, peak memory is 526 MB
RUN-1002 : start command "report_area -io_info -file adc_phy.area"
RUN-1001 : standard
***Report Model: top Device: EG4S20NG88***

IO Statistics
#IO                        19
  #input                   14
  #output                   5
  #inout                    0

Utilization Statistics
#lut                      525   out of  19600    2.68%
#reg                      373   out of  19600    1.90%
#le                       623
  #lut only               250   out of    623   40.13%
  #reg only                98   out of    623   15.73%
  #lut&reg                275   out of    623   44.14%
#dsp                        0   out of     29    0.00%
#bram                      10   out of     64   15.62%
  #bram9k                  10
  #fifo9k                   0
#bram32k                    0   out of     16    0.00%
#pad                       19   out of     66   28.79%
  #ireg                     0
  #oreg                     0
  #treg                     0
#pll                        0   out of      4    0.00%
#gclk                       2   out of     16   12.50%

Clock Resource Statistics
Index     ClockNet             Type               DriverType         Driver              Fanout
#1        clk_dup_3            GCLK               io                 clk_syn_4.di        148
#2        config_inst_syn_9    GCLK               config             config_inst.jtck    81


Detailed IO Report

     Name       Direction    Location    IOStandard    DriveStrength    PullType    PackReg  
     clk          INPUT        P34        LVCMOS25          N/A          PULLUP      NONE    
  data_in[7]      INPUT         P2        LVCMOS25          N/A          PULLUP      NONE    
  data_in[6]      INPUT         P3        LVCMOS25          N/A          PULLUP      NONE    
  data_in[5]      INPUT         P4        LVCMOS25          N/A          PULLUP      NONE    
  data_in[4]      INPUT         P5        LVCMOS25          N/A          PULLUP      NONE    
  data_in[3]      INPUT        P10        LVCMOS25          N/A          PULLUP      NONE    
  data_in[2]      INPUT        P11        LVCMOS25          N/A          PULLUP      NONE    
  data_in[1]      INPUT        P12        LVCMOS25          N/A          PULLUP      NONE    
  data_in[0]      INPUT        P13        LVCMOS25          N/A          PULLUP      NONE    
     eoc          INPUT        P60        LVCMOS25          N/A          PULLUP      NONE    
     key1         INPUT        P50        LVCMOS25          N/A          PULLUP      NONE    
     key2         INPUT        P30        LVCMOS25          N/A           N/A        NONE    
   reset_n        INPUT        P55        LVCMOS25          N/A          PULLUP      NONE    
   uart_rxd       INPUT        P54        LVCMOS25          N/A          PULLUP      NONE    
   adc_clk       OUTPUT        P57        LVCMOS25           8            NONE       NONE    
     ale         OUTPUT        P23        LVCMOS25           8            N/A        NONE    
      oe         OUTPUT        P86        LVCMOS25           8            NONE       NONE    
    start        OUTPUT        P59        LVCMOS25           8            NONE       NONE    
   uart_txd      OUTPUT        P52        LVCMOS25           8            NONE       NONE    

Report Hierarchy Area:
+---------------------------------------------------------------------------------------------------------+
|Instance                            |Module         |le     |lut     |ripple  |seq     |bram    |dsp     |
+---------------------------------------------------------------------------------------------------------+
|top                                 |top            |623    |428     |97      |373     |10      |0       |
|  rx                                |uart_rx        |53     |47      |6       |35      |0       |0       |
|  tx                                |uart_tx        |54     |39      |8       |36      |0       |0       |
|  type                              |type_choice    |124    |116     |8       |75      |0       |0       |
|  cw_top                            |CW_TOP_WRAPPER |389    |223     |75      |226     |0       |0       |
|    wrapper_cwc_top                 |cwc_top        |389    |223     |75      |226     |0       |0       |
|      cfg_int_inst                  |cwc_cfg_int    |145    |60      |0       |132     |0       |0       |
|        reg_inst                    |register       |143    |58      |0       |130     |0       |0       |
|        tap_inst                    |tap            |2      |2       |0       |2       |0       |0       |
|      trigger_inst                  |trigger        |244    |163     |75      |94      |0       |0       |
|        bus_inst                    |bus_top        |32     |22      |10      |15      |0       |0       |
|          BUS_DETECTOR[0]$bus_nodes |bus_det        |4      |4       |0       |4       |0       |0       |
|          BUS_DETECTOR[3]$bus_nodes |bus_det        |28     |18      |10      |11      |0       |0       |
|        emb_ctrl_inst               |emb_ctrl       |122    |89      |33      |52      |0       |0       |
+---------------------------------------------------------------------------------------------------------+


DataNet Average Fanout:

   Index     Fanout    Nets  
    #1         1       394   
    #2         2       193   
    #3         3       111   
    #4         4        30   
    #5        5-10      52   
    #6       11-50      29   
    #7       51-100     2    
  Average     2.90           

RUN-1002 : start command "export_db adc_pr.db"
RUN-1001 : Exported /
RUN-1001 : Exported flow parameters
RUN-1001 : Exported libs
RUN-1001 : Exported entities
RUN-1001 : Exported ports
RUN-1001 : Exported pins
RUN-1001 : Exported instances
RUN-1001 : Exported nets
RUN-1001 : Exported buses
RUN-1001 : Exported models
RUN-1001 : Exported congestions
RUN-1001 : Exported violations
RUN-1001 : Exported timing constraints
RUN-1001 : Exported IO constraints
RUN-1001 : Exported Inst constraints
RUN-1001 : Exported ChipWatcher
RUN-1002 : start command "export_bid adc_inst.bid"
RUN-1002 : start command "bitgen -bit adc.bit"
BIT-1003 : Start to generate bitstream. 
BIT-1002 : Init instances with 16 threads.
BIT-1002 : Init instances completely, inst num: 353
BIT-1002 : Init pips with 16 threads.
BIT-1002 : Init pips completely, net num: 836, pip num: 6935
BIT-1002 : Init feedthrough with 16 threads.
BIT-1002 : Init feedthrough completely, num: 12
BIT-1003 : Multithreading accelaration with 16 threads.
BIT-1003 : Generate bitstream completely, there are 615 valid insts, and 19802 bits set as '1'.
BIT-1004 : the usercode register value: 00000000011100011111010101110100
BIT-1004 : PLL setting string = 0000
BIT-1004 : Generate bits file adc.bit.
RUN-1003 : finish command "bitgen -bit adc.bit" in  1.683013s wall, 4.906250s user + 0.093750s system = 5.000000s CPU (297.1%)

RUN-1004 : used memory is 486 MB, reserved memory is 457 MB, peak memory is 669 MB
RUN-1002 : start command "backup_run_log run.log ../.logs/phy_1/td_20230305_161553.log"
