============================================================
   Tang Dynasty, V5.6.69102
      Copyright (c) 2012-2023 Anlogic Inc.
   Executable = C:/Anlogic/TD5.6.6910.2/bin/td.exe
   Built at =   20:14:16 Feb 16 2023
   Run by =     shaka
   Run Date =   Tue Mar  7 23:22:38 2023

   Run on =     BR007
============================================================
RUN-1002 : start command "open_project adc.prj"
RUN-1001 : Print Global Property
RUN-1001 : ---------------------------------------------------------------
RUN-1001 :        Parameters        |  Settings  |  Default Values  |  Note  
RUN-1001 : ---------------------------------------------------------------
RUN-1001 :          message         |  standard  |     standard     |        
RUN-1001 :   mixed_pack_place_flow  |     on     |        on        |        
RUN-1001 :        qor_monitor       |    off     |       off        |        
RUN-1001 :        syn_ip_flow       |    off     |       off        |        
RUN-1001 :          thread          |    auto    |       auto       |        
RUN-1001 : ---------------------------------------------------------------
RUN-1001 : Print Design Property
RUN-1001 : --------------------------------------------------------------
RUN-1001 :        Parameters       |  Settings  |  Default Values  |  Note  
RUN-1001 : --------------------------------------------------------------
RUN-1001 :   default_reg_initial   |    auto    |       auto       |        
RUN-1001 :        infer_add        |     on     |        on        |        
RUN-1001 :        infer_fsm        |    off     |       off        |        
RUN-1001 :        infer_mult       |     on     |        on        |        
RUN-1001 :        infer_ram        |     on     |        on        |        
RUN-1001 :        infer_reg        |     on     |        on        |        
RUN-1001 :   infer_reg_init_value  |     on     |        on        |        
RUN-1001 :        infer_rom        |     on     |        on        |        
RUN-1001 :      infer_shifter      |     on     |        on        |        
RUN-1001 : --------------------------------------------------------------
RUN-1001 : Print Rtl Property
RUN-1001 : --------------------------------------------------------------
RUN-1001 :        Parameters       |  Settings  |  Default Values  |  Note  
RUN-1001 : --------------------------------------------------------------
RUN-1001 :       compress_add      |   ripple   |      ripple      |        
RUN-1001 :        elf_sload        |    off     |       off        |        
RUN-1001 :       fix_undriven      |     0      |        0         |        
RUN-1001 :         flatten         |    off     |       off        |        
RUN-1001 :       gate_sharing      |     on     |        on        |        
RUN-1001 :    hdl_warning_level    |   normal   |      normal      |        
RUN-1001 :   impl_internal_tribuf  |     on     |        on        |        
RUN-1001 :      impl_set_reset     |     on     |        on        |        
RUN-1001 :        infer_gsr        |    off     |       off        |        
RUN-1001 :      keep_hierarchy     |    auto    |       auto       |        
RUN-1001 :        max_fanout       |    9999    |       9999       |        
RUN-1001 :      max_oh2bin_len     |     10     |        10        |        
RUN-1001 :       merge_equal       |     on     |        on        |        
RUN-1001 :       merge_equiv       |     on     |        on        |        
RUN-1001 :        merge_mux        |    off     |       off        |        
RUN-1001 :     min_control_set     |     8      |        8         |        
RUN-1001 :      min_ripple_len     |    auto    |       auto       |        
RUN-1001 :       oh2bin_ratio      |    0.08    |       0.08       |        
RUN-1001 :     opt_adder_fanout    |     on     |        on        |        
RUN-1001 :        opt_arith        |     on     |        on        |        
RUN-1001 :       opt_big_gate      |    off     |       off        |        
RUN-1001 :        opt_const        |     on     |        on        |        
RUN-1001 :      opt_const_mult     |     on     |        on        |        
RUN-1001 :       opt_lessthan      |     on     |        on        |        
RUN-1001 :         opt_mux         |    off     |       off        |        
RUN-1001 :         opt_ram         |    high    |       high       |        
RUN-1001 :      rtl_sim_model      |    off     |       off        |        
RUN-1001 :         seq_syn         |     on     |        on        |        
RUN-1001 : --------------------------------------------------------------
HDL-1007 : analyze verilog file ../../../Core/fifo.v
HDL-1007 : analyze verilog file ../../../Src/top.v
HDL-1007 : undeclared symbol 'valid', assumed default net type 'wire' in ../../../Src/top.v(41)
HDL-1007 : undeclared symbol 'data_vld', assumed default net type 'wire' in ../../../Src/top.v(52)
HDL-1007 : undeclared symbol 'adc_en', assumed default net type 'wire' in ../../../Src/top.v(62)
HDL-1007 : undeclared symbol 'data_en', assumed default net type 'wire' in ../../../Src/top.v(69)
HDL-1007 : undeclared symbol 'depth', assumed default net type 'wire' in ../../../Src/top.v(82)
HDL-1007 : undeclared symbol 'fifo_working', assumed default net type 'wire' in ../../../Src/top.v(86)
HDL-1007 : undeclared symbol 'condition', assumed default net type 'wire' in ../../../Src/top.v(101)
HDL-1007 : analyze verilog file ../../../Src/uart_rx.v
HDL-1007 : analyze verilog file ../../../Src/uart_tx.v
HDL-1007 : analyze verilog file ../../../Src/adc_ctrl.v
HDL-1007 : analyze verilog file ../../../Src/type_choice.v
HDL-1007 : analyze verilog file ../../../Src/fifo_ctrl.v
HDL-1007 : undeclared symbol 'empty_flag', assumed default net type 'wire' in ../../../Src/fifo_ctrl.v(156)
RUN-1001 : Project manager successfully analyzed 7 source files.
RUN-1002 : start command "import_device eagle_s20.db -package EG4S20NG88"
ARC-1001 : Device Initialization.
ARC-1001 : ---------------------------------------------------------------
ARC-1001 :            OPTION            |        IO         |   SETTING   
ARC-1001 : ---------------------------------------------------------------
ARC-1001 :   cso_b/cclk/mosi/miso/dout  |  P69/P82/P81/P80  |    gpio    
ARC-1001 :             done             |        P8         |    gpio    
ARC-1001 :           program_b          |        P67        |  dedicate  
ARC-1001 :        tdi/tms/tck/tdo       |  P25/P22/P26/P21  |  dedicate  
ARC-1001 : ---------------------------------------------------------------
ARC-1004 : Device setting, marked 5 dedicate IOs in total.
RUN-1002 : start command "import_db ../syn_1/adc_gate.db"
RUN-1001 : Importing database generated by Tang Dynasty, V5.6.69102.
RUN-1001 : Database version number 46146.
RUN-1001 : Import flow parameters
RUN-1001 : Import IO constraints
RUN-1001 : Import Inst constraints
RUN-1001 : Import design success TD_VERSION=5.6.69102 , DB_VERSION=46146
RUN-1002 : start command "config_chipwatcher ../../../Debug/adc.cwc -dir "
RUN-1002 : start command "legalize_phy_inst"
SYN-1011 : Flatten model top
KIT-1004 : ChipWatcher: import watcher inst auto_chipwatcher_0 completed, there are 1 view nodes, 2 trigger nets, 2 data nets.
KIT-1004 : Chipwatcher code = 1001101101001101
RUN-1002 : start command "compile_watcher"
RUN-1002 : start command "read_verilog -no_sch -dir C:/Anlogic/TD5.6.6910.2/cw/ -file adc_watcherInst.sv -lib cw -top CW_TOP_WRAPPER"
HDL-1007 : analyze verilog file C:/Anlogic/TD5.6.6910.2/cw\bus_det.v
HDL-1007 : analyze verilog file C:/Anlogic/TD5.6.6910.2/cw\bus_top.sv
HDL-1007 : analyze verilog file C:/Anlogic/TD5.6.6910.2/cw\cfg_int.v
HDL-1007 : analyze verilog file C:/Anlogic/TD5.6.6910.2/cw\cwc_cfg_int.v
HDL-1007 : analyze verilog file C:/Anlogic/TD5.6.6910.2/cw\cwc_top.sv
HDL-1007 : analyze verilog file C:/Anlogic/TD5.6.6910.2/cw\detect_bus.v
HDL-1007 : analyze verilog file C:/Anlogic/TD5.6.6910.2/cw\detect_non_bus.v
HDL-1007 : analyze verilog file C:/Anlogic/TD5.6.6910.2/cw\emb_ctrl.v
HDL-1007 : analyze verilog file C:/Anlogic/TD5.6.6910.2/cw\register.v
HDL-1007 : analyze verilog file C:/Anlogic/TD5.6.6910.2/cw\tap.v
HDL-1007 : analyze verilog file C:/Anlogic/TD5.6.6910.2/cw\trigger.sv
HDL-1007 : analyze verilog file adc_watcherInst.sv
HDL-1007 : elaborate module CW_TOP_WRAPPER in adc_watcherInst.sv(1)
HDL-1007 : elaborate module cwc_top(BUS_NUM=1,BUS_DIN_NUM=2,BUS_CTRL_NUM=8,BUS_WIDTH='{32'sb010},BUS_DIN_POS='{32'sb0},BUS_CTRL_POS='{32'sb0}) in C:/Anlogic/TD5.6.6910.2/cw\cwc_top.sv(21)
HDL-1007 : elaborate module cwc_cfg_int(CTRL_REG_LEN=30) in C:/Anlogic/TD5.6.6910.2/cw\cwc_cfg_int.v(21)
HDL-1007 : elaborate module register(CTRL_REG_LEN=30) in C:/Anlogic/TD5.6.6910.2/cw\register.v(21)
HDL-1007 : elaborate module tap in C:/Anlogic/TD5.6.6910.2/cw\tap.v(21)
HDL-1007 : elaborate module trigger(BUS_NUM=1,BUS_DIN_NUM=2,BUS_CTRL_NUM=8,BUS_WIDTH='{32'sb010},BUS_DIN_POS='{32'sb0},BUS_CTRL_POS='{32'sb0}) in C:/Anlogic/TD5.6.6910.2/cw\trigger.sv(21)
HDL-1007 : elaborate module bus_top(BUS_NODE_NUM=1,BUS_DIN_NUM=2,BUS_CTRL_NUM=8,BUS_WIDTH='{32'sb010},BUS_DIN_POS='{32'sb0},BUS_CTRL_POS='{32'sb0}) in C:/Anlogic/TD5.6.6910.2/cw\bus_top.sv(22)
HDL-1007 : elaborate module bus_det(BUS_WIDTH=32'sb010) in C:/Anlogic/TD5.6.6910.2/cw\bus_det.v(21)
HDL-1007 : elaborate module emb_ctrl in C:/Anlogic/TD5.6.6910.2/cw\emb_ctrl.v(21)
HDL-1200 : Current top model is CW_TOP_WRAPPER
HDL-1100 : Inferred 0 RAMs.
RUN-1002 : start command "force_keep -a auto_chipwatcher_0_logicbram"
RUN-1002 : start command "optimize_rtl -no_sch"
RUN-1001 : Open license file C:/Anlogic/TD5.6.6910.2/license/Anlogic.lic
RUN-1001 : Print Global Property
RUN-1001 : ---------------------------------------------------------------
RUN-1001 :        Parameters        |  Settings  |  Default Values  |  Note  
RUN-1001 : ---------------------------------------------------------------
RUN-1001 :          message         |  standard  |     standard     |        
RUN-1001 :   mixed_pack_place_flow  |     on     |        on        |        
RUN-1001 :        qor_monitor       |    off     |       off        |        
RUN-1001 :        syn_ip_flow       |    off     |       off        |        
RUN-1001 :          thread          |    auto    |       auto       |        
RUN-1001 : ---------------------------------------------------------------
RUN-1001 : Print Rtl Property
RUN-1001 : --------------------------------------------------------------
RUN-1001 :        Parameters       |  Settings  |  Default Values  |  Note  
RUN-1001 : --------------------------------------------------------------
RUN-1001 :       compress_add      |   ripple   |      ripple      |        
RUN-1001 :        elf_sload        |    off     |       off        |        
RUN-1001 :       fix_undriven      |     0      |        0         |        
RUN-1001 :         flatten         |    off     |       off        |        
RUN-1001 :       gate_sharing      |     on     |        on        |        
RUN-1001 :    hdl_warning_level    |   normal   |      normal      |        
RUN-1001 :   impl_internal_tribuf  |     on     |        on        |        
RUN-1001 :      impl_set_reset     |     on     |        on        |        
RUN-1001 :        infer_gsr        |    off     |       off        |        
RUN-1001 :      keep_hierarchy     |    auto    |       auto       |        
RUN-1001 :        max_fanout       |    9999    |       9999       |        
RUN-1001 :      max_oh2bin_len     |     10     |        10        |        
RUN-1001 :       merge_equal       |     on     |        on        |        
RUN-1001 :       merge_equiv       |     on     |        on        |        
RUN-1001 :        merge_mux        |    off     |       off        |        
RUN-1001 :     min_control_set     |     8      |        8         |        
RUN-1001 :      min_ripple_len     |    auto    |       auto       |        
RUN-1001 :       oh2bin_ratio      |    0.08    |       0.08       |        
RUN-1001 :     opt_adder_fanout    |     on     |        on        |        
RUN-1001 :        opt_arith        |     on     |        on        |        
RUN-1001 :       opt_big_gate      |    off     |       off        |        
RUN-1001 :        opt_const        |     on     |        on        |        
RUN-1001 :      opt_const_mult     |     on     |        on        |        
RUN-1001 :       opt_lessthan      |     on     |        on        |        
RUN-1001 :         opt_mux         |    off     |       off        |        
RUN-1001 :         opt_ram         |    high    |       high       |        
RUN-1001 :      rtl_sim_model      |    off     |       off        |        
RUN-1001 :         seq_syn         |     on     |        on        |        
RUN-1001 : --------------------------------------------------------------
SYN-1012 : SanityCheck: Model "top"
SYN-1012 : SanityCheck: Model "CW_TOP_WRAPPER"
SYN-1012 : SanityCheck: Model "cwc_top(BUS_NUM=1,BUS_DIN_NUM=2,BUS_CTRL_NUM=8,BUS_WIDTH='{32'sb010},BUS_DIN_POS='{32'sb0},BUS_CTRL_POS='{32'sb0})"
SYN-1012 : SanityCheck: Model "cwc_cfg_int(CTRL_REG_LEN=30)"
SYN-1012 : SanityCheck: Model "register(CTRL_REG_LEN=30)"
SYN-1012 : SanityCheck: Model "tap"
SYN-1012 : SanityCheck: Model "trigger(BUS_NUM=1,BUS_DIN_NUM=2,BUS_CTRL_NUM=8,BUS_WIDTH='{32'sb010},BUS_DIN_POS='{32'sb0},BUS_CTRL_POS='{32'sb0})"
SYN-1012 : SanityCheck: Model "bus_top(BUS_NODE_NUM=1,BUS_DIN_NUM=2,BUS_CTRL_NUM=8,BUS_WIDTH='{32'sb010},BUS_DIN_POS='{32'sb0},BUS_CTRL_POS='{32'sb0})"
SYN-1012 : SanityCheck: Model "bus_det(BUS_WIDTH=32'sb010)"
SYN-1012 : SanityCheck: Model "emb_ctrl"
SYN-1011 : Flatten model top
SYN-1032 : 1299/7 useful/useless nets, 754/2 useful/useless insts
SYN-1016 : Merged 12 instances.
SYN-1032 : 1188/2 useful/useless nets, 643/2 useful/useless insts
SYN-1032 : 1184/4 useful/useless nets, 969/4 useful/useless insts
SYN-1014 : Optimize round 1
SYN-1032 : 1168/16 useful/useless nets, 957/12 useful/useless insts
SYN-1021 : Optimized 1 onehot mux instances.
SYN-1020 : Optimized 1 distributor mux.
SYN-1019 : Optimized 1 mux instances.
SYN-1015 : Optimize round 1, 184 better
SYN-1014 : Optimize round 2
SYN-1032 : 1074/15 useful/useless nets, 863/16 useful/useless insts
SYN-1015 : Optimize round 2, 32 better
SYN-1014 : Optimize round 1
SYN-1015 : Optimize round 1, 0 better
RUN-1002 : start command "optimize_gate -no_sch"
RUN-1001 : Open license file C:/Anlogic/TD5.6.6910.2/license/Anlogic.lic
RUN-1001 : Print Global Property
RUN-1001 : ---------------------------------------------------------------
RUN-1001 :        Parameters        |  Settings  |  Default Values  |  Note  
RUN-1001 : ---------------------------------------------------------------
RUN-1001 :          message         |  standard  |     standard     |        
RUN-1001 :   mixed_pack_place_flow  |     on     |        on        |        
RUN-1001 :        qor_monitor       |    off     |       off        |        
RUN-1001 :        syn_ip_flow       |    off     |       off        |        
RUN-1001 :          thread          |    auto    |       auto       |        
RUN-1001 : ---------------------------------------------------------------
RUN-1001 : Print Gate Property
RUN-1001 : ------------------------------------------------------------------
RUN-1001 :          Parameters         |  Settings  |  Default Values  |  Note  
RUN-1001 : ------------------------------------------------------------------
RUN-1001 :         cascade_dsp         |    off     |       off        |        
RUN-1001 :         cascade_eram        |    off     |       off        |        
RUN-1001 :        gate_sim_model       |    off     |       off        |        
RUN-1001 :        map_sim_model        |    off     |       off        |        
RUN-1001 :         map_strategy        |     1      |        1         |        
RUN-1001 :           opt_area          |   medium   |      medium      |        
RUN-1001 :          opt_timing         |    auto    |       auto       |        
RUN-1001 :         pack_effort         |   medium   |      medium      |        
RUN-1001 :      pack_lslice_ripple     |     on     |        on        |        
RUN-1001 :   pack_lslice_ripple_ratio  |    0.5     |       0.5        |        
RUN-1001 :        pack_seq_in_io       |    auto    |       auto       |        
RUN-1001 :        ph1_mux_ratio        |    1.0     |       1.0        |        
RUN-1001 :            report           |  standard  |     standard     |        
RUN-1001 :           retiming          |    off     |       off        |        
RUN-1001 : ------------------------------------------------------------------
SYN-2001 : Map 19 IOs to PADs
RUN-1002 : start command "update_pll_param -module top"
SYN-2501 : Processed 0 LOGIC_BUF instances.
SYN-2512 : LOGIC BRAM "auto_chipwatcher_0_logicbram"
SYN-2571 : Optimize after map_dsp, round 1
SYN-2571 : Optimize after map_dsp, round 1, 0 better
SYN-1001 : Throwback 3 control mux instances
SYN-2501 : Optimize round 1
SYN-1016 : Merged 3 instances.
SYN-2501 : Optimize round 1, 5 better
SYN-2501 : Optimize round 2
SYN-2501 : Optimize round 2, 0 better
SYN-2501 : Map 12 macro adder
SYN-1019 : Optimized 5 mux instances.
SYN-1016 : Merged 13 instances.
SYN-1032 : 1343/2 useful/useless nets, 1132/1 useful/useless insts
SYN-3001 : Running gate level optimization.
SYN-2581 : Mapping with K=5, #lut = 105 (4.14), #lev = 5 (2.20)
SYN-2551 : Post LUT mapping optimization.
SYN-2581 : Mapping with K=5, #lut = 127 (4.09), #lev = 4 (2.20)
SYN-3001 : Logic optimization runtime opt =   0.02 sec, map =   0.00 sec
SYN-3001 : Mapper mapped 259 instances into 127 LUTs, name keeping = 73%.
SYN-1001 : Packing model "top" ...
SYN-4010 : Pack lib has 58 rtl pack models with 25 top pack blocks
SYN-1014 : Optimize round 1
SYN-1015 : Optimize round 1, 0 better
SYN-4002 : Packing 153 DFF/LATCH to SEQ ...
SYN-4009 : Pack 5 carry chain into lslice
SYN-4007 : Packing 86 adder to BLE ...
SYN-4008 : Packed 86 adder and 0 SEQ to BLE.
SYN-4007 : Packing 0 gate4 to BLE ...
SYN-4008 : Packed 0 gate4 and 0 SEQ to BLE.
SYN-4012 : Packed 0 FxMUX
RUN-1002 : start command "legalize_phy_inst"
SYN-1011 : Flatten model top
KIT-1004 : Compile Chipwatcher: Clear obsolete physical data.
RUN-1002 : start command "place"
RUN-1001 : Open license file C:/Anlogic/TD5.6.6910.2/license/Anlogic.lic
RUN-1001 : Print Global Property
RUN-1001 : ---------------------------------------------------------------
RUN-1001 :        Parameters        |  Settings  |  Default Values  |  Note  
RUN-1001 : ---------------------------------------------------------------
RUN-1001 :          message         |  standard  |     standard     |        
RUN-1001 :   mixed_pack_place_flow  |     on     |        on        |        
RUN-1001 :        qor_monitor       |    off     |       off        |        
RUN-1001 :        syn_ip_flow       |    off     |       off        |        
RUN-1001 :          thread          |    auto    |       auto       |        
RUN-1001 : ---------------------------------------------------------------
RUN-1001 : Print Place Property
RUN-1001 : --------------------------------------------------------------
RUN-1001 :        Parameters       |  Settings  |  Default Values  |  Note  
RUN-1001 : --------------------------------------------------------------
RUN-1001 :      detailed_place     |     on     |        on        |        
RUN-1001 :          effort         |   medium   |      medium      |        
RUN-1001 :         fix_hold        |    off     |       off        |        
RUN-1001 :       legalization      |    ori     |       ori        |        
RUN-1001 :      new_spreading      |     on     |        on        |        
RUN-1001 :        opt_timing       |   medium   |      medium      |        
RUN-1001 :   post_clock_route_opt  |    off     |       off        |        
RUN-1001 :       pr_strategy       |     1      |        1         |        
RUN-1001 :        relaxation       |    1.00    |       1.00       |        
RUN-1001 :         retiming        |    off     |       off        |        
RUN-1001 : --------------------------------------------------------------
PHY-3001 : Placer runs in 16 thread(s).
RUN-1002 : start command "legalize_phy_inst"
SYN-1011 : Flatten model top
SYN-4036 : The kept net data_in[7]_dup_3 is useless
SYN-4036 : The kept net data_in[6]_dup_3 is useless
SYN-4036 : The kept net data_in[5]_dup_3 is useless
SYN-4036 : The kept net data_in[4]_dup_3 is useless
SYN-4036 : The kept net data_in[3]_dup_3 is useless
SYN-4036 : The kept net data_in[2]_dup_3 is useless
SYN-4036 : The kept net data_in[1]_dup_3 is useless
SYN-4036 : The kept net data_in[0]_dup_3 is useless
SYN-4036 : The kept net key1_dup_3 is useless
SYN-5055 WARNING: The kept net fifo_list/fifo_list/re will be merged to another kept net fifo_list/re
SYN-5055 WARNING: The kept net fifo_list/fifo_list/we will be merged to another kept net fifo_list/we
SYN-5055 WARNING: The kept net fifo_list/fifo_list/wr_addr_diff[13] will be merged to another kept net fifo_list/wrusedw[13]
SYN-5055 WARNING: The kept net fifo_list/fifo_list/wr_addr_diff[12] will be merged to another kept net fifo_list/wrusedw[12]
SYN-5055 WARNING: The kept net fifo_list/fifo_list/wr_addr_diff[11] will be merged to another kept net fifo_list/wrusedw[11]
SYN-5055 WARNING: The kept net fifo_list/fifo_list/wr_addr_diff[10] will be merged to another kept net fifo_list/wrusedw[10]
SYN-5055 WARNING: The kept net fifo_list/fifo_list/wr_addr_diff[9] will be merged to another kept net fifo_list/wrusedw[9]
SYN-5055 WARNING: The kept net fifo_list/fifo_list/wr_addr_diff[8] will be merged to another kept net fifo_list/wrusedw[8]
SYN-5055 WARNING: The kept net fifo_list/fifo_list/wr_addr_diff[7] will be merged to another kept net fifo_list/wrusedw[7]
SYN-5055 WARNING: The kept net fifo_list/fifo_list/wr_addr_diff[6] will be merged to another kept net fifo_list/wrusedw[6]
SYN-5055 Similar messages will be suppressed.
RUN-1002 : start command "phys_opt -simplify_lut"
SYN-4016 : Net config_inst_syn_10 driven by BUFG (79 clock/control pins, 0 other pins).
SYN-4024 : Net "clk_dup_3" drives clk pins.
SYN-4024 : Net "adc/clk_adc" drives clk pins.
SYN-4025 : Tag rtl::Net adc/clk_adc as clock net
SYN-4025 : Tag rtl::Net clk_dup_3 as clock net
SYN-4025 : Tag rtl::Net config_inst_syn_10 as clock net
SYN-4026 : Tagged 3 rtl::Net as clock net
SYN-4015 : Create BUFG instance for clk Net adc/clk_adc to drive 9 clock pins.
PHY-1001 : Populate physical database on model top.
RUN-1001 : There are total 745 instances
RUN-0007 : 290 luts, 310 seqs, 75 mslices, 45 lslices, 19 pads, 1 brams, 0 dsps
RUN-1001 : There are total 980 nets
RUN-6004 WARNING: There are 12 nets with only 1 pin.
RUN-1001 : 595 nets have 2 pins
RUN-1001 : 289 nets have [3 - 5] pins
RUN-1001 : 56 nets have [6 - 10] pins
RUN-1001 : 16 nets have [11 - 20] pins
RUN-1001 : 9 nets have [21 - 99] pins
RUN-1001 : 3 nets have 100+ pins
RUN-1001 : Report Control nets information:
RUN-1001 : DFF Distribution
RUN-1001 : ----------------------------------
RUN-1001 :   CE   |  SSR  |  ASR  |  DFF Count  
RUN-1001 : ----------------------------------
RUN-1001 :   No   |  No   |  No   |      4      
RUN-1001 :   No   |  No   |  Yes  |     194     
RUN-1001 :   No   |  Yes  |  No   |      0      
RUN-1001 :   Yes  |  No   |  No   |      0      
RUN-1001 :   Yes  |  No   |  Yes  |     112     
RUN-1001 :   Yes  |  Yes  |  No   |      0      
RUN-1001 : ----------------------------------
RUN-0007 : Control Group Statistic
RUN-0007 : ---------------------------
RUN-0007 :   #CLK  |  #CE  |  #SSR/ASR  
RUN-0007 : ---------------------------
RUN-0007 :    3    |   7   |     6      
RUN-0007 : ---------------------------
RUN-0007 : Control Set = 13
PHY-3001 : Initial placement ...
PHY-3001 : design contains 743 instances, 290 luts, 310 seqs, 120 slices, 18 macros(120 instances: 75 mslices 45 lslices)
PHY-0007 : Cell area utilization is 2%
PHY-3001 : Global placement ...
PHY-3001 : Initial: Len = 270269
PHY-3001 : Clustering ...
PHY-3001 : Level 0 #clusters 743.
PHY-3001 : End clustering;  0.000017s wall, 0.000000s user + 0.000000s system = 0.000000s CPU (n/a%)

PHY-3001 : Run with size of 4
PHY-3001 : Cell area utilization is 2%
PHY-3001 : :::0::: Try harder cell spreading with beta_ = 0
PHY-3002 : Step(1): len = 135166, overlap = 2.25
PHY-3002 : Step(2): len = 95225.4, overlap = 2.25
PHY-3002 : Step(3): len = 61363.8, overlap = 2.25
PHY-3002 : Step(4): len = 46737.8, overlap = 2.25
PHY-3002 : Step(5): len = 36679.5, overlap = 2.25
PHY-3002 : Step(6): len = 32035.6, overlap = 2.25
PHY-3002 : Step(7): len = 27448, overlap = 2.25
PHY-3002 : Step(8): len = 23923.7, overlap = 2.25
PHY-3002 : Step(9): len = 22928.6, overlap = 2.25
PHY-3002 : Step(10): len = 20913.9, overlap = 2.25
PHY-3002 : Step(11): len = 18756.5, overlap = 2.25
PHY-3002 : Step(12): len = 17228.7, overlap = 6.5625
PHY-3002 : Step(13): len = 17070.1, overlap = 7.625
PHY-3001 : :::1::: Try harder cell spreading with beta_ = 0.000771008
PHY-3002 : Step(14): len = 17010.9, overlap = 7.625
PHY-3002 : Step(15): len = 15863.3, overlap = 5.3125
PHY-3002 : Step(16): len = 15684.2, overlap = 5.5
PHY-3002 : Step(17): len = 15105, overlap = 8.0625
PHY-3002 : Step(18): len = 14662.5, overlap = 8.5
PHY-3002 : Step(19): len = 14662.5, overlap = 8.5
PHY-3001 : :::2::: Try harder cell spreading with beta_ = 0.00154202
PHY-3002 : Step(20): len = 14669.1, overlap = 8.5
PHY-3002 : Step(21): len = 14632.3, overlap = 8.5
PHY-3001 : :::3::: Try harder cell spreading with beta_ = 0.00308403
PHY-3002 : Step(22): len = 14616.4, overlap = 8.5
PHY-3002 : Step(23): len = 14616.4, overlap = 8.5
PHY-3001 : Legalization ...
PHY-3001 : End legalization;  0.007697s wall, 0.000000s user + 0.000000s system = 0.000000s CPU (n/a%)

PHY-3001 : Run with size of 4
PHY-3001 : Cell area utilization is 3%
PHY-3001 : :::0::: Try harder cell spreading with beta_ = 0.00181282
PHY-3002 : Step(24): len = 15569.4, overlap = 13.2188
PHY-3002 : Step(25): len = 15727.9, overlap = 13.2188
PHY-3002 : Step(26): len = 14903.6, overlap = 13.75
PHY-3002 : Step(27): len = 15071.2, overlap = 13.625
PHY-3002 : Step(28): len = 15412, overlap = 12.0312
PHY-3001 : :::1::: Try harder cell spreading with beta_ = 0.00362564
PHY-3002 : Step(29): len = 14801.4, overlap = 12.2188
PHY-3002 : Step(30): len = 14875.4, overlap = 12.2188
PHY-3002 : Step(31): len = 14995.7, overlap = 11.7812
PHY-3001 : :::2::: Try harder cell spreading with beta_ = 0.00725128
PHY-3002 : Step(32): len = 14709.4, overlap = 11.4688
PHY-3002 : Step(33): len = 14709.4, overlap = 11.4688
PHY-3001 : Run with size of 2
PHY-3001 : Cell area utilization is 3%
PHY-3001 : :::0::: Try harder cell spreading with beta_ = 1.75591e-05
PHY-3002 : Step(34): len = 15681.3, overlap = 32.9062
PHY-3002 : Step(35): len = 15681.3, overlap = 32.9062
PHY-3002 : Step(36): len = 15085.3, overlap = 32.5
PHY-3001 : :::1::: Try harder cell spreading with beta_ = 3.51183e-05
PHY-3002 : Step(37): len = 15751.4, overlap = 29.5938
PHY-3002 : Step(38): len = 15856.1, overlap = 27.5938
PHY-3002 : Step(39): len = 15932, overlap = 24.5312
PHY-3001 : :::2::: Try harder cell spreading with beta_ = 7.02366e-05
PHY-3002 : Step(40): len = 15562.7, overlap = 23.625
PHY-3002 : Step(41): len = 15606.8, overlap = 23.6562
PHY-3002 : Step(42): len = 15909.4, overlap = 22.6562
PHY-3002 : Step(43): len = 15987.5, overlap = 22.7812
PHY-3002 : Step(44): len = 15863.7, overlap = 22.7812
PHY-3001 : :::3::: Try harder cell spreading with beta_ = 0.000140473
PHY-3002 : Step(45): len = 15409, overlap = 24.125
PHY-3002 : Step(46): len = 15389.3, overlap = 24.9688
PHY-3002 : Step(47): len = 15387.7, overlap = 25
PHY-3001 : :::4::: Try harder cell spreading with beta_ = 0.000263779
PHY-3002 : Step(48): len = 15665.4, overlap = 19.8125
PHY-3002 : Step(49): len = 15773.3, overlap = 19.5625
PHY-3002 : Step(50): len = 15816.9, overlap = 19.4688
PHY-3001 : :::5::: Try harder cell spreading with beta_ = 0.000527557
PHY-3002 : Step(51): len = 15860.4, overlap = 19.5312
PHY-3002 : Step(52): len = 15870.5, overlap = 19.625
PHY-3001 : :::6::: Try harder cell spreading with beta_ = 0.00105511
PHY-3002 : Step(53): len = 15944, overlap = 19.125
PHY-3002 : Step(54): len = 15944, overlap = 19.125
PHY-3001 : :::7::: Try harder cell spreading with beta_ = 0.00211023
PHY-3002 : Step(55): len = 16001.4, overlap = 18.6562
PHY-3002 : Step(56): len = 15969.7, overlap = 18.7188
PHY-3001 : :::8::: Try harder cell spreading with beta_ = 0.00419985
PHY-3002 : Step(57): len = 16033.8, overlap = 18.7188
PHY-3002 : Step(58): len = 16070.7, overlap = 18.2188
PHY-3001 : :::9::: Try harder cell spreading with beta_ = 0.0083997
PHY-3002 : Step(59): len = 16060.7, overlap = 18.5312
PHY-3002 : Step(60): len = 16060.7, overlap = 18.5312
PHY-3001 : :::10::: Try harder cell spreading with beta_ = 0.0167994
PHY-3002 : Step(61): len = 16069.2, overlap = 18.375
PHY-3002 : Step(62): len = 16069.2, overlap = 18.375
OPT-1001 : Start physical optimization ...
OPT-1001 : Total overflow 53.53 peak overflow 4.50
OPT-1001 : Start high-fanout net optimization ...
OPT-1001 : Update timing in global mode
PHY-1001 : Start incremental global routing, caller is place ...
RUN-1001 : Generating global routing grids ...
RUN-1001 : Building simple global routing graph ...
PHY-1001 : Generate routing nets ...
PHY-1001 : Reuse net number 0/980.
PHY-1001 : Global iterations in 16 thread ...
PHY-1002 : len = 17592, over cnt = 78(0%), over = 298, worst = 23
PHY-1001 : End global iterations;  0.050409s wall, 0.031250s user + 0.000000s system = 0.031250s CPU (62.0%)

PHY-1001 : Congestion index: top1 = 26.08, top5 = 10.53, top10 = 5.99, top15 = 4.02.
PHY-1001 : End incremental global routing;  0.114631s wall, 0.093750s user + 0.000000s system = 0.093750s CPU (81.8%)

RUN-1002 : start command "start_timer -report"
TMR-5001 WARNING: No sdc constraints found while initiating timer.
TMR-2505 : Start building timing graph for model top.
TMR-2506 : Build timing graph completely. Port num: 12, tpin num: 3630, tnet num: 978, tinst num: 743, tnode num: 4710, tedge num: 6099.
TMR-2508 : Levelizing timing graph completed, there are 29 levels in total.
TMR-2501 : Timing graph initialized successfully.
OPT-1001 : End timing update;  0.179147s wall, 0.093750s user + 0.015625s system = 0.109375s CPU (61.1%)

OPT-1001 : 0 high-fanout net processed.
OPT-1001 : End high-fanout net optimization;  0.307960s wall, 0.203125s user + 0.015625s system = 0.218750s CPU (71.0%)

OPT-1001 : Current memory(MB): used = 220, reserve = 184, peak = 220.
OPT-1001 : End physical optimization;  0.318267s wall, 0.203125s user + 0.015625s system = 0.218750s CPU (68.7%)

PHY-3001 : Start packing ...
SYN-4007 : Packing 0 MUX to BLE ...
SYN-4008 : Packed 0 MUX and 0 SEQ to BLE.
SYN-4007 : Packing 290 LUT to BLE ...
SYN-4008 : Packed 290 LUT and 160 SEQ to BLE.
SYN-4003 : Packing 150 remaining SEQ's ...
SYN-4005 : Packed 71 SEQ with LUT/SLICE
SYN-4006 : 80 single LUT's are left
SYN-4006 : 79 single SEQ's are left
SYN-4011 : Packing model "top" (AL_USER_NORMAL) with 369/654 primitive instances ...
PHY-3001 : End packing;  0.028467s wall, 0.031250s user + 0.000000s system = 0.031250s CPU (109.8%)

PHY-1001 : Populate physical database on model top.
RUN-1001 : There are total 351 instances
RUN-1001 : 163 mslices, 163 lslices, 19 pads, 1 brams, 0 dsps
RUN-1001 : There are total 825 nets
RUN-6004 WARNING: There are 12 nets with only 1 pin.
RUN-1001 : 438 nets have 2 pins
RUN-1001 : 290 nets have [3 - 5] pins
RUN-1001 : 60 nets have [6 - 10] pins
RUN-1001 : 13 nets have [11 - 20] pins
RUN-1001 : 10 nets have [21 - 99] pins
RUN-1001 : 2 nets have 100+ pins
PHY-3001 : design contains 349 instances, 326 slices, 18 macros(120 instances: 75 mslices 45 lslices)
PHY-3001 : Cell area utilization is 4%
PHY-3001 : After packing: Len = 15991.8, Over = 24.75
PHY-3001 : Run with size of 2
PHY-3001 : Cell area utilization is 4%
PHY-3001 : :::0::: Try harder cell spreading with beta_ = 2.23753e-05
PHY-3002 : Step(63): len = 15490.8, overlap = 26.75
PHY-3002 : Step(64): len = 15544.8, overlap = 27.75
PHY-3002 : Step(65): len = 15494.3, overlap = 27.75
PHY-3001 : :::1::: Try harder cell spreading with beta_ = 4.47506e-05
PHY-3002 : Step(66): len = 15606.4, overlap = 25.5
PHY-3002 : Step(67): len = 15679.3, overlap = 25.5
PHY-3002 : Step(68): len = 15873, overlap = 23.75
PHY-3001 : :::2::: Try harder cell spreading with beta_ = 8.95011e-05
PHY-3002 : Step(69): len = 16294.6, overlap = 23
PHY-3002 : Step(70): len = 16294.6, overlap = 23
PHY-3002 : Step(71): len = 16190, overlap = 22.25
PHY-3001 : Legalization ...
PHY-3001 : End legalization;  0.082948s wall, 0.015625s user + 0.031250s system = 0.046875s CPU (56.5%)

PHY-3001 : Trial Legalized: Len = 24878
PHY-3001 : Run with size of 2
PHY-3001 : Cell area utilization is 4%
PHY-3001 : :::0::: Try harder cell spreading with beta_ = 0.00205351
PHY-3002 : Step(72): len = 21756.8, overlap = 2.5
PHY-3002 : Step(73): len = 21120.6, overlap = 3.25
PHY-3002 : Step(74): len = 20178.7, overlap = 4.25
PHY-3002 : Step(75): len = 19114.7, overlap = 6
PHY-3002 : Step(76): len = 19140, overlap = 5.75
PHY-3002 : Step(77): len = 18896.1, overlap = 5.5
PHY-3002 : Step(78): len = 18726.3, overlap = 5
PHY-3002 : Step(79): len = 18573.6, overlap = 5.5
PHY-3001 : Legalization ...
PHY-3001 : End legalization;  0.005439s wall, 0.000000s user + 0.000000s system = 0.000000s CPU (n/a%)

PHY-3001 : Legalized: Len = 20974.5, Over = 0
PHY-3001 : Spreading special nets. 2 overflows in 2952 tiles.
PHY-3001 : End spreading;  0.003986s wall, 0.000000s user + 0.000000s system = 0.000000s CPU (n/a%)

PHY-3001 : 3 instances has been re-located, deltaX = 1, deltaY = 2, maxDist = 1.
PHY-3001 : Final: Len = 21018.5, Over = 0
OPT-1001 : Start physical optimization ...
OPT-1001 : Total overflow 0.00 peak overflow 0.00
OPT-1001 : Start high-fanout net optimization ...
OPT-1001 : Update timing in global mode
PHY-1001 : Start incremental global routing, caller is place ...
RUN-1001 : Generating global routing grids ...
PHY-1001 : Generate routing nets ...
PHY-1001 : Reuse net number 42/825.
PHY-1001 : Global iterations in 16 thread ...
PHY-1002 : len = 24376, over cnt = 77(0%), over = 125, worst = 5
PHY-1002 : len = 25128, over cnt = 26(0%), over = 29, worst = 2
PHY-1002 : len = 25552, over cnt = 0(0%), over = 0, worst = 0
PHY-1001 : End global iterations;  0.098243s wall, 0.062500s user + 0.000000s system = 0.062500s CPU (63.6%)

PHY-1001 : Congestion index: top1 = 23.47, top5 = 14.19, top10 = 8.29, top15 = 5.75.
PHY-1001 : End incremental global routing;  0.156813s wall, 0.078125s user + 0.000000s system = 0.078125s CPU (49.8%)

RUN-1002 : start command "start_timer -report"
TMR-5001 WARNING: No sdc constraints found while initiating timer.
TMR-2505 : Start building timing graph for model top.
TMR-2506 : Build timing graph completely. Port num: 12, tpin num: 3063, tnet num: 823, tinst num: 349, tnode num: 3847, tedge num: 5416.
TMR-2508 : Levelizing timing graph completed, there are 29 levels in total.
TMR-2501 : Timing graph initialized successfully.
OPT-1001 : End timing update;  0.184475s wall, 0.109375s user + 0.000000s system = 0.109375s CPU (59.3%)

OPT-1001 : 0 high-fanout net processed.
OPT-1001 : End high-fanout net optimization;  0.355238s wall, 0.187500s user + 0.000000s system = 0.187500s CPU (52.8%)

OPT-1001 : Current memory(MB): used = 222, reserve = 186, peak = 222.
OPT-1001 : Update timing in Manhattan mode
OPT-1001 : End timing update;  0.001031s wall, 0.000000s user + 0.000000s system = 0.000000s CPU (n/a%)

OPT-1001 : Start pin optimization...
OPT-1001 : skip pin optimization...
RUN-1001 : Generating global routing grids ...
PHY-1001 : Generate routing nets ...
PHY-1001 : Reuse net number 678/825.
PHY-1001 : Global iterations in 16 thread ...
PHY-1002 : len = 25552, over cnt = 0(0%), over = 0, worst = 0
PHY-1001 : End global iterations;  0.005487s wall, 0.000000s user + 0.000000s system = 0.000000s CPU (n/a%)

PHY-1001 : Congestion index: top1 = 23.47, top5 = 14.19, top10 = 8.29, top15 = 5.75.
OPT-1001 : Update timing in Manhattan mode
OPT-1001 : End timing update;  0.001437s wall, 0.000000s user + 0.000000s system = 0.000000s CPU (n/a%)

RUN-1001 : QoR Analysis:
OPT-0007 :   WNS 2147483647 TNS 0 NUM_FEPS 0
RUN-1001 :   No local congestion issue, and most congested 1% tile average routing util is 23.068966
RUN-1001 :   Top critical paths
OPT-1001 : End physical optimization;  0.425148s wall, 0.250000s user + 0.000000s system = 0.250000s CPU (58.8%)

RUN-1003 : finish command "place" in  3.852136s wall, 1.046875s user + 0.437500s system = 1.484375s CPU (38.5%)

RUN-1004 : used memory is 209 MB, reserved memory is 174 MB, peak memory is 223 MB
RUN-1002 : start command "export_db adc_place.db"
RUN-1001 : Exported /
RUN-1001 : Exported flow parameters
RUN-1001 : Exported libs
RUN-1001 : Exported entities
RUN-1001 : Exported ports
RUN-1001 : Exported pins
RUN-1001 : Exported instances
RUN-1001 : Exported nets
RUN-1001 : Exported buses
RUN-1001 : Exported models
RUN-1001 : Exported congestions
RUN-1001 : Exported violations
RUN-1001 : Exported IO constraints
RUN-1001 : Exported Inst constraints
RUN-1001 : Exported ChipWatcher
RUN-1002 : start command "route"
RUN-1001 : Open license file C:/Anlogic/TD5.6.6910.2/license/Anlogic.lic
RUN-1001 : Print Global Property
RUN-1001 : ---------------------------------------------------------------
RUN-1001 :        Parameters        |  Settings  |  Default Values  |  Note  
RUN-1001 : ---------------------------------------------------------------
RUN-1001 :          message         |  standard  |     standard     |        
RUN-1001 :   mixed_pack_place_flow  |     on     |        on        |        
RUN-1001 :        qor_monitor       |    off     |       off        |        
RUN-1001 :        syn_ip_flow       |    off     |       off        |        
RUN-1001 :          thread          |    auto    |       auto       |        
RUN-1001 : ---------------------------------------------------------------
RUN-1001 : Print Route Property
RUN-1001 : -------------------------------------------------------
RUN-1001 :    Parameters    |  Settings  |  Default Values  |  Note  
RUN-1001 : -------------------------------------------------------
RUN-1001 :      effort      |   medium   |      medium      |        
RUN-1001 :     fix_hold     |    off     |       off        |        
RUN-1001 :    opt_timing    |   medium   |      medium      |        
RUN-1001 :   phy_sim_model  |    off     |       off        |        
RUN-1001 :     priority     |   timing   |      timing      |        
RUN-1001 :     swap_pin     |     on     |        on        |        
RUN-1001 : -------------------------------------------------------
PHY-1001 : Route runs in 16 thread(s)
RUN-1001 : There are total 351 instances
RUN-1001 : 163 mslices, 163 lslices, 19 pads, 1 brams, 0 dsps
RUN-1001 : There are total 825 nets
RUN-6004 WARNING: There are 12 nets with only 1 pin.
RUN-1001 : 438 nets have 2 pins
RUN-1001 : 290 nets have [3 - 5] pins
RUN-1001 : 60 nets have [6 - 10] pins
RUN-1001 : 13 nets have [11 - 20] pins
RUN-1001 : 10 nets have [21 - 99] pins
RUN-1001 : 2 nets have 100+ pins
RUN-1002 : start command "start_timer -report"
TMR-5001 WARNING: No sdc constraints found while initiating timer.
TMR-2505 : Start building timing graph for model top.
TMR-2506 : Build timing graph completely. Port num: 12, tpin num: 3063, tnet num: 823, tinst num: 349, tnode num: 3847, tedge num: 5416.
TMR-2508 : Levelizing timing graph completed, there are 29 levels in total.
TMR-2501 : Timing graph initialized successfully.
PHY-1001 : 163 mslices, 163 lslices, 19 pads, 1 brams, 0 dsps
TMR-2503 : Start to update net delay, extr mode = 3.
TMR-2504 : Update delay of 823 nets completely.
TMR-2502 : Annotate delay completely, extr mode = 3.
TMR-3002 : No user constraint, initiate default constraint.
TMR-1501 : Assign derive clock DeriveClock to 396 clock pins, and constraint 784 relative nodes.
TMR-3003 : Constraints initiated successfully.
TMR-3501 : Forward propagation: start to calculate arrival time...
TMR-3502 : Backward propagation: start to calculate required time...
TMR-3503 : Timing propagation completes.
PHY-1001 : Start global routing, caller is route ...
RUN-1001 : Generating global routing grids ...
PHY-1001 : Generate routing nets ...
PHY-1001 : Global iterations in 16 thread ...
PHY-1002 : len = 24200, over cnt = 74(0%), over = 120, worst = 5
PHY-1002 : len = 24896, over cnt = 26(0%), over = 29, worst = 2
PHY-1002 : len = 25312, over cnt = 0(0%), over = 0, worst = 0
PHY-1001 : End global iterations;  0.097980s wall, 0.046875s user + 0.000000s system = 0.046875s CPU (47.8%)

PHY-1001 : Congestion index: top1 = 23.51, top5 = 14.18, top10 = 8.23, top15 = 5.65.
PHY-1001 : End global routing;  0.154804s wall, 0.093750s user + 0.000000s system = 0.093750s CPU (60.6%)

PHY-1001 : Start detail routing ...
PHY-1001 : Current memory(MB): used = 248, reserve = 213, peak = 295.
PHY-1001 : Detailed router is running in normal mode.
PHY-1001 : Generate detailed routing grids ...
PHY-1001 : Generate nets ...
PHY-1001 : net clk_dup_3 will be routed on clock mesh
PHY-5010 WARNING: Net data_in[7]_dup_3 is skipped due to 0 input or output
PHY-5010 WARNING: Net data_in[6]_dup_3 is skipped due to 0 input or output
PHY-5010 WARNING: Net data_in[5]_dup_3 is skipped due to 0 input or output
PHY-5010 WARNING: Net data_in[4]_dup_3 is skipped due to 0 input or output
PHY-5010 WARNING: Net data_in[3]_dup_3 is skipped due to 0 input or output
PHY-5010 WARNING: Net data_in[2]_dup_3 is skipped due to 0 input or output
PHY-5010 WARNING: Net data_in[1]_dup_3 is skipped due to 0 input or output
PHY-5010 WARNING: Net data_in[0]_dup_3 is skipped due to 0 input or output
PHY-5010 WARNING: Net key1_dup_3 is skipped due to 0 input or output
PHY-1001 : clock net adc/clk_adc_syn_4 will be merged with clock adc/clk_adc
PHY-5010 WARNING: Net type/depth[12] is skipped due to 0 input or output
PHY-5010 Similar messages will be suppressed.
PHY-1001 : clock net config_inst_syn_10 will be merged with clock config_inst_syn_9
PHY-1001 : Current memory(MB): used = 513, reserve = 483, peak = 513.
PHY-1001 : End build detailed router design. 4.224020s wall, 3.734375s user + 0.343750s system = 4.078125s CPU (96.5%)

PHY-1001 : Detail Route ...
PHY-1001 : ===== Detail Route Phase 1 =====
PHY-1001 : Clock net routing.....
PHY-1001 : Routed 0% nets.
PHY-1022 : len = 10448, over cnt = 0(0%), over = 0, worst = 0, crit = 0
PHY-1001 : End initial clock net routed; 1.267915s wall, 1.046875s user + 0.078125s system = 1.125000s CPU (88.7%)

PHY-1001 : Current memory(MB): used = 545, reserve = 516, peak = 545.
PHY-1001 : End phase 1; 1.279006s wall, 1.046875s user + 0.078125s system = 1.125000s CPU (88.0%)

PHY-1001 : ===== Detail Route Phase 2 =====
PHY-1001 : Initial routing.....
PHY-1001 : Routed 28% nets.
PHY-1001 : Routed 38% nets.
PHY-1001 : Routed 49% nets.
PHY-1001 : Routed 66% nets.
PHY-1001 : Routed 83% nets.
PHY-1022 : len = 79680, over cnt = 21(0%), over = 21, worst = 1, crit = 0
PHY-1001 : Current memory(MB): used = 546, reserve = 516, peak = 546.
PHY-1001 : End initial routed; 1.441056s wall, 0.921875s user + 0.015625s system = 0.937500s CPU (65.1%)

PHY-1001 : Current memory(MB): used = 546, reserve = 516, peak = 546.
PHY-1001 : End phase 2; 1.441120s wall, 0.921875s user + 0.015625s system = 0.937500s CPU (65.1%)

PHY-1001 : ===== Detail Route Phase 3 =====
PHY-1001 : Ripup-reroute.....
PHY-1001 : ===== DR Iter 1 =====
PHY-1022 : len = 79672, over cnt = 7(0%), over = 7, worst = 1, crit = 0
PHY-1001 : End DR Iter 1; 0.026595s wall, 0.000000s user + 0.000000s system = 0.000000s CPU (n/a%)

PHY-1001 : ===== DR Iter 2 =====
PHY-1022 : len = 79776, over cnt = 1(0%), over = 1, worst = 1, crit = 0
PHY-1001 : End DR Iter 2; 0.025094s wall, 0.000000s user + 0.000000s system = 0.000000s CPU (n/a%)

PHY-1001 : ===== DR Iter 3 =====
PHY-1022 : len = 79792, over cnt = 0(0%), over = 0, worst = 0, crit = 0
PHY-1001 : End DR Iter 3; 0.021950s wall, 0.000000s user + 0.000000s system = 0.000000s CPU (n/a%)

PHY-1001 : Commit to database.....
PHY-1001 : 6 feed throughs used by 5 nets
PHY-1001 : End commit to database; 0.115650s wall, 0.078125s user + 0.031250s system = 0.109375s CPU (94.6%)

PHY-1001 : Current memory(MB): used = 556, reserve = 527, peak = 556.
PHY-1001 : End phase 3; 0.328549s wall, 0.156250s user + 0.062500s system = 0.218750s CPU (66.6%)

PHY-1003 : Routed, final wirelength = 79792
PHY-1001 : Current memory(MB): used = 557, reserve = 527, peak = 557.
PHY-1001 : End export database. 0.012819s wall, 0.015625s user + 0.000000s system = 0.015625s CPU (121.9%)

PHY-1001 : End detail routing;  7.535303s wall, 6.125000s user + 0.500000s system = 6.625000s CPU (87.9%)

RUN-1003 : finish command "route" in  7.957010s wall, 6.437500s user + 0.515625s system = 6.953125s CPU (87.4%)

RUN-1004 : used memory is 499 MB, reserved memory is 469 MB, peak memory is 557 MB
RUN-1002 : start command "report_area -io_info -file adc_phy.area"
RUN-1001 : standard
***Report Model: top Device: EG4S20NG88***

IO Statistics
#IO                        19
  #input                   14
  #output                   5
  #inout                    0

Utilization Statistics
#lut                      541   out of  19600    2.76%
#reg                      317   out of  19600    1.62%
#le                       620
  #lut only               303   out of    620   48.87%
  #reg only                79   out of    620   12.74%
  #lut&reg                238   out of    620   38.39%
#dsp                        0   out of     29    0.00%
#bram                       1   out of     64    1.56%
  #bram9k                   1
  #fifo9k                   0
#bram32k                    0   out of     16    0.00%
#pad                       19   out of     66   28.79%
  #ireg                     2
  #oreg                     4
  #treg                     0
#pll                        0   out of      4    0.00%
#gclk                       2   out of     16   12.50%

Clock Resource Statistics
Index     ClockNet             Type               DriverType         Driver                  Fanout
#1        clk_dup_3            GCLK               io                 clk_syn_4.di            145
#2        config_inst_syn_9    GCLK               config             config_inst.jtck        46
#3        adc/clk_adc          GCLK               lslice             type/sel3_syn_872.q0    7


Detailed IO Report

     Name       Direction    Location    IOStandard    DriveStrength    PullType    PackReg  
     clk          INPUT        P34        LVCMOS25          N/A          PULLUP      NONE    
  data_in[7]      INPUT         P2        LVCMOS25          N/A          PULLUP      NONE    
  data_in[6]      INPUT         P3        LVCMOS25          N/A          PULLUP      NONE    
  data_in[5]      INPUT         P4        LVCMOS25          N/A          PULLUP      NONE    
  data_in[4]      INPUT         P5        LVCMOS25          N/A          PULLUP      NONE    
  data_in[3]      INPUT        P10        LVCMOS25          N/A          PULLUP      NONE    
  data_in[2]      INPUT        P11        LVCMOS25          N/A          PULLUP      NONE    
  data_in[1]      INPUT        P12        LVCMOS25          N/A          PULLUP      NONE    
  data_in[0]      INPUT        P13        LVCMOS25          N/A          PULLUP      NONE    
     eoc          INPUT        P60        LVCMOS25          N/A          PULLUP      NONE    
     key1         INPUT        P50        LVCMOS25          N/A          PULLUP      NONE    
     key2         INPUT        P30        LVCMOS25          N/A           N/A        IREG    
   reset_n        INPUT        P55        LVCMOS25          N/A          PULLUP      NONE    
   uart_rxd       INPUT        P54        LVCMOS25          N/A          PULLUP      IREG    
   adc_clk       OUTPUT        P57        LVCMOS25           8            NONE       OREG    
     ale         OUTPUT        P23        LVCMOS25           8            N/A        OREG    
      oe         OUTPUT        P86        LVCMOS25           8            NONE       OREG    
    start        OUTPUT        P59        LVCMOS25           8            NONE       OREG    
   uart_txd      OUTPUT        P52        LVCMOS25           8            NONE       NONE    

Report Hierarchy Area:
+---------------------------------------------------------------------------------------------------------+
|Instance                            |Module         |le     |lut     |ripple  |seq     |bram    |dsp     |
+---------------------------------------------------------------------------------------------------------+
|top                                 |top            |620    |421     |120     |323     |1       |0       |
|  adc                               |adc_ctrl       |10     |10      |0       |10      |0       |0       |
|  fifo_list                         |fifo_ctrl      |114    |48      |37      |53      |0       |0       |
|    fifo_list                       |fifo           |91     |34      |28      |46      |0       |0       |
|  rx                                |uart_rx        |53     |47      |6       |34      |0       |0       |
|  type                              |type_choice    |121    |113     |8       |67      |0       |0       |
|  cw_top                            |CW_TOP_WRAPPER |320    |201     |69      |152     |0       |0       |
|    wrapper_cwc_top                 |cwc_top        |320    |201     |69      |152     |0       |0       |
|      cfg_int_inst                  |cwc_cfg_int    |78     |42      |0       |76      |0       |0       |
|        reg_inst                    |register       |76     |40      |0       |74      |0       |0       |
|        tap_inst                    |tap            |2      |2       |0       |2       |0       |0       |
|      trigger_inst                  |trigger        |242    |159     |69      |76      |0       |0       |
|        bus_inst                    |bus_top        |1      |0       |0       |1       |0       |0       |
|          BUS_DETECTOR[0]$bus_nodes |bus_det        |1      |0       |0       |1       |0       |0       |
|        emb_ctrl_inst               |emb_ctrl       |154    |115     |37      |55      |0       |0       |
+---------------------------------------------------------------------------------------------------------+


DataNet Average Fanout:

   Index     Fanout    Nets  
    #1         1       419   
    #2         2       166   
    #3         3       101   
    #4         4        23   
    #5        5-10      60   
    #6       11-50      19   
    #7       51-100     1    
  Average     2.53           

RUN-1002 : start command "export_db adc_pr.db"
RUN-1001 : Exported /
RUN-1001 : Exported flow parameters
RUN-1001 : Exported libs
RUN-1001 : Exported entities
RUN-1001 : Exported ports
RUN-1001 : Exported pins
RUN-1001 : Exported instances
RUN-1001 : Exported nets
RUN-1001 : Exported buses
RUN-1001 : Exported models
RUN-1001 : Exported congestions
RUN-1001 : Exported violations
RUN-1001 : Exported IO constraints
RUN-1001 : Exported Inst constraints
RUN-1001 : Exported ChipWatcher
RUN-1002 : start command "export_bid adc_inst.bid"
PRG-1000 : <!-- HMAC is: bd48f91040fc55f9e766a3e0046bff8fb3baf71c358db1ddb5b1ea1516827cca -->
RUN-1002 : start command "bitgen -bit adc.bit"
BIT-1003 : Start to generate bitstream. 
BIT-1002 : Init instances with 16 threads.
BIT-1002 : Init instances completely, inst num: 349
BIT-1002 : Init pips with 16 threads.
BIT-1002 : Init pips completely, net num: 825, pip num: 6708
BIT-1002 : Init feedthrough completely, num: 6
BIT-1003 : Multithreading accelaration with 16 threads.
BIT-1003 : Generate bitstream completely, there are 874 valid insts, and 19499 bits set as '1'.
BIT-1004 : the usercode register value: 00000000010011111001101101001101
BIT-1004 : PLL setting string = 0000
BIT-1004 : Generate bits file adc.bit.
RUN-1003 : finish command "bitgen -bit adc.bit" in  1.678853s wall, 8.000000s user + 0.000000s system = 8.000000s CPU (476.5%)

RUN-1004 : used memory is 511 MB, reserved memory is 482 MB, peak memory is 694 MB
RUN-1002 : start command "backup_run_log run.log ../.logs/phy_1/td_20230307_232238.log"
