============================================================
   Tang Dynasty, V5.6.56362
   Copyright (c) 2012-2022 Anlogic
   Executable = C:/Anlogic/TD5.6.56362/bin/td.exe
   Built at =   19:51:00 Jul 25 2022
   Run by =     shaka
   Run Date =   Sun Mar  5 17:33:01 2023

   Run on =     BR007
============================================================
RUN-1002 : start command "open_project adc.prj"
RUN-1001 : Print Global Property
RUN-1001 : ---------------------------------------------------------------
RUN-1001 :        Parameters        |  Settings  |  Default Values  |  Note  
RUN-1001 : ---------------------------------------------------------------
RUN-1001 :          message         |  standard  |     standard     |        
RUN-1001 :   mixed_pack_place_flow  |     on     |        on        |        
RUN-1001 :        syn_ip_flow       |    off     |       off        |        
RUN-1001 :          thread          |    auto    |       auto       |        
RUN-1001 : ---------------------------------------------------------------
RUN-1001 : Print Design Property
RUN-1001 : --------------------------------------------------------------
RUN-1001 :        Parameters       |  Settings  |  Default Values  |  Note  
RUN-1001 : --------------------------------------------------------------
RUN-1001 :   default_reg_initial   |    auto    |       auto       |        
RUN-1001 :        infer_add        |     on     |        on        |        
RUN-1001 :        infer_fsm        |    off     |       off        |        
RUN-1001 :        infer_mult       |     on     |        on        |        
RUN-1001 :        infer_ram        |     on     |        on        |        
RUN-1001 :        infer_reg        |     on     |        on        |        
RUN-1001 :   infer_reg_init_value  |     on     |        on        |        
RUN-1001 :        infer_rom        |     on     |        on        |        
RUN-1001 :      infer_shifter      |     on     |        on        |        
RUN-1001 : --------------------------------------------------------------
RUN-1001 : Print Rtl Property
RUN-1001 : --------------------------------------------------------------
RUN-1001 :        Parameters       |  Settings  |  Default Values  |  Note  
RUN-1001 : --------------------------------------------------------------
RUN-1001 :       compress_add      |   ripple   |      ripple      |        
RUN-1001 :        elf_sload        |    off     |       off        |        
RUN-1001 :       fix_undriven      |     0      |        0         |        
RUN-1001 :         flatten         |    off     |       off        |        
RUN-1001 :       gate_sharing      |     on     |        on        |        
RUN-1001 :    hdl_warning_level    |   normal   |      normal      |        
RUN-1001 :   impl_internal_tribuf  |     on     |        on        |        
RUN-1001 :      impl_set_reset     |     on     |        on        |        
RUN-1001 :        infer_gsr        |    off     |       off        |        
RUN-1001 :      keep_hierarchy     |    auto    |       auto       |        
RUN-1001 :        max_fanout       |    9999    |       9999       |        
RUN-1001 :      max_oh2bin_len     |     10     |        10        |        
RUN-1001 :       merge_equal       |     on     |        on        |        
RUN-1001 :       merge_equiv       |     on     |        on        |        
RUN-1001 :        merge_mux        |    off     |       off        |        
RUN-1001 :     min_control_set     |     8      |        8         |        
RUN-1001 :      min_ripple_len     |    auto    |       auto       |        
RUN-1001 :       oh2bin_ratio      |    0.08    |       0.08       |        
RUN-1001 :     opt_adder_fanout    |     on     |        on        |        
RUN-1001 :        opt_arith        |     on     |        on        |        
RUN-1001 :       opt_big_gate      |    off     |       off        |        
RUN-1001 :        opt_const        |     on     |        on        |        
RUN-1001 :      opt_const_mult     |     on     |        on        |        
RUN-1001 :       opt_lessthan      |     on     |        on        |        
RUN-1001 :         opt_mux         |    off     |       off        |        
RUN-1001 :         opt_ram         |    high    |       high       |        
RUN-1001 :      rtl_sim_model      |    off     |       off        |        
RUN-1001 :         seq_syn         |     on     |        on        |        
RUN-1001 : --------------------------------------------------------------
HDL-1007 : analyze verilog file ../../../Core/fifo.v
HDL-1007 : analyze verilog file ../../../Src/top.v
HDL-1007 : undeclared symbol 'valid', assumed default net type 'wire' in ../../../Src/top.v(37)
HDL-1007 : undeclared symbol 'fifo_out', assumed default net type 'wire' in ../../../Src/top.v(47)
HDL-1007 : undeclared symbol 'data_vld', assumed default net type 'wire' in ../../../Src/top.v(48)
HDL-1007 : undeclared symbol 'out_en', assumed default net type 'wire' in ../../../Src/top.v(49)
HDL-1007 : undeclared symbol 'adc_en', assumed default net type 'wire' in ../../../Src/top.v(58)
HDL-1007 : undeclared symbol 'data', assumed default net type 'wire' in ../../../Src/top.v(64)
HDL-1007 : undeclared symbol 'data_en', assumed default net type 'wire' in ../../../Src/top.v(65)
HDL-1007 : undeclared symbol 'depth', assumed default net type 'wire' in ../../../Src/top.v(78)
HDL-1007 : undeclared symbol 'over', assumed default net type 'wire' in ../../../Src/top.v(80)
HDL-1007 : undeclared symbol 'fifo_working', assumed default net type 'wire' in ../../../Src/top.v(81)
HDL-1007 : undeclared symbol 'condition', assumed default net type 'wire' in ../../../Src/top.v(96)
HDL-1007 : analyze verilog file ../../../Src/uart_rx.v
HDL-1007 : analyze verilog file ../../../Src/uart_tx.v
HDL-1007 : analyze verilog file ../../../Src/adc_ctrl.v
HDL-1007 : analyze verilog file ../../../Src/type_choice.v
HDL-1007 : analyze verilog file ../../../Src/fifo_ctrl.v
HDL-1007 : undeclared symbol 'empty_flag', assumed default net type 'wire' in ../../../Src/fifo_ctrl.v(130)
HDL-1007 : undeclared symbol 'wrusedw', assumed default net type 'wire' in ../../../Src/fifo_ctrl.v(131)
RUN-1001 : Project manager successfully analyzed 7 source files.
RUN-1002 : start command "import_device eagle_s20.db -package EG4S20NG88"
ARC-1001 : Device Initialization.
ARC-1001 : ---------------------------------------------------------------
ARC-1001 :            OPTION            |        IO         |   SETTING   
ARC-1001 : ---------------------------------------------------------------
ARC-1001 :   cso_b/cclk/mosi/miso/dout  |  P69/P82/P81/P80  |    gpio    
ARC-1001 :             done             |        P8         |    gpio    
ARC-1001 :           program_b          |        P67        |  dedicate  
ARC-1001 :        tdi/tms/tck/tdo       |  P25/P22/P26/P21  |  dedicate  
ARC-1001 : ---------------------------------------------------------------
ARC-1004 : Device setting, marked 5 dedicate IOs in total.
RUN-1002 : start command "import_db ../syn_1/adc_gate.db"
RUN-1001 : Importing database generated by Tang Dynasty, V5.6.56362.
RUN-1001 : Database version number 46140.
RUN-1001 : Import flow parameters
RUN-1001 : Import timing constraints
RUN-1001 : Import IO constraints
RUN-1001 : Import Inst constraints
RUN-1001 : Import design success TD_VERSION=5.6.56362 , DB_VERSION=46140
RUN-1002 : start command "read_sdc"
USR-1002 : read_sdc file_name -help -h -eco
USR-1009 : NO module with IP_SDC ...
RUN-1104 : Import SDC file  finished, there are 0 nets kept by constraints.
RUN-1002 : start command "place"
RUN-1001 : Open license file C:/Anlogic/TD5.6.56362/license/Anlogic.lic
RUN-1001 : Print Global Property
RUN-1001 : ---------------------------------------------------------------
RUN-1001 :        Parameters        |  Settings  |  Default Values  |  Note  
RUN-1001 : ---------------------------------------------------------------
RUN-1001 :          message         |  standard  |     standard     |        
RUN-1001 :   mixed_pack_place_flow  |     on     |        on        |        
RUN-1001 :        syn_ip_flow       |    off     |       off        |        
RUN-1001 :          thread          |    auto    |       auto       |        
RUN-1001 : ---------------------------------------------------------------
RUN-1001 : Print Place Property
RUN-1001 : --------------------------------------------------------------
RUN-1001 :        Parameters       |  Settings  |  Default Values  |  Note  
RUN-1001 : --------------------------------------------------------------
RUN-1001 :      detailed_place     |     on     |        on        |        
RUN-1001 :          effort         |   medium   |      medium      |        
RUN-1001 :         fix_hold        |    off     |       off        |        
RUN-1001 :       legalization      |    ori     |       ori        |        
RUN-1001 :      new_spreading      |     on     |        on        |        
RUN-1001 :        opt_timing       |   medium   |      medium      |        
RUN-1001 :   post_clock_route_opt  |    off     |       off        |        
RUN-1001 :       pr_strategy       |     1      |        1         |        
RUN-1001 :        relaxation       |    1.00    |       1.00       |        
RUN-1001 :         retiming        |    off     |       off        |        
RUN-1001 : --------------------------------------------------------------
PHY-3001 : Placer runs in 16 thread(s).
RUN-1002 : start command "legalize_phy_inst"
SYN-1011 : Flatten model top
SYN-4036 : The kept net data_in[7]_dup_3 is useless
SYN-4036 : The kept net data_in[6]_dup_3 is useless
SYN-4036 : The kept net data_in[5]_dup_3 is useless
SYN-4036 : The kept net data_in[4]_dup_3 is useless
SYN-4036 : The kept net data_in[3]_dup_3 is useless
SYN-4036 : The kept net data_in[2]_dup_3 is useless
SYN-4036 : The kept net data_in[1]_dup_3 is useless
SYN-4036 : The kept net data_in[0]_dup_3 is useless
SYN-4036 : The kept net key1_dup_3 is useless
SYN-5055 WARNING: The kept net type/uart_data[7] will be merged to another kept net rx/data_rx[7]
SYN-5055 WARNING: The kept net type/uart_data[6] will be merged to another kept net rx/data_rx[6]
SYN-5055 WARNING: The kept net type/uart_data[5] will be merged to another kept net rx/data_rx[5]
SYN-5055 WARNING: The kept net type/uart_data[4] will be merged to another kept net rx/data_rx[4]
SYN-5055 WARNING: The kept net type/uart_data[3] will be merged to another kept net rx/data_rx[3]
SYN-5055 WARNING: The kept net type/uart_data[2] will be merged to another kept net rx/data_rx[2]
SYN-5055 WARNING: The kept net type/uart_data[1] will be merged to another kept net rx/data_rx[1]
SYN-5055 WARNING: The kept net type/uart_data[0] will be merged to another kept net rx/data_rx[0]
SYN-5055 WARNING: The kept net type/valid will be merged to another kept net rx/data_valid
RUN-1002 : start command "phys_opt -simplify_lut"
SYN-4024 : Net "clk_dup_3" drives clk pins.
SYN-4024 : Net "adc/clk_adc" drives clk pins.
SYN-4025 : Tag rtl::Net adc/clk_adc as clock net
SYN-4025 : Tag rtl::Net clk_dup_3 as clock net
SYN-4026 : Tagged 2 rtl::Net as clock net
SYN-4015 : Create BUFG instance for clk Net adc/clk_adc to drive 6 clock pins.
PHY-1001 : Populate physical database on model top.
RUN-1001 : There are total 444 instances
RUN-0007 : 209 luts, 174 seqs, 22 mslices, 16 lslices, 19 pads, 0 brams, 0 dsps
RUN-1001 : There are total 538 nets
RUN-6004 WARNING: There are 9 nets with only 1 pin.
RUN-1001 : 324 nets have 2 pins
RUN-1001 : 166 nets have [3 - 5] pins
RUN-1001 : 25 nets have [6 - 10] pins
RUN-1001 : 7 nets have [11 - 20] pins
RUN-1001 : 4 nets have [21 - 99] pins
RUN-1001 : 3 nets have 100+ pins
RUN-1001 : Report Control nets information:
RUN-1001 : DFF Distribution
RUN-1001 : ----------------------------------
RUN-1001 :   CE   |  SSR  |  ASR  |  DFF Count  
RUN-1001 : ----------------------------------
RUN-1001 :   No   |  No   |  No   |      5      
RUN-1001 :   No   |  No   |  Yes  |     132     
RUN-1001 :   No   |  Yes  |  No   |      0      
RUN-1001 :   Yes  |  No   |  No   |      0      
RUN-1001 :   Yes  |  No   |  Yes  |     37      
RUN-1001 :   Yes  |  Yes  |  No   |      0      
RUN-1001 : ----------------------------------
RUN-0007 : Control Group Statistic
RUN-0007 : ---------------------------
RUN-0007 :   #CLK  |  #CE  |  #SSR/ASR  
RUN-0007 : ---------------------------
RUN-0007 :    2    |   3   |     3      
RUN-0007 : ---------------------------
RUN-0007 : Control Set = 6
PHY-3001 : Initial placement ...
PHY-3001 : design contains 442 instances, 209 luts, 174 seqs, 38 slices, 5 macros(38 instances: 22 mslices 16 lslices)
PHY-0007 : Cell area utilization is 1%
PHY-3001 : Start timing update ...
RUN-1002 : start command "start_timer -report"
TMR-2505 : Start building timing graph for model top.
TMR-2506 : Build timing graph completely. Port num: 12, tpin num: 2009, tnet num: 536, tinst num: 442, tnode num: 2621, tedge num: 3211.
TMR-2508 : Levelizing timing graph completed, there are 21 levels in total.
TMR-2501 : Timing graph initialized successfully.
TMR-2503 : Start to update net delay, extr mode = 2.
TMR-2504 : Update delay of 536 nets completely.
TMR-2502 : Annotate delay completely, extr mode = 2.
TMR-3001 : Initiate 0 clocks from SDC.
TMR-3004 : Map sdc constraints, there are 0 constraints in total.
TMR-3003 : Constraints initiated successfully.
TMR-3501 : Forward propagation: start to calculate arrival time...
TMR-3502 : Backward propagation: start to calculate required time...
TMR-3503 : Timing propagation completes.
PHY-3001 : End timing update;  0.220616s wall, 0.125000s user + 0.000000s system = 0.125000s CPU (56.7%)

PHY-3001 : Global placement ...
PHY-3001 : Initial: Len = 131782
PHY-3001 : Clustering ...
PHY-3001 : Level 0 #clusters 442.
PHY-3001 : End clustering;  0.000029s wall, 0.000000s user + 0.000000s system = 0.000000s CPU (n/a%)

PHY-3001 : Run with size of 4
PHY-3001 : Cell area utilization is 1%
PHY-3001 : :::0::: Try harder cell spreading with beta_ = 0
PHY-3002 : Step(1): len = 70337.5, overlap = 0
PHY-3002 : Step(2): len = 43311.8, overlap = 0
PHY-3002 : Step(3): len = 27193.3, overlap = 0
PHY-3002 : Step(4): len = 20182.1, overlap = 0
PHY-3002 : Step(5): len = 15805, overlap = 0
PHY-3002 : Step(6): len = 13947.9, overlap = 0
PHY-3002 : Step(7): len = 13652.8, overlap = 0
PHY-3002 : Step(8): len = 13207.2, overlap = 0
PHY-3002 : Step(9): len = 13265.9, overlap = 0
PHY-3002 : Step(10): len = 12948.1, overlap = 0
PHY-3002 : Step(11): len = 12012.5, overlap = 0
PHY-3002 : Step(12): len = 11548.4, overlap = 0
PHY-3002 : Step(13): len = 11946.1, overlap = 0
PHY-3002 : Step(14): len = 10842.7, overlap = 0
PHY-3002 : Step(15): len = 10123.3, overlap = 0
PHY-3002 : Step(16): len = 10342.5, overlap = 0
PHY-3002 : Step(17): len = 9383.2, overlap = 0
PHY-3002 : Step(18): len = 9282.5, overlap = 0
PHY-3002 : Step(19): len = 9299.2, overlap = 0
PHY-3002 : Step(20): len = 8892.5, overlap = 0
PHY-3002 : Step(21): len = 8809.5, overlap = 0
PHY-3002 : Step(22): len = 8732.4, overlap = 0
PHY-3002 : Step(23): len = 8372.6, overlap = 0
PHY-3002 : Step(24): len = 8668.5, overlap = 0
PHY-3002 : Step(25): len = 8472.2, overlap = 0
PHY-3002 : Step(26): len = 7742.4, overlap = 0
PHY-3002 : Step(27): len = 7906.5, overlap = 0
PHY-3002 : Step(28): len = 7971.7, overlap = 0
PHY-3002 : Step(29): len = 7197.6, overlap = 0
PHY-3002 : Step(30): len = 7212.2, overlap = 0
PHY-3002 : Step(31): len = 7439.3, overlap = 0
PHY-3002 : Step(32): len = 6333.9, overlap = 0
PHY-3002 : Step(33): len = 6165.3, overlap = 0
PHY-3002 : Step(34): len = 6165.3, overlap = 0
PHY-3002 : Step(35): len = 5691, overlap = 0
PHY-3002 : Step(36): len = 5691, overlap = 0
PHY-3002 : Step(37): len = 5612.1, overlap = 0
PHY-3001 : Legalization ...
PHY-3001 : End legalization;  0.005542s wall, 0.000000s user + 0.000000s system = 0.000000s CPU (n/a%)

PHY-3001 : Run with size of 4
PHY-3001 : Cell area utilization is 1%
PHY-3001 : Update timing in Manhattan mode ...
TMR-2503 : Start to update net delay, extr mode = 3.
TMR-2504 : Update delay of 536 nets completely.
TMR-2502 : Annotate delay completely, extr mode = 3.
TMR-3501 : Forward propagation: start to calculate arrival time...
TMR-3502 : Backward propagation: start to calculate required time...
TMR-3503 : Timing propagation completes.
PHY-3001 : End timing update;  0.013263s wall, 0.000000s user + 0.000000s system = 0.000000s CPU (n/a%)

PHY-3001 : :::0::: Try harder cell spreading with beta_ = 0
PHY-3002 : Step(38): len = 5414.8, overlap = 0.75
PHY-3002 : Step(39): len = 5414.8, overlap = 0.75
PHY-3002 : Step(40): len = 5398.2, overlap = 0.625
PHY-3002 : Step(41): len = 5438.7, overlap = 0.625
PHY-3002 : Step(42): len = 5544.1, overlap = 1.125
PHY-3002 : Step(43): len = 5620.1, overlap = 1.5
PHY-3002 : Step(44): len = 5271.6, overlap = 1.8125
PHY-3002 : Step(45): len = 5296, overlap = 1.8125
PHY-3002 : Step(46): len = 5418.3, overlap = 2.25
PHY-3002 : Step(47): len = 5476, overlap = 2.375
PHY-3002 : Step(48): len = 5127.8, overlap = 2.3125
PHY-3002 : Step(49): len = 5194.5, overlap = 2.3125
PHY-3002 : Step(50): len = 5145.3, overlap = 3.8125
PHY-3002 : Step(51): len = 5170.8, overlap = 4.09375
PHY-3002 : Step(52): len = 5146, overlap = 4.34375
PHY-3002 : Step(53): len = 5146, overlap = 4.34375
PHY-3002 : Step(54): len = 4947.5, overlap = 4.34375
PHY-3002 : Step(55): len = 4851.8, overlap = 4.25
PHY-3002 : Step(56): len = 4851.8, overlap = 4.25
PHY-3002 : Step(57): len = 4803.3, overlap = 4.125
PHY-3002 : Step(58): len = 4803.3, overlap = 4.125
PHY-3002 : Step(59): len = 4711.7, overlap = 4.125
PHY-3002 : Step(60): len = 4711.7, overlap = 4.125
PHY-3002 : Step(61): len = 4683.3, overlap = 4.125
PHY-3001 : Run with size of 2
PHY-3001 : Cell area utilization is 1%
PHY-3001 : Update timing in Manhattan mode ...
TMR-2503 : Start to update net delay, extr mode = 3.
TMR-2504 : Update delay of 536 nets completely.
TMR-2502 : Annotate delay completely, extr mode = 3.
TMR-3501 : Forward propagation: start to calculate arrival time...
TMR-3502 : Backward propagation: start to calculate required time...
TMR-3503 : Timing propagation completes.
PHY-3001 : End timing update;  0.013590s wall, 0.000000s user + 0.000000s system = 0.000000s CPU (n/a%)

PHY-3001 : :::0::: Try harder cell spreading with beta_ = 7.3073e-06
PHY-3002 : Step(62): len = 4751.1, overlap = 12.9688
PHY-3002 : Step(63): len = 4844.2, overlap = 13.0625
PHY-3001 : :::1::: Try harder cell spreading with beta_ = 1.46146e-05
PHY-3002 : Step(64): len = 4884.6, overlap = 12.9375
PHY-3002 : Step(65): len = 4884.6, overlap = 12.9375
PHY-3001 : :::2::: Try harder cell spreading with beta_ = 2.92292e-05
PHY-3002 : Step(66): len = 5239.3, overlap = 11.5938
PHY-3002 : Step(67): len = 5239.3, overlap = 11.5938
PHY-3001 : :::3::: Try harder cell spreading with beta_ = 5.84584e-05
PHY-3002 : Step(68): len = 5694.1, overlap = 11.4375
PHY-3002 : Step(69): len = 6035.8, overlap = 10.5312
PHY-3002 : Step(70): len = 6152.2, overlap = 9.75
PHY-3002 : Step(71): len = 5781.5, overlap = 9.59375
PHY-3002 : Step(72): len = 5379.4, overlap = 9
PHY-3002 : Step(73): len = 5379.4, overlap = 9
PHY-3002 : Step(74): len = 5285.2, overlap = 9.28125
OPT-1001 : Start physical optimization ...
RUN-1002 : start command "start_timer -report"
TMR-2505 : Start building timing graph for model top.
TMR-2506 : Build timing graph completely. Port num: 12, tpin num: 2009, tnet num: 536, tinst num: 442, tnode num: 2621, tedge num: 3211.
TMR-2508 : Levelizing timing graph completed, there are 21 levels in total.
TMR-2501 : Timing graph initialized successfully.
OPT-1001 : Total overflow 27.19 peak overflow 4.34
OPT-1001 : Start high-fanout net optimization ...
OPT-1001 : Update timing in global mode
PHY-1001 : Start incremental global routing, caller is place ...
RUN-1001 : Generating global routing grids ...
RUN-1001 : Building simple global routing graph ...
PHY-1001 : Generate routing nets ...
PHY-1001 : Reuse net number 0/538.
PHY-1001 : Global iterations in 16 thread ...
PHY-1002 : len = 5712, over cnt = 20(0%), over = 64, worst = 8
PHY-1001 : End global iterations;  0.038310s wall, 0.031250s user + 0.000000s system = 0.031250s CPU (81.6%)

PHY-1001 : Congestion index: top1 = 11.10, top5 = 3.81, top10 = 1.90, top15 = 1.27.
PHY-1001 : End incremental global routing;  0.125558s wall, 0.062500s user + 0.046875s system = 0.109375s CPU (87.1%)

TMR-2503 : Start to update net delay, extr mode = 5.
TMR-2504 : Update delay of 536 nets completely.
TMR-2502 : Annotate delay completely, extr mode = 5.
TMR-3001 : Initiate 0 clocks from SDC.
TMR-3004 : Map sdc constraints, there are 0 constraints in total.
TMR-3003 : Constraints initiated successfully.
TMR-3501 : Forward propagation: start to calculate arrival time...
TMR-3502 : Backward propagation: start to calculate required time...
TMR-3503 : Timing propagation completes.
OPT-1001 : End timing update;  0.016369s wall, 0.015625s user + 0.000000s system = 0.015625s CPU (95.5%)

OPT-1001 : 0 high-fanout net processed.
OPT-1001 : End high-fanout net optimization;  0.152955s wall, 0.078125s user + 0.046875s system = 0.125000s CPU (81.7%)

OPT-1001 : Current memory(MB): used = 175, reserve = 146, peak = 175.
OPT-1001 : Start global optimization ...
OPT-1001 : Start congestion update ...
RUN-1001 : Generating global routing grids ...
PHY-1001 : Generate routing nets ...
PHY-1001 : Reuse net number 203/538.
PHY-1001 : Global iterations in 16 thread ...
PHY-1002 : len = 5712, over cnt = 20(0%), over = 64, worst = 8
PHY-1002 : len = 6136, over cnt = 8(0%), over = 19, worst = 4
PHY-1002 : len = 6296, over cnt = 4(0%), over = 8, worst = 4
PHY-1002 : len = 6424, over cnt = 0(0%), over = 0, worst = 0
PHY-1001 : End global iterations;  0.039461s wall, 0.000000s user + 0.000000s system = 0.000000s CPU (n/a%)

PHY-1001 : Congestion index: top1 = 11.96, top5 = 4.16, top10 = 2.07, top15 = 1.38.
OPT-1001 : End congestion update;  0.106805s wall, 0.078125s user + 0.000000s system = 0.078125s CPU (73.1%)

OPT-1001 : Update timing in Manhattan mode
TMR-2503 : Start to update net delay, extr mode = 3.
TMR-2504 : Update delay of 536 nets completely.
TMR-2502 : Annotate delay completely, extr mode = 3.
TMR-3501 : Forward propagation: start to calculate arrival time...
TMR-3502 : Backward propagation: start to calculate required time...
TMR-3503 : Timing propagation completes.
OPT-1001 : End timing update;  0.012416s wall, 0.015625s user + 0.000000s system = 0.015625s CPU (125.8%)

OPT-0007 : Start: WNS 2147483647 TNS 0 NUM_FEPS 0
OPT-1001 : End global optimization;  0.119480s wall, 0.093750s user + 0.000000s system = 0.093750s CPU (78.5%)

OPT-1001 : Current memory(MB): used = 176, reserve = 147, peak = 176.
OPT-1001 : End physical optimization;  0.499523s wall, 0.375000s user + 0.046875s system = 0.421875s CPU (84.5%)

PHY-3001 : Start packing ...
SYN-4007 : Packing 0 MUX to BLE ...
SYN-4008 : Packed 0 MUX and 0 SEQ to BLE.
SYN-4007 : Packing 209 LUT to BLE ...
SYN-4008 : Packed 209 LUT and 128 SEQ to BLE.
SYN-4003 : Packing 46 remaining SEQ's ...
SYN-4005 : Packed 31 SEQ with LUT/SLICE
SYN-4006 : 54 single LUT's are left
SYN-4006 : 15 single SEQ's are left
SYN-4011 : Packing model "top" (AL_USER_NORMAL) with 224/421 primitive instances ...
PHY-3001 : End packing;  0.026324s wall, 0.031250s user + 0.000000s system = 0.031250s CPU (118.7%)

PHY-1001 : Populate physical database on model top.
RUN-1001 : There are total 187 instances
RUN-1001 : 82 mslices, 82 lslices, 19 pads, 0 brams, 0 dsps
RUN-1001 : There are total 410 nets
RUN-6004 WARNING: There are 9 nets with only 1 pin.
RUN-1001 : 190 nets have 2 pins
RUN-1001 : 169 nets have [3 - 5] pins
RUN-1001 : 28 nets have [6 - 10] pins
RUN-1001 : 9 nets have [11 - 20] pins
RUN-1001 : 2 nets have [21 - 99] pins
RUN-1001 : 3 nets have 100+ pins
PHY-3001 : design contains 185 instances, 164 slices, 5 macros(38 instances: 22 mslices 16 lslices)
PHY-3001 : Cell area utilization is 2%
PHY-3001 : After packing: Len = 5496.8, Over = 14.25
PHY-3001 : Run with size of 2
PHY-3001 : Cell area utilization is 2%
PHY-3001 : Update timing in Manhattan mode ...
RUN-1002 : start command "start_timer -report"
TMR-2505 : Start building timing graph for model top.
TMR-2506 : Build timing graph completely. Port num: 12, tpin num: 1646, tnet num: 408, tinst num: 185, tnode num: 2111, tedge num: 2807.
TMR-2508 : Levelizing timing graph completed, there are 19 levels in total.
TMR-2501 : Timing graph initialized successfully.
TMR-2503 : Start to update net delay, extr mode = 3.
TMR-2504 : Update delay of 408 nets completely.
TMR-2502 : Annotate delay completely, extr mode = 3.
TMR-3001 : Initiate 0 clocks from SDC.
TMR-3004 : Map sdc constraints, there are 0 constraints in total.
TMR-3003 : Constraints initiated successfully.
TMR-3501 : Forward propagation: start to calculate arrival time...
TMR-3502 : Backward propagation: start to calculate required time...
TMR-3503 : Timing propagation completes.
PHY-3001 : End timing update;  0.240177s wall, 0.203125s user + 0.000000s system = 0.203125s CPU (84.6%)

PHY-3001 : :::0::: Try harder cell spreading with beta_ = 3.66072e-05
PHY-3002 : Step(75): len = 5228.4, overlap = 13.5
PHY-3002 : Step(76): len = 5243.3, overlap = 14
PHY-3002 : Step(77): len = 5236.7, overlap = 14.25
PHY-3001 : :::1::: Try harder cell spreading with beta_ = 7.32144e-05
PHY-3002 : Step(78): len = 5235.9, overlap = 13.5
PHY-3002 : Step(79): len = 5249, overlap = 13.5
PHY-3001 : :::2::: Try harder cell spreading with beta_ = 0.000146429
PHY-3002 : Step(80): len = 5345.1, overlap = 12.75
PHY-3002 : Step(81): len = 5422.7, overlap = 12.5
PHY-3001 : Legalization ...
PHY-3001 : End legalization;  0.090385s wall, 0.000000s user + 0.000000s system = 0.000000s CPU (n/a%)

PHY-3001 : Trial Legalized: Len = 11001.8
PHY-3001 : Run with size of 2
PHY-3001 : Cell area utilization is 2%
PHY-3001 : Update timing in Manhattan mode ...
TMR-2503 : Start to update net delay, extr mode = 3.
TMR-2504 : Update delay of 408 nets completely.
TMR-2502 : Annotate delay completely, extr mode = 3.
TMR-3501 : Forward propagation: start to calculate arrival time...
TMR-3502 : Backward propagation: start to calculate required time...
TMR-3503 : Timing propagation completes.
PHY-3001 : End timing update;  0.009504s wall, 0.000000s user + 0.000000s system = 0.000000s CPU (n/a%)

PHY-3001 : :::0::: Try harder cell spreading with beta_ = 0
PHY-3002 : Step(82): len = 7794.3, overlap = 4.5
PHY-3002 : Step(83): len = 6740.3, overlap = 6.5
PHY-3002 : Step(84): len = 6004.1, overlap = 8.25
PHY-3002 : Step(85): len = 5854.8, overlap = 8.75
PHY-3002 : Step(86): len = 5790.7, overlap = 9.25
PHY-3001 : :::1::: Try harder cell spreading with beta_ = 7.52453e-05
PHY-3002 : Step(87): len = 5640.9, overlap = 8.75
PHY-3002 : Step(88): len = 5659.5, overlap = 8.75
PHY-3002 : Step(89): len = 5666.7, overlap = 8.75
PHY-3001 : :::2::: Try harder cell spreading with beta_ = 0.000150491
PHY-3002 : Step(90): len = 5582.5, overlap = 8
PHY-3002 : Step(91): len = 5582.5, overlap = 8
PHY-3001 : Legalization ...
PHY-3001 : End legalization;  0.007617s wall, 0.000000s user + 0.000000s system = 0.000000s CPU (n/a%)

PHY-3001 : Legalized: Len = 8876.4, Over = 0
PHY-3001 : End spreading;  0.004675s wall, 0.000000s user + 0.000000s system = 0.000000s CPU (n/a%)

PHY-3001 : Final: Len = 8876.4, Over = 0
OPT-1001 : Start physical optimization ...
RUN-1002 : start command "start_timer -report"
TMR-2505 : Start building timing graph for model top.
TMR-2506 : Build timing graph completely. Port num: 12, tpin num: 1646, tnet num: 408, tinst num: 185, tnode num: 2111, tedge num: 2807.
TMR-2508 : Levelizing timing graph completed, there are 19 levels in total.
TMR-2501 : Timing graph initialized successfully.
OPT-1001 : Total overflow 0.00 peak overflow 0.00
OPT-1001 : Start high-fanout net optimization ...
OPT-1001 : Update timing in global mode
PHY-1001 : Start incremental global routing, caller is place ...
RUN-1001 : Generating global routing grids ...
PHY-1001 : Generate routing nets ...
PHY-1001 : Reuse net number 20/410.
PHY-1001 : Global iterations in 16 thread ...
PHY-1002 : len = 9912, over cnt = 44(0%), over = 56, worst = 3
PHY-1002 : len = 10272, over cnt = 10(0%), over = 10, worst = 1
PHY-1002 : len = 10416, over cnt = 0(0%), over = 0, worst = 0
PHY-1001 : End global iterations;  0.093458s wall, 0.015625s user + 0.000000s system = 0.015625s CPU (16.7%)

PHY-1001 : Congestion index: top1 = 18.30, top5 = 7.32, top10 = 3.76, top15 = 2.51.
PHY-1001 : End incremental global routing;  0.168780s wall, 0.062500s user + 0.000000s system = 0.062500s CPU (37.0%)

TMR-2503 : Start to update net delay, extr mode = 5.
TMR-2504 : Update delay of 408 nets completely.
TMR-2502 : Annotate delay completely, extr mode = 5.
TMR-3001 : Initiate 0 clocks from SDC.
TMR-3004 : Map sdc constraints, there are 0 constraints in total.
TMR-3003 : Constraints initiated successfully.
TMR-3501 : Forward propagation: start to calculate arrival time...
TMR-3502 : Backward propagation: start to calculate required time...
TMR-3503 : Timing propagation completes.
OPT-1001 : End timing update;  0.017779s wall, 0.015625s user + 0.000000s system = 0.015625s CPU (87.9%)

OPT-1001 : 0 high-fanout net processed.
OPT-1001 : End high-fanout net optimization;  0.196626s wall, 0.093750s user + 0.000000s system = 0.093750s CPU (47.7%)

OPT-1001 : Current memory(MB): used = 178, reserve = 148, peak = 180.
OPT-1001 : Start path based optimization ...
OPT-1001 : Start congestion update ...
RUN-1001 : Generating global routing grids ...
PHY-1001 : Generate routing nets ...
PHY-1001 : Reuse net number 321/410.
PHY-1001 : Global iterations in 16 thread ...
PHY-1002 : len = 10416, over cnt = 0(0%), over = 0, worst = 0
PHY-1001 : End global iterations;  0.006158s wall, 0.015625s user + 0.000000s system = 0.015625s CPU (253.7%)

PHY-1001 : Congestion index: top1 = 18.30, top5 = 7.32, top10 = 3.76, top15 = 2.51.
OPT-1001 : End congestion update;  0.073441s wall, 0.062500s user + 0.000000s system = 0.062500s CPU (85.1%)

OPT-1001 : Update timing in Manhattan mode
TMR-2503 : Start to update net delay, extr mode = 3.
TMR-2504 : Update delay of 408 nets completely.
TMR-2502 : Annotate delay completely, extr mode = 3.
TMR-3501 : Forward propagation: start to calculate arrival time...
TMR-3502 : Backward propagation: start to calculate required time...
TMR-3503 : Timing propagation completes.
OPT-1001 : End timing update;  0.010736s wall, 0.015625s user + 0.000000s system = 0.015625s CPU (145.5%)

OPT-0007 : Start: WNS 2147483647 TNS 0 NUM_FEPS 0
OPT-1001 : End path based optimization;  0.084310s wall, 0.078125s user + 0.000000s system = 0.078125s CPU (92.7%)

OPT-1001 : Current memory(MB): used = 178, reserve = 149, peak = 180.
OPT-1001 : Update timing in Manhattan mode
TMR-2503 : Start to update net delay, extr mode = 3.
TMR-2504 : Update delay of 408 nets completely.
TMR-2502 : Annotate delay completely, extr mode = 3.
TMR-3501 : Forward propagation: start to calculate arrival time...
TMR-3502 : Backward propagation: start to calculate required time...
TMR-3503 : Timing propagation completes.
OPT-1001 : End timing update;  0.009886s wall, 0.015625s user + 0.000000s system = 0.015625s CPU (158.1%)

OPT-1001 : Start pin optimization...
OPT-1001 : skip pin optimization...
OPT-1001 : Update timing in global mode
PHY-1001 : Start incremental global routing, caller is place ...
RUN-1001 : Generating global routing grids ...
PHY-1001 : Generate routing nets ...
PHY-1001 : Reuse net number 321/410.
PHY-1001 : Global iterations in 16 thread ...
PHY-1002 : len = 10416, over cnt = 0(0%), over = 0, worst = 0
PHY-1001 : End global iterations;  0.005578s wall, 0.015625s user + 0.000000s system = 0.015625s CPU (280.1%)

PHY-1001 : Congestion index: top1 = 18.30, top5 = 7.32, top10 = 3.76, top15 = 2.51.
PHY-1001 : End incremental global routing;  0.071014s wall, 0.031250s user + 0.031250s system = 0.062500s CPU (88.0%)

TMR-2503 : Start to update net delay, extr mode = 5.
TMR-2504 : Update delay of 408 nets completely.
TMR-2502 : Annotate delay completely, extr mode = 5.
TMR-3501 : Forward propagation: start to calculate arrival time...
TMR-3502 : Backward propagation: start to calculate required time...
TMR-3503 : Timing propagation completes.
OPT-1001 : End timing update;  0.012485s wall, 0.015625s user + 0.000000s system = 0.015625s CPU (125.1%)

RUN-1001 : Generating global routing grids ...
PHY-1001 : Generate routing nets ...
PHY-1001 : Reuse net number 321/410.
PHY-1001 : Global iterations in 16 thread ...
PHY-1002 : len = 10416, over cnt = 0(0%), over = 0, worst = 0
PHY-1001 : End global iterations;  0.004896s wall, 0.000000s user + 0.015625s system = 0.015625s CPU (319.1%)

PHY-1001 : Congestion index: top1 = 18.30, top5 = 7.32, top10 = 3.76, top15 = 2.51.
OPT-1001 : Update timing in Manhattan mode
TMR-2503 : Start to update net delay, extr mode = 3.
TMR-2504 : Update delay of 408 nets completely.
TMR-2502 : Annotate delay completely, extr mode = 3.
TMR-3501 : Forward propagation: start to calculate arrival time...
TMR-3502 : Backward propagation: start to calculate required time...
TMR-3503 : Timing propagation completes.
OPT-1001 : End timing update;  0.008979s wall, 0.015625s user + 0.000000s system = 0.015625s CPU (174.0%)

RUN-1001 : QoR Analysis:
OPT-0007 :   WNS 2147483647 TNS 0 NUM_FEPS 0
RUN-1001 :   No local congestion issue, and most congested 1% tile average routing util is 17.931034
RUN-1001 :   Top critical paths
OPT-1001 : End physical optimization;  0.693759s wall, 0.500000s user + 0.046875s system = 0.546875s CPU (78.8%)

RUN-1003 : finish command "place" in  5.754403s wall, 1.937500s user + 0.734375s system = 2.671875s CPU (46.4%)

RUN-1004 : used memory is 168 MB, reserved memory is 139 MB, peak memory is 180 MB
RUN-1002 : start command "export_db adc_place.db"
RUN-1001 : Exported /
RUN-1001 : Exported flow parameters
RUN-1001 : Exported libs
RUN-1001 : Exported entities
RUN-1001 : Exported ports
RUN-1001 : Exported pins
RUN-1001 : Exported instances
RUN-1001 : Exported nets
RUN-1001 : Exported buses
RUN-1001 : Exported models
RUN-1001 : Exported congestions
RUN-1001 : Exported violations
RUN-1001 : Exported timing constraints
RUN-1001 : Exported IO constraints
RUN-1001 : Exported Inst constraints
RUN-1002 : start command "route"
RUN-1001 : Open license file C:/Anlogic/TD5.6.56362/license/Anlogic.lic
RUN-1001 : Print Global Property
RUN-1001 : ---------------------------------------------------------------
RUN-1001 :        Parameters        |  Settings  |  Default Values  |  Note  
RUN-1001 : ---------------------------------------------------------------
RUN-1001 :          message         |  standard  |     standard     |        
RUN-1001 :   mixed_pack_place_flow  |     on     |        on        |        
RUN-1001 :        syn_ip_flow       |    off     |       off        |        
RUN-1001 :          thread          |    auto    |       auto       |        
RUN-1001 : ---------------------------------------------------------------
RUN-1001 : Print Route Property
RUN-1001 : -------------------------------------------------------
RUN-1001 :    Parameters    |  Settings  |  Default Values  |  Note  
RUN-1001 : -------------------------------------------------------
RUN-1001 :      effort      |   medium   |      medium      |        
RUN-1001 :     fix_hold     |    off     |       off        |        
RUN-1001 :    opt_timing    |   medium   |      medium      |        
RUN-1001 :   phy_sim_model  |    off     |       off        |        
RUN-1001 :     priority     |   timing   |      timing      |        
RUN-1001 :     swap_pin     |     on     |        on        |        
RUN-1001 : -------------------------------------------------------
PHY-1001 : Route runs in 16 thread(s)
RUN-1001 : There are total 187 instances
RUN-1001 : 82 mslices, 82 lslices, 19 pads, 0 brams, 0 dsps
RUN-1001 : There are total 410 nets
RUN-6004 WARNING: There are 9 nets with only 1 pin.
RUN-1001 : 190 nets have 2 pins
RUN-1001 : 169 nets have [3 - 5] pins
RUN-1001 : 28 nets have [6 - 10] pins
RUN-1001 : 9 nets have [11 - 20] pins
RUN-1001 : 2 nets have [21 - 99] pins
RUN-1001 : 3 nets have 100+ pins
RUN-1002 : start command "start_timer -report"
TMR-2505 : Start building timing graph for model top.
TMR-2506 : Build timing graph completely. Port num: 12, tpin num: 1646, tnet num: 408, tinst num: 185, tnode num: 2111, tedge num: 2807.
TMR-2508 : Levelizing timing graph completed, there are 19 levels in total.
TMR-2501 : Timing graph initialized successfully.
PHY-1001 : 82 mslices, 82 lslices, 19 pads, 0 brams, 0 dsps
TMR-2503 : Start to update net delay, extr mode = 3.
TMR-2504 : Update delay of 408 nets completely.
TMR-2502 : Annotate delay completely, extr mode = 3.
TMR-3001 : Initiate 0 clocks from SDC.
TMR-3004 : Map sdc constraints, there are 0 constraints in total.
TMR-3003 : Constraints initiated successfully.
TMR-3501 : Forward propagation: start to calculate arrival time...
TMR-3502 : Backward propagation: start to calculate required time...
TMR-3503 : Timing propagation completes.
PHY-1001 : Start global routing, caller is route ...
RUN-1001 : Generating global routing grids ...
PHY-1001 : Generate routing nets ...
PHY-1001 : Global iterations in 16 thread ...
PHY-1002 : len = 9712, over cnt = 48(0%), over = 64, worst = 3
PHY-1002 : len = 10192, over cnt = 11(0%), over = 11, worst = 1
PHY-1002 : len = 10352, over cnt = 0(0%), over = 0, worst = 0
PHY-1001 : End global iterations;  0.076748s wall, 0.031250s user + 0.000000s system = 0.031250s CPU (40.7%)

PHY-1001 : Congestion index: top1 = 18.19, top5 = 7.35, top10 = 3.75, top15 = 2.50.
PHY-1001 : End global routing;  0.137252s wall, 0.062500s user + 0.000000s system = 0.062500s CPU (45.5%)

PHY-1001 : Start detail routing ...
PHY-1001 : Current memory(MB): used = 200, reserve = 171, peak = 213.
PHY-1001 : Detailed router is running in normal mode.
PHY-1001 : Generate detailed routing grids ...
PHY-1001 : Generate nets ...
PHY-1001 : net clk_dup_3 will be routed on clock mesh
PHY-5010 WARNING: Net data_in[7]_dup_3 is skipped due to 0 input or output
PHY-5010 WARNING: Net data_in[6]_dup_3 is skipped due to 0 input or output
PHY-5010 WARNING: Net data_in[5]_dup_3 is skipped due to 0 input or output
PHY-5010 WARNING: Net data_in[4]_dup_3 is skipped due to 0 input or output
PHY-5010 WARNING: Net data_in[3]_dup_3 is skipped due to 0 input or output
PHY-5010 WARNING: Net data_in[2]_dup_3 is skipped due to 0 input or output
PHY-5010 WARNING: Net data_in[1]_dup_3 is skipped due to 0 input or output
PHY-5010 WARNING: Net data_in[0]_dup_3 is skipped due to 0 input or output
PHY-5010 WARNING: Net key1_dup_3 is skipped due to 0 input or output
PHY-1001 : clock net adc/clk_adc_syn_4 will be merged with clock adc/clk_adc
PHY-5010 WARNING: Net data_in[7]_dup_3 is skipped due to 0 input or output
PHY-5010 Similar messages will be suppressed.
PHY-1001 : Current memory(MB): used = 466, reserve = 442, peak = 466.
PHY-1001 : End build detailed router design. 4.266470s wall, 4.046875s user + 0.093750s system = 4.140625s CPU (97.1%)

PHY-1001 : Detail Route ...
PHY-1001 : ===== Detail Route Phase 1 =====
PHY-1001 : Clock net routing.....
PHY-1001 : Routed 0% nets.
PHY-1022 : len = 9256, over cnt = 0(0%), over = 0, worst = 0, crit = 0
PHY-1001 : End initial clock net routed; 0.637056s wall, 0.625000s user + 0.015625s system = 0.640625s CPU (100.6%)

PHY-1001 : Current memory(MB): used = 495, reserve = 471, peak = 495.
PHY-1001 : End phase 1; 0.648747s wall, 0.640625s user + 0.015625s system = 0.656250s CPU (101.2%)

PHY-1001 : ===== Detail Route Phase 2 =====
PHY-1001 : Initial routing.....
PHY-1001 : Routed 31% nets.
PHY-1001 : Routed 32% nets.
PHY-1001 : Routed 33% nets.
PHY-1001 : Routed 33% nets.
PHY-1001 : Patch 209 net; 0.227270s wall, 0.187500s user + 0.015625s system = 0.203125s CPU (89.4%)

PHY-1022 : len = 27632, over cnt = 25(0%), over = 25, worst = 1, crit = 0
PHY-1001 : Current memory(MB): used = 495, reserve = 471, peak = 495.
PHY-1001 : End initial routed; 0.479016s wall, 0.421875s user + 0.031250s system = 0.453125s CPU (94.6%)

PHY-1001 : Update timing.....
PHY-1001 : 0/347(0%) critical/total net(s).
RUN-1001 : ------------------------------------------
RUN-1001 :   Type   |    WNS(ns)    |  TNS(ns)  |  FEP  
RUN-1001 : ------------------------------------------
RUN-1001 :   Setup  |  2147483.647  |   0.000   |   0   
RUN-1001 :   Hold   |  2147483.647  |   0.000   |   0   
RUN-1001 : ------------------------------------------
PHY-1001 : End update timing; 0.166693s wall, 0.156250s user + 0.000000s system = 0.156250s CPU (93.7%)

PHY-1001 : Current memory(MB): used = 496, reserve = 472, peak = 496.
PHY-1001 : End phase 2; 0.645802s wall, 0.578125s user + 0.031250s system = 0.609375s CPU (94.4%)

PHY-1001 : ===== Detail Route Phase 3 =====
PHY-1001 : Optimize timing.....
PHY-1022 : len = 27632, over cnt = 25(0%), over = 25, worst = 1, crit = 0
PHY-1001 : End optimize timing; 0.007728s wall, 0.000000s user + 0.000000s system = 0.000000s CPU (n/a%)

PHY-1001 : Ripup-reroute.....
PHY-1001 : ===== DR Iter 1 =====
PHY-1022 : len = 27752, over cnt = 3(0%), over = 3, worst = 1, crit = 0
PHY-1001 : End DR Iter 1; 0.038464s wall, 0.015625s user + 0.000000s system = 0.015625s CPU (40.6%)

PHY-1001 : ===== DR Iter 2 =====
PHY-1022 : len = 27784, over cnt = 0(0%), over = 0, worst = 0, crit = 0
PHY-1001 : End DR Iter 2; 0.020576s wall, 0.015625s user + 0.000000s system = 0.015625s CPU (75.9%)

PHY-1001 : Update timing.....
PHY-1001 : 0/347(0%) critical/total net(s).
RUN-1001 : ------------------------------------------
RUN-1001 :   Type   |    WNS(ns)    |  TNS(ns)  |  FEP  
RUN-1001 : ------------------------------------------
RUN-1001 :   Setup  |  2147483.647  |   0.000   |   0   
RUN-1001 :   Hold   |  2147483.647  |   0.000   |   0   
RUN-1001 : ------------------------------------------
PHY-1001 : End update timing; 0.169457s wall, 0.156250s user + 0.000000s system = 0.156250s CPU (92.2%)

PHY-1001 : Commit to database.....
PHY-1001 : 7 feed throughs used by 6 nets
PHY-1001 : End commit to database; 0.047904s wall, 0.062500s user + 0.000000s system = 0.062500s CPU (130.5%)

PHY-1001 : Current memory(MB): used = 505, reserve = 482, peak = 505.
PHY-1001 : End phase 3; 0.410570s wall, 0.390625s user + 0.000000s system = 0.390625s CPU (95.1%)

PHY-1003 : Routed, final wirelength = 27784
PHY-1001 : Current memory(MB): used = 506, reserve = 482, peak = 506.
PHY-1001 : End export database. 0.013430s wall, 0.015625s user + 0.000000s system = 0.015625s CPU (116.3%)

PHY-1001 : End detail routing;  6.248477s wall, 5.906250s user + 0.140625s system = 6.046875s CPU (96.8%)

RUN-1003 : finish command "route" in  6.678901s wall, 6.140625s user + 0.140625s system = 6.281250s CPU (94.0%)

RUN-1004 : used memory is 450 MB, reserved memory is 426 MB, peak memory is 506 MB
RUN-1002 : start command "report_area -io_info -file adc_phy.area"
RUN-1001 : standard
***Report Model: top Device: EG4S20NG88***

IO Statistics
#IO                        19
  #input                   14
  #output                   5
  #inout                    0

Utilization Statistics
#lut                      295   out of  19600    1.51%
#reg                      195   out of  19600    0.99%
#le                       310
  #lut only               115   out of    310   37.10%
  #reg only                15   out of    310    4.84%
  #lut&reg                180   out of    310   58.06%
#dsp                        0   out of     29    0.00%
#bram                       0   out of     64    0.00%
  #bram9k                   0
  #fifo9k                   0
#bram32k                    0   out of     16    0.00%
#pad                       19   out of     66   28.79%
  #ireg                     0
  #oreg                     0
  #treg                     0
#pll                        0   out of      4    0.00%
#gclk                       2   out of     16   12.50%

Clock Resource Statistics
Index     ClockNet       Type               DriverType         Driver               Fanout
#1        clk_dup_3      GCLK               io                 clk_syn_4.di         117
#2        adc/clk_adc    GCLK               mslice             rx/reg5_syn_47.q0    4


Detailed IO Report

     Name       Direction    Location    IOStandard    DriveStrength    PullType    PackReg  
     clk          INPUT        P34        LVCMOS25          N/A          PULLUP      NONE    
  data_in[7]      INPUT         P2        LVCMOS25          N/A          PULLUP      NONE    
  data_in[6]      INPUT         P3        LVCMOS25          N/A          PULLUP      NONE    
  data_in[5]      INPUT         P4        LVCMOS25          N/A          PULLUP      NONE    
  data_in[4]      INPUT         P5        LVCMOS25          N/A          PULLUP      NONE    
  data_in[3]      INPUT        P10        LVCMOS25          N/A          PULLUP      NONE    
  data_in[2]      INPUT        P11        LVCMOS25          N/A          PULLUP      NONE    
  data_in[1]      INPUT        P12        LVCMOS25          N/A          PULLUP      NONE    
  data_in[0]      INPUT        P13        LVCMOS25          N/A          PULLUP      NONE    
     eoc          INPUT        P60        LVCMOS25          N/A          PULLUP      NONE    
     key1         INPUT        P50        LVCMOS25          N/A          PULLUP      NONE    
     key2         INPUT        P30        LVCMOS25          N/A           N/A        NONE    
   reset_n        INPUT        P55        LVCMOS25          N/A          PULLUP      NONE    
   uart_rxd       INPUT        P54        LVCMOS25          N/A          PULLUP      NONE    
   adc_clk       OUTPUT        P57        LVCMOS25           8            NONE       NONE    
     ale         OUTPUT        P23        LVCMOS25           8            N/A        NONE    
      oe         OUTPUT        P86        LVCMOS25           8            NONE       NONE    
    start        OUTPUT        P59        LVCMOS25           8            NONE       NONE    
   uart_txd      OUTPUT        P52        LVCMOS25           8            NONE       NONE    

Report Hierarchy Area:
+--------------------------------------------------------------------------------+
|Instance      |Module      |le     |lut     |ripple  |seq     |bram    |dsp     |
+--------------------------------------------------------------------------------+
|top           |top         |310    |257     |38      |195     |0       |0       |
|  adc         |adc_ctrl    |10     |10      |0       |10      |0       |0       |
|  fifo_list   |fifo_ctrl   |51     |24      |16      |35      |0       |0       |
|    fifo_list |fifo        |47     |21      |16      |31      |0       |0       |
|  rx          |uart_rx     |61     |55      |6       |38      |0       |0       |
|  tx          |uart_tx     |54     |42      |8       |37      |0       |0       |
|  type        |type_choice |134    |126     |8       |75      |0       |0       |
+--------------------------------------------------------------------------------+


DataNet Average Fanout:

   Index     Fanout     Nets  
    #1          1       171   
    #2          2        54   
    #3          3        81   
    #4          4        33   
    #5        5-10       30   
    #6        11-50      8    
    #7       101-500     1    
  Average     2.84            

RUN-1002 : start command "export_db adc_pr.db"
RUN-1001 : Exported /
RUN-1001 : Exported flow parameters
RUN-1001 : Exported libs
RUN-1001 : Exported entities
RUN-1001 : Exported ports
RUN-1001 : Exported pins
RUN-1001 : Exported instances
RUN-1001 : Exported nets
RUN-1001 : Exported buses
RUN-1001 : Exported models
RUN-1001 : Exported congestions
RUN-1001 : Exported violations
RUN-1001 : Exported timing constraints
RUN-1001 : Exported IO constraints
RUN-1001 : Exported Inst constraints
RUN-1002 : start command "export_bid adc_inst.bid"
RUN-1002 : start command "bitgen -bit adc.bit"
BIT-1003 : Start to generate bitstream. 
BIT-1002 : Init instances with 16 threads.
BIT-1002 : Init instances completely, inst num: 185
BIT-1002 : Init pips with 16 threads.
BIT-1002 : Init pips completely, net num: 410, pip num: 3096
BIT-1002 : Init feedthrough completely, num: 7
BIT-1003 : Multithreading accelaration with 16 threads.
BIT-1003 : Generate bitstream completely, there are 323 valid insts, and 9397 bits set as '1'.
BIT-1004 : PLL setting string = 0000
BIT-1004 : Generate bits file adc.bit.
RUN-1003 : finish command "bitgen -bit adc.bit" in  1.277516s wall, 3.343750s user + 0.046875s system = 3.390625s CPU (265.4%)

RUN-1004 : used memory is 459 MB, reserved memory is 434 MB, peak memory is 650 MB
RUN-1002 : start command "backup_run_log run.log ../.logs/phy_1/td_20230305_173301.log"
