============================================================
   Tang Dynasty, V5.6.69102
      Copyright (c) 2012-2023 Anlogic Inc.
   Executable = C:/Anlogic/TD5.6.6910.2/bin/td.exe
   Built at =   20:14:16 Feb 16 2023
   Run by =     shaka
   Run Date =   Sun Mar  5 19:54:24 2023

   Run on =     BR007
============================================================
RUN-1002 : start command "open_project adc.prj"
RUN-1001 : Print Global Property
RUN-1001 : ---------------------------------------------------------------
RUN-1001 :        Parameters        |  Settings  |  Default Values  |  Note  
RUN-1001 : ---------------------------------------------------------------
RUN-1001 :          message         |  standard  |     standard     |        
RUN-1001 :   mixed_pack_place_flow  |     on     |        on        |        
RUN-1001 :        qor_monitor       |    off     |       off        |        
RUN-1001 :        syn_ip_flow       |    off     |       off        |        
RUN-1001 :          thread          |    auto    |       auto       |        
RUN-1001 : ---------------------------------------------------------------
RUN-1001 : Print Design Property
RUN-1001 : --------------------------------------------------------------
RUN-1001 :        Parameters       |  Settings  |  Default Values  |  Note  
RUN-1001 : --------------------------------------------------------------
RUN-1001 :   default_reg_initial   |    auto    |       auto       |        
RUN-1001 :        infer_add        |     on     |        on        |        
RUN-1001 :        infer_fsm        |    off     |       off        |        
RUN-1001 :        infer_mult       |     on     |        on        |        
RUN-1001 :        infer_ram        |     on     |        on        |        
RUN-1001 :        infer_reg        |     on     |        on        |        
RUN-1001 :   infer_reg_init_value  |     on     |        on        |        
RUN-1001 :        infer_rom        |     on     |        on        |        
RUN-1001 :      infer_shifter      |     on     |        on        |        
RUN-1001 : --------------------------------------------------------------
RUN-1001 : Print Rtl Property
RUN-1001 : --------------------------------------------------------------
RUN-1001 :        Parameters       |  Settings  |  Default Values  |  Note  
RUN-1001 : --------------------------------------------------------------
RUN-1001 :       compress_add      |   ripple   |      ripple      |        
RUN-1001 :        elf_sload        |    off     |       off        |        
RUN-1001 :       fix_undriven      |     0      |        0         |        
RUN-1001 :         flatten         |    off     |       off        |        
RUN-1001 :       gate_sharing      |     on     |        on        |        
RUN-1001 :    hdl_warning_level    |   normal   |      normal      |        
RUN-1001 :   impl_internal_tribuf  |     on     |        on        |        
RUN-1001 :      impl_set_reset     |     on     |        on        |        
RUN-1001 :        infer_gsr        |    off     |       off        |        
RUN-1001 :      keep_hierarchy     |    auto    |       auto       |        
RUN-1001 :        max_fanout       |    9999    |       9999       |        
RUN-1001 :      max_oh2bin_len     |     10     |        10        |        
RUN-1001 :       merge_equal       |     on     |        on        |        
RUN-1001 :       merge_equiv       |     on     |        on        |        
RUN-1001 :        merge_mux        |    off     |       off        |        
RUN-1001 :     min_control_set     |     8      |        8         |        
RUN-1001 :      min_ripple_len     |    auto    |       auto       |        
RUN-1001 :       oh2bin_ratio      |    0.08    |       0.08       |        
RUN-1001 :     opt_adder_fanout    |     on     |        on        |        
RUN-1001 :        opt_arith        |     on     |        on        |        
RUN-1001 :       opt_big_gate      |    off     |       off        |        
RUN-1001 :        opt_const        |     on     |        on        |        
RUN-1001 :      opt_const_mult     |     on     |        on        |        
RUN-1001 :       opt_lessthan      |     on     |        on        |        
RUN-1001 :         opt_mux         |    off     |       off        |        
RUN-1001 :         opt_ram         |    high    |       high       |        
RUN-1001 :      rtl_sim_model      |    off     |       off        |        
RUN-1001 :         seq_syn         |     on     |        on        |        
RUN-1001 : --------------------------------------------------------------
HDL-1007 : analyze verilog file ../../../Core/fifo.v
HDL-1007 : analyze verilog file ../../../Src/top.v
HDL-1007 : undeclared symbol 'valid', assumed default net type 'wire' in ../../../Src/top.v(40)
HDL-1007 : undeclared symbol 'data_vld', assumed default net type 'wire' in ../../../Src/top.v(51)
HDL-1007 : undeclared symbol 'out_en', assumed default net type 'wire' in ../../../Src/top.v(52)
HDL-1007 : undeclared symbol 'adc_en', assumed default net type 'wire' in ../../../Src/top.v(61)
HDL-1007 : undeclared symbol 'data_en', assumed default net type 'wire' in ../../../Src/top.v(68)
HDL-1007 : undeclared symbol 'depth', assumed default net type 'wire' in ../../../Src/top.v(81)
HDL-1007 : undeclared symbol 'fifo_working', assumed default net type 'wire' in ../../../Src/top.v(85)
HDL-1007 : undeclared symbol 'condition', assumed default net type 'wire' in ../../../Src/top.v(100)
HDL-1007 : analyze verilog file ../../../Src/uart_rx.v
HDL-1007 : analyze verilog file ../../../Src/uart_tx.v
HDL-1007 : analyze verilog file ../../../Src/adc_ctrl.v
HDL-1007 : analyze verilog file ../../../Src/type_choice.v
HDL-1007 : analyze verilog file ../../../Src/fifo_ctrl.v
HDL-1007 : undeclared symbol 'empty_flag', assumed default net type 'wire' in ../../../Src/fifo_ctrl.v(105)
HDL-1007 : undeclared symbol 'wrusedw', assumed default net type 'wire' in ../../../Src/fifo_ctrl.v(106)
RUN-1001 : Project manager successfully analyzed 7 source files.
RUN-1002 : start command "import_device eagle_s20.db -package EG4S20NG88"
ARC-1001 : Device Initialization.
ARC-1001 : ---------------------------------------------------------------
ARC-1001 :            OPTION            |        IO         |   SETTING   
ARC-1001 : ---------------------------------------------------------------
ARC-1001 :   cso_b/cclk/mosi/miso/dout  |  P69/P82/P81/P80  |    gpio    
ARC-1001 :             done             |        P8         |    gpio    
ARC-1001 :           program_b          |        P67        |  dedicate  
ARC-1001 :        tdi/tms/tck/tdo       |  P25/P22/P26/P21  |  dedicate  
ARC-1001 : ---------------------------------------------------------------
ARC-1004 : Device setting, marked 5 dedicate IOs in total.
RUN-1002 : start command "import_db ../syn_1/adc_gate.db"
RUN-1001 : Importing database generated by Tang Dynasty, V5.6.69102.
RUN-1001 : Database version number 46146.
RUN-1001 : Import flow parameters
RUN-1001 : Import IO constraints
RUN-1001 : Import Inst constraints
RUN-1001 : Import design success TD_VERSION=5.6.69102 , DB_VERSION=46146
RUN-1002 : start command "config_chipwatcher ../../../Debug/adc.cwc -dir "
RUN-1002 : start command "legalize_phy_inst"
SYN-1011 : Flatten model top
KIT-1004 : ChipWatcher: import watcher inst auto_chipwatcher_0 completed, there are 5 view nodes, 26 trigger nets, 26 data nets.
KIT-1004 : Chipwatcher code = 1100100100111000
RUN-1002 : start command "compile_watcher"
RUN-1002 : start command "read_verilog -no_sch -dir C:/Anlogic/TD5.6.6910.2/cw/ -file adc_watcherInst.sv -lib cw -top CW_TOP_WRAPPER"
HDL-1007 : analyze verilog file C:/Anlogic/TD5.6.6910.2/cw\bus_det.v
HDL-1007 : analyze verilog file C:/Anlogic/TD5.6.6910.2/cw\bus_top.sv
HDL-1007 : analyze verilog file C:/Anlogic/TD5.6.6910.2/cw\cfg_int.v
HDL-1007 : analyze verilog file C:/Anlogic/TD5.6.6910.2/cw\cwc_cfg_int.v
HDL-1007 : analyze verilog file C:/Anlogic/TD5.6.6910.2/cw\cwc_top.sv
HDL-1007 : analyze verilog file C:/Anlogic/TD5.6.6910.2/cw\detect_bus.v
HDL-1007 : analyze verilog file C:/Anlogic/TD5.6.6910.2/cw\detect_non_bus.v
HDL-1007 : analyze verilog file C:/Anlogic/TD5.6.6910.2/cw\emb_ctrl.v
HDL-1007 : analyze verilog file C:/Anlogic/TD5.6.6910.2/cw\register.v
HDL-1007 : analyze verilog file C:/Anlogic/TD5.6.6910.2/cw\tap.v
HDL-1007 : analyze verilog file C:/Anlogic/TD5.6.6910.2/cw\trigger.sv
HDL-1007 : analyze verilog file adc_watcherInst.sv
HDL-1007 : elaborate module CW_TOP_WRAPPER in adc_watcherInst.sv(1)
HDL-1007 : elaborate module cwc_top(BUS_NUM=5,BUS_DIN_NUM=26,BUS_CTRL_NUM=72,BUS_WIDTH='{32'sb01,32'sb01,32'sb01000,32'sb01000,32'sb01000},BUS_DIN_POS='{32'sb0,32'sb01,32'sb010,32'sb01010,32'sb010010},BUS_CTRL_POS='{32'sb0,32'sb0110,32'sb01100,32'sb0100000,32'sb0110100}) in C:/Anlogic/TD5.6.6910.2/cw\cwc_top.sv(21)
HDL-1007 : elaborate module cwc_cfg_int(CTRL_REG_LEN=94) in C:/Anlogic/TD5.6.6910.2/cw\cwc_cfg_int.v(21)
HDL-1007 : elaborate module register(CTRL_REG_LEN=94) in C:/Anlogic/TD5.6.6910.2/cw\register.v(21)
HDL-1007 : elaborate module tap in C:/Anlogic/TD5.6.6910.2/cw\tap.v(21)
HDL-1007 : elaborate module trigger(BUS_NUM=5,BUS_DIN_NUM=26,BUS_CTRL_NUM=72,BUS_WIDTH='{32'sb01,32'sb01,32'sb01000,32'sb01000,32'sb01000},BUS_DIN_POS='{32'sb0,32'sb01,32'sb010,32'sb01010,32'sb010010},BUS_CTRL_POS='{32'sb0,32'sb0110,32'sb01100,32'sb0100000,32'sb0110100}) in C:/Anlogic/TD5.6.6910.2/cw\trigger.sv(21)
HDL-1007 : elaborate module bus_top(BUS_NODE_NUM=5,BUS_DIN_NUM=26,BUS_CTRL_NUM=72,BUS_WIDTH='{32'sb01,32'sb01,32'sb01000,32'sb01000,32'sb01000},BUS_DIN_POS='{32'sb0,32'sb01,32'sb010,32'sb01010,32'sb010010},BUS_CTRL_POS='{32'sb0,32'sb0110,32'sb01100,32'sb0100000,32'sb0110100}) in C:/Anlogic/TD5.6.6910.2/cw\bus_top.sv(22)
HDL-1007 : elaborate module bus_det(BUS_WIDTH=32'sb01) in C:/Anlogic/TD5.6.6910.2/cw\bus_det.v(21)
HDL-1007 : elaborate module bus_det(BUS_WIDTH=32'sb01000) in C:/Anlogic/TD5.6.6910.2/cw\bus_det.v(21)
HDL-1007 : elaborate module emb_ctrl in C:/Anlogic/TD5.6.6910.2/cw\emb_ctrl.v(21)
HDL-1200 : Current top model is CW_TOP_WRAPPER
HDL-1100 : Inferred 0 RAMs.
RUN-1002 : start command "force_keep -a auto_chipwatcher_0_logicbram"
RUN-1002 : start command "optimize_rtl -no_sch"
RUN-1001 : Open license file C:/Anlogic/TD5.6.6910.2/license/Anlogic.lic
RUN-1001 : Print Global Property
RUN-1001 : ---------------------------------------------------------------
RUN-1001 :        Parameters        |  Settings  |  Default Values  |  Note  
RUN-1001 : ---------------------------------------------------------------
RUN-1001 :          message         |  standard  |     standard     |        
RUN-1001 :   mixed_pack_place_flow  |     on     |        on        |        
RUN-1001 :        qor_monitor       |    off     |       off        |        
RUN-1001 :        syn_ip_flow       |    off     |       off        |        
RUN-1001 :          thread          |    auto    |       auto       |        
RUN-1001 : ---------------------------------------------------------------
RUN-1001 : Print Rtl Property
RUN-1001 : --------------------------------------------------------------
RUN-1001 :        Parameters       |  Settings  |  Default Values  |  Note  
RUN-1001 : --------------------------------------------------------------
RUN-1001 :       compress_add      |   ripple   |      ripple      |        
RUN-1001 :        elf_sload        |    off     |       off        |        
RUN-1001 :       fix_undriven      |     0      |        0         |        
RUN-1001 :         flatten         |    off     |       off        |        
RUN-1001 :       gate_sharing      |     on     |        on        |        
RUN-1001 :    hdl_warning_level    |   normal   |      normal      |        
RUN-1001 :   impl_internal_tribuf  |     on     |        on        |        
RUN-1001 :      impl_set_reset     |     on     |        on        |        
RUN-1001 :        infer_gsr        |    off     |       off        |        
RUN-1001 :      keep_hierarchy     |    auto    |       auto       |        
RUN-1001 :        max_fanout       |    9999    |       9999       |        
RUN-1001 :      max_oh2bin_len     |     10     |        10        |        
RUN-1001 :       merge_equal       |     on     |        on        |        
RUN-1001 :       merge_equiv       |     on     |        on        |        
RUN-1001 :        merge_mux        |    off     |       off        |        
RUN-1001 :     min_control_set     |     8      |        8         |        
RUN-1001 :      min_ripple_len     |    auto    |       auto       |        
RUN-1001 :       oh2bin_ratio      |    0.08    |       0.08       |        
RUN-1001 :     opt_adder_fanout    |     on     |        on        |        
RUN-1001 :        opt_arith        |     on     |        on        |        
RUN-1001 :       opt_big_gate      |    off     |       off        |        
RUN-1001 :        opt_const        |     on     |        on        |        
RUN-1001 :      opt_const_mult     |     on     |        on        |        
RUN-1001 :       opt_lessthan      |     on     |        on        |        
RUN-1001 :         opt_mux         |    off     |       off        |        
RUN-1001 :         opt_ram         |    high    |       high       |        
RUN-1001 :      rtl_sim_model      |    off     |       off        |        
RUN-1001 :         seq_syn         |     on     |        on        |        
RUN-1001 : --------------------------------------------------------------
SYN-1012 : SanityCheck: Model "top"
SYN-1012 : SanityCheck: Model "CW_TOP_WRAPPER"
SYN-1012 : SanityCheck: Model "cwc_top(BUS_NUM=5,BUS_DIN_NUM=26,BUS_CTRL_NUM=72,BUS_WIDTH='{32'sb01,32'sb01,32'sb01000,32'sb01000,32'sb01000},BUS_DIN_POS='{32'sb0,32'sb01,32'sb010,32'sb01010,32'sb010010},BUS_CTRL_POS='{32'sb0,32'sb0110,32'sb01100,32'sb0100000,32'sb0110100})"
SYN-1012 : SanityCheck: Model "cwc_cfg_int(CTRL_REG_LEN=94)"
SYN-1012 : SanityCheck: Model "register(CTRL_REG_LEN=94)"
SYN-1012 : SanityCheck: Model "tap"
SYN-1012 : SanityCheck: Model "trigger(BUS_NUM=5,BUS_DIN_NUM=26,BUS_CTRL_NUM=72,BUS_WIDTH='{32'sb01,32'sb01,32'sb01000,32'sb01000,32'sb01000},BUS_DIN_POS='{32'sb0,32'sb01,32'sb010,32'sb01010,32'sb010010},BUS_CTRL_POS='{32'sb0,32'sb0110,32'sb01100,32'sb0100000,32'sb0110100})"
SYN-1012 : SanityCheck: Model "bus_top(BUS_NODE_NUM=5,BUS_DIN_NUM=26,BUS_CTRL_NUM=72,BUS_WIDTH='{32'sb01,32'sb01,32'sb01000,32'sb01000,32'sb01000},BUS_DIN_POS='{32'sb0,32'sb01,32'sb010,32'sb01010,32'sb010010},BUS_CTRL_POS='{32'sb0,32'sb0110,32'sb01100,32'sb0100000,32'sb0110100})"
SYN-1012 : SanityCheck: Model "bus_det(BUS_WIDTH=32'sb01)"
SYN-1012 : SanityCheck: Model "bus_det(BUS_WIDTH=32'sb01000)"
SYN-1012 : SanityCheck: Model "emb_ctrl"
SYN-1011 : Flatten model top
SYN-1032 : 2006/23 useful/useless nets, 1121/12 useful/useless insts
SYN-1016 : Merged 28 instances.
SYN-1032 : 1755/4 useful/useless nets, 1480/4 useful/useless insts
SYN-1014 : Optimize round 1
SYN-1032 : 1739/16 useful/useless nets, 1468/12 useful/useless insts
SYN-1021 : Optimized 3 onehot mux instances.
SYN-1020 : Optimized 1 distributor mux.
SYN-1019 : Optimized 3 mux instances.
SYN-1015 : Optimize round 1, 346 better
SYN-1014 : Optimize round 2
SYN-1032 : 1483/45 useful/useless nets, 1212/48 useful/useless insts
SYN-1015 : Optimize round 2, 96 better
SYN-1014 : Optimize round 1
SYN-1015 : Optimize round 1, 0 better
RUN-1002 : start command "optimize_gate -no_sch"
RUN-1001 : Open license file C:/Anlogic/TD5.6.6910.2/license/Anlogic.lic
RUN-1001 : Print Global Property
RUN-1001 : ---------------------------------------------------------------
RUN-1001 :        Parameters        |  Settings  |  Default Values  |  Note  
RUN-1001 : ---------------------------------------------------------------
RUN-1001 :          message         |  standard  |     standard     |        
RUN-1001 :   mixed_pack_place_flow  |     on     |        on        |        
RUN-1001 :        qor_monitor       |    off     |       off        |        
RUN-1001 :        syn_ip_flow       |    off     |       off        |        
RUN-1001 :          thread          |    auto    |       auto       |        
RUN-1001 : ---------------------------------------------------------------
RUN-1001 : Print Gate Property
RUN-1001 : ------------------------------------------------------------------
RUN-1001 :          Parameters         |  Settings  |  Default Values  |  Note  
RUN-1001 : ------------------------------------------------------------------
RUN-1001 :         cascade_dsp         |    off     |       off        |        
RUN-1001 :         cascade_eram        |    off     |       off        |        
RUN-1001 :        gate_sim_model       |    off     |       off        |        
RUN-1001 :        map_sim_model        |    off     |       off        |        
RUN-1001 :         map_strategy        |     1      |        1         |        
RUN-1001 :           opt_area          |   medium   |      medium      |        
RUN-1001 :          opt_timing         |    auto    |       auto       |        
RUN-1001 :         pack_effort         |   medium   |      medium      |        
RUN-1001 :      pack_lslice_ripple     |     on     |        on        |        
RUN-1001 :   pack_lslice_ripple_ratio  |    0.5     |       0.5        |        
RUN-1001 :        pack_seq_in_io       |    auto    |       auto       |        
RUN-1001 :        ph1_mux_ratio        |    1.0     |       1.0        |        
RUN-1001 :            report           |  standard  |     standard     |        
RUN-1001 :           retiming          |    off     |       off        |        
RUN-1001 : ------------------------------------------------------------------
SYN-2001 : Map 19 IOs to PADs
RUN-1002 : start command "update_pll_param -module top"
SYN-2501 : Processed 0 LOGIC_BUF instances.
SYN-2512 : LOGIC BRAM "auto_chipwatcher_0_logicbram"
SYN-2571 : Optimize after map_dsp, round 1
SYN-1032 : 1507/157 useful/useless nets, 1259/31 useful/useless insts
SYN-1016 : Merged 21 instances.
SYN-2571 : Optimize after map_dsp, round 1, 209 better
SYN-2571 : Optimize after map_dsp, round 2
SYN-2571 : Optimize after map_dsp, round 2, 0 better
SYN-1001 : Throwback 3 control mux instances
SYN-2501 : Optimize round 1
SYN-1016 : Merged 24 instances.
SYN-2501 : Optimize round 1, 50 better
SYN-2501 : Optimize round 2
SYN-2501 : Optimize round 2, 0 better
SYN-2501 : Map 16 macro adder
SYN-1019 : Optimized 13 mux instances.
SYN-1016 : Merged 11 instances.
SYN-1032 : 1899/5 useful/useless nets, 1651/4 useful/useless insts
SYN-3001 : Running gate level optimization.
SYN-2581 : Mapping with K=5, #lut = 186 (3.67), #lev = 6 (1.95)
SYN-2551 : Post LUT mapping optimization.
SYN-2581 : Mapping with K=5, #lut = 198 (3.65), #lev = 4 (1.79)
SYN-3001 : Logic optimization runtime opt =   0.04 sec, map =   0.00 sec
SYN-3001 : Mapper mapped 454 instances into 198 LUTs, name keeping = 73%.
SYN-1001 : Packing model "top" ...
SYN-4010 : Pack lib has 58 rtl pack models with 25 top pack blocks
SYN-1014 : Optimize round 1
SYN-1015 : Optimize round 1, 0 better
SYN-4002 : Packing 311 DFF/LATCH to SEQ ...
SYN-4009 : Pack 7 carry chain into lslice
SYN-4007 : Packing 112 adder to BLE ...
SYN-4008 : Packed 112 adder and 0 SEQ to BLE.
SYN-4007 : Packing 0 gate4 to BLE ...
SYN-4008 : Packed 0 gate4 and 0 SEQ to BLE.
SYN-4012 : Packed 0 FxMUX
RUN-1002 : start command "legalize_phy_inst"
SYN-1011 : Flatten model top
KIT-1004 : Compile Chipwatcher: Clear obsolete physical data.
RUN-1003 : finish command "compile_watcher" in  1.795767s wall, 1.375000s user + 0.140625s system = 1.515625s CPU (84.4%)

RUN-1004 : used memory is 144 MB, reserved memory is 109 MB, peak memory is 148 MB
RUN-1002 : start command "place"
RUN-1001 : Open license file C:/Anlogic/TD5.6.6910.2/license/Anlogic.lic
RUN-1001 : Print Global Property
RUN-1001 : ---------------------------------------------------------------
RUN-1001 :        Parameters        |  Settings  |  Default Values  |  Note  
RUN-1001 : ---------------------------------------------------------------
RUN-1001 :          message         |  standard  |     standard     |        
RUN-1001 :   mixed_pack_place_flow  |     on     |        on        |        
RUN-1001 :        qor_monitor       |    off     |       off        |        
RUN-1001 :        syn_ip_flow       |    off     |       off        |        
RUN-1001 :          thread          |    auto    |       auto       |        
RUN-1001 : ---------------------------------------------------------------
RUN-1001 : Print Place Property
RUN-1001 : --------------------------------------------------------------
RUN-1001 :        Parameters       |  Settings  |  Default Values  |  Note  
RUN-1001 : --------------------------------------------------------------
RUN-1001 :      detailed_place     |     on     |        on        |        
RUN-1001 :          effort         |   medium   |      medium      |        
RUN-1001 :         fix_hold        |    off     |       off        |        
RUN-1001 :       legalization      |    ori     |       ori        |        
RUN-1001 :      new_spreading      |     on     |        on        |        
RUN-1001 :        opt_timing       |   medium   |      medium      |        
RUN-1001 :   post_clock_route_opt  |    off     |       off        |        
RUN-1001 :       pr_strategy       |     1      |        1         |        
RUN-1001 :        relaxation       |    1.00    |       1.00       |        
RUN-1001 :         retiming        |    off     |       off        |        
RUN-1001 : --------------------------------------------------------------
PHY-3001 : Placer runs in 16 thread(s).
RUN-1002 : start command "legalize_phy_inst"
SYN-1011 : Flatten model top
SYN-4036 : The kept net key1_dup_3 is useless
SYN-5055 WARNING: The kept net fifo_list/fifo_list/ram_inst/dob_tmp[7] will be merged to another kept net fifo_list/fifo_out[7]
SYN-5055 WARNING: The kept net tx/uart_data[7] will be merged to another kept net fifo_list/fifo_out[7]
SYN-5055 WARNING: The kept net fifo_list/fifo_list/ram_inst/dob_tmp[6] will be merged to another kept net fifo_list/fifo_out[6]
SYN-5055 WARNING: The kept net tx/uart_data[6] will be merged to another kept net fifo_list/fifo_out[6]
SYN-5055 WARNING: The kept net fifo_list/fifo_list/ram_inst/dob_tmp[5] will be merged to another kept net fifo_list/fifo_out[5]
SYN-5055 WARNING: The kept net tx/uart_data[5] will be merged to another kept net fifo_list/fifo_out[5]
SYN-5055 WARNING: The kept net fifo_list/fifo_list/ram_inst/dob_tmp[4] will be merged to another kept net fifo_list/fifo_out[4]
SYN-5055 WARNING: The kept net tx/uart_data[4] will be merged to another kept net fifo_list/fifo_out[4]
SYN-5055 WARNING: The kept net fifo_list/fifo_list/ram_inst/dob_tmp[3] will be merged to another kept net fifo_list/fifo_out[3]
SYN-5055 WARNING: The kept net tx/uart_data[3] will be merged to another kept net fifo_list/fifo_out[3]
SYN-5055 Similar messages will be suppressed.
RUN-1002 : start command "phys_opt -simplify_lut"
SYN-4016 : Net config_inst_syn_10 driven by BUFG (207 clock/control pins, 0 other pins).
SYN-4024 : Net "clk_dup_3" drives clk pins.
SYN-4024 : Net "adc/clk_adc" drives clk pins.
SYN-4025 : Tag rtl::Net adc/clk_adc as clock net
SYN-4025 : Tag rtl::Net clk_dup_3 as clock net
SYN-4025 : Tag rtl::Net config_inst_syn_10 as clock net
SYN-4026 : Tagged 3 rtl::Net as clock net
SYN-4015 : Create BUFG instance for clk Net adc/clk_adc to drive 9 clock pins.
PHY-1001 : Populate physical database on model top.
RUN-1001 : There are total 1114 instances
RUN-0007 : 423 luts, 490 seqs, 94 mslices, 55 lslices, 19 pads, 28 brams, 0 dsps
RUN-1001 : There are total 1386 nets
RUN-6004 WARNING: There are 4 nets with only 1 pin.
RUN-1001 : 769 nets have 2 pins
RUN-1001 : 476 nets have [3 - 5] pins
RUN-1001 : 80 nets have [6 - 10] pins
RUN-1001 : 30 nets have [11 - 20] pins
RUN-1001 : 20 nets have [21 - 99] pins
RUN-1001 : 7 nets have 100+ pins
RUN-1001 : Report Control nets information:
RUN-1001 : DFF Distribution
RUN-1001 : ----------------------------------
RUN-1001 :   CE   |  SSR  |  ASR  |  DFF Count  
RUN-1001 : ----------------------------------
RUN-1001 :   No   |  No   |  No   |      8      
RUN-1001 :   No   |  No   |  Yes  |     228     
RUN-1001 :   No   |  Yes  |  No   |      0      
RUN-1001 :   Yes  |  No   |  No   |      0      
RUN-1001 :   Yes  |  No   |  Yes  |     254     
RUN-1001 :   Yes  |  Yes  |  No   |      0      
RUN-1001 : ----------------------------------
RUN-0007 : Control Group Statistic
RUN-0007 : ---------------------------
RUN-0007 :   #CLK  |  #CE  |  #SSR/ASR  
RUN-0007 : ---------------------------
RUN-0007 :    3    |   7   |     6      
RUN-0007 : ---------------------------
RUN-0007 : Control Set = 13
PHY-3001 : Initial placement ...
PHY-3001 : design contains 1112 instances, 423 luts, 490 seqs, 149 slices, 24 macros(149 instances: 94 mslices 55 lslices)
PHY-0007 : Cell area utilization is 3%
PHY-3001 : Global placement ...
PHY-3001 : Initial: Len = 376626
PHY-3001 : Clustering ...
PHY-3001 : Level 0 #clusters 1112.
PHY-3001 : End clustering;  0.000028s wall, 0.000000s user + 0.000000s system = 0.000000s CPU (n/a%)

PHY-3001 : Run with size of 4
PHY-3001 : Cell area utilization is 3%
PHY-3001 : :::0::: Try harder cell spreading with beta_ = 0
PHY-3002 : Step(1): len = 254351, overlap = 72
PHY-3002 : Step(2): len = 171509, overlap = 72
PHY-3002 : Step(3): len = 106435, overlap = 72
PHY-3002 : Step(4): len = 98995.3, overlap = 72
PHY-3002 : Step(5): len = 73375.1, overlap = 72
PHY-3002 : Step(6): len = 68797.5, overlap = 72
PHY-3002 : Step(7): len = 61567.3, overlap = 67.5
PHY-3002 : Step(8): len = 54136.5, overlap = 67.5
PHY-3002 : Step(9): len = 49513.8, overlap = 72
PHY-3002 : Step(10): len = 44403.7, overlap = 72
PHY-3002 : Step(11): len = 43535.1, overlap = 72
PHY-3002 : Step(12): len = 39737.1, overlap = 72
PHY-3002 : Step(13): len = 39350.4, overlap = 72
PHY-3002 : Step(14): len = 37788.7, overlap = 72
PHY-3001 : :::1::: Try harder cell spreading with beta_ = 1.43402e-06
PHY-3002 : Step(15): len = 37596.4, overlap = 69.75
PHY-3002 : Step(16): len = 38454.8, overlap = 69.75
PHY-3002 : Step(17): len = 36432, overlap = 65.25
PHY-3002 : Step(18): len = 36433.8, overlap = 65.25
PHY-3002 : Step(19): len = 35976.8, overlap = 60.75
PHY-3002 : Step(20): len = 36642.6, overlap = 63
PHY-3002 : Step(21): len = 35516.5, overlap = 63
PHY-3002 : Step(22): len = 35019.2, overlap = 58.5
PHY-3002 : Step(23): len = 32248.8, overlap = 58.5
PHY-3002 : Step(24): len = 32418.4, overlap = 65.25
PHY-3002 : Step(25): len = 32633.2, overlap = 67.5
PHY-3002 : Step(26): len = 30944.3, overlap = 67.5
PHY-3002 : Step(27): len = 30740.3, overlap = 67.5
PHY-3002 : Step(28): len = 30686.3, overlap = 67.5
PHY-3001 : :::2::: Try harder cell spreading with beta_ = 2.86804e-06
PHY-3002 : Step(29): len = 30935.9, overlap = 63
PHY-3002 : Step(30): len = 31053.4, overlap = 60.75
PHY-3002 : Step(31): len = 31443.4, overlap = 58.5
PHY-3001 : :::3::: Try harder cell spreading with beta_ = 5.73608e-06
PHY-3002 : Step(32): len = 32441.9, overlap = 58.5312
PHY-3002 : Step(33): len = 32579.1, overlap = 58.5312
PHY-3002 : Step(34): len = 32730.4, overlap = 58.5312
PHY-3002 : Step(35): len = 32720.7, overlap = 54.0312
PHY-3002 : Step(36): len = 32700.6, overlap = 54.0312
PHY-3001 : Legalization ...
PHY-3001 : End legalization;  0.019201s wall, 0.000000s user + 0.000000s system = 0.000000s CPU (n/a%)

PHY-3001 : Run with size of 4
PHY-3001 : Cell area utilization is 4%
PHY-3001 : :::0::: Try harder cell spreading with beta_ = 0
PHY-3002 : Step(37): len = 40756.9, overlap = 14.1875
PHY-3002 : Step(38): len = 40724.5, overlap = 14.0312
PHY-3002 : Step(39): len = 39540.3, overlap = 16.625
PHY-3002 : Step(40): len = 39626.1, overlap = 16.875
PHY-3002 : Step(41): len = 38760.5, overlap = 19.0938
PHY-3002 : Step(42): len = 38904.8, overlap = 18.3125
PHY-3002 : Step(43): len = 37861.2, overlap = 19.9688
PHY-3002 : Step(44): len = 37882.1, overlap = 21.5
PHY-3002 : Step(45): len = 37542.5, overlap = 24.4375
PHY-3001 : :::1::: Try harder cell spreading with beta_ = 0.000501071
PHY-3002 : Step(46): len = 37257, overlap = 23.0625
PHY-3002 : Step(47): len = 37463.5, overlap = 23.3438
PHY-3002 : Step(48): len = 37508.2, overlap = 23.375
PHY-3001 : Run with size of 2
PHY-3001 : Cell area utilization is 4%
PHY-3001 : :::0::: Try harder cell spreading with beta_ = 3.12799e-05
PHY-3002 : Step(49): len = 38622.9, overlap = 46.5
PHY-3002 : Step(50): len = 38936.3, overlap = 45.375
PHY-3002 : Step(51): len = 38828.1, overlap = 44.0312
PHY-3002 : Step(52): len = 38942.9, overlap = 44.0625
PHY-3002 : Step(53): len = 38540.9, overlap = 42.1562
PHY-3002 : Step(54): len = 38664.2, overlap = 41.4375
PHY-3002 : Step(55): len = 38601.2, overlap = 36.5938
PHY-3001 : :::1::: Try harder cell spreading with beta_ = 6.25599e-05
PHY-3002 : Step(56): len = 38159.6, overlap = 36.8438
PHY-3002 : Step(57): len = 38234.6, overlap = 36.2812
PHY-3001 : :::2::: Try harder cell spreading with beta_ = 0.00012512
PHY-3002 : Step(58): len = 38286.5, overlap = 37.6562
PHY-3002 : Step(59): len = 38401, overlap = 37.6875
PHY-3001 : :::3::: Try harder cell spreading with beta_ = 0.00025024
PHY-3002 : Step(60): len = 38531.9, overlap = 36.75
PHY-3002 : Step(61): len = 38631.4, overlap = 36.0938
PHY-3001 : :::4::: Try harder cell spreading with beta_ = 0.000500479
PHY-3002 : Step(62): len = 38714.2, overlap = 36.4688
PHY-3002 : Step(63): len = 38762.4, overlap = 36.3438
OPT-1001 : Start physical optimization ...
OPT-1001 : Total overflow 69.38 peak overflow 2.97
OPT-1001 : Start high-fanout net optimization ...
OPT-1001 : Update timing in global mode
PHY-1001 : Start incremental global routing, caller is place ...
RUN-1001 : Generating global routing grids ...
RUN-1001 : Building simple global routing graph ...
PHY-1001 : Generate routing nets ...
PHY-1001 : Reuse net number 0/1386.
PHY-1001 : Global iterations in 16 thread ...
PHY-1002 : len = 48056, over cnt = 182(0%), over = 610, worst = 16
PHY-1001 : End global iterations;  0.132313s wall, 0.093750s user + 0.015625s system = 0.109375s CPU (82.7%)

PHY-1001 : Congestion index: top1 = 36.53, top5 = 19.86, top10 = 12.92, top15 = 9.25.
PHY-1001 : End incremental global routing;  0.202809s wall, 0.093750s user + 0.015625s system = 0.109375s CPU (53.9%)

RUN-1002 : start command "start_timer -report"
TMR-5001 WARNING: No sdc constraints found while initiating timer.
TMR-2505 : Start building timing graph for model top.
TMR-2506 : Build timing graph completely. Port num: 12, tpin num: 6037, tnet num: 1384, tinst num: 1112, tnode num: 8035, tedge num: 10155.
TMR-2508 : Levelizing timing graph completed, there are 29 levels in total.
TMR-2501 : Timing graph initialized successfully.
OPT-1001 : End timing update;  0.181733s wall, 0.109375s user + 0.015625s system = 0.125000s CPU (68.8%)

OPT-1001 : 0 high-fanout net processed.
OPT-1001 : End high-fanout net optimization;  0.408878s wall, 0.234375s user + 0.031250s system = 0.265625s CPU (65.0%)

OPT-1001 : Current memory(MB): used = 200, reserve = 165, peak = 200.
OPT-1001 : End physical optimization;  0.425592s wall, 0.250000s user + 0.031250s system = 0.281250s CPU (66.1%)

PHY-3001 : Start packing ...
SYN-4007 : Packing 0 MUX to BLE ...
SYN-4008 : Packed 0 MUX and 0 SEQ to BLE.
SYN-4007 : Packing 423 LUT to BLE ...
SYN-4008 : Packed 423 LUT and 179 SEQ to BLE.
SYN-4003 : Packing 311 remaining SEQ's ...
SYN-4005 : Packed 172 SEQ with LUT/SLICE
SYN-4006 : 99 single LUT's are left
SYN-4006 : 139 single SEQ's are left
SYN-4011 : Packing model "top" (AL_USER_NORMAL) with 562/891 primitive instances ...
PHY-3001 : End packing;  0.047295s wall, 0.031250s user + 0.000000s system = 0.031250s CPU (66.1%)

PHY-1001 : Populate physical database on model top.
RUN-1001 : There are total 513 instances
RUN-1001 : 230 mslices, 231 lslices, 19 pads, 28 brams, 0 dsps
RUN-1001 : There are total 1212 nets
RUN-6004 WARNING: There are 4 nets with only 1 pin.
RUN-1001 : 585 nets have 2 pins
RUN-1001 : 482 nets have [3 - 5] pins
RUN-1001 : 85 nets have [6 - 10] pins
RUN-1001 : 26 nets have [11 - 20] pins
RUN-1001 : 24 nets have [21 - 99] pins
RUN-1001 : 6 nets have 100+ pins
PHY-3001 : design contains 511 instances, 461 slices, 24 macros(149 instances: 94 mslices 55 lslices)
PHY-3001 : Cell area utilization is 6%
PHY-3001 : After packing: Len = 39656.6, Over = 42.25
PHY-3001 : Run with size of 2
PHY-3001 : Cell area utilization is 6%
PHY-3001 : :::0::: Try harder cell spreading with beta_ = 1.72497e-05
PHY-3002 : Step(64): len = 38971.5, overlap = 42.5
PHY-3002 : Step(65): len = 39014.9, overlap = 42.75
PHY-3002 : Step(66): len = 38532.6, overlap = 43.5
PHY-3001 : :::1::: Try harder cell spreading with beta_ = 3.44993e-05
PHY-3002 : Step(67): len = 38851.7, overlap = 42.5
PHY-3002 : Step(68): len = 38851.7, overlap = 42.5
PHY-3002 : Step(69): len = 38727.2, overlap = 41.75
PHY-3001 : :::2::: Try harder cell spreading with beta_ = 6.89987e-05
PHY-3002 : Step(70): len = 39668.7, overlap = 37
PHY-3002 : Step(71): len = 39994.7, overlap = 35.5
PHY-3002 : Step(72): len = 40403.1, overlap = 31.75
PHY-3001 : Legalization ...
PHY-3001 : End legalization;  0.183016s wall, 0.046875s user + 0.000000s system = 0.046875s CPU (25.6%)

PHY-3001 : Trial Legalized: Len = 53423.5
PHY-3001 : Run with size of 2
PHY-3001 : Cell area utilization is 6%
PHY-3001 : :::0::: Try harder cell spreading with beta_ = 0.00438269
PHY-3002 : Step(73): len = 49959.9, overlap = 4.75
PHY-3002 : Step(74): len = 48486.5, overlap = 6.25
PHY-3002 : Step(75): len = 47706.1, overlap = 8.75
PHY-3002 : Step(76): len = 46255.1, overlap = 10.75
PHY-3002 : Step(77): len = 45568.9, overlap = 12
PHY-3002 : Step(78): len = 44697.2, overlap = 13
PHY-3002 : Step(79): len = 43972.2, overlap = 14.5
PHY-3002 : Step(80): len = 43365.1, overlap = 16.75
PHY-3002 : Step(81): len = 43132.5, overlap = 17.25
PHY-3002 : Step(82): len = 43050.8, overlap = 17.5
PHY-3001 : :::1::: Try harder cell spreading with beta_ = 0.00876537
PHY-3002 : Step(83): len = 43118.5, overlap = 18
PHY-3002 : Step(84): len = 43081.3, overlap = 17.75
PHY-3001 : :::2::: Try harder cell spreading with beta_ = 0.0175307
PHY-3002 : Step(85): len = 43040.8, overlap = 18
PHY-3002 : Step(86): len = 42915.4, overlap = 17.75
PHY-3001 : Legalization ...
PHY-3001 : End legalization;  0.006127s wall, 0.000000s user + 0.000000s system = 0.000000s CPU (n/a%)

PHY-3001 : Legalized: Len = 47933.3, Over = 0
PHY-3001 : Spreading special nets. 5 overflows in 2952 tiles.
PHY-3001 : End spreading;  0.008790s wall, 0.000000s user + 0.000000s system = 0.000000s CPU (n/a%)

PHY-3001 : 8 instances has been re-located, deltaX = 4, deltaY = 5, maxDist = 2.
PHY-3001 : Final: Len = 48365.3, Over = 0
OPT-1001 : Start physical optimization ...
OPT-1001 : Total overflow 0.00 peak overflow 0.00
OPT-1001 : Start high-fanout net optimization ...
OPT-1001 : Update timing in global mode
PHY-1001 : Start incremental global routing, caller is place ...
RUN-1001 : Generating global routing grids ...
PHY-1001 : Generate routing nets ...
PHY-1001 : Reuse net number 67/1212.
PHY-1001 : Global iterations in 16 thread ...
PHY-1002 : len = 60480, over cnt = 158(0%), over = 254, worst = 6
PHY-1002 : len = 61200, over cnt = 101(0%), over = 147, worst = 6
PHY-1002 : len = 62280, over cnt = 41(0%), over = 54, worst = 3
PHY-1002 : len = 62776, over cnt = 11(0%), over = 13, worst = 2
PHY-1002 : len = 62936, over cnt = 0(0%), over = 0, worst = 0
PHY-1001 : End global iterations;  0.240416s wall, 0.078125s user + 0.000000s system = 0.078125s CPU (32.5%)

PHY-1001 : Congestion index: top1 = 28.51, top5 = 20.94, top10 = 15.74, top15 = 11.82.
PHY-1001 : End incremental global routing;  0.311886s wall, 0.125000s user + 0.000000s system = 0.125000s CPU (40.1%)

RUN-1002 : start command "start_timer -report"
TMR-5001 WARNING: No sdc constraints found while initiating timer.
TMR-2505 : Start building timing graph for model top.
TMR-2506 : Build timing graph completely. Port num: 12, tpin num: 5255, tnet num: 1210, tinst num: 511, tnode num: 6736, tedge num: 9160.
TMR-2508 : Levelizing timing graph completed, there are 29 levels in total.
TMR-2501 : Timing graph initialized successfully.
OPT-1001 : End timing update;  0.206481s wall, 0.187500s user + 0.000000s system = 0.187500s CPU (90.8%)

OPT-1001 : 0 high-fanout net processed.
OPT-1001 : End high-fanout net optimization;  0.545301s wall, 0.328125s user + 0.000000s system = 0.328125s CPU (60.2%)

OPT-1001 : Current memory(MB): used = 204, reserve = 168, peak = 204.
OPT-1001 : Update timing in Manhattan mode
OPT-1001 : End timing update;  0.002099s wall, 0.000000s user + 0.000000s system = 0.000000s CPU (n/a%)

OPT-1001 : Start pin optimization...
OPT-1001 : skip pin optimization...
RUN-1001 : Generating global routing grids ...
PHY-1001 : Generate routing nets ...
PHY-1001 : Reuse net number 1031/1212.
PHY-1001 : Global iterations in 16 thread ...
PHY-1002 : len = 62936, over cnt = 0(0%), over = 0, worst = 0
PHY-1001 : End global iterations;  0.010649s wall, 0.015625s user + 0.000000s system = 0.015625s CPU (146.7%)

PHY-1001 : Congestion index: top1 = 28.51, top5 = 20.94, top10 = 15.74, top15 = 11.82.
OPT-1001 : Update timing in Manhattan mode
OPT-1001 : End timing update;  0.002471s wall, 0.000000s user + 0.000000s system = 0.000000s CPU (n/a%)

RUN-1001 : QoR Analysis:
OPT-0007 :   WNS 2147483647 TNS 0 NUM_FEPS 0
RUN-1001 :   No local congestion issue, and most congested 1% tile average routing util is 28.034483
RUN-1001 :   Top critical paths
OPT-1001 : End physical optimization;  0.641795s wall, 0.406250s user + 0.000000s system = 0.406250s CPU (63.3%)

RUN-1003 : finish command "place" in  5.332571s wall, 1.625000s user + 0.578125s system = 2.203125s CPU (41.3%)

RUN-1004 : used memory is 185 MB, reserved memory is 149 MB, peak memory is 206 MB
RUN-1002 : start command "export_db adc_place.db"
RUN-1001 : Exported /
RUN-1001 : Exported flow parameters
RUN-1001 : Exported libs
RUN-1001 : Exported entities
RUN-1001 : Exported ports
RUN-1001 : Exported pins
RUN-1001 : Exported instances
RUN-1001 : Exported nets
RUN-1001 : Exported buses
RUN-1001 : Exported models
RUN-1001 : Exported congestions
RUN-1001 : Exported violations
RUN-1001 : Exported IO constraints
RUN-1001 : Exported Inst constraints
RUN-1001 : Exported ChipWatcher
RUN-1002 : start command "route"
RUN-1001 : Open license file C:/Anlogic/TD5.6.6910.2/license/Anlogic.lic
RUN-1001 : Print Global Property
RUN-1001 : ---------------------------------------------------------------
RUN-1001 :        Parameters        |  Settings  |  Default Values  |  Note  
RUN-1001 : ---------------------------------------------------------------
RUN-1001 :          message         |  standard  |     standard     |        
RUN-1001 :   mixed_pack_place_flow  |     on     |        on        |        
RUN-1001 :        qor_monitor       |    off     |       off        |        
RUN-1001 :        syn_ip_flow       |    off     |       off        |        
RUN-1001 :          thread          |    auto    |       auto       |        
RUN-1001 : ---------------------------------------------------------------
RUN-1001 : Print Route Property
RUN-1001 : -------------------------------------------------------
RUN-1001 :    Parameters    |  Settings  |  Default Values  |  Note  
RUN-1001 : -------------------------------------------------------
RUN-1001 :      effort      |   medium   |      medium      |        
RUN-1001 :     fix_hold     |    off     |       off        |        
RUN-1001 :    opt_timing    |   medium   |      medium      |        
RUN-1001 :   phy_sim_model  |    off     |       off        |        
RUN-1001 :     priority     |   timing   |      timing      |        
RUN-1001 :     swap_pin     |     on     |        on        |        
RUN-1001 : -------------------------------------------------------
PHY-1001 : Route runs in 16 thread(s)
RUN-1001 : There are total 513 instances
RUN-1001 : 230 mslices, 231 lslices, 19 pads, 28 brams, 0 dsps
RUN-1001 : There are total 1212 nets
RUN-6004 WARNING: There are 4 nets with only 1 pin.
RUN-1001 : 585 nets have 2 pins
RUN-1001 : 482 nets have [3 - 5] pins
RUN-1001 : 85 nets have [6 - 10] pins
RUN-1001 : 26 nets have [11 - 20] pins
RUN-1001 : 24 nets have [21 - 99] pins
RUN-1001 : 6 nets have 100+ pins
RUN-1002 : start command "start_timer -report"
TMR-5001 WARNING: No sdc constraints found while initiating timer.
TMR-2505 : Start building timing graph for model top.
TMR-2506 : Build timing graph completely. Port num: 12, tpin num: 5255, tnet num: 1210, tinst num: 511, tnode num: 6736, tedge num: 9160.
TMR-2508 : Levelizing timing graph completed, there are 29 levels in total.
TMR-2501 : Timing graph initialized successfully.
PHY-1001 : 230 mslices, 231 lslices, 19 pads, 28 brams, 0 dsps
TMR-2503 : Start to update net delay, extr mode = 3.
TMR-2504 : Update delay of 1210 nets completely.
TMR-2502 : Annotate delay completely, extr mode = 3.
TMR-3002 : No user constraint, initiate default constraint.
TMR-1501 : Assign derive clock DeriveClock to 696 clock pins, and constraint 1481 relative nodes.
TMR-3003 : Constraints initiated successfully.
TMR-3501 : Forward propagation: start to calculate arrival time...
TMR-3502 : Backward propagation: start to calculate required time...
TMR-3503 : Timing propagation completes.
PHY-1001 : Start global routing, caller is route ...
RUN-1001 : Generating global routing grids ...
PHY-1001 : Generate routing nets ...
PHY-1001 : Global iterations in 16 thread ...
PHY-1002 : len = 59752, over cnt = 154(0%), over = 246, worst = 6
PHY-1002 : len = 60432, over cnt = 103(0%), over = 154, worst = 6
PHY-1002 : len = 61736, over cnt = 17(0%), over = 27, worst = 3
PHY-1002 : len = 62136, over cnt = 0(0%), over = 0, worst = 0
PHY-1001 : End global iterations;  0.239601s wall, 0.093750s user + 0.000000s system = 0.093750s CPU (39.1%)

PHY-1001 : Congestion index: top1 = 28.21, top5 = 20.87, top10 = 15.74, top15 = 11.74.
PHY-1001 : End global routing;  0.309621s wall, 0.125000s user + 0.000000s system = 0.125000s CPU (40.4%)

PHY-1001 : Start detail routing ...
PHY-1001 : Current memory(MB): used = 232, reserve = 197, peak = 246.
PHY-1001 : Detailed router is running in normal mode.
PHY-1001 : Generate detailed routing grids ...
PHY-1001 : Generate nets ...
PHY-1001 : net clk_dup_3 will be routed on clock mesh
PHY-5010 WARNING: Net key1_dup_3 is skipped due to 0 input or output
PHY-1001 : clock net adc/clk_adc_syn_4 will be merged with clock adc/clk_adc
PHY-5010 WARNING: Net type/depth[12] is skipped due to 0 input or output
PHY-5010 WARNING: Net type/depth[11] is skipped due to 0 input or output
PHY-5010 WARNING: Net type/depth[10] is skipped due to 0 input or output
PHY-1001 : clock net config_inst_syn_10 will be merged with clock config_inst_syn_9
PHY-5010 WARNING: Net key1_dup_3 is skipped due to 0 input or output
PHY-5010 WARNING: Net type/depth[12] is skipped due to 0 input or output
PHY-5010 WARNING: Net type/depth[11] is skipped due to 0 input or output
PHY-5010 WARNING: Net type/depth[10] is skipped due to 0 input or output
PHY-1001 : Current memory(MB): used = 498, reserve = 468, peak = 498.
PHY-1001 : End build detailed router design. 4.079131s wall, 3.593750s user + 0.078125s system = 3.671875s CPU (90.0%)

PHY-1001 : Detail Route ...
PHY-1001 : ===== Detail Route Phase 1 =====
PHY-1001 : Clock net routing.....
PHY-1001 : Routed 0% nets.
PHY-1022 : len = 21784, over cnt = 0(0%), over = 0, worst = 0, crit = 0
PHY-1001 : End initial clock net routed; 1.243945s wall, 0.984375s user + 0.000000s system = 0.984375s CPU (79.1%)

PHY-1001 : Current memory(MB): used = 530, reserve = 501, peak = 530.
PHY-1001 : End phase 1; 1.256402s wall, 1.000000s user + 0.000000s system = 1.000000s CPU (79.6%)

PHY-1001 : ===== Detail Route Phase 2 =====
PHY-1001 : Initial routing.....
PHY-1001 : Routed 34% nets.
PHY-1001 : Routed 39% nets.
PHY-1001 : Routed 50% nets.
PHY-1001 : Routed 66% nets.
PHY-1001 : Routed 87% nets.
PHY-1022 : len = 237600, over cnt = 20(0%), over = 20, worst = 1, crit = 0
PHY-1001 : Current memory(MB): used = 531, reserve = 502, peak = 531.
PHY-1001 : End initial routed; 6.513509s wall, 4.656250s user + 0.078125s system = 4.734375s CPU (72.7%)

PHY-1001 : Current memory(MB): used = 531, reserve = 502, peak = 531.
PHY-1001 : End phase 2; 6.513577s wall, 4.656250s user + 0.078125s system = 4.734375s CPU (72.7%)

PHY-1001 : ===== Detail Route Phase 3 =====
PHY-1001 : Ripup-reroute.....
PHY-1001 : ===== DR Iter 1 =====
PHY-1022 : len = 237576, over cnt = 2(0%), over = 2, worst = 1, crit = 0
PHY-1001 : End DR Iter 1; 0.073388s wall, 0.046875s user + 0.000000s system = 0.046875s CPU (63.9%)

PHY-1001 : ===== DR Iter 2 =====
PHY-1022 : len = 237592, over cnt = 0(0%), over = 0, worst = 0, crit = 0
PHY-1001 : End DR Iter 2; 0.031029s wall, 0.015625s user + 0.000000s system = 0.015625s CPU (50.4%)

PHY-1001 : Commit to database.....
PHY-1001 : 3 feed throughs used by 3 nets
PHY-1001 : End commit to database; 0.224635s wall, 0.187500s user + 0.000000s system = 0.187500s CPU (83.5%)

PHY-1001 : Current memory(MB): used = 545, reserve = 515, peak = 545.
PHY-1001 : End phase 3; 0.504185s wall, 0.359375s user + 0.000000s system = 0.359375s CPU (71.3%)

PHY-1003 : Routed, final wirelength = 237592
PHY-1001 : Current memory(MB): used = 545, reserve = 516, peak = 545.
PHY-1001 : End export database. 0.016108s wall, 0.015625s user + 0.000000s system = 0.015625s CPU (97.0%)

PHY-1001 : End detail routing;  12.640949s wall, 9.828125s user + 0.187500s system = 10.015625s CPU (79.2%)

RUN-1003 : finish command "route" in  13.281242s wall, 10.218750s user + 0.187500s system = 10.406250s CPU (78.4%)

RUN-1004 : used memory is 477 MB, reserved memory is 448 MB, peak memory is 545 MB
RUN-1002 : start command "report_area -io_info -file adc_phy.area"
RUN-1001 : standard
***Report Model: top Device: EG4S20NG88***

IO Statistics
#IO                        19
  #input                   14
  #output                   5
  #inout                    0

Utilization Statistics
#lut                      743   out of  19600    3.79%
#reg                      511   out of  19600    2.61%
#le                       882
  #lut only               371   out of    882   42.06%
  #reg only               139   out of    882   15.76%
  #lut&reg                372   out of    882   42.18%
#dsp                        0   out of     29    0.00%
#bram                      24   out of     64   37.50%
  #bram9k                  24
  #fifo9k                   0
#bram32k                    4   out of     16   25.00%
#pad                       19   out of     66   28.79%
  #ireg                    10
  #oreg                     5
  #treg                     0
#pll                        0   out of      4    0.00%
#gclk                       2   out of     16   12.50%

Clock Resource Statistics
Index     ClockNet             Type               DriverType         Driver                      Fanout
#1        clk_dup_3            GCLK               io                 clk_syn_4.di                224
#2        config_inst_syn_9    GCLK               config             config_inst.jtck            117
#3        adc/clk_adc          GCLK               mslice             adc/clk_adc_reg_syn_5.q0    7


Detailed IO Report

     Name       Direction    Location    IOStandard    DriveStrength    PullType    PackReg  
     clk          INPUT        P34        LVCMOS25          N/A          PULLUP      NONE    
  data_in[7]      INPUT         P2        LVCMOS25          N/A          PULLUP      IREG    
  data_in[6]      INPUT         P3        LVCMOS25          N/A          PULLUP      IREG    
  data_in[5]      INPUT         P4        LVCMOS25          N/A          PULLUP      IREG    
  data_in[4]      INPUT         P5        LVCMOS25          N/A          PULLUP      IREG    
  data_in[3]      INPUT        P10        LVCMOS25          N/A          PULLUP      IREG    
  data_in[2]      INPUT        P11        LVCMOS25          N/A          PULLUP      IREG    
  data_in[1]      INPUT        P12        LVCMOS25          N/A          PULLUP      IREG    
  data_in[0]      INPUT        P13        LVCMOS25          N/A          PULLUP      IREG    
     eoc          INPUT        P60        LVCMOS25          N/A          PULLUP      NONE    
     key1         INPUT        P50        LVCMOS25          N/A          PULLUP      NONE    
     key2         INPUT        P30        LVCMOS25          N/A           N/A        IREG    
   reset_n        INPUT        P55        LVCMOS25          N/A          PULLUP      NONE    
   uart_rxd       INPUT        P54        LVCMOS25          N/A          PULLUP      IREG    
   adc_clk       OUTPUT        P57        LVCMOS25           8            NONE       OREG    
     ale         OUTPUT        P23        LVCMOS25           8            N/A        OREG    
      oe         OUTPUT        P86        LVCMOS25           8            NONE       OREG    
    start        OUTPUT        P59        LVCMOS25           8            NONE       OREG    
   uart_txd      OUTPUT        P52        LVCMOS25           8            NONE       OREG    

Report Hierarchy Area:
+---------------------------------------------------------------------------------------------------------+
|Instance                            |Module         |le     |lut     |ripple  |seq     |bram    |dsp     |
+---------------------------------------------------------------------------------------------------------+
|top                                 |top            |882    |594     |149     |526     |28      |0       |
|  adc                               |adc_ctrl       |11     |11      |0       |10      |0       |0       |
|  fifo_list                         |fifo_ctrl      |115    |76      |36      |53      |4       |0       |
|    fifo_list                       |fifo           |109    |70      |36      |48      |4       |0       |
|      ram_inst                      |ram_infer_fifo |7      |7       |0       |1       |4       |0       |
|  rx                                |uart_rx        |54     |48      |6       |35      |0       |0       |
|  tx                                |uart_tx        |60     |45      |8       |38      |0       |0       |
|  type                              |type_choice    |117    |109     |8       |64      |0       |0       |
|  cw_top                            |CW_TOP_WRAPPER |523    |303     |91      |310     |0       |0       |
|    wrapper_cwc_top                 |cwc_top        |523    |303     |91      |310     |0       |0       |
|      cfg_int_inst                  |cwc_cfg_int    |202    |97      |0       |195     |0       |0       |
|        reg_inst                    |register       |200    |95      |0       |193     |0       |0       |
|        tap_inst                    |tap            |2      |2       |0       |2       |0       |0       |
|      trigger_inst                  |trigger        |321    |206     |91      |115     |0       |0       |
|        bus_inst                    |bus_top        |97     |53      |30      |32      |0       |0       |
|          BUS_DETECTOR[0]$bus_nodes |bus_det        |3      |2       |0       |3       |0       |0       |
|          BUS_DETECTOR[2]$bus_nodes |bus_det        |31     |16      |10      |9       |0       |0       |
|          BUS_DETECTOR[3]$bus_nodes |bus_det        |28     |16      |10      |12      |0       |0       |
|          BUS_DETECTOR[4]$bus_nodes |bus_det        |35     |19      |10      |8       |0       |0       |
|        emb_ctrl_inst               |emb_ctrl       |108    |79      |29      |52      |0       |0       |
+---------------------------------------------------------------------------------------------------------+


DataNet Average Fanout:

   Index     Fanout     Nets  
    #1          1       566   
    #2          2       340   
    #3          3       102   
    #4          4        40   
    #5        5-10       90   
    #6        11-50      41   
    #7       51-100      3    
    #8       101-500     2    
  Average     3.10            

RUN-1002 : start command "export_db adc_pr.db"
RUN-1001 : Exported /
RUN-1001 : Exported flow parameters
RUN-1001 : Exported libs
RUN-1001 : Exported entities
RUN-1001 : Exported ports
RUN-1001 : Exported pins
RUN-1001 : Exported instances
RUN-1001 : Exported nets
RUN-1001 : Exported buses
RUN-1001 : Exported models
RUN-1001 : Exported congestions
RUN-1001 : Exported violations
RUN-1001 : Exported IO constraints
RUN-1001 : Exported Inst constraints
RUN-1001 : Exported ChipWatcher
RUN-1002 : start command "export_bid adc_inst.bid"
PRG-1000 : <!-- HMAC is: 7158798d3ac9d088d4bb0dda9efa02569fe81c809ac7f47025b818318154f57a -->
RUN-1002 : start command "bitgen -bit adc.bit"
BIT-1003 : Start to generate bitstream. 
BIT-1002 : Init instances with 16 threads.
BIT-1002 : Init instances completely, inst num: 511
BIT-1002 : Init pips with 16 threads.
BIT-1002 : Init pips completely, net num: 1212, pip num: 13847
BIT-1002 : Init feedthrough completely, num: 3
BIT-1003 : Multithreading accelaration with 16 threads.
BIT-1003 : Generate bitstream completely, there are 1559 valid insts, and 35913 bits set as '1'.
BIT-1004 : the usercode register value: 00000000010000011100100100111000
BIT-1004 : PLL setting string = 0000
BIT-1004 : Generate bits file adc.bit.
RUN-1003 : finish command "bitgen -bit adc.bit" in  3.593705s wall, 19.468750s user + 0.140625s system = 19.609375s CPU (545.7%)

RUN-1004 : used memory is 479 MB, reserved memory is 455 MB, peak memory is 678 MB
RUN-1002 : start command "backup_run_log run.log ../.logs/phy_1/td_20230305_195424.log"
