============================================================
   Tang Dynasty, V5.6.56362
   Copyright (c) 2012-2022 Anlogic
   Executable = C:/Anlogic/TD5.6.56362/bin/td.exe
   Built at =   19:51:00 Jul 25 2022
   Run by =     shaka
   Run Date =   Wed Mar  8 00:05:37 2023

   Run on =     BR007
============================================================
RUN-1002 : start command "open_project adc.prj"
RUN-1001 : Print Global Property
RUN-1001 : ---------------------------------------------------------------
RUN-1001 :        Parameters        |  Settings  |  Default Values  |  Note  
RUN-1001 : ---------------------------------------------------------------
RUN-1001 :          message         |  standard  |     standard     |        
RUN-1001 :   mixed_pack_place_flow  |     on     |        on        |        
RUN-1001 :        syn_ip_flow       |    off     |       off        |        
RUN-1001 :          thread          |    auto    |       auto       |        
RUN-1001 : ---------------------------------------------------------------
RUN-1001 : Print Design Property
RUN-1001 : --------------------------------------------------------------
RUN-1001 :        Parameters       |  Settings  |  Default Values  |  Note  
RUN-1001 : --------------------------------------------------------------
RUN-1001 :   default_reg_initial   |    auto    |       auto       |        
RUN-1001 :        infer_add        |     on     |        on        |        
RUN-1001 :        infer_fsm        |    off     |       off        |        
RUN-1001 :        infer_mult       |     on     |        on        |        
RUN-1001 :        infer_ram        |     on     |        on        |        
RUN-1001 :        infer_reg        |     on     |        on        |        
RUN-1001 :   infer_reg_init_value  |     on     |        on        |        
RUN-1001 :        infer_rom        |     on     |        on        |        
RUN-1001 :      infer_shifter      |     on     |        on        |        
RUN-1001 : --------------------------------------------------------------
RUN-1001 : Print Rtl Property
RUN-1001 : --------------------------------------------------------------
RUN-1001 :        Parameters       |  Settings  |  Default Values  |  Note  
RUN-1001 : --------------------------------------------------------------
RUN-1001 :       compress_add      |   ripple   |      ripple      |        
RUN-1001 :        elf_sload        |    off     |       off        |        
RUN-1001 :       fix_undriven      |     0      |        0         |        
RUN-1001 :         flatten         |    off     |       off        |        
RUN-1001 :       gate_sharing      |     on     |        on        |        
RUN-1001 :    hdl_warning_level    |   normal   |      normal      |        
RUN-1001 :   impl_internal_tribuf  |     on     |        on        |        
RUN-1001 :      impl_set_reset     |     on     |        on        |        
RUN-1001 :        infer_gsr        |    off     |       off        |        
RUN-1001 :      keep_hierarchy     |    auto    |       auto       |        
RUN-1001 :        max_fanout       |    9999    |       9999       |        
RUN-1001 :      max_oh2bin_len     |     10     |        10        |        
RUN-1001 :       merge_equal       |     on     |        on        |        
RUN-1001 :       merge_equiv       |     on     |        on        |        
RUN-1001 :        merge_mux        |    off     |       off        |        
RUN-1001 :     min_control_set     |     8      |        8         |        
RUN-1001 :      min_ripple_len     |    auto    |       auto       |        
RUN-1001 :       oh2bin_ratio      |    0.08    |       0.08       |        
RUN-1001 :     opt_adder_fanout    |     on     |        on        |        
RUN-1001 :        opt_arith        |     on     |        on        |        
RUN-1001 :       opt_big_gate      |    off     |       off        |        
RUN-1001 :        opt_const        |     on     |        on        |        
RUN-1001 :      opt_const_mult     |     on     |        on        |        
RUN-1001 :       opt_lessthan      |     on     |        on        |        
RUN-1001 :         opt_mux         |    off     |       off        |        
RUN-1001 :         opt_ram         |    high    |       high       |        
RUN-1001 :      rtl_sim_model      |    off     |       off        |        
RUN-1001 :         seq_syn         |     on     |        on        |        
RUN-1001 : --------------------------------------------------------------
HDL-1007 : analyze verilog file ../../../Core/fifo.v
HDL-1007 : analyze verilog file ../../../Src/top.v
HDL-1007 : undeclared symbol 'valid', assumed default net type 'wire' in ../../../Src/top.v(41)
HDL-1007 : undeclared symbol 'data_vld', assumed default net type 'wire' in ../../../Src/top.v(52)
HDL-1007 : undeclared symbol 'adc_en', assumed default net type 'wire' in ../../../Src/top.v(62)
HDL-1007 : undeclared symbol 'data_en', assumed default net type 'wire' in ../../../Src/top.v(69)
HDL-1007 : undeclared symbol 'fifo_working', assumed default net type 'wire' in ../../../Src/top.v(86)
HDL-1007 : undeclared symbol 'condition', assumed default net type 'wire' in ../../../Src/top.v(101)
HDL-1007 : analyze verilog file ../../../Src/uart_rx.v
HDL-1007 : analyze verilog file ../../../Src/uart_tx.v
HDL-1007 : analyze verilog file ../../../Src/adc_ctrl.v
HDL-1007 : analyze verilog file ../../../Src/type_choice.v
HDL-1007 : analyze verilog file ../../../Src/fifo_ctrl.v
HDL-1007 : undeclared symbol 'empty_flag', assumed default net type 'wire' in ../../../Src/fifo_ctrl.v(156)
RUN-1001 : Project manager successfully analyzed 7 source files.
RUN-1002 : start command "import_device eagle_s20.db -package EG4S20NG88"
ARC-1001 : Device Initialization.
ARC-1001 : ---------------------------------------------------------------
ARC-1001 :            OPTION            |        IO         |   SETTING   
ARC-1001 : ---------------------------------------------------------------
ARC-1001 :   cso_b/cclk/mosi/miso/dout  |  P69/P82/P81/P80  |    gpio    
ARC-1001 :             done             |        P8         |    gpio    
ARC-1001 :           program_b          |        P67        |  dedicate  
ARC-1001 :        tdi/tms/tck/tdo       |  P25/P22/P26/P21  |  dedicate  
ARC-1001 : ---------------------------------------------------------------
ARC-1004 : Device setting, marked 5 dedicate IOs in total.
RUN-1002 : start command "import_db ../syn_1/adc_gate.db"
RUN-1001 : Importing database generated by Tang Dynasty, V5.6.56362.
RUN-1001 : Database version number 46140.
RUN-1001 : Import flow parameters
RUN-1001 : Import timing constraints
RUN-1001 : Import IO constraints
RUN-1001 : Import Inst constraints
RUN-1001 : Import design success TD_VERSION=5.6.56362 , DB_VERSION=46140
RUN-1002 : start command "read_sdc"
USR-1002 : read_sdc file_name -help -h -eco
USR-1009 : NO module with IP_SDC ...
RUN-1104 : Import SDC file  finished, there are 0 nets kept by constraints.
RUN-1002 : start command "config_chipwatcher ../../../Debug/adc.cwc -dir "
RUN-1002 : start command "legalize_phy_inst"
SYN-1011 : Flatten model top
KIT-1004 : ChipWatcher: import watcher inst auto_chipwatcher_0 completed, there are 2 view nodes, 5 trigger nets, 5 data nets.
KIT-1004 : Chipwatcher code = 0010111111111111
RUN-1002 : start command "compile_watcher"
RUN-1002 : start command "read_verilog -no_sch -dir C:/Anlogic/TD5.6.56362/cw/ -file adc_watcherInst.sv -lib cw -top CW_TOP_WRAPPER"
HDL-1007 : analyze verilog file C:/Anlogic/TD5.6.56362/cw\bus_det.v
HDL-1007 : analyze verilog file C:/Anlogic/TD5.6.56362/cw\bus_top.sv
HDL-1007 : analyze verilog file C:/Anlogic/TD5.6.56362/cw\cfg_int.v
HDL-1007 : analyze verilog file C:/Anlogic/TD5.6.56362/cw\cwc_cfg_int.v
HDL-1007 : analyze verilog file C:/Anlogic/TD5.6.56362/cw\cwc_top.sv
HDL-1007 : analyze verilog file C:/Anlogic/TD5.6.56362/cw\detect_bus.v
HDL-1007 : analyze verilog file C:/Anlogic/TD5.6.56362/cw\detect_non_bus.v
HDL-1007 : analyze verilog file C:/Anlogic/TD5.6.56362/cw\emb_ctrl.v
HDL-1007 : analyze verilog file C:/Anlogic/TD5.6.56362/cw\register.v
HDL-1007 : analyze verilog file C:/Anlogic/TD5.6.56362/cw\tap.v
HDL-1007 : analyze verilog file C:/Anlogic/TD5.6.56362/cw\trigger.sv
HDL-1007 : analyze verilog file adc_watcherInst.sv
HDL-1007 : elaborate module CW_TOP_WRAPPER in adc_watcherInst.sv(1)
HDL-1007 : elaborate module cwc_top(BUS_NUM=2,BUS_DIN_NUM=5,BUS_CTRL_NUM=18,BUS_WIDTH='{32'sb011,32'sb010},BUS_DIN_POS='{32'sb0,32'sb011},BUS_CTRL_POS='{32'sb0,32'sb01010}) in C:/Anlogic/TD5.6.56362/cw\cwc_top.sv(21)
HDL-1007 : elaborate module cwc_cfg_int(CTRL_REG_LEN=40) in C:/Anlogic/TD5.6.56362/cw\cwc_cfg_int.v(21)
HDL-1007 : elaborate module register(CTRL_REG_LEN=40) in C:/Anlogic/TD5.6.56362/cw\register.v(21)
HDL-1007 : elaborate module tap in C:/Anlogic/TD5.6.56362/cw\tap.v(21)
HDL-1007 : elaborate module trigger(BUS_NUM=2,BUS_DIN_NUM=5,BUS_CTRL_NUM=18,BUS_WIDTH='{32'sb011,32'sb010},BUS_DIN_POS='{32'sb0,32'sb011},BUS_CTRL_POS='{32'sb0,32'sb01010}) in C:/Anlogic/TD5.6.56362/cw\trigger.sv(21)
HDL-1007 : elaborate module bus_top(BUS_NODE_NUM=2,BUS_DIN_NUM=5,BUS_CTRL_NUM=18,BUS_WIDTH='{32'sb011,32'sb010},BUS_DIN_POS='{32'sb0,32'sb011},BUS_CTRL_POS='{32'sb0,32'sb01010}) in C:/Anlogic/TD5.6.56362/cw\bus_top.sv(22)
HDL-1007 : elaborate module bus_det(BUS_WIDTH=32'sb011) in C:/Anlogic/TD5.6.56362/cw\bus_det.v(21)
HDL-1007 : elaborate module bus_det(BUS_WIDTH=32'sb010) in C:/Anlogic/TD5.6.56362/cw\bus_det.v(21)
HDL-1007 : elaborate module emb_ctrl in C:/Anlogic/TD5.6.56362/cw\emb_ctrl.v(21)
HDL-1200 : Current top model is CW_TOP_WRAPPER
HDL-1100 : Inferred 0 RAMs.
RUN-1002 : start command "force_keep -a auto_chipwatcher_0_logicbram"
RUN-1002 : start command "optimize_rtl -no_sch"
RUN-1001 : Open license file C:/Anlogic/TD5.6.56362/license/Anlogic.lic
RUN-1001 : Print Global Property
RUN-1001 : ---------------------------------------------------------------
RUN-1001 :        Parameters        |  Settings  |  Default Values  |  Note  
RUN-1001 : ---------------------------------------------------------------
RUN-1001 :          message         |  standard  |     standard     |        
RUN-1001 :   mixed_pack_place_flow  |     on     |        on        |        
RUN-1001 :        syn_ip_flow       |    off     |       off        |        
RUN-1001 :          thread          |    auto    |       auto       |        
RUN-1001 : ---------------------------------------------------------------
RUN-1001 : Print Rtl Property
RUN-1001 : --------------------------------------------------------------
RUN-1001 :        Parameters       |  Settings  |  Default Values  |  Note  
RUN-1001 : --------------------------------------------------------------
RUN-1001 :       compress_add      |   ripple   |      ripple      |        
RUN-1001 :        elf_sload        |    off     |       off        |        
RUN-1001 :       fix_undriven      |     0      |        0         |        
RUN-1001 :         flatten         |    off     |       off        |        
RUN-1001 :       gate_sharing      |     on     |        on        |        
RUN-1001 :    hdl_warning_level    |   normal   |      normal      |        
RUN-1001 :   impl_internal_tribuf  |     on     |        on        |        
RUN-1001 :      impl_set_reset     |     on     |        on        |        
RUN-1001 :        infer_gsr        |    off     |       off        |        
RUN-1001 :      keep_hierarchy     |    auto    |       auto       |        
RUN-1001 :        max_fanout       |    9999    |       9999       |        
RUN-1001 :      max_oh2bin_len     |     10     |        10        |        
RUN-1001 :       merge_equal       |     on     |        on        |        
RUN-1001 :       merge_equiv       |     on     |        on        |        
RUN-1001 :        merge_mux        |    off     |       off        |        
RUN-1001 :     min_control_set     |     8      |        8         |        
RUN-1001 :      min_ripple_len     |    auto    |       auto       |        
RUN-1001 :       oh2bin_ratio      |    0.08    |       0.08       |        
RUN-1001 :     opt_adder_fanout    |     on     |        on        |        
RUN-1001 :        opt_arith        |     on     |        on        |        
RUN-1001 :       opt_big_gate      |    off     |       off        |        
RUN-1001 :        opt_const        |     on     |        on        |        
RUN-1001 :      opt_const_mult     |     on     |        on        |        
RUN-1001 :       opt_lessthan      |     on     |        on        |        
RUN-1001 :         opt_mux         |    off     |       off        |        
RUN-1001 :         opt_ram         |    high    |       high       |        
RUN-1001 :      rtl_sim_model      |    off     |       off        |        
RUN-1001 :         seq_syn         |     on     |        on        |        
RUN-1001 : --------------------------------------------------------------
SYN-1012 : SanityCheck: Model "top"
SYN-1012 : SanityCheck: Model "CW_TOP_WRAPPER"
SYN-1012 : SanityCheck: Model "cwc_top(BUS_NUM=2,BUS_DIN_NUM=5,BUS_CTRL_NUM=18,BUS_WIDTH='{32'sb011,32'sb010},BUS_DIN_POS='{32'sb0,32'sb011},BUS_CTRL_POS='{32'sb0,32'sb01010})"
SYN-1012 : SanityCheck: Model "cwc_cfg_int(CTRL_REG_LEN=40)"
SYN-1012 : SanityCheck: Model "register(CTRL_REG_LEN=40)"
SYN-1012 : SanityCheck: Model "tap"
SYN-1012 : SanityCheck: Model "trigger(BUS_NUM=2,BUS_DIN_NUM=5,BUS_CTRL_NUM=18,BUS_WIDTH='{32'sb011,32'sb010},BUS_DIN_POS='{32'sb0,32'sb011},BUS_CTRL_POS='{32'sb0,32'sb01010})"
SYN-1012 : SanityCheck: Model "bus_top(BUS_NODE_NUM=2,BUS_DIN_NUM=5,BUS_CTRL_NUM=18,BUS_WIDTH='{32'sb011,32'sb010},BUS_DIN_POS='{32'sb0,32'sb011},BUS_CTRL_POS='{32'sb0,32'sb01010})"
SYN-1012 : SanityCheck: Model "bus_det(BUS_WIDTH=32'sb011)"
SYN-1012 : SanityCheck: Model "bus_det(BUS_WIDTH=32'sb010)"
SYN-1012 : SanityCheck: Model "emb_ctrl"
SYN-1011 : Flatten model top
SYN-1032 : 1643/12 useful/useless nets, 953/0 useful/useless insts
SYN-1016 : Merged 16 instances.
SYN-1014 : Optimize round 1
SYN-1032 : 1496/16 useful/useless nets, 1183/12 useful/useless insts
SYN-1021 : Optimized 2 onehot mux instances.
SYN-1020 : Optimized 1 distributor mux.
SYN-1019 : Optimized 2 mux instances.
SYN-1015 : Optimize round 1, 212 better
SYN-1014 : Optimize round 2
SYN-1032 : 1363/30 useful/useless nets, 1050/32 useful/useless insts
SYN-1015 : Optimize round 2, 64 better
SYN-1014 : Optimize round 3
SYN-1015 : Optimize round 3, 0 better
RUN-1002 : start command "optimize_gate -no_sch"
RUN-1001 : Open license file C:/Anlogic/TD5.6.56362/license/Anlogic.lic
RUN-1001 : Print Global Property
RUN-1001 : ---------------------------------------------------------------
RUN-1001 :        Parameters        |  Settings  |  Default Values  |  Note  
RUN-1001 : ---------------------------------------------------------------
RUN-1001 :          message         |  standard  |     standard     |        
RUN-1001 :   mixed_pack_place_flow  |     on     |        on        |        
RUN-1001 :        syn_ip_flow       |    off     |       off        |        
RUN-1001 :          thread          |    auto    |       auto       |        
RUN-1001 : ---------------------------------------------------------------
RUN-1001 : Print Gate Property
RUN-1001 : ------------------------------------------------------------------
RUN-1001 :          Parameters         |  Settings  |  Default Values  |  Note  
RUN-1001 : ------------------------------------------------------------------
RUN-1001 :         cascade_dsp         |    off     |       off        |        
RUN-1001 :         cascade_eram        |    off     |       off        |        
RUN-1001 :        gate_sim_model       |    off     |       off        |        
RUN-1001 :        map_sim_model        |    off     |       off        |        
RUN-1001 :         map_strategy        |     1      |        1         |        
RUN-1001 :           opt_area          |   medium   |      medium      |        
RUN-1001 :          opt_timing         |    auto    |       auto       |        
RUN-1001 :         pack_effort         |   medium   |      medium      |        
RUN-1001 :      pack_lslice_ripple     |     on     |        on        |        
RUN-1001 :   pack_lslice_ripple_ratio  |    0.5     |       0.5        |        
RUN-1001 :        pack_seq_in_io       |    auto    |       auto       |        
RUN-1001 :        ph1_mux_ratio        |    1.0     |       1.0        |        
RUN-1001 :            report           |  standard  |     standard     |        
RUN-1001 :           retiming          |    off     |       off        |        
RUN-1001 : ------------------------------------------------------------------
SYN-2001 : Map 19 IOs to PADs
RUN-1002 : start command "update_pll_param -module top"
SYN-2501 : Processed 0 LOGIC_BUF instances.
SYN-2512 : LOGIC BRAM "auto_chipwatcher_0_logicbram"
SYN-2571 : Optimize after map_dsp, round 1
SYN-2571 : Optimize after map_dsp, round 1, 0 better
SYN-1001 : Throwback 3 control mux instances
SYN-2501 : Optimize round 1
SYN-1016 : Merged 6 instances.
SYN-2501 : Optimize round 1, 13 better
SYN-2501 : Optimize round 2
SYN-2501 : Optimize round 2, 0 better
SYN-2501 : Map 14 macro adder
SYN-1019 : Optimized 9 mux instances.
SYN-1016 : Merged 14 instances.
SYN-1032 : 1658/11 useful/useless nets, 1347/1 useful/useless insts
RUN-1002 : start command "start_timer -prepack"
TMR-2505 : Start building timing graph for model top.
TMR-2506 : Build timing graph completely. Port num: 12, tpin num: 5727, tnet num: 1658, tinst num: 1346, tnode num: 7249, tedge num: 8941.
TMR-2508 : Levelizing timing graph completed, there are 51 levels in total.
TMR-2501 : Timing graph initialized successfully.
TMR-2503 : Start to update net delay, extr mode = 2.
TMR-2504 : Update delay of 1658 nets completely.
TMR-2502 : Annotate delay completely, extr mode = 2.
TMR-3001 : Initiate 0 clocks from SDC.
TMR-3004 : Map sdc constraints, there are 0 constraints in total.
TMR-3003 : Constraints initiated successfully.
TMR-3501 : Forward propagation: start to calculate arrival time...
TMR-3502 : Backward propagation: start to calculate required time...
TMR-3503 : Timing propagation completes.
SYN-3001 : Running gate level optimization.
SYN-2581 : Mapping with K=5, #lut = 115 (4.10), #lev = 6 (2.16)
SYN-2551 : Post LUT mapping optimization.
SYN-2581 : Mapping with K=5, #lut = 115 (4.10), #lev = 6 (2.16)
SYN-3001 : Logic optimization runtime opt =   0.02 sec, map =   0.00 sec
SYN-3001 : Mapper mapped 295 instances into 115 LUTs, name keeping = 79%.
SYN-1001 : Packing model "top" ...
SYN-4010 : Pack lib has 58 rtl pack models with 25 top pack blocks
SYN-1014 : Optimize round 1
SYN-1015 : Optimize round 1, 0 better
SYN-4002 : Packing 179 DFF/LATCH to SEQ ...
SYN-4009 : Pack 6 carry chain into lslice
SYN-4007 : Packing 79 adder to BLE ...
SYN-4008 : Packed 79 adder and 0 SEQ to BLE.
SYN-4007 : Packing 0 gate4 to BLE ...
SYN-4008 : Packed 0 gate4 and 0 SEQ to BLE.
SYN-4012 : Packed 0 FxMUX
RUN-1002 : start command "legalize_phy_inst"
SYN-1011 : Flatten model top
KIT-1004 : Compile Chipwatcher: Clear obsolete physical data.
RUN-1003 : finish command "compile_watcher" in  1.024257s wall, 0.953125s user + 0.015625s system = 0.968750s CPU (94.6%)

RUN-1004 : used memory is 173 MB, reserved memory is 142 MB, peak memory is 184 MB
RUN-1002 : start command "place"
RUN-1001 : Open license file C:/Anlogic/TD5.6.56362/license/Anlogic.lic
RUN-1001 : Print Global Property
RUN-1001 : ---------------------------------------------------------------
RUN-1001 :        Parameters        |  Settings  |  Default Values  |  Note  
RUN-1001 : ---------------------------------------------------------------
RUN-1001 :          message         |  standard  |     standard     |        
RUN-1001 :   mixed_pack_place_flow  |     on     |        on        |        
RUN-1001 :        syn_ip_flow       |    off     |       off        |        
RUN-1001 :          thread          |    auto    |       auto       |        
RUN-1001 : ---------------------------------------------------------------
RUN-1001 : Print Place Property
RUN-1001 : --------------------------------------------------------------
RUN-1001 :        Parameters       |  Settings  |  Default Values  |  Note  
RUN-1001 : --------------------------------------------------------------
RUN-1001 :      detailed_place     |     on     |        on        |        
RUN-1001 :          effort         |   medium   |      medium      |        
RUN-1001 :         fix_hold        |    off     |       off        |        
RUN-1001 :       legalization      |    ori     |       ori        |        
RUN-1001 :      new_spreading      |     on     |        on        |        
RUN-1001 :        opt_timing       |   medium   |      medium      |        
RUN-1001 :   post_clock_route_opt  |    off     |       off        |        
RUN-1001 :       pr_strategy       |     1      |        1         |        
RUN-1001 :        relaxation       |    1.00    |       1.00       |        
RUN-1001 :         retiming        |    off     |       off        |        
RUN-1001 : --------------------------------------------------------------
PHY-3001 : Placer runs in 16 thread(s).
RUN-1002 : start command "legalize_phy_inst"
SYN-1011 : Flatten model top
SYN-4036 : The kept net key1_dup_3 is useless
SYN-5055 WARNING: The kept net fifo_list/fifo_list/re will be merged to another kept net fifo_list/re
SYN-5055 WARNING: The kept net fifo_list/fifo_list/we will be merged to another kept net fifo_list/we
SYN-5055 WARNING: The kept net fifo_list/fifo_list/wr_addr_diff[13] will be merged to another kept net fifo_list/wrusedw[13]
SYN-5055 WARNING: The kept net fifo_list/fifo_list/wr_addr_diff[12] will be merged to another kept net fifo_list/wrusedw[12]
SYN-5055 WARNING: The kept net fifo_list/fifo_list/wr_addr_diff[11] will be merged to another kept net fifo_list/wrusedw[11]
SYN-5055 WARNING: The kept net fifo_list/fifo_list/wr_addr_diff[10] will be merged to another kept net fifo_list/wrusedw[10]
SYN-5055 WARNING: The kept net fifo_list/fifo_list/wr_addr_diff[9] will be merged to another kept net fifo_list/wrusedw[9]
SYN-5055 WARNING: The kept net fifo_list/fifo_list/wr_addr_diff[8] will be merged to another kept net fifo_list/wrusedw[8]
SYN-5055 WARNING: The kept net fifo_list/fifo_list/wr_addr_diff[7] will be merged to another kept net fifo_list/wrusedw[7]
SYN-5055 WARNING: The kept net fifo_list/fifo_list/wr_addr_diff[6] will be merged to another kept net fifo_list/wrusedw[6]
SYN-5055 Similar messages will be suppressed.
RUN-1002 : start command "phys_opt -simplify_lut"
SYN-4016 : Net config_inst_syn_10 driven by BUFG (101 clock/control pins, 0 other pins).
SYN-4024 : Net "clk_dup_3" drives clk pins.
SYN-4024 : Net "adc/clk_adc" drives clk pins.
SYN-4025 : Tag rtl::Net adc/clk_adc as clock net
SYN-4025 : Tag rtl::Net clk_dup_3 as clock net
SYN-4025 : Tag rtl::Net config_inst_syn_10 as clock net
SYN-4026 : Tagged 3 rtl::Net as clock net
SYN-4015 : Create BUFG instance for clk Net adc/clk_adc to drive 6 clock pins.
PHY-1001 : Populate physical database on model top.
RUN-1001 : There are total 928 instances
RUN-0007 : 372 luts, 388 seqs, 79 mslices, 54 lslices, 19 pads, 11 brams, 0 dsps
RUN-1001 : There are total 1244 nets
RUN-6004 WARNING: There are 1 nets with only 1 pin.
RUN-1001 : 793 nets have 2 pins
RUN-1001 : 324 nets have [3 - 5] pins
RUN-1001 : 64 nets have [6 - 10] pins
RUN-1001 : 46 nets have [11 - 20] pins
RUN-1001 : 11 nets have [21 - 99] pins
RUN-1001 : 5 nets have 100+ pins
RUN-1001 : Report Control nets information:
RUN-1001 : DFF Distribution
RUN-1001 : ----------------------------------
RUN-1001 :   CE   |  SSR  |  ASR  |  DFF Count  
RUN-1001 : ----------------------------------
RUN-1001 :   No   |  No   |  No   |      8      
RUN-1001 :   No   |  No   |  Yes  |     207     
RUN-1001 :   No   |  Yes  |  No   |      0      
RUN-1001 :   Yes  |  No   |  No   |      9      
RUN-1001 :   Yes  |  No   |  Yes  |     164     
RUN-1001 :   Yes  |  Yes  |  No   |      0      
RUN-1001 : ----------------------------------
RUN-0007 : Control Group Statistic
RUN-0007 : ---------------------------
RUN-0007 :   #CLK  |  #CE  |  #SSR/ASR  
RUN-0007 : ---------------------------
RUN-0007 :    3    |   9   |     6      
RUN-0007 : ---------------------------
RUN-0007 : Control Set = 15
PHY-3001 : Initial placement ...
PHY-3001 : design contains 926 instances, 372 luts, 388 seqs, 133 slices, 21 macros(133 instances: 79 mslices 54 lslices)
PHY-0007 : Cell area utilization is 3%
PHY-3001 : Start timing update ...
RUN-1002 : start command "start_timer -report"
TMR-2505 : Start building timing graph for model top.
TMR-2506 : Build timing graph completely. Port num: 12, tpin num: 4857, tnet num: 1242, tinst num: 926, tnode num: 6298, tedge num: 8168.
TMR-2508 : Levelizing timing graph completed, there are 29 levels in total.
TMR-2501 : Timing graph initialized successfully.
TMR-2503 : Start to update net delay, extr mode = 2.
TMR-2504 : Update delay of 1242 nets completely.
TMR-2502 : Annotate delay completely, extr mode = 2.
TMR-3001 : Initiate 0 clocks from SDC.
TMR-3004 : Map sdc constraints, there are 0 constraints in total.
TMR-3003 : Constraints initiated successfully.
TMR-3501 : Forward propagation: start to calculate arrival time...
TMR-3502 : Backward propagation: start to calculate required time...
TMR-3503 : Timing propagation completes.
PHY-3001 : End timing update;  0.186380s wall, 0.171875s user + 0.000000s system = 0.171875s CPU (92.2%)

PHY-3001 : Global placement ...
PHY-3001 : Initial: Len = 309818
PHY-3001 : Clustering ...
PHY-3001 : Level 0 #clusters 926.
PHY-3001 : End clustering;  0.000017s wall, 0.000000s user + 0.000000s system = 0.000000s CPU (n/a%)

PHY-3001 : Run with size of 4
PHY-3001 : Cell area utilization is 3%
PHY-3001 : :::0::: Try harder cell spreading with beta_ = 0
PHY-3002 : Step(1): len = 176816, overlap = 42.75
PHY-3002 : Step(2): len = 130328, overlap = 40.5
PHY-3002 : Step(3): len = 91158.6, overlap = 33.75
PHY-3002 : Step(4): len = 76041.9, overlap = 38.25
PHY-3002 : Step(5): len = 56007.4, overlap = 40.5
PHY-3002 : Step(6): len = 53730.5, overlap = 40.5
PHY-3002 : Step(7): len = 44521.8, overlap = 38.25
PHY-3002 : Step(8): len = 43872.3, overlap = 38.25
PHY-3002 : Step(9): len = 41636.1, overlap = 38.25
PHY-3002 : Step(10): len = 39358.6, overlap = 38.25
PHY-3002 : Step(11): len = 36196.2, overlap = 38.25
PHY-3002 : Step(12): len = 31528.6, overlap = 38.25
PHY-3002 : Step(13): len = 29633.7, overlap = 40.5
PHY-3002 : Step(14): len = 28592.4, overlap = 42.75
PHY-3001 : :::1::: Try harder cell spreading with beta_ = 4.48749e-06
PHY-3002 : Step(15): len = 30219, overlap = 42.75
PHY-3002 : Step(16): len = 34442, overlap = 40.5625
PHY-3002 : Step(17): len = 34838.2, overlap = 40.5625
PHY-3002 : Step(18): len = 31991.9, overlap = 36.125
PHY-3002 : Step(19): len = 31435.7, overlap = 42.875
PHY-3002 : Step(20): len = 33085.2, overlap = 38.375
PHY-3002 : Step(21): len = 33567, overlap = 38.375
PHY-3002 : Step(22): len = 32529.7, overlap = 38.375
PHY-3002 : Step(23): len = 32376.8, overlap = 38.375
PHY-3002 : Step(24): len = 31956.3, overlap = 38.375
PHY-3002 : Step(25): len = 31929.5, overlap = 38.25
PHY-3002 : Step(26): len = 31713.7, overlap = 38.25
PHY-3002 : Step(27): len = 30651.7, overlap = 38.25
PHY-3002 : Step(28): len = 30145.5, overlap = 38.25
PHY-3002 : Step(29): len = 29971, overlap = 42.75
PHY-3002 : Step(30): len = 29617, overlap = 38.25
PHY-3002 : Step(31): len = 29447.3, overlap = 38.25
PHY-3002 : Step(32): len = 28682.5, overlap = 38.25
PHY-3002 : Step(33): len = 28701.4, overlap = 38.25
PHY-3002 : Step(34): len = 28514.7, overlap = 38.25
PHY-3002 : Step(35): len = 28124.5, overlap = 38.3125
PHY-3002 : Step(36): len = 27505.2, overlap = 39.5
PHY-3002 : Step(37): len = 26386.5, overlap = 39.5
PHY-3002 : Step(38): len = 26231.4, overlap = 39.5
PHY-3002 : Step(39): len = 26474.1, overlap = 39.5
PHY-3002 : Step(40): len = 26869.9, overlap = 35.5312
PHY-3002 : Step(41): len = 26560.5, overlap = 35.5312
PHY-3002 : Step(42): len = 25701, overlap = 40.0312
PHY-3002 : Step(43): len = 25421, overlap = 40.0312
PHY-3002 : Step(44): len = 25905.3, overlap = 40.0312
PHY-3002 : Step(45): len = 26017.1, overlap = 40.0312
PHY-3002 : Step(46): len = 25838.2, overlap = 40.0312
PHY-3001 : :::2::: Try harder cell spreading with beta_ = 8.97497e-06
PHY-3002 : Step(47): len = 26600.9, overlap = 40.0312
PHY-3002 : Step(48): len = 26669, overlap = 40.125
PHY-3002 : Step(49): len = 26808.8, overlap = 40.25
PHY-3001 : :::3::: Try harder cell spreading with beta_ = 1.79499e-05
PHY-3002 : Step(50): len = 27270.8, overlap = 36
PHY-3002 : Step(51): len = 27396.7, overlap = 40.5
PHY-3002 : Step(52): len = 27815.4, overlap = 40.625
PHY-3001 : Legalization ...
PHY-3001 : End legalization;  0.011567s wall, 0.000000s user + 0.000000s system = 0.000000s CPU (n/a%)

PHY-3001 : Run with size of 4
PHY-3001 : Cell area utilization is 4%
PHY-3001 : Update timing in Manhattan mode ...
TMR-2503 : Start to update net delay, extr mode = 3.
TMR-2504 : Update delay of 1242 nets completely.
TMR-2502 : Annotate delay completely, extr mode = 3.
TMR-3501 : Forward propagation: start to calculate arrival time...
TMR-3502 : Backward propagation: start to calculate required time...
TMR-3503 : Timing propagation completes.
PHY-3001 : End timing update;  0.023284s wall, 0.000000s user + 0.000000s system = 0.000000s CPU (n/a%)

PHY-3001 : :::0::: Try harder cell spreading with beta_ = 0.00133054
PHY-3002 : Step(53): len = 41905.2, overlap = 7.03125
PHY-3002 : Step(54): len = 42148.8, overlap = 5.40625
PHY-3002 : Step(55): len = 40679.9, overlap = 7.84375
PHY-3002 : Step(56): len = 40434.1, overlap = 10.25
PHY-3002 : Step(57): len = 37932.9, overlap = 6.71875
PHY-3002 : Step(58): len = 37551.2, overlap = 5.25
PHY-3002 : Step(59): len = 37055, overlap = 6.75
PHY-3002 : Step(60): len = 36665.5, overlap = 11.875
PHY-3002 : Step(61): len = 36621.6, overlap = 12.4375
PHY-3002 : Step(62): len = 36515.6, overlap = 16.3438
PHY-3002 : Step(63): len = 36243.7, overlap = 18.0312
PHY-3002 : Step(64): len = 36320.6, overlap = 17.4062
PHY-3002 : Step(65): len = 35497.6, overlap = 21.875
PHY-3002 : Step(66): len = 35366.7, overlap = 24.9375
PHY-3002 : Step(67): len = 35473.2, overlap = 24.875
PHY-3002 : Step(68): len = 35005.8, overlap = 25
PHY-3001 : Run with size of 2
PHY-3001 : Cell area utilization is 4%
PHY-3001 : Update timing in Manhattan mode ...
TMR-2503 : Start to update net delay, extr mode = 3.
TMR-2504 : Update delay of 1242 nets completely.
TMR-2502 : Annotate delay completely, extr mode = 3.
TMR-3501 : Forward propagation: start to calculate arrival time...
TMR-3502 : Backward propagation: start to calculate required time...
TMR-3503 : Timing propagation completes.
PHY-3001 : End timing update;  0.024258s wall, 0.000000s user + 0.000000s system = 0.000000s CPU (n/a%)

PHY-3001 : :::0::: Try harder cell spreading with beta_ = 3.61255e-05
PHY-3002 : Step(69): len = 37206.8, overlap = 37.125
PHY-3002 : Step(70): len = 37789.2, overlap = 34.4062
PHY-3002 : Step(71): len = 39036.8, overlap = 20.75
PHY-3002 : Step(72): len = 39115.1, overlap = 19.5
PHY-3002 : Step(73): len = 36886.3, overlap = 18.4375
PHY-3002 : Step(74): len = 36571.9, overlap = 19.75
PHY-3002 : Step(75): len = 36586, overlap = 20.25
PHY-3002 : Step(76): len = 36623.6, overlap = 19.5938
PHY-3002 : Step(77): len = 36674, overlap = 19.875
PHY-3002 : Step(78): len = 36110.4, overlap = 22.3125
PHY-3002 : Step(79): len = 36119.8, overlap = 22.7812
PHY-3002 : Step(80): len = 35832.5, overlap = 24
PHY-3001 : :::1::: Try harder cell spreading with beta_ = 7.2251e-05
PHY-3002 : Step(81): len = 35892.4, overlap = 20.25
PHY-3002 : Step(82): len = 35892.4, overlap = 20.25
PHY-3001 : :::2::: Try harder cell spreading with beta_ = 0.000144502
PHY-3002 : Step(83): len = 35989.8, overlap = 20.75
PHY-3002 : Step(84): len = 36015.7, overlap = 21.4688
OPT-1001 : Start physical optimization ...
RUN-1002 : start command "start_timer -report"
TMR-2505 : Start building timing graph for model top.
TMR-2506 : Build timing graph completely. Port num: 12, tpin num: 4857, tnet num: 1242, tinst num: 926, tnode num: 6298, tedge num: 8168.
TMR-2508 : Levelizing timing graph completed, there are 29 levels in total.
TMR-2501 : Timing graph initialized successfully.
OPT-1001 : Total overflow 60.47 peak overflow 3.19
OPT-1001 : Start high-fanout net optimization ...
OPT-1001 : Update timing in global mode
PHY-1001 : Start incremental global routing, caller is place ...
RUN-1001 : Generating global routing grids ...
RUN-1001 : Building simple global routing graph ...
PHY-1001 : Generate routing nets ...
PHY-1001 : Reuse net number 0/1244.
PHY-1001 : Global iterations in 16 thread ...
PHY-1002 : len = 45936, over cnt = 135(0%), over = 670, worst = 21
PHY-1001 : End global iterations;  0.084793s wall, 0.031250s user + 0.000000s system = 0.031250s CPU (36.9%)

PHY-1001 : Congestion index: top1 = 33.90, top5 = 18.04, top10 = 11.28, top15 = 8.08.
PHY-1001 : End incremental global routing;  0.148025s wall, 0.031250s user + 0.000000s system = 0.031250s CPU (21.1%)

TMR-2503 : Start to update net delay, extr mode = 5.
TMR-2504 : Update delay of 1242 nets completely.
TMR-2502 : Annotate delay completely, extr mode = 5.
TMR-3001 : Initiate 0 clocks from SDC.
TMR-3004 : Map sdc constraints, there are 0 constraints in total.
TMR-3003 : Constraints initiated successfully.
TMR-3501 : Forward propagation: start to calculate arrival time...
TMR-3502 : Backward propagation: start to calculate required time...
TMR-3503 : Timing propagation completes.
OPT-1001 : End timing update;  0.029221s wall, 0.078125s user + 0.000000s system = 0.078125s CPU (267.4%)

OPT-1001 : 0 high-fanout net processed.
OPT-1001 : End high-fanout net optimization;  0.198843s wall, 0.109375s user + 0.000000s system = 0.109375s CPU (55.0%)

OPT-1001 : Current memory(MB): used = 223, reserve = 191, peak = 223.
OPT-1001 : Start global optimization ...
OPT-1001 : Start congestion update ...
RUN-1001 : Generating global routing grids ...
PHY-1001 : Generate routing nets ...
PHY-1001 : Reuse net number 766/1244.
PHY-1001 : Global iterations in 16 thread ...
PHY-1002 : len = 45936, over cnt = 135(0%), over = 670, worst = 21
PHY-1002 : len = 49968, over cnt = 69(0%), over = 262, worst = 14
PHY-1002 : len = 50824, over cnt = 28(0%), over = 96, worst = 14
PHY-1002 : len = 49848, over cnt = 8(0%), over = 8, worst = 1
PHY-1002 : len = 49952, over cnt = 0(0%), over = 0, worst = 0
PHY-1001 : End global iterations;  0.115235s wall, 0.046875s user + 0.000000s system = 0.046875s CPU (40.7%)

PHY-1001 : Congestion index: top1 = 27.78, top5 = 17.24, top10 = 11.46, top15 = 8.46.
OPT-1001 : End congestion update;  0.169993s wall, 0.093750s user + 0.000000s system = 0.093750s CPU (55.1%)

OPT-1001 : Update timing in Manhattan mode
TMR-2503 : Start to update net delay, extr mode = 3.
TMR-2504 : Update delay of 1242 nets completely.
TMR-2502 : Annotate delay completely, extr mode = 3.
TMR-3501 : Forward propagation: start to calculate arrival time...
TMR-3502 : Backward propagation: start to calculate required time...
TMR-3503 : Timing propagation completes.
OPT-1001 : End timing update;  0.033770s wall, 0.031250s user + 0.000000s system = 0.031250s CPU (92.5%)

OPT-0007 : Start: WNS 2147483647 TNS 0 NUM_FEPS 0
OPT-1001 : End global optimization;  0.203889s wall, 0.125000s user + 0.000000s system = 0.125000s CPU (61.3%)

OPT-1001 : Current memory(MB): used = 224, reserve = 192, peak = 224.
OPT-1001 : End physical optimization;  0.586690s wall, 0.406250s user + 0.000000s system = 0.406250s CPU (69.2%)

PHY-3001 : Start packing ...
SYN-4007 : Packing 0 MUX to BLE ...
SYN-4008 : Packed 0 MUX and 0 SEQ to BLE.
SYN-4007 : Packing 372 LUT to BLE ...
SYN-4008 : Packed 372 LUT and 180 SEQ to BLE.
SYN-4003 : Packing 208 remaining SEQ's ...
SYN-4005 : Packed 93 SEQ with LUT/SLICE
SYN-4006 : 114 single LUT's are left
SYN-4006 : 115 single SEQ's are left
SYN-4011 : Packing model "top" (AL_USER_NORMAL) with 487/795 primitive instances ...
PHY-3001 : End packing;  0.035929s wall, 0.046875s user + 0.000000s system = 0.046875s CPU (130.5%)

PHY-1001 : Populate physical database on model top.
RUN-1001 : There are total 434 instances
RUN-1001 : 200 mslices, 199 lslices, 19 pads, 11 brams, 0 dsps
RUN-1001 : There are total 1065 nets
RUN-6004 WARNING: There are 1 nets with only 1 pin.
RUN-1001 : 608 nets have 2 pins
RUN-1001 : 331 nets have [3 - 5] pins
RUN-1001 : 62 nets have [6 - 10] pins
RUN-1001 : 48 nets have [11 - 20] pins
RUN-1001 : 12 nets have [21 - 99] pins
RUN-1001 : 3 nets have 100+ pins
PHY-3001 : design contains 432 instances, 399 slices, 21 macros(133 instances: 79 mslices 54 lslices)
PHY-3001 : Cell area utilization is 5%
PHY-3001 : After packing: Len = 36459.8, Over = 29.5
PHY-3001 : Run with size of 2
PHY-3001 : Cell area utilization is 5%
PHY-3001 : Update timing in Manhattan mode ...
RUN-1002 : start command "start_timer -report"
TMR-2505 : Start building timing graph for model top.
TMR-2506 : Build timing graph completely. Port num: 12, tpin num: 4173, tnet num: 1063, tinst num: 432, tnode num: 5221, tedge num: 7319.
TMR-2508 : Levelizing timing graph completed, there are 29 levels in total.
TMR-2501 : Timing graph initialized successfully.
TMR-2503 : Start to update net delay, extr mode = 3.
TMR-2504 : Update delay of 1063 nets completely.
TMR-2502 : Annotate delay completely, extr mode = 3.
TMR-3001 : Initiate 0 clocks from SDC.
TMR-3004 : Map sdc constraints, there are 0 constraints in total.
TMR-3003 : Constraints initiated successfully.
TMR-3501 : Forward propagation: start to calculate arrival time...
TMR-3502 : Backward propagation: start to calculate required time...
TMR-3503 : Timing propagation completes.
PHY-3001 : End timing update;  0.207070s wall, 0.203125s user + 0.000000s system = 0.203125s CPU (98.1%)

PHY-3001 : :::0::: Try harder cell spreading with beta_ = 2.3996e-05
PHY-3002 : Step(85): len = 35982.3, overlap = 30.5
PHY-3002 : Step(86): len = 36033.4, overlap = 31
PHY-3002 : Step(87): len = 35771.9, overlap = 30.75
PHY-3001 : :::1::: Try harder cell spreading with beta_ = 4.7992e-05
PHY-3002 : Step(88): len = 35959.5, overlap = 28.25
PHY-3002 : Step(89): len = 36113.1, overlap = 27.75
PHY-3002 : Step(90): len = 36113.1, overlap = 27.75
PHY-3001 : :::2::: Try harder cell spreading with beta_ = 9.59841e-05
PHY-3002 : Step(91): len = 36386.3, overlap = 23
PHY-3002 : Step(92): len = 36466.5, overlap = 22.75
PHY-3001 : Legalization ...
PHY-3001 : End legalization;  0.177555s wall, 0.000000s user + 0.031250s system = 0.031250s CPU (17.6%)

PHY-3001 : Trial Legalized: Len = 45150
PHY-3001 : Run with size of 2
PHY-3001 : Cell area utilization is 5%
PHY-3001 : Update timing in Manhattan mode ...
TMR-2503 : Start to update net delay, extr mode = 3.
TMR-2504 : Update delay of 1063 nets completely.
TMR-2502 : Annotate delay completely, extr mode = 3.
TMR-3501 : Forward propagation: start to calculate arrival time...
TMR-3502 : Backward propagation: start to calculate required time...
TMR-3503 : Timing propagation completes.
PHY-3001 : End timing update;  0.019142s wall, 0.000000s user + 0.000000s system = 0.000000s CPU (n/a%)

PHY-3001 : :::0::: Try harder cell spreading with beta_ = 0.00269014
PHY-3002 : Step(93): len = 42965.7, overlap = 2.25
PHY-3002 : Step(94): len = 40648.6, overlap = 5.5
PHY-3002 : Step(95): len = 38827.4, overlap = 9.5
PHY-3002 : Step(96): len = 38434.8, overlap = 10.75
PHY-3002 : Step(97): len = 38338.3, overlap = 11.5
PHY-3002 : Step(98): len = 38143.1, overlap = 13
PHY-3002 : Step(99): len = 38056.8, overlap = 12.75
PHY-3001 : :::1::: Try harder cell spreading with beta_ = 0.00538028
PHY-3002 : Step(100): len = 37938.9, overlap = 13
PHY-3002 : Step(101): len = 37858.5, overlap = 12.75
PHY-3001 : :::2::: Try harder cell spreading with beta_ = 0.0107606
PHY-3002 : Step(102): len = 37739.7, overlap = 13
PHY-3002 : Step(103): len = 37739.7, overlap = 13
PHY-3001 : Legalization ...
PHY-3001 : End legalization;  0.005167s wall, 0.000000s user + 0.000000s system = 0.000000s CPU (n/a%)

PHY-3001 : Legalized: Len = 41689.9, Over = 0
PHY-3001 : Spreading special nets. 2 overflows in 2952 tiles.
PHY-3001 : End spreading;  0.004823s wall, 0.000000s user + 0.000000s system = 0.000000s CPU (n/a%)

PHY-3001 : 3 instances has been re-located, deltaX = 3, deltaY = 0, maxDist = 1.
PHY-3001 : Final: Len = 41781.9, Over = 0
OPT-1001 : Start physical optimization ...
RUN-1002 : start command "start_timer -report"
TMR-2505 : Start building timing graph for model top.
TMR-2506 : Build timing graph completely. Port num: 12, tpin num: 4173, tnet num: 1063, tinst num: 432, tnode num: 5221, tedge num: 7319.
TMR-2508 : Levelizing timing graph completed, there are 29 levels in total.
TMR-2501 : Timing graph initialized successfully.
OPT-1001 : Total overflow 0.00 peak overflow 0.00
OPT-1001 : Start high-fanout net optimization ...
OPT-1001 : Update timing in global mode
PHY-1001 : Start incremental global routing, caller is place ...
RUN-1001 : Generating global routing grids ...
PHY-1001 : Generate routing nets ...
PHY-1001 : Reuse net number 84/1065.
PHY-1001 : Global iterations in 16 thread ...
PHY-1002 : len = 52512, over cnt = 104(0%), over = 168, worst = 6
PHY-1002 : len = 53536, over cnt = 48(0%), over = 57, worst = 3
PHY-1002 : len = 53912, over cnt = 23(0%), over = 29, worst = 3
PHY-1002 : len = 54240, over cnt = 2(0%), over = 2, worst = 1
PHY-1002 : len = 54288, over cnt = 0(0%), over = 0, worst = 0
PHY-1001 : End global iterations;  0.150006s wall, 0.046875s user + 0.015625s system = 0.062500s CPU (41.7%)

PHY-1001 : Congestion index: top1 = 27.20, top5 = 18.14, top10 = 12.88, top15 = 9.55.
PHY-1001 : End incremental global routing;  0.210257s wall, 0.109375s user + 0.015625s system = 0.125000s CPU (59.5%)

TMR-2503 : Start to update net delay, extr mode = 5.
TMR-2504 : Update delay of 1063 nets completely.
TMR-2502 : Annotate delay completely, extr mode = 5.
TMR-3001 : Initiate 0 clocks from SDC.
TMR-3004 : Map sdc constraints, there are 0 constraints in total.
TMR-3003 : Constraints initiated successfully.
TMR-3501 : Forward propagation: start to calculate arrival time...
TMR-3502 : Backward propagation: start to calculate required time...
TMR-3503 : Timing propagation completes.
OPT-1001 : End timing update;  0.027548s wall, 0.015625s user + 0.000000s system = 0.015625s CPU (56.7%)

OPT-1001 : 0 high-fanout net processed.
OPT-1001 : End high-fanout net optimization;  0.256528s wall, 0.156250s user + 0.015625s system = 0.171875s CPU (67.0%)

OPT-1001 : Current memory(MB): used = 228, reserve = 196, peak = 228.
OPT-1001 : Start path based optimization ...
OPT-1001 : Start congestion update ...
RUN-1001 : Generating global routing grids ...
PHY-1001 : Generate routing nets ...
PHY-1001 : Reuse net number 906/1065.
PHY-1001 : Global iterations in 16 thread ...
PHY-1002 : len = 54288, over cnt = 0(0%), over = 0, worst = 0
PHY-1001 : End global iterations;  0.007321s wall, 0.000000s user + 0.000000s system = 0.000000s CPU (n/a%)

PHY-1001 : Congestion index: top1 = 27.20, top5 = 18.14, top10 = 12.88, top15 = 9.55.
OPT-1001 : End congestion update;  0.065021s wall, 0.062500s user + 0.000000s system = 0.062500s CPU (96.1%)

OPT-1001 : Update timing in Manhattan mode
TMR-2503 : Start to update net delay, extr mode = 3.
TMR-2504 : Update delay of 1063 nets completely.
TMR-2502 : Annotate delay completely, extr mode = 3.
TMR-3501 : Forward propagation: start to calculate arrival time...
TMR-3502 : Backward propagation: start to calculate required time...
TMR-3503 : Timing propagation completes.
OPT-1001 : End timing update;  0.019500s wall, 0.015625s user + 0.000000s system = 0.015625s CPU (80.1%)

OPT-0007 : Start: WNS 2147483647 TNS 0 NUM_FEPS 0
OPT-1001 : End path based optimization;  0.084624s wall, 0.078125s user + 0.000000s system = 0.078125s CPU (92.3%)

OPT-1001 : Current memory(MB): used = 229, reserve = 196, peak = 229.
OPT-1001 : Update timing in Manhattan mode
TMR-2503 : Start to update net delay, extr mode = 3.
TMR-2504 : Update delay of 1063 nets completely.
TMR-2502 : Annotate delay completely, extr mode = 3.
TMR-3501 : Forward propagation: start to calculate arrival time...
TMR-3502 : Backward propagation: start to calculate required time...
TMR-3503 : Timing propagation completes.
OPT-1001 : End timing update;  0.019849s wall, 0.015625s user + 0.000000s system = 0.015625s CPU (78.7%)

OPT-1001 : Start pin optimization...
OPT-1001 : skip pin optimization...
OPT-1001 : Update timing in global mode
PHY-1001 : Start incremental global routing, caller is place ...
RUN-1001 : Generating global routing grids ...
PHY-1001 : Generate routing nets ...
PHY-1001 : Reuse net number 906/1065.
PHY-1001 : Global iterations in 16 thread ...
PHY-1002 : len = 54288, over cnt = 0(0%), over = 0, worst = 0
PHY-1001 : End global iterations;  0.007728s wall, 0.015625s user + 0.000000s system = 0.015625s CPU (202.2%)

PHY-1001 : Congestion index: top1 = 27.20, top5 = 18.14, top10 = 12.88, top15 = 9.55.
PHY-1001 : End incremental global routing;  0.064416s wall, 0.062500s user + 0.000000s system = 0.062500s CPU (97.0%)

TMR-2503 : Start to update net delay, extr mode = 5.
TMR-2504 : Update delay of 1063 nets completely.
TMR-2502 : Annotate delay completely, extr mode = 5.
TMR-3501 : Forward propagation: start to calculate arrival time...
TMR-3502 : Backward propagation: start to calculate required time...
TMR-3503 : Timing propagation completes.
OPT-1001 : End timing update;  0.025582s wall, 0.031250s user + 0.000000s system = 0.031250s CPU (122.2%)

RUN-1001 : Generating global routing grids ...
PHY-1001 : Generate routing nets ...
PHY-1001 : Reuse net number 906/1065.
PHY-1001 : Global iterations in 16 thread ...
PHY-1002 : len = 54288, over cnt = 0(0%), over = 0, worst = 0
PHY-1001 : End global iterations;  0.007558s wall, 0.000000s user + 0.000000s system = 0.000000s CPU (n/a%)

PHY-1001 : Congestion index: top1 = 27.20, top5 = 18.14, top10 = 12.88, top15 = 9.55.
OPT-1001 : Update timing in Manhattan mode
TMR-2503 : Start to update net delay, extr mode = 3.
TMR-2504 : Update delay of 1063 nets completely.
TMR-2502 : Annotate delay completely, extr mode = 3.
TMR-3501 : Forward propagation: start to calculate arrival time...
TMR-3502 : Backward propagation: start to calculate required time...
TMR-3503 : Timing propagation completes.
OPT-1001 : End timing update;  0.019141s wall, 0.015625s user + 0.000000s system = 0.015625s CPU (81.6%)

RUN-1001 : QoR Analysis:
OPT-0007 :   WNS 2147483647 TNS 0 NUM_FEPS 0
RUN-1001 :   No local congestion issue, and most congested 1% tile average routing util is 26.758621
RUN-1001 :   Top critical paths
OPT-1001 : End physical optimization;  0.739423s wall, 0.609375s user + 0.015625s system = 0.625000s CPU (84.5%)

RUN-1003 : finish command "place" in  5.328593s wall, 2.000000s user + 0.671875s system = 2.671875s CPU (50.1%)

RUN-1004 : used memory is 214 MB, reserved memory is 181 MB, peak memory is 229 MB
RUN-1002 : start command "export_db adc_place.db"
RUN-1001 : Exported /
RUN-1001 : Exported flow parameters
RUN-1001 : Exported libs
RUN-1001 : Exported entities
RUN-1001 : Exported ports
RUN-1001 : Exported pins
RUN-1001 : Exported instances
RUN-1001 : Exported nets
RUN-1001 : Exported buses
RUN-1001 : Exported models
RUN-1001 : Exported congestions
RUN-1001 : Exported violations
RUN-1001 : Exported timing constraints
RUN-1001 : Exported IO constraints
RUN-1001 : Exported Inst constraints
RUN-1001 : Exported ChipWatcher
RUN-1002 : start command "route"
RUN-1001 : Open license file C:/Anlogic/TD5.6.56362/license/Anlogic.lic
RUN-1001 : Print Global Property
RUN-1001 : ---------------------------------------------------------------
RUN-1001 :        Parameters        |  Settings  |  Default Values  |  Note  
RUN-1001 : ---------------------------------------------------------------
RUN-1001 :          message         |  standard  |     standard     |        
RUN-1001 :   mixed_pack_place_flow  |     on     |        on        |        
RUN-1001 :        syn_ip_flow       |    off     |       off        |        
RUN-1001 :          thread          |    auto    |       auto       |        
RUN-1001 : ---------------------------------------------------------------
RUN-1001 : Print Route Property
RUN-1001 : -------------------------------------------------------
RUN-1001 :    Parameters    |  Settings  |  Default Values  |  Note  
RUN-1001 : -------------------------------------------------------
RUN-1001 :      effort      |   medium   |      medium      |        
RUN-1001 :     fix_hold     |    off     |       off        |        
RUN-1001 :    opt_timing    |   medium   |      medium      |        
RUN-1001 :   phy_sim_model  |    off     |       off        |        
RUN-1001 :     priority     |   timing   |      timing      |        
RUN-1001 :     swap_pin     |     on     |        on        |        
RUN-1001 : -------------------------------------------------------
PHY-1001 : Route runs in 16 thread(s)
RUN-1001 : There are total 434 instances
RUN-1001 : 200 mslices, 199 lslices, 19 pads, 11 brams, 0 dsps
RUN-1001 : There are total 1065 nets
RUN-6004 WARNING: There are 1 nets with only 1 pin.
RUN-1001 : 608 nets have 2 pins
RUN-1001 : 331 nets have [3 - 5] pins
RUN-1001 : 62 nets have [6 - 10] pins
RUN-1001 : 48 nets have [11 - 20] pins
RUN-1001 : 12 nets have [21 - 99] pins
RUN-1001 : 3 nets have 100+ pins
RUN-1002 : start command "start_timer -report"
TMR-2505 : Start building timing graph for model top.
TMR-2506 : Build timing graph completely. Port num: 12, tpin num: 4173, tnet num: 1063, tinst num: 432, tnode num: 5221, tedge num: 7319.
TMR-2508 : Levelizing timing graph completed, there are 29 levels in total.
TMR-2501 : Timing graph initialized successfully.
PHY-1001 : 200 mslices, 199 lslices, 19 pads, 11 brams, 0 dsps
TMR-2503 : Start to update net delay, extr mode = 3.
TMR-2504 : Update delay of 1063 nets completely.
TMR-2502 : Annotate delay completely, extr mode = 3.
TMR-3001 : Initiate 0 clocks from SDC.
TMR-3004 : Map sdc constraints, there are 0 constraints in total.
TMR-3003 : Constraints initiated successfully.
TMR-3501 : Forward propagation: start to calculate arrival time...
TMR-3502 : Backward propagation: start to calculate required time...
TMR-3503 : Timing propagation completes.
PHY-1001 : Start global routing, caller is route ...
RUN-1001 : Generating global routing grids ...
PHY-1001 : Generate routing nets ...
PHY-1001 : Global iterations in 16 thread ...
PHY-1002 : len = 52224, over cnt = 109(0%), over = 174, worst = 5
PHY-1002 : len = 53248, over cnt = 42(0%), over = 51, worst = 3
PHY-1002 : len = 53760, over cnt = 6(0%), over = 7, worst = 2
PHY-1002 : len = 53792, over cnt = 0(0%), over = 0, worst = 0
PHY-1001 : End global iterations;  0.156494s wall, 0.062500s user + 0.000000s system = 0.062500s CPU (39.9%)

PHY-1001 : Congestion index: top1 = 27.37, top5 = 18.23, top10 = 12.88, top15 = 9.52.
PHY-1001 : End global routing;  0.218323s wall, 0.125000s user + 0.000000s system = 0.125000s CPU (57.3%)

PHY-1001 : Start detail routing ...
PHY-1001 : Current memory(MB): used = 248, reserve = 216, peak = 300.
PHY-1001 : Detailed router is running in normal mode.
PHY-1001 : Generate detailed routing grids ...
PHY-1001 : Generate nets ...
PHY-1001 : net clk_dup_3 will be routed on clock mesh
PHY-5010 WARNING: Net key1_dup_3 is skipped due to 0 input or output
PHY-1001 : clock net adc/clk_adc_syn_4 will be merged with clock adc/clk_adc
PHY-1001 : clock net config_inst_syn_10 will be merged with clock config_inst_syn_9
PHY-5010 WARNING: Net key1_dup_3 is skipped due to 0 input or output
PHY-1001 : Current memory(MB): used = 513, reserve = 487, peak = 513.
PHY-1001 : End build detailed router design. 3.998424s wall, 3.843750s user + 0.046875s system = 3.890625s CPU (97.3%)

PHY-1001 : Detail Route ...
PHY-1001 : ===== Detail Route Phase 1 =====
PHY-1001 : Clock net routing.....
PHY-1001 : Routed 0% nets.
PHY-1022 : len = 13704, over cnt = 0(0%), over = 0, worst = 0, crit = 0
PHY-1001 : End initial clock net routed; 0.955950s wall, 0.937500s user + 0.015625s system = 0.953125s CPU (99.7%)

PHY-1001 : Current memory(MB): used = 544, reserve = 519, peak = 544.
PHY-1001 : End phase 1; 0.966966s wall, 0.953125s user + 0.015625s system = 0.968750s CPU (100.2%)

PHY-1001 : ===== Detail Route Phase 2 =====
PHY-1001 : Initial routing.....
PHY-1001 : Routed 37% nets.
PHY-1001 : Routed 40% nets.
PHY-1001 : Routed 41% nets.
PHY-1001 : Routed 41% nets.
PHY-1001 : Routed 43% nets.
PHY-1001 : Patch 464 net; 2.263142s wall, 2.265625s user + 0.000000s system = 2.265625s CPU (100.1%)

PHY-1022 : len = 116320, over cnt = 63(0%), over = 63, worst = 1, crit = 0
PHY-1001 : Current memory(MB): used = 546, reserve = 520, peak = 546.
PHY-1001 : End initial routed; 3.800831s wall, 3.828125s user + 0.015625s system = 3.843750s CPU (101.1%)

PHY-1001 : Update timing.....
PHY-1001 : 0/931(0%) critical/total net(s).
RUN-1001 : ------------------------------------------
RUN-1001 :   Type   |    WNS(ns)    |  TNS(ns)  |  FEP  
RUN-1001 : ------------------------------------------
RUN-1001 :   Setup  |  2147483.647  |   0.000   |   0   
RUN-1001 :   Hold   |  2147483.647  |   0.000   |   0   
RUN-1001 : ------------------------------------------
PHY-1001 : End update timing; 0.239732s wall, 0.218750s user + 0.000000s system = 0.218750s CPU (91.2%)

PHY-1001 : Current memory(MB): used = 547, reserve = 521, peak = 547.
PHY-1001 : End phase 2; 4.040673s wall, 4.046875s user + 0.031250s system = 4.078125s CPU (100.9%)

PHY-1001 : ===== Detail Route Phase 3 =====
PHY-1001 : Optimize timing.....
PHY-1022 : len = 116320, over cnt = 63(0%), over = 63, worst = 1, crit = 0
PHY-1001 : End optimize timing; 0.010121s wall, 0.015625s user + 0.000000s system = 0.015625s CPU (154.4%)

PHY-1001 : Ripup-reroute.....
PHY-1001 : ===== DR Iter 1 =====
PHY-1022 : len = 116352, over cnt = 24(0%), over = 24, worst = 1, crit = 0
PHY-1001 : End DR Iter 1; 0.064325s wall, 0.062500s user + 0.000000s system = 0.062500s CPU (97.2%)

PHY-1001 : ===== DR Iter 2 =====
PHY-1022 : len = 116512, over cnt = 4(0%), over = 4, worst = 1, crit = 0
PHY-1001 : End DR Iter 2; 0.070712s wall, 0.078125s user + 0.000000s system = 0.078125s CPU (110.5%)

PHY-1001 : ===== DR Iter 3 =====
PHY-1022 : len = 116576, over cnt = 0(0%), over = 0, worst = 0, crit = 0
PHY-1001 : End DR Iter 3; 0.040785s wall, 0.000000s user + 0.000000s system = 0.000000s CPU (n/a%)

PHY-1001 : Update timing.....
PHY-1001 : 0/931(0%) critical/total net(s).
RUN-1001 : ------------------------------------------
RUN-1001 :   Type   |    WNS(ns)    |  TNS(ns)  |  FEP  
RUN-1001 : ------------------------------------------
RUN-1001 :   Setup  |  2147483.647  |   0.000   |   0   
RUN-1001 :   Hold   |  2147483.647  |   0.000   |   0   
RUN-1001 : ------------------------------------------
PHY-1001 : End update timing; 0.242123s wall, 0.265625s user + 0.000000s system = 0.265625s CPU (109.7%)

PHY-1001 : Commit to database.....
PHY-1001 : 16 feed throughs used by 13 nets
PHY-1001 : End commit to database; 0.129102s wall, 0.140625s user + 0.000000s system = 0.140625s CPU (108.9%)

PHY-1001 : Current memory(MB): used = 561, reserve = 535, peak = 561.
PHY-1001 : End phase 3; 0.692611s wall, 0.656250s user + 0.000000s system = 0.656250s CPU (94.8%)

PHY-1003 : Routed, final wirelength = 116576
PHY-1001 : Current memory(MB): used = 562, reserve = 535, peak = 562.
PHY-1001 : End export database. 0.013129s wall, 0.000000s user + 0.000000s system = 0.000000s CPU (n/a%)

PHY-1001 : End detail routing;  9.973535s wall, 9.703125s user + 0.156250s system = 9.859375s CPU (98.9%)

RUN-1003 : finish command "route" in  10.484118s wall, 10.093750s user + 0.156250s system = 10.250000s CPU (97.8%)

RUN-1004 : used memory is 506 MB, reserved memory is 481 MB, peak memory is 562 MB
RUN-1002 : start command "report_area -io_info -file adc_phy.area"
RUN-1001 : standard
***Report Model: top Device: EG4S20NG88***

IO Statistics
#IO                        19
  #input                   14
  #output                   5
  #inout                    0

Utilization Statistics
#lut                      655   out of  19600    3.34%
#reg                      395   out of  19600    2.02%
#le                       770
  #lut only               375   out of    770   48.70%
  #reg only               115   out of    770   14.94%
  #lut&reg                280   out of    770   36.36%
#dsp                        0   out of     29    0.00%
#bram                       3   out of     64    4.69%
  #bram9k                   3
  #fifo9k                   0
#bram32k                    8   out of     16   50.00%
#pad                       19   out of     66   28.79%
  #ireg                     0
  #oreg                     0
  #treg                     0
#pll                        0   out of      4    0.00%
#gclk                       3   out of     16   18.75%

Clock Resource Statistics
Index     ClockNet             Type               DriverType         Driver                      Fanout
#1        clk_dup_3            GCLK               io                 clk_syn_4.di                187
#2        config_inst_syn_9    GCLK               config             config_inst.jtck            62
#3        adc/clk_adc          GCLK               mslice             adc/clk_adc_reg_syn_8.q0    4


Detailed IO Report

     Name       Direction    Location    IOStandard    DriveStrength    PullType    PackReg  
     clk          INPUT        P34        LVCMOS25          N/A          PULLUP      NONE    
  data_in[7]      INPUT         P2        LVCMOS25          N/A          PULLUP      NONE    
  data_in[6]      INPUT         P3        LVCMOS25          N/A          PULLUP      NONE    
  data_in[5]      INPUT         P4        LVCMOS25          N/A          PULLUP      NONE    
  data_in[4]      INPUT         P5        LVCMOS25          N/A          PULLUP      NONE    
  data_in[3]      INPUT        P10        LVCMOS25          N/A          PULLUP      NONE    
  data_in[2]      INPUT        P11        LVCMOS25          N/A          PULLUP      NONE    
  data_in[1]      INPUT        P12        LVCMOS25          N/A          PULLUP      NONE    
  data_in[0]      INPUT        P13        LVCMOS25          N/A          PULLUP      NONE    
     eoc          INPUT        P60        LVCMOS25          N/A          PULLUP      NONE    
     key1         INPUT        P50        LVCMOS25          N/A          PULLUP      NONE    
     key2         INPUT        P30        LVCMOS25          N/A           N/A        NONE    
   reset_n        INPUT        P55        LVCMOS25          N/A          PULLUP      NONE    
   uart_rxd       INPUT        P54        LVCMOS25          N/A          PULLUP      NONE    
   adc_clk       OUTPUT        P57        LVCMOS25           8            NONE       NONE    
     ale         OUTPUT        P23        LVCMOS25           8            N/A        NONE    
      oe         OUTPUT        P86        LVCMOS25           8            NONE       NONE    
    start        OUTPUT        P59        LVCMOS25           8            NONE       NONE    
   uart_txd      OUTPUT        P52        LVCMOS25           8            NONE       NONE    

Report Hierarchy Area:
+---------------------------------------------------------------------------------------------------------+
|Instance                            |Module         |le     |lut     |ripple  |seq     |bram    |dsp     |
+---------------------------------------------------------------------------------------------------------+
|top                                 |top            |770    |522     |133     |395     |11      |0       |
|  adc                               |adc_ctrl       |19     |11      |0       |19      |0       |0       |
|  fifo_list                         |fifo_ctrl      |154    |80      |40      |59      |8       |0       |
|    fifo_list                       |fifo           |123    |57      |32      |52      |8       |0       |
|      ram_inst                      |ram_infer_fifo |0      |0       |0       |0       |8       |0       |
|  rx                                |uart_rx        |53     |47      |6       |37      |0       |0       |
|  tx                                |uart_tx        |102    |82      |8       |37      |0       |0       |
|  type                              |type_choice    |111    |103     |8       |64      |0       |0       |
|  cw_top                            |CW_TOP_WRAPPER |329    |197     |71      |178     |0       |0       |
|    wrapper_cwc_top                 |cwc_top        |329    |197     |71      |178     |0       |0       |
|      cfg_int_inst                  |cwc_cfg_int    |110    |63      |0       |97      |0       |0       |
|        reg_inst                    |register       |108    |61      |0       |95      |0       |0       |
|        tap_inst                    |tap            |2      |2       |0       |2       |0       |0       |
|      trigger_inst                  |trigger        |219    |134     |71      |81      |0       |0       |
|        bus_inst                    |bus_top        |14     |8       |6       |2       |0       |0       |
|          BUS_DETECTOR[0]$bus_nodes |bus_det        |12     |6       |6       |0       |0       |0       |
|          BUS_DETECTOR[1]$bus_nodes |bus_det        |2      |2       |0       |2       |0       |0       |
|        emb_ctrl_inst               |emb_ctrl       |121    |88      |33      |54      |0       |0       |
+---------------------------------------------------------------------------------------------------------+


DataNet Average Fanout:

   Index     Fanout    Nets  
    #1         1       589   
    #2         2       218   
    #3         3        76   
    #4         4        36   
    #5        5-10      67   
    #6       11-50      52   
    #7       51-100     2    
  Average     2.73           

RUN-1002 : start command "export_db adc_pr.db"
RUN-1001 : Exported /
RUN-1001 : Exported flow parameters
RUN-1001 : Exported libs
RUN-1001 : Exported entities
RUN-1001 : Exported ports
RUN-1001 : Exported pins
RUN-1001 : Exported instances
RUN-1001 : Exported nets
RUN-1001 : Exported buses
RUN-1001 : Exported models
RUN-1001 : Exported congestions
RUN-1001 : Exported violations
RUN-1001 : Exported timing constraints
RUN-1001 : Exported IO constraints
RUN-1001 : Exported Inst constraints
RUN-1001 : Exported ChipWatcher
RUN-1002 : start command "export_bid adc_inst.bid"
RUN-1002 : start command "bitgen -bit adc.bit"
BIT-1003 : Start to generate bitstream. 
BIT-1002 : Init instances with 16 threads.
BIT-1002 : Init instances completely, inst num: 432
BIT-1002 : Init pips with 16 threads.
BIT-1002 : Init pips completely, net num: 1065, pip num: 9532
BIT-1002 : Init feedthrough with 16 threads.
BIT-1002 : Init feedthrough completely, num: 16
BIT-1003 : Multithreading accelaration with 16 threads.
BIT-1003 : Generate bitstream completely, there are 1170 valid insts, and 26471 bits set as '1'.
BIT-1004 : the usercode register value: 00000000001111000010111111111111
BIT-1004 : PLL setting string = 0000
BIT-1004 : Generate bits file adc.bit.
RUN-1003 : finish command "bitgen -bit adc.bit" in  2.283882s wall, 11.515625s user + 0.015625s system = 11.531250s CPU (504.9%)

RUN-1004 : used memory is 517 MB, reserved memory is 491 MB, peak memory is 702 MB
RUN-1002 : start command "backup_run_log run.log ../.logs/phy_1/td_20230308_000537.log"
