============================================================
   Tang Dynasty, V5.6.69102
      Copyright (c) 2012-2023 Anlogic Inc.
   Executable = C:/Anlogic/TD5.6.6910.2/bin/td.exe
   Built at =   20:14:16 Feb 16 2023
   Run by =     shaka
   Run Date =   Sat Mar  4 17:31:07 2023

   Run on =     BR007
============================================================
RUN-1002 : start command "open_project adc.prj"
RUN-1001 : Print Global Property
RUN-1001 : ---------------------------------------------------------------
RUN-1001 :        Parameters        |  Settings  |  Default Values  |  Note  
RUN-1001 : ---------------------------------------------------------------
RUN-1001 :          message         |  standard  |     standard     |        
RUN-1001 :   mixed_pack_place_flow  |     on     |        on        |        
RUN-1001 :        qor_monitor       |    off     |       off        |        
RUN-1001 :        syn_ip_flow       |    off     |       off        |        
RUN-1001 :          thread          |    auto    |       auto       |        
RUN-1001 : ---------------------------------------------------------------
RUN-1001 : Print Design Property
RUN-1001 : --------------------------------------------------------------
RUN-1001 :        Parameters       |  Settings  |  Default Values  |  Note  
RUN-1001 : --------------------------------------------------------------
RUN-1001 :   default_reg_initial   |    auto    |       auto       |        
RUN-1001 :        infer_add        |     on     |        on        |        
RUN-1001 :        infer_fsm        |    off     |       off        |        
RUN-1001 :        infer_mult       |     on     |        on        |        
RUN-1001 :        infer_ram        |     on     |        on        |        
RUN-1001 :        infer_reg        |     on     |        on        |        
RUN-1001 :   infer_reg_init_value  |     on     |        on        |        
RUN-1001 :        infer_rom        |     on     |        on        |        
RUN-1001 :      infer_shifter      |     on     |        on        |        
RUN-1001 : --------------------------------------------------------------
RUN-1001 : Print Rtl Property
RUN-1001 : --------------------------------------------------------------
RUN-1001 :        Parameters       |  Settings  |  Default Values  |  Note  
RUN-1001 : --------------------------------------------------------------
RUN-1001 :       compress_add      |   ripple   |      ripple      |        
RUN-1001 :        elf_sload        |    off     |       off        |        
RUN-1001 :       fix_undriven      |     0      |        0         |        
RUN-1001 :         flatten         |    off     |       off        |        
RUN-1001 :       gate_sharing      |     on     |        on        |        
RUN-1001 :    hdl_warning_level    |   normal   |      normal      |        
RUN-1001 :   impl_internal_tribuf  |     on     |        on        |        
RUN-1001 :      impl_set_reset     |     on     |        on        |        
RUN-1001 :        infer_gsr        |    off     |       off        |        
RUN-1001 :      keep_hierarchy     |    auto    |       auto       |        
RUN-1001 :        max_fanout       |    9999    |       9999       |        
RUN-1001 :      max_oh2bin_len     |     10     |        10        |        
RUN-1001 :       merge_equal       |     on     |        on        |        
RUN-1001 :       merge_equiv       |     on     |        on        |        
RUN-1001 :        merge_mux        |    off     |       off        |        
RUN-1001 :     min_control_set     |     8      |        8         |        
RUN-1001 :      min_ripple_len     |    auto    |       auto       |        
RUN-1001 :       oh2bin_ratio      |    0.08    |       0.08       |        
RUN-1001 :     opt_adder_fanout    |     on     |        on        |        
RUN-1001 :        opt_arith        |     on     |        on        |        
RUN-1001 :       opt_big_gate      |    off     |       off        |        
RUN-1001 :        opt_const        |     on     |        on        |        
RUN-1001 :      opt_const_mult     |     on     |        on        |        
RUN-1001 :       opt_lessthan      |     on     |        on        |        
RUN-1001 :         opt_mux         |    off     |       off        |        
RUN-1001 :         opt_ram         |    high    |       high       |        
RUN-1001 :      rtl_sim_model      |    off     |       off        |        
RUN-1001 :         seq_syn         |     on     |        on        |        
RUN-1001 : --------------------------------------------------------------
HDL-1007 : analyze verilog file ../../../Core/fifo.v
HDL-1007 : analyze verilog file ../../../Src/top.v
HDL-1007 : undeclared symbol 'uart_data', assumed default net type 'wire' in ../../../Src/top.v(34)
HDL-1007 : undeclared symbol 'valid', assumed default net type 'wire' in ../../../Src/top.v(35)
HDL-1007 : undeclared symbol 'fifo_out', assumed default net type 'wire' in ../../../Src/top.v(45)
HDL-1007 : undeclared symbol 'out_en', assumed default net type 'wire' in ../../../Src/top.v(46)
HDL-1007 : undeclared symbol 'adc_en', assumed default net type 'wire' in ../../../Src/top.v(54)
HDL-1007 : undeclared symbol 'data', assumed default net type 'wire' in ../../../Src/top.v(60)
HDL-1007 : undeclared symbol 'data_en', assumed default net type 'wire' in ../../../Src/top.v(61)
HDL-1007 : undeclared symbol 'depth', assumed default net type 'wire' in ../../../Src/top.v(74)
HDL-1007 : undeclared symbol 'fifo_working', assumed default net type 'wire' in ../../../Src/top.v(75)
HDL-1007 : undeclared symbol 'condition', assumed default net type 'wire' in ../../../Src/top.v(90)
HDL-1007 : analyze verilog file ../../../Src/uart_rx.v
HDL-1007 : analyze verilog file ../../../Src/uart_tx.v
HDL-1007 : analyze verilog file ../../../Src/adc_ctrl.v
HDL-1007 : analyze verilog file ../../../Src/type_choice.v
HDL-1007 : analyze verilog file ../../../Src/fifo_ctrl.v
HDL-1007 : undeclared symbol 'data_in', assumed default net type 'wire' in ../../../Src/fifo_ctrl.v(115)
HDL-1007 : undeclared symbol 'data_out', assumed default net type 'wire' in ../../../Src/fifo_ctrl.v(116)
HDL-1007 : undeclared symbol 'empty_flag', assumed default net type 'wire' in ../../../Src/fifo_ctrl.v(120)
HDL-1007 : undeclared symbol 'wrusedw', assumed default net type 'wire' in ../../../Src/fifo_ctrl.v(121)
RUN-1001 : Project manager successfully analyzed 7 source files.
RUN-1002 : start command "import_device eagle_s20.db -package EG4S20NG88"
ARC-1001 : Device Initialization.
ARC-1001 : ---------------------------------------------------------------
ARC-1001 :            OPTION            |        IO         |   SETTING   
ARC-1001 : ---------------------------------------------------------------
ARC-1001 :   cso_b/cclk/mosi/miso/dout  |  P69/P82/P81/P80  |    gpio    
ARC-1001 :             done             |        P8         |    gpio    
ARC-1001 :           program_b          |        P67        |  dedicate  
ARC-1001 :        tdi/tms/tck/tdo       |  P25/P22/P26/P21  |  dedicate  
ARC-1001 : ---------------------------------------------------------------
ARC-1004 : Device setting, marked 5 dedicate IOs in total.
RUN-1002 : start command "import_db ../syn_1/adc_gate.db"
RUN-1001 : Importing database generated by Tang Dynasty, V5.6.69102.
RUN-1001 : Database version number 46146.
RUN-1001 : Import flow parameters
RUN-1001 : Import IO constraints
RUN-1001 : Import Inst constraints
RUN-1001 : Import design success TD_VERSION=5.6.69102 , DB_VERSION=46146
RUN-1002 : start command "place"
RUN-1001 : Open license file C:/Anlogic/TD5.6.6910.2/license/Anlogic.lic
RUN-1001 : Print Global Property
RUN-1001 : ---------------------------------------------------------------
RUN-1001 :        Parameters        |  Settings  |  Default Values  |  Note  
RUN-1001 : ---------------------------------------------------------------
RUN-1001 :          message         |  standard  |     standard     |        
RUN-1001 :   mixed_pack_place_flow  |     on     |        on        |        
RUN-1001 :        qor_monitor       |    off     |       off        |        
RUN-1001 :        syn_ip_flow       |    off     |       off        |        
RUN-1001 :          thread          |    auto    |       auto       |        
RUN-1001 : ---------------------------------------------------------------
RUN-1001 : Print Place Property
RUN-1001 : --------------------------------------------------------------
RUN-1001 :        Parameters       |  Settings  |  Default Values  |  Note  
RUN-1001 : --------------------------------------------------------------
RUN-1001 :      detailed_place     |     on     |        on        |        
RUN-1001 :          effort         |   medium   |      medium      |        
RUN-1001 :         fix_hold        |    off     |       off        |        
RUN-1001 :       legalization      |    ori     |       ori        |        
RUN-1001 :      new_spreading      |     on     |        on        |        
RUN-1001 :        opt_timing       |   medium   |      medium      |        
RUN-1001 :   post_clock_route_opt  |    off     |       off        |        
RUN-1001 :       pr_strategy       |     1      |        1         |        
RUN-1001 :        relaxation       |    1.00    |       1.00       |        
RUN-1001 :         retiming        |    off     |       off        |        
RUN-1001 : --------------------------------------------------------------
PHY-3001 : Placer runs in 16 thread(s).
RUN-1002 : start command "legalize_phy_inst"
SYN-1011 : Flatten model top
SYN-4036 : The kept net data_in[7]_dup_3 is useless
SYN-4036 : The kept net data_in[6]_dup_3 is useless
SYN-4036 : The kept net data_in[5]_dup_3 is useless
SYN-4036 : The kept net data_in[4]_dup_3 is useless
SYN-4036 : The kept net data_in[3]_dup_3 is useless
SYN-4036 : The kept net data_in[2]_dup_3 is useless
SYN-4036 : The kept net data_in[1]_dup_3 is useless
SYN-4036 : The kept net data_in[0]_dup_3 is useless
SYN-4036 : The kept net key1_dup_3 is useless
SYN-4036 : The kept net key2_dup_3 is useless
SYN-5055 WARNING: The kept net type/uart_data[0] will be merged to another kept net rx/uart_data[0]
SYN-5055 WARNING: The kept net type/valid will be merged to another kept net rx/valid
RUN-1002 : start command "phys_opt -simplify_lut"
SYN-1032 : 334/2 useful/useless nets, 272/2 useful/useless insts
SYN-4024 : Net "clk_dup_3" drives clk pins.
SYN-4024 : Net "adc_clk_dup_3" drives clk pins.
SYN-4025 : Tag rtl::Net adc_clk_dup_3 as clock net
SYN-4025 : Tag rtl::Net clk_dup_3 as clock net
SYN-4026 : Tagged 2 rtl::Net as clock net
SYN-4015 : Create BUFG instance for clk Net adc_clk_dup_3 to drive 11 clock pins.
PHY-1001 : Populate physical database on model top.
RUN-1001 : There are total 273 instances
RUN-0007 : 148 luts, 82 seqs, 12 mslices, 8 lslices, 19 pads, 0 brams, 0 dsps
RUN-1001 : There are total 335 nets
RUN-6004 WARNING: There are 10 nets with only 1 pin.
RUN-1001 : 212 nets have 2 pins
RUN-1001 : 78 nets have [3 - 5] pins
RUN-1001 : 21 nets have [6 - 10] pins
RUN-1001 : 7 nets have [11 - 20] pins
RUN-1001 : 7 nets have [21 - 99] pins
RUN-1001 : Report Control nets information:
RUN-1001 : DFF Distribution
RUN-1001 : ----------------------------------
RUN-1001 :   CE   |  SSR  |  ASR  |  DFF Count  
RUN-1001 : ----------------------------------
RUN-1001 :   No   |  No   |  No   |      2      
RUN-1001 :   No   |  No   |  Yes  |     71      
RUN-1001 :   No   |  Yes  |  No   |      0      
RUN-1001 :   Yes  |  No   |  No   |      0      
RUN-1001 :   Yes  |  No   |  Yes  |      9      
RUN-1001 :   Yes  |  Yes  |  No   |      0      
RUN-1001 : ----------------------------------
RUN-0007 : Control Group Statistic
RUN-0007 : ---------------------------
RUN-0007 :   #CLK  |  #CE  |  #SSR/ASR  
RUN-0007 : ---------------------------
RUN-0007 :    2    |   3   |     2      
RUN-0007 : ---------------------------
RUN-0007 : Control Set = 5
PHY-3001 : Initial placement ...
PHY-3001 : design contains 271 instances, 148 luts, 82 seqs, 20 slices, 3 macros(20 instances: 12 mslices 8 lslices)
PHY-0007 : Cell area utilization is 0%
PHY-3001 : Global placement ...
PHY-3001 : Initial: Len = 94795
PHY-3001 : Clustering ...
PHY-3001 : Level 0 #clusters 271.
PHY-3001 : End clustering;  0.000017s wall, 0.000000s user + 0.000000s system = 0.000000s CPU (n/a%)

PHY-3001 : Run with size of 4
PHY-3001 : Cell area utilization is 0%
PHY-3001 : :::0::: Try harder cell spreading with beta_ = 0
PHY-3002 : Step(1): len = 51017.3, overlap = 0
PHY-3002 : Step(2): len = 33549.7, overlap = 0
PHY-3002 : Step(3): len = 20535.6, overlap = 0
PHY-3002 : Step(4): len = 15592.3, overlap = 0
PHY-3002 : Step(5): len = 12307.4, overlap = 0
PHY-3002 : Step(6): len = 9854.6, overlap = 0
PHY-3002 : Step(7): len = 7975.2, overlap = 0
PHY-3002 : Step(8): len = 7220.7, overlap = 0
PHY-3002 : Step(9): len = 7394, overlap = 0
PHY-3002 : Step(10): len = 7478.6, overlap = 0
PHY-3002 : Step(11): len = 6585.5, overlap = 0
PHY-3002 : Step(12): len = 6833.6, overlap = 0
PHY-3002 : Step(13): len = 6939.7, overlap = 0
PHY-3002 : Step(14): len = 5924.7, overlap = 0
PHY-3002 : Step(15): len = 5996.5, overlap = 0
PHY-3002 : Step(16): len = 6089.5, overlap = 0
PHY-3002 : Step(17): len = 5578.2, overlap = 0
PHY-3002 : Step(18): len = 5589.8, overlap = 0
PHY-3002 : Step(19): len = 5852.5, overlap = 0
PHY-3002 : Step(20): len = 5848.6, overlap = 0
PHY-3002 : Step(21): len = 5152.7, overlap = 0
PHY-3002 : Step(22): len = 5363.6, overlap = 0
PHY-3002 : Step(23): len = 5363.6, overlap = 0
PHY-3001 : Legalization ...
PHY-3001 : End legalization;  0.006825s wall, 0.000000s user + 0.000000s system = 0.000000s CPU (n/a%)

PHY-3001 : Run with size of 4
PHY-3001 : Cell area utilization is 1%
PHY-3001 : :::0::: Try harder cell spreading with beta_ = 0
PHY-3002 : Step(24): len = 4909.6, overlap = 2.90625
PHY-3002 : Step(25): len = 4983.6, overlap = 2.65625
PHY-3002 : Step(26): len = 5055.5, overlap = 2.53125
PHY-3002 : Step(27): len = 5203.5, overlap = 2.75
PHY-3002 : Step(28): len = 5351, overlap = 2.5
PHY-3002 : Step(29): len = 5301.6, overlap = 2.03125
PHY-3002 : Step(30): len = 5268.4, overlap = 0.28125
PHY-3002 : Step(31): len = 5522.8, overlap = 0
PHY-3002 : Step(32): len = 5397.1, overlap = 0
PHY-3002 : Step(33): len = 5600.4, overlap = 0
PHY-3002 : Step(34): len = 4701.5, overlap = 0
PHY-3002 : Step(35): len = 4841.8, overlap = 0
PHY-3002 : Step(36): len = 4510.4, overlap = 0
PHY-3002 : Step(37): len = 4133.1, overlap = 0
PHY-3002 : Step(38): len = 4169.7, overlap = 0
PHY-3002 : Step(39): len = 4109.3, overlap = 0
PHY-3002 : Step(40): len = 3783.4, overlap = 0
PHY-3002 : Step(41): len = 3446.4, overlap = 0
PHY-3002 : Step(42): len = 3467.6, overlap = 0
PHY-3002 : Step(43): len = 3482, overlap = 0
PHY-3002 : Step(44): len = 3507.7, overlap = 0
PHY-3002 : Step(45): len = 3478, overlap = 0
PHY-3002 : Step(46): len = 3436.2, overlap = 0
PHY-3002 : Step(47): len = 3296.7, overlap = 0
PHY-3002 : Step(48): len = 3296.7, overlap = 0
PHY-3002 : Step(49): len = 3238.3, overlap = 0
PHY-3002 : Step(50): len = 3238.3, overlap = 0
PHY-3002 : Step(51): len = 3180.9, overlap = 0
PHY-3002 : Step(52): len = 3180.9, overlap = 0
PHY-3002 : Step(53): len = 3190.9, overlap = 0
PHY-3002 : Step(54): len = 3190.9, overlap = 0
PHY-3002 : Step(55): len = 3162.8, overlap = 0
PHY-3001 : Run with size of 2
PHY-3001 : Cell area utilization is 1%
PHY-3001 : :::0::: Try harder cell spreading with beta_ = 3.59494e-05
PHY-3002 : Step(56): len = 3207, overlap = 5.78125
PHY-3002 : Step(57): len = 3207, overlap = 5.78125
PHY-3001 : :::1::: Try harder cell spreading with beta_ = 7.18988e-05
PHY-3002 : Step(58): len = 3397.4, overlap = 6.1875
PHY-3002 : Step(59): len = 3397.4, overlap = 6.1875
PHY-3001 : :::2::: Try harder cell spreading with beta_ = 0.000143798
PHY-3002 : Step(60): len = 3435.3, overlap = 5.75
PHY-3002 : Step(61): len = 3468.6, overlap = 5.65625
OPT-1001 : Start physical optimization ...
OPT-1001 : Total overflow 14.81 peak overflow 3.19
OPT-1001 : Start high-fanout net optimization ...
OPT-1001 : Update timing in global mode
PHY-1001 : Start incremental global routing, caller is place ...
RUN-1001 : Generating global routing grids ...
RUN-1001 : Building simple global routing graph ...
PHY-1001 : Generate routing nets ...
PHY-1001 : Reuse net number 0/335.
PHY-1001 : Global iterations in 16 thread ...
PHY-1002 : len = 3504, over cnt = 10(0%), over = 36, worst = 9
PHY-1001 : End global iterations;  0.017633s wall, 0.000000s user + 0.000000s system = 0.000000s CPU (n/a%)

PHY-1001 : Congestion index: top1 = 8.75, top5 = 2.33, top10 = 1.16, top15 = 0.77.
PHY-1001 : End incremental global routing;  0.073932s wall, 0.000000s user + 0.015625s system = 0.015625s CPU (21.1%)

RUN-1002 : start command "start_timer -report"
TMR-5001 WARNING: No sdc constraints found while initiating timer.
TMR-2505 : Start building timing graph for model top.
TMR-2506 : Build timing graph completely. Port num: 12, tpin num: 1250, tnet num: 333, tinst num: 271, tnode num: 1550, tedge num: 1982.
TMR-2508 : Levelizing timing graph completed, there are 21 levels in total.
TMR-2501 : Timing graph initialized successfully.
OPT-1001 : End timing update;  0.158540s wall, 0.140625s user + 0.015625s system = 0.156250s CPU (98.6%)

OPT-1001 : 0 high-fanout net processed.
OPT-1001 : End high-fanout net optimization;  0.237165s wall, 0.140625s user + 0.031250s system = 0.171875s CPU (72.5%)

OPT-1001 : Current memory(MB): used = 173, reserve = 143, peak = 173.
OPT-1001 : End physical optimization;  0.242948s wall, 0.156250s user + 0.031250s system = 0.187500s CPU (77.2%)

PHY-3001 : Start packing ...
SYN-4007 : Packing 0 MUX to BLE ...
SYN-4008 : Packed 0 MUX and 0 SEQ to BLE.
SYN-4007 : Packing 148 LUT to BLE ...
SYN-4008 : Packed 148 LUT and 81 SEQ to BLE.
SYN-4003 : Packing 1 remaining SEQ's ...
SYN-4005 : Packed 1 SEQ with LUT/SLICE
SYN-4006 : 66 single LUT's are left
SYN-4006 : 0 single SEQ's are left
SYN-4011 : Packing model "top" (AL_USER_NORMAL) with 148/287 primitive instances ...
PHY-3001 : End packing;  0.009638s wall, 0.000000s user + 0.000000s system = 0.000000s CPU (n/a%)

PHY-1001 : Populate physical database on model top.
RUN-1001 : There are total 127 instances
RUN-1001 : 52 mslices, 52 lslices, 19 pads, 0 brams, 0 dsps
RUN-1001 : There are total 254 nets
RUN-6004 WARNING: There are 10 nets with only 1 pin.
RUN-1001 : 121 nets have 2 pins
RUN-1001 : 82 nets have [3 - 5] pins
RUN-1001 : 27 nets have [6 - 10] pins
RUN-1001 : 7 nets have [11 - 20] pins
RUN-1001 : 7 nets have [21 - 99] pins
PHY-3001 : design contains 125 instances, 104 slices, 3 macros(20 instances: 12 mslices 8 lslices)
PHY-3001 : Cell area utilization is 1%
PHY-3001 : After packing: Len = 3254.8, Over = 8
PHY-3001 : Run with size of 2
PHY-3001 : Cell area utilization is 1%
PHY-3001 : :::0::: Try harder cell spreading with beta_ = 2.62214e-05
PHY-3002 : Step(62): len = 3113.8, overlap = 8
PHY-3002 : Step(63): len = 3094.7, overlap = 8
PHY-3002 : Step(64): len = 3094.7, overlap = 8
PHY-3001 : :::1::: Try harder cell spreading with beta_ = 5.24428e-05
PHY-3002 : Step(65): len = 3137.2, overlap = 8.25
PHY-3002 : Step(66): len = 3194.9, overlap = 8.25
PHY-3002 : Step(67): len = 3194.9, overlap = 8.25
PHY-3001 : :::2::: Try harder cell spreading with beta_ = 0.000104886
PHY-3002 : Step(68): len = 3276.5, overlap = 8.25
PHY-3002 : Step(69): len = 3276.5, overlap = 8.25
PHY-3002 : Step(70): len = 3228.7, overlap = 8
PHY-3001 : Legalization ...
PHY-3001 : End legalization;  0.034186s wall, 0.000000s user + 0.000000s system = 0.000000s CPU (n/a%)

PHY-3001 : Trial Legalized: Len = 7141.8
PHY-3001 : Run with size of 2
PHY-3001 : Cell area utilization is 1%
PHY-3001 : :::0::: Try harder cell spreading with beta_ = 0
PHY-3002 : Step(71): len = 4466.4, overlap = 4.25
PHY-3002 : Step(72): len = 3764.6, overlap = 5.25
PHY-3002 : Step(73): len = 3555.5, overlap = 6
PHY-3002 : Step(74): len = 3460.3, overlap = 7
PHY-3002 : Step(75): len = 3320, overlap = 7.75
PHY-3002 : Step(76): len = 3277.7, overlap = 8.5
PHY-3002 : Step(77): len = 3235.5, overlap = 8.75
PHY-3001 : :::1::: Try harder cell spreading with beta_ = 5.678e-05
PHY-3002 : Step(78): len = 3201.2, overlap = 9
PHY-3002 : Step(79): len = 3285.5, overlap = 8.75
PHY-3002 : Step(80): len = 3333.1, overlap = 8.75
PHY-3001 : :::2::: Try harder cell spreading with beta_ = 0.00011356
PHY-3002 : Step(81): len = 3331.2, overlap = 7.75
PHY-3002 : Step(82): len = 3331.2, overlap = 7.75
PHY-3002 : Step(83): len = 3308.5, overlap = 7.5
PHY-3001 : Legalization ...
PHY-3001 : End legalization;  0.004656s wall, 0.000000s user + 0.000000s system = 0.000000s CPU (n/a%)

PHY-3001 : Legalized: Len = 5277.8, Over = 0
PHY-3001 : End spreading;  0.002537s wall, 0.000000s user + 0.000000s system = 0.000000s CPU (n/a%)

PHY-3001 : Final: Len = 5277.8, Over = 0
OPT-1001 : Start physical optimization ...
OPT-1001 : Total overflow 0.00 peak overflow 0.00
OPT-1001 : Start high-fanout net optimization ...
OPT-1001 : Update timing in global mode
PHY-1001 : Start incremental global routing, caller is place ...
RUN-1001 : Generating global routing grids ...
PHY-1001 : Generate routing nets ...
PHY-1001 : Reuse net number 9/254.
PHY-1001 : Global iterations in 16 thread ...
PHY-1002 : len = 6016, over cnt = 21(0%), over = 29, worst = 5
PHY-1002 : len = 6144, over cnt = 12(0%), over = 12, worst = 1
PHY-1002 : len = 6304, over cnt = 0(0%), over = 0, worst = 0
PHY-1001 : End global iterations;  0.042981s wall, 0.000000s user + 0.000000s system = 0.000000s CPU (n/a%)

PHY-1001 : Congestion index: top1 = 14.94, top5 = 4.48, top10 = 2.23, top15 = 1.49.
PHY-1001 : End incremental global routing;  0.095664s wall, 0.031250s user + 0.000000s system = 0.031250s CPU (32.7%)

RUN-1002 : start command "start_timer -report"
TMR-5001 WARNING: No sdc constraints found while initiating timer.
TMR-2505 : Start building timing graph for model top.
TMR-2506 : Build timing graph completely. Port num: 12, tpin num: 1071, tnet num: 252, tinst num: 125, tnode num: 1314, tedge num: 1813.
TMR-2508 : Levelizing timing graph completed, there are 19 levels in total.
TMR-2501 : Timing graph initialized successfully.
OPT-1001 : End timing update;  0.124923s wall, 0.125000s user + 0.000000s system = 0.125000s CPU (100.1%)

OPT-1001 : 0 high-fanout net processed.
OPT-1001 : End high-fanout net optimization;  0.224390s wall, 0.156250s user + 0.000000s system = 0.156250s CPU (69.6%)

OPT-1001 : Current memory(MB): used = 174, reserve = 144, peak = 174.
OPT-1001 : Update timing in Manhattan mode
OPT-1001 : End timing update;  0.000185s wall, 0.000000s user + 0.000000s system = 0.000000s CPU (n/a%)

OPT-1001 : Start pin optimization...
OPT-1001 : skip pin optimization...
RUN-1001 : Generating global routing grids ...
PHY-1001 : Generate routing nets ...
PHY-1001 : Reuse net number 166/254.
PHY-1001 : Global iterations in 16 thread ...
PHY-1002 : len = 6304, over cnt = 0(0%), over = 0, worst = 0
PHY-1001 : End global iterations;  0.004345s wall, 0.015625s user + 0.000000s system = 0.015625s CPU (359.6%)

PHY-1001 : Congestion index: top1 = 14.94, top5 = 4.48, top10 = 2.23, top15 = 1.49.
OPT-1001 : Update timing in Manhattan mode
OPT-1001 : End timing update;  0.000410s wall, 0.000000s user + 0.000000s system = 0.000000s CPU (n/a%)

RUN-1001 : QoR Analysis:
OPT-0007 :   WNS 2147483647 TNS 0 NUM_FEPS 0
RUN-1001 :   No local congestion issue, and most congested 1% tile average routing util is 14.482759
RUN-1001 :   Top critical paths
OPT-1001 : End physical optimization;  0.283815s wall, 0.203125s user + 0.000000s system = 0.203125s CPU (71.6%)

RUN-1003 : finish command "place" in  3.068126s wall, 0.609375s user + 0.140625s system = 0.750000s CPU (24.4%)

RUN-1004 : used memory is 164 MB, reserved memory is 134 MB, peak memory is 174 MB
RUN-1002 : start command "export_db adc_place.db"
RUN-1001 : Exported /
RUN-1001 : Exported flow parameters
RUN-1001 : Exported libs
RUN-1001 : Exported entities
RUN-1001 : Exported ports
RUN-1001 : Exported pins
RUN-1001 : Exported instances
RUN-1001 : Exported nets
RUN-1001 : Exported buses
RUN-1001 : Exported models
RUN-1001 : Exported congestions
RUN-1001 : Exported violations
RUN-1001 : Exported IO constraints
RUN-1001 : Exported Inst constraints
RUN-1002 : start command "route"
RUN-1001 : Open license file C:/Anlogic/TD5.6.6910.2/license/Anlogic.lic
RUN-1001 : Print Global Property
RUN-1001 : ---------------------------------------------------------------
RUN-1001 :        Parameters        |  Settings  |  Default Values  |  Note  
RUN-1001 : ---------------------------------------------------------------
RUN-1001 :          message         |  standard  |     standard     |        
RUN-1001 :   mixed_pack_place_flow  |     on     |        on        |        
RUN-1001 :        qor_monitor       |    off     |       off        |        
RUN-1001 :        syn_ip_flow       |    off     |       off        |        
RUN-1001 :          thread          |    auto    |       auto       |        
RUN-1001 : ---------------------------------------------------------------
RUN-1001 : Print Route Property
RUN-1001 : -------------------------------------------------------
RUN-1001 :    Parameters    |  Settings  |  Default Values  |  Note  
RUN-1001 : -------------------------------------------------------
RUN-1001 :      effort      |   medium   |      medium      |        
RUN-1001 :     fix_hold     |    off     |       off        |        
RUN-1001 :    opt_timing    |   medium   |      medium      |        
RUN-1001 :   phy_sim_model  |    off     |       off        |        
RUN-1001 :     priority     |   timing   |      timing      |        
RUN-1001 :     swap_pin     |     on     |        on        |        
RUN-1001 : -------------------------------------------------------
PHY-1001 : Route runs in 16 thread(s)
RUN-1001 : There are total 127 instances
RUN-1001 : 52 mslices, 52 lslices, 19 pads, 0 brams, 0 dsps
RUN-1001 : There are total 254 nets
RUN-6004 WARNING: There are 10 nets with only 1 pin.
RUN-1001 : 121 nets have 2 pins
RUN-1001 : 82 nets have [3 - 5] pins
RUN-1001 : 27 nets have [6 - 10] pins
RUN-1001 : 7 nets have [11 - 20] pins
RUN-1001 : 7 nets have [21 - 99] pins
RUN-1002 : start command "start_timer -report"
TMR-5001 WARNING: No sdc constraints found while initiating timer.
TMR-2505 : Start building timing graph for model top.
TMR-2506 : Build timing graph completely. Port num: 12, tpin num: 1071, tnet num: 252, tinst num: 125, tnode num: 1314, tedge num: 1813.
TMR-2508 : Levelizing timing graph completed, there are 19 levels in total.
TMR-2501 : Timing graph initialized successfully.
PHY-1001 : 52 mslices, 52 lslices, 19 pads, 0 brams, 0 dsps
TMR-2503 : Start to update net delay, extr mode = 3.
TMR-2504 : Update delay of 252 nets completely.
TMR-2502 : Annotate delay completely, extr mode = 3.
TMR-3002 : No user constraint, initiate default constraint.
TMR-1501 : Assign derive clock DeriveClock to 132 clock pins, and constraint 243 relative nodes.
TMR-3003 : Constraints initiated successfully.
TMR-3501 : Forward propagation: start to calculate arrival time...
TMR-3502 : Backward propagation: start to calculate required time...
TMR-3503 : Timing propagation completes.
PHY-1001 : Start global routing, caller is route ...
RUN-1001 : Generating global routing grids ...
PHY-1001 : Generate routing nets ...
PHY-1001 : Global iterations in 16 thread ...
PHY-1002 : len = 5928, over cnt = 21(0%), over = 29, worst = 4
PHY-1002 : len = 6064, over cnt = 12(0%), over = 13, worst = 2
PHY-1002 : len = 6232, over cnt = 0(0%), over = 0, worst = 0
PHY-1001 : End global iterations;  0.044643s wall, 0.000000s user + 0.000000s system = 0.000000s CPU (n/a%)

PHY-1001 : Congestion index: top1 = 14.74, top5 = 4.39, top10 = 2.19, top15 = 1.46.
PHY-1001 : End global routing;  0.098099s wall, 0.015625s user + 0.000000s system = 0.015625s CPU (15.9%)

PHY-1001 : Start detail routing ...
PHY-1001 : Current memory(MB): used = 198, reserve = 168, peak = 210.
PHY-1001 : Detailed router is running in normal mode.
PHY-1001 : Generate detailed routing grids ...
PHY-1001 : Generate nets ...
PHY-1001 : clock net adc_clk_syn_6 will be merged with clock adc_clk_dup_3
PHY-1001 : net clk_dup_3 will be routed on clock mesh
PHY-5010 WARNING: Net data_in[7]_dup_3 is skipped due to 0 input or output
PHY-5010 WARNING: Net data_in[6]_dup_3 is skipped due to 0 input or output
PHY-5010 WARNING: Net data_in[5]_dup_3 is skipped due to 0 input or output
PHY-5010 WARNING: Net data_in[4]_dup_3 is skipped due to 0 input or output
PHY-5010 WARNING: Net data_in[3]_dup_3 is skipped due to 0 input or output
PHY-5010 WARNING: Net data_in[2]_dup_3 is skipped due to 0 input or output
PHY-5010 WARNING: Net data_in[1]_dup_3 is skipped due to 0 input or output
PHY-5010 WARNING: Net data_in[0]_dup_3 is skipped due to 0 input or output
PHY-5010 WARNING: Net key1_dup_3 is skipped due to 0 input or output
PHY-5010 WARNING: Net key2_dup_3 is skipped due to 0 input or output
PHY-5010 Similar messages will be suppressed.
PHY-1001 : Current memory(MB): used = 464, reserve = 438, peak = 464.
PHY-1001 : End build detailed router design. 4.097698s wall, 3.515625s user + 0.187500s system = 3.703125s CPU (90.4%)

PHY-1001 : Detail Route ...
PHY-1001 : ===== Detail Route Phase 1 =====
PHY-1001 : Clock net routing.....
PHY-1001 : Routed 0% nets.
PHY-1022 : len = 7928, over cnt = 0(0%), over = 0, worst = 0, crit = 0
PHY-1001 : End initial clock net routed; 1.021839s wall, 0.968750s user + 0.046875s system = 1.015625s CPU (99.4%)

PHY-1001 : Current memory(MB): used = 494, reserve = 469, peak = 494.
PHY-1001 : End phase 1; 1.033752s wall, 0.984375s user + 0.046875s system = 1.031250s CPU (99.8%)

PHY-1001 : ===== Detail Route Phase 2 =====
PHY-1001 : Initial routing.....
PHY-1001 : Routed 31% nets.
PHY-1001 : Routed 37% nets.
PHY-1001 : Routed 44% nets.
PHY-1001 : Routed 61% nets.
PHY-1001 : Routed 80% nets.
PHY-1022 : len = 28024, over cnt = 9(0%), over = 9, worst = 1, crit = 0
PHY-1001 : Current memory(MB): used = 494, reserve = 470, peak = 494.
PHY-1001 : End initial routed; 0.251816s wall, 0.093750s user + 0.000000s system = 0.093750s CPU (37.2%)

PHY-1001 : Current memory(MB): used = 494, reserve = 470, peak = 494.
PHY-1001 : End phase 2; 0.251880s wall, 0.093750s user + 0.000000s system = 0.093750s CPU (37.2%)

PHY-1001 : ===== Detail Route Phase 3 =====
PHY-1001 : Ripup-reroute.....
PHY-1001 : ===== DR Iter 1 =====
PHY-1022 : len = 28016, over cnt = 1(0%), over = 1, worst = 1, crit = 0
PHY-1001 : End DR Iter 1; 0.022690s wall, 0.015625s user + 0.000000s system = 0.015625s CPU (68.9%)

PHY-1001 : ===== DR Iter 2 =====
PHY-1022 : len = 28016, over cnt = 0(0%), over = 0, worst = 0, crit = 0
PHY-1001 : End DR Iter 2; 0.018757s wall, 0.000000s user + 0.000000s system = 0.000000s CPU (n/a%)

PHY-1001 : Commit to database.....
PHY-1001 : 0 feed throughs used by 0 nets
PHY-1001 : End commit to database; 0.052820s wall, 0.046875s user + 0.031250s system = 0.078125s CPU (147.9%)

PHY-1001 : Current memory(MB): used = 504, reserve = 478, peak = 504.
PHY-1001 : End phase 3; 0.220224s wall, 0.125000s user + 0.031250s system = 0.156250s CPU (71.0%)

PHY-1003 : Routed, final wirelength = 28016
PHY-1001 : Current memory(MB): used = 504, reserve = 478, peak = 504.
PHY-1001 : End export database. 0.011541s wall, 0.000000s user + 0.000000s system = 0.000000s CPU (n/a%)

PHY-1001 : End detail routing;  5.875122s wall, 4.984375s user + 0.265625s system = 5.250000s CPU (89.4%)

RUN-1003 : finish command "route" in  6.171850s wall, 5.140625s user + 0.265625s system = 5.406250s CPU (87.6%)

RUN-1004 : used memory is 440 MB, reserved memory is 414 MB, peak memory is 504 MB
RUN-1002 : start command "report_area -io_info -file adc_phy.area"
RUN-1001 : standard
***Report Model: top Device: EG4S20NG88***

IO Statistics
#IO                        19
  #input                   14
  #output                   5
  #inout                    0

Utilization Statistics
#lut                      198   out of  19600    1.01%
#reg                       96   out of  19600    0.49%
#le                       198
  #lut only               102   out of    198   51.52%
  #reg only                 0   out of    198    0.00%
  #lut&reg                 96   out of    198   48.48%
#dsp                        0   out of     29    0.00%
#bram                       0   out of     64    0.00%
  #bram9k                   0
  #fifo9k                   0
#bram32k                    0   out of     16    0.00%
#pad                       19   out of     66   28.79%
  #ireg                     1
  #oreg                     1
  #treg                     0
#pll                        0   out of      4    0.00%
#gclk                       1   out of     16    6.25%

Clock Resource Statistics
Index     ClockNet         Type               DriverType         Driver                 Fanout
#1        clk_dup_3        GCLK               io                 clk_syn_4.di           57
#2        adc_clk_dup_3    GCLK               mslice             type/sel1_syn_40.q0    9


Detailed IO Report

     Name       Direction    Location    IOStandard    DriveStrength    PullType    PackReg  
     clk          INPUT        P34        LVCMOS25          N/A          PULLUP      NONE    
  data_in[7]      INPUT         P2        LVCMOS25          N/A          PULLUP      NONE    
  data_in[6]      INPUT         P3        LVCMOS25          N/A          PULLUP      NONE    
  data_in[5]      INPUT         P4        LVCMOS25          N/A          PULLUP      NONE    
  data_in[4]      INPUT         P5        LVCMOS25          N/A          PULLUP      NONE    
  data_in[3]      INPUT        P10        LVCMOS25          N/A          PULLUP      NONE    
  data_in[2]      INPUT        P11        LVCMOS25          N/A          PULLUP      NONE    
  data_in[1]      INPUT        P12        LVCMOS25          N/A          PULLUP      NONE    
  data_in[0]      INPUT        P13        LVCMOS25          N/A          PULLUP      NONE    
     eoc          INPUT        P60        LVCMOS25          N/A          PULLUP      NONE    
     key1         INPUT        P50        LVCMOS25          N/A          PULLUP      NONE    
     key2         INPUT        P19        LVCMOS25          N/A           N/A        NONE    
   reset_n        INPUT        P55        LVCMOS25          N/A          PULLUP      NONE    
   uart_rxd       INPUT        P54        LVCMOS25          N/A          PULLUP      IREG    
   adc_clk       OUTPUT        P87        LVCMOS25           8            NONE       NONE    
     ale         OUTPUT        P23        LVCMOS25           8            N/A        NONE    
      oe         OUTPUT        P86        LVCMOS25           8            NONE       OREG    
    start        OUTPUT        P59        LVCMOS25           8            NONE       NONE    
   uart_txd      OUTPUT        P52        LVCMOS25           8            NONE       NONE    

Report Hierarchy Area:
+---------------------------------------------------------------------------+
|Instance |Module      |le     |lut     |ripple  |seq     |bram    |dsp     |
+---------------------------------------------------------------------------+
|top      |top         |198    |178     |20      |98      |0       |0       |
|  adc    |adc_ctrl    |24     |18      |6       |13      |0       |0       |
|  rx     |uart_rx     |44     |38      |6       |26      |0       |0       |
|  type   |type_choice |130    |122     |8       |57      |0       |0       |
+---------------------------------------------------------------------------+


DataNet Average Fanout:

   Index     Fanout    Nets  
    #1         1       102   
    #2         2        38   
    #3         3        28   
    #4         4        16   
    #5        5-10      26   
    #6       11-50      10   
    #7       51-100     1    
  Average     3.18           

RUN-1002 : start command "export_db adc_pr.db"
RUN-1001 : Exported /
RUN-1001 : Exported flow parameters
RUN-1001 : Exported libs
RUN-1001 : Exported entities
RUN-1001 : Exported ports
RUN-1001 : Exported pins
RUN-1001 : Exported instances
RUN-1001 : Exported nets
RUN-1001 : Exported buses
RUN-1001 : Exported models
RUN-1001 : Exported congestions
RUN-1001 : Exported violations
RUN-1001 : Exported IO constraints
RUN-1001 : Exported Inst constraints
RUN-1002 : start command "export_bid adc_inst.bid"
RUN-1002 : start command "bitgen -bit adc.bit"
BIT-1003 : Start to generate bitstream. 
BIT-1002 : Init instances with 16 threads.
BIT-1002 : Init instances completely, inst num: 125
BIT-1002 : Init pips with 16 threads.
BIT-1002 : Init pips completely, net num: 254, pip num: 2177
BIT-1003 : Multithreading accelaration with 16 threads.
BIT-1003 : Generate bitstream completely, there are 325 valid insts, and 6459 bits set as '1'.
BIT-1004 : PLL setting string = 0000
BIT-1004 : Generate bits file adc.bit.
RUN-1003 : finish command "bitgen -bit adc.bit" in  1.208995s wall, 2.531250s user + 0.062500s system = 2.593750s CPU (214.5%)

RUN-1004 : used memory is 460 MB, reserved memory is 435 MB, peak memory is 645 MB
RUN-1002 : start command "backup_run_log run.log ../.logs/phy_1/td_20230304_173107.log"
