============================================================
   Tang Dynasty, V5.6.69102
      Copyright (c) 2012-2023 Anlogic Inc.
   Executable = C:/Anlogic/TD5.6.6910.2/bin/td.exe
   Built at =   20:14:16 Feb 16 2023
   Run by =     shaka
   Run Date =   Sat Mar  4 17:31:03 2023

   Run on =     BR007
============================================================
RUN-1002 : start command "open_project adc.prj"
RUN-1001 : Print Global Property
RUN-1001 : ---------------------------------------------------------------
RUN-1001 :        Parameters        |  Settings  |  Default Values  |  Note  
RUN-1001 : ---------------------------------------------------------------
RUN-1001 :          message         |  standard  |     standard     |        
RUN-1001 :   mixed_pack_place_flow  |     on     |        on        |        
RUN-1001 :        qor_monitor       |    off     |       off        |        
RUN-1001 :        syn_ip_flow       |    off     |       off        |        
RUN-1001 :          thread          |    auto    |       auto       |        
RUN-1001 : ---------------------------------------------------------------
RUN-1001 : Print Design Property
RUN-1001 : --------------------------------------------------------------
RUN-1001 :        Parameters       |  Settings  |  Default Values  |  Note  
RUN-1001 : --------------------------------------------------------------
RUN-1001 :   default_reg_initial   |    auto    |       auto       |        
RUN-1001 :        infer_add        |     on     |        on        |        
RUN-1001 :        infer_fsm        |    off     |       off        |        
RUN-1001 :        infer_mult       |     on     |        on        |        
RUN-1001 :        infer_ram        |     on     |        on        |        
RUN-1001 :        infer_reg        |     on     |        on        |        
RUN-1001 :   infer_reg_init_value  |     on     |        on        |        
RUN-1001 :        infer_rom        |     on     |        on        |        
RUN-1001 :      infer_shifter      |     on     |        on        |        
RUN-1001 : --------------------------------------------------------------
RUN-1001 : Print Rtl Property
RUN-1001 : --------------------------------------------------------------
RUN-1001 :        Parameters       |  Settings  |  Default Values  |  Note  
RUN-1001 : --------------------------------------------------------------
RUN-1001 :       compress_add      |   ripple   |      ripple      |        
RUN-1001 :        elf_sload        |    off     |       off        |        
RUN-1001 :       fix_undriven      |     0      |        0         |        
RUN-1001 :         flatten         |    off     |       off        |        
RUN-1001 :       gate_sharing      |     on     |        on        |        
RUN-1001 :    hdl_warning_level    |   normal   |      normal      |        
RUN-1001 :   impl_internal_tribuf  |     on     |        on        |        
RUN-1001 :      impl_set_reset     |     on     |        on        |        
RUN-1001 :        infer_gsr        |    off     |       off        |        
RUN-1001 :      keep_hierarchy     |    auto    |       auto       |        
RUN-1001 :        max_fanout       |    9999    |       9999       |        
RUN-1001 :      max_oh2bin_len     |     10     |        10        |        
RUN-1001 :       merge_equal       |     on     |        on        |        
RUN-1001 :       merge_equiv       |     on     |        on        |        
RUN-1001 :        merge_mux        |    off     |       off        |        
RUN-1001 :     min_control_set     |     8      |        8         |        
RUN-1001 :      min_ripple_len     |    auto    |       auto       |        
RUN-1001 :       oh2bin_ratio      |    0.08    |       0.08       |        
RUN-1001 :     opt_adder_fanout    |     on     |        on        |        
RUN-1001 :        opt_arith        |     on     |        on        |        
RUN-1001 :       opt_big_gate      |    off     |       off        |        
RUN-1001 :        opt_const        |     on     |        on        |        
RUN-1001 :      opt_const_mult     |     on     |        on        |        
RUN-1001 :       opt_lessthan      |     on     |        on        |        
RUN-1001 :         opt_mux         |    off     |       off        |        
RUN-1001 :         opt_ram         |    high    |       high       |        
RUN-1001 :      rtl_sim_model      |    off     |       off        |        
RUN-1001 :         seq_syn         |     on     |        on        |        
RUN-1001 : --------------------------------------------------------------
HDL-1007 : analyze verilog file ../../../Core/fifo.v
HDL-1007 : analyze verilog file ../../../Src/top.v
HDL-1007 : undeclared symbol 'uart_data', assumed default net type 'wire' in ../../../Src/top.v(34)
HDL-1007 : undeclared symbol 'valid', assumed default net type 'wire' in ../../../Src/top.v(35)
HDL-1007 : undeclared symbol 'fifo_out', assumed default net type 'wire' in ../../../Src/top.v(45)
HDL-1007 : undeclared symbol 'out_en', assumed default net type 'wire' in ../../../Src/top.v(46)
HDL-1007 : undeclared symbol 'adc_en', assumed default net type 'wire' in ../../../Src/top.v(54)
HDL-1007 : undeclared symbol 'data', assumed default net type 'wire' in ../../../Src/top.v(60)
HDL-1007 : undeclared symbol 'data_en', assumed default net type 'wire' in ../../../Src/top.v(61)
HDL-1007 : undeclared symbol 'depth', assumed default net type 'wire' in ../../../Src/top.v(74)
HDL-1007 : undeclared symbol 'fifo_working', assumed default net type 'wire' in ../../../Src/top.v(75)
HDL-1007 : undeclared symbol 'condition', assumed default net type 'wire' in ../../../Src/top.v(90)
HDL-1007 : analyze verilog file ../../../Src/uart_rx.v
HDL-1007 : analyze verilog file ../../../Src/uart_tx.v
HDL-1007 : analyze verilog file ../../../Src/adc_ctrl.v
HDL-1007 : analyze verilog file ../../../Src/type_choice.v
HDL-1007 : analyze verilog file ../../../Src/fifo_ctrl.v
HDL-1007 : undeclared symbol 'data_in', assumed default net type 'wire' in ../../../Src/fifo_ctrl.v(115)
HDL-1007 : undeclared symbol 'data_out', assumed default net type 'wire' in ../../../Src/fifo_ctrl.v(116)
HDL-1007 : undeclared symbol 'empty_flag', assumed default net type 'wire' in ../../../Src/fifo_ctrl.v(120)
HDL-1007 : undeclared symbol 'wrusedw', assumed default net type 'wire' in ../../../Src/fifo_ctrl.v(121)
RUN-1001 : Project manager successfully analyzed 7 source files.
RUN-1002 : start command "import_device eagle_s20.db -package EG4S20NG88"
ARC-1001 : Device Initialization.
ARC-1001 : ---------------------------------------------------------------
ARC-1001 :            OPTION            |        IO         |   SETTING   
ARC-1001 : ---------------------------------------------------------------
ARC-1001 :   cso_b/cclk/mosi/miso/dout  |  P69/P82/P81/P80  |    gpio    
ARC-1001 :             done             |        P8         |    gpio    
ARC-1001 :           program_b          |        P67        |  dedicate  
ARC-1001 :        tdi/tms/tck/tdo       |  P25/P22/P26/P21  |  dedicate  
ARC-1001 : ---------------------------------------------------------------
ARC-1004 : Device setting, marked 5 dedicate IOs in total.
RUN-1002 : start command "elaborate -top top"
RUN-1001 : Print Design Property
RUN-1001 : --------------------------------------------------------------
RUN-1001 :        Parameters       |  Settings  |  Default Values  |  Note  
RUN-1001 : --------------------------------------------------------------
RUN-1001 :   default_reg_initial   |    auto    |       auto       |        
RUN-1001 :        infer_add        |     on     |        on        |        
RUN-1001 :        infer_fsm        |    off     |       off        |        
RUN-1001 :        infer_mult       |     on     |        on        |        
RUN-1001 :        infer_ram        |     on     |        on        |        
RUN-1001 :        infer_reg        |     on     |        on        |        
RUN-1001 :   infer_reg_init_value  |     on     |        on        |        
RUN-1001 :        infer_rom        |     on     |        on        |        
RUN-1001 :      infer_shifter      |     on     |        on        |        
RUN-1001 : --------------------------------------------------------------
RUN-1001 : Print Rtl Property
RUN-1001 : --------------------------------------------------------------
RUN-1001 :        Parameters       |  Settings  |  Default Values  |  Note  
RUN-1001 : --------------------------------------------------------------
RUN-1001 :       compress_add      |   ripple   |      ripple      |        
RUN-1001 :        elf_sload        |    off     |       off        |        
RUN-1001 :       fix_undriven      |     0      |        0         |        
RUN-1001 :         flatten         |    off     |       off        |        
RUN-1001 :       gate_sharing      |     on     |        on        |        
RUN-1001 :    hdl_warning_level    |   normal   |      normal      |        
RUN-1001 :   impl_internal_tribuf  |     on     |        on        |        
RUN-1001 :      impl_set_reset     |     on     |        on        |        
RUN-1001 :        infer_gsr        |    off     |       off        |        
RUN-1001 :      keep_hierarchy     |    auto    |       auto       |        
RUN-1001 :        max_fanout       |    9999    |       9999       |        
RUN-1001 :      max_oh2bin_len     |     10     |        10        |        
RUN-1001 :       merge_equal       |     on     |        on        |        
RUN-1001 :       merge_equiv       |     on     |        on        |        
RUN-1001 :        merge_mux        |    off     |       off        |        
RUN-1001 :     min_control_set     |     8      |        8         |        
RUN-1001 :      min_ripple_len     |    auto    |       auto       |        
RUN-1001 :       oh2bin_ratio      |    0.08    |       0.08       |        
RUN-1001 :     opt_adder_fanout    |     on     |        on        |        
RUN-1001 :        opt_arith        |     on     |        on        |        
RUN-1001 :       opt_big_gate      |    off     |       off        |        
RUN-1001 :        opt_const        |     on     |        on        |        
RUN-1001 :      opt_const_mult     |     on     |        on        |        
RUN-1001 :       opt_lessthan      |     on     |        on        |        
RUN-1001 :         opt_mux         |    off     |       off        |        
RUN-1001 :         opt_ram         |    high    |       high       |        
RUN-1001 :      rtl_sim_model      |    off     |       off        |        
RUN-1001 :         seq_syn         |     on     |        on        |        
RUN-1001 : --------------------------------------------------------------
RUN-1001 : Print Global Property
RUN-1001 : ---------------------------------------------------------------
RUN-1001 :        Parameters        |  Settings  |  Default Values  |  Note  
RUN-1001 : ---------------------------------------------------------------
RUN-1001 :          message         |  standard  |     standard     |        
RUN-1001 :   mixed_pack_place_flow  |     on     |        on        |        
RUN-1001 :        qor_monitor       |    off     |       off        |        
RUN-1001 :        syn_ip_flow       |    off     |       off        |        
RUN-1001 :          thread          |    auto    |       auto       |        
RUN-1001 : ---------------------------------------------------------------
RUN-1001 : Print Design Property
RUN-1001 : --------------------------------------------------------------
RUN-1001 :        Parameters       |  Settings  |  Default Values  |  Note  
RUN-1001 : --------------------------------------------------------------
RUN-1001 :   default_reg_initial   |    auto    |       auto       |        
RUN-1001 :        infer_add        |     on     |        on        |        
RUN-1001 :        infer_fsm        |    off     |       off        |        
RUN-1001 :        infer_mult       |     on     |        on        |        
RUN-1001 :        infer_ram        |     on     |        on        |        
RUN-1001 :        infer_reg        |     on     |        on        |        
RUN-1001 :   infer_reg_init_value  |     on     |        on        |        
RUN-1001 :        infer_rom        |     on     |        on        |        
RUN-1001 :      infer_shifter      |     on     |        on        |        
RUN-1001 : --------------------------------------------------------------
HDL-1007 : port 'data_vld' remains unconnected for this instance in ../../../Src/top.v(41)
HDL-1007 : port 'data_vld' remains unconnected for this instance in ../../../Src/top.v(67)
HDL-1007 : port 'over' remains unconnected for this instance in ../../../Src/top.v(81)
HDL-1007 : elaborate module top in ../../../Src/top.v(11)
HDL-1007 : elaborate module uart_rx in ../../../Src/uart_rx.v(1)
HDL-5007 WARNING: actual bit length 1 differs from formal bit length 8 for port 'uart_data' in ../../../Src/top.v(34)
HDL-1007 : elaborate module uart_tx in ../../../Src/uart_tx.v(1)
HDL-5007 WARNING: actual bit length 1 differs from formal bit length 8 for port 'uart_data' in ../../../Src/top.v(45)
HDL-1007 : elaborate module adc_ctrl in ../../../Src/adc_ctrl.v(17)
HDL-5007 WARNING: actual bit length 1 differs from formal bit length 8 for port 'data' in ../../../Src/top.v(60)
HDL-1007 : port 'valid' remains unconnected for this instance in ../../../Src/fifo_ctrl.v(112)
HDL-1007 : port 'afull' remains unconnected for this instance in ../../../Src/fifo_ctrl.v(112)
HDL-1007 : port 'aempty' remains unconnected for this instance in ../../../Src/fifo_ctrl.v(112)
HDL-1007 : port 'rdusedw' remains unconnected for this instance in ../../../Src/fifo_ctrl.v(112)
HDL-1007 : elaborate module fifo_ctrl in ../../../Src/fifo_ctrl.v(1)
HDL-1007 : port 'doa' remains unconnected for this instance in ../../../Core/fifo.v(239)
HDL-1007 : port 'dib' remains unconnected for this instance in ../../../Core/fifo.v(239)
HDL-1007 : elaborate module fifo in ../../../Core/fifo.v(26)
HDL-1007 : elaborate module ram_infer_fifo(DATAWIDTH_A=8,ADDRWIDTH_A=14,DATAWIDTH_B=8,ADDRWIDTH_B=14) in ../../../Core/fifo.v(270)
HDL-1007 : extracting RAM for identifier 'memory' in ../../../Core/fifo.v(335)
HDL-5007 WARNING: actual bit length 32 differs from formal bit length 1 for port 'cea' in ../../../Core/fifo.v(248)
HDL-5007 WARNING: actual bit length 32 differs from formal bit length 1 for port 'ocea' in ../../../Core/fifo.v(250)
HDL-5007 WARNING: actual bit length 32 differs from formal bit length 1 for port 'web' in ../../../Core/fifo.v(256)
HDL-5007 WARNING: input port 'dib[7]' is not connected on this instance in ../../../Core/fifo.v(246)
HDL-5007 WARNING: actual bit length 1 differs from formal bit length 8 for port 'di' in ../../../Src/fifo_ctrl.v(115)
HDL-5007 WARNING: actual bit length 1 differs from formal bit length 8 for port 'dout' in ../../../Src/fifo_ctrl.v(116)
HDL-5007 WARNING: actual bit length 1 differs from formal bit length 14 for port 'wrusedw' in ../../../Src/fifo_ctrl.v(121)
HDL-5007 WARNING: net 'data_in' does not have a driver in ../../../Src/fifo_ctrl.v(115)
HDL-5007 WARNING: actual bit length 1 differs from formal bit length 8 for port 'data' in ../../../Src/top.v(70)
HDL-5007 WARNING: actual bit length 1 differs from formal bit length 8 for port 'fifo_out' in ../../../Src/top.v(72)
HDL-5007 Similar messages will be suppressed.
HDL-1007 : elaborate module type_choice in ../../../Src/type_choice.v(10)
HDL-5007 WARNING: actual bit length 1 differs from formal bit length 8 for port 'uart_data' in ../../../Src/top.v(87)
HDL-5007 WARNING: actual bit length 1 differs from formal bit length 14 for port 'depth' in ../../../Src/top.v(88)
HDL-5007 WARNING: actual bit length 1 differs from formal bit length 2 for port 'condition' in ../../../Src/top.v(90)
HDL-5007 WARNING: input port 'data_vld' remains unconnected for this instance in ../../../Src/top.v(67)
HDL-5007 WARNING: input port 'over' remains unconnected for this instance in ../../../Src/top.v(81)
HDL-1200 : Current top model is top
HDL-1100 : Inferred 1 RAMs.
RUN-1002 : start command "export_db adc_elaborate.db"
RUN-1001 : Exported /
RUN-1001 : Exported flow parameters
RUN-1001 : Exported libs
RUN-1001 : Exported entities
RUN-1001 : Exported ports
RUN-1001 : Exported pins
RUN-1001 : Exported instances
RUN-1001 : Exported nets
RUN-1001 : Exported buses
RUN-1001 : Exported models
RUN-1001 : Exported congestions
RUN-1001 : Exported violations
RUN-1001 : Exported IO constraints
RUN-1001 : Exported Inst constraints
RUN-1002 : start command "read_adc ../../../Constrain/ADC.adc"
RUN-1002 : start command "set_pin_assignment  adc_clk   LOCATION = P87; IOSTANDARD = LVCMOS25; DRIVESTRENGTH = 8; PULLTYPE = NONE; "
RUN-1002 : start command "set_pin_assignment  clk   LOCATION = P34; IOSTANDARD = LVCMOS25; PULLTYPE = PULLUP; "
RUN-1002 : start command "set_pin_assignment  data_in[0]   LOCATION = P13; IOSTANDARD = LVCMOS25; PULLTYPE = PULLUP; "
RUN-1002 : start command "set_pin_assignment  data_in[1]   LOCATION = P12; IOSTANDARD = LVCMOS25; PULLTYPE = PULLUP; "
RUN-1002 : start command "set_pin_assignment  data_in[2]   LOCATION = P11; IOSTANDARD = LVCMOS25; PULLTYPE = PULLUP; "
RUN-1002 : start command "set_pin_assignment  data_in[3]   LOCATION = P10; IOSTANDARD = LVCMOS25; PULLTYPE = PULLUP; "
RUN-1002 : start command "set_pin_assignment  data_in[4]   LOCATION = P5; IOSTANDARD = LVCMOS25; PULLTYPE = PULLUP; "
RUN-1002 : start command "set_pin_assignment  data_in[5]   LOCATION = P4; IOSTANDARD = LVCMOS25; PULLTYPE = PULLUP; "
RUN-1002 : start command "set_pin_assignment  data_in[6]   LOCATION = P3; IOSTANDARD = LVCMOS25; PULLTYPE = PULLUP; "
RUN-1002 : start command "set_pin_assignment  data_in[7]   LOCATION = P2; IOSTANDARD = LVCMOS25; PULLTYPE = PULLUP; "
RUN-1002 : start command "set_pin_assignment  eoc   LOCATION = P60; IOSTANDARD = LVCMOS25; PULLTYPE = PULLUP; "
RUN-1002 : start command "set_pin_assignment  key1   LOCATION = P50; IOSTANDARD = LVCMOS25; PULLTYPE = PULLUP; "
RUN-1002 : start command "set_pin_assignment  oe   LOCATION = P86; IOSTANDARD = LVCMOS25; DRIVESTRENGTH = 8; PULLTYPE = NONE; "
RUN-1002 : start command "set_pin_assignment  reset_n   LOCATION = P55; IOSTANDARD = LVCMOS25; PULLTYPE = PULLUP; "
RUN-1002 : start command "set_pin_assignment  start   LOCATION = P59; IOSTANDARD = LVCMOS25; DRIVESTRENGTH = 8; PULLTYPE = NONE; "
RUN-1002 : start command "set_pin_assignment  uart_rxd   LOCATION = P54; IOSTANDARD = LVCMOS25; PULLTYPE = PULLUP; "
RUN-1002 : start command "set_pin_assignment  uart_txd   LOCATION = P52; IOSTANDARD = LVCMOS25; DRIVESTRENGTH = 8; PULLTYPE = NONE; "
RUN-1001 : Starting of IO setups legality check.
RUN-1001 : Starting of IO setups legality check.
RUN-1001 : Starting of IO vref setups legality check.
USR-6010 WARNING: ADC constraints: top model pin ale has no constraint.
USR-6010 WARNING: ADC constraints: top model pin key2 has no constraint.
RUN-1002 : start command "optimize_rtl"
RUN-1001 : Open license file C:/Anlogic/TD5.6.6910.2/license/Anlogic.lic
RUN-1001 : Print Global Property
RUN-1001 : ---------------------------------------------------------------
RUN-1001 :        Parameters        |  Settings  |  Default Values  |  Note  
RUN-1001 : ---------------------------------------------------------------
RUN-1001 :          message         |  standard  |     standard     |        
RUN-1001 :   mixed_pack_place_flow  |     on     |        on        |        
RUN-1001 :        qor_monitor       |    off     |       off        |        
RUN-1001 :        syn_ip_flow       |    off     |       off        |        
RUN-1001 :          thread          |    auto    |       auto       |        
RUN-1001 : ---------------------------------------------------------------
RUN-1001 : Print Rtl Property
RUN-1001 : --------------------------------------------------------------
RUN-1001 :        Parameters       |  Settings  |  Default Values  |  Note  
RUN-1001 : --------------------------------------------------------------
RUN-1001 :       compress_add      |   ripple   |      ripple      |        
RUN-1001 :        elf_sload        |    off     |       off        |        
RUN-1001 :       fix_undriven      |     0      |        0         |        
RUN-1001 :         flatten         |    off     |       off        |        
RUN-1001 :       gate_sharing      |     on     |        on        |        
RUN-1001 :    hdl_warning_level    |   normal   |      normal      |        
RUN-1001 :   impl_internal_tribuf  |     on     |        on        |        
RUN-1001 :      impl_set_reset     |     on     |        on        |        
RUN-1001 :        infer_gsr        |    off     |       off        |        
RUN-1001 :      keep_hierarchy     |    auto    |       auto       |        
RUN-1001 :        max_fanout       |    9999    |       9999       |        
RUN-1001 :      max_oh2bin_len     |     10     |        10        |        
RUN-1001 :       merge_equal       |     on     |        on        |        
RUN-1001 :       merge_equiv       |     on     |        on        |        
RUN-1001 :        merge_mux        |    off     |       off        |        
RUN-1001 :     min_control_set     |     8      |        8         |        
RUN-1001 :      min_ripple_len     |    auto    |       auto       |        
RUN-1001 :       oh2bin_ratio      |    0.08    |       0.08       |        
RUN-1001 :     opt_adder_fanout    |     on     |        on        |        
RUN-1001 :        opt_arith        |     on     |        on        |        
RUN-1001 :       opt_big_gate      |    off     |       off        |        
RUN-1001 :        opt_const        |     on     |        on        |        
RUN-1001 :      opt_const_mult     |     on     |        on        |        
RUN-1001 :       opt_lessthan      |     on     |        on        |        
RUN-1001 :         opt_mux         |    off     |       off        |        
RUN-1001 :         opt_ram         |    high    |       high       |        
RUN-1001 :      rtl_sim_model      |    off     |       off        |        
RUN-1001 :         seq_syn         |     on     |        on        |        
RUN-1001 : --------------------------------------------------------------
SYN-1012 : SanityCheck: Model "top"
SYN-1012 : SanityCheck: Model "adc_ctrl"
SYN-1012 : SanityCheck: Model "fifo_ctrl"
SYN-1012 : SanityCheck: Model "fifo"
SYN-1012 : SanityCheck: Model "ram_infer_fifo(DATAWIDTH_A=8,ADDRWIDTH_A=14,DATAWIDTH_B=8,ADDRWIDTH_B=14)"
SYN-1012 : SanityCheck: Model "uart_rx"
SYN-1012 : SanityCheck: Model "uart_tx"
SYN-1012 : SanityCheck: Model "type_choice"
SYN-1011 : Flatten model top
SYN-1032 : 1108/620 useful/useless nets, 370/90 useful/useless insts
SYN-1016 : Merged 101 instances.
SYN-1032 : 1009/418 useful/useless nets, 355/64 useful/useless insts
SYN-1016 : Merged 92 instances.
SYN-5011 WARNING: Undriven pin: model "top" / inst "fifo_list/sel2_syn_7" in ../../../Src/fifo_ctrl.v(69) / pin "i1"
SYN-5011 WARNING: Undriven pin: model "top" / inst "type/reg4_syn_10" in ../../../Src/type_choice.v(111) / pin "d"
SYN-5011 WARNING: Undriven pin: model "top" / inst "type/sel2_syn_77" in ../../../Src/type_choice.v(117) / pin "i0"
SYN-5011 WARNING: Undriven pin: model "top" / inst "type/sel2_syn_77" in ../../../Src/type_choice.v(117) / pin "i1"
SYN-5011 WARNING: Undriven pin: model "top" / inst "type/sel2_syn_100" in ../../../Src/type_choice.v(117) / pin "i0"
SYN-5011 WARNING: Undriven pin: model "top" / inst "type/sel2_syn_100" in ../../../Src/type_choice.v(117) / pin "i1"
SYN-5011 WARNING: Undriven pin: model "top" / inst "type/sel2_syn_105" in ../../../Src/type_choice.v(117) / pin "i0"
SYN-5011 WARNING: Undriven pin: model "top" / inst "type/sel2_syn_114" in ../../../Src/type_choice.v(117) / pin "i0"
SYN-5011 WARNING: Undriven pin: model "top" / inst "type/sel2_syn_119" in ../../../Src/type_choice.v(117) / pin "i0"
SYN-5011 WARNING: Undriven pin: model "top" / inst "type/sel2_syn_128" in ../../../Src/type_choice.v(117) / pin "i0"
SYN-5011 Similar messages will be suppressed.
SYN-5013 WARNING: Undriven net: model "top" / net "fifo_list/data_vld" in ../../../Src/fifo_ctrl.v(7)
SYN-5014 WARNING: the net's pin: pin "I[0]" in ../../../Src/fifo_ctrl.v(81)
SYN-5013 WARNING: Undriven net: model "top" / net "tx/uart_data[0]" in ../../../Src/uart_tx.v(6)
SYN-5014 WARNING: the net's pin: pin "i1" in ../../../Src/uart_tx.v(85)
SYN-5013 WARNING: Undriven net: model "top" / net "type/over" in ../../../Src/type_choice.v(19)
SYN-5014 WARNING: the net's pin: pin "I" in ../../../Src/type_choice.v(95)
SYN-5025 WARNING: Using 0 for all undriven pins and nets
SYN-1032 : 983/4 useful/useless nets, 840/188 useful/useless insts
SYN-1014 : Optimize round 1
SYN-1019 : Optimized 7 mux instances.
SYN-1021 : Optimized 57 onehot mux instances.
SYN-1020 : Optimized 88 distributor mux.
SYN-1001 : Optimize 1 less-than instances
SYN-1019 : Optimized 10 mux instances.
SYN-1016 : Merged 136 instances.
SYN-1015 : Optimize round 1, 560 better
SYN-1014 : Optimize round 2
SYN-1044 : Optimized 7 inv instances.
SYN-1032 : 724/90 useful/useless nets, 595/193 useful/useless insts
SYN-1017 : Remove 1 const input seq instances
SYN-1002 :     adc/start_reg
SYN-1015 : Optimize round 2, 317 better
SYN-1032 : 616/89 useful/useless nets, 526/51 useful/useless insts
SYN-3004 : Optimized 3 const0 DFF(s)
SYN-3008 : Optimized 1 const1 DFF(s)
SYN-3004 : Optimized 35 const0 DFF(s)
SYN-1032 : 516/100 useful/useless nets, 461/26 useful/useless insts
SYN-1014 : Optimize round 1
SYN-1019 : Optimized 1 mux instances.
SYN-1015 : Optimize round 1, 7 better
SYN-1014 : Optimize round 2
SYN-1015 : Optimize round 2, 0 better
RUN-1002 : start command "report_area -file adc_rtl.area"
RUN-1001 : standard
***Report Model: top Device: EG4S20NG88***

IO Statistics
#IO                        19
  #input                   14
  #output                   5
  #inout                    0

Gate Statistics
#Basic gates              212
  #and                     48
  #nand                     0
  #or                       2
  #nor                      0
  #xor                      0
  #xnor                     0
  #buf                      0
  #not                     20
  #bufif1                   0
  #MX21                    44
  #FADD                     0
  #DFF                     98
  #LATCH                    0
#MACRO_ADD                  5
#MACRO_EQ                  17
#MACRO_MUX                133

Report Hierarchy Area:
+----------------------------------------------+
|Instance |Module      |gates  |seq    |macros |
+----------------------------------------------+
|top      |top         |114    |98     |22     |
|  adc    |adc_ctrl    |3      |14     |6      |
|  rx     |uart_rx     |57     |27     |12     |
|  type   |type_choice |54     |57     |4      |
+----------------------------------------------+

RUN-1002 : start command "export_db adc_rtl.db"
RUN-1001 : Exported /
RUN-1001 : Exported flow parameters
RUN-1001 : Exported libs
RUN-1001 : Exported entities
RUN-1001 : Exported ports
RUN-1001 : Exported pins
RUN-1001 : Exported instances
RUN-1001 : Exported nets
RUN-1001 : Exported buses
RUN-1001 : Exported models
RUN-1001 : Exported congestions
RUN-1001 : Exported violations
RUN-1001 : Exported IO constraints
RUN-1001 : Exported Inst constraints
RUN-1002 : start command "optimize_gate -maparea adc_gate.area"
RUN-1001 : Open license file C:/Anlogic/TD5.6.6910.2/license/Anlogic.lic
RUN-1001 : Print Global Property
RUN-1001 : ---------------------------------------------------------------
RUN-1001 :        Parameters        |  Settings  |  Default Values  |  Note  
RUN-1001 : ---------------------------------------------------------------
RUN-1001 :          message         |  standard  |     standard     |        
RUN-1001 :   mixed_pack_place_flow  |     on     |        on        |        
RUN-1001 :        qor_monitor       |    off     |       off        |        
RUN-1001 :        syn_ip_flow       |    off     |       off        |        
RUN-1001 :          thread          |    auto    |       auto       |        
RUN-1001 : ---------------------------------------------------------------
RUN-1001 : Print Gate Property
RUN-1001 : ------------------------------------------------------------------
RUN-1001 :          Parameters         |  Settings  |  Default Values  |  Note  
RUN-1001 : ------------------------------------------------------------------
RUN-1001 :         cascade_dsp         |    off     |       off        |        
RUN-1001 :         cascade_eram        |    off     |       off        |        
RUN-1001 :        gate_sim_model       |    off     |       off        |        
RUN-1001 :        map_sim_model        |    off     |       off        |        
RUN-1001 :         map_strategy        |     1      |        1         |        
RUN-1001 :           opt_area          |   medium   |      medium      |        
RUN-1001 :          opt_timing         |    auto    |       auto       |        
RUN-1001 :         pack_effort         |   medium   |      medium      |        
RUN-1001 :      pack_lslice_ripple     |     on     |        on        |        
RUN-1001 :   pack_lslice_ripple_ratio  |    0.5     |       0.5        |        
RUN-1001 :        pack_seq_in_io       |    auto    |       auto       |        
RUN-1001 :        ph1_mux_ratio        |    1.0     |       1.0        |        
RUN-1001 :            report           |  standard  |     standard     |        
RUN-1001 :           retiming          |    off     |       off        |        
RUN-1001 : ------------------------------------------------------------------
SYN-2001 : Map 19 IOs to PADs
SYN-1032 : 530/1 useful/useless nets, 475/1 useful/useless insts
RUN-1002 : start command "update_pll_param -module top"
SYN-2501 : Processed 0 LOGIC_BUF instances.
SYN-2571 : Optimize after map_dsp, round 1
SYN-2571 : Optimize after map_dsp, round 1, 0 better
SYN-1001 : Throwback 7 control mux instances
SYN-2501 : Optimize round 1
SYN-1016 : Merged 81 instances.
SYN-2501 : Optimize round 1, 237 better
SYN-2501 : Optimize round 2
SYN-2501 : Optimize round 2, 0 better
SYN-2501 : Map 5 macro adder
SYN-3001 : Mapper mapped 3 instances into 1 LUTs, name keeping = 100%.
SYN-2501 : Inferred 1 ROM instances
SYN-1016 : Merged 5 instances.
SYN-1032 : 713/2 useful/useless nets, 659/0 useful/useless insts
SYN-3001 : Running gate level optimization.
SYN-2581 : Mapping with K=5, #lut = 165 (3.82), #lev = 5 (2.66)
SYN-2551 : Post LUT mapping optimization.
SYN-2581 : Mapping with K=5, #lut = 147 (3.69), #lev = 5 (2.75)
SYN-3001 : Logic optimization runtime opt =   0.03 sec, map =   0.00 sec
SYN-3001 : Mapper mapped 397 instances into 149 LUTs, name keeping = 67%.
SYN-3001 : Mapper removed 1 lut buffers
RUN-1002 : start command "report_area -file adc_gate.area"
RUN-1001 : standard
***Report Model: top Device: EG4S20NG88***

IO Statistics
#IO                        19
  #input                   14
  #output                   5
  #inout                    0

LUT Statistics
#Total_luts               203
  #lut4                   121
  #lut5                    28
  #lut6                     0
  #lut5_mx41                0
  #lut4_alu1b              54

Utilization Statistics
#lut                      203   out of  19600    1.04%
#reg                       97   out of  19600    0.49%
#le                         0
#dsp                        0   out of     29    0.00%
#bram                       0   out of     64    0.00%
  #bram9k                   0
  #fifo9k                   0
#bram32k                    0   out of     16    0.00%
#pad                       19   out of     66   28.79%
  #ireg                     1
  #oreg                     1
  #treg                     0
#pll                        0   out of      4    0.00%

Report Hierarchy Area:
+-------------------------------------------------------------------+
|Instance |Module      |lut     |ripple  |seq     |bram    |dsp     |
+-------------------------------------------------------------------+
|top      |top         |149     |54      |99      |0       |0       |
|  adc    |adc_ctrl    |13      |11      |14      |0       |0       |
|  rx     |uart_rx     |31      |12      |26      |0       |0       |
|  type   |type_choice |105     |31      |57      |0       |0       |
+-------------------------------------------------------------------+

SYN-1001 : Packing model "top" ...
SYN-4010 : Pack lib has 58 rtl pack models with 25 top pack blocks
SYN-1014 : Optimize round 1
SYN-1015 : Optimize round 1, 0 better
SYN-4002 : Packing 97 DFF/LATCH to SEQ ...
SYN-4009 : Pack 1 carry chain into lslice
SYN-4007 : Packing 23 adder to BLE ...
SYN-4008 : Packed 23 adder and 14 SEQ to BLE.
SYN-4007 : Packing 0 gate4 to BLE ...
SYN-4008 : Packed 0 gate4 and 0 SEQ to BLE.
SYN-4012 : Packed 0 FxMUX
RUN-1002 : start command "legalize_phy_inst"
SYN-1011 : Flatten model top
RUN-1002 : start command "export_db adc_gate.db"
RUN-1001 : Exported /
RUN-1001 : Exported flow parameters
RUN-1001 : Exported libs
RUN-1001 : Exported entities
RUN-1001 : Exported ports
RUN-1001 : Exported pins
RUN-1001 : Exported instances
RUN-1001 : Exported nets
RUN-1001 : Exported buses
RUN-1001 : Exported models
RUN-1001 : Exported congestions
RUN-1001 : Exported violations
RUN-1001 : Exported IO constraints
RUN-1001 : Exported Inst constraints
RUN-1002 : start command "backup_run_log run.log ../.logs/syn_1/td_20230304_173103.log"
