============================================================
   Tang Dynasty, V5.6.69102
      Copyright (c) 2012-2023 Anlogic Inc.
   Executable = C:/Anlogic/TD5.6.6910.2/bin/td.exe
   Built at =   20:14:16 Feb 16 2023
   Run by =     shaka
   Run Date =   Sun Mar  5 19:03:36 2023

   Run on =     BR007
============================================================
RUN-1002 : start command "open_project adc.prj"
RUN-1001 : Print Global Property
RUN-1001 : ---------------------------------------------------------------
RUN-1001 :        Parameters        |  Settings  |  Default Values  |  Note  
RUN-1001 : ---------------------------------------------------------------
RUN-1001 :          message         |  standard  |     standard     |        
RUN-1001 :   mixed_pack_place_flow  |     on     |        on        |        
RUN-1001 :        qor_monitor       |    off     |       off        |        
RUN-1001 :        syn_ip_flow       |    off     |       off        |        
RUN-1001 :          thread          |    auto    |       auto       |        
RUN-1001 : ---------------------------------------------------------------
RUN-1001 : Print Design Property
RUN-1001 : --------------------------------------------------------------
RUN-1001 :        Parameters       |  Settings  |  Default Values  |  Note  
RUN-1001 : --------------------------------------------------------------
RUN-1001 :   default_reg_initial   |    auto    |       auto       |        
RUN-1001 :        infer_add        |     on     |        on        |        
RUN-1001 :        infer_fsm        |    off     |       off        |        
RUN-1001 :        infer_mult       |     on     |        on        |        
RUN-1001 :        infer_ram        |     on     |        on        |        
RUN-1001 :        infer_reg        |     on     |        on        |        
RUN-1001 :   infer_reg_init_value  |     on     |        on        |        
RUN-1001 :        infer_rom        |     on     |        on        |        
RUN-1001 :      infer_shifter      |     on     |        on        |        
RUN-1001 : --------------------------------------------------------------
RUN-1001 : Print Rtl Property
RUN-1001 : --------------------------------------------------------------
RUN-1001 :        Parameters       |  Settings  |  Default Values  |  Note  
RUN-1001 : --------------------------------------------------------------
RUN-1001 :       compress_add      |   ripple   |      ripple      |        
RUN-1001 :        elf_sload        |    off     |       off        |        
RUN-1001 :       fix_undriven      |     0      |        0         |        
RUN-1001 :         flatten         |    off     |       off        |        
RUN-1001 :       gate_sharing      |     on     |        on        |        
RUN-1001 :    hdl_warning_level    |   normal   |      normal      |        
RUN-1001 :   impl_internal_tribuf  |     on     |        on        |        
RUN-1001 :      impl_set_reset     |     on     |        on        |        
RUN-1001 :        infer_gsr        |    off     |       off        |        
RUN-1001 :      keep_hierarchy     |    auto    |       auto       |        
RUN-1001 :        max_fanout       |    9999    |       9999       |        
RUN-1001 :      max_oh2bin_len     |     10     |        10        |        
RUN-1001 :       merge_equal       |     on     |        on        |        
RUN-1001 :       merge_equiv       |     on     |        on        |        
RUN-1001 :        merge_mux        |    off     |       off        |        
RUN-1001 :     min_control_set     |     8      |        8         |        
RUN-1001 :      min_ripple_len     |    auto    |       auto       |        
RUN-1001 :       oh2bin_ratio      |    0.08    |       0.08       |        
RUN-1001 :     opt_adder_fanout    |     on     |        on        |        
RUN-1001 :        opt_arith        |     on     |        on        |        
RUN-1001 :       opt_big_gate      |    off     |       off        |        
RUN-1001 :        opt_const        |     on     |        on        |        
RUN-1001 :      opt_const_mult     |     on     |        on        |        
RUN-1001 :       opt_lessthan      |     on     |        on        |        
RUN-1001 :         opt_mux         |    off     |       off        |        
RUN-1001 :         opt_ram         |    high    |       high       |        
RUN-1001 :      rtl_sim_model      |    off     |       off        |        
RUN-1001 :         seq_syn         |     on     |        on        |        
RUN-1001 : --------------------------------------------------------------
HDL-1007 : analyze verilog file ../../../Core/fifo.v
HDL-1007 : analyze verilog file ../../../Src/top.v
HDL-1007 : undeclared symbol 'valid', assumed default net type 'wire' in ../../../Src/top.v(37)
HDL-1007 : undeclared symbol 'data_vld', assumed default net type 'wire' in ../../../Src/top.v(48)
HDL-1007 : undeclared symbol 'out_en', assumed default net type 'wire' in ../../../Src/top.v(49)
HDL-1007 : undeclared symbol 'adc_en', assumed default net type 'wire' in ../../../Src/top.v(58)
HDL-1007 : undeclared symbol 'data', assumed default net type 'wire' in ../../../Src/top.v(64)
HDL-1007 : undeclared symbol 'data_en', assumed default net type 'wire' in ../../../Src/top.v(65)
HDL-1007 : undeclared symbol 'depth', assumed default net type 'wire' in ../../../Src/top.v(78)
HDL-1007 : undeclared symbol 'over', assumed default net type 'wire' in ../../../Src/top.v(80)
HDL-1007 : undeclared symbol 'fifo_working', assumed default net type 'wire' in ../../../Src/top.v(81)
HDL-1007 : undeclared symbol 'condition', assumed default net type 'wire' in ../../../Src/top.v(96)
HDL-1007 : analyze verilog file ../../../Src/uart_rx.v
HDL-1007 : analyze verilog file ../../../Src/uart_tx.v
HDL-1007 : analyze verilog file ../../../Src/adc_ctrl.v
HDL-5007 WARNING: 'data_temp' is not declared in ../../../Src/adc_ctrl.v(70)
HDL-1007 : analyze verilog file ../../../Src/type_choice.v
HDL-1007 : analyze verilog file ../../../Src/fifo_ctrl.v
HDL-1007 : undeclared symbol 'empty_flag', assumed default net type 'wire' in ../../../Src/fifo_ctrl.v(133)
HDL-1007 : undeclared symbol 'wrusedw', assumed default net type 'wire' in ../../../Src/fifo_ctrl.v(134)
HDL-5007 WARNING: 'data_temp' is not declared in ../../../Src/adc_ctrl.v(70)
RUN-1001 : Project manager successfully analyzed 7 source files.
RUN-1002 : start command "import_device eagle_s20.db -package EG4S20NG88"
ARC-1001 : Device Initialization.
ARC-1001 : ---------------------------------------------------------------
ARC-1001 :            OPTION            |        IO         |   SETTING   
ARC-1001 : ---------------------------------------------------------------
ARC-1001 :   cso_b/cclk/mosi/miso/dout  |  P69/P82/P81/P80  |    gpio    
ARC-1001 :             done             |        P8         |    gpio    
ARC-1001 :           program_b          |        P67        |  dedicate  
ARC-1001 :        tdi/tms/tck/tdo       |  P25/P22/P26/P21  |  dedicate  
ARC-1001 : ---------------------------------------------------------------
ARC-1004 : Device setting, marked 5 dedicate IOs in total.
RUN-1002 : start command "elaborate -top top"
RUN-1001 : Print Design Property
RUN-1001 : --------------------------------------------------------------
RUN-1001 :        Parameters       |  Settings  |  Default Values  |  Note  
RUN-1001 : --------------------------------------------------------------
RUN-1001 :   default_reg_initial   |    auto    |       auto       |        
RUN-1001 :        infer_add        |     on     |        on        |        
RUN-1001 :        infer_fsm        |    off     |       off        |        
RUN-1001 :        infer_mult       |     on     |        on        |        
RUN-1001 :        infer_ram        |     on     |        on        |        
RUN-1001 :        infer_reg        |     on     |        on        |        
RUN-1001 :   infer_reg_init_value  |     on     |        on        |        
RUN-1001 :        infer_rom        |     on     |        on        |        
RUN-1001 :      infer_shifter      |     on     |        on        |        
RUN-1001 : --------------------------------------------------------------
RUN-1001 : Print Rtl Property
RUN-1001 : --------------------------------------------------------------
RUN-1001 :        Parameters       |  Settings  |  Default Values  |  Note  
RUN-1001 : --------------------------------------------------------------
RUN-1001 :       compress_add      |   ripple   |      ripple      |        
RUN-1001 :        elf_sload        |    off     |       off        |        
RUN-1001 :       fix_undriven      |     0      |        0         |        
RUN-1001 :         flatten         |    off     |       off        |        
RUN-1001 :       gate_sharing      |     on     |        on        |        
RUN-1001 :    hdl_warning_level    |   normal   |      normal      |        
RUN-1001 :   impl_internal_tribuf  |     on     |        on        |        
RUN-1001 :      impl_set_reset     |     on     |        on        |        
RUN-1001 :        infer_gsr        |    off     |       off        |        
RUN-1001 :      keep_hierarchy     |    auto    |       auto       |        
RUN-1001 :        max_fanout       |    9999    |       9999       |        
RUN-1001 :      max_oh2bin_len     |     10     |        10        |        
RUN-1001 :       merge_equal       |     on     |        on        |        
RUN-1001 :       merge_equiv       |     on     |        on        |        
RUN-1001 :        merge_mux        |    off     |       off        |        
RUN-1001 :     min_control_set     |     8      |        8         |        
RUN-1001 :      min_ripple_len     |    auto    |       auto       |        
RUN-1001 :       oh2bin_ratio      |    0.08    |       0.08       |        
RUN-1001 :     opt_adder_fanout    |     on     |        on        |        
RUN-1001 :        opt_arith        |     on     |        on        |        
RUN-1001 :       opt_big_gate      |    off     |       off        |        
RUN-1001 :        opt_const        |     on     |        on        |        
RUN-1001 :      opt_const_mult     |     on     |        on        |        
RUN-1001 :       opt_lessthan      |     on     |        on        |        
RUN-1001 :         opt_mux         |    off     |       off        |        
RUN-1001 :         opt_ram         |    high    |       high       |        
RUN-1001 :      rtl_sim_model      |    off     |       off        |        
RUN-1001 :         seq_syn         |     on     |        on        |        
RUN-1001 : --------------------------------------------------------------
RUN-1001 : Print Global Property
RUN-1001 : ---------------------------------------------------------------
RUN-1001 :        Parameters        |  Settings  |  Default Values  |  Note  
RUN-1001 : ---------------------------------------------------------------
RUN-1001 :          message         |  standard  |     standard     |        
RUN-1001 :   mixed_pack_place_flow  |     on     |        on        |        
RUN-1001 :        qor_monitor       |    off     |       off        |        
RUN-1001 :        syn_ip_flow       |    off     |       off        |        
RUN-1001 :          thread          |    auto    |       auto       |        
RUN-1001 : ---------------------------------------------------------------
RUN-1001 : Print Design Property
RUN-1001 : --------------------------------------------------------------
RUN-1001 :        Parameters       |  Settings  |  Default Values  |  Note  
RUN-1001 : --------------------------------------------------------------
RUN-1001 :   default_reg_initial   |    auto    |       auto       |        
RUN-1001 :        infer_add        |     on     |        on        |        
RUN-1001 :        infer_fsm        |    off     |       off        |        
RUN-1001 :        infer_mult       |     on     |        on        |        
RUN-1001 :        infer_ram        |     on     |        on        |        
RUN-1001 :        infer_reg        |     on     |        on        |        
RUN-1001 :   infer_reg_init_value  |     on     |        on        |        
RUN-1001 :        infer_rom        |     on     |        on        |        
RUN-1001 :      infer_shifter      |     on     |        on        |        
RUN-1001 : --------------------------------------------------------------
HDL-1007 : elaborate module top in ../../../Src/top.v(11)
HDL-1007 : elaborate module uart_rx in ../../../Src/uart_rx.v(1)
HDL-1007 : elaborate module uart_tx in ../../../Src/uart_tx.v(1)
HDL-5007 WARNING: 'data_temp' is not declared in ../../../Src/adc_ctrl.v(70)
HDL-1007 : elaborate module adc_ctrl in ../../../Src/adc_ctrl.v(17)
HDL-8007 ERROR: external reference 'data_temp' remains unresolved in ../../../Src/adc_ctrl.v(70)
HDL-1007 : module 'adc_ctrl' remains a black box due to errors in its contents in ../../../Src/adc_ctrl.v(17)
HDL-5007 WARNING: actual bit length 1 differs from formal bit length 8 for port 'data' in ../../../Src/top.v(64)
HDL-1007 : port 'valid' remains unconnected for this instance in ../../../Src/fifo_ctrl.v(125)
HDL-1007 : port 'afull' remains unconnected for this instance in ../../../Src/fifo_ctrl.v(125)
HDL-1007 : port 'aempty' remains unconnected for this instance in ../../../Src/fifo_ctrl.v(125)
HDL-1007 : port 'rdusedw' remains unconnected for this instance in ../../../Src/fifo_ctrl.v(125)
HDL-1007 : elaborate module fifo_ctrl in ../../../Src/fifo_ctrl.v(1)
HDL-1007 : port 'doa' remains unconnected for this instance in ../../../Core/fifo.v(239)
HDL-1007 : port 'dib' remains unconnected for this instance in ../../../Core/fifo.v(239)
HDL-1007 : elaborate module fifo in ../../../Core/fifo.v(26)
HDL-1007 : elaborate module ram_infer_fifo(DATAWIDTH_A=8,ADDRWIDTH_A=14,DATAWIDTH_B=8,ADDRWIDTH_B=14) in ../../../Core/fifo.v(270)
HDL-1007 : extracting RAM for identifier 'memory' in ../../../Core/fifo.v(335)
HDL-5007 WARNING: actual bit length 32 differs from formal bit length 1 for port 'cea' in ../../../Core/fifo.v(248)
HDL-5007 WARNING: actual bit length 32 differs from formal bit length 1 for port 'ocea' in ../../../Core/fifo.v(250)
HDL-5007 WARNING: actual bit length 32 differs from formal bit length 1 for port 'web' in ../../../Core/fifo.v(256)
HDL-5007 WARNING: input port 'dib[7]' is not connected on this instance in ../../../Core/fifo.v(246)
HDL-5007 WARNING: actual bit length 1 differs from formal bit length 14 for port 'wrusedw' in ../../../Src/fifo_ctrl.v(134)
HDL-5007 WARNING: actual bit length 1 differs from formal bit length 8 for port 'data' in ../../../Src/top.v(74)
HDL-5007 WARNING: actual bit length 1 differs from formal bit length 14 for port 'depth' in ../../../Src/top.v(78)
HDL-1007 : elaborate module type_choice in ../../../Src/type_choice.v(10)
HDL-5007 WARNING: actual bit length 1 differs from formal bit length 14 for port 'depth' in ../../../Src/top.v(94)
HDL-5007 WARNING: actual bit length 1 differs from formal bit length 2 for port 'condition' in ../../../Src/top.v(96)
RUN-1002 : start command "backup_run_log run.log ../.logs/syn_1/td_20230305_190336.log"
