============================================================
   Tang Dynasty, V5.6.56362
   Copyright (c) 2012-2022 Anlogic
   Executable = C:/Anlogic/TD5.6.56362/bin/td.exe
   Built at =   19:51:00 Jul 25 2022
   Run by =     shaka
   Run Date =   Fri Mar 10 09:38:02 2023

   Run on =     BR007
============================================================
RUN-1001 : open_run phy_1.
RUN-1002 : start command "import_db G:/wangjiaqi/Prj/adc_Runs/phy_1/adc_pr.db"
RUN-1001 : Importing database generated by Tang Dynasty, V5.6.69102.
RUN-1001 : Database version number 46146.
RUN-8012 ERROR: Failed to import database; current release supports database version up to 46140.
RUN-8001 ERROR: Open run error: cannot import db file G:/wangjiaqi/Prj/adc_Runs/phy_1/adc_pr.db
RUN-1002 : start command "report_timing"
RUN-1002 : start command "start_timer"
TMR-8003 ERROR: Please import a netlist at first.
RUN-1001 : reset_run syn_1 phy_1.
RUN-1001 : launch_runs syn_1 phy_1  -jobs 6.
RUN-1001 : syn_1: run complete.
RUN-1001 : phy_1: run complete.
RUN-1001 : open_run phy_1.
RUN-1002 : start command "import_db G:/wangjiaqi/Prj/adc_Runs/phy_1/adc_pr.db"
RUN-1001 : Importing database generated by Tang Dynasty, V5.6.56362.
RUN-1001 : Database version number 46140.
RUN-1001 : Import flow parameters
PHY-1001 : Generate detailed routing grids ...
PHY-1001 : Generate nets ...
PHY-1001 : net clk_dup_3 will be routed on clock mesh
PHY-1001 : clock net adc/clk_adc_syn_4 will be merged with clock adc/clk_adc
PHY-1001 : clock net config_inst_syn_10 will be merged with clock config_inst_syn_9
PHY-1001 : eco open net = 0
PHY-1001 : 15 feed throughs used by 11 nets
RUN-1001 : Import timing constraints
RUN-1001 : Import IO constraints
RUN-1001 : Import Inst constraints
RUN-1001 : Import ChipWatcher
RUN-1001 : Import design success TD_VERSION=5.6.56362 , DB_VERSION=46140
RUN-1003 : finish command "import_db G:/wangjiaqi/Prj/adc_Runs/phy_1/adc_pr.db" in  5.490555s wall, 4.656250s user + 0.125000s system = 4.781250s CPU (87.1%)

RUN-1004 : used memory is 510 MB, reserved memory is 454 MB, peak memory is 544 MB
RUN-1002 : start command "report_timing"
RUN-1002 : start command "start_timer"
RUN-1002 : start command "end_timer"
