============================================================
   Tang Dynasty, V5.6.56362
   Copyright (c) 2012-2022 Anlogic
   Executable = C:/Anlogic/TD5.6.56362/bin/td.exe
   Built at =   19:51:00 Jul 25 2022
   Run by =     shaka
   Run Date =   Wed Mar  8 17:21:50 2023

   Run on =     BR007
============================================================
RUN-1001 : open_run phy_1.
RUN-1002 : start command "import_db G:/wangjiaqi/Prj/adc_Runs/phy_1/adc_pr.db"
RUN-1001 : Importing database generated by Tang Dynasty, V5.6.56362.
RUN-1001 : Database version number 46140.
RUN-1001 : Import flow parameters
PHY-1001 : Generate detailed routing grids ...
PHY-1001 : Generate nets ...
PHY-1001 : net clk_dup_3 will be routed on clock mesh
PHY-1001 : clock net adc/clk_adc_syn_4 will be merged with clock adc/clk_adc
PHY-1001 : clock net config_inst_syn_10 will be merged with clock config_inst_syn_9
PHY-1001 : eco open net = 0
PHY-1001 : 15 feed throughs used by 13 nets
RUN-1001 : Import timing constraints
RUN-1001 : Import IO constraints
RUN-1001 : Import Inst constraints
RUN-1001 : Import ChipWatcher
RUN-1001 : Import design success TD_VERSION=5.6.56362 , DB_VERSION=46140
RUN-1003 : finish command "import_db G:/wangjiaqi/Prj/adc_Runs/phy_1/adc_pr.db" in  7.944522s wall, 7.468750s user + 0.109375s system = 7.578125s CPU (95.4%)

RUN-1004 : used memory is 506 MB, reserved memory is 449 MB, peak memory is 539 MB
RUN-1002 : start command "report_timing"
RUN-1002 : start command "start_timer"
RUN-1002 : start command "end_timer"
RUN-1001 : reset_run syn_1 phy_1.
RUN-1001 : launch_runs syn_1 phy_1  -jobs 6.
RUN-1001 : syn_1: run complete.
RUN-1001 : phy_1: run complete.
RUN-1001 : open_run phy_1.
RUN-1002 : start command "import_db G:/wangjiaqi/Prj/adc_Runs/phy_1/adc_pr.db"
RUN-1001 : Importing database generated by Tang Dynasty, V5.6.56362.
RUN-1001 : Database version number 46140.
RUN-1001 : Import flow parameters
PHY-1001 : Generate detailed routing grids ...
PHY-1001 : Generate nets ...
PHY-1001 : net clk_dup_3 will be routed on clock mesh
PHY-5010 WARNING: Net data_in[7]_dup_3 is skipped due to 0 input or output
PHY-5010 WARNING: Net data_in[6]_dup_3 is skipped due to 0 input or output
PHY-5010 WARNING: Net data_in[5]_dup_3 is skipped due to 0 input or output
PHY-5010 WARNING: Net data_in[4]_dup_3 is skipped due to 0 input or output
PHY-5010 WARNING: Net data_in[3]_dup_3 is skipped due to 0 input or output
PHY-5010 WARNING: Net data_in[2]_dup_3 is skipped due to 0 input or output
PHY-5010 WARNING: Net data_in[1]_dup_3 is skipped due to 0 input or output
PHY-5010 WARNING: Net data_in[0]_dup_3 is skipped due to 0 input or output
PHY-5010 WARNING: Net eoc_dup_3 is skipped due to 0 input or output
PHY-5010 WARNING: Net key_in_dup_3 is skipped due to 0 input or output
PHY-5010 Similar messages will be suppressed.
PHY-1001 : eco open net = 0
PHY-1001 : 1 feed throughs used by 1 nets
RUN-1001 : Import timing constraints
RUN-1001 : Import IO constraints
RUN-1001 : Import Inst constraints
RUN-1001 : Import design success TD_VERSION=5.6.56362 , DB_VERSION=46140
RUN-1003 : finish command "import_db G:/wangjiaqi/Prj/adc_Runs/phy_1/adc_pr.db" in  1.830025s wall, 1.687500s user + 0.093750s system = 1.781250s CPU (97.3%)

RUN-1004 : used memory is 507 MB, reserved memory is 460 MB, peak memory is 539 MB
RUN-1002 : start command "report_timing"
RUN-1002 : start command "start_timer"
RUN-1002 : start command "end_timer"
GUI-1001 : User opens ChipWatcher ...
HDL-1007 : analyze verilog file ../Src/top.v
HDL-1007 : undeclared symbol 'valid', assumed default net type 'wire' in ../Src/top.v(71)
HDL-1007 : undeclared symbol 'data_vld', assumed default net type 'wire' in ../Src/top.v(82)
HDL-1007 : undeclared symbol 'adc_en', assumed default net type 'wire' in ../Src/top.v(92)
HDL-1007 : undeclared symbol 'data_en', assumed default net type 'wire' in ../Src/top.v(99)
HDL-1007 : undeclared symbol 'fifo_working', assumed default net type 'wire' in ../Src/top.v(116)
HDL-1007 : undeclared symbol 'key', assumed default net type 'wire' in ../Src/top.v(126)
HDL-1007 : undeclared symbol 'condition', assumed default net type 'wire' in ../Src/top.v(130)
GUI-1001 : User closes ChipWatcher ...
RUN-1001 : reset_run syn_1 phy_1.
RUN-1001 : launch_runs syn_1 phy_1  -jobs 6.
RUN-1001 : syn_1: run complete.
RUN-1001 : phy_1: run complete.
RUN-1001 : open_run phy_1.
RUN-1002 : start command "import_db G:/wangjiaqi/Prj/adc_Runs/phy_1/adc_pr.db"
RUN-1001 : Importing database generated by Tang Dynasty, V5.6.56362.
RUN-1001 : Database version number 46140.
RUN-1001 : Import flow parameters
PHY-1001 : Generate detailed routing grids ...
PHY-1001 : Generate nets ...
PHY-1001 : net clk_dup_3 will be routed on clock mesh
PHY-1001 : clock net adc/clk_adc_syn_4 will be merged with clock adc/clk_adc
PHY-1001 : eco open net = 0
PHY-1001 : 4 feed throughs used by 4 nets
RUN-1001 : Import timing constraints
RUN-1001 : Import IO constraints
RUN-1001 : Import Inst constraints
RUN-1001 : Import design success TD_VERSION=5.6.56362 , DB_VERSION=46140
RUN-1003 : finish command "import_db G:/wangjiaqi/Prj/adc_Runs/phy_1/adc_pr.db" in  2.144252s wall, 2.000000s user + 0.093750s system = 2.093750s CPU (97.6%)

RUN-1004 : used memory is 530 MB, reserved memory is 476 MB, peak memory is 556 MB
RUN-1002 : start command "report_timing"
RUN-1002 : start command "start_timer"
RUN-1002 : start command "end_timer"
GUI-1001 : User opens ChipWatcher ...
GUI-1001 : User closes ChipWatcher ...
RUN-1001 : open_run phy_1.
RUN-1002 : start command "import_db G:/wangjiaqi/Prj/adc_Runs/phy_1/adc_pr.db"
RUN-1001 : Importing database generated by Tang Dynasty, V5.6.56362.
RUN-1001 : Database version number 46140.
RUN-1001 : Import flow parameters
PHY-1001 : Generate detailed routing grids ...
PHY-1001 : Generate nets ...
PHY-1001 : net clk_dup_3 will be routed on clock mesh
PHY-1001 : clock net adc/clk_adc_syn_4 will be merged with clock adc/clk_adc
PHY-1001 : eco open net = 0
PHY-1001 : 4 feed throughs used by 4 nets
RUN-1001 : Import timing constraints
RUN-1001 : Import IO constraints
RUN-1001 : Import Inst constraints
RUN-1001 : Import design success TD_VERSION=5.6.56362 , DB_VERSION=46140
RUN-1003 : finish command "import_db G:/wangjiaqi/Prj/adc_Runs/phy_1/adc_pr.db" in  2.034498s wall, 1.812500s user + 0.109375s system = 1.921875s CPU (94.5%)

RUN-1004 : used memory is 534 MB, reserved memory is 481 MB, peak memory is 562 MB
RUN-1002 : start command "report_timing"
RUN-1002 : start command "start_timer"
RUN-1002 : start command "end_timer"
HDL-1007 : analyze verilog file ../Src/top.v
HDL-1007 : undeclared symbol 'valid', assumed default net type 'wire' in ../Src/top.v(71)
HDL-1007 : undeclared symbol 'data_vld', assumed default net type 'wire' in ../Src/top.v(82)
HDL-1007 : undeclared symbol 'adc_en', assumed default net type 'wire' in ../Src/top.v(92)
HDL-1007 : undeclared symbol 'data_en', assumed default net type 'wire' in ../Src/top.v(99)
HDL-1007 : undeclared symbol 'fifo_working', assumed default net type 'wire' in ../Src/top.v(116)
HDL-1007 : undeclared symbol 'key', assumed default net type 'wire' in ../Src/top.v(126)
HDL-1007 : undeclared symbol 'condition', assumed default net type 'wire' in ../Src/top.v(130)
RUN-1001 : reset_run syn_1 phy_1.
RUN-1001 : launch_runs syn_1 phy_1  -jobs 6.
RUN-1001 : syn_1: run complete.
HDL-1007 : analyze verilog file ../Src/top.v
HDL-1007 : undeclared symbol 'valid', assumed default net type 'wire' in ../Src/top.v(72)
HDL-1007 : undeclared symbol 'data_vld', assumed default net type 'wire' in ../Src/top.v(83)
HDL-1007 : undeclared symbol 'adc_en', assumed default net type 'wire' in ../Src/top.v(93)
HDL-1007 : undeclared symbol 'data_en', assumed default net type 'wire' in ../Src/top.v(100)
HDL-1007 : undeclared symbol 'fifo_working', assumed default net type 'wire' in ../Src/top.v(117)
HDL-1007 : undeclared symbol 'key', assumed default net type 'wire' in ../Src/top.v(127)
HDL-1007 : undeclared symbol 'condition', assumed default net type 'wire' in ../Src/top.v(131)
RUN-1001 : stop_run phy_1.
RUN-1001 : reset_run phy_1 -step opt_route.
RUN-1001 : phy_1: run complete.
RUN-1001 : open_run phy_1.
RUN-1002 : start command "import_db G:/wangjiaqi/Prj/adc_Runs/phy_1/adc_place.db"
RUN-1001 : Importing database generated by Tang Dynasty, V5.6.56362.
RUN-1001 : Database version number 46140.
RUN-1001 : Import flow parameters
RUN-1001 : Import timing constraints
RUN-1001 : Import IO constraints
RUN-1001 : Import Inst constraints
RUN-1001 : Import design success TD_VERSION=5.6.56362 , DB_VERSION=46140
RUN-1002 : start command "report_timing -mode manhattan"
RUN-1002 : start command "start_timer"
RUN-1002 : start command "end_timer"
RUN-1001 : reset_run syn_1 phy_1.
RUN-1001 : launch_runs syn_1 phy_1  -jobs 6.
RUN-1001 : syn_1: run complete.
RUN-1001 : phy_1: run complete.
RUN-1001 : open_run phy_1.
RUN-1002 : start command "import_db G:/wangjiaqi/Prj/adc_Runs/phy_1/adc_pr.db"
RUN-1001 : Importing database generated by Tang Dynasty, V5.6.56362.
RUN-1001 : Database version number 46140.
RUN-1001 : Import flow parameters
PHY-1001 : Generate detailed routing grids ...
PHY-1001 : Generate nets ...
PHY-1001 : net clk_dup_3 will be routed on clock mesh
PHY-1001 : clock net adc/clk_adc_syn_4 will be merged with clock adc/clk_adc
PHY-1001 : eco open net = 0
PHY-1001 : 6 feed throughs used by 6 nets
RUN-1001 : Import timing constraints
RUN-1001 : Import IO constraints
RUN-1001 : Import Inst constraints
RUN-1001 : Import design success TD_VERSION=5.6.56362 , DB_VERSION=46140
RUN-1003 : finish command "import_db G:/wangjiaqi/Prj/adc_Runs/phy_1/adc_pr.db" in  1.892226s wall, 1.687500s user + 0.093750s system = 1.781250s CPU (94.1%)

RUN-1004 : used memory is 550 MB, reserved memory is 494 MB, peak memory is 578 MB
RUN-1002 : start command "report_timing"
RUN-1002 : start command "start_timer"
RUN-1002 : start command "end_timer"
GUI-1001 : User opens ChipWatcher ...
RUN-1001 : reset_run syn_1 phy_1.
RUN-1001 : launch_runs syn_1 phy_1  -jobs 6.
RUN-1001 : syn_1: run complete.
RUN-1001 : phy_1: run complete.
RUN-1001 : open_run phy_1.
RUN-1002 : start command "import_db G:/wangjiaqi/Prj/adc_Runs/phy_1/adc_pr.db"
RUN-1001 : Importing database generated by Tang Dynasty, V5.6.56362.
RUN-1001 : Database version number 46140.
RUN-1001 : Import flow parameters
PHY-1001 : Generate detailed routing grids ...
PHY-1001 : Generate nets ...
PHY-1001 : net clk_dup_3 will be routed on clock mesh
PHY-1001 : clock net adc/clk_adc_syn_4 will be merged with clock adc/clk_adc
PHY-1001 : clock net config_inst_syn_10 will be merged with clock config_inst_syn_9
PHY-1001 : eco open net = 0
PHY-1001 : 14 feed throughs used by 12 nets
RUN-1001 : Import timing constraints
RUN-1001 : Import IO constraints
RUN-1001 : Import Inst constraints
RUN-1001 : Import ChipWatcher
RUN-1001 : Import design success TD_VERSION=5.6.56362 , DB_VERSION=46140
RUN-1003 : finish command "import_db G:/wangjiaqi/Prj/adc_Runs/phy_1/adc_pr.db" in  2.591805s wall, 2.437500s user + 0.093750s system = 2.531250s CPU (97.7%)

RUN-1004 : used memory is 600 MB, reserved memory is 541 MB, peak memory is 602 MB
RUN-1002 : start command "report_timing"
RUN-1002 : start command "start_timer"
RUN-1002 : start command "end_timer"
RUN-1002 : start command "download -bit adc_Runs/phy_1/adc.bit -mode jtag_burst -spd 7 -cable 0 -total_dev 1 -cur_dev 1"
PRG-2014 : Chip validation success: EAGLE_S20_QFN88
RUN-1002 : start command "bit_to_vec -chip EAGLE_S20_QFN88 -m jtag_burst -freq 4 -bit adc_Runs/phy_1/adc.bit"
RUN-1002 : start command "program -cable 0 -mode svf -spd 7 -p"
RUN-1003 : finish command "program -cable 0 -mode svf -spd 7 -p" in  6.840543s wall, 0.046875s user + 0.125000s system = 0.171875s CPU (2.5%)

RUN-1004 : used memory is 602 MB, reserved memory is 543 MB, peak memory is 621 MB
RUN-1003 : finish command "download -bit adc_Runs/phy_1/adc.bit -mode jtag_burst -spd 7 -cable 0 -total_dev 1 -cur_dev 1" in  7.190143s wall, 0.203125s user + 0.140625s system = 0.343750s CPU (4.8%)

RUN-1004 : used memory is 602 MB, reserved memory is 543 MB, peak memory is 621 MB
GUI-1001 : Download success!
KIT-1004 : ChipWatcher: write ctrl reg value: 00000000000000000000000000000000000000000000000000000000000000000000000000000000000000000000000000000000
KIT-1004 : ChipWatcher: write ctrl reg value: 00011111000001011101101111111100000000011011111111000000000110111111110000000000100000000000000000010000
KIT-1004 : ChipWatcher: the value of status register = 110000000000001000
RUN-1002 : start command "rdbk_bram -bram 0X0014 -cable 0 -total_dev 1 -cur_dev 1"
KIT-1001 : Read back data from BRAM 0X0014 successfully.
RUN-1002 : start command "rdbk_bram -bram 0X0015 -cable 0 -total_dev 1 -cur_dev 1"
KIT-1001 : Read back data from BRAM 0X0015 successfully.
RUN-1002 : start command "rdbk_bram -bram 0X0016 -cable 0 -total_dev 1 -cur_dev 1"
KIT-1001 : Read back data from BRAM 0X0016 successfully.
RUN-1002 : start command "rdbk_bram -bram 0X0017 -cable 0 -total_dev 1 -cur_dev 1"
KIT-1001 : Read back data from BRAM 0X0017 successfully.
RUN-1002 : start command "rdbk_bram -bram 0X0018 -cable 0 -total_dev 1 -cur_dev 1"
KIT-1001 : Read back data from BRAM 0X0018 successfully.
RUN-1002 : start command "rdbk_bram -bram 0X0019 -cable 0 -total_dev 1 -cur_dev 1"
KIT-1001 : Read back data from BRAM 0X0019 successfully.
RUN-1002 : start command "rdbk_bram -bram 0X001A -cable 0 -total_dev 1 -cur_dev 1"
KIT-1001 : Read back data from BRAM 0X001A successfully.
RUN-1002 : start command "rdbk_bram -bram 0X001B -cable 0 -total_dev 1 -cur_dev 1"
KIT-1001 : Read back data from BRAM 0X001B successfully.
RUN-1002 : start command "rdbk_bram -bram 0X001C -cable 0 -total_dev 1 -cur_dev 1"
KIT-1001 : Read back data from BRAM 0X001C successfully.
RUN-1002 : start command "rdbk_bram -bram 0X001D -cable 0 -total_dev 1 -cur_dev 1"
KIT-1001 : Read back data from BRAM 0X001D successfully.
RUN-1002 : start command "rdbk_bram -bram 0X001E -cable 0 -total_dev 1 -cur_dev 1"
KIT-1001 : Read back data from BRAM 0X001E successfully.
RUN-1002 : start command "rdbk_bram -bram 0X001F -cable 0 -total_dev 1 -cur_dev 1"
KIT-1001 : Read back data from BRAM 0X001F successfully.
RUN-1002 : start command "rdbk_bram -bram 0X0020 -cable 0 -total_dev 1 -cur_dev 1"
KIT-1001 : Read back data from BRAM 0X0020 successfully.
RUN-1002 : start command "rdbk_bram -bram 0X0021 -cable 0 -total_dev 1 -cur_dev 1"
KIT-1001 : Read back data from BRAM 0X0021 successfully.
RUN-1002 : start command "rdbk_bram -bram 0X0022 -cable 0 -total_dev 1 -cur_dev 1"
KIT-1001 : Read back data from BRAM 0X0022 successfully.
RUN-1002 : start command "rdbk_bram -bram 0X0023 -cable 0 -total_dev 1 -cur_dev 1"
KIT-1001 : Read back data from BRAM 0X0023 successfully.
RUN-1002 : start command "rdbk_bram -bram 0X0024 -cable 0 -total_dev 1 -cur_dev 1"
KIT-1001 : Read back data from BRAM 0X0024 successfully.
RUN-1002 : start command "rdbk_bram -bram 0X0025 -cable 0 -total_dev 1 -cur_dev 1"
KIT-1001 : Read back data from BRAM 0X0025 successfully.
RUN-1002 : start command "rdbk_bram -bram 0X0026 -cable 0 -total_dev 1 -cur_dev 1"
KIT-1001 : Read back data from BRAM 0X0026 successfully.
RUN-1002 : start command "rdbk_bram -bram 0X0027 -cable 0 -total_dev 1 -cur_dev 1"
KIT-1001 : Read back data from BRAM 0X0027 successfully.
RUN-1002 : start command "rdbk_bram -bram 0X0028 -cable 0 -total_dev 1 -cur_dev 1"
KIT-1001 : Read back data from BRAM 0X0028 successfully.
RUN-1002 : start command "rdbk_bram -bram 0X0029 -cable 0 -total_dev 1 -cur_dev 1"
KIT-1001 : Read back data from BRAM 0X0029 successfully.
RUN-1002 : start command "rdbk_bram -bram 0X002A -cable 0 -total_dev 1 -cur_dev 1"
KIT-1001 : Read back data from BRAM 0X002A successfully.
RUN-1002 : start command "rdbk_bram -bram 0X002B -cable 0 -total_dev 1 -cur_dev 1"
KIT-1001 : Read back data from BRAM 0X002B successfully.
RUN-1002 : start command "rdbk_bram -bram 0X002C -cable 0 -total_dev 1 -cur_dev 1"
KIT-1001 : Read back data from BRAM 0X002C successfully.
RUN-1002 : start command "rdbk_bram -bram 0X002D -cable 0 -total_dev 1 -cur_dev 1"
KIT-1001 : Read back data from BRAM 0X002D successfully.
SYN-2541 : Attrs-to-init for 26 logic bram(s)
SYN-2541 : Reading sub[0] auto_chipwatcher_0_logicbram_syn_1
SYN-2541 : Reading sub[1] auto_chipwatcher_0_logicbram_syn_11
SYN-2541 : Reading sub[2] auto_chipwatcher_0_logicbram_syn_21
SYN-2541 : Reading sub[3] auto_chipwatcher_0_logicbram_syn_31
SYN-2541 : Reading sub[4] auto_chipwatcher_0_logicbram_syn_41
SYN-2541 : Reading sub[5] auto_chipwatcher_0_logicbram_syn_51
SYN-2541 : Reading sub[6] auto_chipwatcher_0_logicbram_syn_61
SYN-2541 : Reading sub[7] auto_chipwatcher_0_logicbram_syn_71
SYN-2541 : Reading sub[8] auto_chipwatcher_0_logicbram_syn_81
SYN-2541 : Reading sub[9] auto_chipwatcher_0_logicbram_syn_91
SYN-2541 : Reading sub[10] auto_chipwatcher_0_logicbram_syn_101
SYN-2541 : Reading sub[11] auto_chipwatcher_0_logicbram_syn_111
SYN-2541 : Reading sub[12] auto_chipwatcher_0_logicbram_syn_121
SYN-2541 : Reading sub[13] auto_chipwatcher_0_logicbram_syn_131
SYN-2541 : Reading sub[14] auto_chipwatcher_0_logicbram_syn_141
SYN-2541 : Reading sub[15] auto_chipwatcher_0_logicbram_syn_151
SYN-2541 : Reading sub[16] auto_chipwatcher_0_logicbram_syn_161
SYN-2541 : Reading sub[17] auto_chipwatcher_0_logicbram_syn_171
SYN-2541 : Reading sub[18] auto_chipwatcher_0_logicbram_syn_181
SYN-2541 : Reading sub[19] auto_chipwatcher_0_logicbram_syn_191
SYN-2541 : Reading sub[20] auto_chipwatcher_0_logicbram_syn_201
SYN-2541 : Reading sub[21] auto_chipwatcher_0_logicbram_syn_211
SYN-2541 : Reading sub[22] auto_chipwatcher_0_logicbram_syn_221
SYN-2541 : Reading sub[23] auto_chipwatcher_0_logicbram_syn_231
SYN-2541 : Reading sub[24] auto_chipwatcher_0_logicbram_syn_241
SYN-2541 : Reading sub[25] auto_chipwatcher_0_logicbram_syn_243
KIT-1004 : ChipWatcher: write ctrl reg value: 00011111000001011101101111111100000000011011111111000000000110111111110000000000100000000000000000000000
KIT-1004 : ChipWatcher: write ctrl reg value: 00000000000000000000000000000000000000000000000000000000000000000000000000000000000000000000000000000000
KIT-1004 : ChipWatcher: write ctrl reg value: 01101111000001011100011111111100000000011011111111000000000110111111110000000000100000000000000000010000
KIT-1004 : ChipWatcher: the value of status register = 010000110100011011
KIT-1004 : ChipWatcher: the value of status register = 010001001010011101
KIT-1004 : ChipWatcher: the value of status register = 010000100000010001
KIT-1004 : ChipWatcher: the value of status register = 010000100001000111
KIT-1004 : ChipWatcher: the value of status register = 010001111010110011
KIT-1004 : ChipWatcher: the value of status register = 010000001001001100
KIT-1004 : ChipWatcher: the value of status register = 010000101111001011
KIT-1004 : ChipWatcher: the value of status register = 010000111111011101
KIT-1004 : ChipWatcher: the value of status register = 010001111110111100
KIT-1004 : ChipWatcher: the value of status register = 010001001010110011
KIT-1004 : ChipWatcher: the value of status register = 010000111101101011
KIT-1004 : ChipWatcher: the value of status register = 010000101100001000
KIT-1004 : ChipWatcher: the value of status register = 010000011101011101
KIT-1004 : ChipWatcher: the value of status register = 010001001110101010
KIT-1004 : ChipWatcher: the value of status register = 010000100100011111
KIT-1004 : ChipWatcher: the value of status register = 010001111000001010
KIT-1004 : ChipWatcher: the value of status register = 010000100100111010
KIT-1004 : ChipWatcher: the value of status register = 010000010000100111
KIT-1004 : ChipWatcher: the value of status register = 010000101100100011
KIT-1004 : ChipWatcher: the value of status register = 010001111010011101
KIT-1004 : ChipWatcher: the value of status register = 010001100110011110
KIT-1004 : ChipWatcher: the value of status register = 010000100111101001
KIT-1004 : ChipWatcher: the value of status register = 010001110100011100
KIT-1004 : ChipWatcher: the value of status register = 010001001001111101
KIT-1004 : ChipWatcher: the value of status register = 010001011110010000
KIT-1004 : ChipWatcher: the value of status register = 010001101101000101
KIT-1004 : ChipWatcher: the value of status register = 010000101000100100
KIT-1004 : ChipWatcher: the value of status register = 010001111111110001
KIT-1004 : ChipWatcher: the value of status register = 010001110110100000
KIT-1004 : ChipWatcher: the value of status register = 010001110000010111
KIT-1004 : ChipWatcher: the value of status register = 010000111000011101
KIT-1004 : ChipWatcher: the value of status register = 010001111000010010
KIT-1004 : ChipWatcher: the value of status register = 010001000010101011
KIT-1004 : ChipWatcher: the value of status register = 010000110011010101
KIT-1004 : ChipWatcher: the value of status register = 010000111001100011
KIT-1004 : ChipWatcher: the value of status register = 010001010100101101
KIT-1004 : ChipWatcher: the value of status register = 010001100000011101
KIT-1004 : ChipWatcher: the value of status register = 010001000100010110
KIT-1004 : ChipWatcher: the value of status register = 010000100100101101
KIT-1004 : ChipWatcher: the value of status register = 010000000001011001
KIT-1004 : ChipWatcher: the value of status register = 010000101101010011
KIT-1004 : ChipWatcher: the value of status register = 010000111001001101
KIT-1004 : ChipWatcher: the value of status register = 010000111000011001
KIT-1004 : ChipWatcher: the value of status register = 010000101111110110
KIT-1004 : ChipWatcher: the value of status register = 010000001111111011
KIT-1004 : ChipWatcher: the value of status register = 010000001111111101
KIT-1004 : ChipWatcher: the value of status register = 010001011111011000
KIT-1004 : ChipWatcher: the value of status register = 010001000001011101
KIT-1004 : ChipWatcher: the value of status register = 010000110011111111
KIT-1004 : ChipWatcher: the value of status register = 010001110011000011
KIT-1004 : ChipWatcher: the value of status register = 010000001001110011
KIT-1004 : ChipWatcher: the value of status register = 010001001000101001
KIT-1004 : ChipWatcher: the value of status register = 010001110100001101
KIT-1004 : ChipWatcher: the value of status register = 010001100000110001
KIT-1004 : ChipWatcher: the value of status register = 010001101001101011
KIT-1004 : ChipWatcher: the value of status register = 010001000001101001
KIT-1004 : ChipWatcher: the value of status register = 010000100100000111
KIT-1004 : ChipWatcher: the value of status register = 010000101100010111
KIT-1004 : ChipWatcher: the value of status register = 010000001001000001
KIT-1004 : ChipWatcher: the value of status register = 010000011101100010
KIT-1004 : ChipWatcher: the value of status register = 010000011101000000
KIT-1004 : ChipWatcher: the value of status register = 010001001110100111
KIT-1004 : ChipWatcher: the value of status register = 010001011011110101
KIT-1004 : ChipWatcher: the value of status register = 010000011011100011
KIT-1004 : ChipWatcher: the value of status register = 010000110001100010
KIT-1004 : ChipWatcher: the value of status register = 010001100101110101
KIT-1004 : ChipWatcher: the value of status register = 010000011110110001
KIT-1004 : ChipWatcher: the value of status register = 010000000101011001
KIT-1004 : ChipWatcher: the value of status register = 010001100101011111
KIT-1004 : ChipWatcher: the value of status register = 010001000011010001
KIT-1004 : ChipWatcher: the value of status register = 010001011000001101
KIT-1004 : ChipWatcher: the value of status register = 010000000101110001
KIT-1004 : ChipWatcher: the value of status register = 010000011001101101
KIT-1004 : ChipWatcher: the value of status register = 010000000101101101
KIT-1004 : ChipWatcher: the value of status register = 010000001101000011
KIT-1004 : ChipWatcher: the value of status register = 010001000011001000
KIT-1004 : ChipWatcher: the value of status register = 010001101000000101
KIT-1004 : ChipWatcher: the value of status register = 010000011011101110
KIT-1004 : ChipWatcher: the value of status register = 010001101000001000
KIT-1004 : ChipWatcher: the value of status register = 010000100111111011
KIT-1004 : ChipWatcher: the value of status register = 010000010110010110
KIT-1004 : ChipWatcher: the value of status register = 010001010101011000
KIT-1004 : ChipWatcher: the value of status register = 010000000110101110
KIT-1004 : ChipWatcher: the value of status register = 010001011111111110
KIT-1004 : ChipWatcher: the value of status register = 010000111110111011
KIT-1004 : ChipWatcher: the value of status register = 010000011111001001
KIT-1004 : ChipWatcher: the value of status register = 010001110101010101
KIT-1004 : ChipWatcher: the value of status register = 010001000001111101
KIT-1004 : ChipWatcher: the value of status register = 010001100010000010
KIT-1004 : ChipWatcher: the value of status register = 010001100100000111
KIT-1004 : ChipWatcher: the value of status register = 010000001001111100
KIT-1004 : ChipWatcher: the value of status register = 010001101111010111
KIT-1004 : ChipWatcher: the value of status register = 010000010100000011
KIT-1004 : ChipWatcher: the value of status register = 010000101011111001
KIT-1004 : ChipWatcher: the value of status register = 010001000001110101
KIT-1004 : ChipWatcher: the value of status register = 010000101010000101
KIT-1004 : ChipWatcher: the value of status register = 010001100110000011
KIT-1004 : ChipWatcher: the value of status register = 010001000101101001
KIT-1004 : ChipWatcher: the value of status register = 010001110110101101
KIT-1004 : ChipWatcher: the value of status register = 010001101111101001
KIT-1004 : ChipWatcher: the value of status register = 010000101110000101
KIT-1004 : ChipWatcher: the value of status register = 010000100001111001
KIT-1004 : ChipWatcher: the value of status register = 010001011110011010
KIT-1004 : ChipWatcher: the value of status register = 010000111011011011
KIT-1004 : ChipWatcher: the value of status register = 010000010110110011
KIT-1004 : ChipWatcher: the value of status register = 010001011100100111
KIT-1004 : ChipWatcher: the value of status register = 010000011001101110
KIT-1004 : ChipWatcher: the value of status register = 010001101001100001
KIT-1004 : ChipWatcher: the value of status register = 010001011011100011
KIT-1004 : ChipWatcher: the value of status register = 010001101001110111
KIT-1004 : ChipWatcher: the value of status register = 010001010000111110
KIT-1004 : ChipWatcher: the value of status register = 010000000010011110
KIT-1004 : ChipWatcher: the value of status register = 010000101001100001
KIT-1004 : ChipWatcher: the value of status register = 010000001101100111
KIT-1004 : ChipWatcher: the value of status register = 010001010110110110
KIT-1004 : ChipWatcher: the value of status register = 010000001001101101
KIT-1004 : ChipWatcher: the value of status register = 010001111111101001
KIT-1004 : ChipWatcher: the value of status register = 010001100101011111
KIT-1004 : ChipWatcher: the value of status register = 010001110010101011
KIT-1004 : ChipWatcher: the value of status register = 010000010100100011
KIT-1004 : ChipWatcher: the value of status register = 010001101011010001
KIT-1004 : ChipWatcher: the value of status register = 010000010010011001
KIT-1004 : ChipWatcher: the value of status register = 010000010111010111
KIT-1004 : ChipWatcher: the value of status register = 010001110000101011
KIT-1004 : ChipWatcher: the value of status register = 010000111011110001
KIT-1004 : ChipWatcher: the value of status register = 010001011111010011
KIT-1004 : ChipWatcher: the value of status register = 010001100011111111
KIT-1004 : ChipWatcher: the value of status register = 010000000011100001
KIT-1004 : ChipWatcher: the value of status register = 010001011110111010
KIT-1004 : ChipWatcher: the value of status register = 010000001000000100
KIT-1004 : ChipWatcher: the value of status register = 010001101001011110
KIT-1004 : ChipWatcher: the value of status register = 010001000101001110
KIT-1004 : ChipWatcher: the value of status register = 010001010010100110
KIT-1004 : ChipWatcher: the value of status register = 010000010000111111
KIT-1004 : ChipWatcher: the value of status register = 010000010011000101
KIT-1004 : ChipWatcher: the value of status register = 010000000010001111
KIT-1004 : ChipWatcher: the value of status register = 010001100101001100
KIT-1004 : ChipWatcher: the value of status register = 010001101001110010
KIT-1004 : ChipWatcher: the value of status register = 010000100101111011
KIT-1004 : ChipWatcher: the value of status register = 010000110111110101
KIT-1004 : ChipWatcher: the value of status register = 010001111101101111
KIT-1004 : ChipWatcher: the value of status register = 010000000101101000
KIT-1004 : ChipWatcher: the value of status register = 010000000010000101
KIT-1004 : ChipWatcher: the value of status register = 010000101111100010
KIT-1004 : ChipWatcher: the value of status register = 010000101100101100
KIT-1004 : ChipWatcher: the value of status register = 010000100100111111
KIT-1004 : ChipWatcher: the value of status register = 010001111000111001
KIT-1004 : ChipWatcher: the value of status register = 010000000111101100
KIT-1004 : ChipWatcher: the value of status register = 010000000100111011
KIT-1004 : ChipWatcher: the value of status register = 010000000000001001
KIT-1004 : ChipWatcher: the value of status register = 010000101110101001
KIT-1004 : ChipWatcher: the value of status register = 010000011111101011
KIT-1004 : ChipWatcher: the value of status register = 010000111111101011
KIT-1004 : ChipWatcher: the value of status register = 010001100000000101
KIT-1004 : ChipWatcher: the value of status register = 010001000010011101
KIT-1004 : ChipWatcher: the value of status register = 010001010001011101
KIT-1004 : ChipWatcher: the value of status register = 010001011011001101
KIT-1004 : ChipWatcher: the value of status register = 010001010001010011
KIT-1004 : ChipWatcher: the value of status register = 010000100111000100
KIT-1004 : ChipWatcher: the value of status register = 010000111011000101
KIT-1004 : ChipWatcher: the value of status register = 010001111100011100
KIT-1004 : ChipWatcher: the value of status register = 010000001011010101
KIT-1004 : ChipWatcher: the value of status register = 010000110001110111
KIT-1004 : ChipWatcher: the value of status register = 010000011101111101
KIT-1004 : ChipWatcher: the value of status register = 010001110000100101
KIT-1004 : ChipWatcher: the value of status register = 010001000110000000
KIT-1004 : ChipWatcher: the value of status register = 010001110101000010
KIT-1004 : ChipWatcher: the value of status register = 010000010110110111
KIT-1004 : ChipWatcher: the value of status register = 010001001101001011
KIT-1004 : ChipWatcher: the value of status register = 010000101011001001
KIT-1004 : ChipWatcher: the value of status register = 010000101011011001
KIT-1004 : ChipWatcher: the value of status register = 010000000001010101
KIT-1004 : ChipWatcher: the value of status register = 010000110101101100
KIT-1004 : ChipWatcher: the value of status register = 010000111010011011
KIT-1004 : ChipWatcher: the value of status register = 010001010001011111
KIT-1004 : ChipWatcher: the value of status register = 010000110011111001
KIT-1004 : ChipWatcher: the value of status register = 010001011001100011
KIT-1004 : ChipWatcher: the value of status register = 010000100101110001
KIT-1004 : ChipWatcher: the value of status register = 010000101010010100
KIT-1004 : ChipWatcher: the value of status register = 010001110110111100
KIT-1004 : ChipWatcher: the value of status register = 010000110000101001
KIT-1004 : ChipWatcher: the value of status register = 010000110111100101
KIT-1004 : ChipWatcher: the value of status register = 010001111000111101
KIT-1004 : ChipWatcher: the value of status register = 010000000100010011
KIT-1004 : ChipWatcher: the value of status register = 010000101011010000
KIT-1004 : ChipWatcher: the value of status register = 010000011010111011
KIT-1004 : ChipWatcher: the value of status register = 010001101100100101
KIT-1004 : ChipWatcher: the value of status register = 010000110111010101
KIT-1004 : ChipWatcher: the value of status register = 010001011010100011
KIT-1004 : ChipWatcher: the value of status register = 010001000010100101
KIT-1004 : ChipWatcher: the value of status register = 010001101111000001
KIT-1004 : ChipWatcher: the value of status register = 010001000000010111
KIT-1004 : ChipWatcher: the value of status register = 010001100000001010
KIT-1004 : ChipWatcher: the value of status register = 010000110111111010
KIT-1004 : ChipWatcher: the value of status register = 010001011110111011
KIT-1004 : ChipWatcher: the value of status register = 010001111011011101
KIT-1004 : ChipWatcher: the value of status register = 010000110010100110
KIT-1004 : ChipWatcher: the value of status register = 010000010010001001
KIT-1004 : ChipWatcher: the value of status register = 010000001000110011
KIT-1004 : ChipWatcher: the value of status register = 010000100001001111
KIT-1004 : ChipWatcher: the value of status register = 010000000101101111
KIT-1004 : ChipWatcher: the value of status register = 010001001111011101
KIT-1004 : ChipWatcher: the value of status register = 010001001101011111
KIT-1004 : ChipWatcher: the value of status register = 010001101101010111
KIT-1004 : ChipWatcher: the value of status register = 010001110100111111
KIT-1004 : ChipWatcher: the value of status register = 010000010100001101
KIT-1004 : ChipWatcher: the value of status register = 010000010000110111
KIT-1004 : ChipWatcher: the value of status register = 010001101000011001
KIT-1004 : ChipWatcher: the value of status register = 010001101100011011
KIT-1004 : ChipWatcher: the value of status register = 010001010010010101
KIT-1004 : ChipWatcher: the value of status register = 010001111100100011
KIT-1004 : ChipWatcher: the value of status register = 010001111011001100
KIT-1004 : ChipWatcher: the value of status register = 010001101110000001
KIT-1004 : ChipWatcher: the value of status register = 010000011110011110
KIT-1004 : ChipWatcher: the value of status register = 010000011000101011
KIT-1004 : ChipWatcher: the value of status register = 010000010110001011
KIT-1004 : ChipWatcher: the value of status register = 010000100101011000
KIT-1004 : ChipWatcher: the value of status register = 010000110011100111
KIT-1004 : ChipWatcher: the value of status register = 010000110010011111
KIT-1004 : ChipWatcher: the value of status register = 010000111100000011
KIT-1004 : ChipWatcher: the value of status register = 010000111100001101
KIT-1004 : ChipWatcher: the value of status register = 010000101111011011
KIT-1004 : ChipWatcher: the value of status register = 010001100110000111
KIT-1004 : ChipWatcher: the value of status register = 010001111011111011
KIT-1004 : ChipWatcher: the value of status register = 010000000011000110
KIT-1004 : ChipWatcher: the value of status register = 010000110001000011
KIT-1004 : ChipWatcher: the value of status register = 010000001011010001
KIT-1004 : ChipWatcher: the value of status register = 010001001100101111
KIT-1004 : ChipWatcher: the value of status register = 010000011101000000
KIT-1004 : ChipWatcher: the value of status register = 010000001001010001
KIT-1004 : ChipWatcher: the value of status register = 010000001010000111
KIT-1004 : ChipWatcher: the value of status register = 010001010011101011
KIT-1004 : ChipWatcher: the value of status register = 010000100011101100
KIT-1004 : ChipWatcher: the value of status register = 010000010101111101
KIT-1004 : ChipWatcher: the value of status register = 010001011010110100
KIT-1004 : ChipWatcher: the value of status register = 010000100100111001
KIT-1004 : ChipWatcher: the value of status register = 010001101001111001
KIT-1004 : ChipWatcher: the value of status register = 010001100011010011
KIT-1004 : ChipWatcher: the value of status register = 010001100101110111
KIT-1004 : ChipWatcher: the value of status register = 010001111110111011
KIT-1004 : ChipWatcher: the value of status register = 010001011010001011
KIT-1004 : ChipWatcher: the value of status register = 010000010010111011
KIT-1004 : ChipWatcher: the value of status register = 010000001000010010
KIT-1004 : ChipWatcher: the value of status register = 010001010001101011
KIT-1004 : ChipWatcher: the value of status register = 010000100010011101
KIT-1004 : ChipWatcher: the value of status register = 010000110010010111
KIT-1004 : ChipWatcher: the value of status register = 010000001101000111
KIT-1004 : ChipWatcher: the value of status register = 010000100000000111
KIT-1004 : ChipWatcher: the value of status register = 010000010011100000
KIT-1004 : ChipWatcher: the value of status register = 010001011100100011
KIT-1004 : ChipWatcher: the value of status register = 010001000010101011
KIT-1004 : ChipWatcher: the value of status register = 010001001101011111
KIT-1004 : ChipWatcher: the value of status register = 010000111011001011
KIT-1004 : ChipWatcher: the value of status register = 010001011110100001
KIT-1004 : ChipWatcher: the value of status register = 010001101101100111
KIT-1004 : ChipWatcher: the value of status register = 010000000010000111
KIT-1004 : ChipWatcher: the value of status register = 010001111010101101
KIT-1004 : ChipWatcher: the value of status register = 010000000001100101
KIT-1004 : ChipWatcher: the value of status register = 010001111011001101
KIT-1004 : ChipWatcher: the value of status register = 010000111101011011
KIT-1004 : ChipWatcher: the value of status register = 010000001100111001
KIT-1004 : ChipWatcher: the value of status register = 010000111110010011
KIT-1004 : ChipWatcher: the value of status register = 010001111100111101
KIT-1004 : ChipWatcher: the value of status register = 010001001010110101
KIT-1004 : ChipWatcher: the value of status register = 010001010100101001
KIT-1004 : ChipWatcher: the value of status register = 010000110100010101
KIT-1004 : ChipWatcher: the value of status register = 010000111101111001
KIT-1004 : ChipWatcher: the value of status register = 010001100000011011
KIT-1004 : ChipWatcher: the value of status register = 010000101001010001
KIT-1004 : ChipWatcher: the value of status register = 010000111110101111
KIT-1004 : ChipWatcher: the value of status register = 010000011001110110
KIT-1004 : ChipWatcher: the value of status register = 010000101010001111
KIT-1004 : ChipWatcher: the value of status register = 010001111011000101
KIT-1004 : ChipWatcher: the value of status register = 010000011110101111
KIT-1004 : ChipWatcher: the value of status register = 010000100001110101
KIT-1004 : ChipWatcher: the value of status register = 010000111001101001
KIT-1004 : ChipWatcher: the value of status register = 010000001001000101
KIT-1004 : ChipWatcher: the value of status register = 010001101110000011
KIT-1004 : ChipWatcher: the value of status register = 010001011000101101
KIT-1004 : ChipWatcher: the value of status register = 010000000001100011
KIT-1004 : ChipWatcher: the value of status register = 010000101111101001
KIT-1004 : ChipWatcher: the value of status register = 010000000111111011
KIT-1004 : ChipWatcher: the value of status register = 010000110011111011
KIT-1004 : ChipWatcher: the value of status register = 010001010001110101
KIT-1004 : ChipWatcher: the value of status register = 010000000101100000
KIT-1004 : ChipWatcher: the value of status register = 010000011010001010
KIT-1004 : ChipWatcher: the value of status register = 010001100101101101
KIT-1004 : ChipWatcher: the value of status register = 010000001011010010
KIT-1004 : ChipWatcher: the value of status register = 010001000100110001
KIT-1004 : ChipWatcher: the value of status register = 010000000010111110
KIT-1004 : ChipWatcher: the value of status register = 010000000111101111
KIT-1004 : ChipWatcher: the value of status register = 010001100011111111
KIT-1004 : ChipWatcher: the value of status register = 010000000000110111
KIT-1004 : ChipWatcher: the value of status register = 010000001110001001
KIT-1004 : ChipWatcher: the value of status register = 010000010001111101
KIT-1004 : ChipWatcher: the value of status register = 010001001010010101
KIT-1004 : ChipWatcher: the value of status register = 010000000000010011
KIT-1004 : ChipWatcher: the value of status register = 010000011010011001
KIT-1004 : ChipWatcher: the value of status register = 010000101000110011
KIT-1004 : ChipWatcher: the value of status register = 010001101100000011
KIT-1004 : ChipWatcher: the value of status register = 010001001101110011
KIT-1004 : ChipWatcher: the value of status register = 010001110000000011
KIT-1004 : ChipWatcher: the value of status register = 010000001001110111
KIT-1004 : ChipWatcher: the value of status register = 010000000001101011
KIT-1004 : ChipWatcher: the value of status register = 010001000010011001
KIT-1004 : ChipWatcher: the value of status register = 010001001100011111
KIT-1004 : ChipWatcher: the value of status register = 010000011101100100
KIT-1004 : ChipWatcher: the value of status register = 010000101010011100
KIT-1004 : ChipWatcher: the value of status register = 010000010101000111
KIT-1004 : ChipWatcher: the value of status register = 010001111011010100
KIT-1004 : ChipWatcher: the value of status register = 010000010010101111
KIT-1004 : ChipWatcher: the value of status register = 010001110011111111
KIT-1004 : ChipWatcher: the value of status register = 010000010010101111
KIT-1004 : ChipWatcher: the value of status register = 010000010101010111
KIT-1004 : ChipWatcher: the value of status register = 010000110110011001
KIT-1004 : ChipWatcher: the value of status register = 010001000001010100
KIT-1004 : ChipWatcher: the value of status register = 010000100011001000
KIT-1004 : ChipWatcher: the value of status register = 010000100111101011
KIT-1004 : ChipWatcher: the value of status register = 010000001111011111
KIT-1004 : ChipWatcher: the value of status register = 010001010111010101
KIT-1004 : ChipWatcher: the value of status register = 010001110110010011
KIT-1004 : ChipWatcher: the value of status register = 010001111000010101
KIT-1004 : ChipWatcher: the value of status register = 010000000001110001
KIT-1004 : ChipWatcher: the value of status register = 010001001111010110
KIT-1004 : ChipWatcher: the value of status register = 010000100111110101
KIT-1004 : ChipWatcher: the value of status register = 010001110111011001
KIT-1004 : ChipWatcher: the value of status register = 010000000001100111
KIT-1004 : ChipWatcher: the value of status register = 010001110100110011
KIT-1004 : ChipWatcher: the value of status register = 010000001011111011
KIT-1004 : ChipWatcher: the value of status register = 010001101011001010
KIT-1004 : ChipWatcher: the value of status register = 010001101011011101
KIT-1004 : ChipWatcher: the value of status register = 010000001111111111
KIT-1004 : ChipWatcher: the value of status register = 010001000110111011
KIT-1004 : ChipWatcher: the value of status register = 010000100000110001
KIT-1004 : ChipWatcher: the value of status register = 010000011100001011
KIT-1004 : ChipWatcher: the value of status register = 010000010011001111
KIT-1004 : ChipWatcher: the value of status register = 010001011101001110
KIT-1004 : ChipWatcher: the value of status register = 010001110001101111
KIT-1004 : ChipWatcher: the value of status register = 010000010111101101
KIT-1004 : ChipWatcher: the value of status register = 010000100110001011
KIT-1004 : ChipWatcher: the value of status register = 010000000101110111
KIT-1004 : ChipWatcher: the value of status register = 010000001111111001
KIT-1004 : ChipWatcher: the value of status register = 010000011111111011
KIT-1004 : ChipWatcher: the value of status register = 010000000001100000
KIT-1004 : ChipWatcher: the value of status register = 010000111000101100
KIT-1004 : ChipWatcher: the value of status register = 010001101101100111
KIT-1004 : ChipWatcher: the value of status register = 010001111001100001
KIT-1004 : ChipWatcher: the value of status register = 010000011011000001
KIT-1004 : ChipWatcher: the value of status register = 010000100001100000
KIT-1004 : ChipWatcher: the value of status register = 010000111111111111
KIT-1004 : ChipWatcher: the value of status register = 010000011010001101
KIT-1004 : ChipWatcher: the value of status register = 010001011101000100
KIT-1004 : ChipWatcher: the value of status register = 010001101111100111
KIT-1004 : ChipWatcher: the value of status register = 010001000110001111
KIT-1004 : ChipWatcher: the value of status register = 010001000010110011
KIT-1004 : ChipWatcher: the value of status register = 010000101110001100
KIT-1004 : ChipWatcher: the value of status register = 010000111110101001
KIT-1004 : ChipWatcher: the value of status register = 010000111010011011
KIT-1004 : ChipWatcher: the value of status register = 010001001110010111
KIT-1004 : ChipWatcher: the value of status register = 010000100110100001
KIT-1004 : ChipWatcher: the value of status register = 010000101101101011
KIT-1004 : ChipWatcher: the value of status register = 010000101001001110
KIT-1004 : ChipWatcher: the value of status register = 010001110100000001
KIT-1004 : ChipWatcher: the value of status register = 010000110011100101
KIT-1004 : ChipWatcher: the value of status register = 010000011010110011
KIT-1004 : ChipWatcher: the value of status register = 010000010010111101
KIT-1004 : ChipWatcher: the value of status register = 010000010101000111
KIT-1004 : ChipWatcher: the value of status register = 010000100010001111
KIT-1004 : ChipWatcher: the value of status register = 010001011111100011
KIT-1004 : ChipWatcher: the value of status register = 010001101111101001
KIT-1004 : ChipWatcher: the value of status register = 010000011000110111
KIT-1004 : ChipWatcher: the value of status register = 010000010100010011
KIT-1004 : ChipWatcher: the value of status register = 010001010000101111
KIT-1004 : ChipWatcher: the value of status register = 010001110110101001
KIT-1004 : ChipWatcher: the value of status register = 010001111010100000
KIT-1004 : ChipWatcher: the value of status register = 010000111111001111
KIT-1004 : ChipWatcher: the value of status register = 010001010001001010
KIT-1004 : ChipWatcher: the value of status register = 010000111001000101
KIT-1004 : ChipWatcher: the value of status register = 010000110110010001
KIT-1004 : ChipWatcher: the value of status register = 010001101110100101
KIT-1004 : ChipWatcher: the value of status register = 010001110100111011
KIT-1004 : ChipWatcher: the value of status register = 010000011011111110
KIT-1004 : ChipWatcher: the value of status register = 010000100001101011
KIT-1004 : ChipWatcher: the value of status register = 010000101110101011
KIT-1004 : ChipWatcher: the value of status register = 010001100101100111
KIT-1004 : ChipWatcher: the value of status register = 010001010100010010
KIT-1004 : ChipWatcher: the value of status register = 010001011010001110
KIT-1004 : ChipWatcher: the value of status register = 010001011011011111
KIT-1004 : ChipWatcher: the value of status register = 010001001110101101
KIT-1004 : ChipWatcher: the value of status register = 010000011101111101
KIT-1004 : ChipWatcher: the value of status register = 010000010101010011
KIT-1004 : ChipWatcher: the value of status register = 010001011101011011
KIT-1004 : ChipWatcher: the value of status register = 010000000101010001
KIT-1004 : ChipWatcher: the value of status register = 010000011000111101
KIT-1004 : ChipWatcher: the value of status register = 010001000110010010
KIT-1004 : ChipWatcher: the value of status register = 010000011011011101
KIT-1004 : ChipWatcher: the value of status register = 010000100001000000
KIT-1004 : ChipWatcher: the value of status register = 010000100111000011
KIT-1004 : ChipWatcher: the value of status register = 010001100011011100
KIT-1004 : ChipWatcher: the value of status register = 010000001011000111
KIT-1004 : ChipWatcher: the value of status register = 010000011110110111
KIT-1004 : ChipWatcher: the value of status register = 010000110010111000
KIT-1004 : ChipWatcher: the value of status register = 010000111100000111
KIT-1004 : ChipWatcher: the value of status register = 010001101101101000
KIT-1004 : ChipWatcher: the value of status register = 010000000001000010
KIT-1004 : ChipWatcher: the value of status register = 010000001011000010
KIT-1004 : ChipWatcher: the value of status register = 010001100100000011
KIT-1004 : ChipWatcher: the value of status register = 010000011010110111
KIT-1004 : ChipWatcher: the value of status register = 010001110000110101
KIT-1004 : ChipWatcher: the value of status register = 010001010010010101
KIT-1004 : ChipWatcher: the value of status register = 010001110111100101
KIT-1004 : ChipWatcher: the value of status register = 010000011101100111
KIT-1004 : ChipWatcher: the value of status register = 010000101001000100
KIT-1004 : ChipWatcher: the value of status register = 010001011001000101
KIT-1004 : ChipWatcher: the value of status register = 010000111001111001
KIT-1004 : ChipWatcher: the value of status register = 010000110100001010
KIT-1004 : ChipWatcher: the value of status register = 010000100101011011
KIT-1004 : ChipWatcher: the value of status register = 010000111000011111
KIT-1004 : ChipWatcher: the value of status register = 010000011111111101
PRG-9505 ERROR: USB device open error, please re-connect the USB cable!
KIT-8424 ERROR: ChipWatcher: read status reg failed.
PRG-9505 ERROR: USB device open error, please re-connect the USB cable!
KIT-8424 ERROR: ChipWatcher: read status reg failed.
PRG-9505 ERROR: USB device open error, please re-connect the USB cable!
KIT-8424 ERROR: ChipWatcher: read status reg failed.
KIT-8424 ERROR: ChipWatcher: read status reg failed.
KIT-8424 ERROR: ChipWatcher: read status reg failed.
KIT-8424 ERROR: ChipWatcher: read status reg failed.
KIT-8424 ERROR: ChipWatcher: read status reg failed.
KIT-8424 ERROR: ChipWatcher: read status reg failed.
KIT-8424 ERROR: ChipWatcher: read status reg failed.
KIT-8424 ERROR: ChipWatcher: read status reg failed.
KIT-8424 ERROR: ChipWatcher: read status reg failed.
KIT-8424 ERROR: ChipWatcher: read status reg failed.
KIT-8424 ERROR: ChipWatcher: read status reg failed.
KIT-8424 ERROR: ChipWatcher: read status reg failed.
KIT-8424 ERROR: ChipWatcher: read status reg failed.
KIT-8424 ERROR: ChipWatcher: read status reg failed.
KIT-8424 ERROR: ChipWatcher: read status reg failed.
KIT-8424 ERROR: ChipWatcher: read status reg failed.
KIT-8424 ERROR: ChipWatcher: read status reg failed.
KIT-8424 ERROR: ChipWatcher: read status reg failed.
KIT-8424 ERROR: ChipWatcher: read status reg failed.
KIT-8424 ERROR: ChipWatcher: read status reg failed.
KIT-8424 ERROR: ChipWatcher: read status reg failed.
KIT-8424 ERROR: ChipWatcher: read status reg failed.
KIT-8424 ERROR: ChipWatcher: read status reg failed.
KIT-8424 ERROR: ChipWatcher: read status reg failed.
KIT-8424 ERROR: ChipWatcher: read status reg failed.
KIT-8424 ERROR: ChipWatcher: read status reg failed.
KIT-8424 ERROR: ChipWatcher: read status reg failed.
KIT-8424 ERROR: ChipWatcher: read status reg failed.
KIT-8424 ERROR: ChipWatcher: read status reg failed.
KIT-8424 ERROR: ChipWatcher: read status reg failed.
KIT-8424 ERROR: ChipWatcher: read status reg failed.
KIT-8424 ERROR: ChipWatcher: read status reg failed.
KIT-8424 ERROR: ChipWatcher: read status reg failed.
KIT-8424 ERROR: ChipWatcher: read status reg failed.
KIT-8424 ERROR: ChipWatcher: read status reg failed.
KIT-8424 ERROR: ChipWatcher: read status reg failed.
KIT-8424 ERROR: ChipWatcher: read status reg failed.
KIT-8424 ERROR: ChipWatcher: read status reg failed.
KIT-8424 ERROR: ChipWatcher: read status reg failed.
KIT-8424 ERROR: ChipWatcher: read status reg failed.
KIT-8424 ERROR: ChipWatcher: read status reg failed.
KIT-8424 ERROR: ChipWatcher: read status reg failed.
KIT-8424 ERROR: ChipWatcher: read status reg failed.
KIT-8424 ERROR: ChipWatcher: read status reg failed.
KIT-1004 : ChipWatcher: write ctrl reg value: 01101111000001011100011111111100000000011011111111000000000110111111110000000000100000000000000000110000
KIT-8424 ERROR: ChipWatcher: read status reg failed.
HDL-1007 : analyze verilog file ../Src/top.v
HDL-1007 : undeclared symbol 'valid', assumed default net type 'wire' in ../Src/top.v(47)
HDL-1007 : undeclared symbol 'data_vld', assumed default net type 'wire' in ../Src/top.v(58)
HDL-1007 : undeclared symbol 'adc_en', assumed default net type 'wire' in ../Src/top.v(68)
HDL-1007 : undeclared symbol 'data_en', assumed default net type 'wire' in ../Src/top.v(75)
HDL-1007 : undeclared symbol 'fifo_working', assumed default net type 'wire' in ../Src/top.v(92)
HDL-1007 : undeclared symbol 'key', assumed default net type 'wire' in ../Src/top.v(102)
HDL-1007 : undeclared symbol 'condition', assumed default net type 'wire' in ../Src/top.v(106)
HDL-1007 : analyze verilog file ../Src/top.v
HDL-1007 : undeclared symbol 'valid', assumed default net type 'wire' in ../Src/top.v(61)
HDL-1007 : undeclared symbol 'data_vld', assumed default net type 'wire' in ../Src/top.v(72)
HDL-1007 : undeclared symbol 'adc_en', assumed default net type 'wire' in ../Src/top.v(82)
HDL-1007 : undeclared symbol 'data_en', assumed default net type 'wire' in ../Src/top.v(89)
HDL-1007 : undeclared symbol 'fifo_working', assumed default net type 'wire' in ../Src/top.v(106)
HDL-1007 : undeclared symbol 'key', assumed default net type 'wire' in ../Src/top.v(116)
HDL-1007 : undeclared symbol 'condition', assumed default net type 'wire' in ../Src/top.v(120)
HDL-1007 : analyze verilog file ../Src/top.v
HDL-1007 : undeclared symbol 'valid', assumed default net type 'wire' in ../Src/top.v(61)
HDL-1007 : undeclared symbol 'data_vld', assumed default net type 'wire' in ../Src/top.v(72)
HDL-1007 : undeclared symbol 'adc_en', assumed default net type 'wire' in ../Src/top.v(82)
HDL-1007 : undeclared symbol 'data_en', assumed default net type 'wire' in ../Src/top.v(89)
HDL-1007 : undeclared symbol 'fifo_working', assumed default net type 'wire' in ../Src/top.v(106)
HDL-1007 : undeclared symbol 'key', assumed default net type 'wire' in ../Src/top.v(116)
HDL-1007 : undeclared symbol 'condition', assumed default net type 'wire' in ../Src/top.v(120)
HDL-1007 : analyze verilog file ../Src/top.v
HDL-1007 : undeclared symbol 'valid', assumed default net type 'wire' in ../Src/top.v(61)
HDL-1007 : undeclared symbol 'data_vld', assumed default net type 'wire' in ../Src/top.v(72)
HDL-1007 : undeclared symbol 'adc_en', assumed default net type 'wire' in ../Src/top.v(82)
HDL-1007 : undeclared symbol 'data_en', assumed default net type 'wire' in ../Src/top.v(89)
HDL-1007 : undeclared symbol 'fifo_working', assumed default net type 'wire' in ../Src/top.v(106)
HDL-1007 : undeclared symbol 'key', assumed default net type 'wire' in ../Src/top.v(116)
HDL-1007 : undeclared symbol 'condition', assumed default net type 'wire' in ../Src/top.v(120)
RUN-1001 : reset_run syn_1 phy_1.
RUN-1001 : launch_runs syn_1 phy_1  -jobs 6.
RUN-1001 : syn_1: run complete.
RUN-6001 WARNING: phy_1: run failed.
RUN-1001 : open_run syn_1.
RUN-1002 : start command "import_db G:/wangjiaqi/Prj/adc_Runs/syn_1/adc_gate.db"
RUN-1001 : Importing database generated by Tang Dynasty, V5.6.56362.
RUN-1001 : Database version number 46140.
RUN-1001 : Import flow parameters
RUN-1001 : Import timing constraints
RUN-1001 : Import IO constraints
RUN-1001 : Import Inst constraints
RUN-1001 : Import design success TD_VERSION=5.6.56362 , DB_VERSION=46140
RUN-1002 : start command "report_timing -mode ideal"
RUN-1002 : start command "start_timer"
RUN-1002 : start command "end_timer"
GUI-1001 : User closes ChipWatcher ...
SymInit: Symbol-SearchPath: '.;G:\wangjiaqi\Prj;C:\Anlogic\TD5.6.56362\bin;C:\WINDOWS;C:\WINDOWS\system32;SRV*C:\websymbols*https://msdl.microsoft.com/download/symbols;', symOptions: 530, UserName: 'shaka'

OS-Version: 6.2.9200 () 0x300-0x1

ERROR: SymGetSymFromAddr64, GetLastError: 487 (Address: 00007FF6FEA7BFE2)

ERROR: SymGetLineFromAddr64, GetLastError: 487 (Address: 00007FF6FEA7BFE2)

00007FF6FEA7BFE2 (td): (filename not available): (function-name not available)

ERROR: SymGetSymFromAddr64, GetLastError: 487 (Address: 00007FF6FEA7AE6E)

ERROR: SymGetLineFromAddr64, GetLastError: 487 (Address: 00007FF6FEA7AE6E)

00007FF6FEA7AE6E (td): (filename not available): (function-name not available)

ERROR: SymGetSymFromAddr64, GetLastError: 487 (Address: 00007FF70153B536)

ERROR: SymGetLineFromAddr64, GetLastError: 487 (Address: 00007FF70153B536)

00007FF70153B536 (td): (filename not available): (function-name not available)

ERROR: SymGetSymFromAddr64, GetLastError: 487 (Address: 00007FF701AB1A4D)

ERROR: SymGetLineFromAddr64, GetLastError: 487 (Address: 00007FF701AB1A4D)

00007FF701AB1A4D (td): (filename not available): (function-name not available)

ERROR: SymGetSymFromAddr64, GetLastError: 487 (Address: 00007FF70150CB58)

ERROR: SymGetLineFromAddr64, GetLastError: 487 (Address: 00007FF70150CB58)

00007FF70150CB58 (td): (filename not available): (function-name not available)

ERROR: SymGetLineFromAddr64, GetLastError: 487 (Address: 00007FFA96C93EAF)

00007FFA96C93EAF (ntdll): (filename not available): _chkstk

ERROR: SymGetLineFromAddr64, GetLastError: 487 (Address: 00007FFA96C0EAE6)

00007FFA96C0EAE6 (ntdll): (filename not available): RtlFindCharInUnicodeString

ERROR: SymGetLineFromAddr64, GetLastError: 487 (Address: 00007FFA96C92E9E)

00007FFA96C92E9E (ntdll): (filename not available): KiUserExceptionDispatcher

ERROR: SymGetSymFromAddr64, GetLastError: 487 (Address: 00007FF6FF5D124C)

ERROR: SymGetLineFromAddr64, GetLastError: 487 (Address: 00007FF6FF5D124C)

00007FF6FF5D124C (td): (filename not available): (function-name not available)

ERROR: SymGetSymFromAddr64, GetLastError: 487 (Address: 00007FF6FED6A4AE)

ERROR: SymGetLineFromAddr64, GetLastError: 487 (Address: 00007FF6FED6A4AE)

00007FF6FED6A4AE (td): (filename not available): (function-name not available)

ERROR: SymGetSymFromAddr64, GetLastError: 487 (Address: 00007FF6FED9CC74)

ERROR: SymGetLineFromAddr64, GetLastError: 487 (Address: 00007FF6FED9CC74)

00007FF6FED9CC74 (td): (filename not available): (function-name not available)

ERROR: SymGetLineFromAddr64, GetLastError: 487 (Address: 00007FFA3B60FBC2)

00007FFA3B60FBC2 (Qt5Core): (filename not available): QObject::event

ERROR: SymGetLineFromAddr64, GetLastError: 487 (Address: 00007FFA173AF826)

00007FFA173AF826 (Qt5Widgets): (filename not available): QWidget::event

ERROR: SymGetLineFromAddr64, GetLastError: 487 (Address: 00007FFA1738909D)

00007FFA1738909D (Qt5Widgets): (filename not available): QApplicationPrivate::notify_helper

ERROR: SymGetLineFromAddr64, GetLastError: 487 (Address: 00007FFA17388037)

00007FFA17388037 (Qt5Widgets): (filename not available): QApplication::notify

ERROR: SymGetLineFromAddr64, GetLastError: 487 (Address: 00007FFA3B5E9439)

00007FFA3B5E9439 (Qt5Core): (filename not available): QCoreApplication::notifyInternal2

ERROR: SymGetLineFromAddr64, GetLastError: 487 (Address: 00007FFA3B5EB2E8)

00007FFA3B5EB2E8 (Qt5Core): (filename not available): QCoreApplicationPrivate::sendPostedEvents

ERROR: SymGetLineFromAddr64, GetLastError: 487 (Address: 00007FFA7F94335F)

00007FFA7F94335F (qwindows): (filename not available): qt_plugin_query_metadata

ERROR: SymGetLineFromAddr64, GetLastError: 487 (Address: 00007FFA3B633AF9)

00007FFA3B633AF9 (Qt5Core): (filename not available): QEventDispatcherWin32::processEvents

ERROR: SymGetLineFromAddr64, GetLastError: 487 (Address: 00007FFA96938281)

00007FFA96938281 (USER32): (filename not available): DispatchMessageW

ERROR: SymGetLineFromAddr64, GetLastError: 487 (Address: 00007FFA96937D41)

00007FFA96937D41 (USER32): (filename not available): DispatchMessageW

ERROR: SymGetLineFromAddr64, GetLastError: 487 (Address: 00007FFA3B6332EB)

00007FFA3B6332EB (Qt5Core): (filename not available): QEventDispatcherWin32::processEvents

ERROR: SymGetLineFromAddr64, GetLastError: 487 (Address: 00007FFA7F943339)

00007FFA7F943339 (qwindows): (filename not available): qt_plugin_query_metadata

ERROR: SymGetLineFromAddr64, GetLastError: 487 (Address: 00007FFA3B5E578B)

00007FFA3B5E578B (Qt5Core): (filename not available): QEventLoop::exec

ERROR: SymGetLineFromAddr64, GetLastError: 487 (Address: 00007FFA3B5E837E)

00007FFA3B5E837E (Qt5Core): (filename not available): QCoreApplication::exec

ERROR: SymGetSymFromAddr64, GetLastError: 487 (Address: 00007FF6FEA7522F)

ERROR: SymGetLineFromAddr64, GetLastError: 487 (Address: 00007FF6FEA7522F)

00007FF6FEA7522F (td): (filename not available): (function-name not available)

ERROR: SymGetSymFromAddr64, GetLastError: 487 (Address: 00007FF6FEA74B19)

ERROR: SymGetLineFromAddr64, GetLastError: 487 (Address: 00007FF6FEA74B19)

00007FF6FEA74B19 (td): (filename not available): (function-name not available)

ERROR: SymGetSymFromAddr64, GetLastError: 487 (Address: 00007FF70150A6DA)

ERROR: SymGetLineFromAddr64, GetLastError: 487 (Address: 00007FF70150A6DA)

00007FF70150A6DA (td): (filename not available): (function-name not available)

ERROR: SymGetLineFromAddr64, GetLastError: 487 (Address: 00007FFA963526BD)

00007FFA963526BD (KERNEL32): (filename not available): BaseThreadInitThunk

ERROR: SymGetLineFromAddr64, GetLastError: 487 (Address: 00007FFA96C4DFB8)

00007FFA96C4DFB8 (ntdll): (filename not available): RtlUserThreadStart

