============================================================
   Tang Dynasty, V5.6.55365
   Copyright (c) 2012-2022 Anlogic
   Executable = C:/Anlogic/TD5.6.55365/bin/td.exe
   Built at =   15:38:32 Jul 11 2022
   Run by =     shaka
   Run Date =   Thu Mar 16 10:54:29 2023

   Run on =     BR007
============================================================
RUN-1001 : open_run syn_1.
RUN-1002 : start command "import_db G:/wangjiaqi/Prj/adc_Runs/syn_1/adc_rtl.db"
RUN-1001 : Importing database generated by Tang Dynasty, V5.6.69102.
RUN-1001 : Database version number 46146.
RUN-8012 ERROR: Failed to import database; current release supports database version up to 46140.
RUN-8001 ERROR: Open run error: cannot import db file G:/wangjiaqi/Prj/adc_Runs/syn_1/adc_rtl.db
RUN-1002 : start command "report_timing"
RUN-1002 : start command "start_timer"
TMR-8003 ERROR: Please import a netlist at first.
RUN-1001 : Print Global Property
RUN-1001 : ---------------------------------------------------------------
RUN-1001 :        Parameters        |  Settings  |  Default Values  |  Note  
RUN-1001 : ---------------------------------------------------------------
RUN-1001 :          message         |  standard  |     standard     |        
RUN-1001 :   mixed_pack_place_flow  |     on     |        on        |        
RUN-1001 :        syn_ip_flow       |    off     |       off        |        
RUN-1001 :          thread          |    auto    |       auto       |        
RUN-1001 : ---------------------------------------------------------------
RUN-1001 : Print Design Property
RUN-1001 : --------------------------------------------------------------
RUN-1001 :        Parameters       |  Settings  |  Default Values  |  Note  
RUN-1001 : --------------------------------------------------------------
RUN-1001 :   default_reg_initial   |    auto    |       auto       |        
RUN-1001 :        infer_add        |     on     |        on        |        
RUN-1001 :        infer_fsm        |    off     |       off        |        
RUN-1001 :        infer_mult       |     on     |        on        |        
RUN-1001 :        infer_ram        |     on     |        on        |        
RUN-1001 :        infer_reg        |     on     |        on        |        
RUN-1001 :   infer_reg_init_value  |     on     |        on        |        
RUN-1001 :        infer_rom        |     on     |        on        |        
RUN-1001 :      infer_shifter      |     on     |        on        |        
RUN-1001 : --------------------------------------------------------------
RUN-1001 : Print Rtl Property
RUN-1001 : --------------------------------------------------------------
RUN-1001 :        Parameters       |  Settings  |  Default Values  |  Note  
RUN-1001 : --------------------------------------------------------------
RUN-1001 :       compress_add      |   ripple   |      ripple      |        
RUN-1001 :        elf_sload        |    off     |       off        |        
RUN-1001 :       fix_undriven      |     0      |        0         |        
RUN-1001 :         flatten         |    off     |       off        |        
RUN-1001 :       gate_sharing      |     on     |        on        |        
RUN-1001 :    hdl_warning_level    |   normal   |      normal      |        
RUN-1001 :   impl_internal_tribuf  |     on     |        on        |        
RUN-1001 :      impl_set_reset     |     on     |        on        |        
RUN-1001 :        infer_gsr        |    off     |       off        |        
RUN-1001 :      keep_hierarchy     |    auto    |       auto       |        
RUN-1001 :        max_fanout       |    9999    |       9999       |        
RUN-1001 :      max_oh2bin_len     |     10     |        10        |        
RUN-1001 :       merge_equal       |     on     |        on        |        
RUN-1001 :       merge_equiv       |     on     |        on        |        
RUN-1001 :        merge_mux        |    off     |       off        |        
RUN-1001 :     min_control_set     |     8      |        8         |        
RUN-1001 :      min_ripple_len     |    auto    |       auto       |        
RUN-1001 :       oh2bin_ratio      |    0.08    |       0.08       |        
RUN-1001 :     opt_adder_fanout    |     on     |        on        |        
RUN-1001 :        opt_arith        |     on     |        on        |        
RUN-1001 :       opt_big_gate      |    off     |       off        |        
RUN-1001 :        opt_const        |     on     |        on        |        
RUN-1001 :      opt_const_mult     |     on     |        on        |        
RUN-1001 :       opt_lessthan      |     on     |        on        |        
RUN-1001 :         opt_mux         |    off     |       off        |        
RUN-1001 :         opt_ram         |    high    |       high       |        
RUN-1001 :      rtl_sim_model      |    off     |       off        |        
RUN-1001 :         seq_syn         |     on     |        on        |        
RUN-1001 : --------------------------------------------------------------
HDL-1007 : analyze verilog file ../Core/fifo.v
HDL-1007 : analyze verilog file al_ip/pll.v
HDL-1007 : undeclared symbol 'open', assumed default net type 'wire' in al_ip/pll.v(78)
HDL-1007 : analyze verilog file al_ip/can_gate.v
HDL-1007 : undeclared symbol 'open_n2', assumed default net type 'wire' in al_ip/can_gate.v(1233)
HDL-1007 : undeclared symbol 'open_n5', assumed default net type 'wire' in al_ip/can_gate.v(1266)
HDL-1007 : undeclared symbol 'open_n42', assumed default net type 'wire' in al_ip/can_gate.v(6550)
HDL-1007 : undeclared symbol 'open_n45', assumed default net type 'wire' in al_ip/can_gate.v(6555)
HDL-1007 : undeclared symbol 'open_n46', assumed default net type 'wire' in al_ip/can_gate.v(7918)
HDL-1007 : undeclared symbol 'open_n49', assumed default net type 'wire' in al_ip/can_gate.v(7923)
HDL-1007 : undeclared symbol 'open_n50', assumed default net type 'wire' in al_ip/can_gate.v(7986)
HDL-1007 : undeclared symbol 'open_n53', assumed default net type 'wire' in al_ip/can_gate.v(7991)
HDL-1007 : undeclared symbol 'open_n54', assumed default net type 'wire' in al_ip/can_gate.v(8019)
HDL-1007 : undeclared symbol 'open_n57', assumed default net type 'wire' in al_ip/can_gate.v(8024)
HDL-1007 : undeclared symbol 'open_n60', assumed default net type 'wire' in al_ip/can_gate.v(8974)
HDL-1007 : undeclared symbol 'open_n61', assumed default net type 'wire' in al_ip/can_gate.v(8981)
HDL-1007 : undeclared symbol 'open_n62', assumed default net type 'wire' in al_ip/can_gate.v(8988)
HDL-1007 : undeclared symbol 'open_n63', assumed default net type 'wire' in al_ip/can_gate.v(8995)
HDL-1007 : undeclared symbol 'open_n64', assumed default net type 'wire' in al_ip/can_gate.v(9002)
HDL-1007 : undeclared symbol 'open_n65', assumed default net type 'wire' in al_ip/can_gate.v(9009)
HDL-1007 : undeclared symbol 'open_n66', assumed default net type 'wire' in al_ip/can_gate.v(9016)
HDL-1007 : undeclared symbol 'open_n67', assumed default net type 'wire' in al_ip/can_gate.v(9023)
HDL-1007 : undeclared symbol 'open_n68', assumed default net type 'wire' in al_ip/can_gate.v(9030)
HDL-1007 : undeclared symbol 'open_n69', assumed default net type 'wire' in al_ip/can_gate.v(9037)
HDL-1007 : undeclared symbol 'open_n72', assumed default net type 'wire' in al_ip/can_gate.v(9042)
HDL-1007 : undeclared symbol 'open_n73', assumed default net type 'wire' in al_ip/can_gate.v(9049)
HDL-1007 : undeclared symbol 'open_n74', assumed default net type 'wire' in al_ip/can_gate.v(9056)
HDL-1007 : undeclared symbol 'open_n75', assumed default net type 'wire' in al_ip/can_gate.v(9063)
HDL-1007 : undeclared symbol 'open_n76', assumed default net type 'wire' in al_ip/can_gate.v(9070)
HDL-1007 : undeclared symbol 'open_n77', assumed default net type 'wire' in al_ip/can_gate.v(9077)
HDL-1007 : undeclared symbol 'open_n78', assumed default net type 'wire' in al_ip/can_gate.v(9084)
HDL-1007 : undeclared symbol 'open_n79', assumed default net type 'wire' in al_ip/can_gate.v(9091)
HDL-1007 : undeclared symbol 'open_n80', assumed default net type 'wire' in al_ip/can_gate.v(9098)
HDL-1007 : undeclared symbol 'open_n81', assumed default net type 'wire' in al_ip/can_gate.v(9105)
HDL-1007 : undeclared symbol 'open_n82', assumed default net type 'wire' in al_ip/can_gate.v(13126)
HDL-1007 : undeclared symbol 'open_n85', assumed default net type 'wire' in al_ip/can_gate.v(13131)
HDL-1007 : undeclared symbol 'open_n88', assumed default net type 'wire' in al_ip/can_gate.v(13586)
HDL-1007 : undeclared symbol 'open_n89', assumed default net type 'wire' in al_ip/can_gate.v(13621)
HDL-1007 : undeclared symbol 'open_n92', assumed default net type 'wire' in al_ip/can_gate.v(14465)
HDL-1007 : undeclared symbol 'open_n93', assumed default net type 'wire' in al_ip/can_gate.v(14472)
HDL-1007 : undeclared symbol 'open_n94', assumed default net type 'wire' in al_ip/can_gate.v(14479)
HDL-1007 : undeclared symbol 'open_n95', assumed default net type 'wire' in al_ip/can_gate.v(14486)
HDL-1007 : undeclared symbol 'open_n96', assumed default net type 'wire' in al_ip/can_gate.v(14493)
HDL-1007 : undeclared symbol 'open_n97', assumed default net type 'wire' in al_ip/can_gate.v(14500)
HDL-1007 : undeclared symbol 'open_n98', assumed default net type 'wire' in al_ip/can_gate.v(14507)
HDL-1007 : undeclared symbol 'open_n101', assumed default net type 'wire' in al_ip/can_gate.v(14512)
HDL-1007 : undeclared symbol 'open_n102', assumed default net type 'wire' in al_ip/can_gate.v(14519)
HDL-1007 : undeclared symbol 'open_n103', assumed default net type 'wire' in al_ip/can_gate.v(14526)
HDL-1007 : undeclared symbol 'open_n104', assumed default net type 'wire' in al_ip/can_gate.v(14533)
HDL-1007 : undeclared symbol 'open_n105', assumed default net type 'wire' in al_ip/can_gate.v(14540)
HDL-1007 : undeclared symbol 'open_n106', assumed default net type 'wire' in al_ip/can_gate.v(14547)
HDL-1007 : undeclared symbol 'open_n107', assumed default net type 'wire' in al_ip/can_gate.v(14554)
HDL-1007 : undeclared symbol 'open_n110', assumed default net type 'wire' in al_ip/can_gate.v(14559)
HDL-1007 : undeclared symbol 'open_n111', assumed default net type 'wire' in al_ip/can_gate.v(14566)
HDL-1007 : undeclared symbol 'open_n112', assumed default net type 'wire' in al_ip/can_gate.v(14573)
HDL-1007 : undeclared symbol 'open_n113', assumed default net type 'wire' in al_ip/can_gate.v(14580)
HDL-1007 : undeclared symbol 'open_n114', assumed default net type 'wire' in al_ip/can_gate.v(14587)
HDL-1007 : undeclared symbol 'open_n115', assumed default net type 'wire' in al_ip/can_gate.v(14594)
HDL-1007 : undeclared symbol 'open_n116', assumed default net type 'wire' in al_ip/can_gate.v(14601)
HDL-1007 : undeclared symbol 'open_n119', assumed default net type 'wire' in al_ip/can_gate.v(14606)
HDL-1007 : undeclared symbol 'open_n120', assumed default net type 'wire' in al_ip/can_gate.v(14613)
HDL-1007 : undeclared symbol 'open_n121', assumed default net type 'wire' in al_ip/can_gate.v(14620)
HDL-1007 : undeclared symbol 'open_n122', assumed default net type 'wire' in al_ip/can_gate.v(14627)
HDL-1007 : undeclared symbol 'open_n123', assumed default net type 'wire' in al_ip/can_gate.v(14634)
HDL-1007 : undeclared symbol 'open_n124', assumed default net type 'wire' in al_ip/can_gate.v(14641)
HDL-1007 : undeclared symbol 'open_n125', assumed default net type 'wire' in al_ip/can_gate.v(14648)
HDL-1007 : undeclared symbol 'open_n128', assumed default net type 'wire' in al_ip/can_gate.v(14822)
HDL-1007 : undeclared symbol 'open_n129', assumed default net type 'wire' in al_ip/can_gate.v(14857)
HDL-1007 : undeclared symbol 'open_n132', assumed default net type 'wire' in al_ip/can_gate.v(14862)
HDL-1007 : undeclared symbol 'open_n133', assumed default net type 'wire' in al_ip/can_gate.v(14897)
HDL-1007 : analyze verilog file ../Src/top.v
HDL-1007 : undeclared symbol 'clk', assumed default net type 'wire' in ../Src/top.v(58)
HDL-1007 : undeclared symbol 'valid', assumed default net type 'wire' in ../Src/top.v(70)
HDL-1007 : undeclared symbol 'data_vld', assumed default net type 'wire' in ../Src/top.v(81)
HDL-1007 : undeclared symbol 'adc_en', assumed default net type 'wire' in ../Src/top.v(91)
HDL-1007 : undeclared symbol 'data_en', assumed default net type 'wire' in ../Src/top.v(98)
HDL-1007 : undeclared symbol 'fifo_working', assumed default net type 'wire' in ../Src/top.v(115)
HDL-1007 : undeclared symbol 'key', assumed default net type 'wire' in ../Src/top.v(125)
HDL-1007 : undeclared symbol 'condition', assumed default net type 'wire' in ../Src/top.v(129)
HDL-1007 : analyze verilog file ../Src/uart_rx.v
HDL-1007 : analyze verilog file ../Src/uart_tx.v
HDL-1007 : analyze verilog file ../Src/adc_ctrl.v
HDL-1007 : analyze verilog file ../Src/type_choice.v
HDL-1007 : analyze verilog file ../Src/fifo_ctrl.v
HDL-1007 : undeclared symbol 'empty_flag', assumed default net type 'wire' in ../Src/fifo_ctrl.v(178)
HDL-1007 : analyze verilog file ../Src/anjian.v
HDL-8007 ERROR: cannot find port 'condition' on this module in ../Src/top.v(129)
HDL-8007 ERROR: cannot find port 'fifo_working' on this module in ../Src/top.v(131)
RUN-1002 : start command "import_device eagle_s20.db -package EG4S20NG88"
RUN-1001 : reset_run syn_1 phy_1.
ARC-1001 : Device Initialization.
ARC-1001 : ---------------------------------------------------------------
ARC-1001 :            OPTION            |        IO         |   SETTING   
ARC-1001 : ---------------------------------------------------------------
ARC-1001 :   cso_b/cclk/mosi/miso/dout  |  P69/P82/P81/P80  |    gpio    
ARC-1001 :             done             |        P8         |    gpio    
ARC-1001 :           program_b          |        P67        |  dedicate  
ARC-1001 :        tdi/tms/tck/tdo       |  P25/P22/P26/P21  |  dedicate  
ARC-1001 : ---------------------------------------------------------------
ARC-1004 : Device setting, marked 5 dedicate IOs in total.
HDL-8007 ERROR: cannot find port 'condition' on this module in ../Src/top.v(129)
HDL-8007 ERROR: cannot find port 'fifo_working' on this module in ../Src/top.v(131)
RUN-1001 : Print Global Property
RUN-1001 : ---------------------------------------------------------------
RUN-1001 :        Parameters        |  Settings  |  Default Values  |  Note  
RUN-1001 : ---------------------------------------------------------------
RUN-1001 :          message         |  standard  |     standard     |        
RUN-1001 :   mixed_pack_place_flow  |     on     |        on        |        
RUN-1001 :        syn_ip_flow       |    off     |       off        |        
RUN-1001 :          thread          |    auto    |       auto       |        
RUN-1001 : ---------------------------------------------------------------
RUN-1001 : Print Design Property
RUN-1001 : --------------------------------------------------------------
RUN-1001 :        Parameters       |  Settings  |  Default Values  |  Note  
RUN-1001 : --------------------------------------------------------------
RUN-1001 :   default_reg_initial   |    auto    |       auto       |        
RUN-1001 :        infer_add        |     on     |        on        |        
RUN-1001 :        infer_fsm        |    off     |       off        |        
RUN-1001 :        infer_mult       |     on     |        on        |        
RUN-1001 :        infer_ram        |     on     |        on        |        
RUN-1001 :        infer_reg        |     on     |        on        |        
RUN-1001 :   infer_reg_init_value  |     on     |        on        |        
RUN-1001 :        infer_rom        |     on     |        on        |        
RUN-1001 :      infer_shifter      |     on     |        on        |        
RUN-1001 : --------------------------------------------------------------
RUN-1001 : Print Rtl Property
RUN-1001 : --------------------------------------------------------------
RUN-1001 :        Parameters       |  Settings  |  Default Values  |  Note  
RUN-1001 : --------------------------------------------------------------
RUN-1001 :       compress_add      |   ripple   |      ripple      |        
RUN-1001 :        elf_sload        |    off     |       off        |        
RUN-1001 :       fix_undriven      |     0      |        0         |        
RUN-1001 :         flatten         |    off     |       off        |        
RUN-1001 :       gate_sharing      |     on     |        on        |        
RUN-1001 :    hdl_warning_level    |   normal   |      normal      |        
RUN-1001 :   impl_internal_tribuf  |     on     |        on        |        
RUN-1001 :      impl_set_reset     |     on     |        on        |        
RUN-1001 :        infer_gsr        |    off     |       off        |        
RUN-1001 :      keep_hierarchy     |    auto    |       auto       |        
RUN-1001 :        max_fanout       |    9999    |       9999       |        
RUN-1001 :      max_oh2bin_len     |     10     |        10        |        
RUN-1001 :       merge_equal       |     on     |        on        |        
RUN-1001 :       merge_equiv       |     on     |        on        |        
RUN-1001 :        merge_mux        |    off     |       off        |        
RUN-1001 :     min_control_set     |     8      |        8         |        
RUN-1001 :      min_ripple_len     |    auto    |       auto       |        
RUN-1001 :       oh2bin_ratio      |    0.08    |       0.08       |        
RUN-1001 :     opt_adder_fanout    |     on     |        on        |        
RUN-1001 :        opt_arith        |     on     |        on        |        
RUN-1001 :       opt_big_gate      |    off     |       off        |        
RUN-1001 :        opt_const        |     on     |        on        |        
RUN-1001 :      opt_const_mult     |     on     |        on        |        
RUN-1001 :       opt_lessthan      |     on     |        on        |        
RUN-1001 :         opt_mux         |    off     |       off        |        
RUN-1001 :         opt_ram         |    high    |       high       |        
RUN-1001 :      rtl_sim_model      |    off     |       off        |        
RUN-1001 :         seq_syn         |     on     |        on        |        
RUN-1001 : --------------------------------------------------------------
HDL-1007 : analyze verilog file ../Core/fifo.v
HDL-1007 : analyze verilog file al_ip/pll.v
HDL-1007 : undeclared symbol 'open', assumed default net type 'wire' in al_ip/pll.v(78)
HDL-1007 : analyze verilog file ../Src/top.v
HDL-1007 : undeclared symbol 'clk', assumed default net type 'wire' in ../Src/top.v(58)
HDL-1007 : undeclared symbol 'valid', assumed default net type 'wire' in ../Src/top.v(70)
HDL-1007 : undeclared symbol 'data_vld', assumed default net type 'wire' in ../Src/top.v(81)
HDL-1007 : undeclared symbol 'adc_en', assumed default net type 'wire' in ../Src/top.v(91)
HDL-1007 : undeclared symbol 'data_en', assumed default net type 'wire' in ../Src/top.v(98)
HDL-1007 : undeclared symbol 'fifo_working', assumed default net type 'wire' in ../Src/top.v(115)
HDL-1007 : undeclared symbol 'key', assumed default net type 'wire' in ../Src/top.v(125)
HDL-1007 : undeclared symbol 'condition', assumed default net type 'wire' in ../Src/top.v(129)
HDL-1007 : analyze verilog file ../Src/uart_rx.v
HDL-1007 : analyze verilog file ../Src/uart_tx.v
HDL-1007 : analyze verilog file ../Src/adc_ctrl.v
HDL-1007 : analyze verilog file ../Src/type_choice.v
HDL-1007 : analyze verilog file ../Src/fifo_ctrl.v
HDL-1007 : undeclared symbol 'empty_flag', assumed default net type 'wire' in ../Src/fifo_ctrl.v(178)
HDL-1007 : analyze verilog file ../Src/anjian.v
HDL-8007 ERROR: cannot find port 'condition' on this module in ../Src/top.v(129)
HDL-8007 ERROR: cannot find port 'fifo_working' on this module in ../Src/top.v(131)
RUN-1001 : Print Global Property
RUN-1001 : ---------------------------------------------------------------
RUN-1001 :        Parameters        |  Settings  |  Default Values  |  Note  
RUN-1001 : ---------------------------------------------------------------
RUN-1001 :          message         |  standard  |     standard     |        
RUN-1001 :   mixed_pack_place_flow  |     on     |        on        |        
RUN-1001 :        syn_ip_flow       |    off     |       off        |        
RUN-1001 :          thread          |    auto    |       auto       |        
RUN-1001 : ---------------------------------------------------------------
RUN-1001 : Print Design Property
RUN-1001 : --------------------------------------------------------------
RUN-1001 :        Parameters       |  Settings  |  Default Values  |  Note  
RUN-1001 : --------------------------------------------------------------
RUN-1001 :   default_reg_initial   |    auto    |       auto       |        
RUN-1001 :        infer_add        |     on     |        on        |        
RUN-1001 :        infer_fsm        |    off     |       off        |        
RUN-1001 :        infer_mult       |     on     |        on        |        
RUN-1001 :        infer_ram        |     on     |        on        |        
RUN-1001 :        infer_reg        |     on     |        on        |        
RUN-1001 :   infer_reg_init_value  |     on     |        on        |        
RUN-1001 :        infer_rom        |     on     |        on        |        
RUN-1001 :      infer_shifter      |     on     |        on        |        
RUN-1001 : --------------------------------------------------------------
RUN-1001 : Print Rtl Property
RUN-1001 : --------------------------------------------------------------
RUN-1001 :        Parameters       |  Settings  |  Default Values  |  Note  
RUN-1001 : --------------------------------------------------------------
RUN-1001 :       compress_add      |   ripple   |      ripple      |        
RUN-1001 :        elf_sload        |    off     |       off        |        
RUN-1001 :       fix_undriven      |     0      |        0         |        
RUN-1001 :         flatten         |    off     |       off        |        
RUN-1001 :       gate_sharing      |     on     |        on        |        
RUN-1001 :    hdl_warning_level    |   normal   |      normal      |        
RUN-1001 :   impl_internal_tribuf  |     on     |        on        |        
RUN-1001 :      impl_set_reset     |     on     |        on        |        
RUN-1001 :        infer_gsr        |    off     |       off        |        
RUN-1001 :      keep_hierarchy     |    auto    |       auto       |        
RUN-1001 :        max_fanout       |    9999    |       9999       |        
RUN-1001 :      max_oh2bin_len     |     10     |        10        |        
RUN-1001 :       merge_equal       |     on     |        on        |        
RUN-1001 :       merge_equiv       |     on     |        on        |        
RUN-1001 :        merge_mux        |    off     |       off        |        
RUN-1001 :     min_control_set     |     8      |        8         |        
RUN-1001 :      min_ripple_len     |    auto    |       auto       |        
RUN-1001 :       oh2bin_ratio      |    0.08    |       0.08       |        
RUN-1001 :     opt_adder_fanout    |     on     |        on        |        
RUN-1001 :        opt_arith        |     on     |        on        |        
RUN-1001 :       opt_big_gate      |    off     |       off        |        
RUN-1001 :        opt_const        |     on     |        on        |        
RUN-1001 :      opt_const_mult     |     on     |        on        |        
RUN-1001 :       opt_lessthan      |     on     |        on        |        
RUN-1001 :         opt_mux         |    off     |       off        |        
RUN-1001 :         opt_ram         |    high    |       high       |        
RUN-1001 :      rtl_sim_model      |    off     |       off        |        
RUN-1001 :         seq_syn         |     on     |        on        |        
RUN-1001 : --------------------------------------------------------------
HDL-1007 : analyze verilog file ../Core/fifo.v
HDL-1007 : analyze verilog file al_ip/pll.v
HDL-1007 : undeclared symbol 'open', assumed default net type 'wire' in al_ip/pll.v(78)
HDL-1007 : analyze verilog file ../Src/top.v
HDL-1007 : undeclared symbol 'clk', assumed default net type 'wire' in ../Src/top.v(58)
HDL-1007 : undeclared symbol 'valid', assumed default net type 'wire' in ../Src/top.v(70)
HDL-1007 : undeclared symbol 'data_vld', assumed default net type 'wire' in ../Src/top.v(81)
HDL-1007 : undeclared symbol 'adc_en', assumed default net type 'wire' in ../Src/top.v(91)
HDL-1007 : undeclared symbol 'data_en', assumed default net type 'wire' in ../Src/top.v(98)
HDL-1007 : undeclared symbol 'fifo_working', assumed default net type 'wire' in ../Src/top.v(115)
HDL-1007 : undeclared symbol 'key', assumed default net type 'wire' in ../Src/top.v(125)
HDL-1007 : undeclared symbol 'condition', assumed default net type 'wire' in ../Src/top.v(129)
HDL-1007 : analyze verilog file ../Src/uart_rx.v
HDL-1007 : analyze verilog file ../Src/uart_tx.v
HDL-1007 : analyze verilog file ../Src/adc_ctrl.v
HDL-1007 : analyze verilog file ../Src/type_choice.v
HDL-1007 : analyze verilog file ../Src/fifo_ctrl.v
HDL-1007 : undeclared symbol 'empty_flag', assumed default net type 'wire' in ../Src/fifo_ctrl.v(178)
HDL-1007 : analyze verilog file ../Src/anjian.v
HDL-8007 ERROR: cannot find port 'condition' on this module in ../Src/top.v(129)
HDL-8007 ERROR: cannot find port 'fifo_working' on this module in ../Src/top.v(131)
RUN-1001 : launch_runs syn_1 phy_1  -jobs 6.
RUN-6001 WARNING: syn_1: run failed.
RUN-1001 : Print Global Property
RUN-1001 : ---------------------------------------------------------------
RUN-1001 :        Parameters        |  Settings  |  Default Values  |  Note  
RUN-1001 : ---------------------------------------------------------------
RUN-1001 :          message         |  standard  |     standard     |        
RUN-1001 :   mixed_pack_place_flow  |     on     |        on        |        
RUN-1001 :        syn_ip_flow       |    off     |       off        |        
RUN-1001 :          thread          |    auto    |       auto       |        
RUN-1001 : ---------------------------------------------------------------
RUN-1001 : Print Design Property
RUN-1001 : --------------------------------------------------------------
RUN-1001 :        Parameters       |  Settings  |  Default Values  |  Note  
RUN-1001 : --------------------------------------------------------------
RUN-1001 :   default_reg_initial   |    auto    |       auto       |        
RUN-1001 :        infer_add        |     on     |        on        |        
RUN-1001 :        infer_fsm        |    off     |       off        |        
RUN-1001 :        infer_mult       |     on     |        on        |        
RUN-1001 :        infer_ram        |     on     |        on        |        
RUN-1001 :        infer_reg        |     on     |        on        |        
RUN-1001 :   infer_reg_init_value  |     on     |        on        |        
RUN-1001 :        infer_rom        |     on     |        on        |        
RUN-1001 :      infer_shifter      |     on     |        on        |        
RUN-1001 : --------------------------------------------------------------
RUN-1001 : Print Rtl Property
RUN-1001 : --------------------------------------------------------------
RUN-1001 :        Parameters       |  Settings  |  Default Values  |  Note  
RUN-1001 : --------------------------------------------------------------
RUN-1001 :       compress_add      |   ripple   |      ripple      |        
RUN-1001 :        elf_sload        |    off     |       off        |        
RUN-1001 :       fix_undriven      |     0      |        0         |        
RUN-1001 :         flatten         |    off     |       off        |        
RUN-1001 :       gate_sharing      |     on     |        on        |        
RUN-1001 :    hdl_warning_level    |   normal   |      normal      |        
RUN-1001 :   impl_internal_tribuf  |     on     |        on        |        
RUN-1001 :      impl_set_reset     |     on     |        on        |        
RUN-1001 :        infer_gsr        |    off     |       off        |        
RUN-1001 :      keep_hierarchy     |    auto    |       auto       |        
RUN-1001 :        max_fanout       |    9999    |       9999       |        
RUN-1001 :      max_oh2bin_len     |     10     |        10        |        
RUN-1001 :       merge_equal       |     on     |        on        |        
RUN-1001 :       merge_equiv       |     on     |        on        |        
RUN-1001 :        merge_mux        |    off     |       off        |        
RUN-1001 :     min_control_set     |     8      |        8         |        
RUN-1001 :      min_ripple_len     |    auto    |       auto       |        
RUN-1001 :       oh2bin_ratio      |    0.08    |       0.08       |        
RUN-1001 :     opt_adder_fanout    |     on     |        on        |        
RUN-1001 :        opt_arith        |     on     |        on        |        
RUN-1001 :       opt_big_gate      |    off     |       off        |        
RUN-1001 :        opt_const        |     on     |        on        |        
RUN-1001 :      opt_const_mult     |     on     |        on        |        
RUN-1001 :       opt_lessthan      |     on     |        on        |        
RUN-1001 :         opt_mux         |    off     |       off        |        
RUN-1001 :         opt_ram         |    high    |       high       |        
RUN-1001 :      rtl_sim_model      |    off     |       off        |        
RUN-1001 :         seq_syn         |     on     |        on        |        
RUN-1001 : --------------------------------------------------------------
HDL-1007 : analyze verilog file ../Core/fifo.v
HDL-1007 : analyze verilog file al_ip/pll.v
HDL-1007 : undeclared symbol 'open', assumed default net type 'wire' in al_ip/pll.v(78)
HDL-1007 : analyze verilog file ../Src/top.v
HDL-1007 : undeclared symbol 'clk', assumed default net type 'wire' in ../Src/top.v(58)
HDL-1007 : undeclared symbol 'valid', assumed default net type 'wire' in ../Src/top.v(70)
HDL-1007 : undeclared symbol 'data_vld', assumed default net type 'wire' in ../Src/top.v(81)
HDL-1007 : undeclared symbol 'adc_en', assumed default net type 'wire' in ../Src/top.v(91)
HDL-1007 : undeclared symbol 'data_en', assumed default net type 'wire' in ../Src/top.v(98)
HDL-1007 : undeclared symbol 'fifo_working', assumed default net type 'wire' in ../Src/top.v(115)
HDL-1007 : undeclared symbol 'key', assumed default net type 'wire' in ../Src/top.v(125)
HDL-1007 : analyze verilog file ../Src/uart_rx.v
HDL-1007 : analyze verilog file ../Src/uart_tx.v
HDL-1007 : analyze verilog file ../Src/adc_ctrl.v
HDL-1007 : analyze verilog file ../Src/type_choice.v
HDL-1007 : analyze verilog file ../Src/fifo_ctrl.v
HDL-1007 : undeclared symbol 'empty_flag', assumed default net type 'wire' in ../Src/fifo_ctrl.v(178)
HDL-1007 : analyze verilog file ../Src/anjian.v
RUN-1001 : reset_run syn_1 phy_1.
RUN-1001 : launch_runs syn_1 phy_1  -jobs 6.
RUN-1001 : syn_1: run complete.
RUN-1001 : phy_1: run complete.
RUN-1001 : open_run phy_1.
RUN-1002 : start command "import_db G:/wangjiaqi/Prj/adc_Runs/phy_1/adc_pr.db"
RUN-1001 : Importing database generated by Tang Dynasty, V5.6.55365.
RUN-1001 : Database version number 46140.
RUN-1001 : Import flow parameters
PHY-1001 : Generate detailed routing grids ...
PHY-1001 : Generate nets ...
PHY-1001 : net clk_in_dup_3 will be routed on clock mesh
PHY-1001 : clock net adc/clk_adc_syn_4 will be merged with clock adc/clk_adc
PHY-1001 : net fifo_list/fifo_list/ram_inst/clkb will be routed on clock mesh
PHY-1001 : clock net pll_list/clk0_out will be merged with clock pll_list/clk0_buf
PHY-1001 : eco open net = 0
PHY-1001 : 5 feed throughs used by 5 nets
RUN-1001 : Import timing constraints
RUN-1001 : Import IO constraints
RUN-1001 : Import Inst constraints
RUN-1001 : Import design success TD_VERSION=5.6.55365 , DB_VERSION=46140
RUN-1003 : finish command "import_db G:/wangjiaqi/Prj/adc_Runs/phy_1/adc_pr.db" in  5.143411s wall, 4.359375s user + 0.109375s system = 4.468750s CPU (86.9%)

RUN-1004 : used memory is 637 MB, reserved memory is 580 MB, peak memory is 644 MB
RUN-1002 : start command "report_timing"
RUN-1002 : start command "start_timer"
RUN-1002 : start command "end_timer"
GUI-1001 : User opens ChipWatcher ...
RUN-1001 : reset_run syn_1 phy_1.
RUN-1001 : launch_runs syn_1 phy_1  -jobs 6.
RUN-1001 : syn_1: run complete.
RUN-1001 : phy_1: run complete.
RUN-1001 : open_run phy_1.
RUN-1002 : start command "import_db G:/wangjiaqi/Prj/adc_Runs/phy_1/adc_pr.db"
RUN-1001 : Importing database generated by Tang Dynasty, V5.6.55365.
RUN-1001 : Database version number 46140.
RUN-1001 : Import flow parameters
PHY-1001 : Generate detailed routing grids ...
PHY-1001 : Generate nets ...
PHY-1001 : net clk_in_dup_3 will be routed on clock mesh
PHY-1001 : clock net adc/clk_adc_syn_6 will be merged with clock adc/clk_adc
PHY-1001 : net fifo_list/fifo_list/ram_inst/clkb will be routed on clock mesh
PHY-1001 : clock net pll_list/clk0_out will be merged with clock pll_list/clk0_buf
PHY-1001 : clock net config_inst_syn_10 will be merged with clock config_inst_syn_9
PHY-1001 : eco open net = 0
PHY-1001 : 6 feed throughs used by 5 nets
RUN-1001 : Import timing constraints
RUN-1001 : Import IO constraints
RUN-1001 : Import Inst constraints
RUN-1001 : Import ChipWatcher
RUN-1001 : Import design success TD_VERSION=5.6.55365 , DB_VERSION=46140
RUN-1003 : finish command "import_db G:/wangjiaqi/Prj/adc_Runs/phy_1/adc_pr.db" in  1.779519s wall, 1.625000s user + 0.078125s system = 1.703125s CPU (95.7%)

RUN-1004 : used memory is 665 MB, reserved memory is 606 MB, peak memory is 673 MB
RUN-1002 : start command "report_timing"
RUN-1002 : start command "start_timer"
RUN-1002 : start command "end_timer"
GUI-8501 ERROR: Bit file code (0000000000000000) does not match with the ChipWatcher's (0101101010100000).
GUI-8501 ERROR: Bit file code (0000000000000000) does not match with the ChipWatcher's (0101101010100000).
GUI-8501 ERROR: Bit file code (0000000000000000) does not match with the ChipWatcher's (0101101010100000).
GUI-8501 ERROR: Bit file code (0000000000000000) does not match with the ChipWatcher's (0101101010100000).
GUI-8501 ERROR: Bit file code (0000000000000000) does not match with the ChipWatcher's (0101101010100000).
RUN-1002 : start command "download -bit adc_Runs/phy_1/adc.bit -mode jtag_burst -spd 7 -cable 0 -total_dev 1 -cur_dev 1"
PRG-9505 ERROR: USB device open error, please re-connect the USB cable!
PRG-9505 ERROR: USB device open error, please re-connect the USB cable!
PRG-9525 ERROR: Chip validation failed! Please check the connection or type of chip!
GUI-8702 ERROR: Downloading failed!
RUN-1002 : start command "download -bit adc_Runs/phy_1/adc.bit -mode jtag_burst -spd 7 -cable 0 -total_dev 1 -cur_dev 1"
PRG-9505 ERROR: USB device open error, please re-connect the USB cable!
PRG-9505 ERROR: USB device open error, please re-connect the USB cable!
PRG-9525 ERROR: Chip validation failed! Please check the connection or type of chip!
GUI-8702 ERROR: Downloading failed!
GUI-8501 ERROR: Bit file code (0000000000000000) does not match with the ChipWatcher's (0101101010100000).
GUI-8501 ERROR: Bit file code (0000000000000000) does not match with the ChipWatcher's (0101101010100000).
GUI-8501 ERROR: Bit file code (0000000000000000) does not match with the ChipWatcher's (0101101010100000).
GUI-8501 ERROR: Bit file code (0000000000000000) does not match with the ChipWatcher's (0101101010100000).
GUI-8501 ERROR: Bit file code (0000000000000000) does not match with the ChipWatcher's (0101101010100000).
RUN-1002 : start command "download -bit adc_Runs/phy_1/adc.bit -mode jtag_burst -spd 7 -cable 0 -total_dev 1 -cur_dev 1"
PRG-2014 : Chip validation success: EAGLE_S20_QFN88
RUN-1002 : start command "bit_to_vec -chip EAGLE_S20_QFN88 -m jtag_burst -freq 4 -bit adc_Runs/phy_1/adc.bit"
RUN-1002 : start command "program -cable 0 -mode svf -spd 7 -p"
RUN-1003 : finish command "program -cable 0 -mode svf -spd 7 -p" in  6.693551s wall, 0.031250s user + 0.031250s system = 0.062500s CPU (0.9%)

RUN-1004 : used memory is 666 MB, reserved memory is 606 MB, peak memory is 685 MB
RUN-1003 : finish command "download -bit adc_Runs/phy_1/adc.bit -mode jtag_burst -spd 7 -cable 0 -total_dev 1 -cur_dev 1" in  7.009657s wall, 0.140625s user + 0.031250s system = 0.171875s CPU (2.5%)

RUN-1004 : used memory is 666 MB, reserved memory is 606 MB, peak memory is 685 MB
GUI-1001 : Download success!
GUI-1001 : User closes ChipWatcher ...
RUN-1002 : start command "config_chipwatcher -sync ../Debug/adc.cwc -dir "
KIT-1004 : ChipWatcher: import watcher inst auto_chipwatcher_0 completed, there are 1 view nodes, 1 trigger nets, 1 data nets.
GUI-1001 : Import ../Debug/adc.cwc success!
PRG-9505 ERROR: USB device open error, please re-connect the USB cable!
GUI-1001 : User opens ChipWatcher ...
GUI-8501 ERROR: Bit file code (0000000000000000) does not match with the ChipWatcher's (0101101010100000).
GUI-8501 ERROR: Bit file code (0000000000000000) does not match with the ChipWatcher's (0101101010100000).
GUI-8501 ERROR: Bit file code (0000000000000000) does not match with the ChipWatcher's (0101101010100000).
GUI-8501 ERROR: Bit file code (0000000000000000) does not match with the ChipWatcher's (0101101010100000).
GUI-8501 ERROR: Bit file code (0000000000000000) does not match with the ChipWatcher's (0101101010100000).
RUN-1002 : start command "download -bit adc_Runs/phy_1/adc.bit -mode jtag_burst -spd 7 -cable 0 -total_dev 1 -cur_dev 1"
PRG-2014 : Chip validation success: EAGLE_S20_QFN88
RUN-1002 : start command "bit_to_vec -chip EAGLE_S20_QFN88 -m jtag_burst -freq 4 -bit adc_Runs/phy_1/adc.bit"
RUN-1002 : start command "program -cable 0 -mode svf -spd 7 -p"
RUN-1003 : finish command "program -cable 0 -mode svf -spd 7 -p" in  6.665475s wall, 0.046875s user + 0.078125s system = 0.125000s CPU (1.9%)

RUN-1004 : used memory is 669 MB, reserved memory is 608 MB, peak memory is 687 MB
RUN-1003 : finish command "download -bit adc_Runs/phy_1/adc.bit -mode jtag_burst -spd 7 -cable 0 -total_dev 1 -cur_dev 1" in  6.993639s wall, 0.156250s user + 0.078125s system = 0.234375s CPU (3.4%)

RUN-1004 : used memory is 669 MB, reserved memory is 608 MB, peak memory is 687 MB
GUI-1001 : Download success!
GUI-1001 : User closes ChipWatcher ...
RUN-1002 : start command "config_chipwatcher -sync ../Debug/adc.cwc -dir "
KIT-1004 : ChipWatcher: import watcher inst auto_chipwatcher_0 completed, there are 1 view nodes, 1 trigger nets, 1 data nets.
GUI-1001 : Import ../Debug/adc.cwc success!
PRG-9505 ERROR: USB device open error, please re-connect the USB cable!
GUI-1001 : User opens ChipWatcher ...
GUI-8501 ERROR: Bit file code (0000000000000000) does not match with the ChipWatcher's (0101101010100000).
GUI-8501 ERROR: Bit file code (0000000000000000) does not match with the ChipWatcher's (0101101010100000).
RUN-1002 : start command "download -bit adc_Runs/phy_1/adc.bit -mode jtag_burst -spd 7 -cable 0 -total_dev 1 -cur_dev 1"
PRG-2014 : Chip validation success: EAGLE_S20_QFN88
RUN-1002 : start command "bit_to_vec -chip EAGLE_S20_QFN88 -m jtag_burst -freq 4 -bit adc_Runs/phy_1/adc.bit"
RUN-1002 : start command "program -cable 0 -mode svf -spd 7 -p"
RUN-1003 : finish command "program -cable 0 -mode svf -spd 7 -p" in  6.693942s wall, 0.062500s user + 0.046875s system = 0.109375s CPU (1.6%)

RUN-1004 : used memory is 669 MB, reserved memory is 608 MB, peak memory is 687 MB
RUN-1003 : finish command "download -bit adc_Runs/phy_1/adc.bit -mode jtag_burst -spd 7 -cable 0 -total_dev 1 -cur_dev 1" in  7.013148s wall, 0.156250s user + 0.062500s system = 0.218750s CPU (3.1%)

RUN-1004 : used memory is 669 MB, reserved memory is 608 MB, peak memory is 687 MB
GUI-1001 : Download success!
GUI-1001 : User closes ChipWatcher ...
