============================================================
   Tang Dynasty, V5.6.55365
   Copyright (c) 2012-2022 Anlogic
   Executable = C:/Anlogic/TD5.6.55365/bin/td.exe
   Built at =   15:38:32 Jul 11 2022
   Run by =     shaka
   Run Date =   Thu Mar 16 11:08:50 2023

   Run on =     BR007
============================================================
RUN-1001 : open_run phy_1.
RUN-1002 : start command "import_db G:/wangjiaqi/Prj/adc_Runs/phy_1/adc_pr.db"
RUN-1001 : Importing database generated by Tang Dynasty, V5.6.55365.
RUN-1001 : Database version number 46140.
RUN-1001 : Import flow parameters
PHY-1001 : Generate detailed routing grids ...
PHY-1001 : Generate nets ...
PHY-1001 : net clk_in_dup_3 will be routed on clock mesh
PHY-1001 : clock net adc/clk_adc_syn_6 will be merged with clock adc/clk_adc
PHY-1001 : net fifo_list/fifo_list/ram_inst/clkb will be routed on clock mesh
PHY-1001 : clock net pll_list/clk0_out will be merged with clock pll_list/clk0_buf
PHY-1001 : clock net config_inst_syn_10 will be merged with clock config_inst_syn_9
PHY-1001 : eco open net = 0
PHY-1001 : 6 feed throughs used by 5 nets
RUN-1001 : Import timing constraints
RUN-1001 : Import IO constraints
RUN-1001 : Import Inst constraints
RUN-1001 : Import ChipWatcher
RUN-1001 : Import design success TD_VERSION=5.6.55365 , DB_VERSION=46140
RUN-1003 : finish command "import_db G:/wangjiaqi/Prj/adc_Runs/phy_1/adc_pr.db" in  5.387684s wall, 4.390625s user + 0.093750s system = 4.484375s CPU (83.2%)

RUN-1004 : used memory is 501 MB, reserved memory is 470 MB, peak memory is 535 MB
RUN-1002 : start command "report_timing"
RUN-1002 : start command "start_timer"
RUN-1002 : start command "end_timer"
RUN-1002 : start command "config_chipwatcher -sync ../Debug/adc.cwc -dir "
KIT-1004 : ChipWatcher: import watcher inst auto_chipwatcher_0 completed, there are 1 view nodes, 1 trigger nets, 1 data nets.
GUI-1001 : Import ../Debug/adc.cwc success!
PRG-9505 ERROR: USB device open error, please re-connect the USB cable!
GUI-1001 : User opens ChipWatcher ...
GUI-8501 ERROR: Bit file code (0000000000000000) does not match with the ChipWatcher's (0101101010100000).
