============================================================
   Tang Dynasty, V5.6.69102
      Copyright (c) 2012-2023 Anlogic Inc.
   Executable = C:/Anlogic/TD5.6.6910.2/bin/td.exe
   Built at =   20:14:16 Feb 16 2023
   Run by =     shaka
   Run Date =   Tue Feb 28 15:52:56 2023

   Run on =     BR007
============================================================
HDL-1007 : analyze verilog file ../Src/type_choice.v
GUI-5005 WARNING: Unknown file icon ...
HDL-1007 : analyze verilog file ../Src/type_choice.v
HDL-5007 WARNING: 'start' is not declared in ../Src/type_choice.v(43)
HDL-5007 WARNING: 'start' is not declared in ../Src/type_choice.v(43)
HDL-1007 : analyze verilog file ../Src/uart_rx.v
HDL-5007 WARNING: 'start' is not declared in ../Src/type_choice.v(43)
RUN-1001 : reset_run syn_1 phy_1.
RUN-1001 : launch_runs syn_1 phy_1  -jobs 6.
RUN-6001 WARNING: syn_1: run failed.
HDL-1007 : analyze verilog file ../Src/type_choice.v
RUN-1001 : reset_run syn_1 phy_1.
RUN-1001 : launch_runs syn_1 phy_1  -jobs 6.
RUN-6001 WARNING: syn_1: run failed.
HDL-1007 : analyze verilog file ../Src/type_choice.v
RUN-1001 : reset_run syn_1 phy_1.
RUN-1001 : launch_runs syn_1 phy_1  -jobs 6.
RUN-6001 WARNING: syn_1: run failed.
RUN-1001 : open_run syn_1.
RUN-1002 : start command "import_db G:/wangjiaqi/Prj/adc_Runs/syn_1/adc_rtl.db"
RUN-1001 : Importing database generated by Tang Dynasty, V5.6.69102.
RUN-1001 : Database version number 46146.
RUN-1001 : Import flow parameters
RUN-1001 : Import IO constraints
RUN-1001 : Import Inst constraints
RUN-1001 : Import design success TD_VERSION=5.6.69102 , DB_VERSION=46146
