=========================================================================================================
Auto created by Tang Dynasty v5.6.55365
Copyright (c) 2012-2022 Anlogic
Thu Mar 16 16:15:45 2023
=========================================================================================================


Top Model:                top                                                             
Device:                   eagle_s20                                                       
Timing Constraint File:                                                                   
STA Level:                Detail                                                          
Speed Grade:              NA                                                              

=========================================================================================================
Timing summary:                                                                           
---------------------------------------------------------------------------------------------------------
Constraint path number: 0 (STA coverage = 0.00%)
Timing violations: 0 setup errors, and 0 hold errors.
Minimal setup slack: infinity, minimal hold slack: infinity

Timing group statistics: 
	Clock constraints: 
	  No constraint path
	Minimum input arrival time before clock: no constraint path
	Maximum output required time after clock: no constraint path
	Maximum combinational path delay: no constraint path


Warning: No clock constraint on 5 clock net(s): 
	adc/clk_adc_syn_6
	clk_in_dup_3
	config_inst_syn_10
	fifo_list/fifo_list/ram_inst/clkb
	pll_list/clk0_out

---------------------------------------------------------------------------------------------------------
